#
# A fatal error has been detected by the Java Runtime Environment:
#
#  SIGSEGV (0xb) at pc=0x00007f849777c872, pid=8370, tid=0x00007f84db06e700
#
# JRE version: Java(TM) SE Runtime Environment (8.0_331-b09) (build 1.8.0_331-b09)
# Java VM: Java HotSpot(TM) 64-Bit Server VM (25.331-b09 mixed mode linux-amd64 compressed oops)
# Problematic frame:
# C  [libpjsua.so.2+0x17872]  pjsua_acc_add+0x262
#
# Failed to write core dump. Core dumps have been disabled. To enable core dumping, try "ulimit -c unlimited" before starting Java again
#
# If you would like to submit a bug report, please visit:
#   http://bugreport.java.com/bugreport/crash.jsp
# The crash happened outside the Java Virtual Machine in native code.
# See problematic frame for where to report the bug.
#

---------------  T H R E A D  ---------------

Current thread (0x00007f84d400a800):  JavaThread "main" [_thread_in_native, id=8374, stack(0x00007f84daf6f000,0x00007f84db06f000)]

siginfo: si_signo: 11 (SIGSEGV), si_code: 1 (SEGV_MAPERR), si_addr: 0x0000000000000008

Registers:
RAX=0x0000000000000008, RBX=0x00007f84977b78e0, RCX=0x0000000000000000, RDX=0x0000000000000000
RSP=0x00007f84db06c450, RBP=0x0000000000000000, RSI=0x0000000000000000, RDI=0x00007f84977c42f0
R8 =0x00007f84db06c2dc, R9 =0x0000000000000000, R10=0x00007f84bc0118ac, R11=0x00007f84dc3446e0
R12=0x00007f84977b78e0, R13=0x00007f84d933b670, R14=0x0000000000000000, R15=0x0000000000000000
RIP=0x00007f849777c872, EFLAGS=0x0000000000010202, CSGSFS=0x002b000000000033, ERR=0x0000000000000006
  TRAPNO=0x000000000000000e

Top of Stack: (sp=0x00007f84db06c450)
0x00007f84db06c450:   412f326175736a70 0000000000000000
0x00007f84db06c460:   00007f84db06c590 0000000000000000
0x00007f84db06c470:   0000000000000002 0000000000000008
0x00007f84db06c480:   0000000000000000 0000000000000000
0x00007f84db06c490:   0000000000000000 00007f84db06c590
0x00007f84db06c4a0:   00007f84d933b670 00007f84db06d878
0x00007f84db06c4b0:   00007f84d400a800 00007f84bc07086c
0x00007f84db06c4c0:   0000000000000000 000000010000001c
0x00007f84db06c4d0:   00000001ffffffff 0000000000002000
0x00007f84db06c4e0:   00000000000005dc 0000000000000000
0x00007f84db06c4f0:   0000000000000000 0000000000000000
0x00007f84db06c500:   0000000000000000 0000000000000000
0x00007f84db06c510:   0000000000000000 0000000000000000
0x00007f84db06c520:   0000000000000000 0000000000000000
0x00007f84db06c530:   0000000000000000 0000000000000000
0x00007f84db06c540:   0000000000000000 0000000000000000
0x00007f84db06c550:   0000000000000000 0000000000000000
0x00007f84db06c560:   0000000000000000 0000000000000001
0x00007f84db06c570:   0000000000000000 00007f84d400a800
0x00007f84db06c580:   0000000000000000 0000000000000000
0x00007f84db06c590:   0000000000000000 0000000000000000
0x00007f84db06c5a0:   00007f84d4210380 0000000000000016
0x00007f84db06c5b0:   00007f84d422b9c0 0000000000000011
0x00007f84db06c5c0:   00007f84db06c5c0 00007f84db06c5c0
0x00007f84db06c5d0:   0000000000000000 0000000000000000
0x00007f84db06c5e0:   0000000000000000 0000000000000000
0x00007f84db06c5f0:   0000000000000000 0000000000000000
0x00007f84db06c600:   00007f84d42061b8 0000000000000000
0x00007f84db06c610:   00007f84d42061d8 0000000000000000
0x00007f84db06c620:   00007f84db06c620 00007f84db06c620
0x00007f84db06c630:   0000000000000000 0000000000000000
0x00007f84db06c640:   0000000000000000 0000000000000000 

Instructions: (pc=0x00007f849777c872)
0x00007f849777c852:   85 c0 0f 85 26 01 00 00 8b 74 24 24 85 f6 74 06
0x00007f849777c862:   89 ab 0c 08 00 00 48 8b 44 24 28 48 85 c0 74 02
0x00007f849777c872:   89 28 83 83 08 08 00 00 01 83 ab a0 03 00 00 01
0x00007f849777c882:   75 0b 48 c7 83 a8 03 00 00 00 00 00 00 48 8b bb 

Register to memory mapping:

RAX=0x0000000000000008 is an unknown value
RBX=0x00007f84977b78e0: pjsua_var+0 in /usr/local/lib/libpjsua.so.2 at 0x00007f8497765000
RCX=0x0000000000000000 is an unknown value
RDX=0x0000000000000000 is an unknown value
RSP=0x00007f84db06c450 is pointing into the stack for thread: 0x00007f84d400a800
RBP=0x0000000000000000 is an unknown value
RSI=0x0000000000000000 is an unknown value
RDI=0x00007f84977c42f0: pjsua_var+0xca10 in /usr/local/lib/libpjsua.so.2 at 0x00007f8497765000
R8 =0x00007f84db06c2dc is pointing into the stack for thread: 0x00007f84d400a800
R9 =0x0000000000000000 is an unknown value
R10=0x00007f84bc0118ac: <offset 0x68ac> in /usr/local/lib/libpj.so.2 at 0x00007f84bc00b000
R11=0x00007f84dc3446e0: <offset 0x18b6e0> in /lib/x86_64-linux-gnu/libc.so.6 at 0x00007f84dc1b9000
R12=0x00007f84977b78e0: pjsua_var+0 in /usr/local/lib/libpjsua.so.2 at 0x00007f8497765000
R13=0x00007f84d933b670 is pointing into metadata
R14=0x0000000000000000 is an unknown value
R15=0x0000000000000000 is an unknown value


Stack: [0x00007f84daf6f000,0x00007f84db06f000],  sp=0x00007f84db06c450,  free space=1013k
Native frames: (J=compiled Java code, j=interpreted, Vv=VM code, C=native code)
C  [libpjsua.so.2+0x17872]  pjsua_acc_add+0x262

Java frames: (J=compiled Java code, j=interpreted, Vv=VM code)
j  org.pjsip.pjsua2.pjsua2JNI.Account_create__SWIG_1(JLorg/pjsip/pjsua2/Account;JLorg/pjsip/pjsua2/AccountConfig;)V+0
j  org.pjsip.pjsua2.Account.create(Lorg/pjsip/pjsua2/AccountConfig;)V+10
j  pjsau.Pjsau.Configration()V+113
j  pjsau.Pjsau.main([Ljava/lang/String;)V+9
v  ~StubRoutines::call_stub

---------------  P R O C E S S  ---------------

Java Threads: ( => current thread )
  0x00007f84d40eb000 JavaThread "Service Thread" daemon [_thread_blocked, id=8386, stack(0x00007f84bc0ce000,0x00007f84bc1cf000)]
  0x00007f84d40c0000 JavaThread "C1 CompilerThread2" daemon [_thread_blocked, id=8385, stack(0x00007f84bc1d0000,0x00007f84bc2d0000)]
  0x00007f84d40be000 JavaThread "C2 CompilerThread1" daemon [_thread_blocked, id=8384, stack(0x00007f84c4087000,0x00007f84c4187000)]
  0x00007f84d40bb800 JavaThread "C2 CompilerThread0" daemon [_thread_blocked, id=8383, stack(0x00007f84c4188000,0x00007f84c4288000)]
  0x00007f84d40b7800 JavaThread "Signal Dispatcher" daemon [_thread_blocked, id=8382, stack(0x00007f84c4288000,0x00007f84c4389000)]
  0x00007f84d4087000 JavaThread "Finalizer" daemon [_thread_blocked, id=8381, stack(0x00007f84c48f9000,0x00007f84c49fa000)]
  0x00007f84d4082800 JavaThread "Reference Handler" daemon [_thread_blocked, id=8380, stack(0x00007f84c49fa000,0x00007f84c4afb000)]
=>0x00007f84d400a800 JavaThread "main" [_thread_in_native, id=8374, stack(0x00007f84daf6f000,0x00007f84db06f000)]

Other Threads:
  0x00007f84d4079000 VMThread [stack: 0x00007f84c4afc000,0x00007f84c4bfc000] [id=8379]
  0x00007f84d4100000 WatcherThread [stack: 0x00007f8497f00000,0x00007f8498000000] [id=8387]

VM state:not at safepoint (normal execution)

VM Mutex/Monitor currently owned by a thread: None

heap address: 0x0000000085a00000, size: 1958 MB, Compressed Oops mode: 32-bit
Narrow klass base: 0x0000000000000000, Narrow klass shift: 3
Compressed class space size: 1073741824 Address: 0x0000000100000000

Heap:
 PSYoungGen      total 36864K, used 2208K [0x00000000d7380000, 0x00000000d9c80000, 0x0000000100000000)
  eden space 31744K, 6% used [0x00000000d7380000,0x00000000d75a80a0,0x00000000d9280000)
  from space 5120K, 0% used [0x00000000d9780000,0x00000000d9780000,0x00000000d9c80000)
  to   space 5120K, 0% used [0x00000000d9280000,0x00000000d9280000,0x00000000d9780000)
 ParOldGen       total 84992K, used 0K [0x0000000085a00000, 0x000000008ad00000, 0x00000000d7380000)
  object space 84992K, 0% used [0x0000000085a00000,0x0000000085a00000,0x000000008ad00000)
 Metaspace       used 3058K, capacity 5112K, committed 5376K, reserved 1056768K
  class space    used 274K, capacity 424K, committed 512K, reserved 1048576K

Card table byte_map: [0x00007f84da16e000,0x00007f84da542000] byte_map_base: 0x00007f84d9d41000

Marking Bits: (ParMarkBitMap*) 0x00007f84dc19a220
 Begin Bits: [0x00007f84bc2d0000, 0x00007f84be168000)
 End Bits:   [0x00007f84be168000, 0x00007f84c0000000)

Polling page: 0x00007f84dc633000

CodeCache: size=245760Kb used=1113Kb max_used=1113Kb free=244646Kb
 bounds [0x00007f84c5000000, 0x00007f84c5270000, 0x00007f84d4000000]
 total_blobs=280 nmethods=23 adapters=172
 compilation: enabled

Compilation events (10 events):
Event: 0.079 Thread 0x00007f84d40c0000   19       3       java.lang.String::indexOf (7 bytes)
Event: 0.079 Thread 0x00007f84d40c0000 nmethod 19 0x00007f84c5114f50 code [0x00007f84c51150c0, 0x00007f84c51152c8]
Event: 0.079 Thread 0x00007f84d40c0000   20       3       java.lang.String::isEmpty (14 bytes)
Event: 0.079 Thread 0x00007f84d40c0000 nmethod 20 0x00007f84c5115350 code [0x00007f84c51154c0, 0x00007f84c5115670]
Event: 0.149 Thread 0x00007f84d40c0000   21       1       java.util.ArrayList::size (5 bytes)
Event: 0.149 Thread 0x00007f84d40c0000 nmethod 21 0x00007f84c5115710 code [0x00007f84c5115860, 0x00007f84c5115970]
Event: 0.149 Thread 0x00007f84d40c0000   22       3       java.lang.String::getChars (62 bytes)
Event: 0.149 Thread 0x00007f84d40c0000 nmethod 22 0x00007f84c51159d0 code [0x00007f84c5115b80, 0x00007f84c5115fb8]
Event: 0.150 Thread 0x00007f84d40c0000   23       1       java.net.URL::getProtocol (5 bytes)
Event: 0.150 Thread 0x00007f84d40c0000 nmethod 23 0x00007f84c51161d0 code [0x00007f84c5116320, 0x00007f84c5116430]

GC Heap History (0 events):
No events

Deoptimization events (0 events):
No events

Classes redefined (0 events):
No events

Internal exceptions (2 events):
Event: 0.041 Thread 0x00007f84d400a800 Exception <a 'java/lang/NoSuchMethodError': Method sun.misc.Unsafe.defineClass(Ljava/lang/String;[BII)Ljava/lang/Class; name or signature does not match> (0x00000000d7387cc0) thrown at [/scratch/jenkins/workspace/8-2-build-linux-amd64/jdk8u331/2416/hotspo
Event: 0.041 Thread 0x00007f84d400a800 Exception <a 'java/lang/NoSuchMethodError': Method sun.misc.Unsafe.prefetchRead(Ljava/lang/Object;J)V name or signature does not match> (0x00000000d7387fa8) thrown at [/scratch/jenkins/workspace/8-2-build-linux-amd64/jdk8u331/2416/hotspot/src/share/vm/pri

Events (10 events):
Event: 0.079 loading class org/pjsip/pjsua2/PersistentObject
Event: 0.079 loading class org/pjsip/pjsua2/PersistentObject done
Event: 0.149 loading class org/pjsip/pjsua2/TransportConfig
Event: 0.149 loading class org/pjsip/pjsua2/TransportConfig done
Event: 0.150 loading class org/pjsip/pjsua2/AccountConfig
Event: 0.150 loading class org/pjsip/pjsua2/AccountConfig done
Event: 0.150 loading class org/pjsip/pjsua2/AccountRegConfig
Event: 0.150 loading class org/pjsip/pjsua2/AccountRegConfig done
Event: 0.150 loading class org/pjsip/pjsua2/AuthCredInfo
Event: 0.150 loading class org/pjsip/pjsua2/AuthCredInfo done


Dynamic libraries:
85a00000-8ad00000 rw-p 00000000 00:00 0 
8ad00000-d7380000 ---p 00000000 00:00 0 
d7380000-d9c80000 rw-p 00000000 00:00 0 
d9c80000-100000000 ---p 00000000 00:00 0 
100000000-100080000 rw-p 00000000 00:00 0 
100080000-140000000 ---p 00000000 00:00 0 
55f1cce00000-55f1cce01000 r-xp 00000000 08:02 5248844                    /home/user/software/jdk1.8.0_331/bin/java
55f1cd000000-55f1cd001000 r--p 00000000 08:02 5248844                    /home/user/software/jdk1.8.0_331/bin/java
55f1cd001000-55f1cd002000 rw-p 00001000 08:02 5248844                    /home/user/software/jdk1.8.0_331/bin/java
55f1ce40a000-55f1ce42b000 rw-p 00000000 00:00 0                          [heap]
7f8480000000-7f8480021000 rw-p 00000000 00:00 0 
7f8480021000-7f8484000000 ---p 00000000 00:00 0 
7f8484000000-7f8484021000 rw-p 00000000 00:00 0 
7f8484021000-7f8488000000 ---p 00000000 00:00 0 
7f848c000000-7f848c021000 rw-p 00000000 00:00 0 
7f848c021000-7f8490000000 ---p 00000000 00:00 0 
7f8490000000-7f8490021000 rw-p 00000000 00:00 0 
7f8490021000-7f8494000000 ---p 00000000 00:00 0 
7f8494c21000-7f8494c22000 ---p 00000000 00:00 0 
7f8494c22000-7f8495422000 rw-p 00000000 00:00 0 
7f8495422000-7f8495423000 ---p 00000000 00:00 0 
7f8495423000-7f8495c23000 rw-p 00000000 00:00 0 
7f8495c23000-7f8495c43000 r--p 00000000 08:02 1449217                    /usr/lib/x86_64-linux-gnu/libdb-5.3.so
7f8495c43000-7f8495d85000 r-xp 00020000 08:02 1449217                    /usr/lib/x86_64-linux-gnu/libdb-5.3.so
7f8495d85000-7f8495dca000 r--p 00162000 08:02 1449217                    /usr/lib/x86_64-linux-gnu/libdb-5.3.so
7f8495dca000-7f8495dd1000 r--p 001a6000 08:02 1449217                    /usr/lib/x86_64-linux-gnu/libdb-5.3.so
7f8495dd1000-7f8495dd2000 rw-p 001ad000 08:02 1449217                    /usr/lib/x86_64-linux-gnu/libdb-5.3.so
7f8495dd2000-7f8495dd8000 r--p 00000000 08:02 1442494                    /usr/lib/x86_64-linux-gnu/libjack.so.0.0.28
7f8495dd8000-7f8495de4000 r-xp 00006000 08:02 1442494                    /usr/lib/x86_64-linux-gnu/libjack.so.0.0.28
7f8495de4000-7f8495de9000 r--p 00012000 08:02 1442494                    /usr/lib/x86_64-linux-gnu/libjack.so.0.0.28
7f8495de9000-7f8495dea000 r--p 00016000 08:02 1442494                    /usr/lib/x86_64-linux-gnu/libjack.so.0.0.28
7f8495dea000-7f8495deb000 rw-p 00017000 08:02 1442494                    /usr/lib/x86_64-linux-gnu/libjack.so.0.0.28
7f8495deb000-7f8495df5000 rw-p 00000000 00:00 0 
7f8495e06000-7f8495e08000 r--p 00000000 08:02 2097964                    /usr/lib/x86_64-linux-gnu/alsa-lib/libasound_module_ctl_pulse.so
7f8495e08000-7f8495e0b000 r-xp 00002000 08:02 2097964                    /usr/lib/x86_64-linux-gnu/alsa-lib/libasound_module_ctl_pulse.so
7f8495e0b000-7f8495e0c000 r--p 00005000 08:02 2097964                    /usr/lib/x86_64-linux-gnu/alsa-lib/libasound_module_ctl_pulse.so
7f8495e0c000-7f8495e0d000 r--p 00005000 08:02 2097964                    /usr/lib/x86_64-linux-gnu/alsa-lib/libasound_module_ctl_pulse.so
7f8495e0d000-7f8495e0e000 rw-p 00006000 08:02 2097964                    /usr/lib/x86_64-linux-gnu/alsa-lib/libasound_module_ctl_pulse.so
7f8495e0e000-7f8495f79000 r-xp 00000000 08:02 1450125                    /usr/lib/x86_64-linux-gnu/libsamplerate.so.0.1.8
7f8495f79000-7f8496178000 ---p 0016b000 08:02 1450125                    /usr/lib/x86_64-linux-gnu/libsamplerate.so.0.1.8
7f8496178000-7f8496179000 r--p 0016a000 08:02 1450125                    /usr/lib/x86_64-linux-gnu/libsamplerate.so.0.1.8
7f8496179000-7f849617a000 rw-p 0016b000 08:02 1450125                    /usr/lib/x86_64-linux-gnu/libsamplerate.so.0.1.8
7f849617b000-7f849617c000 r--p 00000000 08:02 2097970                    /usr/lib/x86_64-linux-gnu/alsa-lib/libasound_module_pcm_vdownmix.so
7f849617c000-7f849617d000 r-xp 00001000 08:02 2097970                    /usr/lib/x86_64-linux-gnu/alsa-lib/libasound_module_pcm_vdownmix.so
7f849617d000-7f849617e000 r--p 00002000 08:02 2097970                    /usr/lib/x86_64-linux-gnu/alsa-lib/libasound_module_pcm_vdownmix.so
7f849617e000-7f849617f000 r--p 00002000 08:02 2097970                    /usr/lib/x86_64-linux-gnu/alsa-lib/libasound_module_pcm_vdownmix.so
7f849617f000-7f8496180000 rw-p 00003000 08:02 2097970                    /usr/lib/x86_64-linux-gnu/alsa-lib/libasound_module_pcm_vdownmix.so
7f8496180000-7f8496181000 r--p 00000000 08:02 2097968                    /usr/lib/x86_64-linux-gnu/alsa-lib/libasound_module_pcm_upmix.so
7f8496181000-7f8496183000 r-xp 00001000 08:02 2097968                    /usr/lib/x86_64-linux-gnu/alsa-lib/libasound_module_pcm_upmix.so
7f8496183000-7f8496184000 r--p 00003000 08:02 2097968                    /usr/lib/x86_64-linux-gnu/alsa-lib/libasound_module_pcm_upmix.so
7f8496184000-7f8496185000 r--p 00003000 08:02 2097968                    /usr/lib/x86_64-linux-gnu/alsa-lib/libasound_module_pcm_upmix.so
7f8496185000-7f8496186000 rw-p 00004000 08:02 2097968                    /usr/lib/x86_64-linux-gnu/alsa-lib/libasound_module_pcm_upmix.so
7f8496186000-7f8496187000 r--p 00000000 08:02 2097966                    /usr/lib/x86_64-linux-gnu/alsa-lib/libasound_module_pcm_oss.so
7f8496187000-7f8496189000 r-xp 00001000 08:02 2097966                    /usr/lib/x86_64-linux-gnu/alsa-lib/libasound_module_pcm_oss.so
7f8496189000-7f849618a000 r--p 00003000 08:02 2097966                    /usr/lib/x86_64-linux-gnu/alsa-lib/libasound_module_pcm_oss.so
7f849618a000-7f849618b000 r--p 00003000 08:02 2097966                    /usr/lib/x86_64-linux-gnu/alsa-lib/libasound_module_pcm_oss.so
7f849618b000-7f849618c000 rw-p 00004000 08:02 2097966                    /usr/lib/x86_64-linux-gnu/alsa-lib/libasound_module_pcm_oss.so
7f849618c000-7f849618e000 r--p 00000000 08:02 2097965                    /usr/lib/x86_64-linux-gnu/alsa-lib/libasound_module_pcm_jack.so
7f849618e000-7f8496190000 r-xp 00002000 08:02 2097965                    /usr/lib/x86_64-linux-gnu/alsa-lib/libasound_module_pcm_jack.so
7f8496190000-7f8496191000 r--p 00004000 08:02 2097965                    /usr/lib/x86_64-linux-gnu/alsa-lib/libasound_module_pcm_jack.so
7f8496191000-7f8496192000 r--p 00004000 08:02 2097965                    /usr/lib/x86_64-linux-gnu/alsa-lib/libasound_module_pcm_jack.so
7f8496192000-7f8496193000 rw-p 00005000 08:02 2097965                    /usr/lib/x86_64-linux-gnu/alsa-lib/libasound_module_pcm_jack.so
7f8496193000-7f8496194000 ---p 00000000 00:00 0 
7f8496194000-7f8496994000 rw-p 00000000 00:00 0 
7f8496994000-7f8496998000 r--p 00000000 08:02 1449497                    /usr/lib/x86_64-linux-gnu/libgpg-error.so.0.28.0
7f8496998000-7f84969ab000 r-xp 00004000 08:02 1449497                    /usr/lib/x86_64-linux-gnu/libgpg-error.so.0.28.0
7f84969ab000-7f84969b5000 r--p 00017000 08:02 1449497                    /usr/lib/x86_64-linux-gnu/libgpg-error.so.0.28.0
7f84969b5000-7f84969b6000 r--p 00020000 08:02 1449497                    /usr/lib/x86_64-linux-gnu/libgpg-error.so.0.28.0
7f84969b6000-7f84969b7000 rw-p 00021000 08:02 1449497                    /usr/lib/x86_64-linux-gnu/libgpg-error.so.0.28.0
7f84969b7000-7f84969bb000 r--p 00000000 08:02 1449109                    /usr/lib/x86_64-linux-gnu/libbsd.so.0.10.0
7f84969bb000-7f84969ca000 r-xp 00004000 08:02 1449109                    /usr/lib/x86_64-linux-gnu/libbsd.so.0.10.0
7f84969ca000-7f84969cd000 r--p 00013000 08:02 1449109                    /usr/lib/x86_64-linux-gnu/libbsd.so.0.10.0
7f84969cd000-7f84969ce000 ---p 00016000 08:02 1449109                    /usr/lib/x86_64-linux-gnu/libbsd.so.0.10.0
7f84969ce000-7f84969cf000 r--p 00016000 08:02 1449109                    /usr/lib/x86_64-linux-gnu/libbsd.so.0.10.0
7f84969cf000-7f84969d0000 rw-p 00017000 08:02 1449109                    /usr/lib/x86_64-linux-gnu/libbsd.so.0.10.0
7f84969d0000-7f84969d1000 rw-p 00000000 00:00 0 
7f84969d1000-7f84969d5000 r--p 00000000 08:02 1445806                    /usr/lib/x86_64-linux-gnu/libresolv-2.31.so
7f84969d5000-7f84969e5000 r-xp 00004000 08:02 1445806                    /usr/lib/x86_64-linux-gnu/libresolv-2.31.so
7f84969e5000-7f84969e9000 r--p 00014000 08:02 1445806                    /usr/lib/x86_64-linux-gnu/libresolv-2.31.so
7f84969e9000-7f84969ea000 r--p 00017000 08:02 1445806                    /usr/lib/x86_64-linux-gnu/libresolv-2.31.so
7f84969ea000-7f84969eb000 rw-p 00018000 08:02 1445806                    /usr/lib/x86_64-linux-gnu/libresolv-2.31.so
7f84969eb000-7f84969ed000 rw-p 00000000 00:00 0 
7f84969ed000-7f8496a01000 r--p 00000000 08:02 1450341                    /usr/lib/x86_64-linux-gnu/libvorbisenc.so.2.0.11
7f8496a01000-7f8496a04000 r-xp 00014000 08:02 1450341                    /usr/lib/x86_64-linux-gnu/libvorbisenc.so.2.0.11
7f8496a04000-7f8496a7b000 r--p 00017000 08:02 1450341                    /usr/lib/x86_64-linux-gnu/libvorbisenc.so.2.0.11
7f8496a7b000-7f8496a97000 r--p 0008d000 08:02 1450341                    /usr/lib/x86_64-linux-gnu/libvorbisenc.so.2.0.11
7f8496a97000-7f8496a98000 rw-p 000a9000 08:02 1450341                    /usr/lib/x86_64-linux-gnu/libvorbisenc.so.2.0.11
7f8496a98000-7f8496a9b000 r--p 00000000 08:02 1450339                    /usr/lib/x86_64-linux-gnu/libvorbis.so.0.4.8
7f8496a9b000-7f8496ab2000 r-xp 00003000 08:02 1450339                    /usr/lib/x86_64-linux-gnu/libvorbis.so.0.4.8
7f8496ab2000-7f8496ac3000 r--p 0001a000 08:02 1450339                    /usr/lib/x86_64-linux-gnu/libvorbis.so.0.4.8
7f8496ac3000-7f8496ac4000 ---p 0002b000 08:02 1450339                    /usr/lib/x86_64-linux-gnu/libvorbis.so.0.4.8
7f8496ac4000-7f8496ac5000 r--p 0002b000 08:02 1450339                    /usr/lib/x86_64-linux-gnu/libvorbis.so.0.4.8
7f8496ac5000-7f8496ac6000 rw-p 0002c000 08:02 1450339                    /usr/lib/x86_64-linux-gnu/libvorbis.so.0.4.8
7f8496ac6000-7f8496ac8000 r--p 00000000 08:02 1449917                    /usr/lib/x86_64-linux-gnu/libogg.so.0.8.4
7f8496ac8000-7f8496acd000 r-xp 00002000 08:02 1449917                    /usr/lib/x86_64-linux-gnu/libogg.so.0.8.4
7f8496acd000-7f8496ad0000 r--p 00007000 08:02 1449917                    /usr/lib/x86_64-linux-gnu/libogg.so.0.8.4
7f8496ad0000-7f8496ad1000 ---p 0000a000 08:02 1449917                    /usr/lib/x86_64-linux-gnu/libogg.so.0.8.4
7f8496ad1000-7f8496ad2000 r--p 0000a000 08:02 1449917                    /usr/lib/x86_64-linux-gnu/libogg.so.0.8.4
7f8496ad2000-7f8496ad3000 rw-p 0000b000 08:02 1449917                    /usr/lib/x86_64-linux-gnu/libogg.so.0.8.4
7f8496ad3000-7f8496adb000 r--p 00000000 08:02 1448904                    /usr/lib/x86_64-linux-gnu/libFLAC.so.8.3.0
7f8496adb000-7f8496b04000 r-xp 00008000 08:02 1448904                    /usr/lib/x86_64-linux-gnu/libFLAC.so.8.3.0
7f8496b04000-7f8496b0e000 r--p 00031000 08:02 1448904                    /usr/lib/x86_64-linux-gnu/libFLAC.so.8.3.0
7f8496b0e000-7f8496b0f000 ---p 0003b000 08:02 1448904                    /usr/lib/x86_64-linux-gnu/libFLAC.so.8.3.0
7f8496b0f000-7f8496b10000 r--p 0003b000 08:02 1448904                    /usr/lib/x86_64-linux-gnu/libFLAC.so.8.3.0
7f8496b10000-7f8496b11000 rw-p 0003c000 08:02 1448904                    /usr/lib/x86_64-linux-gnu/libFLAC.so.8.3.0
7f8496b11000-7f8496b15000 r--p 00000000 08:02 1445797                    /usr/lib/x86_64-linux-gnu/libnsl-2.31.so
7f8496b15000-7f8496b25000 r-xp 00004000 08:02 1445797                    /usr/lib/x86_64-linux-gnu/libnsl-2.31.so
7f8496b25000-7f8496b2a000 r--p 00014000 08:02 1445797                    /usr/lib/x86_64-linux-gnu/libnsl-2.31.so
7f8496b2a000-7f8496b2b000 r--p 00018000 08:02 1445797                    /usr/lib/x86_64-linux-gnu/libnsl-2.31.so
7f8496b2b000-7f8496b2c000 rw-p 00019000 08:02 1445797                    /usr/lib/x86_64-linux-gnu/libnsl-2.31.so
7f8496b2c000-7f8496b2e000 rw-p 00000000 00:00 0 
7f8496b2e000-7f8496b3a000 r--p 00000000 08:02 1447651                    /usr/lib/x86_64-linux-gnu/libgcrypt.so.20.2.5
7f8496b3a000-7f8496c08000 r-xp 0000c000 08:02 1447651                    /usr/lib/x86_64-linux-gnu/libgcrypt.so.20.2.5
7f8496c08000-7f8496c45000 r--p 000da000 08:02 1447651                    /usr/lib/x86_64-linux-gnu/libgcrypt.so.20.2.5
7f8496c45000-7f8496c47000 r--p 00116000 08:02 1447651                    /usr/lib/x86_64-linux-gnu/libgcrypt.so.20.2.5
7f8496c47000-7f8496c4c000 rw-p 00118000 08:02 1447651                    /usr/lib/x86_64-linux-gnu/libgcrypt.so.20.2.5
7f8496c4c000-7f8496c4e000 r--p 00000000 08:02 1449762                    /usr/lib/x86_64-linux-gnu/liblz4.so.1.9.2
7f8496c4e000-7f8496c68000 r-xp 00002000 08:02 1449762                    /usr/lib/x86_64-linux-gnu/liblz4.so.1.9.2
7f8496c68000-7f8496c6b000 r--p 0001c000 08:02 1449762                    /usr/lib/x86_64-linux-gnu/liblz4.so.1.9.2
7f8496c6b000-7f8496c6c000 r--p 0001e000 08:02 1449762                    /usr/lib/x86_64-linux-gnu/liblz4.so.1.9.2
7f8496c6c000-7f8496c6d000 rw-p 0001f000 08:02 1449762                    /usr/lib/x86_64-linux-gnu/liblz4.so.1.9.2
7f8496c6d000-7f8496c70000 r--p 00000000 08:02 1443497                    /usr/lib/x86_64-linux-gnu/liblzma.so.5.2.4
7f8496c70000-7f8496c88000 r-xp 00003000 08:02 1443497                    /usr/lib/x86_64-linux-gnu/liblzma.so.5.2.4
7f8496c88000-7f8496c93000 r--p 0001b000 08:02 1443497                    /usr/lib/x86_64-linux-gnu/liblzma.so.5.2.4
7f8496c93000-7f8496c94000 ---p 00026000 08:02 1443497                    /usr/lib/x86_64-linux-gnu/liblzma.so.5.2.4
7f8496c94000-7f8496c95000 r--p 00026000 08:02 1443497                    /usr/lib/x86_64-linux-gnu/liblzma.so.5.2.4
7f8496c95000-7f8496c96000 rw-p 00027000 08:02 1443497                    /usr/lib/x86_64-linux-gnu/liblzma.so.5.2.4
7f8496c96000-7f8496c98000 r--p 00000000 08:02 1448951                    /usr/lib/x86_64-linux-gnu/libXdmcp.so.6.0.0
7f8496c98000-7f8496c9a000 r-xp 00002000 08:02 1448951                    /usr/lib/x86_64-linux-gnu/libXdmcp.so.6.0.0
7f8496c9a000-7f8496c9c000 r--p 00004000 08:02 1448951                    /usr/lib/x86_64-linux-gnu/libXdmcp.so.6.0.0
7f8496c9c000-7f8496c9d000 r--p 00005000 08:02 1448951                    /usr/lib/x86_64-linux-gnu/libXdmcp.so.6.0.0
7f8496c9d000-7f8496c9e000 rw-p 00006000 08:02 1448951                    /usr/lib/x86_64-linux-gnu/libXdmcp.so.6.0.0
7f8496c9e000-7f8496ca1000 r--p 00000000 08:02 1449007                    /usr/lib/x86_64-linux-gnu/libapparmor.so.1.6.1
7f8496ca1000-7f8496caa000 r-xp 00003000 08:02 1449007                    /usr/lib/x86_64-linux-gnu/libapparmor.so.1.6.1
7f8496caa000-7f8496cb1000 r--p 0000c000 08:02 1449007                    /usr/lib/x86_64-linux-gnu/libapparmor.so.1.6.1
7f8496cb1000-7f8496cb2000 r--p 00012000 08:02 1449007                    /usr/lib/x86_64-linux-gnu/libapparmor.so.1.6.1
7f8496cb2000-7f8496cb3000 rw-p 00013000 08:02 1449007                    /usr/lib/x86_64-linux-gnu/libapparmor.so.1.6.1
7f8496cb3000-7f8496cb8000 r-xp 00000000 08:02 1449028                    /usr/lib/x86_64-linux-gnu/libasyncns.so.0.3.1
7f8496cb8000-7f8496eb7000 ---p 00005000 08:02 1449028                    /usr/lib/x86_64-linux-gnu/libasyncns.so.0.3.1
7f8496eb7000-7f8496eb8000 r--p 00004000 08:02 1449028                    /usr/lib/x86_64-linux-gnu/libasyncns.so.0.3.1
7f8496eb8000-7f8496eb9000 rw-p 00005000 08:02 1449028                    /usr/lib/x86_64-linux-gnu/libasyncns.so.0.3.1
7f8496eb9000-7f8496ec0000 r--p 00000000 08:02 1450170                    /usr/lib/x86_64-linux-gnu/libsndfile.so.1.0.28
7f8496ec0000-7f8496f13000 r-xp 00007000 08:02 1450170                    /usr/lib/x86_64-linux-gnu/libsndfile.so.1.0.28
7f8496f13000-7f8496f30000 r--p 0005a000 08:02 1450170                    /usr/lib/x86_64-linux-gnu/libsndfile.so.1.0.28
7f8496f30000-7f8496f31000 ---p 00077000 08:02 1450170                    /usr/lib/x86_64-linux-gnu/libsndfile.so.1.0.28
7f8496f31000-7f8496f34000 r--p 00077000 08:02 1450170                    /usr/lib/x86_64-linux-gnu/libsndfile.so.1.0.28
7f8496f34000-7f8496f35000 rw-p 0007a000 08:02 1450170                    /usr/lib/x86_64-linux-gnu/libsndfile.so.1.0.28
7f8496f35000-7f8496f37000 rw-p 00000000 00:00 0 
7f8496f37000-7f8496f47000 r--p 00000000 08:02 1446018                    /usr/lib/x86_64-linux-gnu/libsystemd.so.0.28.0
7f8496f47000-7f8496fbc000 r-xp 00010000 08:02 1446018                    /usr/lib/x86_64-linux-gnu/libsystemd.so.0.28.0
7f8496fbc000-7f8496fe1000 r--p 00085000 08:02 1446018                    /usr/lib/x86_64-linux-gnu/libsystemd.so.0.28.0
7f8496fe1000-7f8496fe4000 r--p 000a9000 08:02 1446018                    /usr/lib/x86_64-linux-gnu/libsystemd.so.0.28.0
7f8496fe4000-7f8496fe5000 rw-p 000ac000 08:02 1446018                    /usr/lib/x86_64-linux-gnu/libsystemd.so.0.28.0
7f8496fe5000-7f8496fe6000 rw-p 00000000 00:00 0 
7f8496fe6000-7f8496ff1000 r--p 00000000 08:02 1450442                    /usr/lib/x86_64-linux-gnu/libxcb.so.1.1.0
7f8496ff1000-7f8497005000 r-xp 0000b000 08:02 1450442                    /usr/lib/x86_64-linux-gnu/libxcb.so.1.1.0
7f8497005000-7f849700e000 r--p 0001f000 08:02 1450442                    /usr/lib/x86_64-linux-gnu/libxcb.so.1.1.0
7f849700e000-7f849700f000 r--p 00027000 08:02 1450442                    /usr/lib/x86_64-linux-gnu/libxcb.so.1.1.0
7f849700f000-7f8497010000 rw-p 00028000 08:02 1450442                    /usr/lib/x86_64-linux-gnu/libxcb.so.1.1.0
7f8497010000-7f849701b000 r--p 00000000 08:02 1442000                    /usr/lib/x86_64-linux-gnu/libdbus-1.so.3.19.11
7f849701b000-7f8497049000 r-xp 0000b000 08:02 1442000                    /usr/lib/x86_64-linux-gnu/libdbus-1.so.3.19.11
7f8497049000-7f849705e000 r--p 00039000 08:02 1442000                    /usr/lib/x86_64-linux-gnu/libdbus-1.so.3.19.11
7f849705e000-7f849705f000 ---p 0004e000 08:02 1442000                    /usr/lib/x86_64-linux-gnu/libdbus-1.so.3.19.11
7f849705f000-7f8497060000 r--p 0004e000 08:02 1442000                    /usr/lib/x86_64-linux-gnu/libdbus-1.so.3.19.11
7f8497060000-7f8497061000 rw-p 0004f000 08:02 1442000                    /usr/lib/x86_64-linux-gnu/libdbus-1.so.3.19.11
7f8497061000-7f8497072000 r--p 00000000 08:02 2097637                    /usr/lib/x86_64-linux-gnu/pulseaudio/libpulsecommon-13.99.so
7f8497072000-7f84970ba000 r-xp 00011000 08:02 2097637                    /usr/lib/x86_64-linux-gnu/pulseaudio/libpulsecommon-13.99.so
7f84970ba000-7f84970df000 r--p 00059000 08:02 2097637                    /usr/lib/x86_64-linux-gnu/pulseaudio/libpulsecommon-13.99.so
7f84970df000-7f84970e0000 ---p 0007e000 08:02 2097637                    /usr/lib/x86_64-linux-gnu/pulseaudio/libpulsecommon-13.99.so
7f84970e0000-7f84970e2000 r--p 0007e000 08:02 2097637                    /usr/lib/x86_64-linux-gnu/pulseaudio/libpulsecommon-13.99.so
7f84970e2000-7f84970e3000 rw-p 00080000 08:02 2097637                    /usr/lib/x86_64-linux-gnu/pulseaudio/libpulsecommon-13.99.so
7f84970e3000-7f84970ef000 r--p 00000000 08:02 1442666                    /usr/lib/x86_64-linux-gnu/libpulse.so.0.21.2
7f84970ef000-7f849711f000 r-xp 0000c000 08:02 1442666                    /usr/lib/x86_64-linux-gnu/libpulse.so.0.21.2
7f849711f000-7f8497135000 r--p 0003c000 08:02 1442666                    /usr/lib/x86_64-linux-gnu/libpulse.so.0.21.2
7f8497135000-7f8497137000 r--p 00051000 08:02 1442666                    /usr/lib/x86_64-linux-gnu/libpulse.so.0.21.2
7f8497137000-7f8497138000 rw-p 00053000 08:02 1442666                    /usr/lib/x86_64-linux-gnu/libpulse.so.0.21.2
7f849713a000-7f849713b000 r--p 00000000 08:02 2097976                    /usr/lib/x86_64-linux-gnu/alsa-lib/libasound_module_rate_speexrate.so
7f849713b000-7f849713e000 r-xp 00001000 08:02 2097976                    /usr/lib/x86_64-linux-gnu/alsa-lib/libasound_module_rate_speexrate.so
7f849713e000-7f849713f000 r--p 00004000 08:02 2097976                    /usr/lib/x86_64-linux-gnu/alsa-lib/libasound_module_rate_speexrate.so
7f849713f000-7f8497140000 r--p 00004000 08:02 2097976                    /usr/lib/x86_64-linux-gnu/alsa-lib/libasound_module_rate_speexrate.so
7f8497140000-7f8497141000 rw-p 00005000 08:02 2097976                    /usr/lib/x86_64-linux-gnu/alsa-lib/libasound_module_rate_speexrate.so
7f8497141000-7f8497143000 r--p 00000000 08:02 2097967                    /usr/lib/x86_64-linux-gnu/alsa-lib/libasound_module_pcm_pulse.so
7f8497143000-7f8497146000 r-xp 00002000 08:02 2097967                    /usr/lib/x86_64-linux-gnu/alsa-lib/libasound_module_pcm_pulse.so
7f8497146000-7f8497147000 r--p 00005000 08:02 2097967                    /usr/lib/x86_64-linux-gnu/alsa-lib/libasound_module_pcm_pulse.so
7f8497147000-7f8497148000 ---p 00006000 08:02 2097967                    /usr/lib/x86_64-linux-gnu/alsa-lib/libasound_module_pcm_pulse.so
7f8497148000-7f8497149000 r--p 00006000 08:02 2097967                    /usr/lib/x86_64-linux-gnu/alsa-lib/libasound_module_pcm_pulse.so
7f8497149000-7f849714a000 rw-p 00007000 08:02 2097967                    /usr/lib/x86_64-linux-gnu/alsa-lib/libasound_module_pcm_pulse.so
7f849714a000-7f8497151000 r--s 00000000 08:02 2102563                    /usr/lib/x86_64-linux-gnu/gconv/gconv-modules.cache
7f8497151000-7f8497153000 r--p 00000000 08:02 2234013                    /usr/local/lib/libilbccodec.so.2
7f8497153000-7f849715d000 r-xp 00002000 08:02 2234013                    /usr/local/lib/libilbccodec.so.2
7f849715d000-7f849715f000 r--p 0000c000 08:02 2234013                    /usr/local/lib/libilbccodec.so.2
7f849715f000-7f8497160000 r--p 0000d000 08:02 2234013                    /usr/local/lib/libilbccodec.so.2
7f8497160000-7f8497162000 rw-p 0000e000 08:02 2234013                    /usr/local/lib/libilbccodec.so.2
7f8497162000-7f8497163000 r--p 00000000 08:02 2234009                    /usr/local/lib/libgsmcodec.so.2
7f8497163000-7f849716b000 r-xp 00001000 08:02 2234009                    /usr/local/lib/libgsmcodec.so.2
7f849716b000-7f849716c000 r--p 00009000 08:02 2234009                    /usr/local/lib/libgsmcodec.so.2
7f849716c000-7f849716d000 r--p 00009000 08:02 2234009                    /usr/local/lib/libgsmcodec.so.2
7f849716d000-7f849716e000 rw-p 0000a000 08:02 2234009                    /usr/local/lib/libgsmcodec.so.2
7f849716e000-7f8497198000 r--p 00000000 08:02 1442673                    /usr/lib/x86_64-linux-gnu/libasound.so.2.0.0
7f8497198000-7f8497227000 r-xp 0002a000 08:02 1442673                    /usr/lib/x86_64-linux-gnu/libasound.so.2.0.0
7f8497227000-7f8497261000 r--p 000b9000 08:02 1442673                    /usr/lib/x86_64-linux-gnu/libasound.so.2.0.0
7f8497261000-7f8497268000 r--p 000f2000 08:02 1442673                    /usr/lib/x86_64-linux-gnu/libasound.so.2.0.0
7f8497268000-7f8497269000 rw-p 000f9000 08:02 1442673                    /usr/lib/x86_64-linux-gnu/libasound.so.2.0.0
7f8497269000-7f8497285000 r--p 00000000 08:02 1444253                    /usr/lib/x86_64-linux-gnu/libssl.so.1.1
7f8497285000-7f84972d4000 r-xp 0001c000 08:02 1444253                    /usr/lib/x86_64-linux-gnu/libssl.so.1.1
7f84972d4000-7f84972ee000 r--p 0006b000 08:02 1444253                    /usr/lib/x86_64-linux-gnu/libssl.so.1.1
7f84972ee000-7f84972ef000 ---p 00085000 08:02 1444253                    /usr/lib/x86_64-linux-gnu/libssl.so.1.1
7f84972ef000-7f84972f8000 r--p 00085000 08:02 1444253                    /usr/lib/x86_64-linux-gnu/libssl.so.1.1
7f84972f8000-7f84972fc000 rw-p 0008e000 08:02 1444253                    /usr/lib/x86_64-linux-gnu/libssl.so.1.1
7f84972fc000-7f8497302000 r--p 00000000 08:02 2234019                    /usr/local/lib/libwebrtc.so.2
7f8497302000-7f849731b000 r-xp 00006000 08:02 2234019                    /usr/local/lib/libwebrtc.so.2
7f849731b000-7f8497323000 r--p 0001f000 08:02 2234019                    /usr/local/lib/libwebrtc.so.2
7f8497323000-7f8497324000 r--p 00026000 08:02 2234019                    /usr/local/lib/libwebrtc.so.2
7f8497324000-7f8497325000 rw-p 00027000 08:02 2234019                    /usr/local/lib/libwebrtc.so.2
7f8497325000-7f849732b000 r--p 00000000 08:02 2234011                    /usr/local/lib/libspeex.so.2
7f849732b000-7f8497349000 r-xp 00006000 08:02 2234011                    /usr/local/lib/libspeex.so.2
7f8497349000-7f8497351000 r--p 00024000 08:02 2234011                    /usr/local/lib/libspeex.so.2
7f8497351000-7f8497352000 ---p 0002c000 08:02 2234011                    /usr/local/lib/libspeex.so.2
7f8497352000-7f8497353000 r--p 0002c000 08:02 2234011                    /usr/local/lib/libspeex.so.2
7f8497353000-7f8497354000 rw-p 0002d000 08:02 2234011                    /usr/local/lib/libspeex.so.2
7f8497354000-7f8497359000 r--p 00000000 08:02 2234005                    /usr/local/lib/libsrtp.so.2
7f8497359000-7f8497364000 r-xp 00005000 08:02 2234005                    /usr/local/lib/libsrtp.so.2
7f8497364000-7f8497368000 r--p 00010000 08:02 2234005                    /usr/local/lib/libsrtp.so.2
7f8497368000-7f8497369000 r--p 00013000 08:02 2234005                    /usr/local/lib/libsrtp.so.2
7f8497369000-7f849736a000 rw-p 00014000 08:02 2234005                    /usr/local/lib/libsrtp.so.2
7f849736a000-7f84973e2000 r--p 00000000 08:02 1442325                    /usr/lib/x86_64-linux-gnu/libcrypto.so.1.1
7f84973e2000-7f849757d000 r-xp 00078000 08:02 1442325                    /usr/lib/x86_64-linux-gnu/libcrypto.so.1.1
7f849757d000-7f849760e000 r--p 00213000 08:02 1442325                    /usr/lib/x86_64-linux-gnu/libcrypto.so.1.1
7f849760e000-7f849763a000 r--p 002a3000 08:02 1442325                    /usr/lib/x86_64-linux-gnu/libcrypto.so.1.1
7f849763a000-7f849763c000 rw-p 002cf000 08:02 1442325                    /usr/lib/x86_64-linux-gnu/libcrypto.so.1.1
7f849763c000-7f8497640000 rw-p 00000000 00:00 0 
7f8497640000-7f8497648000 r--p 00000000 08:02 2234039                    /usr/local/lib/libpjnath.so.2
7f8497648000-7f8497666000 r-xp 00008000 08:02 2234039                    /usr/local/lib/libpjnath.so.2
7f8497666000-7f8497672000 r--p 00026000 08:02 2234039                    /usr/local/lib/libpjnath.so.2
7f8497672000-7f8497673000 r--p 00031000 08:02 2234039                    /usr/local/lib/libpjnath.so.2
7f8497673000-7f8497675000 rw-p 00032000 08:02 2234039                    /usr/local/lib/libpjnath.so.2
7f8497675000-7f8497678000 r--p 00000000 08:02 2234031                    /usr/local/lib/libpjmedia-codec.so.2
7f8497678000-7f8497680000 r-xp 00003000 08:02 2234031                    /usr/local/lib/libpjmedia-codec.so.2
7f8497680000-7f8497683000 r--p 0000b000 08:02 2234031                    /usr/local/lib/libpjmedia-codec.so.2
7f8497683000-7f8497684000 r--p 0000d000 08:02 2234031                    /usr/local/lib/libpjmedia-codec.so.2
7f8497684000-7f8497685000 rw-p 0000e000 08:02 2234031                    /usr/local/lib/libpjmedia-codec.so.2
7f8497685000-7f849768b000 r--p 00000000 08:02 2234025                    /usr/local/lib/libpjsip-ua.so.2
7f849768b000-7f849769d000 r-xp 00006000 08:02 2234025                    /usr/local/lib/libpjsip-ua.so.2
7f849769d000-7f84976a3000 r--p 00018000 08:02 2234025                    /usr/local/lib/libpjsip-ua.so.2
7f84976a3000-7f84976a4000 r--p 0001d000 08:02 2234025                    /usr/local/lib/libpjsip-ua.so.2
7f84976a4000-7f84976a5000 rw-p 0001e000 08:02 2234025                    /usr/local/lib/libpjsip-ua.so.2
7f84976a5000-7f84976b3000 r--p 00000000 08:02 2234035                    /usr/local/lib/libpjmedia.so.2
7f84976b3000-7f84976eb000 r-xp 0000e000 08:02 2234035                    /usr/local/lib/libpjmedia.so.2
7f84976eb000-7f8497708000 r--p 00046000 08:02 2234035                    /usr/local/lib/libpjmedia.so.2
7f8497708000-7f8497709000 ---p 00063000 08:02 2234035                    /usr/local/lib/libpjmedia.so.2
7f8497709000-7f849770a000 r--p 00063000 08:02 2234035                    /usr/local/lib/libpjmedia.so.2
7f849770a000-7f849770c000 rw-p 00064000 08:02 2234035                    /usr/local/lib/libpjmedia.so.2
7f849770c000-7f849770d000 rw-p 00000000 00:00 0 
7f849770d000-7f849771b000 r--p 00000000 08:02 2234029                    /usr/local/lib/libpjsip.so.2
7f849771b000-7f849774b000 r-xp 0000e000 08:02 2234029                    /usr/local/lib/libpjsip.so.2
7f849774b000-7f849775c000 r--p 0003e000 08:02 2234029                    /usr/local/lib/libpjsip.so.2
7f849775c000-7f849775e000 r--p 0004e000 08:02 2234029                    /usr/local/lib/libpjsip.so.2
7f849775e000-7f8497760000 rw-p 00050000 08:02 2234029                    /usr/local/lib/libpjsip.so.2
7f8497760000-7f8497765000 rw-p 00000000 00:00 0 
7f8497765000-7f8497773000 r--p 00000000 08:02 2234023                    /usr/local/lib/libpjsua.so.2
7f8497773000-7f84977a8000 r-xp 0000e000 08:02 2234023                    /usr/local/lib/libpjsua.so.2
7f84977a8000-7f84977b5000 r--p 00043000 08:02 2234023                    /usr/local/lib/libpjsua.so.2
7f84977b5000-7f84977b6000 r--p 0004f000 08:02 2234023                    /usr/local/lib/libpjsua.so.2
7f84977b6000-7f84977b8000 rw-p 00050000 08:02 2234023                    /usr/local/lib/libpjsua.so.2
7f84977b8000-7f849789a000 rw-p 00000000 00:00 0 
7f849789a000-7f84978e9000 r--p 00000000 08:02 3937548                    /home/user/NetBeansProjects/pjsau/src/pjsau/Sofile/libpjsua2.so
7f84978e9000-7f8497975000 r-xp 0004f000 08:02 3937548                    /home/user/NetBeansProjects/pjsau/src/pjsau/Sofile/libpjsua2.so
7f8497975000-7f84979ab000 r--p 000db000 08:02 3937548                    /home/user/NetBeansProjects/pjsau/src/pjsau/Sofile/libpjsua2.so
7f84979ab000-7f84979ac000 ---p 00111000 08:02 3937548                    /home/user/NetBeansProjects/pjsau/src/pjsau/Sofile/libpjsua2.so
7f84979ac000-7f84979ad000 r--p 00111000 08:02 3937548                    /home/user/NetBeansProjects/pjsau/src/pjsau/Sofile/libpjsua2.so
7f84979ad000-7f84979af000 rw-p 00112000 08:02 3937548                    /home/user/NetBeansProjects/pjsau/src/pjsau/Sofile/libpjsua2.so
7f84979af000-7f8497a45000 r--p 00000000 08:02 1450209                    /usr/lib/x86_64-linux-gnu/libstdc++.so.6.0.28
7f8497a45000-7f8497b36000 r-xp 00096000 08:02 1450209                    /usr/lib/x86_64-linux-gnu/libstdc++.so.6.0.28
7f8497b36000-7f8497b7f000 r--p 00187000 08:02 1450209                    /usr/lib/x86_64-linux-gnu/libstdc++.so.6.0.28
7f8497b7f000-7f8497b80000 ---p 001d0000 08:02 1450209                    /usr/lib/x86_64-linux-gnu/libstdc++.so.6.0.28
7f8497b80000-7f8497b8b000 r--p 001d0000 08:02 1450209                    /usr/lib/x86_64-linux-gnu/libstdc++.so.6.0.28
7f8497b8b000-7f8497b8e000 rw-p 001db000 08:02 1450209                    /usr/lib/x86_64-linux-gnu/libstdc++.so.6.0.28
7f8497b8e000-7f8497b91000 rw-p 00000000 00:00 0 
7f8497b91000-7f8497cfa000 r-xp 00000000 08:02 5921502                    /home/user/NetBeansProjects/pjsau/src/pjsau/Sofile/libopenh264.so
7f8497cfa000-7f8497efa000 ---p 00169000 08:02 5921502                    /home/user/NetBeansProjects/pjsau/src/pjsau/Sofile/libopenh264.so
7f8497efa000-7f8497efd000 r--p 00169000 08:02 5921502                    /home/user/NetBeansProjects/pjsau/src/pjsau/Sofile/libopenh264.so
7f8497efd000-7f8497eff000 rw-p 0016c000 08:02 5921502                    /home/user/NetBeansProjects/pjsau/src/pjsau/Sofile/libopenh264.so
7f8497eff000-7f8497f00000 ---p 00000000 00:00 0 
7f8497f00000-7f8498000000 rw-p 00000000 00:00 0 
7f8498000000-7f8498026000 rw-p 00000000 00:00 0 
7f8498026000-7f849c000000 ---p 00000000 00:00 0 
7f849c000000-7f849c021000 rw-p 00000000 00:00 0 
7f849c021000-7f84a0000000 ---p 00000000 00:00 0 
7f84a0000000-7f84a0021000 rw-p 00000000 00:00 0 
7f84a0021000-7f84a4000000 ---p 00000000 00:00 0 
7f84a4000000-7f84a4021000 rw-p 00000000 00:00 0 
7f84a4021000-7f84a8000000 ---p 00000000 00:00 0 
7f84a8000000-7f84a8021000 rw-p 00000000 00:00 0 
7f84a8021000-7f84ac000000 ---p 00000000 00:00 0 
7f84ac000000-7f84ac021000 rw-p 00000000 00:00 0 
7f84ac021000-7f84b0000000 ---p 00000000 00:00 0 
7f84b0000000-7f84b0021000 rw-p 00000000 00:00 0 
7f84b0021000-7f84b4000000 ---p 00000000 00:00 0 
7f84b4000000-7f84b4021000 rw-p 00000000 00:00 0 
7f84b4021000-7f84b8000000 ---p 00000000 00:00 0 
7f84b8000000-7f84b8021000 rw-p 00000000 00:00 0 
7f84b8021000-7f84bc000000 ---p 00000000 00:00 0 
7f84bc002000-7f84bc004000 r--p 00000000 08:02 1442187                    /usr/lib/x86_64-linux-gnu/libuuid.so.1.3.0
7f84bc004000-7f84bc008000 r-xp 00002000 08:02 1442187                    /usr/lib/x86_64-linux-gnu/libuuid.so.1.3.0
7f84bc008000-7f84bc009000 r--p 00006000 08:02 1442187                    /usr/lib/x86_64-linux-gnu/libuuid.so.1.3.0
7f84bc009000-7f84bc00a000 r--p 00006000 08:02 1442187                    /usr/lib/x86_64-linux-gnu/libuuid.so.1.3.0
7f84bc00a000-7f84bc00b000 rw-p 00007000 08:02 1442187                    /usr/lib/x86_64-linux-gnu/libuuid.so.1.3.0
7f84bc00b000-7f84bc017000 r--p 00000000 08:02 2234043                    /usr/local/lib/libpj.so.2
7f84bc017000-7f84bc035000 r-xp 0000c000 08:02 2234043                    /usr/local/lib/libpj.so.2
7f84bc035000-7f84bc040000 r--p 0002a000 08:02 2234043                    /usr/local/lib/libpj.so.2
7f84bc040000-7f84bc041000 ---p 00035000 08:02 2234043                    /usr/local/lib/libpj.so.2
7f84bc041000-7f84bc042000 r--p 00035000 08:02 2234043                    /usr/local/lib/libpj.so.2
7f84bc042000-7f84bc043000 rw-p 00036000 08:02 2234043                    /usr/local/lib/libpj.so.2
7f84bc043000-7f84bc045000 rw-p 00000000 00:00 0 
7f84bc045000-7f84bc061000 r--p 00000000 08:02 2234021                    /usr/local/lib/libpjsua2.so.2
7f84bc061000-7f84bc0b5000 r-xp 0001c000 08:02 2234021                    /usr/local/lib/libpjsua2.so.2
7f84bc0b5000-7f84bc0ca000 r--p 00070000 08:02 2234021                    /usr/local/lib/libpjsua2.so.2
7f84bc0ca000-7f84bc0cc000 r--p 00084000 08:02 2234021                    /usr/local/lib/libpjsua2.so.2
7f84bc0cc000-7f84bc0ce000 rw-p 00086000 08:02 2234021                    /usr/local/lib/libpjsua2.so.2
7f84bc0ce000-7f84bc0d1000 ---p 00000000 00:00 0 
7f84bc0d1000-7f84bc1cf000 rw-p 00000000 00:00 0 
7f84bc1cf000-7f84bc1d0000 ---p 00000000 00:00 0 
7f84bc1d0000-7f84bc1d3000 ---p 00000000 00:00 0 
7f84bc1d3000-7f84c0000000 rw-p 00000000 00:00 0 
7f84c0000000-7f84c0021000 rw-p 00000000 00:00 0 
7f84c0021000-7f84c4000000 ---p 00000000 00:00 0 
7f84c4000000-7f84c4001000 r--p 00000000 08:02 2234007                    /usr/local/lib/libresample.so.2
7f84c4001000-7f84c4002000 r-xp 00001000 08:02 2234007                    /usr/local/lib/libresample.so.2
7f84c4002000-7f84c400d000 r--p 00002000 08:02 2234007                    /usr/local/lib/libresample.so.2
7f84c400d000-7f84c400e000 r--p 0000c000 08:02 2234007                    /usr/local/lib/libresample.so.2
7f84c400e000-7f84c400f000 rw-p 0000d000 08:02 2234007                    /usr/local/lib/libresample.so.2
7f84c400f000-7f84c4016000 r--p 00000000 08:02 2234041                    /usr/local/lib/libpjlib-util.so.2
7f84c4016000-7f84c4030000 r-xp 00007000 08:02 2234041                    /usr/local/lib/libpjlib-util.so.2
7f84c4030000-7f84c4038000 r--p 00021000 08:02 2234041                    /usr/local/lib/libpjlib-util.so.2
7f84c4038000-7f84c4039000 r--p 00028000 08:02 2234041                    /usr/local/lib/libpjlib-util.so.2
7f84c4039000-7f84c403a000 rw-p 00029000 08:02 2234041                    /usr/local/lib/libpjlib-util.so.2
7f84c403a000-7f84c4040000 r--p 00000000 08:02 2234027                    /usr/local/lib/libpjsip-simple.so.2
7f84c4040000-7f84c404b000 r-xp 00006000 08:02 2234027                    /usr/local/lib/libpjsip-simple.so.2
7f84c404b000-7f84c404f000 r--p 00011000 08:02 2234027                    /usr/local/lib/libpjsip-simple.so.2
7f84c404f000-7f84c4050000 ---p 00015000 08:02 2234027                    /usr/local/lib/libpjsip-simple.so.2
7f84c4050000-7f84c4051000 r--p 00015000 08:02 2234027                    /usr/local/lib/libpjsip-simple.so.2
7f84c4051000-7f84c4052000 rw-p 00016000 08:02 2234027                    /usr/local/lib/libpjsip-simple.so.2
7f84c4052000-7f84c4055000 r--p 00000000 08:02 1449406                    /usr/lib/x86_64-linux-gnu/libgcc_s.so.1
7f84c4055000-7f84c4067000 r-xp 00003000 08:02 1449406                    /usr/lib/x86_64-linux-gnu/libgcc_s.so.1
7f84c4067000-7f84c406b000 r--p 00015000 08:02 1449406                    /usr/lib/x86_64-linux-gnu/libgcc_s.so.1
7f84c406b000-7f84c406c000 r--p 00018000 08:02 1449406                    /usr/lib/x86_64-linux-gnu/libgcc_s.so.1
7f84c406c000-7f84c406d000 rw-p 00019000 08:02 1449406                    /usr/lib/x86_64-linux-gnu/libgcc_s.so.1
7f84c406f000-7f84c4070000 r--p 00000000 08:02 1448940                    /usr/lib/x86_64-linux-gnu/libXau.so.6.0.0
7f84c4070000-7f84c4072000 r-xp 00001000 08:02 1448940                    /usr/lib/x86_64-linux-gnu/libXau.so.6.0.0
7f84c4072000-7f84c4073000 r--p 00003000 08:02 1448940                    /usr/lib/x86_64-linux-gnu/libXau.so.6.0.0
7f84c4073000-7f84c4074000 r--p 00003000 08:02 1448940                    /usr/lib/x86_64-linux-gnu/libXau.so.6.0.0
7f84c4074000-7f84c4075000 rw-p 00004000 08:02 1448940                    /usr/lib/x86_64-linux-gnu/libXau.so.6.0.0
7f84c4075000-7f84c4078000 r--p 00000000 08:02 1450402                    /usr/lib/x86_64-linux-gnu/libwrap.so.0.7.6
7f84c4078000-7f84c407d000 r-xp 00003000 08:02 1450402                    /usr/lib/x86_64-linux-gnu/libwrap.so.0.7.6
7f84c407d000-7f84c407f000 r--p 00008000 08:02 1450402                    /usr/lib/x86_64-linux-gnu/libwrap.so.0.7.6
7f84c407f000-7f84c4080000 r--p 00009000 08:02 1450402                    /usr/lib/x86_64-linux-gnu/libwrap.so.0.7.6
7f84c4080000-7f84c4081000 rw-p 0000a000 08:02 1450402                    /usr/lib/x86_64-linux-gnu/libwrap.so.0.7.6
7f84c4081000-7f84c4082000 r--p 00000000 08:02 2097971                    /usr/lib/x86_64-linux-gnu/alsa-lib/libasound_module_rate_samplerate.so
7f84c4082000-7f84c4083000 r-xp 00001000 08:02 2097971                    /usr/lib/x86_64-linux-gnu/alsa-lib/libasound_module_rate_samplerate.so
7f84c4083000-7f84c4084000 r--p 00002000 08:02 2097971                    /usr/lib/x86_64-linux-gnu/alsa-lib/libasound_module_rate_samplerate.so
7f84c4084000-7f84c4085000 r--p 00002000 08:02 2097971                    /usr/lib/x86_64-linux-gnu/alsa-lib/libasound_module_rate_samplerate.so
7f84c4085000-7f84c4086000 rw-p 00003000 08:02 2097971                    /usr/lib/x86_64-linux-gnu/alsa-lib/libasound_module_rate_samplerate.so
7f84c4086000-7f84c4087000 ---p 00000000 00:00 0 
7f84c4087000-7f84c408a000 ---p 00000000 00:00 0 
7f84c408a000-7f84c4187000 rw-p 00000000 00:00 0 
7f84c4187000-7f84c4188000 ---p 00000000 00:00 0 
7f84c4188000-7f84c418b000 ---p 00000000 00:00 0 
7f84c418b000-7f84c4288000 rw-p 00000000 00:00 0 
7f84c4288000-7f84c428b000 ---p 00000000 00:00 0 
7f84c428b000-7f84c4389000 rw-p 00000000 00:00 0 
7f84c4389000-7f84c48f9000 r--p 00000000 08:02 1444832                    /usr/lib/locale/locale-archive
7f84c48f9000-7f84c48fc000 ---p 00000000 00:00 0 
7f84c48fc000-7f84c49fa000 rw-p 00000000 00:00 0 
7f84c49fa000-7f84c49fd000 ---p 00000000 00:00 0 
7f84c49fd000-7f84c4afb000 rw-p 00000000 00:00 0 
7f84c4afb000-7f84c4afc000 ---p 00000000 00:00 0 
7f84c4afc000-7f84c5000000 rw-p 00000000 00:00 0 
7f84c5000000-7f84c5270000 rwxp 00000000 00:00 0 
7f84c5270000-7f84d4000000 ---p 00000000 00:00 0 
7f84d4000000-7f84d428d000 rw-p 00000000 00:00 0 
7f84d428d000-7f84d8000000 ---p 00000000 00:00 0 
7f84d8000000-7f84d8002000 r--p 00000000 08:02 2234037                    /usr/local/lib/libpjmedia-audiodev.so.2
7f84d8002000-7f84d8006000 r-xp 00002000 08:02 2234037                    /usr/local/lib/libpjmedia-audiodev.so.2
7f84d8006000-7f84d8007000 r--p 00006000 08:02 2234037                    /usr/local/lib/libpjmedia-audiodev.so.2
7f84d8007000-7f84d8008000 ---p 00007000 08:02 2234037                    /usr/local/lib/libpjmedia-audiodev.so.2
7f84d8008000-7f84d8009000 r--p 00007000 08:02 2234037                    /usr/local/lib/libpjmedia-audiodev.so.2
7f84d8009000-7f84d800a000 rw-p 00008000 08:02 2234037                    /usr/local/lib/libpjmedia-audiodev.so.2
7f84d800a000-7f84d8c0a000 rw-p 00000000 00:00 0 
7f84d8c0a000-7f84d8dea000 r--s 03ea1000 08:02 5380617                    /home/user/software/jdk1.8.0_331/jre/lib/rt.jar
7f84d8dea000-7f84d93a3000 rw-p 00000000 00:00 0 
7f84d93a3000-7f84d96e3000 ---p 00000000 00:00 0 
7f84d96e3000-7f84d9add000 rw-p 00000000 00:00 0 
7f84d9add000-7f84d9ade000 ---p 00000000 00:00 0 
7f84d9ade000-7f84d9bde000 rw-p 00000000 00:00 0 
7f84d9bde000-7f84d9bdf000 ---p 00000000 00:00 0 
7f84d9bdf000-7f84d9cdf000 rw-p 00000000 00:00 0 
7f84d9cdf000-7f84d9ce0000 ---p 00000000 00:00 0 
7f84d9ce0000-7f84d9de0000 rw-p 00000000 00:00 0 
7f84d9de0000-7f84d9de1000 ---p 00000000 00:00 0 
7f84d9de1000-7f84d9f0b000 rw-p 00000000 00:00 0 
7f84d9f0b000-7f84da16e000 ---p 00000000 00:00 0 
7f84da16e000-7f84da198000 rw-p 00000000 00:00 0 
7f84da198000-7f84da3fa000 ---p 00000000 00:00 0 
7f84da3fa000-7f84da410000 rw-p 00000000 00:00 0 
7f84da410000-7f84da541000 ---p 00000000 00:00 0 
7f84da541000-7f84da54c000 rw-p 00000000 00:00 0 
7f84da54c000-7f84da902000 ---p 00000000 00:00 0 
7f84da902000-7f84da91d000 r-xp 00000000 08:02 5380501                    /home/user/software/jdk1.8.0_331/jre/lib/amd64/libzip.so
7f84da91d000-7f84dab1c000 ---p 0001b000 08:02 5380501                    /home/user/software/jdk1.8.0_331/jre/lib/amd64/libzip.so
7f84dab1c000-7f84dab1d000 r--p 0001a000 08:02 5380501                    /home/user/software/jdk1.8.0_331/jre/lib/amd64/libzip.so
7f84dab1d000-7f84dab1e000 rw-p 0001b000 08:02 5380501                    /home/user/software/jdk1.8.0_331/jre/lib/amd64/libzip.so
7f84dab1e000-7f84dab26000 rw-s 00000000 08:02 9833410                    /tmp/hsperfdata_user/8370
7f84dab26000-7f84dab53000 r-xp 00000000 08:02 5380498                    /home/user/software/jdk1.8.0_331/jre/lib/amd64/libjava.so
7f84dab53000-7f84dad52000 ---p 0002d000 08:02 5380498                    /home/user/software/jdk1.8.0_331/jre/lib/amd64/libjava.so
7f84dad52000-7f84dad53000 r--p 0002c000 08:02 5380498                    /home/user/software/jdk1.8.0_331/jre/lib/amd64/libjava.so
7f84dad53000-7f84dad55000 rw-p 0002d000 08:02 5380498                    /home/user/software/jdk1.8.0_331/jre/lib/amd64/libjava.so
7f84dad55000-7f84dad62000 r-xp 00000000 08:02 5380487                    /home/user/software/jdk1.8.0_331/jre/lib/amd64/libverify.so
7f84dad62000-7f84daf61000 ---p 0000d000 08:02 5380487                    /home/user/software/jdk1.8.0_331/jre/lib/amd64/libverify.so
7f84daf61000-7f84daf63000 r--p 0000c000 08:02 5380487                    /home/user/software/jdk1.8.0_331/jre/lib/amd64/libverify.so
7f84daf63000-7f84daf64000 rw-p 0000e000 08:02 5380487                    /home/user/software/jdk1.8.0_331/jre/lib/amd64/libverify.so
7f84daf64000-7f84daf66000 r--p 00000000 08:02 1445807                    /usr/lib/x86_64-linux-gnu/librt-2.31.so
7f84daf66000-7f84daf6a000 r-xp 00002000 08:02 1445807                    /usr/lib/x86_64-linux-gnu/librt-2.31.so
7f84daf6a000-7f84daf6c000 r--p 00006000 08:02 1445807                    /usr/lib/x86_64-linux-gnu/librt-2.31.so
7f84daf6c000-7f84daf6d000 r--p 00007000 08:02 1445807                    /usr/lib/x86_64-linux-gnu/librt-2.31.so
7f84daf6d000-7f84daf6e000 rw-p 00008000 08:02 1445807                    /usr/lib/x86_64-linux-gnu/librt-2.31.so
7f84daf6e000-7f84daf6f000 ---p 00000000 00:00 0 
7f84daf6f000-7f84daf72000 ---p 00000000 00:00 0 
7f84daf72000-7f84db06f000 rw-p 00000000 00:00 0 
7f84db06f000-7f84db07c000 r--p 00000000 08:02 1445794                    /usr/lib/x86_64-linux-gnu/libm-2.31.so
7f84db07c000-7f84db123000 r-xp 0000d000 08:02 1445794                    /usr/lib/x86_64-linux-gnu/libm-2.31.so
7f84db123000-7f84db1bc000 r--p 000b4000 08:02 1445794                    /usr/lib/x86_64-linux-gnu/libm-2.31.so
7f84db1bc000-7f84db1bd000 r--p 0014c000 08:02 1445794                    /usr/lib/x86_64-linux-gnu/libm-2.31.so
7f84db1bd000-7f84db1be000 rw-p 0014d000 08:02 1445794                    /usr/lib/x86_64-linux-gnu/libm-2.31.so
7f84db1be000-7f84dbeb6000 r-xp 00000000 08:02 5380480                    /home/user/software/jdk1.8.0_331/jre/lib/amd64/server/libjvm.so
7f84dbeb6000-7f84dc0b5000 ---p 00cf8000 08:02 5380480                    /home/user/software/jdk1.8.0_331/jre/lib/amd64/server/libjvm.so
7f84dc0b5000-7f84dc14b000 r--p 00cf7000 08:02 5380480                    /home/user/software/jdk1.8.0_331/jre/lib/amd64/server/libjvm.so
7f84dc14b000-7f84dc17c000 rw-p 00d8d000 08:02 5380480                    /home/user/software/jdk1.8.0_331/jre/lib/amd64/server/libjvm.so
7f84dc17c000-7f84dc1b9000 rw-p 00000000 00:00 0 
7f84dc1b9000-7f84dc1db000 r--p 00000000 08:02 1445792                    /usr/lib/x86_64-linux-gnu/libc-2.31.so
7f84dc1db000-7f84dc353000 r-xp 00022000 08:02 1445792                    /usr/lib/x86_64-linux-gnu/libc-2.31.so
7f84dc353000-7f84dc3a1000 r--p 0019a000 08:02 1445792                    /usr/lib/x86_64-linux-gnu/libc-2.31.so
7f84dc3a1000-7f84dc3a5000 r--p 001e7000 08:02 1445792                    /usr/lib/x86_64-linux-gnu/libc-2.31.so
7f84dc3a5000-7f84dc3a7000 rw-p 001eb000 08:02 1445792                    /usr/lib/x86_64-linux-gnu/libc-2.31.so
7f84dc3a7000-7f84dc3ab000 rw-p 00000000 00:00 0 
7f84dc3ab000-7f84dc3ac000 r--p 00000000 08:02 1445793                    /usr/lib/x86_64-linux-gnu/libdl-2.31.so
7f84dc3ac000-7f84dc3ae000 r-xp 00001000 08:02 1445793                    /usr/lib/x86_64-linux-gnu/libdl-2.31.so
7f84dc3ae000-7f84dc3af000 r--p 00003000 08:02 1445793                    /usr/lib/x86_64-linux-gnu/libdl-2.31.so
7f84dc3af000-7f84dc3b0000 r--p 00003000 08:02 1445793                    /usr/lib/x86_64-linux-gnu/libdl-2.31.so
7f84dc3b0000-7f84dc3b1000 rw-p 00004000 08:02 1445793                    /usr/lib/x86_64-linux-gnu/libdl-2.31.so
7f84dc3b1000-7f84dc3c8000 r-xp 00000000 08:02 9965144                    /home/user/software/jdk1.8.0_331/lib/amd64/jli/libjli.so
7f84dc3c8000-7f84dc5c7000 ---p 00017000 08:02 9965144                    /home/user/software/jdk1.8.0_331/lib/amd64/jli/libjli.so
7f84dc5c7000-7f84dc5c8000 r--p 00016000 08:02 9965144                    /home/user/software/jdk1.8.0_331/lib/amd64/jli/libjli.so
7f84dc5c8000-7f84dc5c9000 rw-p 00017000 08:02 9965144                    /home/user/software/jdk1.8.0_331/lib/amd64/jli/libjli.so
7f84dc5c9000-7f84dc5cf000 r--p 00000000 08:02 1445805                    /usr/lib/x86_64-linux-gnu/libpthread-2.31.so
7f84dc5cf000-7f84dc5e0000 r-xp 00006000 08:02 1445805                    /usr/lib/x86_64-linux-gnu/libpthread-2.31.so
7f84dc5e0000-7f84dc5e6000 r--p 00017000 08:02 1445805                    /usr/lib/x86_64-linux-gnu/libpthread-2.31.so
7f84dc5e6000-7f84dc5e7000 r--p 0001c000 08:02 1445805                    /usr/lib/x86_64-linux-gnu/libpthread-2.31.so
7f84dc5e7000-7f84dc5e8000 rw-p 0001d000 08:02 1445805                    /usr/lib/x86_64-linux-gnu/libpthread-2.31.so
7f84dc5e8000-7f84dc5ec000 rw-p 00000000 00:00 0 
7f84dc5f0000-7f84dc5f3000 r--p 00000000 08:02 1445800                    /usr/lib/x86_64-linux-gnu/libnss_files-2.31.so
7f84dc5f3000-7f84dc5fa000 r-xp 00003000 08:02 1445800                    /usr/lib/x86_64-linux-gnu/libnss_files-2.31.so
7f84dc5fa000-7f84dc5fc000 r--p 0000a000 08:02 1445800                    /usr/lib/x86_64-linux-gnu/libnss_files-2.31.so
7f84dc5fc000-7f84dc5fd000 r--p 0000b000 08:02 1445800                    /usr/lib/x86_64-linux-gnu/libnss_files-2.31.so
7f84dc5fd000-7f84dc5fe000 rw-p 0000c000 08:02 1445800                    /usr/lib/x86_64-linux-gnu/libnss_files-2.31.so
7f84dc5fe000-7f84dc607000 rw-p 00000000 00:00 0 
7f84dc607000-7f84dc608000 r--p 00000000 08:02 1445788                    /usr/lib/x86_64-linux-gnu/ld-2.31.so
7f84dc608000-7f84dc62b000 r-xp 00001000 08:02 1445788                    /usr/lib/x86_64-linux-gnu/ld-2.31.so
7f84dc62b000-7f84dc633000 r--p 00024000 08:02 1445788                    /usr/lib/x86_64-linux-gnu/ld-2.31.so
7f84dc633000-7f84dc634000 r--p 00000000 00:00 0 
7f84dc634000-7f84dc635000 r--p 0002c000 08:02 1445788                    /usr/lib/x86_64-linux-gnu/ld-2.31.so
7f84dc635000-7f84dc636000 rw-p 0002d000 08:02 1445788                    /usr/lib/x86_64-linux-gnu/ld-2.31.so
7f84dc636000-7f84dc637000 rw-p 00000000 00:00 0 
7ffea6299000-7ffea62ba000 rw-p 00000000 00:00 0                          [stack]
7ffea62d3000-7ffea62d7000 r--p 00000000 00:00 0                          [vvar]
7ffea62d7000-7ffea62d9000 r-xp 00000000 00:00 0                          [vdso]
ffffffffff600000-ffffffffff601000 --xp 00000000 00:00 0                  [vsyscall]

VM Arguments:
jvm_args: -Dfile.encoding=UTF-8 -Djava.library.path=/home/user/NetBeansProjects/pjsau/src/pjsau/Sofile/ 
java_command: pjsau.Pjsau
java_class_path (initial): /home/user/Downloads/pjproject-2.12.1/pjsip-apps/src/swig/java/output:/home/user/NetBeansProjects/pjsau/build/classes
Launcher Type: SUN_STANDARD

Environment Variables:
PATH=/home/user/.local/bin:/usr/local/sbin:/usr/local/bin:/usr/sbin:/usr/bin:/sbin:/bin:/usr/games:/usr/local/games:/snap/bin
USERNAME=user
SHELL=/bin/bash
DISPLAY=:0

Signal Handlers:
SIGSEGV: [libjvm.so+0xae0f60], sa_mask[0]=11111111011111111101111111111110, sa_flags=SA_RESTART|SA_SIGINFO
SIGBUS: [libjvm.so+0xae0f60], sa_mask[0]=11111111011111111101111111111110, sa_flags=SA_RESTART|SA_SIGINFO
SIGFPE: [libjvm.so+0xae0f60], sa_mask[0]=11111111011111111101111111111110, sa_flags=SA_RESTART|SA_SIGINFO
SIGPIPE: [libjvm.so+0x915120], sa_mask[0]=11111111011111111101111111111110, sa_flags=SA_RESTART|SA_SIGINFO
SIGXFSZ: [libjvm.so+0x915120], sa_mask[0]=11111111011111111101111111111110, sa_flags=SA_RESTART|SA_SIGINFO
SIGILL: [libjvm.so+0xae0f60], sa_mask[0]=11111111011111111101111111111110, sa_flags=SA_RESTART|SA_SIGINFO
SIGUSR1: SIG_DFL, sa_mask[0]=00000000000000000000000000000000, sa_flags=none
SIGUSR2: [libjvm.so+0x914ff0], sa_mask[0]=00100000000000000000000000000000, sa_flags=SA_RESTART|SA_SIGINFO
SIGHUP: [libjvm.so+0x915610], sa_mask[0]=11111111011111111101111111111110, sa_flags=SA_RESTART|SA_SIGINFO
SIGINT: SIG_IGN, sa_mask[0]=00000000000000000000000000000000, sa_flags=none
SIGTERM: [libjvm.so+0x915610], sa_mask[0]=11111111011111111101111111111110, sa_flags=SA_RESTART|SA_SIGINFO
SIGQUIT: [libjvm.so+0x915610], sa_mask[0]=11111111011111111101111111111110, sa_flags=SA_RESTART|SA_SIGINFO


---------------  S Y S T E M  ---------------

OS:DISTRIB_ID=Ubuntu
DISTRIB_RELEASE=20.04
DISTRIB_CODENAME=focal
DISTRIB_DESCRIPTION="Ubuntu 20.04.4 LTS"

uname:Linux 5.13.0-44-generic #49~20.04.1-Ubuntu SMP Wed May 18 18:44:28 UTC 2022 x86_64
libc:glibc 2.31 NPTL 2.31 
rlimit: STACK 8192k, CORE 0k, NPROC 31039, NOFILE 1048576, AS infinity
load average:0.57 0.66 0.69

/proc/meminfo:
MemTotal:        8017192 kB
MemFree:          877168 kB
MemAvailable:    3502728 kB
Buffers:          190084 kB
Cached:          2987856 kB
SwapCached:            0 kB
Active:          1078752 kB
Inactive:        5186648 kB
Active(anon):       3088 kB
Inactive(anon):  3525260 kB
Active(file):    1075664 kB
Inactive(file):  1661388 kB
Unevictable:      430476 kB
Mlocked:              20 kB
SwapTotal:       3999740 kB
SwapFree:        3999740 kB
Dirty:               396 kB
Writeback:             0 kB
AnonPages:       3517432 kB
Mapped:           603900 kB
Shmem:            447840 kB
KReclaimable:     192572 kB
Slab:             327380 kB
SReclaimable:     192572 kB
SUnreclaim:       134808 kB
KernelStack:       16264 kB
PageTables:        31212 kB
NFS_Unstable:          0 kB
Bounce:                0 kB
WritebackTmp:          0 kB
CommitLimit:     8008336 kB
Committed_AS:    8544788 kB
VmallocTotal:   34359738367 kB
VmallocUsed:       41092 kB
VmallocChunk:          0 kB
Percpu:             3984 kB
HardwareCorrupted:     0 kB
AnonHugePages:         0 kB
ShmemHugePages:        0 kB
ShmemPmdMapped:        0 kB
FileHugePages:         0 kB
FilePmdMapped:         0 kB
HugePages_Total:       0
HugePages_Free:        0
HugePages_Rsvd:        0
HugePages_Surp:        0
Hugepagesize:       2048 kB
Hugetlb:               0 kB
DirectMap4k:      289184 kB
DirectMap2M:     7974912 kB
DirectMap1G:           0 kB

container (cgroup) information:
container_type: cgroupv1
cpu_cpuset_cpus: 0-3
cpu_memory_nodes: 0
active_processor_count: 4
cpu_quota: -1
cpu_period: 100000
cpu_shares: -1
memory_limit_in_bytes: -1
memory_and_swap_limit_in_bytes: -1
memory_soft_limit_in_bytes: -1
memory_usage_in_bytes: 5048741888
memory_max_usage_in_bytes: 5049049088


CPU:total 4 (initial active 4) (4 cores per cpu, 1 threads per core) family 6 model 158 stepping 9, cmov, cx8, fxsr, mmx, sse, sse2, sse3, ssse3, sse4.1, sse4.2, popcnt, avx, avx2, aes, clmul, erms, rtm, 3dnowpref, lzcnt, tsc, tscinvbit, bmi1, bmi2, adx

/proc/cpuinfo:
processor	: 0
vendor_id	: GenuineIntel
cpu family	: 6
model		: 158
model name	: Intel(R) Core(TM) i5-7500 CPU @ 3.40GHz
stepping	: 9
microcode	: 0xec
cpu MHz		: 3622.699
cache size	: 6144 KB
physical id	: 0
siblings	: 4
core id		: 0
cpu cores	: 4
apicid		: 0
initial apicid	: 0
fpu		: yes
fpu_exception	: yes
cpuid level	: 22
wp		: yes
flags		: fpu vme de pse tsc msr pae mce cx8 apic sep mtrr pge mca cmov pat pse36 clflush dts acpi mmx fxsr sse sse2 ss ht tm pbe syscall nx pdpe1gb rdtscp lm constant_tsc art arch_perfmon pebs bts rep_good nopl xtopology nonstop_tsc cpuid aperfmperf pni pclmulqdq dtes64 monitor ds_cpl vmx smx est tm2 ssse3 sdbg fma cx16 xtpr pdcm pcid sse4_1 sse4_2 x2apic movbe popcnt tsc_deadline_timer aes xsave avx f16c rdrand lahf_lm abm 3dnowprefetch cpuid_fault epb invpcid_single pti ssbd ibrs ibpb stibp tpr_shadow vnmi flexpriority ept vpid ept_ad fsgsbase tsc_adjust bmi1 hle avx2 smep bmi2 erms invpcid rtm mpx rdseed adx smap clflushopt intel_pt xsaveopt xsavec xgetbv1 xsaves dtherm ida arat pln pts hwp hwp_notify hwp_act_window hwp_epp md_clear flush_l1d arch_capabilities
vmx flags	: vnmi preemption_timer invvpid ept_x_only ept_ad ept_1gb flexpriority tsc_offset vtpr mtf vapic ept vpid unrestricted_guest ple shadow_vmcs pml ept_mode_based_exec
bugs		: cpu_meltdown spectre_v1 spectre_v2 spec_store_bypass l1tf mds swapgs taa itlb_multihit srbds
bogomips	: 6799.81
clflush size	: 64
cache_alignment	: 64
address sizes	: 39 bits physical, 48 bits virtual
power management:

processor	: 1
vendor_id	: GenuineIntel
cpu family	: 6
model		: 158
model name	: Intel(R) Core(TM) i5-7500 CPU @ 3.40GHz
stepping	: 9
microcode	: 0xec
cpu MHz		: 3622.708
cache size	: 6144 KB
physical id	: 0
siblings	: 4
core id		: 1
cpu cores	: 4
apicid		: 2
initial apicid	: 2
fpu		: yes
fpu_exception	: yes
cpuid level	: 22
wp		: yes
flags		: fpu vme de pse tsc msr pae mce cx8 apic sep mtrr pge mca cmov pat pse36 clflush dts acpi mmx fxsr sse sse2 ss ht tm pbe syscall nx pdpe1gb rdtscp lm constant_tsc art arch_perfmon pebs bts rep_good nopl xtopology nonstop_tsc cpuid aperfmperf pni pclmulqdq dtes64 monitor ds_cpl vmx smx est tm2 ssse3 sdbg fma cx16 xtpr pdcm pcid sse4_1 sse4_2 x2apic movbe popcnt tsc_deadline_timer aes xsave avx f16c rdrand lahf_lm abm 3dnowprefetch cpuid_fault epb invpcid_single pti ssbd ibrs ibpb stibp tpr_shadow vnmi flexpriority ept vpid ept_ad fsgsbase tsc_adjust bmi1 hle avx2 smep bmi2 erms invpcid rtm mpx rdseed adx smap clflushopt intel_pt xsaveopt xsavec xgetbv1 xsaves dtherm ida arat pln pts hwp hwp_notify hwp_act_window hwp_epp md_clear flush_l1d arch_capabilities
vmx flags	: vnmi preemption_timer invvpid ept_x_only ept_ad ept_1gb flexpriority tsc_offset vtpr mtf vapic ept vpid unrestricted_guest ple shadow_vmcs pml ept_mode_based_exec
bugs		: cpu_meltdown spectre_v1 spectre_v2 spec_store_bypass l1tf mds swapgs taa itlb_multihit srbds
bogomips	: 6799.81
clflush size	: 64
cache_alignment	: 64
address sizes	: 39 bits physical, 48 bits virtual
power management:

processor	: 2
vendor_id	: GenuineIntel
cpu family	: 6
model		: 158
model name	: Intel(R) Core(TM) i5-7500 CPU @ 3.40GHz
stepping	: 9
microcode	: 0xec
cpu MHz		: 3605.212
cache size	: 6144 KB
physical id	: 0
siblings	: 4
core id		: 2
cpu cores	: 4
apicid		: 4
initial apicid	: 4
fpu		: yes
fpu_exception	: yes
cpuid level	: 22
wp		: yes
flags		: fpu vme de pse tsc msr pae mce cx8 apic sep mtrr pge mca cmov pat pse36 clflush dts acpi mmx fxsr sse sse2 ss ht tm pbe syscall nx pdpe1gb rdtscp lm constant_tsc art arch_perfmon pebs bts rep_good nopl xtopology nonstop_tsc cpuid aperfmperf pni pclmulqdq dtes64 monitor ds_cpl vmx smx est tm2 ssse3 sdbg fma cx16 xtpr pdcm pcid sse4_1 sse4_2 x2apic movbe popcnt tsc_deadline_timer aes xsave avx f16c rdrand lahf_lm abm 3dnowprefetch cpuid_fault epb invpcid_single pti ssbd ibrs ibpb stibp tpr_shadow vnmi flexpriority ept vpid ept_ad fsgsbase tsc_adjust bmi1 hle avx2 smep bmi2 erms invpcid rtm mpx rdseed adx smap clflushopt intel_pt xsaveopt xsavec xgetbv1 xsaves dtherm ida arat pln pts hwp hwp_notify hwp_act_window hwp_epp md_clear flush_l1d arch_capabilities
vmx flags	: vnmi preemption_timer invvpid ept_x_only ept_ad ept_1gb flexpriority tsc_offset vtpr mtf vapic ept vpid unrestricted_guest ple shadow_vmcs pml ept_mode_based_exec
bugs		: cpu_meltdown spectre_v1 spectre_v2 spec_store_bypass l1tf mds swapgs taa itlb_multihit srbds
bogomips	: 6799.81
clflush size	: 64
cache_alignment	: 64
address sizes	: 39 bits physical, 48 bits virtual
power management:

processor	: 3
vendor_id	: GenuineIntel
cpu family	: 6
model		: 158
model name	: Intel(R) Core(TM) i5-7500 CPU @ 3.40GHz
stepping	: 9
microcode	: 0xec
cpu MHz		: 3611.370
cache size	: 6144 KB
physical id	: 0
siblings	: 4
core id		: 3
cpu cores	: 4
apicid		: 6
initial apicid	: 6
fpu		: yes
fpu_exception	: yes
cpuid level	: 22
wp		: yes
flags		: fpu vme de pse tsc msr pae mce cx8 apic sep mtrr pge mca cmov pat pse36 clflush dts acpi mmx fxsr sse sse2 ss ht tm pbe syscall nx pdpe1gb rdtscp lm constant_tsc art arch_perfmon pebs bts rep_good nopl xtopology nonstop_tsc cpuid aperfmperf pni pclmulqdq dtes64 monitor ds_cpl vmx smx est tm2 ssse3 sdbg fma cx16 xtpr pdcm pcid sse4_1 sse4_2 x2apic movbe popcnt tsc_deadline_timer aes xsave avx f16c rdrand lahf_lm abm 3dnowprefetch cpuid_fault epb invpcid_single pti ssbd ibrs ibpb stibp tpr_shadow vnmi flexpriority ept vpid ept_ad fsgsbase tsc_adjust bmi1 hle avx2 smep bmi2 erms invpcid rtm mpx rdseed adx smap clflushopt intel_pt xsaveopt xsavec xgetbv1 xsaves dtherm ida arat pln pts hwp hwp_notify hwp_act_window hwp_epp md_clear flush_l1d arch_capabilities
vmx flags	: vnmi preemption_timer invvpid ept_x_only ept_ad ept_1gb flexpriority tsc_offset vtpr mtf vapic ept vpid unrestricted_guest ple shadow_vmcs pml ept_mode_based_exec
bugs		: cpu_meltdown spectre_v1 spectre_v2 spec_store_bypass l1tf mds swapgs taa itlb_multihit srbds
bogomips	: 6799.81
clflush size	: 64
cache_alignment	: 64
address sizes	: 39 bits physical, 48 bits virtual
power management:



Memory: 4k page, physical 8017192k(877168k free), swap 3999740k(3999740k free)

vm_info: Java HotSpot(TM) 64-Bit Server VM (25.331-b09) for linux-amd64 JRE (1.8.0_331-b09), built on Mar 10 2022 11:12:57 by "java_re" with gcc 7.3.0

time: Wed Jun  1 18:23:05 2022
timezone: IST
elapsed time: 0.160380 seconds (0d 0h 0m 0s)

