#
# A fatal error has been detected by the Java Runtime Environment:
#
#  SIGSEGV (0xb) at pc=0x00007fe41679fe17, pid=22588, tid=0x00007fe44213d700
#
# JRE version: Java(TM) SE Runtime Environment (8.0_331-b09) (build 1.8.0_331-b09)
# Java VM: Java HotSpot(TM) 64-Bit Server VM (25.331-b09 mixed mode linux-amd64 compressed oops)
# Problematic frame:
# C  [libpj.so.2+0x19e17]  pj_list_insert_after+0x7
#
# Failed to write core dump. Core dumps have been disabled. To enable core dumping, try "ulimit -c unlimited" before starting Java again
#
# If you would like to submit a bug report, please visit:
#   http://bugreport.java.com/bugreport/crash.jsp
# The crash happened outside the Java Virtual Machine in native code.
# See problematic frame for where to report the bug.
#

---------------  T H R E A D  ---------------

Current thread (0x00007fe43c00a800):  JavaThread "main" [_thread_in_native, id=22592, stack(0x00007fe44203e000,0x00007fe44213e000)]

siginfo: si_signo: 11 (SIGSEGV), si_code: 1 (SEGV_MAPERR), si_addr: 0x0000000000000008

Registers:
RAX=0x00007fe43c1e7318, RBX=0x00007fe44213c6b0, RCX=0x00007fe43c0008ee, RDX=0x0000000000000050
RSP=0x00007fe44213c448, RBP=0x00000000000000c8, RSI=0x00007fe43c242b58, RDI=0x0000000000000000
R8 =0x00007fe43c1e7318, R9 =0x0000000000000062, R10=0xfffffffffffff285, R11=0x00007fe41679fe30
R12=0x00007fe43c242b58, R13=0x0000000000000000, R14=0x0000000000000000, R15=0x0000000000000000
RIP=0x00007fe41679fe17, EFLAGS=0x0000000000010206, CSGSFS=0x002b000000000033, ERR=0x0000000000000004
  TRAPNO=0x000000000000000e

Top of Stack: (sp=0x00007fe44213c448)
0x00007fe44213c448:   00007fe41680b942 00007fe44213c480
0x00007fe44213c458:   00007fe442c7b837 00007fe41684acd0
0x00007fe44213c468:   00007fe43c288d78 00007fe43c146710
0x00007fe44213c478:   ab95f6de022aba00 5f6c6c61435f494e
0x00007fe44213c488:   00007fe43c25cae0 00007fe43c1bb790
0x00007fe44213c498:   0000000000000000 00007fe42cc6a5e0
0x00007fe44213c4a8:   00007fe44213c868 00007fe43c00a800
0x00007fe44213c4b8:   00007fe42c0776e3 7463656a6f725073
0x00007fe44213c4c8:   2f7561736a702f73 726573752f656d6f
0x00007fe44213c4d8:   6e61654274654e2f 00315f64616f6c61
0x00007fe44213c4e8:   00325f64616f6c61 0000000000000000
0x00007fe44213c4f8:   0000000000000000 0000000000000000
0x00007fe44213c508:   0000000000000000 bfd3c6ef6cc094cb
0x00007fe44213c518:   0000000000000000 3ec718be416adb9b
0x00007fe44213c528:   0000000000000000 3f5b2faeef4b9f00
0x00007fe44213c538:   0000000000000000 3fd41b2faeef4b9f
0x00007fe44213c548:   0000000000000000 3f59de9bca3ef199
0x00007fe44213c558:   0000000000000000 00007fe44213c630
0x00007fe44213c568:   00007fe442b67f14 00007fe443190700
0x00007fe44213c578:   00007fe43c131090 0000000000000039
0x00007fe44213c588:   00007fe442a688ea 000000000152d2dd
0x00007fe44213c598:   00007fe400000015 00007fe42cc6a5e8
0x00007fe44213c5a8:   00007fe43c00a800 00007fe42cc6a5e8
0x00007fe44213c5b8:   00007fe43c00a800 0000000000000002
0x00007fe44213c5c8:   800000000000000e 0000000000000000
0x00007fe44213c5d8:   0000000000000000 0000000000000000
0x00007fe44213c5e8:   0000000000000000 0000000000000000
0x00007fe44213c5f8:   0000000000000000 00007fe44213c620
0x00007fe44213c608:   00007fe43c009a40 00007fe43c00a800
0x00007fe44213c618:   00007fe44213c6f0 00007fe44213c680
0x00007fe44213c628:   00007fe43c009a00 00007fe44213c6c0
0x00007fe44213c638:   00007fe442b69014 00007fe42cc976f0 

Instructions: (pc=0x00007fe41679fe17)
0x00007fe41679fdf7:   8b a5 f8 fe ff ff e9 41 fe ff ff e8 19 4f ff ff
0x00007fe41679fe07:   66 0f 1f 84 00 00 00 00 00 f3 0f 1e fa 48 89 3e
0x00007fe41679fe17:   48 8b 47 08 48 89 46 08 48 89 30 48 89 77 08 c3
0x00007fe41679fe27:   66 0f 1f 84 00 00 00 00 00 f3 0f 1e fa 48 8b 3f 

Register to memory mapping:

RAX=0x00007fe43c1e7318 is an unknown value
RBX=0x00007fe44213c6b0 is pointing into the stack for thread: 0x00007fe43c00a800
RCX=0x00007fe43c0008ee is an unknown value
RDX=0x0000000000000050 is an unknown value
RSP=0x00007fe44213c448 is pointing into the stack for thread: 0x00007fe43c00a800
RBP=0x00000000000000c8 is an unknown value
RSI=0x00007fe43c242b58 is an unknown value
RDI=0x0000000000000000 is an unknown value
R8 =0x00007fe43c1e7318 is an unknown value
R9 =0x0000000000000062 is an unknown value
R10=0xfffffffffffff285 is an unknown value
R11=0x00007fe41679fe30: pj_list_insert_before+0 in /usr/local/lib/libpj.so.2 at 0x00007fe416786000
R12=0x00007fe43c242b58 is an unknown value
R13=0x0000000000000000 is an unknown value
R14=0x0000000000000000 is an unknown value
R15=0x0000000000000000 is an unknown value


Stack: [0x00007fe44203e000,0x00007fe44213e000],  sp=0x00007fe44213c448,  free space=1017k
Native frames: (J=compiled Java code, j=interpreted, Vv=VM code, C=native code)
C  [libpj.so.2+0x19e17]  pj_list_insert_after+0x7

Java frames: (J=compiled Java code, j=interpreted, Vv=VM code)
j  org.pjsip.pjsua2.pjsua2JNI.Call_answer(JLorg/pjsip/pjsua2/Call;JLorg/pjsip/pjsua2/CallOpParam;)V+0
j  org.pjsip.pjsua2.Call.answer(Lorg/pjsip/pjsua2/CallOpParam;)V+10
j  pjsau.Pjsau.outGoingingCall(Lorg/pjsip/pjsua2/OnIncomingCallParam;)V+51
j  pjsau.Pjsau.main([Ljava/lang/String;)V+302
v  ~StubRoutines::call_stub

---------------  P R O C E S S  ---------------

Java Threads: ( => current thread )
  0x00007fe43c0cb000 JavaThread "Service Thread" daemon [_thread_blocked, id=22604, stack(0x00007fe417086000,0x00007fe417187000)]
  0x00007fe43c0c0000 JavaThread "C1 CompilerThread2" daemon [_thread_blocked, id=22603, stack(0x00007fe417188000,0x00007fe417288000)]
  0x00007fe43c0be000 JavaThread "C2 CompilerThread1" daemon [_thread_blocked, id=22602, stack(0x00007fe417289000,0x00007fe417389000)]
  0x00007fe43c0bb800 JavaThread "C2 CompilerThread0" daemon [_thread_blocked, id=22601, stack(0x00007fe41738a000,0x00007fe41748a000)]
  0x00007fe43c0b7800 JavaThread "Signal Dispatcher" daemon [_thread_blocked, id=22600, stack(0x00007fe41748a000,0x00007fe41758b000)]
  0x00007fe43c087000 JavaThread "Finalizer" daemon [_thread_blocked, id=22599, stack(0x00007fe417afb000,0x00007fe417bfc000)]
  0x00007fe43c082800 JavaThread "Reference Handler" daemon [_thread_blocked, id=22598, stack(0x00007fe417bfc000,0x00007fe417cfd000)]
=>0x00007fe43c00a800 JavaThread "main" [_thread_in_native, id=22592, stack(0x00007fe44203e000,0x00007fe44213e000)]

Other Threads:
  0x00007fe43c079000 VMThread [stack: 0x00007fe417cfe000,0x00007fe417dfe000] [id=22597]
  0x00007fe43c0d0000 WatcherThread [stack: 0x00007fe416f86000,0x00007fe417086000] [id=22605]

VM state:not at safepoint (normal execution)

VM Mutex/Monitor currently owned by a thread: None

heap address: 0x0000000085a00000, size: 1958 MB, Compressed Oops mode: 32-bit
Narrow klass base: 0x0000000000000000, Narrow klass shift: 3
Compressed class space size: 1073741824 Address: 0x0000000100000000

Heap:
 PSYoungGen      total 36864K, used 2204K [0x00000000d7380000, 0x00000000d9c80000, 0x0000000100000000)
  eden space 31744K, 6% used [0x00000000d7380000,0x00000000d75a7288,0x00000000d9280000)
  from space 5120K, 0% used [0x00000000d9780000,0x00000000d9780000,0x00000000d9c80000)
  to   space 5120K, 0% used [0x00000000d9280000,0x00000000d9280000,0x00000000d9780000)
 ParOldGen       total 84992K, used 0K [0x0000000085a00000, 0x000000008ad00000, 0x00000000d7380000)
  object space 84992K, 0% used [0x0000000085a00000,0x0000000085a00000,0x000000008ad00000)
 Metaspace       used 3126K, capacity 5176K, committed 5376K, reserved 1056768K
  class space    used 278K, capacity 424K, committed 512K, reserved 1048576K

Card table byte_map: [0x00007fe44123d000,0x00007fe441611000] byte_map_base: 0x00007fe440e10000

Marking Bits: (ParMarkBitMap*) 0x00007fe443269220
 Begin Bits: [0x00007fe41c2d0000, 0x00007fe41e168000)
 End Bits:   [0x00007fe41e168000, 0x00007fe420000000)

Polling page: 0x00007fe443702000

CodeCache: size=245760Kb used=1122Kb max_used=1122Kb free=244637Kb
 bounds [0x00007fe42d000000, 0x00007fe42d270000, 0x00007fe43c000000]
 total_blobs=288 nmethods=31 adapters=172
 compilation: enabled

Compilation events (10 events):
Event: 0.171 Thread 0x00007fe43c0c0000   26       3       java.lang.AbstractStringBuilder::newCapacity (39 bytes)
Event: 0.172 Thread 0x00007fe43c0c0000 nmethod 26 0x00007fe42d117450 code [0x00007fe42d1175e0, 0x00007fe42d1179c8]
Event: 0.172 Thread 0x00007fe43c0c0000   27       1       java.net.URL::getHost (5 bytes)
Event: 0.172 Thread 0x00007fe43c0c0000 nmethod 27 0x00007fe42d117b10 code [0x00007fe42d117c60, 0x00007fe42d117d70]
Event: 0.172 Thread 0x00007fe43c0c0000   28       1       java.net.URL::getPath (5 bytes)
Event: 0.172 Thread 0x00007fe43c0c0000 nmethod 28 0x00007fe42d117dd0 code [0x00007fe42d117f20, 0x00007fe42d118030]
Event: 0.173 Thread 0x00007fe43c0c0000   29       3       java.util.concurrent.ConcurrentHashMap::tabAt (21 bytes)
Event: 0.173 Thread 0x00007fe43c0c0000 nmethod 29 0x00007fe42d118450 code [0x00007fe42d1185c0, 0x00007fe42d1187f0]
Event: 0.175 Thread 0x00007fe43c0c0000   31       1       java.net.URL::getAuthority (5 bytes)
Event: 0.175 Thread 0x00007fe43c0c0000 nmethod 31 0x00007fe42d118890 code [0x00007fe42d1189e0, 0x00007fe42d118af0]

GC Heap History (0 events):
No events

Deoptimization events (0 events):
No events

Classes redefined (0 events):
No events

Internal exceptions (2 events):
Event: 0.036 Thread 0x00007fe43c00a800 Exception <a 'java/lang/NoSuchMethodError': Method sun.misc.Unsafe.defineClass(Ljava/lang/String;[BII)Ljava/lang/Class; name or signature does not match> (0x00000000d7387cc0) thrown at [/scratch/jenkins/workspace/8-2-build-linux-amd64/jdk8u331/2416/hotspo
Event: 0.036 Thread 0x00007fe43c00a800 Exception <a 'java/lang/NoSuchMethodError': Method sun.misc.Unsafe.prefetchRead(Ljava/lang/Object;J)V name or signature does not match> (0x00000000d7387fa8) thrown at [/scratch/jenkins/workspace/8-2-build-linux-amd64/jdk8u331/2416/hotspot/src/share/vm/pri

Events (10 events):
Event: 0.169 loading class org/pjsip/pjsua2/AccountConfig
Event: 0.169 loading class org/pjsip/pjsua2/AccountConfig done
Event: 0.170 loading class org/pjsip/pjsua2/AccountRegConfig
Event: 0.170 loading class org/pjsip/pjsua2/AccountRegConfig done
Event: 0.171 loading class org/pjsip/pjsua2/AccountSipConfig
Event: 0.171 loading class org/pjsip/pjsua2/AccountSipConfig done
Event: 0.172 loading class org/pjsip/pjsua2/AuthCredInfoVector
Event: 0.172 loading class org/pjsip/pjsua2/AuthCredInfoVector done
Event: 0.174 loading class org/pjsip/pjsua2/Call
Event: 0.174 loading class org/pjsip/pjsua2/Call done


Dynamic libraries:
85a00000-8ad00000 rw-p 00000000 00:00 0 
8ad00000-d7380000 ---p 00000000 00:00 0 
d7380000-d9c80000 rw-p 00000000 00:00 0 
d9c80000-100000000 ---p 00000000 00:00 0 
100000000-100080000 rw-p 00000000 00:00 0 
100080000-140000000 ---p 00000000 00:00 0 
55730da00000-55730da01000 r-xp 00000000 08:02 5248844                    /home/user/software/jdk1.8.0_331/bin/java
55730dc00000-55730dc01000 r--p 00000000 08:02 5248844                    /home/user/software/jdk1.8.0_331/bin/java
55730dc01000-55730dc02000 rw-p 00001000 08:02 5248844                    /home/user/software/jdk1.8.0_331/bin/java
55730f1d3000-55730f1f4000 rw-p 00000000 00:00 0                          [heap]
7fe3b4000000-7fe3b4021000 rw-p 00000000 00:00 0 
7fe3b4021000-7fe3b8000000 ---p 00000000 00:00 0 
7fe3bc000000-7fe3bc021000 rw-p 00000000 00:00 0 
7fe3bc021000-7fe3c0000000 ---p 00000000 00:00 0 
7fe3c0000000-7fe3c0021000 rw-p 00000000 00:00 0 
7fe3c0021000-7fe3c4000000 ---p 00000000 00:00 0 
7fe3c4000000-7fe3c8000000 rw-s 00000000 00:01 7130                       /memfd:pulseaudio (deleted)
7fe3c8000000-7fe3cc000000 rw-s 00000000 00:01 3075                       /memfd:pulseaudio (deleted)
7fe3cc000000-7fe3d0000000 rw-s 00000000 00:01 8455                       /memfd:pulseaudio (deleted)
7fe3d0000000-7fe3d0021000 rw-p 00000000 00:00 0 
7fe3d0021000-7fe3d4000000 ---p 00000000 00:00 0 
7fe3d4000000-7fe3d8000000 rw-s 00000000 00:01 8455                       /memfd:pulseaudio (deleted)
7fe3d8000000-7fe3dc000000 rw-s 00000000 00:01 10264                      /memfd:pulseaudio (deleted)
7fe3dc000000-7fe3e0000000 rw-s 00000000 00:01 3075                       /memfd:pulseaudio (deleted)
7fe3e0000000-7fe3e4000000 rw-s 00000000 00:01 8454                       /memfd:pulseaudio (deleted)
7fe3e4000000-7fe3e4021000 rw-p 00000000 00:00 0 
7fe3e4021000-7fe3e8000000 ---p 00000000 00:00 0 
7fe3e97fb000-7fe3e97fc000 ---p 00000000 00:00 0 
7fe3e97fc000-7fe3e9ffc000 rw-p 00000000 00:00 0 
7fe3e9ffc000-7fe3e9ffd000 ---p 00000000 00:00 0 
7fe3e9ffd000-7fe3ea7fd000 rw-p 00000000 00:00 0 
7fe3ea7fd000-7fe3ea7fe000 ---p 00000000 00:00 0 
7fe3ea7fe000-7fe3eaffe000 rw-p 00000000 00:00 0 
7fe3eaffe000-7fe3eafff000 ---p 00000000 00:00 0 
7fe3eafff000-7fe3eb7ff000 rw-p 00000000 00:00 0 
7fe3eb7ff000-7fe3ef7ff000 rw-s 00000000 00:01 8454                       /memfd:pulseaudio (deleted)
7fe3ef7ff000-7fe3ef800000 ---p 00000000 00:00 0 
7fe3ef800000-7fe3f0000000 rw-p 00000000 00:00 0 
7fe3f0000000-7fe3f0021000 rw-p 00000000 00:00 0 
7fe3f0021000-7fe3f4000000 ---p 00000000 00:00 0 
7fe3f4000000-7fe3f4021000 rw-p 00000000 00:00 0 
7fe3f4021000-7fe3f8000000 ---p 00000000 00:00 0 
7fe3f8000000-7fe3f8021000 rw-p 00000000 00:00 0 
7fe3f8021000-7fe3fc000000 ---p 00000000 00:00 0 
7fe3fc000000-7fe3fc02e000 rw-p 00000000 00:00 0 
7fe3fc02e000-7fe400000000 ---p 00000000 00:00 0 
7fe400000000-7fe400021000 rw-p 00000000 00:00 0 
7fe400021000-7fe404000000 ---p 00000000 00:00 0 
7fe404000000-7fe40403e000 rw-p 00000000 00:00 0 
7fe40403e000-7fe408000000 ---p 00000000 00:00 0 
7fe408000000-7fe408021000 rw-p 00000000 00:00 0 
7fe408021000-7fe40c000000 ---p 00000000 00:00 0 
7fe40c000000-7fe40c021000 rw-p 00000000 00:00 0 
7fe40c021000-7fe410000000 ---p 00000000 00:00 0 
7fe410000000-7fe410021000 rw-p 00000000 00:00 0 
7fe410021000-7fe414000000 ---p 00000000 00:00 0 
7fe4144eb000-7fe4144ec000 ---p 00000000 00:00 0 
7fe4144ec000-7fe414cec000 rw-p 00000000 00:00 0 
7fe414cec000-7fe414d0c000 r--p 00000000 08:02 1449217                    /usr/lib/x86_64-linux-gnu/libdb-5.3.so
7fe414d0c000-7fe414e4e000 r-xp 00020000 08:02 1449217                    /usr/lib/x86_64-linux-gnu/libdb-5.3.so
7fe414e4e000-7fe414e93000 r--p 00162000 08:02 1449217                    /usr/lib/x86_64-linux-gnu/libdb-5.3.so
7fe414e93000-7fe414e9a000 r--p 001a6000 08:02 1449217                    /usr/lib/x86_64-linux-gnu/libdb-5.3.so
7fe414e9a000-7fe414e9b000 rw-p 001ad000 08:02 1449217                    /usr/lib/x86_64-linux-gnu/libdb-5.3.so
7fe414e9b000-7fe414ea1000 r--p 00000000 08:02 1442494                    /usr/lib/x86_64-linux-gnu/libjack.so.0.0.28
7fe414ea1000-7fe414ead000 r-xp 00006000 08:02 1442494                    /usr/lib/x86_64-linux-gnu/libjack.so.0.0.28
7fe414ead000-7fe414eb2000 r--p 00012000 08:02 1442494                    /usr/lib/x86_64-linux-gnu/libjack.so.0.0.28
7fe414eb2000-7fe414eb3000 r--p 00016000 08:02 1442494                    /usr/lib/x86_64-linux-gnu/libjack.so.0.0.28
7fe414eb3000-7fe414eb4000 rw-p 00017000 08:02 1442494                    /usr/lib/x86_64-linux-gnu/libjack.so.0.0.28
7fe414eb4000-7fe414ebe000 rw-p 00000000 00:00 0 
7fe414ecf000-7fe414ed1000 r--p 00000000 08:02 2097964                    /usr/lib/x86_64-linux-gnu/alsa-lib/libasound_module_ctl_pulse.so
7fe414ed1000-7fe414ed4000 r-xp 00002000 08:02 2097964                    /usr/lib/x86_64-linux-gnu/alsa-lib/libasound_module_ctl_pulse.so
7fe414ed4000-7fe414ed5000 r--p 00005000 08:02 2097964                    /usr/lib/x86_64-linux-gnu/alsa-lib/libasound_module_ctl_pulse.so
7fe414ed5000-7fe414ed6000 r--p 00005000 08:02 2097964                    /usr/lib/x86_64-linux-gnu/alsa-lib/libasound_module_ctl_pulse.so
7fe414ed6000-7fe414ed7000 rw-p 00006000 08:02 2097964                    /usr/lib/x86_64-linux-gnu/alsa-lib/libasound_module_ctl_pulse.so
7fe414ed7000-7fe415042000 r-xp 00000000 08:02 1450125                    /usr/lib/x86_64-linux-gnu/libsamplerate.so.0.1.8
7fe415042000-7fe415241000 ---p 0016b000 08:02 1450125                    /usr/lib/x86_64-linux-gnu/libsamplerate.so.0.1.8
7fe415241000-7fe415242000 r--p 0016a000 08:02 1450125                    /usr/lib/x86_64-linux-gnu/libsamplerate.so.0.1.8
7fe415242000-7fe415243000 rw-p 0016b000 08:02 1450125                    /usr/lib/x86_64-linux-gnu/libsamplerate.so.0.1.8
7fe415244000-7fe415245000 r--p 00000000 08:02 2097970                    /usr/lib/x86_64-linux-gnu/alsa-lib/libasound_module_pcm_vdownmix.so
7fe415245000-7fe415246000 r-xp 00001000 08:02 2097970                    /usr/lib/x86_64-linux-gnu/alsa-lib/libasound_module_pcm_vdownmix.so
7fe415246000-7fe415247000 r--p 00002000 08:02 2097970                    /usr/lib/x86_64-linux-gnu/alsa-lib/libasound_module_pcm_vdownmix.so
7fe415247000-7fe415248000 r--p 00002000 08:02 2097970                    /usr/lib/x86_64-linux-gnu/alsa-lib/libasound_module_pcm_vdownmix.so
7fe415248000-7fe415249000 rw-p 00003000 08:02 2097970                    /usr/lib/x86_64-linux-gnu/alsa-lib/libasound_module_pcm_vdownmix.so
7fe415249000-7fe41524a000 r--p 00000000 08:02 2097968                    /usr/lib/x86_64-linux-gnu/alsa-lib/libasound_module_pcm_upmix.so
7fe41524a000-7fe41524c000 r-xp 00001000 08:02 2097968                    /usr/lib/x86_64-linux-gnu/alsa-lib/libasound_module_pcm_upmix.so
7fe41524c000-7fe41524d000 r--p 00003000 08:02 2097968                    /usr/lib/x86_64-linux-gnu/alsa-lib/libasound_module_pcm_upmix.so
7fe41524d000-7fe41524e000 r--p 00003000 08:02 2097968                    /usr/lib/x86_64-linux-gnu/alsa-lib/libasound_module_pcm_upmix.so
7fe41524e000-7fe41524f000 rw-p 00004000 08:02 2097968                    /usr/lib/x86_64-linux-gnu/alsa-lib/libasound_module_pcm_upmix.so
7fe41524f000-7fe415250000 r--p 00000000 08:02 2097966                    /usr/lib/x86_64-linux-gnu/alsa-lib/libasound_module_pcm_oss.so
7fe415250000-7fe415252000 r-xp 00001000 08:02 2097966                    /usr/lib/x86_64-linux-gnu/alsa-lib/libasound_module_pcm_oss.so
7fe415252000-7fe415253000 r--p 00003000 08:02 2097966                    /usr/lib/x86_64-linux-gnu/alsa-lib/libasound_module_pcm_oss.so
7fe415253000-7fe415254000 r--p 00003000 08:02 2097966                    /usr/lib/x86_64-linux-gnu/alsa-lib/libasound_module_pcm_oss.so
7fe415254000-7fe415255000 rw-p 00004000 08:02 2097966                    /usr/lib/x86_64-linux-gnu/alsa-lib/libasound_module_pcm_oss.so
7fe415255000-7fe415257000 r--p 00000000 08:02 2097965                    /usr/lib/x86_64-linux-gnu/alsa-lib/libasound_module_pcm_jack.so
7fe415257000-7fe415259000 r-xp 00002000 08:02 2097965                    /usr/lib/x86_64-linux-gnu/alsa-lib/libasound_module_pcm_jack.so
7fe415259000-7fe41525a000 r--p 00004000 08:02 2097965                    /usr/lib/x86_64-linux-gnu/alsa-lib/libasound_module_pcm_jack.so
7fe41525a000-7fe41525b000 r--p 00004000 08:02 2097965                    /usr/lib/x86_64-linux-gnu/alsa-lib/libasound_module_pcm_jack.so
7fe41525b000-7fe41525c000 rw-p 00005000 08:02 2097965                    /usr/lib/x86_64-linux-gnu/alsa-lib/libasound_module_pcm_jack.so
7fe41525c000-7fe41525d000 ---p 00000000 00:00 0 
7fe41525d000-7fe415a5d000 rw-p 00000000 00:00 0 
7fe415a5d000-7fe415a61000 r--p 00000000 08:02 1449497                    /usr/lib/x86_64-linux-gnu/libgpg-error.so.0.28.0
7fe415a61000-7fe415a74000 r-xp 00004000 08:02 1449497                    /usr/lib/x86_64-linux-gnu/libgpg-error.so.0.28.0
7fe415a74000-7fe415a7e000 r--p 00017000 08:02 1449497                    /usr/lib/x86_64-linux-gnu/libgpg-error.so.0.28.0
7fe415a7e000-7fe415a7f000 r--p 00020000 08:02 1449497                    /usr/lib/x86_64-linux-gnu/libgpg-error.so.0.28.0
7fe415a7f000-7fe415a80000 rw-p 00021000 08:02 1449497                    /usr/lib/x86_64-linux-gnu/libgpg-error.so.0.28.0
7fe415a80000-7fe415a84000 r--p 00000000 08:02 1449109                    /usr/lib/x86_64-linux-gnu/libbsd.so.0.10.0
7fe415a84000-7fe415a93000 r-xp 00004000 08:02 1449109                    /usr/lib/x86_64-linux-gnu/libbsd.so.0.10.0
7fe415a93000-7fe415a96000 r--p 00013000 08:02 1449109                    /usr/lib/x86_64-linux-gnu/libbsd.so.0.10.0
7fe415a96000-7fe415a97000 ---p 00016000 08:02 1449109                    /usr/lib/x86_64-linux-gnu/libbsd.so.0.10.0
7fe415a97000-7fe415a98000 r--p 00016000 08:02 1449109                    /usr/lib/x86_64-linux-gnu/libbsd.so.0.10.0
7fe415a98000-7fe415a99000 rw-p 00017000 08:02 1449109                    /usr/lib/x86_64-linux-gnu/libbsd.so.0.10.0
7fe415a99000-7fe415a9a000 rw-p 00000000 00:00 0 
7fe415a9a000-7fe415a9e000 r--p 00000000 08:02 1445806                    /usr/lib/x86_64-linux-gnu/libresolv-2.31.so
7fe415a9e000-7fe415aae000 r-xp 00004000 08:02 1445806                    /usr/lib/x86_64-linux-gnu/libresolv-2.31.so
7fe415aae000-7fe415ab2000 r--p 00014000 08:02 1445806                    /usr/lib/x86_64-linux-gnu/libresolv-2.31.so
7fe415ab2000-7fe415ab3000 r--p 00017000 08:02 1445806                    /usr/lib/x86_64-linux-gnu/libresolv-2.31.so
7fe415ab3000-7fe415ab4000 rw-p 00018000 08:02 1445806                    /usr/lib/x86_64-linux-gnu/libresolv-2.31.so
7fe415ab4000-7fe415ab6000 rw-p 00000000 00:00 0 
7fe415ab6000-7fe415aca000 r--p 00000000 08:02 1450341                    /usr/lib/x86_64-linux-gnu/libvorbisenc.so.2.0.11
7fe415aca000-7fe415acd000 r-xp 00014000 08:02 1450341                    /usr/lib/x86_64-linux-gnu/libvorbisenc.so.2.0.11
7fe415acd000-7fe415b44000 r--p 00017000 08:02 1450341                    /usr/lib/x86_64-linux-gnu/libvorbisenc.so.2.0.11
7fe415b44000-7fe415b60000 r--p 0008d000 08:02 1450341                    /usr/lib/x86_64-linux-gnu/libvorbisenc.so.2.0.11
7fe415b60000-7fe415b61000 rw-p 000a9000 08:02 1450341                    /usr/lib/x86_64-linux-gnu/libvorbisenc.so.2.0.11
7fe415b61000-7fe415b64000 r--p 00000000 08:02 1450339                    /usr/lib/x86_64-linux-gnu/libvorbis.so.0.4.8
7fe415b64000-7fe415b7b000 r-xp 00003000 08:02 1450339                    /usr/lib/x86_64-linux-gnu/libvorbis.so.0.4.8
7fe415b7b000-7fe415b8c000 r--p 0001a000 08:02 1450339                    /usr/lib/x86_64-linux-gnu/libvorbis.so.0.4.8
7fe415b8c000-7fe415b8d000 ---p 0002b000 08:02 1450339                    /usr/lib/x86_64-linux-gnu/libvorbis.so.0.4.8
7fe415b8d000-7fe415b8e000 r--p 0002b000 08:02 1450339                    /usr/lib/x86_64-linux-gnu/libvorbis.so.0.4.8
7fe415b8e000-7fe415b8f000 rw-p 0002c000 08:02 1450339                    /usr/lib/x86_64-linux-gnu/libvorbis.so.0.4.8
7fe415b8f000-7fe415b91000 r--p 00000000 08:02 1449917                    /usr/lib/x86_64-linux-gnu/libogg.so.0.8.4
7fe415b91000-7fe415b96000 r-xp 00002000 08:02 1449917                    /usr/lib/x86_64-linux-gnu/libogg.so.0.8.4
7fe415b96000-7fe415b99000 r--p 00007000 08:02 1449917                    /usr/lib/x86_64-linux-gnu/libogg.so.0.8.4
7fe415b99000-7fe415b9a000 ---p 0000a000 08:02 1449917                    /usr/lib/x86_64-linux-gnu/libogg.so.0.8.4
7fe415b9a000-7fe415b9b000 r--p 0000a000 08:02 1449917                    /usr/lib/x86_64-linux-gnu/libogg.so.0.8.4
7fe415b9b000-7fe415b9c000 rw-p 0000b000 08:02 1449917                    /usr/lib/x86_64-linux-gnu/libogg.so.0.8.4
7fe415b9c000-7fe415ba4000 r--p 00000000 08:02 1448904                    /usr/lib/x86_64-linux-gnu/libFLAC.so.8.3.0
7fe415ba4000-7fe415bcd000 r-xp 00008000 08:02 1448904                    /usr/lib/x86_64-linux-gnu/libFLAC.so.8.3.0
7fe415bcd000-7fe415bd7000 r--p 00031000 08:02 1448904                    /usr/lib/x86_64-linux-gnu/libFLAC.so.8.3.0
7fe415bd7000-7fe415bd8000 ---p 0003b000 08:02 1448904                    /usr/lib/x86_64-linux-gnu/libFLAC.so.8.3.0
7fe415bd8000-7fe415bd9000 r--p 0003b000 08:02 1448904                    /usr/lib/x86_64-linux-gnu/libFLAC.so.8.3.0
7fe415bd9000-7fe415bda000 rw-p 0003c000 08:02 1448904                    /usr/lib/x86_64-linux-gnu/libFLAC.so.8.3.0
7fe415bda000-7fe415bde000 r--p 00000000 08:02 1445797                    /usr/lib/x86_64-linux-gnu/libnsl-2.31.so
7fe415bde000-7fe415bee000 r-xp 00004000 08:02 1445797                    /usr/lib/x86_64-linux-gnu/libnsl-2.31.so
7fe415bee000-7fe415bf3000 r--p 00014000 08:02 1445797                    /usr/lib/x86_64-linux-gnu/libnsl-2.31.so
7fe415bf3000-7fe415bf4000 r--p 00018000 08:02 1445797                    /usr/lib/x86_64-linux-gnu/libnsl-2.31.so
7fe415bf4000-7fe415bf5000 rw-p 00019000 08:02 1445797                    /usr/lib/x86_64-linux-gnu/libnsl-2.31.so
7fe415bf5000-7fe415bf7000 rw-p 00000000 00:00 0 
7fe415bf7000-7fe415c03000 r--p 00000000 08:02 1447651                    /usr/lib/x86_64-linux-gnu/libgcrypt.so.20.2.5
7fe415c03000-7fe415cd1000 r-xp 0000c000 08:02 1447651                    /usr/lib/x86_64-linux-gnu/libgcrypt.so.20.2.5
7fe415cd1000-7fe415d0e000 r--p 000da000 08:02 1447651                    /usr/lib/x86_64-linux-gnu/libgcrypt.so.20.2.5
7fe415d0e000-7fe415d10000 r--p 00116000 08:02 1447651                    /usr/lib/x86_64-linux-gnu/libgcrypt.so.20.2.5
7fe415d10000-7fe415d15000 rw-p 00118000 08:02 1447651                    /usr/lib/x86_64-linux-gnu/libgcrypt.so.20.2.5
7fe415d15000-7fe415d17000 r--p 00000000 08:02 1449762                    /usr/lib/x86_64-linux-gnu/liblz4.so.1.9.2
7fe415d17000-7fe415d31000 r-xp 00002000 08:02 1449762                    /usr/lib/x86_64-linux-gnu/liblz4.so.1.9.2
7fe415d31000-7fe415d34000 r--p 0001c000 08:02 1449762                    /usr/lib/x86_64-linux-gnu/liblz4.so.1.9.2
7fe415d34000-7fe415d35000 r--p 0001e000 08:02 1449762                    /usr/lib/x86_64-linux-gnu/liblz4.so.1.9.2
7fe415d35000-7fe415d36000 rw-p 0001f000 08:02 1449762                    /usr/lib/x86_64-linux-gnu/liblz4.so.1.9.2
7fe415d36000-7fe415d39000 r--p 00000000 08:02 1443497                    /usr/lib/x86_64-linux-gnu/liblzma.so.5.2.4
7fe415d39000-7fe415d51000 r-xp 00003000 08:02 1443497                    /usr/lib/x86_64-linux-gnu/liblzma.so.5.2.4
7fe415d51000-7fe415d5c000 r--p 0001b000 08:02 1443497                    /usr/lib/x86_64-linux-gnu/liblzma.so.5.2.4
7fe415d5c000-7fe415d5d000 ---p 00026000 08:02 1443497                    /usr/lib/x86_64-linux-gnu/liblzma.so.5.2.4
7fe415d5d000-7fe415d5e000 r--p 00026000 08:02 1443497                    /usr/lib/x86_64-linux-gnu/liblzma.so.5.2.4
7fe415d5e000-7fe415d5f000 rw-p 00027000 08:02 1443497                    /usr/lib/x86_64-linux-gnu/liblzma.so.5.2.4
7fe415d5f000-7fe415d61000 r--p 00000000 08:02 1448951                    /usr/lib/x86_64-linux-gnu/libXdmcp.so.6.0.0
7fe415d61000-7fe415d63000 r-xp 00002000 08:02 1448951                    /usr/lib/x86_64-linux-gnu/libXdmcp.so.6.0.0
7fe415d63000-7fe415d65000 r--p 00004000 08:02 1448951                    /usr/lib/x86_64-linux-gnu/libXdmcp.so.6.0.0
7fe415d65000-7fe415d66000 r--p 00005000 08:02 1448951                    /usr/lib/x86_64-linux-gnu/libXdmcp.so.6.0.0
7fe415d66000-7fe415d67000 rw-p 00006000 08:02 1448951                    /usr/lib/x86_64-linux-gnu/libXdmcp.so.6.0.0
7fe415d67000-7fe415d6a000 r--p 00000000 08:02 1449007                    /usr/lib/x86_64-linux-gnu/libapparmor.so.1.6.1
7fe415d6a000-7fe415d73000 r-xp 00003000 08:02 1449007                    /usr/lib/x86_64-linux-gnu/libapparmor.so.1.6.1
7fe415d73000-7fe415d7a000 r--p 0000c000 08:02 1449007                    /usr/lib/x86_64-linux-gnu/libapparmor.so.1.6.1
7fe415d7a000-7fe415d7b000 r--p 00012000 08:02 1449007                    /usr/lib/x86_64-linux-gnu/libapparmor.so.1.6.1
7fe415d7b000-7fe415d7c000 rw-p 00013000 08:02 1449007                    /usr/lib/x86_64-linux-gnu/libapparmor.so.1.6.1
7fe415d7c000-7fe415d81000 r-xp 00000000 08:02 1449028                    /usr/lib/x86_64-linux-gnu/libasyncns.so.0.3.1
7fe415d81000-7fe415f80000 ---p 00005000 08:02 1449028                    /usr/lib/x86_64-linux-gnu/libasyncns.so.0.3.1
7fe415f80000-7fe415f81000 r--p 00004000 08:02 1449028                    /usr/lib/x86_64-linux-gnu/libasyncns.so.0.3.1
7fe415f81000-7fe415f82000 rw-p 00005000 08:02 1449028                    /usr/lib/x86_64-linux-gnu/libasyncns.so.0.3.1
7fe415f82000-7fe415f89000 r--p 00000000 08:02 1450170                    /usr/lib/x86_64-linux-gnu/libsndfile.so.1.0.28
7fe415f89000-7fe415fdc000 r-xp 00007000 08:02 1450170                    /usr/lib/x86_64-linux-gnu/libsndfile.so.1.0.28
7fe415fdc000-7fe415ff9000 r--p 0005a000 08:02 1450170                    /usr/lib/x86_64-linux-gnu/libsndfile.so.1.0.28
7fe415ff9000-7fe415ffa000 ---p 00077000 08:02 1450170                    /usr/lib/x86_64-linux-gnu/libsndfile.so.1.0.28
7fe415ffa000-7fe415ffd000 r--p 00077000 08:02 1450170                    /usr/lib/x86_64-linux-gnu/libsndfile.so.1.0.28
7fe415ffd000-7fe415ffe000 rw-p 0007a000 08:02 1450170                    /usr/lib/x86_64-linux-gnu/libsndfile.so.1.0.28
7fe415ffe000-7fe416000000 rw-p 00000000 00:00 0 
7fe416000000-7fe416010000 r--p 00000000 08:02 1446018                    /usr/lib/x86_64-linux-gnu/libsystemd.so.0.28.0
7fe416010000-7fe416085000 r-xp 00010000 08:02 1446018                    /usr/lib/x86_64-linux-gnu/libsystemd.so.0.28.0
7fe416085000-7fe4160aa000 r--p 00085000 08:02 1446018                    /usr/lib/x86_64-linux-gnu/libsystemd.so.0.28.0
7fe4160aa000-7fe4160ad000 r--p 000a9000 08:02 1446018                    /usr/lib/x86_64-linux-gnu/libsystemd.so.0.28.0
7fe4160ad000-7fe4160ae000 rw-p 000ac000 08:02 1446018                    /usr/lib/x86_64-linux-gnu/libsystemd.so.0.28.0
7fe4160ae000-7fe4160af000 rw-p 00000000 00:00 0 
7fe4160af000-7fe4160ba000 r--p 00000000 08:02 1450442                    /usr/lib/x86_64-linux-gnu/libxcb.so.1.1.0
7fe4160ba000-7fe4160ce000 r-xp 0000b000 08:02 1450442                    /usr/lib/x86_64-linux-gnu/libxcb.so.1.1.0
7fe4160ce000-7fe4160d7000 r--p 0001f000 08:02 1450442                    /usr/lib/x86_64-linux-gnu/libxcb.so.1.1.0
7fe4160d7000-7fe4160d8000 r--p 00027000 08:02 1450442                    /usr/lib/x86_64-linux-gnu/libxcb.so.1.1.0
7fe4160d8000-7fe4160d9000 rw-p 00028000 08:02 1450442                    /usr/lib/x86_64-linux-gnu/libxcb.so.1.1.0
7fe4160d9000-7fe4160e4000 r--p 00000000 08:02 1442000                    /usr/lib/x86_64-linux-gnu/libdbus-1.so.3.19.11
7fe4160e4000-7fe416112000 r-xp 0000b000 08:02 1442000                    /usr/lib/x86_64-linux-gnu/libdbus-1.so.3.19.11
7fe416112000-7fe416127000 r--p 00039000 08:02 1442000                    /usr/lib/x86_64-linux-gnu/libdbus-1.so.3.19.11
7fe416127000-7fe416128000 ---p 0004e000 08:02 1442000                    /usr/lib/x86_64-linux-gnu/libdbus-1.so.3.19.11
7fe416128000-7fe416129000 r--p 0004e000 08:02 1442000                    /usr/lib/x86_64-linux-gnu/libdbus-1.so.3.19.11
7fe416129000-7fe41612a000 rw-p 0004f000 08:02 1442000                    /usr/lib/x86_64-linux-gnu/libdbus-1.so.3.19.11
7fe41612a000-7fe41613b000 r--p 00000000 08:02 2097637                    /usr/lib/x86_64-linux-gnu/pulseaudio/libpulsecommon-13.99.so
7fe41613b000-7fe416183000 r-xp 00011000 08:02 2097637                    /usr/lib/x86_64-linux-gnu/pulseaudio/libpulsecommon-13.99.so
7fe416183000-7fe4161a8000 r--p 00059000 08:02 2097637                    /usr/lib/x86_64-linux-gnu/pulseaudio/libpulsecommon-13.99.so
7fe4161a8000-7fe4161a9000 ---p 0007e000 08:02 2097637                    /usr/lib/x86_64-linux-gnu/pulseaudio/libpulsecommon-13.99.so
7fe4161a9000-7fe4161ab000 r--p 0007e000 08:02 2097637                    /usr/lib/x86_64-linux-gnu/pulseaudio/libpulsecommon-13.99.so
7fe4161ab000-7fe4161ac000 rw-p 00080000 08:02 2097637                    /usr/lib/x86_64-linux-gnu/pulseaudio/libpulsecommon-13.99.so
7fe4161ac000-7fe4161b8000 r--p 00000000 08:02 1442666                    /usr/lib/x86_64-linux-gnu/libpulse.so.0.21.2
7fe4161b8000-7fe4161e8000 r-xp 0000c000 08:02 1442666                    /usr/lib/x86_64-linux-gnu/libpulse.so.0.21.2
7fe4161e8000-7fe4161fe000 r--p 0003c000 08:02 1442666                    /usr/lib/x86_64-linux-gnu/libpulse.so.0.21.2
7fe4161fe000-7fe416200000 r--p 00051000 08:02 1442666                    /usr/lib/x86_64-linux-gnu/libpulse.so.0.21.2
7fe416200000-7fe416201000 rw-p 00053000 08:02 1442666                    /usr/lib/x86_64-linux-gnu/libpulse.so.0.21.2
7fe416203000-7fe416204000 r--p 00000000 08:02 2097976                    /usr/lib/x86_64-linux-gnu/alsa-lib/libasound_module_rate_speexrate.so
7fe416204000-7fe416207000 r-xp 00001000 08:02 2097976                    /usr/lib/x86_64-linux-gnu/alsa-lib/libasound_module_rate_speexrate.so
7fe416207000-7fe416208000 r--p 00004000 08:02 2097976                    /usr/lib/x86_64-linux-gnu/alsa-lib/libasound_module_rate_speexrate.so
7fe416208000-7fe416209000 r--p 00004000 08:02 2097976                    /usr/lib/x86_64-linux-gnu/alsa-lib/libasound_module_rate_speexrate.so
7fe416209000-7fe41620a000 rw-p 00005000 08:02 2097976                    /usr/lib/x86_64-linux-gnu/alsa-lib/libasound_module_rate_speexrate.so
7fe41620a000-7fe41620c000 r--p 00000000 08:02 2097967                    /usr/lib/x86_64-linux-gnu/alsa-lib/libasound_module_pcm_pulse.so
7fe41620c000-7fe41620f000 r-xp 00002000 08:02 2097967                    /usr/lib/x86_64-linux-gnu/alsa-lib/libasound_module_pcm_pulse.so
7fe41620f000-7fe416210000 r--p 00005000 08:02 2097967                    /usr/lib/x86_64-linux-gnu/alsa-lib/libasound_module_pcm_pulse.so
7fe416210000-7fe416211000 ---p 00006000 08:02 2097967                    /usr/lib/x86_64-linux-gnu/alsa-lib/libasound_module_pcm_pulse.so
7fe416211000-7fe416212000 r--p 00006000 08:02 2097967                    /usr/lib/x86_64-linux-gnu/alsa-lib/libasound_module_pcm_pulse.so
7fe416212000-7fe416213000 rw-p 00007000 08:02 2097967                    /usr/lib/x86_64-linux-gnu/alsa-lib/libasound_module_pcm_pulse.so
7fe416213000-7fe41621a000 r--s 00000000 08:02 2102563                    /usr/lib/x86_64-linux-gnu/gconv/gconv-modules.cache
7fe41621a000-7fe41621c000 r--p 00000000 08:02 2234013                    /usr/local/lib/libilbccodec.so.2
7fe41621c000-7fe416226000 r-xp 00002000 08:02 2234013                    /usr/local/lib/libilbccodec.so.2
7fe416226000-7fe416228000 r--p 0000c000 08:02 2234013                    /usr/local/lib/libilbccodec.so.2
7fe416228000-7fe416229000 r--p 0000d000 08:02 2234013                    /usr/local/lib/libilbccodec.so.2
7fe416229000-7fe41622b000 rw-p 0000e000 08:02 2234013                    /usr/local/lib/libilbccodec.so.2
7fe41622b000-7fe41622c000 r--p 00000000 08:02 2234009                    /usr/local/lib/libgsmcodec.so.2
7fe41622c000-7fe416234000 r-xp 00001000 08:02 2234009                    /usr/local/lib/libgsmcodec.so.2
7fe416234000-7fe416235000 r--p 00009000 08:02 2234009                    /usr/local/lib/libgsmcodec.so.2
7fe416235000-7fe416236000 r--p 00009000 08:02 2234009                    /usr/local/lib/libgsmcodec.so.2
7fe416236000-7fe416237000 rw-p 0000a000 08:02 2234009                    /usr/local/lib/libgsmcodec.so.2
7fe416237000-7fe416261000 r--p 00000000 08:02 1442673                    /usr/lib/x86_64-linux-gnu/libasound.so.2.0.0
7fe416261000-7fe4162f0000 r-xp 0002a000 08:02 1442673                    /usr/lib/x86_64-linux-gnu/libasound.so.2.0.0
7fe4162f0000-7fe41632a000 r--p 000b9000 08:02 1442673                    /usr/lib/x86_64-linux-gnu/libasound.so.2.0.0
7fe41632a000-7fe416331000 r--p 000f2000 08:02 1442673                    /usr/lib/x86_64-linux-gnu/libasound.so.2.0.0
7fe416331000-7fe416332000 rw-p 000f9000 08:02 1442673                    /usr/lib/x86_64-linux-gnu/libasound.so.2.0.0
7fe416332000-7fe416334000 r--p 00000000 08:02 1442187                    /usr/lib/x86_64-linux-gnu/libuuid.so.1.3.0
7fe416334000-7fe416338000 r-xp 00002000 08:02 1442187                    /usr/lib/x86_64-linux-gnu/libuuid.so.1.3.0
7fe416338000-7fe416339000 r--p 00006000 08:02 1442187                    /usr/lib/x86_64-linux-gnu/libuuid.so.1.3.0
7fe416339000-7fe41633a000 r--p 00006000 08:02 1442187                    /usr/lib/x86_64-linux-gnu/libuuid.so.1.3.0
7fe41633a000-7fe41633b000 rw-p 00007000 08:02 1442187                    /usr/lib/x86_64-linux-gnu/libuuid.so.1.3.0
7fe41633b000-7fe416357000 r--p 00000000 08:02 1444253                    /usr/lib/x86_64-linux-gnu/libssl.so.1.1
7fe416357000-7fe4163a6000 r-xp 0001c000 08:02 1444253                    /usr/lib/x86_64-linux-gnu/libssl.so.1.1
7fe4163a6000-7fe4163c0000 r--p 0006b000 08:02 1444253                    /usr/lib/x86_64-linux-gnu/libssl.so.1.1
7fe4163c0000-7fe4163c1000 ---p 00085000 08:02 1444253                    /usr/lib/x86_64-linux-gnu/libssl.so.1.1
7fe4163c1000-7fe4163ca000 r--p 00085000 08:02 1444253                    /usr/lib/x86_64-linux-gnu/libssl.so.1.1
7fe4163ca000-7fe4163ce000 rw-p 0008e000 08:02 1444253                    /usr/lib/x86_64-linux-gnu/libssl.so.1.1
7fe4163ce000-7fe4163d4000 r--p 00000000 08:02 2234019                    /usr/local/lib/libwebrtc.so.2
7fe4163d4000-7fe4163ed000 r-xp 00006000 08:02 2234019                    /usr/local/lib/libwebrtc.so.2
7fe4163ed000-7fe4163f5000 r--p 0001f000 08:02 2234019                    /usr/local/lib/libwebrtc.so.2
7fe4163f5000-7fe4163f6000 r--p 00026000 08:02 2234019                    /usr/local/lib/libwebrtc.so.2
7fe4163f6000-7fe4163f7000 rw-p 00027000 08:02 2234019                    /usr/local/lib/libwebrtc.so.2
7fe4163f7000-7fe4163fd000 r--p 00000000 08:02 2234011                    /usr/local/lib/libspeex.so.2
7fe4163fd000-7fe41641b000 r-xp 00006000 08:02 2234011                    /usr/local/lib/libspeex.so.2
7fe41641b000-7fe416423000 r--p 00024000 08:02 2234011                    /usr/local/lib/libspeex.so.2
7fe416423000-7fe416424000 ---p 0002c000 08:02 2234011                    /usr/local/lib/libspeex.so.2
7fe416424000-7fe416425000 r--p 0002c000 08:02 2234011                    /usr/local/lib/libspeex.so.2
7fe416425000-7fe416426000 rw-p 0002d000 08:02 2234011                    /usr/local/lib/libspeex.so.2
7fe416426000-7fe416427000 r--p 00000000 08:02 2234007                    /usr/local/lib/libresample.so.2
7fe416427000-7fe416428000 r-xp 00001000 08:02 2234007                    /usr/local/lib/libresample.so.2
7fe416428000-7fe416433000 r--p 00002000 08:02 2234007                    /usr/local/lib/libresample.so.2
7fe416433000-7fe416434000 r--p 0000c000 08:02 2234007                    /usr/local/lib/libresample.so.2
7fe416434000-7fe416435000 rw-p 0000d000 08:02 2234007                    /usr/local/lib/libresample.so.2
7fe416435000-7fe41643a000 r--p 00000000 08:02 2234005                    /usr/local/lib/libsrtp.so.2
7fe41643a000-7fe416445000 r-xp 00005000 08:02 2234005                    /usr/local/lib/libsrtp.so.2
7fe416445000-7fe416449000 r--p 00010000 08:02 2234005                    /usr/local/lib/libsrtp.so.2
7fe416449000-7fe41644a000 r--p 00013000 08:02 2234005                    /usr/local/lib/libsrtp.so.2
7fe41644a000-7fe41644b000 rw-p 00014000 08:02 2234005                    /usr/local/lib/libsrtp.so.2
7fe41644b000-7fe4164c3000 r--p 00000000 08:02 1442325                    /usr/lib/x86_64-linux-gnu/libcrypto.so.1.1
7fe4164c3000-7fe41665e000 r-xp 00078000 08:02 1442325                    /usr/lib/x86_64-linux-gnu/libcrypto.so.1.1
7fe41665e000-7fe4166ef000 r--p 00213000 08:02 1442325                    /usr/lib/x86_64-linux-gnu/libcrypto.so.1.1
7fe4166ef000-7fe41671b000 r--p 002a3000 08:02 1442325                    /usr/lib/x86_64-linux-gnu/libcrypto.so.1.1
7fe41671b000-7fe41671d000 rw-p 002cf000 08:02 1442325                    /usr/lib/x86_64-linux-gnu/libcrypto.so.1.1
7fe41671d000-7fe416721000 rw-p 00000000 00:00 0 
7fe416721000-7fe416729000 r--p 00000000 08:02 2234039                    /usr/local/lib/libpjnath.so.2
7fe416729000-7fe416747000 r-xp 00008000 08:02 2234039                    /usr/local/lib/libpjnath.so.2
7fe416747000-7fe416753000 r--p 00026000 08:02 2234039                    /usr/local/lib/libpjnath.so.2
7fe416753000-7fe416754000 r--p 00031000 08:02 2234039                    /usr/local/lib/libpjnath.so.2
7fe416754000-7fe416756000 rw-p 00032000 08:02 2234039                    /usr/local/lib/libpjnath.so.2
7fe416756000-7fe416759000 r--p 00000000 08:02 2234031                    /usr/local/lib/libpjmedia-codec.so.2
7fe416759000-7fe416761000 r-xp 00003000 08:02 2234031                    /usr/local/lib/libpjmedia-codec.so.2
7fe416761000-7fe416764000 r--p 0000b000 08:02 2234031                    /usr/local/lib/libpjmedia-codec.so.2
7fe416764000-7fe416765000 r--p 0000d000 08:02 2234031                    /usr/local/lib/libpjmedia-codec.so.2
7fe416765000-7fe416766000 rw-p 0000e000 08:02 2234031                    /usr/local/lib/libpjmedia-codec.so.2
7fe416766000-7fe41676c000 r--p 00000000 08:02 2234025                    /usr/local/lib/libpjsip-ua.so.2
7fe41676c000-7fe41677e000 r-xp 00006000 08:02 2234025                    /usr/local/lib/libpjsip-ua.so.2
7fe41677e000-7fe416784000 r--p 00018000 08:02 2234025                    /usr/local/lib/libpjsip-ua.so.2
7fe416784000-7fe416785000 r--p 0001d000 08:02 2234025                    /usr/local/lib/libpjsip-ua.so.2
7fe416785000-7fe416786000 rw-p 0001e000 08:02 2234025                    /usr/local/lib/libpjsip-ua.so.2
7fe416786000-7fe416792000 r--p 00000000 08:02 2234043                    /usr/local/lib/libpj.so.2
7fe416792000-7fe4167b0000 r-xp 0000c000 08:02 2234043                    /usr/local/lib/libpj.so.2
7fe4167b0000-7fe4167bb000 r--p 0002a000 08:02 2234043                    /usr/local/lib/libpj.so.2
7fe4167bb000-7fe4167bc000 ---p 00035000 08:02 2234043                    /usr/local/lib/libpj.so.2
7fe4167bc000-7fe4167bd000 r--p 00035000 08:02 2234043                    /usr/local/lib/libpj.so.2
7fe4167bd000-7fe4167be000 rw-p 00036000 08:02 2234043                    /usr/local/lib/libpj.so.2
7fe4167be000-7fe4167c0000 rw-p 00000000 00:00 0 
7fe4167c0000-7fe4167c7000 r--p 00000000 08:02 2234041                    /usr/local/lib/libpjlib-util.so.2
7fe4167c7000-7fe4167e1000 r-xp 00007000 08:02 2234041                    /usr/local/lib/libpjlib-util.so.2
7fe4167e1000-7fe4167e9000 r--p 00021000 08:02 2234041                    /usr/local/lib/libpjlib-util.so.2
7fe4167e9000-7fe4167ea000 r--p 00028000 08:02 2234041                    /usr/local/lib/libpjlib-util.so.2
7fe4167ea000-7fe4167eb000 rw-p 00029000 08:02 2234041                    /usr/local/lib/libpjlib-util.so.2
7fe4167eb000-7fe4167f9000 r--p 00000000 08:02 2234023                    /usr/local/lib/libpjsua.so.2
7fe4167f9000-7fe41682e000 r-xp 0000e000 08:02 2234023                    /usr/local/lib/libpjsua.so.2
7fe41682e000-7fe41683b000 r--p 00043000 08:02 2234023                    /usr/local/lib/libpjsua.so.2
7fe41683b000-7fe41683c000 r--p 0004f000 08:02 2234023                    /usr/local/lib/libpjsua.so.2
7fe41683c000-7fe41683e000 rw-p 00050000 08:02 2234023                    /usr/local/lib/libpjsua.so.2
7fe41683e000-7fe416920000 rw-p 00000000 00:00 0 
7fe416920000-7fe41696f000 r--p 00000000 08:02 3937548                    /home/user/NetBeansProjects/pjsau/src/pjsau/Sofile/libpjsua2.so
7fe41696f000-7fe4169fb000 r-xp 0004f000 08:02 3937548                    /home/user/NetBeansProjects/pjsau/src/pjsau/Sofile/libpjsua2.so
7fe4169fb000-7fe416a31000 r--p 000db000 08:02 3937548                    /home/user/NetBeansProjects/pjsau/src/pjsau/Sofile/libpjsua2.so
7fe416a31000-7fe416a32000 ---p 00111000 08:02 3937548                    /home/user/NetBeansProjects/pjsau/src/pjsau/Sofile/libpjsua2.so
7fe416a32000-7fe416a33000 r--p 00111000 08:02 3937548                    /home/user/NetBeansProjects/pjsau/src/pjsau/Sofile/libpjsua2.so
7fe416a33000-7fe416a35000 rw-p 00112000 08:02 3937548                    /home/user/NetBeansProjects/pjsau/src/pjsau/Sofile/libpjsua2.so
7fe416a35000-7fe416acb000 r--p 00000000 08:02 1450209                    /usr/lib/x86_64-linux-gnu/libstdc++.so.6.0.28
7fe416acb000-7fe416bbc000 r-xp 00096000 08:02 1450209                    /usr/lib/x86_64-linux-gnu/libstdc++.so.6.0.28
7fe416bbc000-7fe416c05000 r--p 00187000 08:02 1450209                    /usr/lib/x86_64-linux-gnu/libstdc++.so.6.0.28
7fe416c05000-7fe416c06000 ---p 001d0000 08:02 1450209                    /usr/lib/x86_64-linux-gnu/libstdc++.so.6.0.28
7fe416c06000-7fe416c11000 r--p 001d0000 08:02 1450209                    /usr/lib/x86_64-linux-gnu/libstdc++.so.6.0.28
7fe416c11000-7fe416c14000 rw-p 001db000 08:02 1450209                    /usr/lib/x86_64-linux-gnu/libstdc++.so.6.0.28
7fe416c14000-7fe416c17000 rw-p 00000000 00:00 0 
7fe416c17000-7fe416d80000 r-xp 00000000 08:02 5921502                    /home/user/NetBeansProjects/pjsau/src/pjsau/Sofile/libopenh264.so
7fe416d80000-7fe416f80000 ---p 00169000 08:02 5921502                    /home/user/NetBeansProjects/pjsau/src/pjsau/Sofile/libopenh264.so
7fe416f80000-7fe416f83000 r--p 00169000 08:02 5921502                    /home/user/NetBeansProjects/pjsau/src/pjsau/Sofile/libopenh264.so
7fe416f83000-7fe416f85000 rw-p 0016c000 08:02 5921502                    /home/user/NetBeansProjects/pjsau/src/pjsau/Sofile/libopenh264.so
7fe416f85000-7fe416f86000 ---p 00000000 00:00 0 
7fe416f86000-7fe417086000 rw-p 00000000 00:00 0 
7fe417086000-7fe417089000 ---p 00000000 00:00 0 
7fe417089000-7fe417187000 rw-p 00000000 00:00 0 
7fe417187000-7fe417188000 ---p 00000000 00:00 0 
7fe417188000-7fe41718b000 ---p 00000000 00:00 0 
7fe41718b000-7fe417288000 rw-p 00000000 00:00 0 
7fe417288000-7fe417289000 ---p 00000000 00:00 0 
7fe417289000-7fe41728c000 ---p 00000000 00:00 0 
7fe41728c000-7fe417389000 rw-p 00000000 00:00 0 
7fe417389000-7fe41738a000 ---p 00000000 00:00 0 
7fe41738a000-7fe41738d000 ---p 00000000 00:00 0 
7fe41738d000-7fe41748a000 rw-p 00000000 00:00 0 
7fe41748a000-7fe41748d000 ---p 00000000 00:00 0 
7fe41748d000-7fe41758b000 rw-p 00000000 00:00 0 
7fe41758b000-7fe417afb000 r--p 00000000 08:02 1444832                    /usr/lib/locale/locale-archive
7fe417afb000-7fe417afe000 ---p 00000000 00:00 0 
7fe417afe000-7fe417bfc000 rw-p 00000000 00:00 0 
7fe417bfc000-7fe417bff000 ---p 00000000 00:00 0 
7fe417bff000-7fe417cfd000 rw-p 00000000 00:00 0 
7fe417cfd000-7fe417cfe000 ---p 00000000 00:00 0 
7fe417cfe000-7fe418000000 rw-p 00000000 00:00 0 
7fe418000000-7fe418021000 rw-p 00000000 00:00 0 
7fe418021000-7fe41c000000 ---p 00000000 00:00 0 
7fe41c004000-7fe41c006000 r--p 00000000 08:02 2234037                    /usr/local/lib/libpjmedia-audiodev.so.2
7fe41c006000-7fe41c00a000 r-xp 00002000 08:02 2234037                    /usr/local/lib/libpjmedia-audiodev.so.2
7fe41c00a000-7fe41c00b000 r--p 00006000 08:02 2234037                    /usr/local/lib/libpjmedia-audiodev.so.2
7fe41c00b000-7fe41c00c000 ---p 00007000 08:02 2234037                    /usr/local/lib/libpjmedia-audiodev.so.2
7fe41c00c000-7fe41c00d000 r--p 00007000 08:02 2234037                    /usr/local/lib/libpjmedia-audiodev.so.2
7fe41c00d000-7fe41c00e000 rw-p 00008000 08:02 2234037                    /usr/local/lib/libpjmedia-audiodev.so.2
7fe41c00e000-7fe41c01c000 r--p 00000000 08:02 2234035                    /usr/local/lib/libpjmedia.so.2
7fe41c01c000-7fe41c054000 r-xp 0000e000 08:02 2234035                    /usr/local/lib/libpjmedia.so.2
7fe41c054000-7fe41c071000 r--p 00046000 08:02 2234035                    /usr/local/lib/libpjmedia.so.2
7fe41c071000-7fe41c072000 ---p 00063000 08:02 2234035                    /usr/local/lib/libpjmedia.so.2
7fe41c072000-7fe41c073000 r--p 00063000 08:02 2234035                    /usr/local/lib/libpjmedia.so.2
7fe41c073000-7fe41c075000 rw-p 00064000 08:02 2234035                    /usr/local/lib/libpjmedia.so.2
7fe41c075000-7fe41c076000 rw-p 00000000 00:00 0 
7fe41c076000-7fe41c084000 r--p 00000000 08:02 2234029                    /usr/local/lib/libpjsip.so.2
7fe41c084000-7fe41c0b4000 r-xp 0000e000 08:02 2234029                    /usr/local/lib/libpjsip.so.2
7fe41c0b4000-7fe41c0c5000 r--p 0003e000 08:02 2234029                    /usr/local/lib/libpjsip.so.2
7fe41c0c5000-7fe41c0c7000 r--p 0004e000 08:02 2234029                    /usr/local/lib/libpjsip.so.2
7fe41c0c7000-7fe41c0c9000 rw-p 00050000 08:02 2234029                    /usr/local/lib/libpjsip.so.2
7fe41c0c9000-7fe420000000 rw-p 00000000 00:00 0 
7fe420000000-7fe420021000 rw-p 00000000 00:00 0 
7fe420021000-7fe424000000 ---p 00000000 00:00 0 
7fe424000000-7fe424021000 rw-p 00000000 00:00 0 
7fe424021000-7fe428000000 ---p 00000000 00:00 0 
7fe428000000-7fe428021000 rw-p 00000000 00:00 0 
7fe428021000-7fe42c000000 ---p 00000000 00:00 0 
7fe42c003000-7fe42c009000 r--p 00000000 08:02 2234027                    /usr/local/lib/libpjsip-simple.so.2
7fe42c009000-7fe42c014000 r-xp 00006000 08:02 2234027                    /usr/local/lib/libpjsip-simple.so.2
7fe42c014000-7fe42c018000 r--p 00011000 08:02 2234027                    /usr/local/lib/libpjsip-simple.so.2
7fe42c018000-7fe42c019000 ---p 00015000 08:02 2234027                    /usr/local/lib/libpjsip-simple.so.2
7fe42c019000-7fe42c01a000 r--p 00015000 08:02 2234027                    /usr/local/lib/libpjsip-simple.so.2
7fe42c01a000-7fe42c01b000 rw-p 00016000 08:02 2234027                    /usr/local/lib/libpjsip-simple.so.2
7fe42c01b000-7fe42c037000 r--p 00000000 08:02 2234021                    /usr/local/lib/libpjsua2.so.2
7fe42c037000-7fe42c08b000 r-xp 0001c000 08:02 2234021                    /usr/local/lib/libpjsua2.so.2
7fe42c08b000-7fe42c0a0000 r--p 00070000 08:02 2234021                    /usr/local/lib/libpjsua2.so.2
7fe42c0a0000-7fe42c0a2000 r--p 00084000 08:02 2234021                    /usr/local/lib/libpjsua2.so.2
7fe42c0a2000-7fe42c0a4000 rw-p 00086000 08:02 2234021                    /usr/local/lib/libpjsua2.so.2
7fe42c0a4000-7fe42c0a7000 r--p 00000000 08:02 1449406                    /usr/lib/x86_64-linux-gnu/libgcc_s.so.1
7fe42c0a7000-7fe42c0b9000 r-xp 00003000 08:02 1449406                    /usr/lib/x86_64-linux-gnu/libgcc_s.so.1
7fe42c0b9000-7fe42c0bd000 r--p 00015000 08:02 1449406                    /usr/lib/x86_64-linux-gnu/libgcc_s.so.1
7fe42c0bd000-7fe42c0be000 r--p 00018000 08:02 1449406                    /usr/lib/x86_64-linux-gnu/libgcc_s.so.1
7fe42c0be000-7fe42c0bf000 rw-p 00019000 08:02 1449406                    /usr/lib/x86_64-linux-gnu/libgcc_s.so.1
7fe42c0c1000-7fe42c0c2000 r--p 00000000 08:02 1448940                    /usr/lib/x86_64-linux-gnu/libXau.so.6.0.0
7fe42c0c2000-7fe42c0c4000 r-xp 00001000 08:02 1448940                    /usr/lib/x86_64-linux-gnu/libXau.so.6.0.0
7fe42c0c4000-7fe42c0c5000 r--p 00003000 08:02 1448940                    /usr/lib/x86_64-linux-gnu/libXau.so.6.0.0
7fe42c0c5000-7fe42c0c6000 r--p 00003000 08:02 1448940                    /usr/lib/x86_64-linux-gnu/libXau.so.6.0.0
7fe42c0c6000-7fe42c0c7000 rw-p 00004000 08:02 1448940                    /usr/lib/x86_64-linux-gnu/libXau.so.6.0.0
7fe42c0c7000-7fe42c0ca000 r--p 00000000 08:02 1450402                    /usr/lib/x86_64-linux-gnu/libwrap.so.0.7.6
7fe42c0ca000-7fe42c0cf000 r-xp 00003000 08:02 1450402                    /usr/lib/x86_64-linux-gnu/libwrap.so.0.7.6
7fe42c0cf000-7fe42c0d1000 r--p 00008000 08:02 1450402                    /usr/lib/x86_64-linux-gnu/libwrap.so.0.7.6
7fe42c0d1000-7fe42c0d2000 r--p 00009000 08:02 1450402                    /usr/lib/x86_64-linux-gnu/libwrap.so.0.7.6
7fe42c0d2000-7fe42c0d3000 rw-p 0000a000 08:02 1450402                    /usr/lib/x86_64-linux-gnu/libwrap.so.0.7.6
7fe42c0d3000-7fe42c0d4000 r--p 00000000 08:02 2097971                    /usr/lib/x86_64-linux-gnu/alsa-lib/libasound_module_rate_samplerate.so
7fe42c0d4000-7fe42c0d5000 r-xp 00001000 08:02 2097971                    /usr/lib/x86_64-linux-gnu/alsa-lib/libasound_module_rate_samplerate.so
7fe42c0d5000-7fe42c0d6000 r--p 00002000 08:02 2097971                    /usr/lib/x86_64-linux-gnu/alsa-lib/libasound_module_rate_samplerate.so
7fe42c0d6000-7fe42c0d7000 r--p 00002000 08:02 2097971                    /usr/lib/x86_64-linux-gnu/alsa-lib/libasound_module_rate_samplerate.so
7fe42c0d7000-7fe42c0d8000 rw-p 00003000 08:02 2097971                    /usr/lib/x86_64-linux-gnu/alsa-lib/libasound_module_rate_samplerate.so
7fe42c0d8000-7fe42ccc0000 rw-p 00000000 00:00 0 
7fe42ccc0000-7fe42d000000 ---p 00000000 00:00 0 
7fe42d000000-7fe42d270000 rwxp 00000000 00:00 0 
7fe42d270000-7fe43c000000 ---p 00000000 00:00 0 
7fe43c000000-7fe43c298000 rw-p 00000000 00:00 0 
7fe43c298000-7fe440000000 ---p 00000000 00:00 0 
7fe440001000-7fe4404d9000 rw-p 00000000 00:00 0 
7fe4404d9000-7fe4406b9000 r--s 03ea1000 08:02 5380617                    /home/user/software/jdk1.8.0_331/jre/lib/rt.jar
7fe4406b9000-7fe440bac000 rw-p 00000000 00:00 0 
7fe440bac000-7fe440bad000 ---p 00000000 00:00 0 
7fe440bad000-7fe440cad000 rw-p 00000000 00:00 0 
7fe440cad000-7fe440cae000 ---p 00000000 00:00 0 
7fe440cae000-7fe440dae000 rw-p 00000000 00:00 0 
7fe440dae000-7fe440daf000 ---p 00000000 00:00 0 
7fe440daf000-7fe440eaf000 rw-p 00000000 00:00 0 
7fe440eaf000-7fe440eb0000 ---p 00000000 00:00 0 
7fe440eb0000-7fe440fda000 rw-p 00000000 00:00 0 
7fe440fda000-7fe44123d000 ---p 00000000 00:00 0 
7fe44123d000-7fe441267000 rw-p 00000000 00:00 0 
7fe441267000-7fe4414c9000 ---p 00000000 00:00 0 
7fe4414c9000-7fe4414df000 rw-p 00000000 00:00 0 
7fe4414df000-7fe441610000 ---p 00000000 00:00 0 
7fe441610000-7fe44161b000 rw-p 00000000 00:00 0 
7fe44161b000-7fe4419d1000 ---p 00000000 00:00 0 
7fe4419d1000-7fe4419ec000 r-xp 00000000 08:02 5380501                    /home/user/software/jdk1.8.0_331/jre/lib/amd64/libzip.so
7fe4419ec000-7fe441beb000 ---p 0001b000 08:02 5380501                    /home/user/software/jdk1.8.0_331/jre/lib/amd64/libzip.so
7fe441beb000-7fe441bec000 r--p 0001a000 08:02 5380501                    /home/user/software/jdk1.8.0_331/jre/lib/amd64/libzip.so
7fe441bec000-7fe441bed000 rw-p 0001b000 08:02 5380501                    /home/user/software/jdk1.8.0_331/jre/lib/amd64/libzip.so
7fe441bed000-7fe441bf5000 rw-s 00000000 08:02 9833400                    /tmp/hsperfdata_user/22588
7fe441bf5000-7fe441c22000 r-xp 00000000 08:02 5380498                    /home/user/software/jdk1.8.0_331/jre/lib/amd64/libjava.so
7fe441c22000-7fe441e21000 ---p 0002d000 08:02 5380498                    /home/user/software/jdk1.8.0_331/jre/lib/amd64/libjava.so
7fe441e21000-7fe441e22000 r--p 0002c000 08:02 5380498                    /home/user/software/jdk1.8.0_331/jre/lib/amd64/libjava.so
7fe441e22000-7fe441e24000 rw-p 0002d000 08:02 5380498                    /home/user/software/jdk1.8.0_331/jre/lib/amd64/libjava.so
7fe441e24000-7fe441e31000 r-xp 00000000 08:02 5380487                    /home/user/software/jdk1.8.0_331/jre/lib/amd64/libverify.so
7fe441e31000-7fe442030000 ---p 0000d000 08:02 5380487                    /home/user/software/jdk1.8.0_331/jre/lib/amd64/libverify.so
7fe442030000-7fe442032000 r--p 0000c000 08:02 5380487                    /home/user/software/jdk1.8.0_331/jre/lib/amd64/libverify.so
7fe442032000-7fe442033000 rw-p 0000e000 08:02 5380487                    /home/user/software/jdk1.8.0_331/jre/lib/amd64/libverify.so
7fe442033000-7fe442035000 r--p 00000000 08:02 1445807                    /usr/lib/x86_64-linux-gnu/librt-2.31.so
7fe442035000-7fe442039000 r-xp 00002000 08:02 1445807                    /usr/lib/x86_64-linux-gnu/librt-2.31.so
7fe442039000-7fe44203b000 r--p 00006000 08:02 1445807                    /usr/lib/x86_64-linux-gnu/librt-2.31.so
7fe44203b000-7fe44203c000 r--p 00007000 08:02 1445807                    /usr/lib/x86_64-linux-gnu/librt-2.31.so
7fe44203c000-7fe44203d000 rw-p 00008000 08:02 1445807                    /usr/lib/x86_64-linux-gnu/librt-2.31.so
7fe44203d000-7fe44203e000 ---p 00000000 00:00 0 
7fe44203e000-7fe442041000 ---p 00000000 00:00 0 
7fe442041000-7fe44213e000 rw-p 00000000 00:00 0 
7fe44213e000-7fe44214b000 r--p 00000000 08:02 1445794                    /usr/lib/x86_64-linux-gnu/libm-2.31.so
7fe44214b000-7fe4421f2000 r-xp 0000d000 08:02 1445794                    /usr/lib/x86_64-linux-gnu/libm-2.31.so
7fe4421f2000-7fe44228b000 r--p 000b4000 08:02 1445794                    /usr/lib/x86_64-linux-gnu/libm-2.31.so
7fe44228b000-7fe44228c000 r--p 0014c000 08:02 1445794                    /usr/lib/x86_64-linux-gnu/libm-2.31.so
7fe44228c000-7fe44228d000 rw-p 0014d000 08:02 1445794                    /usr/lib/x86_64-linux-gnu/libm-2.31.so
7fe44228d000-7fe442f85000 r-xp 00000000 08:02 5380480                    /home/user/software/jdk1.8.0_331/jre/lib/amd64/server/libjvm.so
7fe442f85000-7fe443184000 ---p 00cf8000 08:02 5380480                    /home/user/software/jdk1.8.0_331/jre/lib/amd64/server/libjvm.so
7fe443184000-7fe44321a000 r--p 00cf7000 08:02 5380480                    /home/user/software/jdk1.8.0_331/jre/lib/amd64/server/libjvm.so
7fe44321a000-7fe44324b000 rw-p 00d8d000 08:02 5380480                    /home/user/software/jdk1.8.0_331/jre/lib/amd64/server/libjvm.so
7fe44324b000-7fe443288000 rw-p 00000000 00:00 0 
7fe443288000-7fe4432aa000 r--p 00000000 08:02 1445792                    /usr/lib/x86_64-linux-gnu/libc-2.31.so
7fe4432aa000-7fe443422000 r-xp 00022000 08:02 1445792                    /usr/lib/x86_64-linux-gnu/libc-2.31.so
7fe443422000-7fe443470000 r--p 0019a000 08:02 1445792                    /usr/lib/x86_64-linux-gnu/libc-2.31.so
7fe443470000-7fe443474000 r--p 001e7000 08:02 1445792                    /usr/lib/x86_64-linux-gnu/libc-2.31.so
7fe443474000-7fe443476000 rw-p 001eb000 08:02 1445792                    /usr/lib/x86_64-linux-gnu/libc-2.31.so
7fe443476000-7fe44347a000 rw-p 00000000 00:00 0 
7fe44347a000-7fe44347b000 r--p 00000000 08:02 1445793                    /usr/lib/x86_64-linux-gnu/libdl-2.31.so
7fe44347b000-7fe44347d000 r-xp 00001000 08:02 1445793                    /usr/lib/x86_64-linux-gnu/libdl-2.31.so
7fe44347d000-7fe44347e000 r--p 00003000 08:02 1445793                    /usr/lib/x86_64-linux-gnu/libdl-2.31.so
7fe44347e000-7fe44347f000 r--p 00003000 08:02 1445793                    /usr/lib/x86_64-linux-gnu/libdl-2.31.so
7fe44347f000-7fe443480000 rw-p 00004000 08:02 1445793                    /usr/lib/x86_64-linux-gnu/libdl-2.31.so
7fe443480000-7fe443497000 r-xp 00000000 08:02 9965144                    /home/user/software/jdk1.8.0_331/lib/amd64/jli/libjli.so
7fe443497000-7fe443696000 ---p 00017000 08:02 9965144                    /home/user/software/jdk1.8.0_331/lib/amd64/jli/libjli.so
7fe443696000-7fe443697000 r--p 00016000 08:02 9965144                    /home/user/software/jdk1.8.0_331/lib/amd64/jli/libjli.so
7fe443697000-7fe443698000 rw-p 00017000 08:02 9965144                    /home/user/software/jdk1.8.0_331/lib/amd64/jli/libjli.so
7fe443698000-7fe44369e000 r--p 00000000 08:02 1445805                    /usr/lib/x86_64-linux-gnu/libpthread-2.31.so
7fe44369e000-7fe4436af000 r-xp 00006000 08:02 1445805                    /usr/lib/x86_64-linux-gnu/libpthread-2.31.so
7fe4436af000-7fe4436b5000 r--p 00017000 08:02 1445805                    /usr/lib/x86_64-linux-gnu/libpthread-2.31.so
7fe4436b5000-7fe4436b6000 r--p 0001c000 08:02 1445805                    /usr/lib/x86_64-linux-gnu/libpthread-2.31.so
7fe4436b6000-7fe4436b7000 rw-p 0001d000 08:02 1445805                    /usr/lib/x86_64-linux-gnu/libpthread-2.31.so
7fe4436b7000-7fe4436bb000 rw-p 00000000 00:00 0 
7fe4436bf000-7fe4436c2000 r--p 00000000 08:02 1445800                    /usr/lib/x86_64-linux-gnu/libnss_files-2.31.so
7fe4436c2000-7fe4436c9000 r-xp 00003000 08:02 1445800                    /usr/lib/x86_64-linux-gnu/libnss_files-2.31.so
7fe4436c9000-7fe4436cb000 r--p 0000a000 08:02 1445800                    /usr/lib/x86_64-linux-gnu/libnss_files-2.31.so
7fe4436cb000-7fe4436cc000 r--p 0000b000 08:02 1445800                    /usr/lib/x86_64-linux-gnu/libnss_files-2.31.so
7fe4436cc000-7fe4436cd000 rw-p 0000c000 08:02 1445800                    /usr/lib/x86_64-linux-gnu/libnss_files-2.31.so
7fe4436cd000-7fe4436d6000 rw-p 00000000 00:00 0 
7fe4436d6000-7fe4436d7000 r--p 00000000 08:02 1445788                    /usr/lib/x86_64-linux-gnu/ld-2.31.so
7fe4436d7000-7fe4436fa000 r-xp 00001000 08:02 1445788                    /usr/lib/x86_64-linux-gnu/ld-2.31.so
7fe4436fa000-7fe443702000 r--p 00024000 08:02 1445788                    /usr/lib/x86_64-linux-gnu/ld-2.31.so
7fe443702000-7fe443703000 r--p 00000000 00:00 0 
7fe443703000-7fe443704000 r--p 0002c000 08:02 1445788                    /usr/lib/x86_64-linux-gnu/ld-2.31.so
7fe443704000-7fe443705000 rw-p 0002d000 08:02 1445788                    /usr/lib/x86_64-linux-gnu/ld-2.31.so
7fe443705000-7fe443706000 rw-p 00000000 00:00 0 
7fff89187000-7fff891a8000 rw-p 00000000 00:00 0                          [stack]
7fff891f5000-7fff891f9000 r--p 00000000 00:00 0                          [vvar]
7fff891f9000-7fff891fb000 r-xp 00000000 00:00 0                          [vdso]
ffffffffff600000-ffffffffff601000 --xp 00000000 00:00 0                  [vsyscall]

VM Arguments:
jvm_args: -Dfile.encoding=UTF-8 -Djava.library.path=/home/user/NetBeansProjects/pjsau/src/pjsau/Sofile/ 
java_command: pjsau.Pjsau
java_class_path (initial): /home/user/Downloads/pjproject-2.12.1/pjsip-apps/src/swig/java/output:/home/user/NetBeansProjects/pjsau/build/classes
Launcher Type: SUN_STANDARD

Environment Variables:
PATH=/home/user/.local/bin:/usr/local/sbin:/usr/local/bin:/usr/sbin:/usr/bin:/sbin:/bin:/usr/games:/usr/local/games:/snap/bin
USERNAME=user
SHELL=/bin/bash
DISPLAY=:0

Signal Handlers:
SIGSEGV: [libjvm.so+0xae0f60], sa_mask[0]=11111111011111111101111111111110, sa_flags=SA_RESTART|SA_SIGINFO
SIGBUS: [libjvm.so+0xae0f60], sa_mask[0]=11111111011111111101111111111110, sa_flags=SA_RESTART|SA_SIGINFO
SIGFPE: [libjvm.so+0xae0f60], sa_mask[0]=11111111011111111101111111111110, sa_flags=SA_RESTART|SA_SIGINFO
SIGPIPE: [libjvm.so+0x915120], sa_mask[0]=11111111011111111101111111111110, sa_flags=SA_RESTART|SA_SIGINFO
SIGXFSZ: [libjvm.so+0x915120], sa_mask[0]=11111111011111111101111111111110, sa_flags=SA_RESTART|SA_SIGINFO
SIGILL: [libjvm.so+0xae0f60], sa_mask[0]=11111111011111111101111111111110, sa_flags=SA_RESTART|SA_SIGINFO
SIGUSR1: SIG_DFL, sa_mask[0]=00000000000000000000000000000000, sa_flags=none
SIGUSR2: [libjvm.so+0x914ff0], sa_mask[0]=00100000000000000000000000000000, sa_flags=SA_RESTART|SA_SIGINFO
SIGHUP: [libjvm.so+0x915610], sa_mask[0]=11111111011111111101111111111110, sa_flags=SA_RESTART|SA_SIGINFO
SIGINT: SIG_IGN, sa_mask[0]=00000000000000000000000000000000, sa_flags=none
SIGTERM: [libjvm.so+0x915610], sa_mask[0]=11111111011111111101111111111110, sa_flags=SA_RESTART|SA_SIGINFO
SIGQUIT: [libjvm.so+0x915610], sa_mask[0]=11111111011111111101111111111110, sa_flags=SA_RESTART|SA_SIGINFO


---------------  S Y S T E M  ---------------

OS:DISTRIB_ID=Ubuntu
DISTRIB_RELEASE=20.04
DISTRIB_CODENAME=focal
DISTRIB_DESCRIPTION="Ubuntu 20.04.4 LTS"

uname:Linux 5.13.0-44-generic #49~20.04.1-Ubuntu SMP Wed May 18 18:44:28 UTC 2022 x86_64
libc:glibc 2.31 NPTL 2.31 
rlimit: STACK 8192k, CORE 0k, NPROC 31039, NOFILE 1048576, AS infinity
load average:0.46 0.48 0.76

/proc/meminfo:
MemTotal:        8017192 kB
MemFree:          679572 kB
MemAvailable:    3029680 kB
Buffers:          380076 kB
Cached:          2517468 kB
SwapCached:         8416 kB
Active:          1898708 kB
Inactive:        4826912 kB
Active(anon):     216820 kB
Inactive(anon):  4103440 kB
Active(file):    1681888 kB
Inactive(file):   723472 kB
Unevictable:       98024 kB
Mlocked:              16 kB
SwapTotal:       3999740 kB
SwapFree:        3968060 kB
Dirty:               512 kB
Writeback:             0 kB
AnonPages:       3917708 kB
Mapped:           648240 kB
Shmem:            499876 kB
KReclaimable:     248812 kB
Slab:             393084 kB
SReclaimable:     248812 kB
SUnreclaim:       144272 kB
KernelStack:       17420 kB
PageTables:        35488 kB
NFS_Unstable:          0 kB
Bounce:                0 kB
WritebackTmp:          0 kB
CommitLimit:     8008336 kB
Committed_AS:    9719668 kB
VmallocTotal:   34359738367 kB
VmallocUsed:       42236 kB
VmallocChunk:          0 kB
Percpu:             4224 kB
HardwareCorrupted:     0 kB
AnonHugePages:         0 kB
ShmemHugePages:        0 kB
ShmemPmdMapped:        0 kB
FileHugePages:         0 kB
FilePmdMapped:         0 kB
HugePages_Total:       0
HugePages_Free:        0
HugePages_Rsvd:        0
HugePages_Surp:        0
Hugepagesize:       2048 kB
Hugetlb:               0 kB
DirectMap4k:      342432 kB
DirectMap2M:     6873088 kB
DirectMap1G:     1048576 kB

container (cgroup) information:
container_type: cgroupv1
cpu_cpuset_cpus: 0-3
cpu_memory_nodes: 0
active_processor_count: 4
cpu_quota: -1
cpu_period: 100000
cpu_shares: -1
memory_limit_in_bytes: -1
memory_and_swap_limit_in_bytes: -1
memory_soft_limit_in_bytes: -1
memory_usage_in_bytes: 5384392704
memory_max_usage_in_bytes: 5961089024


CPU:total 4 (initial active 4) (4 cores per cpu, 1 threads per core) family 6 model 158 stepping 9, cmov, cx8, fxsr, mmx, sse, sse2, sse3, ssse3, sse4.1, sse4.2, popcnt, avx, avx2, aes, clmul, erms, rtm, 3dnowpref, lzcnt, tsc, tscinvbit, bmi1, bmi2, adx

/proc/cpuinfo:
processor	: 0
vendor_id	: GenuineIntel
cpu family	: 6
model		: 158
model name	: Intel(R) Core(TM) i5-7500 CPU @ 3.40GHz
stepping	: 9
microcode	: 0xec
cpu MHz		: 3445.982
cache size	: 6144 KB
physical id	: 0
siblings	: 4
core id		: 0
cpu cores	: 4
apicid		: 0
initial apicid	: 0
fpu		: yes
fpu_exception	: yes
cpuid level	: 22
wp		: yes
flags		: fpu vme de pse tsc msr pae mce cx8 apic sep mtrr pge mca cmov pat pse36 clflush dts acpi mmx fxsr sse sse2 ss ht tm pbe syscall nx pdpe1gb rdtscp lm constant_tsc art arch_perfmon pebs bts rep_good nopl xtopology nonstop_tsc cpuid aperfmperf pni pclmulqdq dtes64 monitor ds_cpl vmx smx est tm2 ssse3 sdbg fma cx16 xtpr pdcm pcid sse4_1 sse4_2 x2apic movbe popcnt tsc_deadline_timer aes xsave avx f16c rdrand lahf_lm abm 3dnowprefetch cpuid_fault epb invpcid_single pti ssbd ibrs ibpb stibp tpr_shadow vnmi flexpriority ept vpid ept_ad fsgsbase tsc_adjust bmi1 hle avx2 smep bmi2 erms invpcid rtm mpx rdseed adx smap clflushopt intel_pt xsaveopt xsavec xgetbv1 xsaves dtherm ida arat pln pts hwp hwp_notify hwp_act_window hwp_epp md_clear flush_l1d arch_capabilities
vmx flags	: vnmi preemption_timer invvpid ept_x_only ept_ad ept_1gb flexpriority tsc_offset vtpr mtf vapic ept vpid unrestricted_guest ple shadow_vmcs pml ept_mode_based_exec
bugs		: cpu_meltdown spectre_v1 spectre_v2 spec_store_bypass l1tf mds swapgs taa itlb_multihit srbds
bogomips	: 6799.81
clflush size	: 64
cache_alignment	: 64
address sizes	: 39 bits physical, 48 bits virtual
power management:

processor	: 1
vendor_id	: GenuineIntel
cpu family	: 6
model		: 158
model name	: Intel(R) Core(TM) i5-7500 CPU @ 3.40GHz
stepping	: 9
microcode	: 0xec
cpu MHz		: 3519.061
cache size	: 6144 KB
physical id	: 0
siblings	: 4
core id		: 1
cpu cores	: 4
apicid		: 2
initial apicid	: 2
fpu		: yes
fpu_exception	: yes
cpuid level	: 22
wp		: yes
flags		: fpu vme de pse tsc msr pae mce cx8 apic sep mtrr pge mca cmov pat pse36 clflush dts acpi mmx fxsr sse sse2 ss ht tm pbe syscall nx pdpe1gb rdtscp lm constant_tsc art arch_perfmon pebs bts rep_good nopl xtopology nonstop_tsc cpuid aperfmperf pni pclmulqdq dtes64 monitor ds_cpl vmx smx est tm2 ssse3 sdbg fma cx16 xtpr pdcm pcid sse4_1 sse4_2 x2apic movbe popcnt tsc_deadline_timer aes xsave avx f16c rdrand lahf_lm abm 3dnowprefetch cpuid_fault epb invpcid_single pti ssbd ibrs ibpb stibp tpr_shadow vnmi flexpriority ept vpid ept_ad fsgsbase tsc_adjust bmi1 hle avx2 smep bmi2 erms invpcid rtm mpx rdseed adx smap clflushopt intel_pt xsaveopt xsavec xgetbv1 xsaves dtherm ida arat pln pts hwp hwp_notify hwp_act_window hwp_epp md_clear flush_l1d arch_capabilities
vmx flags	: vnmi preemption_timer invvpid ept_x_only ept_ad ept_1gb flexpriority tsc_offset vtpr mtf vapic ept vpid unrestricted_guest ple shadow_vmcs pml ept_mode_based_exec
bugs		: cpu_meltdown spectre_v1 spectre_v2 spec_store_bypass l1tf mds swapgs taa itlb_multihit srbds
bogomips	: 6799.81
clflush size	: 64
cache_alignment	: 64
address sizes	: 39 bits physical, 48 bits virtual
power management:

processor	: 2
vendor_id	: GenuineIntel
cpu family	: 6
model		: 158
model name	: Intel(R) Core(TM) i5-7500 CPU @ 3.40GHz
stepping	: 9
microcode	: 0xec
cpu MHz		: 3489.627
cache size	: 6144 KB
physical id	: 0
siblings	: 4
core id		: 2
cpu cores	: 4
apicid		: 4
initial apicid	: 4
fpu		: yes
fpu_exception	: yes
cpuid level	: 22
wp		: yes
flags		: fpu vme de pse tsc msr pae mce cx8 apic sep mtrr pge mca cmov pat pse36 clflush dts acpi mmx fxsr sse sse2 ss ht tm pbe syscall nx pdpe1gb rdtscp lm constant_tsc art arch_perfmon pebs bts rep_good nopl xtopology nonstop_tsc cpuid aperfmperf pni pclmulqdq dtes64 monitor ds_cpl vmx smx est tm2 ssse3 sdbg fma cx16 xtpr pdcm pcid sse4_1 sse4_2 x2apic movbe popcnt tsc_deadline_timer aes xsave avx f16c rdrand lahf_lm abm 3dnowprefetch cpuid_fault epb invpcid_single pti ssbd ibrs ibpb stibp tpr_shadow vnmi flexpriority ept vpid ept_ad fsgsbase tsc_adjust bmi1 hle avx2 smep bmi2 erms invpcid rtm mpx rdseed adx smap clflushopt intel_pt xsaveopt xsavec xgetbv1 xsaves dtherm ida arat pln pts hwp hwp_notify hwp_act_window hwp_epp md_clear flush_l1d arch_capabilities
vmx flags	: vnmi preemption_timer invvpid ept_x_only ept_ad ept_1gb flexpriority tsc_offset vtpr mtf vapic ept vpid unrestricted_guest ple shadow_vmcs pml ept_mode_based_exec
bugs		: cpu_meltdown spectre_v1 spectre_v2 spec_store_bypass l1tf mds swapgs taa itlb_multihit srbds
bogomips	: 6799.81
clflush size	: 64
cache_alignment	: 64
address sizes	: 39 bits physical, 48 bits virtual
power management:

processor	: 3
vendor_id	: GenuineIntel
cpu family	: 6
model		: 158
model name	: Intel(R) Core(TM) i5-7500 CPU @ 3.40GHz
stepping	: 9
microcode	: 0xec
cpu MHz		: 3449.693
cache size	: 6144 KB
physical id	: 0
siblings	: 4
core id		: 3
cpu cores	: 4
apicid		: 6
initial apicid	: 6
fpu		: yes
fpu_exception	: yes
cpuid level	: 22
wp		: yes
flags		: fpu vme de pse tsc msr pae mce cx8 apic sep mtrr pge mca cmov pat pse36 clflush dts acpi mmx fxsr sse sse2 ss ht tm pbe syscall nx pdpe1gb rdtscp lm constant_tsc art arch_perfmon pebs bts rep_good nopl xtopology nonstop_tsc cpuid aperfmperf pni pclmulqdq dtes64 monitor ds_cpl vmx smx est tm2 ssse3 sdbg fma cx16 xtpr pdcm pcid sse4_1 sse4_2 x2apic movbe popcnt tsc_deadline_timer aes xsave avx f16c rdrand lahf_lm abm 3dnowprefetch cpuid_fault epb invpcid_single pti ssbd ibrs ibpb stibp tpr_shadow vnmi flexpriority ept vpid ept_ad fsgsbase tsc_adjust bmi1 hle avx2 smep bmi2 erms invpcid rtm mpx rdseed adx smap clflushopt intel_pt xsaveopt xsavec xgetbv1 xsaves dtherm ida arat pln pts hwp hwp_notify hwp_act_window hwp_epp md_clear flush_l1d arch_capabilities
vmx flags	: vnmi preemption_timer invvpid ept_x_only ept_ad ept_1gb flexpriority tsc_offset vtpr mtf vapic ept vpid unrestricted_guest ple shadow_vmcs pml ept_mode_based_exec
bugs		: cpu_meltdown spectre_v1 spectre_v2 spec_store_bypass l1tf mds swapgs taa itlb_multihit srbds
bogomips	: 6799.81
clflush size	: 64
cache_alignment	: 64
address sizes	: 39 bits physical, 48 bits virtual
power management:



Memory: 4k page, physical 8017192k(679396k free), swap 3999740k(3968060k free)

vm_info: Java HotSpot(TM) 64-Bit Server VM (25.331-b09) for linux-amd64 JRE (1.8.0_331-b09), built on Mar 10 2022 11:12:57 by "java_re" with gcc 7.3.0

time: Thu Jun  2 16:26:54 2022
timezone: IST
elapsed time: 0.235696 seconds (0d 0h 0m 0s)

