#
# A fatal error has been detected by the Java Runtime Environment:
#
#  SIGSEGV (0xb) at pc=0x00007f204c099ecd, pid=13886, tid=0x00007f200ffff700
#
# JRE version: Java(TM) SE Runtime Environment (8.0_331-b09) (build 1.8.0_331-b09)
# Java VM: Java HotSpot(TM) 64-Bit Server VM (25.331-b09 mixed mode linux-amd64 compressed oops)
# Problematic frame:
# C  [libpjsua2.so.2+0x44ecd]  pj::Endpoint::utilLogWrite(pj::LogEntry&)+0x3d
#
# Failed to write core dump. Core dumps have been disabled. To enable core dumping, try "ulimit -c unlimited" before starting Java again
#
# If you would like to submit a bug report, please visit:
#   http://bugreport.java.com/bugreport/crash.jsp
#

---------------  T H R E A D  ---------------

Current thread is native thread

siginfo: si_signo: 11 (SIGSEGV), si_code: 128 (SI_KERNEL), si_addr: 0x0000000000000000

Registers:
RAX=0x6a705f326175736a, RBX=0x00007f200fffd130, RCX=0x00000000305f6175, RDX=0x0000000000000007
RSP=0x00007f200fffd0f8, RBP=0x00007f205c1593b0, RSI=0x00007f200fffd140, RDI=0x00007f205c1c4830
R8 =0x00007f205c1da250, R9 =0x00007f200fffd190, R10=0x00007f203c0b694d, R11=0x00007f200fffd044
R12=0x00007f205c1da250, R13=0x00007f200fffd158, R14=0x00007f200fffd180, R15=0x00007f200fffd270
RIP=0x00007f204c099ecd, EFLAGS=0x0000000000010206, CSGSFS=0x002b000000000033, ERR=0x0000000000000000
  TRAPNO=0x000000000000000d

Top of Stack: (sp=0x00007f200fffd0f8)
0x00007f200fffd0f8:   00007f204c09a151 00007f200fffd110
0x00007f200fffd108:   0000000000000000 0000000000000000
0x00007f200fffd118:   00007f206309d0c0 00007f200fffd130
0x00007f200fffd128:   0000000000000000 00305f6175736a00
0x00007f200fffd138:   00007f204c82d510 ffffffff00000004
0x00007f200fffd148:   00007f200400ca90 0000000000000099
0x00007f200fffd158:   0000000000000099 00000000ffffffff
0x00007f200fffd168:   00007f205c1da250 00007f200fffd180
0x00007f200fffd178:   0000000000000007 00305f6175736a70
0x00007f200fffd188:   000000006175736a 0000000000000000
0x00007f200fffd198:   e000511bac420f00 00007f200fffd250
0x00007f200fffd1a8:   00007f203653a8e0 0000000000000004
0x00007f200fffd1b8:   00007f200fffd270 0000000000000099
0x00007f200fffd1c8:   0000000000000099 0000000000000026
0x00007f200fffd1d8:   00007f2036510226 00007f2000000000
0x00007f200fffd1e8:   e000511bac420f00 00007f200fffd296
0x00007f200fffd1f8:   00007f203c0b64cb 00007f200fffd296
0x00007f200fffd208:   00007f200fffd270 0000000000000004
0x00007f200fffd218:   00007f20364c8f85 552f302e322f5049
0x00007f200fffd228:   0000000000000f7a 00000005302e3836
0x00007f200fffd238:   623b74726f70723b 0000000062c2a398
0x00007f200fffd248:   0000000000000223 0000000400000001
0x00007f200fffd258:   000007e600000006 0000003500000034
0x00007f200fffd268:   000002230000000d 32353a33353a3331
0x00007f200fffd278:   202020203734352e 7069732020202020
0x00007f200fffd288:   6e696f70646e655f 65522e2020632e74
0x00007f200fffd298:   736d207473657571 5453494745522067
0x00007f200fffd2a8:   3d716573632f5245 7228203936363635
0x00007f200fffd2b8:   6637783061746164 6261303034303032
0x00007f200fffd2c8:   6d6f726620293836 3836312e32393120
0x00007f200fffd2d8:   353a3233312e302e 2073617720303630
0x00007f200fffd2e8:   2f646570706f7264 656c646e61686e75 

Instructions: (pc=0x00007f204c099ecd)
0x00007f204c099ead:   00 00 80 7d 58 00 49 89 f4 75 18 48 8b 07 4c 89
0x00007f204c099ebd:   e6 48 8b 40 10 48 83 c4 08 5d 41 5c 41 5d 41 5e
0x00007f204c099ecd:   ff e0 90 e8 6b 91 fd ff 48 39 45 60 0f 84 91 00
0x00007f204c099edd:   00 00 bf 58 00 00 00 e8 c7 a1 fd ff 49 8d 74 24 

Register to memory mapping:

RAX=0x6a705f326175736a is an unknown value
RBX=0x00007f200fffd130 is an unknown value
RCX=0x00000000305f6175 is an unknown value
RDX=0x0000000000000007 is an unknown value
RSP=0x00007f200fffd0f8 is an unknown value
RBP=0x00007f205c1593b0 is an unknown value
RSI=0x00007f200fffd140 is an unknown value
RDI=0x00007f205c1c4830 is an unknown value
R8 =0x00007f205c1da250 is an unknown value
R9 =0x00007f200fffd190 is an unknown value
R10=0x00007f203c0b694d: <offset 0x4094d> in /usr/local/lib/libpjsip.so.2 at 0x00007f203c076000
R11=0x00007f200fffd044 is an unknown value
R12=0x00007f205c1da250 is an unknown value
R13=0x00007f200fffd158 is an unknown value
R14=0x00007f200fffd180 is an unknown value
R15=0x00007f200fffd270 is an unknown value


Stack: [0x00007f200f800000,0x00007f2010000000],  sp=0x00007f200fffd0f8,  free space=8180k
Native frames: (J=compiled Java code, j=interpreted, Vv=VM code, C=native code)
C  [libpjsua2.so.2+0x44ecd]  pj::Endpoint::utilLogWrite(pj::LogEntry&)+0x3d


---------------  P R O C E S S  ---------------

VM state:not at safepoint (normal execution)

VM Mutex/Monitor currently owned by a thread: None

heap address: 0x0000000085a00000, size: 1958 MB, Compressed Oops mode: 32-bit
Narrow klass base: 0x0000000000000000, Narrow klass shift: 3
Compressed class space size: 1073741824 Address: 0x0000000100000000

Heap:
 PSYoungGen      total 36864K, used 2306K [0x00000000d7380000, 0x00000000d9c80000, 0x0000000100000000)
  eden space 31744K, 6% used [0x00000000d7380000,0x00000000d755c8a0,0x00000000d9280000)
  from space 5120K, 7% used [0x00000000d9780000,0x00000000d97e4010,0x00000000d9c80000)
  to   space 5120K, 0% used [0x00000000d9280000,0x00000000d9280000,0x00000000d9780000)
 ParOldGen       total 84992K, used 16K [0x0000000085a00000, 0x000000008ad00000, 0x00000000d7380000)
  object space 84992K, 0% used [0x0000000085a00000,0x0000000085a04000,0x000000008ad00000)
 Metaspace       used 3233K, capacity 5176K, committed 5376K, reserved 1056768K
  class space    used 285K, capacity 424K, committed 512K, reserved 1048576K

Card table byte_map: [0x00007f2060f86000,0x00007f206135a000] byte_map_base: 0x00007f2060b59000

Marking Bits: (ParMarkBitMap*) 0x00007f2062faa220
 Begin Bits: [0x00007f203c2d0000, 0x00007f203e168000)
 End Bits:   [0x00007f203e168000, 0x00007f2040000000)

Polling page: 0x00007f2063449000

CodeCache: size=245760Kb used=1271Kb max_used=1271Kb free=244488Kb
 bounds [0x00007f204d000000, 0x00007f204d270000, 0x00007f205c000000]
 total_blobs=353 nmethods=96 adapters=172
 compilation: enabled

Compilation events (10 events):
Event: 13.490 Thread 0x00007f205c0c0000   84   !   3       java.io.PrintStream::println (24 bytes)
Event: 13.491 Thread 0x00007f205c0c0000 nmethod 84 0x00007f204d13b850 code [0x00007f204d13b9e0, 0x00007f204d13bdf8]
Event: 13.491 Thread 0x00007f205c0c0000   85       3       java.io.PrintStream::print (13 bytes)
Event: 13.491 Thread 0x00007f205c0c0000 nmethod 85 0x00007f204d13bf50 code [0x00007f204d13c0c0, 0x00007f204d13c288]
Event: 13.927 Thread 0x00007f205c0c0000   93   !   3       sun.nio.cs.StreamEncoder::write (78 bytes)
Event: 13.928 Thread 0x00007f205c0c0000 nmethod 93 0x00007f204d13c310 code [0x00007f204d13c4e0, 0x00007f204d13cb88]
Event: 14.485 Thread 0x00007f205c0c0000   94       3       java.lang.Character::toUpperCase (6 bytes)
Event: 14.486 Thread 0x00007f205c0c0000 nmethod 94 0x00007f204d13cf90 code [0x00007f204d13d120, 0x00007f204d13d3b8]
Event: 14.486 Thread 0x00007f205c0c0000   95       3       java.lang.Character::toUpperCase (9 bytes)
Event: 14.486 Thread 0x00007f205c0c0000 nmethod 95 0x00007f204d13d4d0 code [0x00007f204d13d640, 0x00007f204d13d878]

GC Heap History (4 events):
Event: 2.469 GC heap before
{Heap before GC invocations=1 (full 0):
 PSYoungGen      total 36864K, used 31744K [0x00000000d7380000, 0x00000000d9c80000, 0x0000000100000000)
  eden space 31744K, 100% used [0x00000000d7380000,0x00000000d9280000,0x00000000d9280000)
  from space 5120K, 0% used [0x00000000d9780000,0x00000000d9780000,0x00000000d9c80000)
  to   space 5120K, 0% used [0x00000000d9280000,0x00000000d9280000,0x00000000d9780000)
 ParOldGen       total 84992K, used 0K [0x0000000085a00000, 0x000000008ad00000, 0x00000000d7380000)
  object space 84992K, 0% used [0x0000000085a00000,0x0000000085a00000,0x000000008ad00000)
 Metaspace       used 3194K, capacity 5176K, committed 5376K, reserved 1056768K
  class space    used 283K, capacity 424K, committed 512K, reserved 1048576K
Event: 2.470 GC heap after
Heap after GC invocations=1 (full 0):
 PSYoungGen      total 36864K, used 336K [0x00000000d7380000, 0x00000000d9c80000, 0x0000000100000000)
  eden space 31744K, 0% used [0x00000000d7380000,0x00000000d7380000,0x00000000d9280000)
  from space 5120K, 6% used [0x00000000d9280000,0x00000000d92d4010,0x00000000d9780000)
  to   space 5120K, 0% used [0x00000000d9780000,0x00000000d9780000,0x00000000d9c80000)
 ParOldGen       total 84992K, used 8K [0x0000000085a00000, 0x000000008ad00000, 0x00000000d7380000)
  object space 84992K, 0% used [0x0000000085a00000,0x0000000085a02000,0x000000008ad00000)
 Metaspace       used 3194K, capacity 5176K, committed 5376K, reserved 1056768K
  class space    used 283K, capacity 424K, committed 512K, reserved 1048576K
}
Event: 21.927 GC heap before
{Heap before GC invocations=2 (full 0):
 PSYoungGen      total 36864K, used 32080K [0x00000000d7380000, 0x00000000d9c80000, 0x0000000100000000)
  eden space 31744K, 100% used [0x00000000d7380000,0x00000000d9280000,0x00000000d9280000)
  from space 5120K, 6% used [0x00000000d9280000,0x00000000d92d4010,0x00000000d9780000)
  to   space 5120K, 0% used [0x00000000d9780000,0x00000000d9780000,0x00000000d9c80000)
 ParOldGen       total 84992K, used 8K [0x0000000085a00000, 0x000000008ad00000, 0x00000000d7380000)
  object space 84992K, 0% used [0x0000000085a00000,0x0000000085a02000,0x000000008ad00000)
 Metaspace       used 3232K, capacity 5176K, committed 5376K, reserved 1056768K
  class space    used 285K, capacity 424K, committed 512K, reserved 1048576K
Event: 21.929 GC heap after
Heap after GC invocations=2 (full 0):
 PSYoungGen      total 36864K, used 400K [0x00000000d7380000, 0x00000000d9c80000, 0x0000000100000000)
  eden space 31744K, 0% used [0x00000000d7380000,0x00000000d7380000,0x00000000d9280000)
  from space 5120K, 7% used [0x00000000d9780000,0x00000000d97e4010,0x00000000d9c80000)
  to   space 5120K, 0% used [0x00000000d9280000,0x00000000d9280000,0x00000000d9780000)
 ParOldGen       total 84992K, used 16K [0x0000000085a00000, 0x000000008ad00000, 0x00000000d7380000)
  object space 84992K, 0% used [0x0000000085a00000,0x0000000085a04000,0x000000008ad00000)
 Metaspace       used 3232K, capacity 5176K, committed 5376K, reserved 1056768K
  class space    used 285K, capacity 424K, committed 512K, reserved 1048576K
}

Deoptimization events (0 events):
No events

Classes redefined (0 events):
No events

Internal exceptions (2 events):
Event: 0.095 Thread 0x00007f205c00a800 Exception <a 'java/lang/NoSuchMethodError': Method sun.misc.Unsafe.defineClass(Ljava/lang/String;[BII)Ljava/lang/Class; name or signature does not match> (0x00000000d7387cc0) thrown at [/scratch/jenkins/workspace/8-2-build-linux-amd64/jdk8u331/2416/hotspo
Event: 0.095 Thread 0x00007f205c00a800 Exception <a 'java/lang/NoSuchMethodError': Method sun.misc.Unsafe.prefetchRead(Ljava/lang/Object;J)V name or signature does not match> (0x00000000d7387fa8) thrown at [/scratch/jenkins/workspace/8-2-build-linux-amd64/jdk8u331/2416/hotspot/src/share/vm/pri

Events (10 events):
Event: 21.927 Thread 0x00007f2004007800 Thread added: 0x00007f2004007800
Event: 21.927 Executing VM operation: ParallelGCFailedAllocation
Event: 21.929 Executing VM operation: ParallelGCFailedAllocation done
Event: 21.929 Thread 0x00007f2004007800 Thread exited: 0x00007f2004007800
Event: 21.929 Thread 0x00007f2004007800 Thread added: 0x00007f2004007800
Event: 21.929 Thread 0x00007f2004007800 Thread exited: 0x00007f2004007800
Event: 21.929 Thread 0x00007f2004007800 Thread added: 0x00007f2004007800
Event: 21.930 Thread 0x00007f2004007800 Thread exited: 0x00007f2004007800
Event: 21.930 Thread 0x00007f2004007800 Thread added: 0x00007f2004007800
Event: 21.930 Thread 0x00007f2004007800 Thread exited: 0x00007f2004007800


Dynamic libraries:
85a00000-8ad00000 rw-p 00000000 00:00 0 
8ad00000-d7380000 ---p 00000000 00:00 0 
d7380000-d9c80000 rw-p 00000000 00:00 0 
d9c80000-100000000 ---p 00000000 00:00 0 
100000000-100080000 rw-p 00000000 00:00 0 
100080000-140000000 ---p 00000000 00:00 0 
565540c00000-565540c01000 r-xp 00000000 08:02 5248844                    /home/user/software/jdk1.8.0_331/bin/java
565540e00000-565540e01000 r--p 00000000 08:02 5248844                    /home/user/software/jdk1.8.0_331/bin/java
565540e01000-565540e02000 rw-p 00001000 08:02 5248844                    /home/user/software/jdk1.8.0_331/bin/java
565541193000-5655411b4000 rw-p 00000000 00:00 0                          [heap]
7f1fd4000000-7f1fd4021000 rw-p 00000000 00:00 0 
7f1fd4021000-7f1fd8000000 ---p 00000000 00:00 0 
7f1fd8000000-7f1fd8021000 rw-p 00000000 00:00 0 
7f1fd8021000-7f1fdc000000 ---p 00000000 00:00 0 
7f1fdc000000-7f1fdc021000 rw-p 00000000 00:00 0 
7f1fdc021000-7f1fe0000000 ---p 00000000 00:00 0 
7f1fe0000000-7f1fe4000000 rw-s 00000000 00:01 7680                       /memfd:pulseaudio (deleted)
7f1fe4000000-7f1fe8000000 rw-s 00000000 00:01 2050                       /memfd:pulseaudio (deleted)
7f1fe8000000-7f1fe8021000 rw-p 00000000 00:00 0 
7f1fe8021000-7f1fec000000 ---p 00000000 00:00 0 
7f1fec000000-7f1ff0000000 rw-s 00000000 00:01 5643                       /memfd:pulseaudio (deleted)
7f1ff0000000-7f1ff4000000 rw-s 00000000 00:01 5643                       /memfd:pulseaudio (deleted)
7f1ff4000000-7f1ff8000000 rw-s 00000000 00:01 5642                       /memfd:pulseaudio (deleted)
7f1ff8000000-7f1ffc000000 rw-s 00000000 00:01 2050                       /memfd:pulseaudio (deleted)
7f1ffc000000-7f2000000000 rw-s 00000000 00:01 5641                       /memfd:pulseaudio (deleted)
7f2000000000-7f2000021000 rw-p 00000000 00:00 0 
7f2000021000-7f2004000000 ---p 00000000 00:00 0 
7f2004000000-7f2004021000 rw-p 00000000 00:00 0 
7f2004021000-7f2008000000 ---p 00000000 00:00 0 
7f20097fb000-7f20097fc000 ---p 00000000 00:00 0 
7f20097fc000-7f20097ff000 ---p 00000000 00:00 0 
7f20097ff000-7f2009ffc000 rw-p 00000000 00:00 0 
7f2009ffc000-7f2009ffd000 ---p 00000000 00:00 0 
7f2009ffd000-7f200a000000 ---p 00000000 00:00 0 
7f200a000000-7f200a7fd000 rw-p 00000000 00:00 0 
7f200a7fd000-7f200a7fe000 ---p 00000000 00:00 0 
7f200a7fe000-7f200affe000 rw-p 00000000 00:00 0 
7f200affe000-7f200afff000 ---p 00000000 00:00 0 
7f200afff000-7f200b7ff000 rw-p 00000000 00:00 0 
7f200b7ff000-7f200f7ff000 rw-s 00000000 00:01 5641                       /memfd:pulseaudio (deleted)
7f200f7ff000-7f200f800000 ---p 00000000 00:00 0 
7f200f800000-7f200f803000 ---p 00000000 00:00 0 
7f200f803000-7f2010000000 rw-p 00000000 00:00 0 
7f2010000000-7f2010021000 rw-p 00000000 00:00 0 
7f2010021000-7f2014000000 ---p 00000000 00:00 0 
7f2014000000-7f2014021000 rw-p 00000000 00:00 0 
7f2014021000-7f2018000000 ---p 00000000 00:00 0 
7f2018000000-7f2018021000 rw-p 00000000 00:00 0 
7f2018021000-7f201c000000 ---p 00000000 00:00 0 
7f201c000000-7f201c0ac000 rw-p 00000000 00:00 0 
7f201c0ac000-7f2020000000 ---p 00000000 00:00 0 
7f2020000000-7f2020021000 rw-p 00000000 00:00 0 
7f2020021000-7f2024000000 ---p 00000000 00:00 0 
7f2024000000-7f202403e000 rw-p 00000000 00:00 0 
7f202403e000-7f2028000000 ---p 00000000 00:00 0 
7f2028000000-7f2028021000 rw-p 00000000 00:00 0 
7f2028021000-7f202c000000 ---p 00000000 00:00 0 
7f202c000000-7f202c021000 rw-p 00000000 00:00 0 
7f202c021000-7f2030000000 ---p 00000000 00:00 0 
7f2030000000-7f2030021000 rw-p 00000000 00:00 0 
7f2030021000-7f2034000000 ---p 00000000 00:00 0 
7f2034132000-7f2034135000 ---p 00000000 00:00 0 
7f2034135000-7f2034233000 rw-p 00000000 00:00 0 
7f2034233000-7f2034234000 ---p 00000000 00:00 0 
7f2034234000-7f2034a34000 rw-p 00000000 00:00 0 
7f2034a34000-7f2034a54000 r--p 00000000 08:02 1449217                    /usr/lib/x86_64-linux-gnu/libdb-5.3.so
7f2034a54000-7f2034b96000 r-xp 00020000 08:02 1449217                    /usr/lib/x86_64-linux-gnu/libdb-5.3.so
7f2034b96000-7f2034bdb000 r--p 00162000 08:02 1449217                    /usr/lib/x86_64-linux-gnu/libdb-5.3.so
7f2034bdb000-7f2034be2000 r--p 001a6000 08:02 1449217                    /usr/lib/x86_64-linux-gnu/libdb-5.3.so
7f2034be2000-7f2034be3000 rw-p 001ad000 08:02 1449217                    /usr/lib/x86_64-linux-gnu/libdb-5.3.so
7f2034be3000-7f2034be9000 r--p 00000000 08:02 1442494                    /usr/lib/x86_64-linux-gnu/libjack.so.0.0.28
7f2034be9000-7f2034bf5000 r-xp 00006000 08:02 1442494                    /usr/lib/x86_64-linux-gnu/libjack.so.0.0.28
7f2034bf5000-7f2034bfa000 r--p 00012000 08:02 1442494                    /usr/lib/x86_64-linux-gnu/libjack.so.0.0.28
7f2034bfa000-7f2034bfb000 r--p 00016000 08:02 1442494                    /usr/lib/x86_64-linux-gnu/libjack.so.0.0.28
7f2034bfb000-7f2034bfc000 rw-p 00017000 08:02 1442494                    /usr/lib/x86_64-linux-gnu/libjack.so.0.0.28
7f2034bfc000-7f2034c06000 rw-p 00000000 00:00 0 
7f2034c06000-7f2034d71000 r-xp 00000000 08:02 1450125                    /usr/lib/x86_64-linux-gnu/libsamplerate.so.0.1.8
7f2034d71000-7f2034f70000 ---p 0016b000 08:02 1450125                    /usr/lib/x86_64-linux-gnu/libsamplerate.so.0.1.8
7f2034f70000-7f2034f71000 r--p 0016a000 08:02 1450125                    /usr/lib/x86_64-linux-gnu/libsamplerate.so.0.1.8
7f2034f71000-7f2034f72000 rw-p 0016b000 08:02 1450125                    /usr/lib/x86_64-linux-gnu/libsamplerate.so.0.1.8
7f2034f7d000-7f2034f7f000 r--p 00000000 08:02 2097964                    /usr/lib/x86_64-linux-gnu/alsa-lib/libasound_module_ctl_pulse.so
7f2034f7f000-7f2034f82000 r-xp 00002000 08:02 2097964                    /usr/lib/x86_64-linux-gnu/alsa-lib/libasound_module_ctl_pulse.so
7f2034f82000-7f2034f83000 r--p 00005000 08:02 2097964                    /usr/lib/x86_64-linux-gnu/alsa-lib/libasound_module_ctl_pulse.so
7f2034f83000-7f2034f84000 r--p 00005000 08:02 2097964                    /usr/lib/x86_64-linux-gnu/alsa-lib/libasound_module_ctl_pulse.so
7f2034f84000-7f2034f85000 rw-p 00006000 08:02 2097964                    /usr/lib/x86_64-linux-gnu/alsa-lib/libasound_module_ctl_pulse.so
7f2034f85000-7f2034f86000 r--p 00000000 08:02 2097968                    /usr/lib/x86_64-linux-gnu/alsa-lib/libasound_module_pcm_upmix.so
7f2034f86000-7f2034f88000 r-xp 00001000 08:02 2097968                    /usr/lib/x86_64-linux-gnu/alsa-lib/libasound_module_pcm_upmix.so
7f2034f88000-7f2034f89000 r--p 00003000 08:02 2097968                    /usr/lib/x86_64-linux-gnu/alsa-lib/libasound_module_pcm_upmix.so
7f2034f89000-7f2034f8a000 r--p 00003000 08:02 2097968                    /usr/lib/x86_64-linux-gnu/alsa-lib/libasound_module_pcm_upmix.so
7f2034f8a000-7f2034f8b000 rw-p 00004000 08:02 2097968                    /usr/lib/x86_64-linux-gnu/alsa-lib/libasound_module_pcm_upmix.so
7f2034f8b000-7f2034f8c000 r--p 00000000 08:02 2097966                    /usr/lib/x86_64-linux-gnu/alsa-lib/libasound_module_pcm_oss.so
7f2034f8c000-7f2034f8e000 r-xp 00001000 08:02 2097966                    /usr/lib/x86_64-linux-gnu/alsa-lib/libasound_module_pcm_oss.so
7f2034f8e000-7f2034f8f000 r--p 00003000 08:02 2097966                    /usr/lib/x86_64-linux-gnu/alsa-lib/libasound_module_pcm_oss.so
7f2034f8f000-7f2034f90000 r--p 00003000 08:02 2097966                    /usr/lib/x86_64-linux-gnu/alsa-lib/libasound_module_pcm_oss.so
7f2034f90000-7f2034f91000 rw-p 00004000 08:02 2097966                    /usr/lib/x86_64-linux-gnu/alsa-lib/libasound_module_pcm_oss.so
7f2034f91000-7f2034f92000 ---p 00000000 00:00 0 
7f2034f92000-7f2035792000 rw-p 00000000 00:00 0 
7f2035792000-7f2035796000 r--p 00000000 08:02 1449497                    /usr/lib/x86_64-linux-gnu/libgpg-error.so.0.28.0
7f2035796000-7f20357a9000 r-xp 00004000 08:02 1449497                    /usr/lib/x86_64-linux-gnu/libgpg-error.so.0.28.0
7f20357a9000-7f20357b3000 r--p 00017000 08:02 1449497                    /usr/lib/x86_64-linux-gnu/libgpg-error.so.0.28.0
7f20357b3000-7f20357b4000 r--p 00020000 08:02 1449497                    /usr/lib/x86_64-linux-gnu/libgpg-error.so.0.28.0
7f20357b4000-7f20357b5000 rw-p 00021000 08:02 1449497                    /usr/lib/x86_64-linux-gnu/libgpg-error.so.0.28.0
7f20357b5000-7f20357b9000 r--p 00000000 08:02 1449109                    /usr/lib/x86_64-linux-gnu/libbsd.so.0.10.0
7f20357b9000-7f20357c8000 r-xp 00004000 08:02 1449109                    /usr/lib/x86_64-linux-gnu/libbsd.so.0.10.0
7f20357c8000-7f20357cb000 r--p 00013000 08:02 1449109                    /usr/lib/x86_64-linux-gnu/libbsd.so.0.10.0
7f20357cb000-7f20357cc000 ---p 00016000 08:02 1449109                    /usr/lib/x86_64-linux-gnu/libbsd.so.0.10.0
7f20357cc000-7f20357cd000 r--p 00016000 08:02 1449109                    /usr/lib/x86_64-linux-gnu/libbsd.so.0.10.0
7f20357cd000-7f20357ce000 rw-p 00017000 08:02 1449109                    /usr/lib/x86_64-linux-gnu/libbsd.so.0.10.0
7f20357ce000-7f20357cf000 rw-p 00000000 00:00 0 
7f20357cf000-7f20357e3000 r--p 00000000 08:02 1450341                    /usr/lib/x86_64-linux-gnu/libvorbisenc.so.2.0.11
7f20357e3000-7f20357e6000 r-xp 00014000 08:02 1450341                    /usr/lib/x86_64-linux-gnu/libvorbisenc.so.2.0.11
7f20357e6000-7f203585d000 r--p 00017000 08:02 1450341                    /usr/lib/x86_64-linux-gnu/libvorbisenc.so.2.0.11
7f203585d000-7f2035879000 r--p 0008d000 08:02 1450341                    /usr/lib/x86_64-linux-gnu/libvorbisenc.so.2.0.11
7f2035879000-7f203587a000 rw-p 000a9000 08:02 1450341                    /usr/lib/x86_64-linux-gnu/libvorbisenc.so.2.0.11
7f203587a000-7f203587d000 r--p 00000000 08:02 1450339                    /usr/lib/x86_64-linux-gnu/libvorbis.so.0.4.8
7f203587d000-7f2035894000 r-xp 00003000 08:02 1450339                    /usr/lib/x86_64-linux-gnu/libvorbis.so.0.4.8
7f2035894000-7f20358a5000 r--p 0001a000 08:02 1450339                    /usr/lib/x86_64-linux-gnu/libvorbis.so.0.4.8
7f20358a5000-7f20358a6000 ---p 0002b000 08:02 1450339                    /usr/lib/x86_64-linux-gnu/libvorbis.so.0.4.8
7f20358a6000-7f20358a7000 r--p 0002b000 08:02 1450339                    /usr/lib/x86_64-linux-gnu/libvorbis.so.0.4.8
7f20358a7000-7f20358a8000 rw-p 0002c000 08:02 1450339                    /usr/lib/x86_64-linux-gnu/libvorbis.so.0.4.8
7f20358a8000-7f20358aa000 r--p 00000000 08:02 1449917                    /usr/lib/x86_64-linux-gnu/libogg.so.0.8.4
7f20358aa000-7f20358af000 r-xp 00002000 08:02 1449917                    /usr/lib/x86_64-linux-gnu/libogg.so.0.8.4
7f20358af000-7f20358b2000 r--p 00007000 08:02 1449917                    /usr/lib/x86_64-linux-gnu/libogg.so.0.8.4
7f20358b2000-7f20358b3000 ---p 0000a000 08:02 1449917                    /usr/lib/x86_64-linux-gnu/libogg.so.0.8.4
7f20358b3000-7f20358b4000 r--p 0000a000 08:02 1449917                    /usr/lib/x86_64-linux-gnu/libogg.so.0.8.4
7f20358b4000-7f20358b5000 rw-p 0000b000 08:02 1449917                    /usr/lib/x86_64-linux-gnu/libogg.so.0.8.4
7f20358b5000-7f20358bd000 r--p 00000000 08:02 1448904                    /usr/lib/x86_64-linux-gnu/libFLAC.so.8.3.0
7f20358bd000-7f20358e6000 r-xp 00008000 08:02 1448904                    /usr/lib/x86_64-linux-gnu/libFLAC.so.8.3.0
7f20358e6000-7f20358f0000 r--p 00031000 08:02 1448904                    /usr/lib/x86_64-linux-gnu/libFLAC.so.8.3.0
7f20358f0000-7f20358f1000 ---p 0003b000 08:02 1448904                    /usr/lib/x86_64-linux-gnu/libFLAC.so.8.3.0
7f20358f1000-7f20358f2000 r--p 0003b000 08:02 1448904                    /usr/lib/x86_64-linux-gnu/libFLAC.so.8.3.0
7f20358f2000-7f20358f3000 rw-p 0003c000 08:02 1448904                    /usr/lib/x86_64-linux-gnu/libFLAC.so.8.3.0
7f20358f3000-7f20358f7000 r--p 00000000 08:02 1445797                    /usr/lib/x86_64-linux-gnu/libnsl-2.31.so
7f20358f7000-7f2035907000 r-xp 00004000 08:02 1445797                    /usr/lib/x86_64-linux-gnu/libnsl-2.31.so
7f2035907000-7f203590c000 r--p 00014000 08:02 1445797                    /usr/lib/x86_64-linux-gnu/libnsl-2.31.so
7f203590c000-7f203590d000 r--p 00018000 08:02 1445797                    /usr/lib/x86_64-linux-gnu/libnsl-2.31.so
7f203590d000-7f203590e000 rw-p 00019000 08:02 1445797                    /usr/lib/x86_64-linux-gnu/libnsl-2.31.so
7f203590e000-7f2035910000 rw-p 00000000 00:00 0 
7f2035910000-7f203591c000 r--p 00000000 08:02 1447651                    /usr/lib/x86_64-linux-gnu/libgcrypt.so.20.2.5
7f203591c000-7f20359ea000 r-xp 0000c000 08:02 1447651                    /usr/lib/x86_64-linux-gnu/libgcrypt.so.20.2.5
7f20359ea000-7f2035a27000 r--p 000da000 08:02 1447651                    /usr/lib/x86_64-linux-gnu/libgcrypt.so.20.2.5
7f2035a27000-7f2035a29000 r--p 00116000 08:02 1447651                    /usr/lib/x86_64-linux-gnu/libgcrypt.so.20.2.5
7f2035a29000-7f2035a2e000 rw-p 00118000 08:02 1447651                    /usr/lib/x86_64-linux-gnu/libgcrypt.so.20.2.5
7f2035a2e000-7f2035a30000 r--p 00000000 08:02 1449762                    /usr/lib/x86_64-linux-gnu/liblz4.so.1.9.2
7f2035a30000-7f2035a4a000 r-xp 00002000 08:02 1449762                    /usr/lib/x86_64-linux-gnu/liblz4.so.1.9.2
7f2035a4a000-7f2035a4d000 r--p 0001c000 08:02 1449762                    /usr/lib/x86_64-linux-gnu/liblz4.so.1.9.2
7f2035a4d000-7f2035a4e000 r--p 0001e000 08:02 1449762                    /usr/lib/x86_64-linux-gnu/liblz4.so.1.9.2
7f2035a4e000-7f2035a4f000 rw-p 0001f000 08:02 1449762                    /usr/lib/x86_64-linux-gnu/liblz4.so.1.9.2
7f2035a4f000-7f2035a52000 r--p 00000000 08:02 1443497                    /usr/lib/x86_64-linux-gnu/liblzma.so.5.2.4
7f2035a52000-7f2035a6a000 r-xp 00003000 08:02 1443497                    /usr/lib/x86_64-linux-gnu/liblzma.so.5.2.4
7f2035a6a000-7f2035a75000 r--p 0001b000 08:02 1443497                    /usr/lib/x86_64-linux-gnu/liblzma.so.5.2.4
7f2035a75000-7f2035a76000 ---p 00026000 08:02 1443497                    /usr/lib/x86_64-linux-gnu/liblzma.so.5.2.4
7f2035a76000-7f2035a77000 r--p 00026000 08:02 1443497                    /usr/lib/x86_64-linux-gnu/liblzma.so.5.2.4
7f2035a77000-7f2035a78000 rw-p 00027000 08:02 1443497                    /usr/lib/x86_64-linux-gnu/liblzma.so.5.2.4
7f2035a78000-7f2035a7b000 r--p 00000000 08:02 1449007                    /usr/lib/x86_64-linux-gnu/libapparmor.so.1.6.1
7f2035a7b000-7f2035a84000 r-xp 00003000 08:02 1449007                    /usr/lib/x86_64-linux-gnu/libapparmor.so.1.6.1
7f2035a84000-7f2035a8b000 r--p 0000c000 08:02 1449007                    /usr/lib/x86_64-linux-gnu/libapparmor.so.1.6.1
7f2035a8b000-7f2035a8c000 r--p 00012000 08:02 1449007                    /usr/lib/x86_64-linux-gnu/libapparmor.so.1.6.1
7f2035a8c000-7f2035a8d000 rw-p 00013000 08:02 1449007                    /usr/lib/x86_64-linux-gnu/libapparmor.so.1.6.1
7f2035a8d000-7f2035a92000 r-xp 00000000 08:02 1449028                    /usr/lib/x86_64-linux-gnu/libasyncns.so.0.3.1
7f2035a92000-7f2035c91000 ---p 00005000 08:02 1449028                    /usr/lib/x86_64-linux-gnu/libasyncns.so.0.3.1
7f2035c91000-7f2035c92000 r--p 00004000 08:02 1449028                    /usr/lib/x86_64-linux-gnu/libasyncns.so.0.3.1
7f2035c92000-7f2035c93000 rw-p 00005000 08:02 1449028                    /usr/lib/x86_64-linux-gnu/libasyncns.so.0.3.1
7f2035c93000-7f2035c9a000 r--p 00000000 08:02 1450170                    /usr/lib/x86_64-linux-gnu/libsndfile.so.1.0.28
7f2035c9a000-7f2035ced000 r-xp 00007000 08:02 1450170                    /usr/lib/x86_64-linux-gnu/libsndfile.so.1.0.28
7f2035ced000-7f2035d0a000 r--p 0005a000 08:02 1450170                    /usr/lib/x86_64-linux-gnu/libsndfile.so.1.0.28
7f2035d0a000-7f2035d0b000 ---p 00077000 08:02 1450170                    /usr/lib/x86_64-linux-gnu/libsndfile.so.1.0.28
7f2035d0b000-7f2035d0e000 r--p 00077000 08:02 1450170                    /usr/lib/x86_64-linux-gnu/libsndfile.so.1.0.28
7f2035d0e000-7f2035d0f000 rw-p 0007a000 08:02 1450170                    /usr/lib/x86_64-linux-gnu/libsndfile.so.1.0.28
7f2035d0f000-7f2035d11000 rw-p 00000000 00:00 0 
7f2035d11000-7f2035d21000 r--p 00000000 08:02 1446018                    /usr/lib/x86_64-linux-gnu/libsystemd.so.0.28.0
7f2035d21000-7f2035d96000 r-xp 00010000 08:02 1446018                    /usr/lib/x86_64-linux-gnu/libsystemd.so.0.28.0
7f2035d96000-7f2035dbb000 r--p 00085000 08:02 1446018                    /usr/lib/x86_64-linux-gnu/libsystemd.so.0.28.0
7f2035dbb000-7f2035dbe000 r--p 000a9000 08:02 1446018                    /usr/lib/x86_64-linux-gnu/libsystemd.so.0.28.0
7f2035dbe000-7f2035dbf000 rw-p 000ac000 08:02 1446018                    /usr/lib/x86_64-linux-gnu/libsystemd.so.0.28.0
7f2035dbf000-7f2035dc0000 rw-p 00000000 00:00 0 
7f2035dc0000-7f2035dcb000 r--p 00000000 08:02 1450442                    /usr/lib/x86_64-linux-gnu/libxcb.so.1.1.0
7f2035dcb000-7f2035ddf000 r-xp 0000b000 08:02 1450442                    /usr/lib/x86_64-linux-gnu/libxcb.so.1.1.0
7f2035ddf000-7f2035de8000 r--p 0001f000 08:02 1450442                    /usr/lib/x86_64-linux-gnu/libxcb.so.1.1.0
7f2035de8000-7f2035de9000 r--p 00027000 08:02 1450442                    /usr/lib/x86_64-linux-gnu/libxcb.so.1.1.0
7f2035de9000-7f2035dea000 rw-p 00028000 08:02 1450442                    /usr/lib/x86_64-linux-gnu/libxcb.so.1.1.0
7f2035dea000-7f2035df5000 r--p 00000000 08:02 1442000                    /usr/lib/x86_64-linux-gnu/libdbus-1.so.3.19.11
7f2035df5000-7f2035e23000 r-xp 0000b000 08:02 1442000                    /usr/lib/x86_64-linux-gnu/libdbus-1.so.3.19.11
7f2035e23000-7f2035e38000 r--p 00039000 08:02 1442000                    /usr/lib/x86_64-linux-gnu/libdbus-1.so.3.19.11
7f2035e38000-7f2035e39000 ---p 0004e000 08:02 1442000                    /usr/lib/x86_64-linux-gnu/libdbus-1.so.3.19.11
7f2035e39000-7f2035e3a000 r--p 0004e000 08:02 1442000                    /usr/lib/x86_64-linux-gnu/libdbus-1.so.3.19.11
7f2035e3a000-7f2035e3b000 rw-p 0004f000 08:02 1442000                    /usr/lib/x86_64-linux-gnu/libdbus-1.so.3.19.11
7f2035e3b000-7f2035e4c000 r--p 00000000 08:02 2097637                    /usr/lib/x86_64-linux-gnu/pulseaudio/libpulsecommon-13.99.so
7f2035e4c000-7f2035e94000 r-xp 00011000 08:02 2097637                    /usr/lib/x86_64-linux-gnu/pulseaudio/libpulsecommon-13.99.so
7f2035e94000-7f2035eb9000 r--p 00059000 08:02 2097637                    /usr/lib/x86_64-linux-gnu/pulseaudio/libpulsecommon-13.99.so
7f2035eb9000-7f2035eba000 ---p 0007e000 08:02 2097637                    /usr/lib/x86_64-linux-gnu/pulseaudio/libpulsecommon-13.99.so
7f2035eba000-7f2035ebc000 r--p 0007e000 08:02 2097637                    /usr/lib/x86_64-linux-gnu/pulseaudio/libpulsecommon-13.99.so
7f2035ebc000-7f2035ebd000 rw-p 00080000 08:02 2097637                    /usr/lib/x86_64-linux-gnu/pulseaudio/libpulsecommon-13.99.so
7f2035ebd000-7f2035ec9000 r--p 00000000 08:02 1442666                    /usr/lib/x86_64-linux-gnu/libpulse.so.0.21.2
7f2035ec9000-7f2035ef9000 r-xp 0000c000 08:02 1442666                    /usr/lib/x86_64-linux-gnu/libpulse.so.0.21.2
7f2035ef9000-7f2035f0f000 r--p 0003c000 08:02 1442666                    /usr/lib/x86_64-linux-gnu/libpulse.so.0.21.2
7f2035f0f000-7f2035f11000 r--p 00051000 08:02 1442666                    /usr/lib/x86_64-linux-gnu/libpulse.so.0.21.2
7f2035f11000-7f2035f12000 rw-p 00053000 08:02 1442666                    /usr/lib/x86_64-linux-gnu/libpulse.so.0.21.2
7f2035f13000-7f2035f15000 r--p 00000000 08:02 2097965                    /usr/lib/x86_64-linux-gnu/alsa-lib/libasound_module_pcm_jack.so
7f2035f15000-7f2035f17000 r-xp 00002000 08:02 2097965                    /usr/lib/x86_64-linux-gnu/alsa-lib/libasound_module_pcm_jack.so
7f2035f17000-7f2035f18000 r--p 00004000 08:02 2097965                    /usr/lib/x86_64-linux-gnu/alsa-lib/libasound_module_pcm_jack.so
7f2035f18000-7f2035f19000 r--p 00004000 08:02 2097965                    /usr/lib/x86_64-linux-gnu/alsa-lib/libasound_module_pcm_jack.so
7f2035f19000-7f2035f1a000 rw-p 00005000 08:02 2097965                    /usr/lib/x86_64-linux-gnu/alsa-lib/libasound_module_pcm_jack.so
7f2035f1a000-7f2035f1b000 r--p 00000000 08:02 2097976                    /usr/lib/x86_64-linux-gnu/alsa-lib/libasound_module_rate_speexrate.so
7f2035f1b000-7f2035f1e000 r-xp 00001000 08:02 2097976                    /usr/lib/x86_64-linux-gnu/alsa-lib/libasound_module_rate_speexrate.so
7f2035f1e000-7f2035f1f000 r--p 00004000 08:02 2097976                    /usr/lib/x86_64-linux-gnu/alsa-lib/libasound_module_rate_speexrate.so
7f2035f1f000-7f2035f20000 r--p 00004000 08:02 2097976                    /usr/lib/x86_64-linux-gnu/alsa-lib/libasound_module_rate_speexrate.so
7f2035f20000-7f2035f21000 rw-p 00005000 08:02 2097976                    /usr/lib/x86_64-linux-gnu/alsa-lib/libasound_module_rate_speexrate.so
7f2035f21000-7f2035f23000 r--p 00000000 08:02 2097967                    /usr/lib/x86_64-linux-gnu/alsa-lib/libasound_module_pcm_pulse.so
7f2035f23000-7f2035f26000 r-xp 00002000 08:02 2097967                    /usr/lib/x86_64-linux-gnu/alsa-lib/libasound_module_pcm_pulse.so
7f2035f26000-7f2035f27000 r--p 00005000 08:02 2097967                    /usr/lib/x86_64-linux-gnu/alsa-lib/libasound_module_pcm_pulse.so
7f2035f27000-7f2035f28000 ---p 00006000 08:02 2097967                    /usr/lib/x86_64-linux-gnu/alsa-lib/libasound_module_pcm_pulse.so
7f2035f28000-7f2035f29000 r--p 00006000 08:02 2097967                    /usr/lib/x86_64-linux-gnu/alsa-lib/libasound_module_pcm_pulse.so
7f2035f29000-7f2035f2a000 rw-p 00007000 08:02 2097967                    /usr/lib/x86_64-linux-gnu/alsa-lib/libasound_module_pcm_pulse.so
7f2035f2a000-7f2035f31000 r--s 00000000 08:02 2102563                    /usr/lib/x86_64-linux-gnu/gconv/gconv-modules.cache
7f2035f31000-7f2035f32000 r--p 00000000 08:02 1445799                    /usr/lib/x86_64-linux-gnu/libnss_dns-2.31.so
7f2035f32000-7f2035f36000 r-xp 00001000 08:02 1445799                    /usr/lib/x86_64-linux-gnu/libnss_dns-2.31.so
7f2035f36000-7f2035f37000 r--p 00005000 08:02 1445799                    /usr/lib/x86_64-linux-gnu/libnss_dns-2.31.so
7f2035f37000-7f2035f38000 r--p 00005000 08:02 1445799                    /usr/lib/x86_64-linux-gnu/libnss_dns-2.31.so
7f2035f38000-7f2035f39000 rw-p 00006000 08:02 1445799                    /usr/lib/x86_64-linux-gnu/libnss_dns-2.31.so
7f2035f39000-7f2035f3d000 r--p 00000000 08:02 1445806                    /usr/lib/x86_64-linux-gnu/libresolv-2.31.so
7f2035f3d000-7f2035f4d000 r-xp 00004000 08:02 1445806                    /usr/lib/x86_64-linux-gnu/libresolv-2.31.so
7f2035f4d000-7f2035f51000 r--p 00014000 08:02 1445806                    /usr/lib/x86_64-linux-gnu/libresolv-2.31.so
7f2035f51000-7f2035f52000 r--p 00017000 08:02 1445806                    /usr/lib/x86_64-linux-gnu/libresolv-2.31.so
7f2035f52000-7f2035f53000 rw-p 00018000 08:02 1445806                    /usr/lib/x86_64-linux-gnu/libresolv-2.31.so
7f2035f53000-7f2035f55000 rw-p 00000000 00:00 0 
7f2035f55000-7f2035f56000 r--p 00000000 08:02 1449899                    /usr/lib/x86_64-linux-gnu/libnss_mdns4_minimal.so.2
7f2035f56000-7f2035f58000 r-xp 00001000 08:02 1449899                    /usr/lib/x86_64-linux-gnu/libnss_mdns4_minimal.so.2
7f2035f58000-7f2035f59000 r--p 00003000 08:02 1449899                    /usr/lib/x86_64-linux-gnu/libnss_mdns4_minimal.so.2
7f2035f59000-7f2035f5a000 r--p 00003000 08:02 1449899                    /usr/lib/x86_64-linux-gnu/libnss_mdns4_minimal.so.2
7f2035f5a000-7f2035f5b000 rw-p 00004000 08:02 1449899                    /usr/lib/x86_64-linux-gnu/libnss_mdns4_minimal.so.2
7f2035f5b000-7f2035f5d000 r--p 00000000 08:02 2234013                    /usr/local/lib/libilbccodec.so.2
7f2035f5d000-7f2035f67000 r-xp 00002000 08:02 2234013                    /usr/local/lib/libilbccodec.so.2
7f2035f67000-7f2035f69000 r--p 0000c000 08:02 2234013                    /usr/local/lib/libilbccodec.so.2
7f2035f69000-7f2035f6a000 r--p 0000d000 08:02 2234013                    /usr/local/lib/libilbccodec.so.2
7f2035f6a000-7f2035f6c000 rw-p 0000e000 08:02 2234013                    /usr/local/lib/libilbccodec.so.2
7f2035f6c000-7f2035f6d000 r--p 00000000 08:02 2234009                    /usr/local/lib/libgsmcodec.so.2
7f2035f6d000-7f2035f75000 r-xp 00001000 08:02 2234009                    /usr/local/lib/libgsmcodec.so.2
7f2035f75000-7f2035f76000 r--p 00009000 08:02 2234009                    /usr/local/lib/libgsmcodec.so.2
7f2035f76000-7f2035f77000 r--p 00009000 08:02 2234009                    /usr/local/lib/libgsmcodec.so.2
7f2035f77000-7f2035f78000 rw-p 0000a000 08:02 2234009                    /usr/local/lib/libgsmcodec.so.2
7f2035f78000-7f2035fa2000 r--p 00000000 08:02 1442673                    /usr/lib/x86_64-linux-gnu/libasound.so.2.0.0
7f2035fa2000-7f2036031000 r-xp 0002a000 08:02 1442673                    /usr/lib/x86_64-linux-gnu/libasound.so.2.0.0
7f2036031000-7f203606b000 r--p 000b9000 08:02 1442673                    /usr/lib/x86_64-linux-gnu/libasound.so.2.0.0
7f203606b000-7f2036072000 r--p 000f2000 08:02 1442673                    /usr/lib/x86_64-linux-gnu/libasound.so.2.0.0
7f2036072000-7f2036073000 rw-p 000f9000 08:02 1442673                    /usr/lib/x86_64-linux-gnu/libasound.so.2.0.0
7f2036073000-7f203608f000 r--p 00000000 08:02 1442739                    /usr/lib/x86_64-linux-gnu/libssl.so.1.1
7f203608f000-7f20360de000 r-xp 0001c000 08:02 1442739                    /usr/lib/x86_64-linux-gnu/libssl.so.1.1
7f20360de000-7f20360f8000 r--p 0006b000 08:02 1442739                    /usr/lib/x86_64-linux-gnu/libssl.so.1.1
7f20360f8000-7f20360f9000 ---p 00085000 08:02 1442739                    /usr/lib/x86_64-linux-gnu/libssl.so.1.1
7f20360f9000-7f2036102000 r--p 00085000 08:02 1442739                    /usr/lib/x86_64-linux-gnu/libssl.so.1.1
7f2036102000-7f2036106000 rw-p 0008e000 08:02 1442739                    /usr/lib/x86_64-linux-gnu/libssl.so.1.1
7f2036106000-7f203610c000 r--p 00000000 08:02 2234019                    /usr/local/lib/libwebrtc.so.2
7f203610c000-7f2036125000 r-xp 00006000 08:02 2234019                    /usr/local/lib/libwebrtc.so.2
7f2036125000-7f203612d000 r--p 0001f000 08:02 2234019                    /usr/local/lib/libwebrtc.so.2
7f203612d000-7f203612e000 r--p 00026000 08:02 2234019                    /usr/local/lib/libwebrtc.so.2
7f203612e000-7f203612f000 rw-p 00027000 08:02 2234019                    /usr/local/lib/libwebrtc.so.2
7f203612f000-7f2036135000 r--p 00000000 08:02 2234011                    /usr/local/lib/libspeex.so.2
7f2036135000-7f2036153000 r-xp 00006000 08:02 2234011                    /usr/local/lib/libspeex.so.2
7f2036153000-7f203615b000 r--p 00024000 08:02 2234011                    /usr/local/lib/libspeex.so.2
7f203615b000-7f203615c000 ---p 0002c000 08:02 2234011                    /usr/local/lib/libspeex.so.2
7f203615c000-7f203615d000 r--p 0002c000 08:02 2234011                    /usr/local/lib/libspeex.so.2
7f203615d000-7f203615e000 rw-p 0002d000 08:02 2234011                    /usr/local/lib/libspeex.so.2
7f203615e000-7f203615f000 r--p 00000000 08:02 2234007                    /usr/local/lib/libresample.so.2
7f203615f000-7f2036160000 r-xp 00001000 08:02 2234007                    /usr/local/lib/libresample.so.2
7f2036160000-7f203616b000 r--p 00002000 08:02 2234007                    /usr/local/lib/libresample.so.2
7f203616b000-7f203616c000 r--p 0000c000 08:02 2234007                    /usr/local/lib/libresample.so.2
7f203616c000-7f203616d000 rw-p 0000d000 08:02 2234007                    /usr/local/lib/libresample.so.2
7f203616d000-7f2036172000 r--p 00000000 08:02 2234005                    /usr/local/lib/libsrtp.so.2
7f2036172000-7f203617d000 r-xp 00005000 08:02 2234005                    /usr/local/lib/libsrtp.so.2
7f203617d000-7f2036181000 r--p 00010000 08:02 2234005                    /usr/local/lib/libsrtp.so.2
7f2036181000-7f2036182000 r--p 00013000 08:02 2234005                    /usr/local/lib/libsrtp.so.2
7f2036182000-7f2036183000 rw-p 00014000 08:02 2234005                    /usr/local/lib/libsrtp.so.2
7f2036183000-7f20361fb000 r--p 00000000 08:02 1442284                    /usr/lib/x86_64-linux-gnu/libcrypto.so.1.1
7f20361fb000-7f2036396000 r-xp 00078000 08:02 1442284                    /usr/lib/x86_64-linux-gnu/libcrypto.so.1.1
7f2036396000-7f2036427000 r--p 00213000 08:02 1442284                    /usr/lib/x86_64-linux-gnu/libcrypto.so.1.1
7f2036427000-7f2036453000 r--p 002a3000 08:02 1442284                    /usr/lib/x86_64-linux-gnu/libcrypto.so.1.1
7f2036453000-7f2036455000 rw-p 002cf000 08:02 1442284                    /usr/lib/x86_64-linux-gnu/libcrypto.so.1.1
7f2036455000-7f2036459000 rw-p 00000000 00:00 0 
7f2036459000-7f2036461000 r--p 00000000 08:02 2234039                    /usr/local/lib/libpjnath.so.2
7f2036461000-7f203647f000 r-xp 00008000 08:02 2234039                    /usr/local/lib/libpjnath.so.2
7f203647f000-7f203648b000 r--p 00026000 08:02 2234039                    /usr/local/lib/libpjnath.so.2
7f203648b000-7f203648c000 r--p 00031000 08:02 2234039                    /usr/local/lib/libpjnath.so.2
7f203648c000-7f203648e000 rw-p 00032000 08:02 2234039                    /usr/local/lib/libpjnath.so.2
7f203648e000-7f2036494000 r--p 00000000 08:02 2234025                    /usr/local/lib/libpjsip-ua.so.2
7f2036494000-7f20364a6000 r-xp 00006000 08:02 2234025                    /usr/local/lib/libpjsip-ua.so.2
7f20364a6000-7f20364ac000 r--p 00018000 08:02 2234025                    /usr/local/lib/libpjsip-ua.so.2
7f20364ac000-7f20364ad000 r--p 0001d000 08:02 2234025                    /usr/local/lib/libpjsip-ua.so.2
7f20364ad000-7f20364ae000 rw-p 0001e000 08:02 2234025                    /usr/local/lib/libpjsip-ua.so.2
7f20364ae000-7f20364ba000 r--p 00000000 08:02 2234043                    /usr/local/lib/libpj.so.2
7f20364ba000-7f20364d8000 r-xp 0000c000 08:02 2234043                    /usr/local/lib/libpj.so.2
7f20364d8000-7f20364e3000 r--p 0002a000 08:02 2234043                    /usr/local/lib/libpj.so.2
7f20364e3000-7f20364e4000 ---p 00035000 08:02 2234043                    /usr/local/lib/libpj.so.2
7f20364e4000-7f20364e5000 r--p 00035000 08:02 2234043                    /usr/local/lib/libpj.so.2
7f20364e5000-7f20364e6000 rw-p 00036000 08:02 2234043                    /usr/local/lib/libpj.so.2
7f20364e6000-7f20364e8000 rw-p 00000000 00:00 0 
7f20364e8000-7f20364f6000 r--p 00000000 08:02 2234023                    /usr/local/lib/libpjsua.so.2
7f20364f6000-7f203652b000 r-xp 0000e000 08:02 2234023                    /usr/local/lib/libpjsua.so.2
7f203652b000-7f2036538000 r--p 00043000 08:02 2234023                    /usr/local/lib/libpjsua.so.2
7f2036538000-7f2036539000 r--p 0004f000 08:02 2234023                    /usr/local/lib/libpjsua.so.2
7f2036539000-7f203653b000 rw-p 00050000 08:02 2234023                    /usr/local/lib/libpjsua.so.2
7f203653b000-7f203661d000 rw-p 00000000 00:00 0 
7f203661d000-7f203666c000 r--p 00000000 08:02 3937548                    /home/user/NetBeansProjects/pjsau/src/pjsau/Sofile/libpjsua2.so
7f203666c000-7f20366f8000 r-xp 0004f000 08:02 3937548                    /home/user/NetBeansProjects/pjsau/src/pjsau/Sofile/libpjsua2.so
7f20366f8000-7f203672e000 r--p 000db000 08:02 3937548                    /home/user/NetBeansProjects/pjsau/src/pjsau/Sofile/libpjsua2.so
7f203672e000-7f203672f000 ---p 00111000 08:02 3937548                    /home/user/NetBeansProjects/pjsau/src/pjsau/Sofile/libpjsua2.so
7f203672f000-7f2036730000 r--p 00111000 08:02 3937548                    /home/user/NetBeansProjects/pjsau/src/pjsau/Sofile/libpjsua2.so
7f2036730000-7f2036732000 rw-p 00112000 08:02 3937548                    /home/user/NetBeansProjects/pjsau/src/pjsau/Sofile/libpjsua2.so
7f2036732000-7f20367c8000 r--p 00000000 08:02 1450209                    /usr/lib/x86_64-linux-gnu/libstdc++.so.6.0.28
7f20367c8000-7f20368b9000 r-xp 00096000 08:02 1450209                    /usr/lib/x86_64-linux-gnu/libstdc++.so.6.0.28
7f20368b9000-7f2036902000 r--p 00187000 08:02 1450209                    /usr/lib/x86_64-linux-gnu/libstdc++.so.6.0.28
7f2036902000-7f2036903000 ---p 001d0000 08:02 1450209                    /usr/lib/x86_64-linux-gnu/libstdc++.so.6.0.28
7f2036903000-7f203690e000 r--p 001d0000 08:02 1450209                    /usr/lib/x86_64-linux-gnu/libstdc++.so.6.0.28
7f203690e000-7f2036911000 rw-p 001db000 08:02 1450209                    /usr/lib/x86_64-linux-gnu/libstdc++.so.6.0.28
7f2036911000-7f2036914000 rw-p 00000000 00:00 0 
7f2036914000-7f2036a7d000 r-xp 00000000 08:02 5921502                    /home/user/NetBeansProjects/pjsau/src/pjsau/Sofile/libopenh264.so
7f2036a7d000-7f2036c7d000 ---p 00169000 08:02 5921502                    /home/user/NetBeansProjects/pjsau/src/pjsau/Sofile/libopenh264.so
7f2036c7d000-7f2036c80000 r--p 00169000 08:02 5921502                    /home/user/NetBeansProjects/pjsau/src/pjsau/Sofile/libopenh264.so
7f2036c80000-7f2036c82000 rw-p 0016c000 08:02 5921502                    /home/user/NetBeansProjects/pjsau/src/pjsau/Sofile/libopenh264.so
7f2036c82000-7f2036c83000 ---p 00000000 00:00 0 
7f2036c83000-7f2036d83000 rw-p 00000000 00:00 0 
7f2036d83000-7f2036d86000 ---p 00000000 00:00 0 
7f2036d86000-7f2036e84000 rw-p 00000000 00:00 0 
7f2036e84000-7f2036e85000 ---p 00000000 00:00 0 
7f2036e85000-7f2036e88000 ---p 00000000 00:00 0 
7f2036e88000-7f2036f85000 rw-p 00000000 00:00 0 
7f2036f85000-7f2036f86000 ---p 00000000 00:00 0 
7f2036f86000-7f2036f89000 ---p 00000000 00:00 0 
7f2036f89000-7f2037086000 rw-p 00000000 00:00 0 
7f2037086000-7f2037087000 ---p 00000000 00:00 0 
7f2037087000-7f203708a000 ---p 00000000 00:00 0 
7f203708a000-7f2037187000 rw-p 00000000 00:00 0 
7f2037187000-7f203718a000 ---p 00000000 00:00 0 
7f203718a000-7f2037288000 rw-p 00000000 00:00 0 
7f2037288000-7f20377f8000 r--p 00000000 08:02 1444832                    /usr/lib/locale/locale-archive
7f20377f8000-7f20377fb000 ---p 00000000 00:00 0 
7f20377fb000-7f20378f9000 rw-p 00000000 00:00 0 
7f20378f9000-7f20378fc000 ---p 00000000 00:00 0 
7f20378fc000-7f20379fa000 rw-p 00000000 00:00 0 
7f20379fa000-7f20379fb000 ---p 00000000 00:00 0 
7f20379fb000-7f2038000000 rw-p 00000000 00:00 0 
7f2038000000-7f2038021000 rw-p 00000000 00:00 0 
7f2038021000-7f203c000000 ---p 00000000 00:00 0 
7f203c000000-7f203c001000 r--p 00000000 08:02 2097970                    /usr/lib/x86_64-linux-gnu/alsa-lib/libasound_module_pcm_vdownmix.so
7f203c001000-7f203c002000 r-xp 00001000 08:02 2097970                    /usr/lib/x86_64-linux-gnu/alsa-lib/libasound_module_pcm_vdownmix.so
7f203c002000-7f203c003000 r--p 00002000 08:02 2097970                    /usr/lib/x86_64-linux-gnu/alsa-lib/libasound_module_pcm_vdownmix.so
7f203c003000-7f203c004000 r--p 00002000 08:02 2097970                    /usr/lib/x86_64-linux-gnu/alsa-lib/libasound_module_pcm_vdownmix.so
7f203c004000-7f203c005000 rw-p 00003000 08:02 2097970                    /usr/lib/x86_64-linux-gnu/alsa-lib/libasound_module_pcm_vdownmix.so
7f203c005000-7f203c007000 r--p 00000000 08:02 1442187                    /usr/lib/x86_64-linux-gnu/libuuid.so.1.3.0
7f203c007000-7f203c00b000 r-xp 00002000 08:02 1442187                    /usr/lib/x86_64-linux-gnu/libuuid.so.1.3.0
7f203c00b000-7f203c00c000 r--p 00006000 08:02 1442187                    /usr/lib/x86_64-linux-gnu/libuuid.so.1.3.0
7f203c00c000-7f203c00d000 r--p 00006000 08:02 1442187                    /usr/lib/x86_64-linux-gnu/libuuid.so.1.3.0
7f203c00d000-7f203c00e000 rw-p 00007000 08:02 1442187                    /usr/lib/x86_64-linux-gnu/libuuid.so.1.3.0
7f203c00e000-7f203c01c000 r--p 00000000 08:02 2234035                    /usr/local/lib/libpjmedia.so.2
7f203c01c000-7f203c054000 r-xp 0000e000 08:02 2234035                    /usr/local/lib/libpjmedia.so.2
7f203c054000-7f203c071000 r--p 00046000 08:02 2234035                    /usr/local/lib/libpjmedia.so.2
7f203c071000-7f203c072000 ---p 00063000 08:02 2234035                    /usr/local/lib/libpjmedia.so.2
7f203c072000-7f203c073000 r--p 00063000 08:02 2234035                    /usr/local/lib/libpjmedia.so.2
7f203c073000-7f203c075000 rw-p 00064000 08:02 2234035                    /usr/local/lib/libpjmedia.so.2
7f203c075000-7f203c076000 rw-p 00000000 00:00 0 
7f203c076000-7f203c084000 r--p 00000000 08:02 2234029                    /usr/local/lib/libpjsip.so.2
7f203c084000-7f203c0b4000 r-xp 0000e000 08:02 2234029                    /usr/local/lib/libpjsip.so.2
7f203c0b4000-7f203c0c5000 r--p 0003e000 08:02 2234029                    /usr/local/lib/libpjsip.so.2
7f203c0c5000-7f203c0c7000 r--p 0004e000 08:02 2234029                    /usr/local/lib/libpjsip.so.2
7f203c0c7000-7f203c0c9000 rw-p 00050000 08:02 2234029                    /usr/local/lib/libpjsip.so.2
7f203c0c9000-7f2040000000 rw-p 00000000 00:00 0 
7f2040000000-7f2040021000 rw-p 00000000 00:00 0 
7f2040021000-7f2044000000 ---p 00000000 00:00 0 
7f2044000000-7f2044021000 rw-p 00000000 00:00 0 
7f2044021000-7f2048000000 ---p 00000000 00:00 0 
7f2048000000-7f2048021000 rw-p 00000000 00:00 0 
7f2048021000-7f204c000000 ---p 00000000 00:00 0 
7f204c002000-7f204c005000 r--p 00000000 08:02 2234031                    /usr/local/lib/libpjmedia-codec.so.2
7f204c005000-7f204c00d000 r-xp 00003000 08:02 2234031                    /usr/local/lib/libpjmedia-codec.so.2
7f204c00d000-7f204c010000 r--p 0000b000 08:02 2234031                    /usr/local/lib/libpjmedia-codec.so.2
7f204c010000-7f204c011000 r--p 0000d000 08:02 2234031                    /usr/local/lib/libpjmedia-codec.so.2
7f204c011000-7f204c012000 rw-p 0000e000 08:02 2234031                    /usr/local/lib/libpjmedia-codec.so.2
7f204c012000-7f204c019000 r--p 00000000 08:02 2234041                    /usr/local/lib/libpjlib-util.so.2
7f204c019000-7f204c033000 r-xp 00007000 08:02 2234041                    /usr/local/lib/libpjlib-util.so.2
7f204c033000-7f204c03b000 r--p 00021000 08:02 2234041                    /usr/local/lib/libpjlib-util.so.2
7f204c03b000-7f204c03c000 r--p 00028000 08:02 2234041                    /usr/local/lib/libpjlib-util.so.2
7f204c03c000-7f204c03d000 rw-p 00029000 08:02 2234041                    /usr/local/lib/libpjlib-util.so.2
7f204c03d000-7f204c043000 r--p 00000000 08:02 2234027                    /usr/local/lib/libpjsip-simple.so.2
7f204c043000-7f204c04e000 r-xp 00006000 08:02 2234027                    /usr/local/lib/libpjsip-simple.so.2
7f204c04e000-7f204c052000 r--p 00011000 08:02 2234027                    /usr/local/lib/libpjsip-simple.so.2
7f204c052000-7f204c053000 ---p 00015000 08:02 2234027                    /usr/local/lib/libpjsip-simple.so.2
7f204c053000-7f204c054000 r--p 00015000 08:02 2234027                    /usr/local/lib/libpjsip-simple.so.2
7f204c054000-7f204c055000 rw-p 00016000 08:02 2234027                    /usr/local/lib/libpjsip-simple.so.2
7f204c055000-7f204c071000 r--p 00000000 08:02 2234021                    /usr/local/lib/libpjsua2.so.2
7f204c071000-7f204c0c5000 r-xp 0001c000 08:02 2234021                    /usr/local/lib/libpjsua2.so.2
7f204c0c5000-7f204c0da000 r--p 00070000 08:02 2234021                    /usr/local/lib/libpjsua2.so.2
7f204c0da000-7f204c0dc000 r--p 00084000 08:02 2234021                    /usr/local/lib/libpjsua2.so.2
7f204c0dc000-7f204c0de000 rw-p 00086000 08:02 2234021                    /usr/local/lib/libpjsua2.so.2
7f204c0de000-7f204c0e1000 r--p 00000000 08:02 1449406                    /usr/lib/x86_64-linux-gnu/libgcc_s.so.1
7f204c0e1000-7f204c0f3000 r-xp 00003000 08:02 1449406                    /usr/lib/x86_64-linux-gnu/libgcc_s.so.1
7f204c0f3000-7f204c0f7000 r--p 00015000 08:02 1449406                    /usr/lib/x86_64-linux-gnu/libgcc_s.so.1
7f204c0f7000-7f204c0f8000 r--p 00018000 08:02 1449406                    /usr/lib/x86_64-linux-gnu/libgcc_s.so.1
7f204c0f8000-7f204c0f9000 rw-p 00019000 08:02 1449406                    /usr/lib/x86_64-linux-gnu/libgcc_s.so.1
7f204c0f9000-7f204ccc0000 rw-p 00000000 00:00 0 
7f204ccc0000-7f204d000000 ---p 00000000 00:00 0 
7f204d000000-7f204d270000 rwxp 00000000 00:00 0 
7f204d270000-7f205c000000 ---p 00000000 00:00 0 
7f205c000000-7f205c2b2000 rw-p 00000000 00:00 0 
7f205c2b2000-7f2060000000 ---p 00000000 00:00 0 
7f2060003000-7f2060005000 r--p 00000000 08:02 2234037                    /usr/local/lib/libpjmedia-audiodev.so.2
7f2060005000-7f2060009000 r-xp 00002000 08:02 2234037                    /usr/local/lib/libpjmedia-audiodev.so.2
7f2060009000-7f206000a000 r--p 00006000 08:02 2234037                    /usr/local/lib/libpjmedia-audiodev.so.2
7f206000a000-7f206000b000 ---p 00007000 08:02 2234037                    /usr/local/lib/libpjmedia-audiodev.so.2
7f206000b000-7f206000c000 r--p 00007000 08:02 2234037                    /usr/local/lib/libpjmedia-audiodev.so.2
7f206000c000-7f206000d000 rw-p 00008000 08:02 2234037                    /usr/local/lib/libpjmedia-audiodev.so.2
7f206000d000-7f206000f000 r--p 00000000 08:02 1448951                    /usr/lib/x86_64-linux-gnu/libXdmcp.so.6.0.0
7f206000f000-7f2060011000 r-xp 00002000 08:02 1448951                    /usr/lib/x86_64-linux-gnu/libXdmcp.so.6.0.0
7f2060011000-7f2060013000 r--p 00004000 08:02 1448951                    /usr/lib/x86_64-linux-gnu/libXdmcp.so.6.0.0
7f2060013000-7f2060014000 r--p 00005000 08:02 1448951                    /usr/lib/x86_64-linux-gnu/libXdmcp.so.6.0.0
7f2060014000-7f2060015000 rw-p 00006000 08:02 1448951                    /usr/lib/x86_64-linux-gnu/libXdmcp.so.6.0.0
7f2060015000-7f2060016000 r--p 00000000 08:02 1448940                    /usr/lib/x86_64-linux-gnu/libXau.so.6.0.0
7f2060016000-7f2060018000 r-xp 00001000 08:02 1448940                    /usr/lib/x86_64-linux-gnu/libXau.so.6.0.0
7f2060018000-7f2060019000 r--p 00003000 08:02 1448940                    /usr/lib/x86_64-linux-gnu/libXau.so.6.0.0
7f2060019000-7f206001a000 r--p 00003000 08:02 1448940                    /usr/lib/x86_64-linux-gnu/libXau.so.6.0.0
7f206001a000-7f206001b000 rw-p 00004000 08:02 1448940                    /usr/lib/x86_64-linux-gnu/libXau.so.6.0.0
7f206001b000-7f206001e000 r--p 00000000 08:02 1450402                    /usr/lib/x86_64-linux-gnu/libwrap.so.0.7.6
7f206001e000-7f2060023000 r-xp 00003000 08:02 1450402                    /usr/lib/x86_64-linux-gnu/libwrap.so.0.7.6
7f2060023000-7f2060025000 r--p 00008000 08:02 1450402                    /usr/lib/x86_64-linux-gnu/libwrap.so.0.7.6
7f2060025000-7f2060026000 r--p 00009000 08:02 1450402                    /usr/lib/x86_64-linux-gnu/libwrap.so.0.7.6
7f2060026000-7f2060027000 rw-p 0000a000 08:02 1450402                    /usr/lib/x86_64-linux-gnu/libwrap.so.0.7.6
7f2060027000-7f2060028000 r--p 00000000 08:02 2097971                    /usr/lib/x86_64-linux-gnu/alsa-lib/libasound_module_rate_samplerate.so
7f2060028000-7f2060029000 r-xp 00001000 08:02 2097971                    /usr/lib/x86_64-linux-gnu/alsa-lib/libasound_module_rate_samplerate.so
7f2060029000-7f206002a000 r--p 00002000 08:02 2097971                    /usr/lib/x86_64-linux-gnu/alsa-lib/libasound_module_rate_samplerate.so
7f206002a000-7f206002b000 r--p 00002000 08:02 2097971                    /usr/lib/x86_64-linux-gnu/alsa-lib/libasound_module_rate_samplerate.so
7f206002b000-7f206002c000 rw-p 00003000 08:02 2097971                    /usr/lib/x86_64-linux-gnu/alsa-lib/libasound_module_rate_samplerate.so
7f206002c000-7f2060222000 rw-p 00000000 00:00 0 
7f2060222000-7f2060402000 r--s 03ea1000 08:02 5380617                    /home/user/software/jdk1.8.0_331/jre/lib/rt.jar
7f2060402000-7f20608f5000 rw-p 00000000 00:00 0 
7f20608f5000-7f20608f6000 ---p 00000000 00:00 0 
7f20608f6000-7f20609f6000 rw-p 00000000 00:00 0 
7f20609f6000-7f20609f7000 ---p 00000000 00:00 0 
7f20609f7000-7f2060af7000 rw-p 00000000 00:00 0 
7f2060af7000-7f2060af8000 ---p 00000000 00:00 0 
7f2060af8000-7f2060bf8000 rw-p 00000000 00:00 0 
7f2060bf8000-7f2060bf9000 ---p 00000000 00:00 0 
7f2060bf9000-7f2060d23000 rw-p 00000000 00:00 0 
7f2060d23000-7f2060f86000 ---p 00000000 00:00 0 
7f2060f86000-7f2060fb0000 rw-p 00000000 00:00 0 
7f2060fb0000-7f2061212000 ---p 00000000 00:00 0 
7f2061212000-7f2061228000 rw-p 00000000 00:00 0 
7f2061228000-7f2061359000 ---p 00000000 00:00 0 
7f2061359000-7f2061364000 rw-p 00000000 00:00 0 
7f2061364000-7f206171a000 ---p 00000000 00:00 0 
7f206171a000-7f2061735000 r-xp 00000000 08:02 5380501                    /home/user/software/jdk1.8.0_331/jre/lib/amd64/libzip.so
7f2061735000-7f2061934000 ---p 0001b000 08:02 5380501                    /home/user/software/jdk1.8.0_331/jre/lib/amd64/libzip.so
7f2061934000-7f2061935000 r--p 0001a000 08:02 5380501                    /home/user/software/jdk1.8.0_331/jre/lib/amd64/libzip.so
7f2061935000-7f2061936000 rw-p 0001b000 08:02 5380501                    /home/user/software/jdk1.8.0_331/jre/lib/amd64/libzip.so
7f2061936000-7f2061963000 r-xp 00000000 08:02 5380498                    /home/user/software/jdk1.8.0_331/jre/lib/amd64/libjava.so
7f2061963000-7f2061b62000 ---p 0002d000 08:02 5380498                    /home/user/software/jdk1.8.0_331/jre/lib/amd64/libjava.so
7f2061b62000-7f2061b63000 r--p 0002c000 08:02 5380498                    /home/user/software/jdk1.8.0_331/jre/lib/amd64/libjava.so
7f2061b63000-7f2061b65000 rw-p 0002d000 08:02 5380498                    /home/user/software/jdk1.8.0_331/jre/lib/amd64/libjava.so
7f2061b65000-7f2061b72000 r-xp 00000000 08:02 5380487                    /home/user/software/jdk1.8.0_331/jre/lib/amd64/libverify.so
7f2061b72000-7f2061d71000 ---p 0000d000 08:02 5380487                    /home/user/software/jdk1.8.0_331/jre/lib/amd64/libverify.so
7f2061d71000-7f2061d73000 r--p 0000c000 08:02 5380487                    /home/user/software/jdk1.8.0_331/jre/lib/amd64/libverify.so
7f2061d73000-7f2061d74000 rw-p 0000e000 08:02 5380487                    /home/user/software/jdk1.8.0_331/jre/lib/amd64/libverify.so
7f2061d74000-7f2061d76000 r--p 00000000 08:02 1445807                    /usr/lib/x86_64-linux-gnu/librt-2.31.so
7f2061d76000-7f2061d7a000 r-xp 00002000 08:02 1445807                    /usr/lib/x86_64-linux-gnu/librt-2.31.so
7f2061d7a000-7f2061d7c000 r--p 00006000 08:02 1445807                    /usr/lib/x86_64-linux-gnu/librt-2.31.so
7f2061d7c000-7f2061d7d000 r--p 00007000 08:02 1445807                    /usr/lib/x86_64-linux-gnu/librt-2.31.so
7f2061d7d000-7f2061d7e000 rw-p 00008000 08:02 1445807                    /usr/lib/x86_64-linux-gnu/librt-2.31.so
7f2061d7e000-7f2061d7f000 ---p 00000000 00:00 0 
7f2061d7f000-7f2061d82000 ---p 00000000 00:00 0 
7f2061d82000-7f2061e7f000 rw-p 00000000 00:00 0 
7f2061e7f000-7f2061e8c000 r--p 00000000 08:02 1445794                    /usr/lib/x86_64-linux-gnu/libm-2.31.so
7f2061e8c000-7f2061f33000 r-xp 0000d000 08:02 1445794                    /usr/lib/x86_64-linux-gnu/libm-2.31.so
7f2061f33000-7f2061fcc000 r--p 000b4000 08:02 1445794                    /usr/lib/x86_64-linux-gnu/libm-2.31.so
7f2061fcc000-7f2061fcd000 r--p 0014c000 08:02 1445794                    /usr/lib/x86_64-linux-gnu/libm-2.31.so
7f2061fcd000-7f2061fce000 rw-p 0014d000 08:02 1445794                    /usr/lib/x86_64-linux-gnu/libm-2.31.so
7f2061fce000-7f2062cc6000 r-xp 00000000 08:02 5380480                    /home/user/software/jdk1.8.0_331/jre/lib/amd64/server/libjvm.so
7f2062cc6000-7f2062ec5000 ---p 00cf8000 08:02 5380480                    /home/user/software/jdk1.8.0_331/jre/lib/amd64/server/libjvm.so
7f2062ec5000-7f2062f5b000 r--p 00cf7000 08:02 5380480                    /home/user/software/jdk1.8.0_331/jre/lib/amd64/server/libjvm.so
7f2062f5b000-7f2062f8c000 rw-p 00d8d000 08:02 5380480                    /home/user/software/jdk1.8.0_331/jre/lib/amd64/server/libjvm.so
7f2062f8c000-7f2062fc9000 rw-p 00000000 00:00 0 
7f2062fc9000-7f2062feb000 r--p 00000000 08:02 1445792                    /usr/lib/x86_64-linux-gnu/libc-2.31.so
7f2062feb000-7f2063163000 r-xp 00022000 08:02 1445792                    /usr/lib/x86_64-linux-gnu/libc-2.31.so
7f2063163000-7f20631b1000 r--p 0019a000 08:02 1445792                    /usr/lib/x86_64-linux-gnu/libc-2.31.so
7f20631b1000-7f20631b5000 r--p 001e7000 08:02 1445792                    /usr/lib/x86_64-linux-gnu/libc-2.31.so
7f20631b5000-7f20631b7000 rw-p 001eb000 08:02 1445792                    /usr/lib/x86_64-linux-gnu/libc-2.31.so
7f20631b7000-7f20631bb000 rw-p 00000000 00:00 0 
7f20631bb000-7f20631bc000 r--p 00000000 08:02 1445793                    /usr/lib/x86_64-linux-gnu/libdl-2.31.so
7f20631bc000-7f20631be000 r-xp 00001000 08:02 1445793                    /usr/lib/x86_64-linux-gnu/libdl-2.31.so
7f20631be000-7f20631bf000 r--p 00003000 08:02 1445793                    /usr/lib/x86_64-linux-gnu/libdl-2.31.so
7f20631bf000-7f20631c0000 r--p 00003000 08:02 1445793                    /usr/lib/x86_64-linux-gnu/libdl-2.31.so
7f20631c0000-7f20631c1000 rw-p 00004000 08:02 1445793                    /usr/lib/x86_64-linux-gnu/libdl-2.31.so
7f20631c1000-7f20631d8000 r-xp 00000000 08:02 9965144                    /home/user/software/jdk1.8.0_331/lib/amd64/jli/libjli.so
7f20631d8000-7f20633d7000 ---p 00017000 08:02 9965144                    /home/user/software/jdk1.8.0_331/lib/amd64/jli/libjli.so
7f20633d7000-7f20633d8000 r--p 00016000 08:02 9965144                    /home/user/software/jdk1.8.0_331/lib/amd64/jli/libjli.so
7f20633d8000-7f20633d9000 rw-p 00017000 08:02 9965144                    /home/user/software/jdk1.8.0_331/lib/amd64/jli/libjli.so
7f20633d9000-7f20633df000 r--p 00000000 08:02 1445805                    /usr/lib/x86_64-linux-gnu/libpthread-2.31.so
7f20633df000-7f20633f0000 r-xp 00006000 08:02 1445805                    /usr/lib/x86_64-linux-gnu/libpthread-2.31.so
7f20633f0000-7f20633f6000 r--p 00017000 08:02 1445805                    /usr/lib/x86_64-linux-gnu/libpthread-2.31.so
7f20633f6000-7f20633f7000 r--p 0001c000 08:02 1445805                    /usr/lib/x86_64-linux-gnu/libpthread-2.31.so
7f20633f7000-7f20633f8000 rw-p 0001d000 08:02 1445805                    /usr/lib/x86_64-linux-gnu/libpthread-2.31.so
7f20633f8000-7f20633fc000 rw-p 00000000 00:00 0 
7f20633fe000-7f2063406000 rw-s 00000000 08:02 10618435                   /tmp/hsperfdata_user/13886
7f2063406000-7f2063409000 r--p 00000000 08:02 1445800                    /usr/lib/x86_64-linux-gnu/libnss_files-2.31.so
7f2063409000-7f2063410000 r-xp 00003000 08:02 1445800                    /usr/lib/x86_64-linux-gnu/libnss_files-2.31.so
7f2063410000-7f2063412000 r--p 0000a000 08:02 1445800                    /usr/lib/x86_64-linux-gnu/libnss_files-2.31.so
7f2063412000-7f2063413000 r--p 0000b000 08:02 1445800                    /usr/lib/x86_64-linux-gnu/libnss_files-2.31.so
7f2063413000-7f2063414000 rw-p 0000c000 08:02 1445800                    /usr/lib/x86_64-linux-gnu/libnss_files-2.31.so
7f2063414000-7f206341d000 rw-p 00000000 00:00 0 
7f206341d000-7f206341e000 r--p 00000000 08:02 1445788                    /usr/lib/x86_64-linux-gnu/ld-2.31.so
7f206341e000-7f2063441000 r-xp 00001000 08:02 1445788                    /usr/lib/x86_64-linux-gnu/ld-2.31.so
7f2063441000-7f2063449000 r--p 00024000 08:02 1445788                    /usr/lib/x86_64-linux-gnu/ld-2.31.so
7f2063449000-7f206344a000 r--p 00000000 00:00 0 
7f206344a000-7f206344b000 r--p 0002c000 08:02 1445788                    /usr/lib/x86_64-linux-gnu/ld-2.31.so
7f206344b000-7f206344c000 rw-p 0002d000 08:02 1445788                    /usr/lib/x86_64-linux-gnu/ld-2.31.so
7f206344c000-7f206344d000 rw-p 00000000 00:00 0 
7fff11692000-7fff116b3000 rw-p 00000000 00:00 0                          [stack]
7fff116f0000-7fff116f4000 r--p 00000000 00:00 0                          [vvar]
7fff116f4000-7fff116f6000 r-xp 00000000 00:00 0                          [vdso]
ffffffffff600000-ffffffffff601000 --xp 00000000 00:00 0                  [vsyscall]

VM Arguments:
jvm_args: -Dfile.encoding=UTF-8 -Djava.library.path=/home/user/NetBeansProjects/pjsau/src/pjsau/Sofile/ 
java_command: pjsau.Pjsau
java_class_path (initial): /home/user/Downloads/pjproject-2.12.1/pjsip-apps/src/swig/java/output:/home/user/NetBeansProjects/pjsau/build/classes
Launcher Type: SUN_STANDARD

Environment Variables:
PATH=/home/user/.local/bin:/usr/local/sbin:/usr/local/bin:/usr/sbin:/usr/bin:/sbin:/bin:/usr/games:/usr/local/games:/snap/bin
USERNAME=user
SHELL=/bin/bash
DISPLAY=:0

Signal Handlers:
SIGSEGV: [libjvm.so+0xae0f60], sa_mask[0]=11111111011111111101111111111110, sa_flags=SA_RESTART|SA_SIGINFO
SIGBUS: [libjvm.so+0xae0f60], sa_mask[0]=11111111011111111101111111111110, sa_flags=SA_RESTART|SA_SIGINFO
SIGFPE: [libjvm.so+0xae0f60], sa_mask[0]=11111111011111111101111111111110, sa_flags=SA_RESTART|SA_SIGINFO
SIGPIPE: [libjvm.so+0x915120], sa_mask[0]=11111111011111111101111111111110, sa_flags=SA_RESTART|SA_SIGINFO
SIGXFSZ: [libjvm.so+0x915120], sa_mask[0]=11111111011111111101111111111110, sa_flags=SA_RESTART|SA_SIGINFO
SIGILL: [libjvm.so+0xae0f60], sa_mask[0]=11111111011111111101111111111110, sa_flags=SA_RESTART|SA_SIGINFO
SIGUSR1: SIG_DFL, sa_mask[0]=00000000000000000000000000000000, sa_flags=none
SIGUSR2: [libjvm.so+0x914ff0], sa_mask[0]=00100000000000000000000000000000, sa_flags=SA_RESTART|SA_SIGINFO
SIGHUP: [libjvm.so+0x915610], sa_mask[0]=11111111011111111101111111111110, sa_flags=SA_RESTART|SA_SIGINFO
SIGINT: SIG_IGN, sa_mask[0]=00000000000000000000000000000000, sa_flags=none
SIGTERM: [libjvm.so+0x915610], sa_mask[0]=11111111011111111101111111111110, sa_flags=SA_RESTART|SA_SIGINFO
SIGQUIT: [libjvm.so+0x915610], sa_mask[0]=11111111011111111101111111111110, sa_flags=SA_RESTART|SA_SIGINFO


---------------  S Y S T E M  ---------------

OS:DISTRIB_ID=Ubuntu
DISTRIB_RELEASE=20.04
DISTRIB_CODENAME=focal
DISTRIB_DESCRIPTION="Ubuntu 20.04.4 LTS"

uname:Linux 5.13.0-52-generic #59~20.04.1-Ubuntu SMP Thu Jun 16 21:21:28 UTC 2022 x86_64
libc:glibc 2.31 NPTL 2.31 
rlimit: STACK 8192k, CORE 0k, NPROC 31037, NOFILE 1048576, AS infinity
load average:1.04 0.86 0.74

/proc/meminfo:
MemTotal:        8017192 kB
MemFree:          151960 kB
MemAvailable:    2579016 kB
Buffers:          211616 kB
Cached:          2738616 kB
SwapCached:            0 kB
Active:          1183356 kB
Inactive:        5987856 kB
Active(anon):       4596 kB
Inactive(anon):  4661552 kB
Active(file):    1178760 kB
Inactive(file):  1326304 kB
Unevictable:      197192 kB
Mlocked:              16 kB
SwapTotal:       3999740 kB
SwapFree:        3998192 kB
Dirty:              1236 kB
Writeback:             0 kB
AnonPages:       4418248 kB
Mapped:           613412 kB
Shmem:            451920 kB
KReclaimable:     226044 kB
Slab:             368428 kB
SReclaimable:     226044 kB
SUnreclaim:       142384 kB
KernelStack:       18736 kB
PageTables:        39028 kB
NFS_Unstable:          0 kB
Bounce:                0 kB
WritebackTmp:          0 kB
CommitLimit:     8008336 kB
Committed_AS:    9868124 kB
VmallocTotal:   34359738367 kB
VmallocUsed:       43944 kB
VmallocChunk:          0 kB
Percpu:             4128 kB
HardwareCorrupted:     0 kB
AnonHugePages:         0 kB
ShmemHugePages:        0 kB
ShmemPmdMapped:        0 kB
FileHugePages:         0 kB
FilePmdMapped:         0 kB
HugePages_Total:       0
HugePages_Free:        0
HugePages_Rsvd:        0
HugePages_Surp:        0
Hugepagesize:       2048 kB
Hugetlb:               0 kB
DirectMap4k:      319904 kB
DirectMap2M:     7944192 kB
DirectMap1G:           0 kB

container (cgroup) information:
container_type: cgroupv1
cpu_cpuset_cpus: 0-3
cpu_memory_nodes: 0
active_processor_count: 4
cpu_quota: -1
cpu_period: 100000
cpu_shares: -1
memory_limit_in_bytes: -1
memory_and_swap_limit_in_bytes: -1
memory_soft_limit_in_bytes: -1
memory_usage_in_bytes: 5877784576
memory_max_usage_in_bytes: 5911535616


CPU:total 4 (initial active 4) (4 cores per cpu, 1 threads per core) family 6 model 158 stepping 9, cmov, cx8, fxsr, mmx, sse, sse2, sse3, ssse3, sse4.1, sse4.2, popcnt, avx, avx2, aes, clmul, erms, rtm, 3dnowpref, lzcnt, tsc, tscinvbit, bmi1, bmi2, adx

/proc/cpuinfo:
processor	: 0
vendor_id	: GenuineIntel
cpu family	: 6
model		: 158
model name	: Intel(R) Core(TM) i5-7500 CPU @ 3.40GHz
stepping	: 9
microcode	: 0xf0
cpu MHz		: 3400.000
cache size	: 6144 KB
physical id	: 0
siblings	: 4
core id		: 0
cpu cores	: 4
apicid		: 0
initial apicid	: 0
fpu		: yes
fpu_exception	: yes
cpuid level	: 22
wp		: yes
flags		: fpu vme de pse tsc msr pae mce cx8 apic sep mtrr pge mca cmov pat pse36 clflush dts acpi mmx fxsr sse sse2 ss ht tm pbe syscall nx pdpe1gb rdtscp lm constant_tsc art arch_perfmon pebs bts rep_good nopl xtopology nonstop_tsc cpuid aperfmperf pni pclmulqdq dtes64 monitor ds_cpl vmx smx est tm2 ssse3 sdbg fma cx16 xtpr pdcm pcid sse4_1 sse4_2 x2apic movbe popcnt tsc_deadline_timer aes xsave avx f16c rdrand lahf_lm abm 3dnowprefetch cpuid_fault epb invpcid_single pti ssbd ibrs ibpb stibp tpr_shadow vnmi flexpriority ept vpid ept_ad fsgsbase tsc_adjust bmi1 hle avx2 smep bmi2 erms invpcid rtm mpx rdseed adx smap clflushopt intel_pt xsaveopt xsavec xgetbv1 xsaves dtherm ida arat pln pts hwp hwp_notify hwp_act_window hwp_epp md_clear flush_l1d arch_capabilities
vmx flags	: vnmi preemption_timer invvpid ept_x_only ept_ad ept_1gb flexpriority tsc_offset vtpr mtf vapic ept vpid unrestricted_guest ple shadow_vmcs pml ept_mode_based_exec
bugs		: cpu_meltdown spectre_v1 spectre_v2 spec_store_bypass l1tf mds swapgs taa itlb_multihit srbds mmio_stale_data
bogomips	: 6799.81
clflush size	: 64
cache_alignment	: 64
address sizes	: 39 bits physical, 48 bits virtual
power management:

processor	: 1
vendor_id	: GenuineIntel
cpu family	: 6
model		: 158
model name	: Intel(R) Core(TM) i5-7500 CPU @ 3.40GHz
stepping	: 9
microcode	: 0xf0
cpu MHz		: 1564.894
cache size	: 6144 KB
physical id	: 0
siblings	: 4
core id		: 1
cpu cores	: 4
apicid		: 2
initial apicid	: 2
fpu		: yes
fpu_exception	: yes
cpuid level	: 22
wp		: yes
flags		: fpu vme de pse tsc msr pae mce cx8 apic sep mtrr pge mca cmov pat pse36 clflush dts acpi mmx fxsr sse sse2 ss ht tm pbe syscall nx pdpe1gb rdtscp lm constant_tsc art arch_perfmon pebs bts rep_good nopl xtopology nonstop_tsc cpuid aperfmperf pni pclmulqdq dtes64 monitor ds_cpl vmx smx est tm2 ssse3 sdbg fma cx16 xtpr pdcm pcid sse4_1 sse4_2 x2apic movbe popcnt tsc_deadline_timer aes xsave avx f16c rdrand lahf_lm abm 3dnowprefetch cpuid_fault epb invpcid_single pti ssbd ibrs ibpb stibp tpr_shadow vnmi flexpriority ept vpid ept_ad fsgsbase tsc_adjust bmi1 hle avx2 smep bmi2 erms invpcid rtm mpx rdseed adx smap clflushopt intel_pt xsaveopt xsavec xgetbv1 xsaves dtherm ida arat pln pts hwp hwp_notify hwp_act_window hwp_epp md_clear flush_l1d arch_capabilities
vmx flags	: vnmi preemption_timer invvpid ept_x_only ept_ad ept_1gb flexpriority tsc_offset vtpr mtf vapic ept vpid unrestricted_guest ple shadow_vmcs pml ept_mode_based_exec
bugs		: cpu_meltdown spectre_v1 spectre_v2 spec_store_bypass l1tf mds swapgs taa itlb_multihit srbds mmio_stale_data
bogomips	: 6799.81
clflush size	: 64
cache_alignment	: 64
address sizes	: 39 bits physical, 48 bits virtual
power management:

processor	: 2
vendor_id	: GenuineIntel
cpu family	: 6
model		: 158
model name	: Intel(R) Core(TM) i5-7500 CPU @ 3.40GHz
stepping	: 9
microcode	: 0xf0
cpu MHz		: 1514.687
cache size	: 6144 KB
physical id	: 0
siblings	: 4
core id		: 2
cpu cores	: 4
apicid		: 4
initial apicid	: 4
fpu		: yes
fpu_exception	: yes
cpuid level	: 22
wp		: yes
flags		: fpu vme de pse tsc msr pae mce cx8 apic sep mtrr pge mca cmov pat pse36 clflush dts acpi mmx fxsr sse sse2 ss ht tm pbe syscall nx pdpe1gb rdtscp lm constant_tsc art arch_perfmon pebs bts rep_good nopl xtopology nonstop_tsc cpuid aperfmperf pni pclmulqdq dtes64 monitor ds_cpl vmx smx est tm2 ssse3 sdbg fma cx16 xtpr pdcm pcid sse4_1 sse4_2 x2apic movbe popcnt tsc_deadline_timer aes xsave avx f16c rdrand lahf_lm abm 3dnowprefetch cpuid_fault epb invpcid_single pti ssbd ibrs ibpb stibp tpr_shadow vnmi flexpriority ept vpid ept_ad fsgsbase tsc_adjust bmi1 hle avx2 smep bmi2 erms invpcid rtm mpx rdseed adx smap clflushopt intel_pt xsaveopt xsavec xgetbv1 xsaves dtherm ida arat pln pts hwp hwp_notify hwp_act_window hwp_epp md_clear flush_l1d arch_capabilities
vmx flags	: vnmi preemption_timer invvpid ept_x_only ept_ad ept_1gb flexpriority tsc_offset vtpr mtf vapic ept vpid unrestricted_guest ple shadow_vmcs pml ept_mode_based_exec
bugs		: cpu_meltdown spectre_v1 spectre_v2 spec_store_bypass l1tf mds swapgs taa itlb_multihit srbds mmio_stale_data
bogomips	: 6799.81
clflush size	: 64
cache_alignment	: 64
address sizes	: 39 bits physical, 48 bits virtual
power management:

processor	: 3
vendor_id	: GenuineIntel
cpu family	: 6
model		: 158
model name	: Intel(R) Core(TM) i5-7500 CPU @ 3.40GHz
stepping	: 9
microcode	: 0xf0
cpu MHz		: 1621.875
cache size	: 6144 KB
physical id	: 0
siblings	: 4
core id		: 3
cpu cores	: 4
apicid		: 6
initial apicid	: 6
fpu		: yes
fpu_exception	: yes
cpuid level	: 22
wp		: yes
flags		: fpu vme de pse tsc msr pae mce cx8 apic sep mtrr pge mca cmov pat pse36 clflush dts acpi mmx fxsr sse sse2 ss ht tm pbe syscall nx pdpe1gb rdtscp lm constant_tsc art arch_perfmon pebs bts rep_good nopl xtopology nonstop_tsc cpuid aperfmperf pni pclmulqdq dtes64 monitor ds_cpl vmx smx est tm2 ssse3 sdbg fma cx16 xtpr pdcm pcid sse4_1 sse4_2 x2apic movbe popcnt tsc_deadline_timer aes xsave avx f16c rdrand lahf_lm abm 3dnowprefetch cpuid_fault epb invpcid_single pti ssbd ibrs ibpb stibp tpr_shadow vnmi flexpriority ept vpid ept_ad fsgsbase tsc_adjust bmi1 hle avx2 smep bmi2 erms invpcid rtm mpx rdseed adx smap clflushopt intel_pt xsaveopt xsavec xgetbv1 xsaves dtherm ida arat pln pts hwp hwp_notify hwp_act_window hwp_epp md_clear flush_l1d arch_capabilities
vmx flags	: vnmi preemption_timer invvpid ept_x_only ept_ad ept_1gb flexpriority tsc_offset vtpr mtf vapic ept vpid unrestricted_guest ple shadow_vmcs pml ept_mode_based_exec
bugs		: cpu_meltdown spectre_v1 spectre_v2 spec_store_bypass l1tf mds swapgs taa itlb_multihit srbds mmio_stale_data
bogomips	: 6799.81
clflush size	: 64
cache_alignment	: 64
address sizes	: 39 bits physical, 48 bits virtual
power management:



Memory: 4k page, physical 8017192k(151960k free), swap 3999740k(3998192k free)

vm_info: Java HotSpot(TM) 64-Bit Server VM (25.331-b09) for linux-amd64 JRE (1.8.0_331-b09), built on Mar 10 2022 11:12:57 by "java_re" with gcc 7.3.0

time: Mon Jul  4 13:53:52 2022
timezone: IST
elapsed time: 21.966043 seconds (0d 0h 0m 21s)

