#
# A fatal error has been detected by the Java Runtime Environment:
#
#  SIGSEGV (0xb) at pc=0x00007f63525d8ecd, pid=14613, tid=0x00007f6327fff700
#
# JRE version: Java(TM) SE Runtime Environment (8.0_331-b09) (build 1.8.0_331-b09)
# Java VM: Java HotSpot(TM) 64-Bit Server VM (25.331-b09 mixed mode linux-amd64 compressed oops)
# Problematic frame:
# C  [libpjsua2.so.2+0x44ecd]  pj::Endpoint::utilLogWrite(pj::LogEntry&)+0x3d
#
# Failed to write core dump. Core dumps have been disabled. To enable core dumping, try "ulimit -c unlimited" before starting Java again
#
# If you would like to submit a bug report, please visit:
#   http://bugreport.java.com/bugreport/crash.jsp
#

---------------  T H R E A D  ---------------

Current thread is native thread

siginfo: si_signo: 11 (SIGSEGV), si_code: 128 (SI_KERNEL), si_addr: 0x0000000000000000

Registers:
RAX=0x6a705f326175736a, RBX=0x00007f6327ffdb00, RCX=0x00000000305f6175, RDX=0x0000000000000007
RSP=0x00007f6327ffdac8, RBP=0x00007f6374149570, RSI=0x00007f6327ffdb10, RDI=0x00007f63741b49f0
R8 =0x00007f63741d37b0, R9 =0x00007f6327ffdb60, R10=0x00007f635244aa7e, R11=0x00007f635244aa71
R12=0x00007f63741d37b0, R13=0x00007f6327ffdb28, R14=0x00007f6327ffdb50, R15=0x00007f6327ffdc40
RIP=0x00007f63525d8ecd, EFLAGS=0x0000000000010202, CSGSFS=0x002b000000000033, ERR=0x0000000000000000
  TRAPNO=0x000000000000000d

Top of Stack: (sp=0x00007f6327ffdac8)
0x00007f6327ffdac8:   00007f63525d9151 00007f6327ffdae0
0x00007f6327ffdad8:   0000000000000000 0000000000000000
0x00007f6327ffdae8:   00007f637af070c0 00007f6327ffdb00
0x00007f6327ffdaf8:   0000000000000000 00305f6175736a00
0x00007f6327ffdb08:   00007f6327ffe100 ffffffff00000005
0x00007f6327ffdb18:   00007f631c001d10 000000000000003c
0x00007f6327ffdb28:   000000000000003c 00000000ffffffff
0x00007f6327ffdb38:   00007f63741d37b0 00007f6327ffdb50
0x00007f6327ffdb48:   0000000000000007 00305f6175736a70
0x00007f6327ffdb58:   0000000027ffe150 0000000000000000
0x00007f6327ffdb68:   bd144a5084ac1d00 00007f6327ffdc20
0x00007f6327ffdb78:   00007f63524b18e0 0000000000000005
0x00007f6327ffdb88:   00007f6327ffdc40 000000000000003c
0x00007f6327ffdb98:   000000000000003c 0000000000000025
0x00007f6327ffdba8:   00007f6352487226 00007f6300000000
0x00007f6327ffdbb8:   bd144a5084ac1d00 00007f6327ffdc65
0x00007f6327ffdbc8:   00007f637423d369 00007f6327ffdc65
0x00007f6327ffdbd8:   00007f6327ffdc40 0000000000000005
0x00007f6327ffdbe8:   00007f6352354f85 30363a7069733c20
0x00007f6327ffdbf8:   0000000000000f7b 00000005302e3836
0x00007f6327ffdc08:   2d6c6c61430a0d3e 0000000062c2a728
0x00007f6327ffdc18:   000000000000008a 0000000400000001
0x00007f6327ffdc28:   000007e600000006 0000000900000004
0x00007f6327ffdc38:   0000008a0000000e 34303a39303a3431
0x00007f6327ffdc48:   202020203833312e 3778307873742020
0x00007f6327ffdc58:   6433323437333666 7465522020383233
0x00007f6327ffdc68:   2074696d736e6172 76652072656d6974
0x00007f6327ffdc78:   00007f000a746e65 00007f6327ffe220
0x00007f6327ffdc88:   00007f6327ffe230 00007f637afee698
0x00007f6327ffdc98:   00007f6327ffe370 0000000000000075
0x00007f6327ffdca8:   00007f637aea9fe6 4f464e49202c4554
0x00007f6327ffdcb8:   524353425553202c 000000002c454249 

Instructions: (pc=0x00007f63525d8ecd)
0x00007f63525d8ead:   00 00 80 7d 58 00 49 89 f4 75 18 48 8b 07 4c 89
0x00007f63525d8ebd:   e6 48 8b 40 10 48 83 c4 08 5d 41 5c 41 5d 41 5e
0x00007f63525d8ecd:   ff e0 90 e8 6b 91 fd ff 48 39 45 60 0f 84 91 00
0x00007f63525d8edd:   00 00 bf 58 00 00 00 e8 c7 a1 fd ff 49 8d 74 24 

Register to memory mapping:

RAX=0x6a705f326175736a is an unknown value
RBX=0x00007f6327ffdb00 is an unknown value
RCX=0x00000000305f6175 is an unknown value
RDX=0x0000000000000007 is an unknown value
RSP=0x00007f6327ffdac8 is an unknown value
RBP=0x00007f6374149570 is an unknown value
RSI=0x00007f6327ffdb10 is an unknown value
RDI=0x00007f63741b49f0 is an unknown value
R8 =0x00007f63741d37b0 is an unknown value
R9 =0x00007f6327ffdb60 is an unknown value
R10=0x00007f635244aa7e: <offset 0x43a7e> in /usr/local/lib/libpjsip.so.2 at 0x00007f6352407000
R11=0x00007f635244aa71: <offset 0x43a71> in /usr/local/lib/libpjsip.so.2 at 0x00007f6352407000
R12=0x00007f63741d37b0 is an unknown value
R13=0x00007f6327ffdb28 is an unknown value
R14=0x00007f6327ffdb50 is an unknown value
R15=0x00007f6327ffdc40 is an unknown value


Stack: [0x00007f6327800000,0x00007f6328000000],  sp=0x00007f6327ffdac8,  free space=8182k
Native frames: (J=compiled Java code, j=interpreted, Vv=VM code, C=native code)
C  [libpjsua2.so.2+0x44ecd]  pj::Endpoint::utilLogWrite(pj::LogEntry&)+0x3d


---------------  P R O C E S S  ---------------

VM state:not at safepoint (normal execution)

VM Mutex/Monitor currently owned by a thread: None

heap address: 0x0000000085a00000, size: 1958 MB, Compressed Oops mode: 32-bit
Narrow klass base: 0x0000000000000000, Narrow klass shift: 3
Compressed class space size: 1073741824 Address: 0x0000000100000000

Heap:
 PSYoungGen      total 36864K, used 2131K [0x00000000d7380000, 0x00000000d9c80000, 0x0000000100000000)
  eden space 31744K, 5% used [0x00000000d7380000,0x00000000d7534c60,0x00000000d9280000)
  from space 5120K, 7% used [0x00000000d9780000,0x00000000d97e0000,0x00000000d9c80000)
  to   space 5120K, 0% used [0x00000000d9280000,0x00000000d9280000,0x00000000d9780000)
 ParOldGen       total 84992K, used 16K [0x0000000085a00000, 0x000000008ad00000, 0x00000000d7380000)
  object space 84992K, 0% used [0x0000000085a00000,0x0000000085a04000,0x000000008ad00000)
 Metaspace       used 3234K, capacity 5176K, committed 5376K, reserved 1056768K
  class space    used 285K, capacity 424K, committed 512K, reserved 1048576K

Card table byte_map: [0x00007f6378df0000,0x00007f63791c4000] byte_map_base: 0x00007f63789c3000

Marking Bits: (ParMarkBitMap*) 0x00007f637ae14220
 Begin Bits: [0x00007f63612d0000, 0x00007f6363168000)
 End Bits:   [0x00007f6363168000, 0x00007f6365000000)

Polling page: 0x00007f637b2b3000

CodeCache: size=245760Kb used=1285Kb max_used=1285Kb free=244474Kb
 bounds [0x00007f6365000000, 0x00007f6365270000, 0x00007f6374000000]
 total_blobs=356 nmethods=99 adapters=172
 compilation: enabled

Compilation events (10 events):
Event: 21.678 Thread 0x00007f63740c0000   94       3       org.pjsip.pjsua2.LogEntry::<init> (15 bytes)
Event: 21.678 Thread 0x00007f63740c0000 nmethod 94 0x00007f636513eb50 code [0x00007f636513ecc0, 0x00007f636513ee90]
Event: 21.678 Thread 0x00007f63740c0000   95   !   3       java.lang.ref.Reference::tryHandlePending (115 bytes)
Event: 21.679 Thread 0x00007f63740c0000 nmethod 95 0x00007f636513ef90 code [0x00007f636513f1c0, 0x00007f636513fe68]
Event: 21.679 Thread 0x00007f63740c0000   97   !   3       java.lang.ref.ReferenceQueue::enqueue (119 bytes)
Event: 21.679 Thread 0x00007f63740c0000 nmethod 97 0x00007f6365140390 code [0x00007f6365140540, 0x00007f6365140ca8]
Event: 21.679 Thread 0x00007f63740c0000   98  s    1       java.util.Vector::size (5 bytes)
Event: 21.679 Thread 0x00007f63740c0000 nmethod 98 0x00007f6365140e90 code [0x00007f6365140fe0, 0x00007f6365141250]
Event: 24.230 Thread 0x00007f63740c0000   99       3       java.lang.CharacterDataLatin1::toUpperCase (53 bytes)
Event: 24.231 Thread 0x00007f63740c0000 nmethod 99 0x00007f63651412d0 code [0x00007f6365141440, 0x00007f6365141710]

GC Heap History (4 events):
Event: 2.215 GC heap before
{Heap before GC invocations=1 (full 0):
 PSYoungGen      total 36864K, used 31744K [0x00000000d7380000, 0x00000000d9c80000, 0x0000000100000000)
  eden space 31744K, 100% used [0x00000000d7380000,0x00000000d9280000,0x00000000d9280000)
  from space 5120K, 0% used [0x00000000d9780000,0x00000000d9780000,0x00000000d9c80000)
  to   space 5120K, 0% used [0x00000000d9280000,0x00000000d9280000,0x00000000d9780000)
 ParOldGen       total 84992K, used 0K [0x0000000085a00000, 0x000000008ad00000, 0x00000000d7380000)
  object space 84992K, 0% used [0x0000000085a00000,0x0000000085a00000,0x000000008ad00000)
 Metaspace       used 3195K, capacity 5176K, committed 5376K, reserved 1056768K
  class space    used 283K, capacity 424K, committed 512K, reserved 1048576K
Event: 2.217 GC heap after
Heap after GC invocations=1 (full 0):
 PSYoungGen      total 36864K, used 368K [0x00000000d7380000, 0x00000000d9c80000, 0x0000000100000000)
  eden space 31744K, 0% used [0x00000000d7380000,0x00000000d7380000,0x00000000d9280000)
  from space 5120K, 7% used [0x00000000d9280000,0x00000000d92dc010,0x00000000d9780000)
  to   space 5120K, 0% used [0x00000000d9780000,0x00000000d9780000,0x00000000d9c80000)
 ParOldGen       total 84992K, used 8K [0x0000000085a00000, 0x000000008ad00000, 0x00000000d7380000)
  object space 84992K, 0% used [0x0000000085a00000,0x0000000085a02000,0x000000008ad00000)
 Metaspace       used 3195K, capacity 5176K, committed 5376K, reserved 1056768K
  class space    used 283K, capacity 424K, committed 512K, reserved 1048576K
}
Event: 21.673 GC heap before
{Heap before GC invocations=2 (full 0):
 PSYoungGen      total 36864K, used 32112K [0x00000000d7380000, 0x00000000d9c80000, 0x0000000100000000)
  eden space 31744K, 100% used [0x00000000d7380000,0x00000000d9280000,0x00000000d9280000)
  from space 5120K, 7% used [0x00000000d9280000,0x00000000d92dc010,0x00000000d9780000)
  to   space 5120K, 0% used [0x00000000d9780000,0x00000000d9780000,0x00000000d9c80000)
 ParOldGen       total 84992K, used 8K [0x0000000085a00000, 0x000000008ad00000, 0x00000000d7380000)
  object space 84992K, 0% used [0x0000000085a00000,0x0000000085a02000,0x000000008ad00000)
 Metaspace       used 3230K, capacity 5176K, committed 5376K, reserved 1056768K
  class space    used 285K, capacity 424K, committed 512K, reserved 1048576K
Event: 21.678 GC heap after
Heap after GC invocations=2 (full 0):
 PSYoungGen      total 36864K, used 384K [0x00000000d7380000, 0x00000000d9c80000, 0x0000000100000000)
  eden space 31744K, 0% used [0x00000000d7380000,0x00000000d7380000,0x00000000d9280000)
  from space 5120K, 7% used [0x00000000d9780000,0x00000000d97e0000,0x00000000d9c80000)
  to   space 5120K, 0% used [0x00000000d9280000,0x00000000d9280000,0x00000000d9780000)
 ParOldGen       total 84992K, used 16K [0x0000000085a00000, 0x000000008ad00000, 0x00000000d7380000)
  object space 84992K, 0% used [0x0000000085a00000,0x0000000085a04000,0x000000008ad00000)
 Metaspace       used 3230K, capacity 5176K, committed 5376K, reserved 1056768K
  class space    used 285K, capacity 424K, committed 512K, reserved 1048576K
}

Deoptimization events (0 events):
No events

Classes redefined (0 events):
No events

Internal exceptions (2 events):
Event: 0.023 Thread 0x00007f637400a800 Exception <a 'java/lang/NoSuchMethodError': Method sun.misc.Unsafe.defineClass(Ljava/lang/String;[BII)Ljava/lang/Class; name or signature does not match> (0x00000000d7387cc0) thrown at [/scratch/jenkins/workspace/8-2-build-linux-amd64/jdk8u331/2416/hotspo
Event: 0.023 Thread 0x00007f637400a800 Exception <a 'java/lang/NoSuchMethodError': Method sun.misc.Unsafe.prefetchRead(Ljava/lang/Object;J)V name or signature does not match> (0x00000000d7387fa8) thrown at [/scratch/jenkins/workspace/8-2-build-linux-amd64/jdk8u331/2416/hotspot/src/share/vm/pri

Events (10 events):
Event: 21.673 Thread 0x00007f631c007800 Thread added: 0x00007f631c007800
Event: 21.673 Thread 0x00007f631c007800 Thread exited: 0x00007f631c007800
Event: 21.673 Thread 0x00007f631c007800 Thread added: 0x00007f631c007800
Event: 21.673 Executing VM operation: ParallelGCFailedAllocation
Event: 21.678 Executing VM operation: ParallelGCFailedAllocation done
Event: 21.678 Thread 0x00007f631c007800 Thread exited: 0x00007f631c007800
Event: 21.678 Thread 0x00007f631c007800 Thread added: 0x00007f631c007800
Event: 21.678 Thread 0x00007f631c007800 Thread exited: 0x00007f631c007800
Event: 21.678 Thread 0x00007f631c007800 Thread added: 0x00007f631c007800
Event: 21.678 Thread 0x00007f631c007800 Thread exited: 0x00007f631c007800


Dynamic libraries:
85a00000-8ad00000 rw-p 00000000 00:00 0 
8ad00000-d7380000 ---p 00000000 00:00 0 
d7380000-d9c80000 rw-p 00000000 00:00 0 
d9c80000-100000000 ---p 00000000 00:00 0 
100000000-100080000 rw-p 00000000 00:00 0 
100080000-140000000 ---p 00000000 00:00 0 
56366bc00000-56366bc01000 r-xp 00000000 08:02 5248844                    /home/user/software/jdk1.8.0_331/bin/java
56366be00000-56366be01000 r--p 00000000 08:02 5248844                    /home/user/software/jdk1.8.0_331/bin/java
56366be01000-56366be02000 rw-p 00001000 08:02 5248844                    /home/user/software/jdk1.8.0_331/bin/java
56366c058000-56366c079000 rw-p 00000000 00:00 0                          [heap]
7f62ec000000-7f62ec021000 rw-p 00000000 00:00 0 
7f62ec021000-7f62f0000000 ---p 00000000 00:00 0 
7f62f0000000-7f62f0021000 rw-p 00000000 00:00 0 
7f62f0021000-7f62f4000000 ---p 00000000 00:00 0 
7f62f4000000-7f62f4021000 rw-p 00000000 00:00 0 
7f62f4021000-7f62f8000000 ---p 00000000 00:00 0 
7f62f8000000-7f62fc000000 rw-s 00000000 00:01 6879                       /memfd:pulseaudio (deleted)
7f62fc000000-7f6300000000 rw-s 00000000 00:01 2050                       /memfd:pulseaudio (deleted)
7f6300000000-7f6300021000 rw-p 00000000 00:00 0 
7f6300021000-7f6304000000 ---p 00000000 00:00 0 
7f6304000000-7f6308000000 rw-s 00000000 00:01 4971                       /memfd:pulseaudio (deleted)
7f6308000000-7f630c000000 rw-s 00000000 00:01 4971                       /memfd:pulseaudio (deleted)
7f630c000000-7f6310000000 rw-s 00000000 00:01 4970                       /memfd:pulseaudio (deleted)
7f6310000000-7f6314000000 rw-s 00000000 00:01 2050                       /memfd:pulseaudio (deleted)
7f6314000000-7f6318000000 rw-s 00000000 00:01 4969                       /memfd:pulseaudio (deleted)
7f6318000000-7f6318021000 rw-p 00000000 00:00 0 
7f6318021000-7f631c000000 ---p 00000000 00:00 0 
7f631c000000-7f631c021000 rw-p 00000000 00:00 0 
7f631c021000-7f6320000000 ---p 00000000 00:00 0 
7f63216fa000-7f63216fd000 ---p 00000000 00:00 0 
7f63216fd000-7f63217fb000 rw-p 00000000 00:00 0 
7f63217fb000-7f63217fc000 ---p 00000000 00:00 0 
7f63217fc000-7f63217ff000 ---p 00000000 00:00 0 
7f63217ff000-7f6321ffc000 rw-p 00000000 00:00 0 
7f6321ffc000-7f6321ffd000 ---p 00000000 00:00 0 
7f6321ffd000-7f6322000000 ---p 00000000 00:00 0 
7f6322000000-7f63227fd000 rw-p 00000000 00:00 0 
7f63227fd000-7f63227fe000 ---p 00000000 00:00 0 
7f63227fe000-7f6322ffe000 rw-p 00000000 00:00 0 
7f6322ffe000-7f6322fff000 ---p 00000000 00:00 0 
7f6322fff000-7f63237ff000 rw-p 00000000 00:00 0 
7f63237ff000-7f63277ff000 rw-s 00000000 00:01 4969                       /memfd:pulseaudio (deleted)
7f63277ff000-7f6327800000 ---p 00000000 00:00 0 
7f6327800000-7f6327803000 ---p 00000000 00:00 0 
7f6327803000-7f6328000000 rw-p 00000000 00:00 0 
7f6328000000-7f6328021000 rw-p 00000000 00:00 0 
7f6328021000-7f632c000000 ---p 00000000 00:00 0 
7f632c000000-7f632c021000 rw-p 00000000 00:00 0 
7f632c021000-7f6330000000 ---p 00000000 00:00 0 
7f6330000000-7f6330021000 rw-p 00000000 00:00 0 
7f6330021000-7f6334000000 ---p 00000000 00:00 0 
7f6334000000-7f63340a4000 rw-p 00000000 00:00 0 
7f63340a4000-7f6338000000 ---p 00000000 00:00 0 
7f6338000000-7f6338021000 rw-p 00000000 00:00 0 
7f6338021000-7f633c000000 ---p 00000000 00:00 0 
7f633c000000-7f633c056000 rw-p 00000000 00:00 0 
7f633c056000-7f6340000000 ---p 00000000 00:00 0 
7f6340000000-7f6340021000 rw-p 00000000 00:00 0 
7f6340021000-7f6344000000 ---p 00000000 00:00 0 
7f6344000000-7f6344021000 rw-p 00000000 00:00 0 
7f6344021000-7f6348000000 ---p 00000000 00:00 0 
7f6348000000-7f6348021000 rw-p 00000000 00:00 0 
7f6348021000-7f634c000000 ---p 00000000 00:00 0 
7f634c000000-7f634c021000 rw-p 00000000 00:00 0 
7f634c021000-7f6350000000 ---p 00000000 00:00 0 
7f63500a6000-7f63500a7000 ---p 00000000 00:00 0 
7f63500a7000-7f63508a7000 rw-p 00000000 00:00 0 
7f63508a7000-7f63508c7000 r--p 00000000 08:02 1449217                    /usr/lib/x86_64-linux-gnu/libdb-5.3.so
7f63508c7000-7f6350a09000 r-xp 00020000 08:02 1449217                    /usr/lib/x86_64-linux-gnu/libdb-5.3.so
7f6350a09000-7f6350a4e000 r--p 00162000 08:02 1449217                    /usr/lib/x86_64-linux-gnu/libdb-5.3.so
7f6350a4e000-7f6350a55000 r--p 001a6000 08:02 1449217                    /usr/lib/x86_64-linux-gnu/libdb-5.3.so
7f6350a55000-7f6350a56000 rw-p 001ad000 08:02 1449217                    /usr/lib/x86_64-linux-gnu/libdb-5.3.so
7f6350a56000-7f6350a5c000 r--p 00000000 08:02 1442494                    /usr/lib/x86_64-linux-gnu/libjack.so.0.0.28
7f6350a5c000-7f6350a68000 r-xp 00006000 08:02 1442494                    /usr/lib/x86_64-linux-gnu/libjack.so.0.0.28
7f6350a68000-7f6350a6d000 r--p 00012000 08:02 1442494                    /usr/lib/x86_64-linux-gnu/libjack.so.0.0.28
7f6350a6d000-7f6350a6e000 r--p 00016000 08:02 1442494                    /usr/lib/x86_64-linux-gnu/libjack.so.0.0.28
7f6350a6e000-7f6350a6f000 rw-p 00017000 08:02 1442494                    /usr/lib/x86_64-linux-gnu/libjack.so.0.0.28
7f6350a6f000-7f6350a79000 rw-p 00000000 00:00 0 
7f6350a79000-7f6350be4000 r-xp 00000000 08:02 1450125                    /usr/lib/x86_64-linux-gnu/libsamplerate.so.0.1.8
7f6350be4000-7f6350de3000 ---p 0016b000 08:02 1450125                    /usr/lib/x86_64-linux-gnu/libsamplerate.so.0.1.8
7f6350de3000-7f6350de4000 r--p 0016a000 08:02 1450125                    /usr/lib/x86_64-linux-gnu/libsamplerate.so.0.1.8
7f6350de4000-7f6350de5000 rw-p 0016b000 08:02 1450125                    /usr/lib/x86_64-linux-gnu/libsamplerate.so.0.1.8
7f6350deb000-7f6350ded000 r--p 00000000 08:02 2097964                    /usr/lib/x86_64-linux-gnu/alsa-lib/libasound_module_ctl_pulse.so
7f6350ded000-7f6350df0000 r-xp 00002000 08:02 2097964                    /usr/lib/x86_64-linux-gnu/alsa-lib/libasound_module_ctl_pulse.so
7f6350df0000-7f6350df1000 r--p 00005000 08:02 2097964                    /usr/lib/x86_64-linux-gnu/alsa-lib/libasound_module_ctl_pulse.so
7f6350df1000-7f6350df2000 r--p 00005000 08:02 2097964                    /usr/lib/x86_64-linux-gnu/alsa-lib/libasound_module_ctl_pulse.so
7f6350df2000-7f6350df3000 rw-p 00006000 08:02 2097964                    /usr/lib/x86_64-linux-gnu/alsa-lib/libasound_module_ctl_pulse.so
7f6350df3000-7f6350df4000 r--p 00000000 08:02 2097970                    /usr/lib/x86_64-linux-gnu/alsa-lib/libasound_module_pcm_vdownmix.so
7f6350df4000-7f6350df5000 r-xp 00001000 08:02 2097970                    /usr/lib/x86_64-linux-gnu/alsa-lib/libasound_module_pcm_vdownmix.so
7f6350df5000-7f6350df6000 r--p 00002000 08:02 2097970                    /usr/lib/x86_64-linux-gnu/alsa-lib/libasound_module_pcm_vdownmix.so
7f6350df6000-7f6350df7000 r--p 00002000 08:02 2097970                    /usr/lib/x86_64-linux-gnu/alsa-lib/libasound_module_pcm_vdownmix.so
7f6350df7000-7f6350df8000 rw-p 00003000 08:02 2097970                    /usr/lib/x86_64-linux-gnu/alsa-lib/libasound_module_pcm_vdownmix.so
7f6350df8000-7f6350df9000 r--p 00000000 08:02 2097968                    /usr/lib/x86_64-linux-gnu/alsa-lib/libasound_module_pcm_upmix.so
7f6350df9000-7f6350dfb000 r-xp 00001000 08:02 2097968                    /usr/lib/x86_64-linux-gnu/alsa-lib/libasound_module_pcm_upmix.so
7f6350dfb000-7f6350dfc000 r--p 00003000 08:02 2097968                    /usr/lib/x86_64-linux-gnu/alsa-lib/libasound_module_pcm_upmix.so
7f6350dfc000-7f6350dfd000 r--p 00003000 08:02 2097968                    /usr/lib/x86_64-linux-gnu/alsa-lib/libasound_module_pcm_upmix.so
7f6350dfd000-7f6350dfe000 rw-p 00004000 08:02 2097968                    /usr/lib/x86_64-linux-gnu/alsa-lib/libasound_module_pcm_upmix.so
7f6350dfe000-7f6350dff000 r--p 00000000 08:02 2097966                    /usr/lib/x86_64-linux-gnu/alsa-lib/libasound_module_pcm_oss.so
7f6350dff000-7f6350e01000 r-xp 00001000 08:02 2097966                    /usr/lib/x86_64-linux-gnu/alsa-lib/libasound_module_pcm_oss.so
7f6350e01000-7f6350e02000 r--p 00003000 08:02 2097966                    /usr/lib/x86_64-linux-gnu/alsa-lib/libasound_module_pcm_oss.so
7f6350e02000-7f6350e03000 r--p 00003000 08:02 2097966                    /usr/lib/x86_64-linux-gnu/alsa-lib/libasound_module_pcm_oss.so
7f6350e03000-7f6350e04000 rw-p 00004000 08:02 2097966                    /usr/lib/x86_64-linux-gnu/alsa-lib/libasound_module_pcm_oss.so
7f6350e04000-7f6350e05000 ---p 00000000 00:00 0 
7f6350e05000-7f6351605000 rw-p 00000000 00:00 0 
7f6351605000-7f6351609000 r--p 00000000 08:02 1449497                    /usr/lib/x86_64-linux-gnu/libgpg-error.so.0.28.0
7f6351609000-7f635161c000 r-xp 00004000 08:02 1449497                    /usr/lib/x86_64-linux-gnu/libgpg-error.so.0.28.0
7f635161c000-7f6351626000 r--p 00017000 08:02 1449497                    /usr/lib/x86_64-linux-gnu/libgpg-error.so.0.28.0
7f6351626000-7f6351627000 r--p 00020000 08:02 1449497                    /usr/lib/x86_64-linux-gnu/libgpg-error.so.0.28.0
7f6351627000-7f6351628000 rw-p 00021000 08:02 1449497                    /usr/lib/x86_64-linux-gnu/libgpg-error.so.0.28.0
7f6351628000-7f635162c000 r--p 00000000 08:02 1449109                    /usr/lib/x86_64-linux-gnu/libbsd.so.0.10.0
7f635162c000-7f635163b000 r-xp 00004000 08:02 1449109                    /usr/lib/x86_64-linux-gnu/libbsd.so.0.10.0
7f635163b000-7f635163e000 r--p 00013000 08:02 1449109                    /usr/lib/x86_64-linux-gnu/libbsd.so.0.10.0
7f635163e000-7f635163f000 ---p 00016000 08:02 1449109                    /usr/lib/x86_64-linux-gnu/libbsd.so.0.10.0
7f635163f000-7f6351640000 r--p 00016000 08:02 1449109                    /usr/lib/x86_64-linux-gnu/libbsd.so.0.10.0
7f6351640000-7f6351641000 rw-p 00017000 08:02 1449109                    /usr/lib/x86_64-linux-gnu/libbsd.so.0.10.0
7f6351641000-7f6351642000 rw-p 00000000 00:00 0 
7f6351642000-7f6351656000 r--p 00000000 08:02 1450341                    /usr/lib/x86_64-linux-gnu/libvorbisenc.so.2.0.11
7f6351656000-7f6351659000 r-xp 00014000 08:02 1450341                    /usr/lib/x86_64-linux-gnu/libvorbisenc.so.2.0.11
7f6351659000-7f63516d0000 r--p 00017000 08:02 1450341                    /usr/lib/x86_64-linux-gnu/libvorbisenc.so.2.0.11
7f63516d0000-7f63516ec000 r--p 0008d000 08:02 1450341                    /usr/lib/x86_64-linux-gnu/libvorbisenc.so.2.0.11
7f63516ec000-7f63516ed000 rw-p 000a9000 08:02 1450341                    /usr/lib/x86_64-linux-gnu/libvorbisenc.so.2.0.11
7f63516ed000-7f63516f0000 r--p 00000000 08:02 1450339                    /usr/lib/x86_64-linux-gnu/libvorbis.so.0.4.8
7f63516f0000-7f6351707000 r-xp 00003000 08:02 1450339                    /usr/lib/x86_64-linux-gnu/libvorbis.so.0.4.8
7f6351707000-7f6351718000 r--p 0001a000 08:02 1450339                    /usr/lib/x86_64-linux-gnu/libvorbis.so.0.4.8
7f6351718000-7f6351719000 ---p 0002b000 08:02 1450339                    /usr/lib/x86_64-linux-gnu/libvorbis.so.0.4.8
7f6351719000-7f635171a000 r--p 0002b000 08:02 1450339                    /usr/lib/x86_64-linux-gnu/libvorbis.so.0.4.8
7f635171a000-7f635171b000 rw-p 0002c000 08:02 1450339                    /usr/lib/x86_64-linux-gnu/libvorbis.so.0.4.8
7f635171b000-7f635171d000 r--p 00000000 08:02 1449917                    /usr/lib/x86_64-linux-gnu/libogg.so.0.8.4
7f635171d000-7f6351722000 r-xp 00002000 08:02 1449917                    /usr/lib/x86_64-linux-gnu/libogg.so.0.8.4
7f6351722000-7f6351725000 r--p 00007000 08:02 1449917                    /usr/lib/x86_64-linux-gnu/libogg.so.0.8.4
7f6351725000-7f6351726000 ---p 0000a000 08:02 1449917                    /usr/lib/x86_64-linux-gnu/libogg.so.0.8.4
7f6351726000-7f6351727000 r--p 0000a000 08:02 1449917                    /usr/lib/x86_64-linux-gnu/libogg.so.0.8.4
7f6351727000-7f6351728000 rw-p 0000b000 08:02 1449917                    /usr/lib/x86_64-linux-gnu/libogg.so.0.8.4
7f6351728000-7f6351730000 r--p 00000000 08:02 1448904                    /usr/lib/x86_64-linux-gnu/libFLAC.so.8.3.0
7f6351730000-7f6351759000 r-xp 00008000 08:02 1448904                    /usr/lib/x86_64-linux-gnu/libFLAC.so.8.3.0
7f6351759000-7f6351763000 r--p 00031000 08:02 1448904                    /usr/lib/x86_64-linux-gnu/libFLAC.so.8.3.0
7f6351763000-7f6351764000 ---p 0003b000 08:02 1448904                    /usr/lib/x86_64-linux-gnu/libFLAC.so.8.3.0
7f6351764000-7f6351765000 r--p 0003b000 08:02 1448904                    /usr/lib/x86_64-linux-gnu/libFLAC.so.8.3.0
7f6351765000-7f6351766000 rw-p 0003c000 08:02 1448904                    /usr/lib/x86_64-linux-gnu/libFLAC.so.8.3.0
7f6351766000-7f635176a000 r--p 00000000 08:02 1445797                    /usr/lib/x86_64-linux-gnu/libnsl-2.31.so
7f635176a000-7f635177a000 r-xp 00004000 08:02 1445797                    /usr/lib/x86_64-linux-gnu/libnsl-2.31.so
7f635177a000-7f635177f000 r--p 00014000 08:02 1445797                    /usr/lib/x86_64-linux-gnu/libnsl-2.31.so
7f635177f000-7f6351780000 r--p 00018000 08:02 1445797                    /usr/lib/x86_64-linux-gnu/libnsl-2.31.so
7f6351780000-7f6351781000 rw-p 00019000 08:02 1445797                    /usr/lib/x86_64-linux-gnu/libnsl-2.31.so
7f6351781000-7f6351783000 rw-p 00000000 00:00 0 
7f6351783000-7f635178f000 r--p 00000000 08:02 1447651                    /usr/lib/x86_64-linux-gnu/libgcrypt.so.20.2.5
7f635178f000-7f635185d000 r-xp 0000c000 08:02 1447651                    /usr/lib/x86_64-linux-gnu/libgcrypt.so.20.2.5
7f635185d000-7f635189a000 r--p 000da000 08:02 1447651                    /usr/lib/x86_64-linux-gnu/libgcrypt.so.20.2.5
7f635189a000-7f635189c000 r--p 00116000 08:02 1447651                    /usr/lib/x86_64-linux-gnu/libgcrypt.so.20.2.5
7f635189c000-7f63518a1000 rw-p 00118000 08:02 1447651                    /usr/lib/x86_64-linux-gnu/libgcrypt.so.20.2.5
7f63518a1000-7f63518a3000 r--p 00000000 08:02 1449762                    /usr/lib/x86_64-linux-gnu/liblz4.so.1.9.2
7f63518a3000-7f63518bd000 r-xp 00002000 08:02 1449762                    /usr/lib/x86_64-linux-gnu/liblz4.so.1.9.2
7f63518bd000-7f63518c0000 r--p 0001c000 08:02 1449762                    /usr/lib/x86_64-linux-gnu/liblz4.so.1.9.2
7f63518c0000-7f63518c1000 r--p 0001e000 08:02 1449762                    /usr/lib/x86_64-linux-gnu/liblz4.so.1.9.2
7f63518c1000-7f63518c2000 rw-p 0001f000 08:02 1449762                    /usr/lib/x86_64-linux-gnu/liblz4.so.1.9.2
7f63518c2000-7f63518c5000 r--p 00000000 08:02 1443497                    /usr/lib/x86_64-linux-gnu/liblzma.so.5.2.4
7f63518c5000-7f63518dd000 r-xp 00003000 08:02 1443497                    /usr/lib/x86_64-linux-gnu/liblzma.so.5.2.4
7f63518dd000-7f63518e8000 r--p 0001b000 08:02 1443497                    /usr/lib/x86_64-linux-gnu/liblzma.so.5.2.4
7f63518e8000-7f63518e9000 ---p 00026000 08:02 1443497                    /usr/lib/x86_64-linux-gnu/liblzma.so.5.2.4
7f63518e9000-7f63518ea000 r--p 00026000 08:02 1443497                    /usr/lib/x86_64-linux-gnu/liblzma.so.5.2.4
7f63518ea000-7f63518eb000 rw-p 00027000 08:02 1443497                    /usr/lib/x86_64-linux-gnu/liblzma.so.5.2.4
7f63518eb000-7f63518ee000 r--p 00000000 08:02 1449007                    /usr/lib/x86_64-linux-gnu/libapparmor.so.1.6.1
7f63518ee000-7f63518f7000 r-xp 00003000 08:02 1449007                    /usr/lib/x86_64-linux-gnu/libapparmor.so.1.6.1
7f63518f7000-7f63518fe000 r--p 0000c000 08:02 1449007                    /usr/lib/x86_64-linux-gnu/libapparmor.so.1.6.1
7f63518fe000-7f63518ff000 r--p 00012000 08:02 1449007                    /usr/lib/x86_64-linux-gnu/libapparmor.so.1.6.1
7f63518ff000-7f6351900000 rw-p 00013000 08:02 1449007                    /usr/lib/x86_64-linux-gnu/libapparmor.so.1.6.1
7f6351900000-7f6351905000 r-xp 00000000 08:02 1449028                    /usr/lib/x86_64-linux-gnu/libasyncns.so.0.3.1
7f6351905000-7f6351b04000 ---p 00005000 08:02 1449028                    /usr/lib/x86_64-linux-gnu/libasyncns.so.0.3.1
7f6351b04000-7f6351b05000 r--p 00004000 08:02 1449028                    /usr/lib/x86_64-linux-gnu/libasyncns.so.0.3.1
7f6351b05000-7f6351b06000 rw-p 00005000 08:02 1449028                    /usr/lib/x86_64-linux-gnu/libasyncns.so.0.3.1
7f6351b06000-7f6351b0d000 r--p 00000000 08:02 1450170                    /usr/lib/x86_64-linux-gnu/libsndfile.so.1.0.28
7f6351b0d000-7f6351b60000 r-xp 00007000 08:02 1450170                    /usr/lib/x86_64-linux-gnu/libsndfile.so.1.0.28
7f6351b60000-7f6351b7d000 r--p 0005a000 08:02 1450170                    /usr/lib/x86_64-linux-gnu/libsndfile.so.1.0.28
7f6351b7d000-7f6351b7e000 ---p 00077000 08:02 1450170                    /usr/lib/x86_64-linux-gnu/libsndfile.so.1.0.28
7f6351b7e000-7f6351b81000 r--p 00077000 08:02 1450170                    /usr/lib/x86_64-linux-gnu/libsndfile.so.1.0.28
7f6351b81000-7f6351b82000 rw-p 0007a000 08:02 1450170                    /usr/lib/x86_64-linux-gnu/libsndfile.so.1.0.28
7f6351b82000-7f6351b84000 rw-p 00000000 00:00 0 
7f6351b84000-7f6351b94000 r--p 00000000 08:02 1446018                    /usr/lib/x86_64-linux-gnu/libsystemd.so.0.28.0
7f6351b94000-7f6351c09000 r-xp 00010000 08:02 1446018                    /usr/lib/x86_64-linux-gnu/libsystemd.so.0.28.0
7f6351c09000-7f6351c2e000 r--p 00085000 08:02 1446018                    /usr/lib/x86_64-linux-gnu/libsystemd.so.0.28.0
7f6351c2e000-7f6351c31000 r--p 000a9000 08:02 1446018                    /usr/lib/x86_64-linux-gnu/libsystemd.so.0.28.0
7f6351c31000-7f6351c32000 rw-p 000ac000 08:02 1446018                    /usr/lib/x86_64-linux-gnu/libsystemd.so.0.28.0
7f6351c32000-7f6351c33000 rw-p 00000000 00:00 0 
7f6351c33000-7f6351c3e000 r--p 00000000 08:02 1450442                    /usr/lib/x86_64-linux-gnu/libxcb.so.1.1.0
7f6351c3e000-7f6351c52000 r-xp 0000b000 08:02 1450442                    /usr/lib/x86_64-linux-gnu/libxcb.so.1.1.0
7f6351c52000-7f6351c5b000 r--p 0001f000 08:02 1450442                    /usr/lib/x86_64-linux-gnu/libxcb.so.1.1.0
7f6351c5b000-7f6351c5c000 r--p 00027000 08:02 1450442                    /usr/lib/x86_64-linux-gnu/libxcb.so.1.1.0
7f6351c5c000-7f6351c5d000 rw-p 00028000 08:02 1450442                    /usr/lib/x86_64-linux-gnu/libxcb.so.1.1.0
7f6351c5d000-7f6351c68000 r--p 00000000 08:02 1442000                    /usr/lib/x86_64-linux-gnu/libdbus-1.so.3.19.11
7f6351c68000-7f6351c96000 r-xp 0000b000 08:02 1442000                    /usr/lib/x86_64-linux-gnu/libdbus-1.so.3.19.11
7f6351c96000-7f6351cab000 r--p 00039000 08:02 1442000                    /usr/lib/x86_64-linux-gnu/libdbus-1.so.3.19.11
7f6351cab000-7f6351cac000 ---p 0004e000 08:02 1442000                    /usr/lib/x86_64-linux-gnu/libdbus-1.so.3.19.11
7f6351cac000-7f6351cad000 r--p 0004e000 08:02 1442000                    /usr/lib/x86_64-linux-gnu/libdbus-1.so.3.19.11
7f6351cad000-7f6351cae000 rw-p 0004f000 08:02 1442000                    /usr/lib/x86_64-linux-gnu/libdbus-1.so.3.19.11
7f6351cae000-7f6351cbf000 r--p 00000000 08:02 2097637                    /usr/lib/x86_64-linux-gnu/pulseaudio/libpulsecommon-13.99.so
7f6351cbf000-7f6351d07000 r-xp 00011000 08:02 2097637                    /usr/lib/x86_64-linux-gnu/pulseaudio/libpulsecommon-13.99.so
7f6351d07000-7f6351d2c000 r--p 00059000 08:02 2097637                    /usr/lib/x86_64-linux-gnu/pulseaudio/libpulsecommon-13.99.so
7f6351d2c000-7f6351d2d000 ---p 0007e000 08:02 2097637                    /usr/lib/x86_64-linux-gnu/pulseaudio/libpulsecommon-13.99.so
7f6351d2d000-7f6351d2f000 r--p 0007e000 08:02 2097637                    /usr/lib/x86_64-linux-gnu/pulseaudio/libpulsecommon-13.99.so
7f6351d2f000-7f6351d30000 rw-p 00080000 08:02 2097637                    /usr/lib/x86_64-linux-gnu/pulseaudio/libpulsecommon-13.99.so
7f6351d30000-7f6351d3c000 r--p 00000000 08:02 1442666                    /usr/lib/x86_64-linux-gnu/libpulse.so.0.21.2
7f6351d3c000-7f6351d6c000 r-xp 0000c000 08:02 1442666                    /usr/lib/x86_64-linux-gnu/libpulse.so.0.21.2
7f6351d6c000-7f6351d82000 r--p 0003c000 08:02 1442666                    /usr/lib/x86_64-linux-gnu/libpulse.so.0.21.2
7f6351d82000-7f6351d84000 r--p 00051000 08:02 1442666                    /usr/lib/x86_64-linux-gnu/libpulse.so.0.21.2
7f6351d84000-7f6351d85000 rw-p 00053000 08:02 1442666                    /usr/lib/x86_64-linux-gnu/libpulse.so.0.21.2
7f6351d86000-7f6351d88000 r--p 00000000 08:02 2097965                    /usr/lib/x86_64-linux-gnu/alsa-lib/libasound_module_pcm_jack.so
7f6351d88000-7f6351d8a000 r-xp 00002000 08:02 2097965                    /usr/lib/x86_64-linux-gnu/alsa-lib/libasound_module_pcm_jack.so
7f6351d8a000-7f6351d8b000 r--p 00004000 08:02 2097965                    /usr/lib/x86_64-linux-gnu/alsa-lib/libasound_module_pcm_jack.so
7f6351d8b000-7f6351d8c000 r--p 00004000 08:02 2097965                    /usr/lib/x86_64-linux-gnu/alsa-lib/libasound_module_pcm_jack.so
7f6351d8c000-7f6351d8d000 rw-p 00005000 08:02 2097965                    /usr/lib/x86_64-linux-gnu/alsa-lib/libasound_module_pcm_jack.so
7f6351d8d000-7f6351d8e000 r--p 00000000 08:02 2097976                    /usr/lib/x86_64-linux-gnu/alsa-lib/libasound_module_rate_speexrate.so
7f6351d8e000-7f6351d91000 r-xp 00001000 08:02 2097976                    /usr/lib/x86_64-linux-gnu/alsa-lib/libasound_module_rate_speexrate.so
7f6351d91000-7f6351d92000 r--p 00004000 08:02 2097976                    /usr/lib/x86_64-linux-gnu/alsa-lib/libasound_module_rate_speexrate.so
7f6351d92000-7f6351d93000 r--p 00004000 08:02 2097976                    /usr/lib/x86_64-linux-gnu/alsa-lib/libasound_module_rate_speexrate.so
7f6351d93000-7f6351d94000 rw-p 00005000 08:02 2097976                    /usr/lib/x86_64-linux-gnu/alsa-lib/libasound_module_rate_speexrate.so
7f6351d94000-7f6351d96000 r--p 00000000 08:02 2097967                    /usr/lib/x86_64-linux-gnu/alsa-lib/libasound_module_pcm_pulse.so
7f6351d96000-7f6351d99000 r-xp 00002000 08:02 2097967                    /usr/lib/x86_64-linux-gnu/alsa-lib/libasound_module_pcm_pulse.so
7f6351d99000-7f6351d9a000 r--p 00005000 08:02 2097967                    /usr/lib/x86_64-linux-gnu/alsa-lib/libasound_module_pcm_pulse.so
7f6351d9a000-7f6351d9b000 ---p 00006000 08:02 2097967                    /usr/lib/x86_64-linux-gnu/alsa-lib/libasound_module_pcm_pulse.so
7f6351d9b000-7f6351d9c000 r--p 00006000 08:02 2097967                    /usr/lib/x86_64-linux-gnu/alsa-lib/libasound_module_pcm_pulse.so
7f6351d9c000-7f6351d9d000 rw-p 00007000 08:02 2097967                    /usr/lib/x86_64-linux-gnu/alsa-lib/libasound_module_pcm_pulse.so
7f6351d9d000-7f6351da4000 r--s 00000000 08:02 2102563                    /usr/lib/x86_64-linux-gnu/gconv/gconv-modules.cache
7f6351da4000-7f6351da5000 r--p 00000000 08:02 1445799                    /usr/lib/x86_64-linux-gnu/libnss_dns-2.31.so
7f6351da5000-7f6351da9000 r-xp 00001000 08:02 1445799                    /usr/lib/x86_64-linux-gnu/libnss_dns-2.31.so
7f6351da9000-7f6351daa000 r--p 00005000 08:02 1445799                    /usr/lib/x86_64-linux-gnu/libnss_dns-2.31.so
7f6351daa000-7f6351dab000 r--p 00005000 08:02 1445799                    /usr/lib/x86_64-linux-gnu/libnss_dns-2.31.so
7f6351dab000-7f6351dac000 rw-p 00006000 08:02 1445799                    /usr/lib/x86_64-linux-gnu/libnss_dns-2.31.so
7f6351dac000-7f6351db0000 r--p 00000000 08:02 1445806                    /usr/lib/x86_64-linux-gnu/libresolv-2.31.so
7f6351db0000-7f6351dc0000 r-xp 00004000 08:02 1445806                    /usr/lib/x86_64-linux-gnu/libresolv-2.31.so
7f6351dc0000-7f6351dc4000 r--p 00014000 08:02 1445806                    /usr/lib/x86_64-linux-gnu/libresolv-2.31.so
7f6351dc4000-7f6351dc5000 r--p 00017000 08:02 1445806                    /usr/lib/x86_64-linux-gnu/libresolv-2.31.so
7f6351dc5000-7f6351dc6000 rw-p 00018000 08:02 1445806                    /usr/lib/x86_64-linux-gnu/libresolv-2.31.so
7f6351dc6000-7f6351dc8000 rw-p 00000000 00:00 0 
7f6351dc8000-7f6351dc9000 r--p 00000000 08:02 1449899                    /usr/lib/x86_64-linux-gnu/libnss_mdns4_minimal.so.2
7f6351dc9000-7f6351dcb000 r-xp 00001000 08:02 1449899                    /usr/lib/x86_64-linux-gnu/libnss_mdns4_minimal.so.2
7f6351dcb000-7f6351dcc000 r--p 00003000 08:02 1449899                    /usr/lib/x86_64-linux-gnu/libnss_mdns4_minimal.so.2
7f6351dcc000-7f6351dcd000 r--p 00003000 08:02 1449899                    /usr/lib/x86_64-linux-gnu/libnss_mdns4_minimal.so.2
7f6351dcd000-7f6351dce000 rw-p 00004000 08:02 1449899                    /usr/lib/x86_64-linux-gnu/libnss_mdns4_minimal.so.2
7f6351dce000-7f6351dd0000 r--p 00000000 08:02 2234013                    /usr/local/lib/libilbccodec.so.2
7f6351dd0000-7f6351dda000 r-xp 00002000 08:02 2234013                    /usr/local/lib/libilbccodec.so.2
7f6351dda000-7f6351ddc000 r--p 0000c000 08:02 2234013                    /usr/local/lib/libilbccodec.so.2
7f6351ddc000-7f6351ddd000 r--p 0000d000 08:02 2234013                    /usr/local/lib/libilbccodec.so.2
7f6351ddd000-7f6351ddf000 rw-p 0000e000 08:02 2234013                    /usr/local/lib/libilbccodec.so.2
7f6351ddf000-7f6351de0000 r--p 00000000 08:02 2234009                    /usr/local/lib/libgsmcodec.so.2
7f6351de0000-7f6351de8000 r-xp 00001000 08:02 2234009                    /usr/local/lib/libgsmcodec.so.2
7f6351de8000-7f6351de9000 r--p 00009000 08:02 2234009                    /usr/local/lib/libgsmcodec.so.2
7f6351de9000-7f6351dea000 r--p 00009000 08:02 2234009                    /usr/local/lib/libgsmcodec.so.2
7f6351dea000-7f6351deb000 rw-p 0000a000 08:02 2234009                    /usr/local/lib/libgsmcodec.so.2
7f6351deb000-7f6351e15000 r--p 00000000 08:02 1442673                    /usr/lib/x86_64-linux-gnu/libasound.so.2.0.0
7f6351e15000-7f6351ea4000 r-xp 0002a000 08:02 1442673                    /usr/lib/x86_64-linux-gnu/libasound.so.2.0.0
7f6351ea4000-7f6351ede000 r--p 000b9000 08:02 1442673                    /usr/lib/x86_64-linux-gnu/libasound.so.2.0.0
7f6351ede000-7f6351ee5000 r--p 000f2000 08:02 1442673                    /usr/lib/x86_64-linux-gnu/libasound.so.2.0.0
7f6351ee5000-7f6351ee6000 rw-p 000f9000 08:02 1442673                    /usr/lib/x86_64-linux-gnu/libasound.so.2.0.0
7f6351ee6000-7f6351ee8000 r--p 00000000 08:02 1442187                    /usr/lib/x86_64-linux-gnu/libuuid.so.1.3.0
7f6351ee8000-7f6351eec000 r-xp 00002000 08:02 1442187                    /usr/lib/x86_64-linux-gnu/libuuid.so.1.3.0
7f6351eec000-7f6351eed000 r--p 00006000 08:02 1442187                    /usr/lib/x86_64-linux-gnu/libuuid.so.1.3.0
7f6351eed000-7f6351eee000 r--p 00006000 08:02 1442187                    /usr/lib/x86_64-linux-gnu/libuuid.so.1.3.0
7f6351eee000-7f6351eef000 rw-p 00007000 08:02 1442187                    /usr/lib/x86_64-linux-gnu/libuuid.so.1.3.0
7f6351eef000-7f6351f0b000 r--p 00000000 08:02 1442739                    /usr/lib/x86_64-linux-gnu/libssl.so.1.1
7f6351f0b000-7f6351f5a000 r-xp 0001c000 08:02 1442739                    /usr/lib/x86_64-linux-gnu/libssl.so.1.1
7f6351f5a000-7f6351f74000 r--p 0006b000 08:02 1442739                    /usr/lib/x86_64-linux-gnu/libssl.so.1.1
7f6351f74000-7f6351f75000 ---p 00085000 08:02 1442739                    /usr/lib/x86_64-linux-gnu/libssl.so.1.1
7f6351f75000-7f6351f7e000 r--p 00085000 08:02 1442739                    /usr/lib/x86_64-linux-gnu/libssl.so.1.1
7f6351f7e000-7f6351f82000 rw-p 0008e000 08:02 1442739                    /usr/lib/x86_64-linux-gnu/libssl.so.1.1
7f6351f82000-7f6351f88000 r--p 00000000 08:02 2234019                    /usr/local/lib/libwebrtc.so.2
7f6351f88000-7f6351fa1000 r-xp 00006000 08:02 2234019                    /usr/local/lib/libwebrtc.so.2
7f6351fa1000-7f6351fa9000 r--p 0001f000 08:02 2234019                    /usr/local/lib/libwebrtc.so.2
7f6351fa9000-7f6351faa000 r--p 00026000 08:02 2234019                    /usr/local/lib/libwebrtc.so.2
7f6351faa000-7f6351fab000 rw-p 00027000 08:02 2234019                    /usr/local/lib/libwebrtc.so.2
7f6351fab000-7f6351fb1000 r--p 00000000 08:02 2234011                    /usr/local/lib/libspeex.so.2
7f6351fb1000-7f6351fcf000 r-xp 00006000 08:02 2234011                    /usr/local/lib/libspeex.so.2
7f6351fcf000-7f6351fd7000 r--p 00024000 08:02 2234011                    /usr/local/lib/libspeex.so.2
7f6351fd7000-7f6351fd8000 ---p 0002c000 08:02 2234011                    /usr/local/lib/libspeex.so.2
7f6351fd8000-7f6351fd9000 r--p 0002c000 08:02 2234011                    /usr/local/lib/libspeex.so.2
7f6351fd9000-7f6351fda000 rw-p 0002d000 08:02 2234011                    /usr/local/lib/libspeex.so.2
7f6351fda000-7f6351fdb000 r--p 00000000 08:02 2234007                    /usr/local/lib/libresample.so.2
7f6351fdb000-7f6351fdc000 r-xp 00001000 08:02 2234007                    /usr/local/lib/libresample.so.2
7f6351fdc000-7f6351fe7000 r--p 00002000 08:02 2234007                    /usr/local/lib/libresample.so.2
7f6351fe7000-7f6351fe8000 r--p 0000c000 08:02 2234007                    /usr/local/lib/libresample.so.2
7f6351fe8000-7f6351fe9000 rw-p 0000d000 08:02 2234007                    /usr/local/lib/libresample.so.2
7f6351fe9000-7f6351fee000 r--p 00000000 08:02 2234005                    /usr/local/lib/libsrtp.so.2
7f6351fee000-7f6351ff9000 r-xp 00005000 08:02 2234005                    /usr/local/lib/libsrtp.so.2
7f6351ff9000-7f6351ffd000 r--p 00010000 08:02 2234005                    /usr/local/lib/libsrtp.so.2
7f6351ffd000-7f6351ffe000 r--p 00013000 08:02 2234005                    /usr/local/lib/libsrtp.so.2
7f6351ffe000-7f6351fff000 rw-p 00014000 08:02 2234005                    /usr/local/lib/libsrtp.so.2
7f6351fff000-7f6352077000 r--p 00000000 08:02 1442284                    /usr/lib/x86_64-linux-gnu/libcrypto.so.1.1
7f6352077000-7f6352212000 r-xp 00078000 08:02 1442284                    /usr/lib/x86_64-linux-gnu/libcrypto.so.1.1
7f6352212000-7f63522a3000 r--p 00213000 08:02 1442284                    /usr/lib/x86_64-linux-gnu/libcrypto.so.1.1
7f63522a3000-7f63522cf000 r--p 002a3000 08:02 1442284                    /usr/lib/x86_64-linux-gnu/libcrypto.so.1.1
7f63522cf000-7f63522d1000 rw-p 002cf000 08:02 1442284                    /usr/lib/x86_64-linux-gnu/libcrypto.so.1.1
7f63522d1000-7f63522d5000 rw-p 00000000 00:00 0 
7f63522d5000-7f63522dd000 r--p 00000000 08:02 2234039                    /usr/local/lib/libpjnath.so.2
7f63522dd000-7f63522fb000 r-xp 00008000 08:02 2234039                    /usr/local/lib/libpjnath.so.2
7f63522fb000-7f6352307000 r--p 00026000 08:02 2234039                    /usr/local/lib/libpjnath.so.2
7f6352307000-7f6352308000 r--p 00031000 08:02 2234039                    /usr/local/lib/libpjnath.so.2
7f6352308000-7f635230a000 rw-p 00032000 08:02 2234039                    /usr/local/lib/libpjnath.so.2
7f635230a000-7f635230d000 r--p 00000000 08:02 2234031                    /usr/local/lib/libpjmedia-codec.so.2
7f635230d000-7f6352315000 r-xp 00003000 08:02 2234031                    /usr/local/lib/libpjmedia-codec.so.2
7f6352315000-7f6352318000 r--p 0000b000 08:02 2234031                    /usr/local/lib/libpjmedia-codec.so.2
7f6352318000-7f6352319000 r--p 0000d000 08:02 2234031                    /usr/local/lib/libpjmedia-codec.so.2
7f6352319000-7f635231a000 rw-p 0000e000 08:02 2234031                    /usr/local/lib/libpjmedia-codec.so.2
7f635231a000-7f6352320000 r--p 00000000 08:02 2234025                    /usr/local/lib/libpjsip-ua.so.2
7f6352320000-7f6352332000 r-xp 00006000 08:02 2234025                    /usr/local/lib/libpjsip-ua.so.2
7f6352332000-7f6352338000 r--p 00018000 08:02 2234025                    /usr/local/lib/libpjsip-ua.so.2
7f6352338000-7f6352339000 r--p 0001d000 08:02 2234025                    /usr/local/lib/libpjsip-ua.so.2
7f6352339000-7f635233a000 rw-p 0001e000 08:02 2234025                    /usr/local/lib/libpjsip-ua.so.2
7f635233a000-7f6352346000 r--p 00000000 08:02 2234043                    /usr/local/lib/libpj.so.2
7f6352346000-7f6352364000 r-xp 0000c000 08:02 2234043                    /usr/local/lib/libpj.so.2
7f6352364000-7f635236f000 r--p 0002a000 08:02 2234043                    /usr/local/lib/libpj.so.2
7f635236f000-7f6352370000 ---p 00035000 08:02 2234043                    /usr/local/lib/libpj.so.2
7f6352370000-7f6352371000 r--p 00035000 08:02 2234043                    /usr/local/lib/libpj.so.2
7f6352371000-7f6352372000 rw-p 00036000 08:02 2234043                    /usr/local/lib/libpj.so.2
7f6352372000-7f6352374000 rw-p 00000000 00:00 0 
7f6352374000-7f635237b000 r--p 00000000 08:02 2234041                    /usr/local/lib/libpjlib-util.so.2
7f635237b000-7f6352395000 r-xp 00007000 08:02 2234041                    /usr/local/lib/libpjlib-util.so.2
7f6352395000-7f635239d000 r--p 00021000 08:02 2234041                    /usr/local/lib/libpjlib-util.so.2
7f635239d000-7f635239e000 r--p 00028000 08:02 2234041                    /usr/local/lib/libpjlib-util.so.2
7f635239e000-7f635239f000 rw-p 00029000 08:02 2234041                    /usr/local/lib/libpjlib-util.so.2
7f635239f000-7f63523ad000 r--p 00000000 08:02 2234035                    /usr/local/lib/libpjmedia.so.2
7f63523ad000-7f63523e5000 r-xp 0000e000 08:02 2234035                    /usr/local/lib/libpjmedia.so.2
7f63523e5000-7f6352402000 r--p 00046000 08:02 2234035                    /usr/local/lib/libpjmedia.so.2
7f6352402000-7f6352403000 ---p 00063000 08:02 2234035                    /usr/local/lib/libpjmedia.so.2
7f6352403000-7f6352404000 r--p 00063000 08:02 2234035                    /usr/local/lib/libpjmedia.so.2
7f6352404000-7f6352406000 rw-p 00064000 08:02 2234035                    /usr/local/lib/libpjmedia.so.2
7f6352406000-7f6352407000 rw-p 00000000 00:00 0 
7f6352407000-7f6352415000 r--p 00000000 08:02 2234029                    /usr/local/lib/libpjsip.so.2
7f6352415000-7f6352445000 r-xp 0000e000 08:02 2234029                    /usr/local/lib/libpjsip.so.2
7f6352445000-7f6352456000 r--p 0003e000 08:02 2234029                    /usr/local/lib/libpjsip.so.2
7f6352456000-7f6352458000 r--p 0004e000 08:02 2234029                    /usr/local/lib/libpjsip.so.2
7f6352458000-7f635245a000 rw-p 00050000 08:02 2234029                    /usr/local/lib/libpjsip.so.2
7f635245a000-7f635245f000 rw-p 00000000 00:00 0 
7f635245f000-7f635246d000 r--p 00000000 08:02 2234023                    /usr/local/lib/libpjsua.so.2
7f635246d000-7f63524a2000 r-xp 0000e000 08:02 2234023                    /usr/local/lib/libpjsua.so.2
7f63524a2000-7f63524af000 r--p 00043000 08:02 2234023                    /usr/local/lib/libpjsua.so.2
7f63524af000-7f63524b0000 r--p 0004f000 08:02 2234023                    /usr/local/lib/libpjsua.so.2
7f63524b0000-7f63524b2000 rw-p 00050000 08:02 2234023                    /usr/local/lib/libpjsua.so.2
7f63524b2000-7f6352594000 rw-p 00000000 00:00 0 
7f6352594000-7f63525b0000 r--p 00000000 08:02 2234021                    /usr/local/lib/libpjsua2.so.2
7f63525b0000-7f6352604000 r-xp 0001c000 08:02 2234021                    /usr/local/lib/libpjsua2.so.2
7f6352604000-7f6352619000 r--p 00070000 08:02 2234021                    /usr/local/lib/libpjsua2.so.2
7f6352619000-7f635261b000 r--p 00084000 08:02 2234021                    /usr/local/lib/libpjsua2.so.2
7f635261b000-7f635261d000 rw-p 00086000 08:02 2234021                    /usr/local/lib/libpjsua2.so.2
7f635261d000-7f635266c000 r--p 00000000 08:02 3937548                    /home/user/NetBeansProjects/pjsau/src/pjsau/Sofile/libpjsua2.so
7f635266c000-7f63526f8000 r-xp 0004f000 08:02 3937548                    /home/user/NetBeansProjects/pjsau/src/pjsau/Sofile/libpjsua2.so
7f63526f8000-7f635272e000 r--p 000db000 08:02 3937548                    /home/user/NetBeansProjects/pjsau/src/pjsau/Sofile/libpjsua2.so
7f635272e000-7f635272f000 ---p 00111000 08:02 3937548                    /home/user/NetBeansProjects/pjsau/src/pjsau/Sofile/libpjsua2.so
7f635272f000-7f6352730000 r--p 00111000 08:02 3937548                    /home/user/NetBeansProjects/pjsau/src/pjsau/Sofile/libpjsua2.so
7f6352730000-7f6352732000 rw-p 00112000 08:02 3937548                    /home/user/NetBeansProjects/pjsau/src/pjsau/Sofile/libpjsua2.so
7f6352732000-7f63527c8000 r--p 00000000 08:02 1450209                    /usr/lib/x86_64-linux-gnu/libstdc++.so.6.0.28
7f63527c8000-7f63528b9000 r-xp 00096000 08:02 1450209                    /usr/lib/x86_64-linux-gnu/libstdc++.so.6.0.28
7f63528b9000-7f6352902000 r--p 00187000 08:02 1450209                    /usr/lib/x86_64-linux-gnu/libstdc++.so.6.0.28
7f6352902000-7f6352903000 ---p 001d0000 08:02 1450209                    /usr/lib/x86_64-linux-gnu/libstdc++.so.6.0.28
7f6352903000-7f635290e000 r--p 001d0000 08:02 1450209                    /usr/lib/x86_64-linux-gnu/libstdc++.so.6.0.28
7f635290e000-7f6352911000 rw-p 001db000 08:02 1450209                    /usr/lib/x86_64-linux-gnu/libstdc++.so.6.0.28
7f6352911000-7f6352914000 rw-p 00000000 00:00 0 
7f6352914000-7f6352a7d000 r-xp 00000000 08:02 5921502                    /home/user/NetBeansProjects/pjsau/src/pjsau/Sofile/libopenh264.so
7f6352a7d000-7f6352c7d000 ---p 00169000 08:02 5921502                    /home/user/NetBeansProjects/pjsau/src/pjsau/Sofile/libopenh264.so
7f6352c7d000-7f6352c80000 r--p 00169000 08:02 5921502                    /home/user/NetBeansProjects/pjsau/src/pjsau/Sofile/libopenh264.so
7f6352c80000-7f6352c82000 rw-p 0016c000 08:02 5921502                    /home/user/NetBeansProjects/pjsau/src/pjsau/Sofile/libopenh264.so
7f6352c82000-7f6352c83000 ---p 00000000 00:00 0 
7f6352c83000-7f6352d83000 rw-p 00000000 00:00 0 
7f6352d83000-7f6352d86000 ---p 00000000 00:00 0 
7f6352d86000-7f6352e84000 rw-p 00000000 00:00 0 
7f6352e84000-7f6352e85000 ---p 00000000 00:00 0 
7f6352e85000-7f6352e88000 ---p 00000000 00:00 0 
7f6352e88000-7f6352f85000 rw-p 00000000 00:00 0 
7f6352f85000-7f6352f86000 ---p 00000000 00:00 0 
7f6352f86000-7f6352f89000 ---p 00000000 00:00 0 
7f6352f89000-7f6353086000 rw-p 00000000 00:00 0 
7f6353086000-7f6353087000 ---p 00000000 00:00 0 
7f6353087000-7f635308a000 ---p 00000000 00:00 0 
7f635308a000-7f6353187000 rw-p 00000000 00:00 0 
7f6353187000-7f635318a000 ---p 00000000 00:00 0 
7f635318a000-7f6353288000 rw-p 00000000 00:00 0 
7f6353288000-7f63537f8000 r--p 00000000 08:02 1444832                    /usr/lib/locale/locale-archive
7f63537f8000-7f63537fb000 ---p 00000000 00:00 0 
7f63537fb000-7f63538f9000 rw-p 00000000 00:00 0 
7f63538f9000-7f63538fc000 ---p 00000000 00:00 0 
7f63538fc000-7f63539fa000 rw-p 00000000 00:00 0 
7f63539fa000-7f63539fb000 ---p 00000000 00:00 0 
7f63539fb000-7f6354000000 rw-p 00000000 00:00 0 
7f6354000000-7f6354021000 rw-p 00000000 00:00 0 
7f6354021000-7f6358000000 ---p 00000000 00:00 0 
7f6358000000-7f6358021000 rw-p 00000000 00:00 0 
7f6358021000-7f635c000000 ---p 00000000 00:00 0 
7f635c000000-7f635c021000 rw-p 00000000 00:00 0 
7f635c021000-7f6360000000 ---p 00000000 00:00 0 
7f6360001000-7f6360003000 r--p 00000000 08:02 2234037                    /usr/local/lib/libpjmedia-audiodev.so.2
7f6360003000-7f6360007000 r-xp 00002000 08:02 2234037                    /usr/local/lib/libpjmedia-audiodev.so.2
7f6360007000-7f6360008000 r--p 00006000 08:02 2234037                    /usr/local/lib/libpjmedia-audiodev.so.2
7f6360008000-7f6360009000 ---p 00007000 08:02 2234037                    /usr/local/lib/libpjmedia-audiodev.so.2
7f6360009000-7f636000a000 r--p 00007000 08:02 2234037                    /usr/local/lib/libpjmedia-audiodev.so.2
7f636000a000-7f636000b000 rw-p 00008000 08:02 2234037                    /usr/local/lib/libpjmedia-audiodev.so.2
7f636000b000-7f6360011000 r--p 00000000 08:02 2234027                    /usr/local/lib/libpjsip-simple.so.2
7f6360011000-7f636001c000 r-xp 00006000 08:02 2234027                    /usr/local/lib/libpjsip-simple.so.2
7f636001c000-7f6360020000 r--p 00011000 08:02 2234027                    /usr/local/lib/libpjsip-simple.so.2
7f6360020000-7f6360021000 ---p 00015000 08:02 2234027                    /usr/local/lib/libpjsip-simple.so.2
7f6360021000-7f6360022000 r--p 00015000 08:02 2234027                    /usr/local/lib/libpjsip-simple.so.2
7f6360022000-7f6360023000 rw-p 00016000 08:02 2234027                    /usr/local/lib/libpjsip-simple.so.2
7f6360023000-7f6360025000 r--p 00000000 08:02 1448951                    /usr/lib/x86_64-linux-gnu/libXdmcp.so.6.0.0
7f6360025000-7f6360027000 r-xp 00002000 08:02 1448951                    /usr/lib/x86_64-linux-gnu/libXdmcp.so.6.0.0
7f6360027000-7f6360029000 r--p 00004000 08:02 1448951                    /usr/lib/x86_64-linux-gnu/libXdmcp.so.6.0.0
7f6360029000-7f636002a000 r--p 00005000 08:02 1448951                    /usr/lib/x86_64-linux-gnu/libXdmcp.so.6.0.0
7f636002a000-7f636002b000 rw-p 00006000 08:02 1448951                    /usr/lib/x86_64-linux-gnu/libXdmcp.so.6.0.0
7f636002b000-7f636002c000 r--p 00000000 08:02 1448940                    /usr/lib/x86_64-linux-gnu/libXau.so.6.0.0
7f636002c000-7f636002e000 r-xp 00001000 08:02 1448940                    /usr/lib/x86_64-linux-gnu/libXau.so.6.0.0
7f636002e000-7f636002f000 r--p 00003000 08:02 1448940                    /usr/lib/x86_64-linux-gnu/libXau.so.6.0.0
7f636002f000-7f6360030000 r--p 00003000 08:02 1448940                    /usr/lib/x86_64-linux-gnu/libXau.so.6.0.0
7f6360030000-7f6360031000 rw-p 00004000 08:02 1448940                    /usr/lib/x86_64-linux-gnu/libXau.so.6.0.0
7f6360031000-7f6360034000 r--p 00000000 08:02 1450402                    /usr/lib/x86_64-linux-gnu/libwrap.so.0.7.6
7f6360034000-7f6360039000 r-xp 00003000 08:02 1450402                    /usr/lib/x86_64-linux-gnu/libwrap.so.0.7.6
7f6360039000-7f636003b000 r--p 00008000 08:02 1450402                    /usr/lib/x86_64-linux-gnu/libwrap.so.0.7.6
7f636003b000-7f636003c000 r--p 00009000 08:02 1450402                    /usr/lib/x86_64-linux-gnu/libwrap.so.0.7.6
7f636003c000-7f636003d000 rw-p 0000a000 08:02 1450402                    /usr/lib/x86_64-linux-gnu/libwrap.so.0.7.6
7f636003d000-7f636003e000 r--p 00000000 08:02 2097971                    /usr/lib/x86_64-linux-gnu/alsa-lib/libasound_module_rate_samplerate.so
7f636003e000-7f636003f000 r-xp 00001000 08:02 2097971                    /usr/lib/x86_64-linux-gnu/alsa-lib/libasound_module_rate_samplerate.so
7f636003f000-7f6360040000 r--p 00002000 08:02 2097971                    /usr/lib/x86_64-linux-gnu/alsa-lib/libasound_module_rate_samplerate.so
7f6360040000-7f6360041000 r--p 00002000 08:02 2097971                    /usr/lib/x86_64-linux-gnu/alsa-lib/libasound_module_rate_samplerate.so
7f6360041000-7f6360042000 rw-p 00003000 08:02 2097971                    /usr/lib/x86_64-linux-gnu/alsa-lib/libasound_module_rate_samplerate.so
7f6360042000-7f6360f90000 rw-p 00000000 00:00 0 
7f6360f90000-7f63612d0000 ---p 00000000 00:00 0 
7f63612d0000-7f6365000000 rw-p 00000000 00:00 0 
7f6365000000-7f6365270000 rwxp 00000000 00:00 0 
7f6365270000-7f6374000000 ---p 00000000 00:00 0 
7f6374000000-7f63742a2000 rw-p 00000000 00:00 0 
7f63742a2000-7f6378000000 ---p 00000000 00:00 0 
7f6378000000-7f6378003000 r--p 00000000 08:02 1449406                    /usr/lib/x86_64-linux-gnu/libgcc_s.so.1
7f6378003000-7f6378015000 r-xp 00003000 08:02 1449406                    /usr/lib/x86_64-linux-gnu/libgcc_s.so.1
7f6378015000-7f6378019000 r--p 00015000 08:02 1449406                    /usr/lib/x86_64-linux-gnu/libgcc_s.so.1
7f6378019000-7f637801a000 r--p 00018000 08:02 1449406                    /usr/lib/x86_64-linux-gnu/libgcc_s.so.1
7f637801a000-7f637801b000 rw-p 00019000 08:02 1449406                    /usr/lib/x86_64-linux-gnu/libgcc_s.so.1
7f637801b000-7f637808c000 rw-p 00000000 00:00 0 
7f637808c000-7f637826c000 r--s 03ea1000 08:02 5380617                    /home/user/software/jdk1.8.0_331/jre/lib/rt.jar
7f637826c000-7f637875f000 rw-p 00000000 00:00 0 
7f637875f000-7f6378760000 ---p 00000000 00:00 0 
7f6378760000-7f6378860000 rw-p 00000000 00:00 0 
7f6378860000-7f6378861000 ---p 00000000 00:00 0 
7f6378861000-7f6378961000 rw-p 00000000 00:00 0 
7f6378961000-7f6378962000 ---p 00000000 00:00 0 
7f6378962000-7f6378a62000 rw-p 00000000 00:00 0 
7f6378a62000-7f6378a63000 ---p 00000000 00:00 0 
7f6378a63000-7f6378b8d000 rw-p 00000000 00:00 0 
7f6378b8d000-7f6378df0000 ---p 00000000 00:00 0 
7f6378df0000-7f6378e1a000 rw-p 00000000 00:00 0 
7f6378e1a000-7f637907c000 ---p 00000000 00:00 0 
7f637907c000-7f6379092000 rw-p 00000000 00:00 0 
7f6379092000-7f63791c3000 ---p 00000000 00:00 0 
7f63791c3000-7f63791ce000 rw-p 00000000 00:00 0 
7f63791ce000-7f6379584000 ---p 00000000 00:00 0 
7f6379584000-7f637959f000 r-xp 00000000 08:02 5380501                    /home/user/software/jdk1.8.0_331/jre/lib/amd64/libzip.so
7f637959f000-7f637979e000 ---p 0001b000 08:02 5380501                    /home/user/software/jdk1.8.0_331/jre/lib/amd64/libzip.so
7f637979e000-7f637979f000 r--p 0001a000 08:02 5380501                    /home/user/software/jdk1.8.0_331/jre/lib/amd64/libzip.so
7f637979f000-7f63797a0000 rw-p 0001b000 08:02 5380501                    /home/user/software/jdk1.8.0_331/jre/lib/amd64/libzip.so
7f63797a0000-7f63797cd000 r-xp 00000000 08:02 5380498                    /home/user/software/jdk1.8.0_331/jre/lib/amd64/libjava.so
7f63797cd000-7f63799cc000 ---p 0002d000 08:02 5380498                    /home/user/software/jdk1.8.0_331/jre/lib/amd64/libjava.so
7f63799cc000-7f63799cd000 r--p 0002c000 08:02 5380498                    /home/user/software/jdk1.8.0_331/jre/lib/amd64/libjava.so
7f63799cd000-7f63799cf000 rw-p 0002d000 08:02 5380498                    /home/user/software/jdk1.8.0_331/jre/lib/amd64/libjava.so
7f63799cf000-7f63799dc000 r-xp 00000000 08:02 5380487                    /home/user/software/jdk1.8.0_331/jre/lib/amd64/libverify.so
7f63799dc000-7f6379bdb000 ---p 0000d000 08:02 5380487                    /home/user/software/jdk1.8.0_331/jre/lib/amd64/libverify.so
7f6379bdb000-7f6379bdd000 r--p 0000c000 08:02 5380487                    /home/user/software/jdk1.8.0_331/jre/lib/amd64/libverify.so
7f6379bdd000-7f6379bde000 rw-p 0000e000 08:02 5380487                    /home/user/software/jdk1.8.0_331/jre/lib/amd64/libverify.so
7f6379bde000-7f6379be0000 r--p 00000000 08:02 1445807                    /usr/lib/x86_64-linux-gnu/librt-2.31.so
7f6379be0000-7f6379be4000 r-xp 00002000 08:02 1445807                    /usr/lib/x86_64-linux-gnu/librt-2.31.so
7f6379be4000-7f6379be6000 r--p 00006000 08:02 1445807                    /usr/lib/x86_64-linux-gnu/librt-2.31.so
7f6379be6000-7f6379be7000 r--p 00007000 08:02 1445807                    /usr/lib/x86_64-linux-gnu/librt-2.31.so
7f6379be7000-7f6379be8000 rw-p 00008000 08:02 1445807                    /usr/lib/x86_64-linux-gnu/librt-2.31.so
7f6379be8000-7f6379be9000 ---p 00000000 00:00 0 
7f6379be9000-7f6379bec000 ---p 00000000 00:00 0 
7f6379bec000-7f6379ce9000 rw-p 00000000 00:00 0 
7f6379ce9000-7f6379cf6000 r--p 00000000 08:02 1445794                    /usr/lib/x86_64-linux-gnu/libm-2.31.so
7f6379cf6000-7f6379d9d000 r-xp 0000d000 08:02 1445794                    /usr/lib/x86_64-linux-gnu/libm-2.31.so
7f6379d9d000-7f6379e36000 r--p 000b4000 08:02 1445794                    /usr/lib/x86_64-linux-gnu/libm-2.31.so
7f6379e36000-7f6379e37000 r--p 0014c000 08:02 1445794                    /usr/lib/x86_64-linux-gnu/libm-2.31.so
7f6379e37000-7f6379e38000 rw-p 0014d000 08:02 1445794                    /usr/lib/x86_64-linux-gnu/libm-2.31.so
7f6379e38000-7f637ab30000 r-xp 00000000 08:02 5380480                    /home/user/software/jdk1.8.0_331/jre/lib/amd64/server/libjvm.so
7f637ab30000-7f637ad2f000 ---p 00cf8000 08:02 5380480                    /home/user/software/jdk1.8.0_331/jre/lib/amd64/server/libjvm.so
7f637ad2f000-7f637adc5000 r--p 00cf7000 08:02 5380480                    /home/user/software/jdk1.8.0_331/jre/lib/amd64/server/libjvm.so
7f637adc5000-7f637adf6000 rw-p 00d8d000 08:02 5380480                    /home/user/software/jdk1.8.0_331/jre/lib/amd64/server/libjvm.so
7f637adf6000-7f637ae33000 rw-p 00000000 00:00 0 
7f637ae33000-7f637ae55000 r--p 00000000 08:02 1445792                    /usr/lib/x86_64-linux-gnu/libc-2.31.so
7f637ae55000-7f637afcd000 r-xp 00022000 08:02 1445792                    /usr/lib/x86_64-linux-gnu/libc-2.31.so
7f637afcd000-7f637b01b000 r--p 0019a000 08:02 1445792                    /usr/lib/x86_64-linux-gnu/libc-2.31.so
7f637b01b000-7f637b01f000 r--p 001e7000 08:02 1445792                    /usr/lib/x86_64-linux-gnu/libc-2.31.so
7f637b01f000-7f637b021000 rw-p 001eb000 08:02 1445792                    /usr/lib/x86_64-linux-gnu/libc-2.31.so
7f637b021000-7f637b025000 rw-p 00000000 00:00 0 
7f637b025000-7f637b026000 r--p 00000000 08:02 1445793                    /usr/lib/x86_64-linux-gnu/libdl-2.31.so
7f637b026000-7f637b028000 r-xp 00001000 08:02 1445793                    /usr/lib/x86_64-linux-gnu/libdl-2.31.so
7f637b028000-7f637b029000 r--p 00003000 08:02 1445793                    /usr/lib/x86_64-linux-gnu/libdl-2.31.so
7f637b029000-7f637b02a000 r--p 00003000 08:02 1445793                    /usr/lib/x86_64-linux-gnu/libdl-2.31.so
7f637b02a000-7f637b02b000 rw-p 00004000 08:02 1445793                    /usr/lib/x86_64-linux-gnu/libdl-2.31.so
7f637b02b000-7f637b042000 r-xp 00000000 08:02 9965144                    /home/user/software/jdk1.8.0_331/lib/amd64/jli/libjli.so
7f637b042000-7f637b241000 ---p 00017000 08:02 9965144                    /home/user/software/jdk1.8.0_331/lib/amd64/jli/libjli.so
7f637b241000-7f637b242000 r--p 00016000 08:02 9965144                    /home/user/software/jdk1.8.0_331/lib/amd64/jli/libjli.so
7f637b242000-7f637b243000 rw-p 00017000 08:02 9965144                    /home/user/software/jdk1.8.0_331/lib/amd64/jli/libjli.so
7f637b243000-7f637b249000 r--p 00000000 08:02 1445805                    /usr/lib/x86_64-linux-gnu/libpthread-2.31.so
7f637b249000-7f637b25a000 r-xp 00006000 08:02 1445805                    /usr/lib/x86_64-linux-gnu/libpthread-2.31.so
7f637b25a000-7f637b260000 r--p 00017000 08:02 1445805                    /usr/lib/x86_64-linux-gnu/libpthread-2.31.so
7f637b260000-7f637b261000 r--p 0001c000 08:02 1445805                    /usr/lib/x86_64-linux-gnu/libpthread-2.31.so
7f637b261000-7f637b262000 rw-p 0001d000 08:02 1445805                    /usr/lib/x86_64-linux-gnu/libpthread-2.31.so
7f637b262000-7f637b266000 rw-p 00000000 00:00 0 
7f637b268000-7f637b270000 rw-s 00000000 08:02 10618436                   /tmp/hsperfdata_user/14613
7f637b270000-7f637b273000 r--p 00000000 08:02 1445800                    /usr/lib/x86_64-linux-gnu/libnss_files-2.31.so
7f637b273000-7f637b27a000 r-xp 00003000 08:02 1445800                    /usr/lib/x86_64-linux-gnu/libnss_files-2.31.so
7f637b27a000-7f637b27c000 r--p 0000a000 08:02 1445800                    /usr/lib/x86_64-linux-gnu/libnss_files-2.31.so
7f637b27c000-7f637b27d000 r--p 0000b000 08:02 1445800                    /usr/lib/x86_64-linux-gnu/libnss_files-2.31.so
7f637b27d000-7f637b27e000 rw-p 0000c000 08:02 1445800                    /usr/lib/x86_64-linux-gnu/libnss_files-2.31.so
7f637b27e000-7f637b287000 rw-p 00000000 00:00 0 
7f637b287000-7f637b288000 r--p 00000000 08:02 1445788                    /usr/lib/x86_64-linux-gnu/ld-2.31.so
7f637b288000-7f637b2ab000 r-xp 00001000 08:02 1445788                    /usr/lib/x86_64-linux-gnu/ld-2.31.so
7f637b2ab000-7f637b2b3000 r--p 00024000 08:02 1445788                    /usr/lib/x86_64-linux-gnu/ld-2.31.so
7f637b2b3000-7f637b2b4000 r--p 00000000 00:00 0 
7f637b2b4000-7f637b2b5000 r--p 0002c000 08:02 1445788                    /usr/lib/x86_64-linux-gnu/ld-2.31.so
7f637b2b5000-7f637b2b6000 rw-p 0002d000 08:02 1445788                    /usr/lib/x86_64-linux-gnu/ld-2.31.so
7f637b2b6000-7f637b2b7000 rw-p 00000000 00:00 0 
7fff60d9e000-7fff60dbf000 rw-p 00000000 00:00 0                          [stack]
7fff60dd4000-7fff60dd8000 r--p 00000000 00:00 0                          [vvar]
7fff60dd8000-7fff60dda000 r-xp 00000000 00:00 0                          [vdso]
ffffffffff600000-ffffffffff601000 --xp 00000000 00:00 0                  [vsyscall]

VM Arguments:
jvm_args: -Dfile.encoding=UTF-8 -Djava.library.path=/home/user/NetBeansProjects/pjsau/src/pjsau/Sofile/ 
java_command: pjsau.Pjsau
java_class_path (initial): /home/user/Downloads/pjproject-2.12.1/pjsip-apps/src/swig/java/output:/home/user/NetBeansProjects/pjsau/build/classes
Launcher Type: SUN_STANDARD

Environment Variables:
PATH=/home/user/.local/bin:/usr/local/sbin:/usr/local/bin:/usr/sbin:/usr/bin:/sbin:/bin:/usr/games:/usr/local/games:/snap/bin
USERNAME=user
SHELL=/bin/bash
DISPLAY=:0

Signal Handlers:
SIGSEGV: [libjvm.so+0xae0f60], sa_mask[0]=11111111011111111101111111111110, sa_flags=SA_RESTART|SA_SIGINFO
SIGBUS: [libjvm.so+0xae0f60], sa_mask[0]=11111111011111111101111111111110, sa_flags=SA_RESTART|SA_SIGINFO
SIGFPE: [libjvm.so+0xae0f60], sa_mask[0]=11111111011111111101111111111110, sa_flags=SA_RESTART|SA_SIGINFO
SIGPIPE: [libjvm.so+0x915120], sa_mask[0]=11111111011111111101111111111110, sa_flags=SA_RESTART|SA_SIGINFO
SIGXFSZ: [libjvm.so+0x915120], sa_mask[0]=11111111011111111101111111111110, sa_flags=SA_RESTART|SA_SIGINFO
SIGILL: [libjvm.so+0xae0f60], sa_mask[0]=11111111011111111101111111111110, sa_flags=SA_RESTART|SA_SIGINFO
SIGUSR1: SIG_DFL, sa_mask[0]=00000000000000000000000000000000, sa_flags=none
SIGUSR2: [libjvm.so+0x914ff0], sa_mask[0]=00100000000000000000000000000000, sa_flags=SA_RESTART|SA_SIGINFO
SIGHUP: [libjvm.so+0x915610], sa_mask[0]=11111111011111111101111111111110, sa_flags=SA_RESTART|SA_SIGINFO
SIGINT: SIG_IGN, sa_mask[0]=00000000000000000000000000000000, sa_flags=none
SIGTERM: [libjvm.so+0x915610], sa_mask[0]=11111111011111111101111111111110, sa_flags=SA_RESTART|SA_SIGINFO
SIGQUIT: [libjvm.so+0x915610], sa_mask[0]=11111111011111111101111111111110, sa_flags=SA_RESTART|SA_SIGINFO


---------------  S Y S T E M  ---------------

OS:DISTRIB_ID=Ubuntu
DISTRIB_RELEASE=20.04
DISTRIB_CODENAME=focal
DISTRIB_DESCRIPTION="Ubuntu 20.04.4 LTS"

uname:Linux 5.13.0-52-generic #59~20.04.1-Ubuntu SMP Thu Jun 16 21:21:28 UTC 2022 x86_64
libc:glibc 2.31 NPTL 2.31 
rlimit: STACK 8192k, CORE 0k, NPROC 31037, NOFILE 1048576, AS infinity
load average:1.15 1.06 0.88

/proc/meminfo:
MemTotal:        8017192 kB
MemFree:          203836 kB
MemAvailable:    2367004 kB
Buffers:          218988 kB
Cached:          2472284 kB
SwapCached:            0 kB
Active:          1140752 kB
Inactive:        6071648 kB
Active(anon):       4972 kB
Inactive(anon):  4961852 kB
Active(file):    1135780 kB
Inactive(file):  1109796 kB
Unevictable:      105284 kB
Mlocked:              16 kB
SwapTotal:       3999740 kB
SwapFree:        3998192 kB
Dirty:               852 kB
Writeback:             0 kB
AnonPages:       4626456 kB
Mapped:           613376 kB
Shmem:            452448 kB
KReclaimable:     221644 kB
Slab:             364512 kB
SReclaimable:     221644 kB
SUnreclaim:       142868 kB
KernelStack:       18656 kB
PageTables:        39760 kB
NFS_Unstable:          0 kB
Bounce:                0 kB
WritebackTmp:          0 kB
CommitLimit:     8008336 kB
Committed_AS:   10067184 kB
VmallocTotal:   34359738367 kB
VmallocUsed:       43848 kB
VmallocChunk:          0 kB
Percpu:             4128 kB
HardwareCorrupted:     0 kB
AnonHugePages:         0 kB
ShmemHugePages:        0 kB
ShmemPmdMapped:        0 kB
FileHugePages:         0 kB
FilePmdMapped:         0 kB
HugePages_Total:       0
HugePages_Free:        0
HugePages_Rsvd:        0
HugePages_Surp:        0
Hugepagesize:       2048 kB
Hugetlb:               0 kB
DirectMap4k:      319904 kB
DirectMap2M:     7944192 kB
DirectMap1G:           0 kB

container (cgroup) information:
container_type: cgroupv1
cpu_cpuset_cpus: 0-3
cpu_memory_nodes: 0
active_processor_count: 4
cpu_quota: -1
cpu_period: 100000
cpu_shares: -1
memory_limit_in_bytes: -1
memory_and_swap_limit_in_bytes: -1
memory_soft_limit_in_bytes: -1
memory_usage_in_bytes: 5952155648
memory_max_usage_in_bytes: 6023819264


CPU:total 4 (initial active 4) (4 cores per cpu, 1 threads per core) family 6 model 158 stepping 9, cmov, cx8, fxsr, mmx, sse, sse2, sse3, ssse3, sse4.1, sse4.2, popcnt, avx, avx2, aes, clmul, erms, rtm, 3dnowpref, lzcnt, tsc, tscinvbit, bmi1, bmi2, adx

/proc/cpuinfo:
processor	: 0
vendor_id	: GenuineIntel
cpu family	: 6
model		: 158
model name	: Intel(R) Core(TM) i5-7500 CPU @ 3.40GHz
stepping	: 9
microcode	: 0xf0
cpu MHz		: 3400.000
cache size	: 6144 KB
physical id	: 0
siblings	: 4
core id		: 0
cpu cores	: 4
apicid		: 0
initial apicid	: 0
fpu		: yes
fpu_exception	: yes
cpuid level	: 22
wp		: yes
flags		: fpu vme de pse tsc msr pae mce cx8 apic sep mtrr pge mca cmov pat pse36 clflush dts acpi mmx fxsr sse sse2 ss ht tm pbe syscall nx pdpe1gb rdtscp lm constant_tsc art arch_perfmon pebs bts rep_good nopl xtopology nonstop_tsc cpuid aperfmperf pni pclmulqdq dtes64 monitor ds_cpl vmx smx est tm2 ssse3 sdbg fma cx16 xtpr pdcm pcid sse4_1 sse4_2 x2apic movbe popcnt tsc_deadline_timer aes xsave avx f16c rdrand lahf_lm abm 3dnowprefetch cpuid_fault epb invpcid_single pti ssbd ibrs ibpb stibp tpr_shadow vnmi flexpriority ept vpid ept_ad fsgsbase tsc_adjust bmi1 hle avx2 smep bmi2 erms invpcid rtm mpx rdseed adx smap clflushopt intel_pt xsaveopt xsavec xgetbv1 xsaves dtherm ida arat pln pts hwp hwp_notify hwp_act_window hwp_epp md_clear flush_l1d arch_capabilities
vmx flags	: vnmi preemption_timer invvpid ept_x_only ept_ad ept_1gb flexpriority tsc_offset vtpr mtf vapic ept vpid unrestricted_guest ple shadow_vmcs pml ept_mode_based_exec
bugs		: cpu_meltdown spectre_v1 spectre_v2 spec_store_bypass l1tf mds swapgs taa itlb_multihit srbds mmio_stale_data
bogomips	: 6799.81
clflush size	: 64
cache_alignment	: 64
address sizes	: 39 bits physical, 48 bits virtual
power management:

processor	: 1
vendor_id	: GenuineIntel
cpu family	: 6
model		: 158
model name	: Intel(R) Core(TM) i5-7500 CPU @ 3.40GHz
stepping	: 9
microcode	: 0xf0
cpu MHz		: 3000.036
cache size	: 6144 KB
physical id	: 0
siblings	: 4
core id		: 1
cpu cores	: 4
apicid		: 2
initial apicid	: 2
fpu		: yes
fpu_exception	: yes
cpuid level	: 22
wp		: yes
flags		: fpu vme de pse tsc msr pae mce cx8 apic sep mtrr pge mca cmov pat pse36 clflush dts acpi mmx fxsr sse sse2 ss ht tm pbe syscall nx pdpe1gb rdtscp lm constant_tsc art arch_perfmon pebs bts rep_good nopl xtopology nonstop_tsc cpuid aperfmperf pni pclmulqdq dtes64 monitor ds_cpl vmx smx est tm2 ssse3 sdbg fma cx16 xtpr pdcm pcid sse4_1 sse4_2 x2apic movbe popcnt tsc_deadline_timer aes xsave avx f16c rdrand lahf_lm abm 3dnowprefetch cpuid_fault epb invpcid_single pti ssbd ibrs ibpb stibp tpr_shadow vnmi flexpriority ept vpid ept_ad fsgsbase tsc_adjust bmi1 hle avx2 smep bmi2 erms invpcid rtm mpx rdseed adx smap clflushopt intel_pt xsaveopt xsavec xgetbv1 xsaves dtherm ida arat pln pts hwp hwp_notify hwp_act_window hwp_epp md_clear flush_l1d arch_capabilities
vmx flags	: vnmi preemption_timer invvpid ept_x_only ept_ad ept_1gb flexpriority tsc_offset vtpr mtf vapic ept vpid unrestricted_guest ple shadow_vmcs pml ept_mode_based_exec
bugs		: cpu_meltdown spectre_v1 spectre_v2 spec_store_bypass l1tf mds swapgs taa itlb_multihit srbds mmio_stale_data
bogomips	: 6799.81
clflush size	: 64
cache_alignment	: 64
address sizes	: 39 bits physical, 48 bits virtual
power management:

processor	: 2
vendor_id	: GenuineIntel
cpu family	: 6
model		: 158
model name	: Intel(R) Core(TM) i5-7500 CPU @ 3.40GHz
stepping	: 9
microcode	: 0xf0
cpu MHz		: 3000.000
cache size	: 6144 KB
physical id	: 0
siblings	: 4
core id		: 2
cpu cores	: 4
apicid		: 4
initial apicid	: 4
fpu		: yes
fpu_exception	: yes
cpuid level	: 22
wp		: yes
flags		: fpu vme de pse tsc msr pae mce cx8 apic sep mtrr pge mca cmov pat pse36 clflush dts acpi mmx fxsr sse sse2 ss ht tm pbe syscall nx pdpe1gb rdtscp lm constant_tsc art arch_perfmon pebs bts rep_good nopl xtopology nonstop_tsc cpuid aperfmperf pni pclmulqdq dtes64 monitor ds_cpl vmx smx est tm2 ssse3 sdbg fma cx16 xtpr pdcm pcid sse4_1 sse4_2 x2apic movbe popcnt tsc_deadline_timer aes xsave avx f16c rdrand lahf_lm abm 3dnowprefetch cpuid_fault epb invpcid_single pti ssbd ibrs ibpb stibp tpr_shadow vnmi flexpriority ept vpid ept_ad fsgsbase tsc_adjust bmi1 hle avx2 smep bmi2 erms invpcid rtm mpx rdseed adx smap clflushopt intel_pt xsaveopt xsavec xgetbv1 xsaves dtherm ida arat pln pts hwp hwp_notify hwp_act_window hwp_epp md_clear flush_l1d arch_capabilities
vmx flags	: vnmi preemption_timer invvpid ept_x_only ept_ad ept_1gb flexpriority tsc_offset vtpr mtf vapic ept vpid unrestricted_guest ple shadow_vmcs pml ept_mode_based_exec
bugs		: cpu_meltdown spectre_v1 spectre_v2 spec_store_bypass l1tf mds swapgs taa itlb_multihit srbds mmio_stale_data
bogomips	: 6799.81
clflush size	: 64
cache_alignment	: 64
address sizes	: 39 bits physical, 48 bits virtual
power management:

processor	: 3
vendor_id	: GenuineIntel
cpu family	: 6
model		: 158
model name	: Intel(R) Core(TM) i5-7500 CPU @ 3.40GHz
stepping	: 9
microcode	: 0xf0
cpu MHz		: 3000.017
cache size	: 6144 KB
physical id	: 0
siblings	: 4
core id		: 3
cpu cores	: 4
apicid		: 6
initial apicid	: 6
fpu		: yes
fpu_exception	: yes
cpuid level	: 22
wp		: yes
flags		: fpu vme de pse tsc msr pae mce cx8 apic sep mtrr pge mca cmov pat pse36 clflush dts acpi mmx fxsr sse sse2 ss ht tm pbe syscall nx pdpe1gb rdtscp lm constant_tsc art arch_perfmon pebs bts rep_good nopl xtopology nonstop_tsc cpuid aperfmperf pni pclmulqdq dtes64 monitor ds_cpl vmx smx est tm2 ssse3 sdbg fma cx16 xtpr pdcm pcid sse4_1 sse4_2 x2apic movbe popcnt tsc_deadline_timer aes xsave avx f16c rdrand lahf_lm abm 3dnowprefetch cpuid_fault epb invpcid_single pti ssbd ibrs ibpb stibp tpr_shadow vnmi flexpriority ept vpid ept_ad fsgsbase tsc_adjust bmi1 hle avx2 smep bmi2 erms invpcid rtm mpx rdseed adx smap clflushopt intel_pt xsaveopt xsavec xgetbv1 xsaves dtherm ida arat pln pts hwp hwp_notify hwp_act_window hwp_epp md_clear flush_l1d arch_capabilities
vmx flags	: vnmi preemption_timer invvpid ept_x_only ept_ad ept_1gb flexpriority tsc_offset vtpr mtf vapic ept vpid unrestricted_guest ple shadow_vmcs pml ept_mode_based_exec
bugs		: cpu_meltdown spectre_v1 spectre_v2 spec_store_bypass l1tf mds swapgs taa itlb_multihit srbds mmio_stale_data
bogomips	: 6799.81
clflush size	: 64
cache_alignment	: 64
address sizes	: 39 bits physical, 48 bits virtual
power management:



Memory: 4k page, physical 8017192k(203836k free), swap 3999740k(3998192k free)

vm_info: Java HotSpot(TM) 64-Bit Server VM (25.331-b09) for linux-amd64 JRE (1.8.0_331-b09), built on Mar 10 2022 11:12:57 by "java_re" with gcc 7.3.0

time: Mon Jul  4 14:09:04 2022
timezone: IST
elapsed time: 25.698168 seconds (0d 0h 0m 25s)

