#
# A fatal error has been detected by the Java Runtime Environment:
#
#  SIGSEGV (0xb) at pc=0x00007efcce85f872, pid=16327, tid=0x00007efce9baa700
#
# JRE version: Java(TM) SE Runtime Environment (8.0_331-b09) (build 1.8.0_331-b09)
# Java VM: Java HotSpot(TM) 64-Bit Server VM (25.331-b09 mixed mode linux-amd64 compressed oops)
# Problematic frame:
# C  [libpjsua.so.2+0x17872]  pjsua_acc_add+0x262
#
# Failed to write core dump. Core dumps have been disabled. To enable core dumping, try "ulimit -c unlimited" before starting Java again
#
# If you would like to submit a bug report, please visit:
#   http://bugreport.java.com/bugreport/crash.jsp
# The crash happened outside the Java Virtual Machine in native code.
# See problematic frame for where to report the bug.
#

---------------  T H R E A D  ---------------

Current thread (0x00007efce400a800):  JavaThread "main" [_thread_in_native, id=16329, stack(0x00007efce9aab000,0x00007efce9bab000)]

siginfo: si_signo: 11 (SIGSEGV), si_code: 1 (SEGV_MAPERR), si_addr: 0x0000000000000008

Registers:
RAX=0x0000000000000008, RBX=0x00007efcce89a8e0, RCX=0x0000000000000000, RDX=0x0000000000000000
RSP=0x00007efce9ba8450, RBP=0x0000000000000000, RSI=0x0000000000000000, RDI=0x00007efcce8a72f0
R8 =0x00007efce9ba82dc, R9 =0x0000000000000000, R10=0x00007efcce7298ac, R11=0x00007efceae806e0
R12=0x00007efcce89a8e0, R13=0x00007efcccc58670, R14=0x0000000000000000, R15=0x0000000000000000
RIP=0x00007efcce85f872, EFLAGS=0x0000000000010202, CSGSFS=0x002b000000000033, ERR=0x0000000000000006
  TRAPNO=0x000000000000000e

Top of Stack: (sp=0x00007efce9ba8450)
0x00007efce9ba8450:   412f326175736a70 0000000000000000
0x00007efce9ba8460:   00007efce9ba8590 0000000000000000
0x00007efce9ba8470:   0000000000000002 0000000000000008
0x00007efce9ba8480:   0000000000000000 0000000000000000
0x00007efce9ba8490:   0000000000000000 00007efce9ba8590
0x00007efce9ba84a0:   00007efcccc58670 00007efce9ba9878
0x00007efce9ba84b0:   00007efce400a800 00007efcce9a886c
0x00007efce9ba84c0:   0000000000000000 000000010000001c
0x00007efce9ba84d0:   00000001ffffffff 0000000000002000
0x00007efce9ba84e0:   00000000000005dc 0000000000000000
0x00007efce9ba84f0:   0000000000000000 0000000000000000
0x00007efce9ba8500:   0000000000000000 0000000000000000
0x00007efce9ba8510:   0000000000000000 0000000000000000
0x00007efce9ba8520:   0000000000000000 0000000000000000
0x00007efce9ba8530:   0000000000000000 0000000000000000
0x00007efce9ba8540:   0000000000000000 0000000000000000
0x00007efce9ba8550:   0000000000000000 0000000000000000
0x00007efce9ba8560:   0000000000000000 0000000000000001
0x00007efce9ba8570:   0000000000000000 00007efce400a800
0x00007efce9ba8580:   0000000000000000 0000000000000000
0x00007efce9ba8590:   0000000000000000 0000000000000000
0x00007efce9ba85a0:   00007efce422f560 0000000000000016
0x00007efce9ba85b0:   00007efce41df0a0 0000000000000011
0x00007efce9ba85c0:   00007efce9ba85c0 00007efce9ba85c0
0x00007efce9ba85d0:   0000000000000000 0000000000000000
0x00007efce9ba85e0:   0000000000000000 0000000000000000
0x00007efce9ba85f0:   0000000000000000 0000000000000000
0x00007efce9ba8600:   00007efce41bc6b8 0000000000000000
0x00007efce9ba8610:   00007efce41bc6d8 0000000000000000
0x00007efce9ba8620:   00007efce9ba8620 00007efce9ba8620
0x00007efce9ba8630:   0000000000000000 0000000000000000
0x00007efce9ba8640:   0000000000000000 0000000000000000 

Instructions: (pc=0x00007efcce85f872)
0x00007efcce85f852:   85 c0 0f 85 26 01 00 00 8b 74 24 24 85 f6 74 06
0x00007efcce85f862:   89 ab 0c 08 00 00 48 8b 44 24 28 48 85 c0 74 02
0x00007efcce85f872:   89 28 83 83 08 08 00 00 01 83 ab a0 03 00 00 01
0x00007efcce85f882:   75 0b 48 c7 83 a8 03 00 00 00 00 00 00 48 8b bb 

Register to memory mapping:

RAX=0x0000000000000008 is an unknown value
RBX=0x00007efcce89a8e0: pjsua_var+0 in /usr/local/lib/libpjsua.so.2 at 0x00007efcce848000
RCX=0x0000000000000000 is an unknown value
RDX=0x0000000000000000 is an unknown value
RSP=0x00007efce9ba8450 is pointing into the stack for thread: 0x00007efce400a800
RBP=0x0000000000000000 is an unknown value
RSI=0x0000000000000000 is an unknown value
RDI=0x00007efcce8a72f0: pjsua_var+0xca10 in /usr/local/lib/libpjsua.so.2 at 0x00007efcce848000
R8 =0x00007efce9ba82dc is pointing into the stack for thread: 0x00007efce400a800
R9 =0x0000000000000000 is an unknown value
R10=0x00007efcce7298ac: <offset 0x68ac> in /usr/local/lib/libpj.so.2 at 0x00007efcce723000
R11=0x00007efceae806e0: <offset 0x18b6e0> in /lib/x86_64-linux-gnu/libc.so.6 at 0x00007efceacf5000
R12=0x00007efcce89a8e0: pjsua_var+0 in /usr/local/lib/libpjsua.so.2 at 0x00007efcce848000
R13=0x00007efcccc58670 is pointing into metadata
R14=0x0000000000000000 is an unknown value
R15=0x0000000000000000 is an unknown value


Stack: [0x00007efce9aab000,0x00007efce9bab000],  sp=0x00007efce9ba8450,  free space=1013k
Native frames: (J=compiled Java code, j=interpreted, Vv=VM code, C=native code)
C  [libpjsua.so.2+0x17872]  pjsua_acc_add+0x262

Java frames: (J=compiled Java code, j=interpreted, Vv=VM code)
j  org.pjsip.pjsua2.pjsua2JNI.Account_create__SWIG_1(JLorg/pjsip/pjsua2/Account;JLorg/pjsip/pjsua2/AccountConfig;)V+0
j  org.pjsip.pjsua2.Account.create(Lorg/pjsip/pjsua2/AccountConfig;)V+10
j  pjsau.Pjsau.Configration()V+113
j  pjsau.Pjsau.main([Ljava/lang/String;)V+9
v  ~StubRoutines::call_stub

---------------  P R O C E S S  ---------------

Java Threads: ( => current thread )
  0x00007efce40c3000 JavaThread "Service Thread" daemon [_thread_blocked, id=16343, stack(0x00007efccf187000,0x00007efccf288000)]
  0x00007efce40c0000 JavaThread "C1 CompilerThread2" daemon [_thread_blocked, id=16342, stack(0x00007efccf289000,0x00007efccf389000)]
  0x00007efce40be000 JavaThread "C2 CompilerThread1" daemon [_thread_blocked, id=16341, stack(0x00007efccf38a000,0x00007efccf48a000)]
  0x00007efce40bb800 JavaThread "C2 CompilerThread0" daemon [_thread_blocked, id=16340, stack(0x00007efccf48b000,0x00007efccf58b000)]
  0x00007efce40b7800 JavaThread "Signal Dispatcher" daemon [_thread_blocked, id=16339, stack(0x00007efccf58b000,0x00007efccf68c000)]
  0x00007efce4087000 JavaThread "Finalizer" daemon [_thread_blocked, id=16338, stack(0x00007efccfbfc000,0x00007efccfcfd000)]
  0x00007efce4082800 JavaThread "Reference Handler" daemon [_thread_blocked, id=16337, stack(0x00007efccfcfd000,0x00007efccfdfe000)]
=>0x00007efce400a800 JavaThread "main" [_thread_in_native, id=16329, stack(0x00007efce9aab000,0x00007efce9bab000)]

Other Threads:
  0x00007efce4079000 VMThread [stack: 0x00007efccfdff000,0x00007efccfeff000] [id=16336]
  0x00007efce40c8000 WatcherThread [stack: 0x00007efccf087000,0x00007efccf187000] [id=16344]

VM state:not at safepoint (normal execution)

VM Mutex/Monitor currently owned by a thread: None

heap address: 0x0000000085a00000, size: 1958 MB, Compressed Oops mode: 32-bit
Narrow klass base: 0x0000000000000000, Narrow klass shift: 3
Compressed class space size: 1073741824 Address: 0x0000000100000000

Heap:
 PSYoungGen      total 36864K, used 2208K [0x00000000d7380000, 0x00000000d9c80000, 0x0000000100000000)
  eden space 31744K, 6% used [0x00000000d7380000,0x00000000d75a80a0,0x00000000d9280000)
  from space 5120K, 0% used [0x00000000d9780000,0x00000000d9780000,0x00000000d9c80000)
  to   space 5120K, 0% used [0x00000000d9280000,0x00000000d9280000,0x00000000d9780000)
 ParOldGen       total 84992K, used 0K [0x0000000085a00000, 0x000000008ad00000, 0x00000000d7380000)
  object space 84992K, 0% used [0x0000000085a00000,0x0000000085a00000,0x000000008ad00000)
 Metaspace       used 3058K, capacity 5112K, committed 5376K, reserved 1056768K
  class space    used 274K, capacity 424K, committed 512K, reserved 1048576K

Card table byte_map: [0x00007efce8caa000,0x00007efce907e000] byte_map_base: 0x00007efce887d000

Marking Bits: (ParMarkBitMap*) 0x00007efceacd6220
 Begin Bits: [0x00007efcc12d0000, 0x00007efcc3168000)
 End Bits:   [0x00007efcc3168000, 0x00007efcc5000000)

Polling page: 0x00007efceb16f000

CodeCache: size=245760Kb used=1115Kb max_used=1115Kb free=244644Kb
 bounds [0x00007efcd5000000, 0x00007efcd5270000, 0x00007efce4000000]
 total_blobs=281 nmethods=24 adapters=172
 compilation: enabled

Compilation events (10 events):
Event: 0.149 Thread 0x00007efce40c0000   20       3       java.lang.String::indexOf (7 bytes)
Event: 0.149 Thread 0x00007efce40c0000 nmethod 20 0x00007efcd51158d0 code [0x00007efcd5115a40, 0x00007efcd5115c48]
Event: 0.149 Thread 0x00007efce40c0000   21       3       java.lang.String::isEmpty (14 bytes)
Event: 0.149 Thread 0x00007efce40c0000 nmethod 21 0x00007efcd5115cd0 code [0x00007efcd5115e40, 0x00007efcd5115ff0]
Event: 0.149 Thread 0x00007efce40c0000   22       3       java.lang.AbstractStringBuilder::ensureCapacityInternal (27 bytes)
Event: 0.150 Thread 0x00007efce40c0000 nmethod 22 0x00007efcd5116090 code [0x00007efcd5116220, 0x00007efcd5116678]
Event: 0.230 Thread 0x00007efce40c0000   23       1       java.util.ArrayList::size (5 bytes)
Event: 0.230 Thread 0x00007efce40c0000 nmethod 23 0x00007efcd5116810 code [0x00007efcd5116960, 0x00007efcd5116a70]
Event: 0.239 Thread 0x00007efce40c0000   24       1       java.net.URL::getProtocol (5 bytes)
Event: 0.239 Thread 0x00007efce40c0000 nmethod 24 0x00007efcd5116ad0 code [0x00007efcd5116c20, 0x00007efcd5116d30]

GC Heap History (0 events):
No events

Deoptimization events (0 events):
No events

Classes redefined (0 events):
No events

Internal exceptions (2 events):
Event: 0.029 Thread 0x00007efce400a800 Exception <a 'java/lang/NoSuchMethodError': Method sun.misc.Unsafe.defineClass(Ljava/lang/String;[BII)Ljava/lang/Class; name or signature does not match> (0x00000000d7387cc0) thrown at [/scratch/jenkins/workspace/8-2-build-linux-amd64/jdk8u331/2416/hotspo
Event: 0.029 Thread 0x00007efce400a800 Exception <a 'java/lang/NoSuchMethodError': Method sun.misc.Unsafe.prefetchRead(Ljava/lang/Object;J)V name or signature does not match> (0x00000000d7387fa8) thrown at [/scratch/jenkins/workspace/8-2-build-linux-amd64/jdk8u331/2416/hotspot/src/share/vm/pri

Events (10 events):
Event: 0.149 loading class org/pjsip/pjsua2/PersistentObject
Event: 0.149 loading class org/pjsip/pjsua2/PersistentObject done
Event: 0.230 loading class org/pjsip/pjsua2/TransportConfig
Event: 0.230 loading class org/pjsip/pjsua2/TransportConfig done
Event: 0.238 loading class org/pjsip/pjsua2/AccountConfig
Event: 0.238 loading class org/pjsip/pjsua2/AccountConfig done
Event: 0.239 loading class org/pjsip/pjsua2/AccountRegConfig
Event: 0.239 loading class org/pjsip/pjsua2/AccountRegConfig done
Event: 0.240 loading class org/pjsip/pjsua2/AuthCredInfo
Event: 0.240 loading class org/pjsip/pjsua2/AuthCredInfo done


Dynamic libraries:
85a00000-8ad00000 rw-p 00000000 00:00 0 
8ad00000-d7380000 ---p 00000000 00:00 0 
d7380000-d9c80000 rw-p 00000000 00:00 0 
d9c80000-100000000 ---p 00000000 00:00 0 
100000000-100080000 rw-p 00000000 00:00 0 
100080000-140000000 ---p 00000000 00:00 0 
559293c00000-559293c01000 r-xp 00000000 08:02 5248844                    /home/user/software/jdk1.8.0_331/bin/java
559293e00000-559293e01000 r--p 00000000 08:02 5248844                    /home/user/software/jdk1.8.0_331/bin/java
559293e01000-559293e02000 rw-p 00001000 08:02 5248844                    /home/user/software/jdk1.8.0_331/bin/java
55929445a000-55929447b000 rw-p 00000000 00:00 0                          [heap]
7efc88000000-7efc88021000 rw-p 00000000 00:00 0 
7efc88021000-7efc8c000000 ---p 00000000 00:00 0 
7efc94000000-7efc94021000 rw-p 00000000 00:00 0 
7efc94021000-7efc98000000 ---p 00000000 00:00 0 
7efc98000000-7efc98021000 rw-p 00000000 00:00 0 
7efc98021000-7efc9c000000 ---p 00000000 00:00 0 
7efc9c000000-7efc9c021000 rw-p 00000000 00:00 0 
7efc9c021000-7efca0000000 ---p 00000000 00:00 0 
7efca0000000-7efca0021000 rw-p 00000000 00:00 0 
7efca0021000-7efca4000000 ---p 00000000 00:00 0 
7efca4000000-7efca4021000 rw-p 00000000 00:00 0 
7efca4021000-7efca8000000 ---p 00000000 00:00 0 
7efca8000000-7efca8056000 rw-p 00000000 00:00 0 
7efca8056000-7efcac000000 ---p 00000000 00:00 0 
7efcac000000-7efcac021000 rw-p 00000000 00:00 0 
7efcac021000-7efcb0000000 ---p 00000000 00:00 0 
7efcb0000000-7efcb0021000 rw-p 00000000 00:00 0 
7efcb0021000-7efcb4000000 ---p 00000000 00:00 0 
7efcb4000000-7efcb4021000 rw-p 00000000 00:00 0 
7efcb4021000-7efcb8000000 ---p 00000000 00:00 0 
7efcb8000000-7efcb8021000 rw-p 00000000 00:00 0 
7efcb8021000-7efcbc000000 ---p 00000000 00:00 0 
7efcbc000000-7efcbc021000 rw-p 00000000 00:00 0 
7efcbc021000-7efcc0000000 ---p 00000000 00:00 0 
7efcc12d0000-7efcc5000000 rw-p 00000000 00:00 0 
7efcc6ffe000-7efcc6fff000 ---p 00000000 00:00 0 
7efcc6fff000-7efcc77ff000 rw-p 00000000 00:00 0 
7efcc77ff000-7efcc7800000 ---p 00000000 00:00 0 
7efcc7800000-7efcc8000000 rw-p 00000000 00:00 0 
7efcc8000000-7efcc8021000 rw-p 00000000 00:00 0 
7efcc8021000-7efccc000000 ---p 00000000 00:00 0 
7efccc494000-7efccc5ff000 r-xp 00000000 08:02 1450125                    /usr/lib/x86_64-linux-gnu/libsamplerate.so.0.1.8
7efccc5ff000-7efccc7fe000 ---p 0016b000 08:02 1450125                    /usr/lib/x86_64-linux-gnu/libsamplerate.so.0.1.8
7efccc7fe000-7efccc7ff000 r--p 0016a000 08:02 1450125                    /usr/lib/x86_64-linux-gnu/libsamplerate.so.0.1.8
7efccc7ff000-7efccc800000 rw-p 0016b000 08:02 1450125                    /usr/lib/x86_64-linux-gnu/libsamplerate.so.0.1.8
7efccc800000-7efccccc0000 rw-p 00000000 00:00 0 
7efccccc0000-7efccd000000 ---p 00000000 00:00 0 
7efccd00f000-7efccd02f000 r--p 00000000 08:02 1449217                    /usr/lib/x86_64-linux-gnu/libdb-5.3.so
7efccd02f000-7efccd171000 r-xp 00020000 08:02 1449217                    /usr/lib/x86_64-linux-gnu/libdb-5.3.so
7efccd171000-7efccd1b6000 r--p 00162000 08:02 1449217                    /usr/lib/x86_64-linux-gnu/libdb-5.3.so
7efccd1b6000-7efccd1bd000 r--p 001a6000 08:02 1449217                    /usr/lib/x86_64-linux-gnu/libdb-5.3.so
7efccd1bd000-7efccd1be000 rw-p 001ad000 08:02 1449217                    /usr/lib/x86_64-linux-gnu/libdb-5.3.so
7efccd1be000-7efccd1c4000 r--p 00000000 08:02 1442494                    /usr/lib/x86_64-linux-gnu/libjack.so.0.0.28
7efccd1c4000-7efccd1d0000 r-xp 00006000 08:02 1442494                    /usr/lib/x86_64-linux-gnu/libjack.so.0.0.28
7efccd1d0000-7efccd1d5000 r--p 00012000 08:02 1442494                    /usr/lib/x86_64-linux-gnu/libjack.so.0.0.28
7efccd1d5000-7efccd1d6000 r--p 00016000 08:02 1442494                    /usr/lib/x86_64-linux-gnu/libjack.so.0.0.28
7efccd1d6000-7efccd1d7000 rw-p 00017000 08:02 1442494                    /usr/lib/x86_64-linux-gnu/libjack.so.0.0.28
7efccd1d7000-7efccd1e1000 rw-p 00000000 00:00 0 
7efccd1e1000-7efccd1e3000 r--p 00000000 08:02 2097964                    /usr/lib/x86_64-linux-gnu/alsa-lib/libasound_module_ctl_pulse.so
7efccd1e3000-7efccd1e6000 r-xp 00002000 08:02 2097964                    /usr/lib/x86_64-linux-gnu/alsa-lib/libasound_module_ctl_pulse.so
7efccd1e6000-7efccd1e7000 r--p 00005000 08:02 2097964                    /usr/lib/x86_64-linux-gnu/alsa-lib/libasound_module_ctl_pulse.so
7efccd1e7000-7efccd1e8000 r--p 00005000 08:02 2097964                    /usr/lib/x86_64-linux-gnu/alsa-lib/libasound_module_ctl_pulse.so
7efccd1e8000-7efccd1e9000 rw-p 00006000 08:02 2097964                    /usr/lib/x86_64-linux-gnu/alsa-lib/libasound_module_ctl_pulse.so
7efccd1e9000-7efccd1ea000 r--p 00000000 08:02 2097970                    /usr/lib/x86_64-linux-gnu/alsa-lib/libasound_module_pcm_vdownmix.so
7efccd1ea000-7efccd1eb000 r-xp 00001000 08:02 2097970                    /usr/lib/x86_64-linux-gnu/alsa-lib/libasound_module_pcm_vdownmix.so
7efccd1eb000-7efccd1ec000 r--p 00002000 08:02 2097970                    /usr/lib/x86_64-linux-gnu/alsa-lib/libasound_module_pcm_vdownmix.so
7efccd1ec000-7efccd1ed000 r--p 00002000 08:02 2097970                    /usr/lib/x86_64-linux-gnu/alsa-lib/libasound_module_pcm_vdownmix.so
7efccd1ed000-7efccd1ee000 rw-p 00003000 08:02 2097970                    /usr/lib/x86_64-linux-gnu/alsa-lib/libasound_module_pcm_vdownmix.so
7efccd1ee000-7efccd1ef000 r--p 00000000 08:02 2097968                    /usr/lib/x86_64-linux-gnu/alsa-lib/libasound_module_pcm_upmix.so
7efccd1ef000-7efccd1f1000 r-xp 00001000 08:02 2097968                    /usr/lib/x86_64-linux-gnu/alsa-lib/libasound_module_pcm_upmix.so
7efccd1f1000-7efccd1f2000 r--p 00003000 08:02 2097968                    /usr/lib/x86_64-linux-gnu/alsa-lib/libasound_module_pcm_upmix.so
7efccd1f2000-7efccd1f3000 r--p 00003000 08:02 2097968                    /usr/lib/x86_64-linux-gnu/alsa-lib/libasound_module_pcm_upmix.so
7efccd1f3000-7efccd1f4000 rw-p 00004000 08:02 2097968                    /usr/lib/x86_64-linux-gnu/alsa-lib/libasound_module_pcm_upmix.so
7efccd1f4000-7efccd1f5000 r--p 00000000 08:02 2097966                    /usr/lib/x86_64-linux-gnu/alsa-lib/libasound_module_pcm_oss.so
7efccd1f5000-7efccd1f7000 r-xp 00001000 08:02 2097966                    /usr/lib/x86_64-linux-gnu/alsa-lib/libasound_module_pcm_oss.so
7efccd1f7000-7efccd1f8000 r--p 00003000 08:02 2097966                    /usr/lib/x86_64-linux-gnu/alsa-lib/libasound_module_pcm_oss.so
7efccd1f8000-7efccd1f9000 r--p 00003000 08:02 2097966                    /usr/lib/x86_64-linux-gnu/alsa-lib/libasound_module_pcm_oss.so
7efccd1f9000-7efccd1fa000 rw-p 00004000 08:02 2097966                    /usr/lib/x86_64-linux-gnu/alsa-lib/libasound_module_pcm_oss.so
7efccd1fa000-7efccd1fc000 r--p 00000000 08:02 2097965                    /usr/lib/x86_64-linux-gnu/alsa-lib/libasound_module_pcm_jack.so
7efccd1fc000-7efccd1fe000 r-xp 00002000 08:02 2097965                    /usr/lib/x86_64-linux-gnu/alsa-lib/libasound_module_pcm_jack.so
7efccd1fe000-7efccd1ff000 r--p 00004000 08:02 2097965                    /usr/lib/x86_64-linux-gnu/alsa-lib/libasound_module_pcm_jack.so
7efccd1ff000-7efccd200000 r--p 00004000 08:02 2097965                    /usr/lib/x86_64-linux-gnu/alsa-lib/libasound_module_pcm_jack.so
7efccd200000-7efccd201000 rw-p 00005000 08:02 2097965                    /usr/lib/x86_64-linux-gnu/alsa-lib/libasound_module_pcm_jack.so
7efccd201000-7efccd202000 ---p 00000000 00:00 0 
7efccd202000-7efccda02000 rw-p 00000000 00:00 0 
7efccda02000-7efccda06000 r--p 00000000 08:02 1449497                    /usr/lib/x86_64-linux-gnu/libgpg-error.so.0.28.0
7efccda06000-7efccda19000 r-xp 00004000 08:02 1449497                    /usr/lib/x86_64-linux-gnu/libgpg-error.so.0.28.0
7efccda19000-7efccda23000 r--p 00017000 08:02 1449497                    /usr/lib/x86_64-linux-gnu/libgpg-error.so.0.28.0
7efccda23000-7efccda24000 r--p 00020000 08:02 1449497                    /usr/lib/x86_64-linux-gnu/libgpg-error.so.0.28.0
7efccda24000-7efccda25000 rw-p 00021000 08:02 1449497                    /usr/lib/x86_64-linux-gnu/libgpg-error.so.0.28.0
7efccda25000-7efccda29000 r--p 00000000 08:02 1449109                    /usr/lib/x86_64-linux-gnu/libbsd.so.0.10.0
7efccda29000-7efccda38000 r-xp 00004000 08:02 1449109                    /usr/lib/x86_64-linux-gnu/libbsd.so.0.10.0
7efccda38000-7efccda3b000 r--p 00013000 08:02 1449109                    /usr/lib/x86_64-linux-gnu/libbsd.so.0.10.0
7efccda3b000-7efccda3c000 ---p 00016000 08:02 1449109                    /usr/lib/x86_64-linux-gnu/libbsd.so.0.10.0
7efccda3c000-7efccda3d000 r--p 00016000 08:02 1449109                    /usr/lib/x86_64-linux-gnu/libbsd.so.0.10.0
7efccda3d000-7efccda3e000 rw-p 00017000 08:02 1449109                    /usr/lib/x86_64-linux-gnu/libbsd.so.0.10.0
7efccda3e000-7efccda3f000 rw-p 00000000 00:00 0 
7efccda3f000-7efccda43000 r--p 00000000 08:02 1445806                    /usr/lib/x86_64-linux-gnu/libresolv-2.31.so
7efccda43000-7efccda53000 r-xp 00004000 08:02 1445806                    /usr/lib/x86_64-linux-gnu/libresolv-2.31.so
7efccda53000-7efccda57000 r--p 00014000 08:02 1445806                    /usr/lib/x86_64-linux-gnu/libresolv-2.31.so
7efccda57000-7efccda58000 r--p 00017000 08:02 1445806                    /usr/lib/x86_64-linux-gnu/libresolv-2.31.so
7efccda58000-7efccda59000 rw-p 00018000 08:02 1445806                    /usr/lib/x86_64-linux-gnu/libresolv-2.31.so
7efccda59000-7efccda5b000 rw-p 00000000 00:00 0 
7efccda5b000-7efccda6f000 r--p 00000000 08:02 1450341                    /usr/lib/x86_64-linux-gnu/libvorbisenc.so.2.0.11
7efccda6f000-7efccda72000 r-xp 00014000 08:02 1450341                    /usr/lib/x86_64-linux-gnu/libvorbisenc.so.2.0.11
7efccda72000-7efccdae9000 r--p 00017000 08:02 1450341                    /usr/lib/x86_64-linux-gnu/libvorbisenc.so.2.0.11
7efccdae9000-7efccdb05000 r--p 0008d000 08:02 1450341                    /usr/lib/x86_64-linux-gnu/libvorbisenc.so.2.0.11
7efccdb05000-7efccdb06000 rw-p 000a9000 08:02 1450341                    /usr/lib/x86_64-linux-gnu/libvorbisenc.so.2.0.11
7efccdb06000-7efccdb09000 r--p 00000000 08:02 1450339                    /usr/lib/x86_64-linux-gnu/libvorbis.so.0.4.8
7efccdb09000-7efccdb20000 r-xp 00003000 08:02 1450339                    /usr/lib/x86_64-linux-gnu/libvorbis.so.0.4.8
7efccdb20000-7efccdb31000 r--p 0001a000 08:02 1450339                    /usr/lib/x86_64-linux-gnu/libvorbis.so.0.4.8
7efccdb31000-7efccdb32000 ---p 0002b000 08:02 1450339                    /usr/lib/x86_64-linux-gnu/libvorbis.so.0.4.8
7efccdb32000-7efccdb33000 r--p 0002b000 08:02 1450339                    /usr/lib/x86_64-linux-gnu/libvorbis.so.0.4.8
7efccdb33000-7efccdb34000 rw-p 0002c000 08:02 1450339                    /usr/lib/x86_64-linux-gnu/libvorbis.so.0.4.8
7efccdb34000-7efccdb36000 r--p 00000000 08:02 1449917                    /usr/lib/x86_64-linux-gnu/libogg.so.0.8.4
7efccdb36000-7efccdb3b000 r-xp 00002000 08:02 1449917                    /usr/lib/x86_64-linux-gnu/libogg.so.0.8.4
7efccdb3b000-7efccdb3e000 r--p 00007000 08:02 1449917                    /usr/lib/x86_64-linux-gnu/libogg.so.0.8.4
7efccdb3e000-7efccdb3f000 ---p 0000a000 08:02 1449917                    /usr/lib/x86_64-linux-gnu/libogg.so.0.8.4
7efccdb3f000-7efccdb40000 r--p 0000a000 08:02 1449917                    /usr/lib/x86_64-linux-gnu/libogg.so.0.8.4
7efccdb40000-7efccdb41000 rw-p 0000b000 08:02 1449917                    /usr/lib/x86_64-linux-gnu/libogg.so.0.8.4
7efccdb41000-7efccdb49000 r--p 00000000 08:02 1448904                    /usr/lib/x86_64-linux-gnu/libFLAC.so.8.3.0
7efccdb49000-7efccdb72000 r-xp 00008000 08:02 1448904                    /usr/lib/x86_64-linux-gnu/libFLAC.so.8.3.0
7efccdb72000-7efccdb7c000 r--p 00031000 08:02 1448904                    /usr/lib/x86_64-linux-gnu/libFLAC.so.8.3.0
7efccdb7c000-7efccdb7d000 ---p 0003b000 08:02 1448904                    /usr/lib/x86_64-linux-gnu/libFLAC.so.8.3.0
7efccdb7d000-7efccdb7e000 r--p 0003b000 08:02 1448904                    /usr/lib/x86_64-linux-gnu/libFLAC.so.8.3.0
7efccdb7e000-7efccdb7f000 rw-p 0003c000 08:02 1448904                    /usr/lib/x86_64-linux-gnu/libFLAC.so.8.3.0
7efccdb7f000-7efccdb83000 r--p 00000000 08:02 1445797                    /usr/lib/x86_64-linux-gnu/libnsl-2.31.so
7efccdb83000-7efccdb93000 r-xp 00004000 08:02 1445797                    /usr/lib/x86_64-linux-gnu/libnsl-2.31.so
7efccdb93000-7efccdb98000 r--p 00014000 08:02 1445797                    /usr/lib/x86_64-linux-gnu/libnsl-2.31.so
7efccdb98000-7efccdb99000 r--p 00018000 08:02 1445797                    /usr/lib/x86_64-linux-gnu/libnsl-2.31.so
7efccdb99000-7efccdb9a000 rw-p 00019000 08:02 1445797                    /usr/lib/x86_64-linux-gnu/libnsl-2.31.so
7efccdb9a000-7efccdb9c000 rw-p 00000000 00:00 0 
7efccdb9c000-7efccdba8000 r--p 00000000 08:02 1447651                    /usr/lib/x86_64-linux-gnu/libgcrypt.so.20.2.5
7efccdba8000-7efccdc76000 r-xp 0000c000 08:02 1447651                    /usr/lib/x86_64-linux-gnu/libgcrypt.so.20.2.5
7efccdc76000-7efccdcb3000 r--p 000da000 08:02 1447651                    /usr/lib/x86_64-linux-gnu/libgcrypt.so.20.2.5
7efccdcb3000-7efccdcb5000 r--p 00116000 08:02 1447651                    /usr/lib/x86_64-linux-gnu/libgcrypt.so.20.2.5
7efccdcb5000-7efccdcba000 rw-p 00118000 08:02 1447651                    /usr/lib/x86_64-linux-gnu/libgcrypt.so.20.2.5
7efccdcba000-7efccdcbc000 r--p 00000000 08:02 1449762                    /usr/lib/x86_64-linux-gnu/liblz4.so.1.9.2
7efccdcbc000-7efccdcd6000 r-xp 00002000 08:02 1449762                    /usr/lib/x86_64-linux-gnu/liblz4.so.1.9.2
7efccdcd6000-7efccdcd9000 r--p 0001c000 08:02 1449762                    /usr/lib/x86_64-linux-gnu/liblz4.so.1.9.2
7efccdcd9000-7efccdcda000 r--p 0001e000 08:02 1449762                    /usr/lib/x86_64-linux-gnu/liblz4.so.1.9.2
7efccdcda000-7efccdcdb000 rw-p 0001f000 08:02 1449762                    /usr/lib/x86_64-linux-gnu/liblz4.so.1.9.2
7efccdcdb000-7efccdcde000 r--p 00000000 08:02 1443497                    /usr/lib/x86_64-linux-gnu/liblzma.so.5.2.4
7efccdcde000-7efccdcf6000 r-xp 00003000 08:02 1443497                    /usr/lib/x86_64-linux-gnu/liblzma.so.5.2.4
7efccdcf6000-7efccdd01000 r--p 0001b000 08:02 1443497                    /usr/lib/x86_64-linux-gnu/liblzma.so.5.2.4
7efccdd01000-7efccdd02000 ---p 00026000 08:02 1443497                    /usr/lib/x86_64-linux-gnu/liblzma.so.5.2.4
7efccdd02000-7efccdd03000 r--p 00026000 08:02 1443497                    /usr/lib/x86_64-linux-gnu/liblzma.so.5.2.4
7efccdd03000-7efccdd04000 rw-p 00027000 08:02 1443497                    /usr/lib/x86_64-linux-gnu/liblzma.so.5.2.4
7efccdd04000-7efccdd07000 r--p 00000000 08:02 1449007                    /usr/lib/x86_64-linux-gnu/libapparmor.so.1.6.1
7efccdd07000-7efccdd10000 r-xp 00003000 08:02 1449007                    /usr/lib/x86_64-linux-gnu/libapparmor.so.1.6.1
7efccdd10000-7efccdd17000 r--p 0000c000 08:02 1449007                    /usr/lib/x86_64-linux-gnu/libapparmor.so.1.6.1
7efccdd17000-7efccdd18000 r--p 00012000 08:02 1449007                    /usr/lib/x86_64-linux-gnu/libapparmor.so.1.6.1
7efccdd18000-7efccdd19000 rw-p 00013000 08:02 1449007                    /usr/lib/x86_64-linux-gnu/libapparmor.so.1.6.1
7efccdd19000-7efccdd1e000 r-xp 00000000 08:02 1449028                    /usr/lib/x86_64-linux-gnu/libasyncns.so.0.3.1
7efccdd1e000-7efccdf1d000 ---p 00005000 08:02 1449028                    /usr/lib/x86_64-linux-gnu/libasyncns.so.0.3.1
7efccdf1d000-7efccdf1e000 r--p 00004000 08:02 1449028                    /usr/lib/x86_64-linux-gnu/libasyncns.so.0.3.1
7efccdf1e000-7efccdf1f000 rw-p 00005000 08:02 1449028                    /usr/lib/x86_64-linux-gnu/libasyncns.so.0.3.1
7efccdf1f000-7efccdf26000 r--p 00000000 08:02 1450170                    /usr/lib/x86_64-linux-gnu/libsndfile.so.1.0.28
7efccdf26000-7efccdf79000 r-xp 00007000 08:02 1450170                    /usr/lib/x86_64-linux-gnu/libsndfile.so.1.0.28
7efccdf79000-7efccdf96000 r--p 0005a000 08:02 1450170                    /usr/lib/x86_64-linux-gnu/libsndfile.so.1.0.28
7efccdf96000-7efccdf97000 ---p 00077000 08:02 1450170                    /usr/lib/x86_64-linux-gnu/libsndfile.so.1.0.28
7efccdf97000-7efccdf9a000 r--p 00077000 08:02 1450170                    /usr/lib/x86_64-linux-gnu/libsndfile.so.1.0.28
7efccdf9a000-7efccdf9b000 rw-p 0007a000 08:02 1450170                    /usr/lib/x86_64-linux-gnu/libsndfile.so.1.0.28
7efccdf9b000-7efccdf9d000 rw-p 00000000 00:00 0 
7efccdf9d000-7efccdfad000 r--p 00000000 08:02 1446018                    /usr/lib/x86_64-linux-gnu/libsystemd.so.0.28.0
7efccdfad000-7efcce022000 r-xp 00010000 08:02 1446018                    /usr/lib/x86_64-linux-gnu/libsystemd.so.0.28.0
7efcce022000-7efcce047000 r--p 00085000 08:02 1446018                    /usr/lib/x86_64-linux-gnu/libsystemd.so.0.28.0
7efcce047000-7efcce04a000 r--p 000a9000 08:02 1446018                    /usr/lib/x86_64-linux-gnu/libsystemd.so.0.28.0
7efcce04a000-7efcce04b000 rw-p 000ac000 08:02 1446018                    /usr/lib/x86_64-linux-gnu/libsystemd.so.0.28.0
7efcce04b000-7efcce04c000 rw-p 00000000 00:00 0 
7efcce04c000-7efcce057000 r--p 00000000 08:02 1450442                    /usr/lib/x86_64-linux-gnu/libxcb.so.1.1.0
7efcce057000-7efcce06b000 r-xp 0000b000 08:02 1450442                    /usr/lib/x86_64-linux-gnu/libxcb.so.1.1.0
7efcce06b000-7efcce074000 r--p 0001f000 08:02 1450442                    /usr/lib/x86_64-linux-gnu/libxcb.so.1.1.0
7efcce074000-7efcce075000 r--p 00027000 08:02 1450442                    /usr/lib/x86_64-linux-gnu/libxcb.so.1.1.0
7efcce075000-7efcce076000 rw-p 00028000 08:02 1450442                    /usr/lib/x86_64-linux-gnu/libxcb.so.1.1.0
7efcce076000-7efcce081000 r--p 00000000 08:02 1442000                    /usr/lib/x86_64-linux-gnu/libdbus-1.so.3.19.11
7efcce081000-7efcce0af000 r-xp 0000b000 08:02 1442000                    /usr/lib/x86_64-linux-gnu/libdbus-1.so.3.19.11
7efcce0af000-7efcce0c4000 r--p 00039000 08:02 1442000                    /usr/lib/x86_64-linux-gnu/libdbus-1.so.3.19.11
7efcce0c4000-7efcce0c5000 ---p 0004e000 08:02 1442000                    /usr/lib/x86_64-linux-gnu/libdbus-1.so.3.19.11
7efcce0c5000-7efcce0c6000 r--p 0004e000 08:02 1442000                    /usr/lib/x86_64-linux-gnu/libdbus-1.so.3.19.11
7efcce0c6000-7efcce0c7000 rw-p 0004f000 08:02 1442000                    /usr/lib/x86_64-linux-gnu/libdbus-1.so.3.19.11
7efcce0c7000-7efcce0d8000 r--p 00000000 08:02 2097637                    /usr/lib/x86_64-linux-gnu/pulseaudio/libpulsecommon-13.99.so
7efcce0d8000-7efcce120000 r-xp 00011000 08:02 2097637                    /usr/lib/x86_64-linux-gnu/pulseaudio/libpulsecommon-13.99.so
7efcce120000-7efcce145000 r--p 00059000 08:02 2097637                    /usr/lib/x86_64-linux-gnu/pulseaudio/libpulsecommon-13.99.so
7efcce145000-7efcce146000 ---p 0007e000 08:02 2097637                    /usr/lib/x86_64-linux-gnu/pulseaudio/libpulsecommon-13.99.so
7efcce146000-7efcce148000 r--p 0007e000 08:02 2097637                    /usr/lib/x86_64-linux-gnu/pulseaudio/libpulsecommon-13.99.so
7efcce148000-7efcce149000 rw-p 00080000 08:02 2097637                    /usr/lib/x86_64-linux-gnu/pulseaudio/libpulsecommon-13.99.so
7efcce149000-7efcce155000 r--p 00000000 08:02 1442666                    /usr/lib/x86_64-linux-gnu/libpulse.so.0.21.2
7efcce155000-7efcce185000 r-xp 0000c000 08:02 1442666                    /usr/lib/x86_64-linux-gnu/libpulse.so.0.21.2
7efcce185000-7efcce19b000 r--p 0003c000 08:02 1442666                    /usr/lib/x86_64-linux-gnu/libpulse.so.0.21.2
7efcce19b000-7efcce19d000 r--p 00051000 08:02 1442666                    /usr/lib/x86_64-linux-gnu/libpulse.so.0.21.2
7efcce19d000-7efcce19e000 rw-p 00053000 08:02 1442666                    /usr/lib/x86_64-linux-gnu/libpulse.so.0.21.2
7efcce1a0000-7efcce1a1000 r--p 00000000 08:02 2097976                    /usr/lib/x86_64-linux-gnu/alsa-lib/libasound_module_rate_speexrate.so
7efcce1a1000-7efcce1a4000 r-xp 00001000 08:02 2097976                    /usr/lib/x86_64-linux-gnu/alsa-lib/libasound_module_rate_speexrate.so
7efcce1a4000-7efcce1a5000 r--p 00004000 08:02 2097976                    /usr/lib/x86_64-linux-gnu/alsa-lib/libasound_module_rate_speexrate.so
7efcce1a5000-7efcce1a6000 r--p 00004000 08:02 2097976                    /usr/lib/x86_64-linux-gnu/alsa-lib/libasound_module_rate_speexrate.so
7efcce1a6000-7efcce1a7000 rw-p 00005000 08:02 2097976                    /usr/lib/x86_64-linux-gnu/alsa-lib/libasound_module_rate_speexrate.so
7efcce1a7000-7efcce1a9000 r--p 00000000 08:02 2097967                    /usr/lib/x86_64-linux-gnu/alsa-lib/libasound_module_pcm_pulse.so
7efcce1a9000-7efcce1ac000 r-xp 00002000 08:02 2097967                    /usr/lib/x86_64-linux-gnu/alsa-lib/libasound_module_pcm_pulse.so
7efcce1ac000-7efcce1ad000 r--p 00005000 08:02 2097967                    /usr/lib/x86_64-linux-gnu/alsa-lib/libasound_module_pcm_pulse.so
7efcce1ad000-7efcce1ae000 ---p 00006000 08:02 2097967                    /usr/lib/x86_64-linux-gnu/alsa-lib/libasound_module_pcm_pulse.so
7efcce1ae000-7efcce1af000 r--p 00006000 08:02 2097967                    /usr/lib/x86_64-linux-gnu/alsa-lib/libasound_module_pcm_pulse.so
7efcce1af000-7efcce1b0000 rw-p 00007000 08:02 2097967                    /usr/lib/x86_64-linux-gnu/alsa-lib/libasound_module_pcm_pulse.so
7efcce1b0000-7efcce1b7000 r--s 00000000 08:02 2102563                    /usr/lib/x86_64-linux-gnu/gconv/gconv-modules.cache
7efcce1b7000-7efcce1b9000 r--p 00000000 08:02 2234013                    /usr/local/lib/libilbccodec.so.2
7efcce1b9000-7efcce1c3000 r-xp 00002000 08:02 2234013                    /usr/local/lib/libilbccodec.so.2
7efcce1c3000-7efcce1c5000 r--p 0000c000 08:02 2234013                    /usr/local/lib/libilbccodec.so.2
7efcce1c5000-7efcce1c6000 r--p 0000d000 08:02 2234013                    /usr/local/lib/libilbccodec.so.2
7efcce1c6000-7efcce1c8000 rw-p 0000e000 08:02 2234013                    /usr/local/lib/libilbccodec.so.2
7efcce1c8000-7efcce1c9000 r--p 00000000 08:02 2234009                    /usr/local/lib/libgsmcodec.so.2
7efcce1c9000-7efcce1d1000 r-xp 00001000 08:02 2234009                    /usr/local/lib/libgsmcodec.so.2
7efcce1d1000-7efcce1d2000 r--p 00009000 08:02 2234009                    /usr/local/lib/libgsmcodec.so.2
7efcce1d2000-7efcce1d3000 r--p 00009000 08:02 2234009                    /usr/local/lib/libgsmcodec.so.2
7efcce1d3000-7efcce1d4000 rw-p 0000a000 08:02 2234009                    /usr/local/lib/libgsmcodec.so.2
7efcce1d4000-7efcce1fe000 r--p 00000000 08:02 1442673                    /usr/lib/x86_64-linux-gnu/libasound.so.2.0.0
7efcce1fe000-7efcce28d000 r-xp 0002a000 08:02 1442673                    /usr/lib/x86_64-linux-gnu/libasound.so.2.0.0
7efcce28d000-7efcce2c7000 r--p 000b9000 08:02 1442673                    /usr/lib/x86_64-linux-gnu/libasound.so.2.0.0
7efcce2c7000-7efcce2ce000 r--p 000f2000 08:02 1442673                    /usr/lib/x86_64-linux-gnu/libasound.so.2.0.0
7efcce2ce000-7efcce2cf000 rw-p 000f9000 08:02 1442673                    /usr/lib/x86_64-linux-gnu/libasound.so.2.0.0
7efcce2cf000-7efcce2d1000 r--p 00000000 08:02 1442187                    /usr/lib/x86_64-linux-gnu/libuuid.so.1.3.0
7efcce2d1000-7efcce2d5000 r-xp 00002000 08:02 1442187                    /usr/lib/x86_64-linux-gnu/libuuid.so.1.3.0
7efcce2d5000-7efcce2d6000 r--p 00006000 08:02 1442187                    /usr/lib/x86_64-linux-gnu/libuuid.so.1.3.0
7efcce2d6000-7efcce2d7000 r--p 00006000 08:02 1442187                    /usr/lib/x86_64-linux-gnu/libuuid.so.1.3.0
7efcce2d7000-7efcce2d8000 rw-p 00007000 08:02 1442187                    /usr/lib/x86_64-linux-gnu/libuuid.so.1.3.0
7efcce2d8000-7efcce2f4000 r--p 00000000 08:02 1444253                    /usr/lib/x86_64-linux-gnu/libssl.so.1.1
7efcce2f4000-7efcce343000 r-xp 0001c000 08:02 1444253                    /usr/lib/x86_64-linux-gnu/libssl.so.1.1
7efcce343000-7efcce35d000 r--p 0006b000 08:02 1444253                    /usr/lib/x86_64-linux-gnu/libssl.so.1.1
7efcce35d000-7efcce35e000 ---p 00085000 08:02 1444253                    /usr/lib/x86_64-linux-gnu/libssl.so.1.1
7efcce35e000-7efcce367000 r--p 00085000 08:02 1444253                    /usr/lib/x86_64-linux-gnu/libssl.so.1.1
7efcce367000-7efcce36b000 rw-p 0008e000 08:02 1444253                    /usr/lib/x86_64-linux-gnu/libssl.so.1.1
7efcce36b000-7efcce371000 r--p 00000000 08:02 2234019                    /usr/local/lib/libwebrtc.so.2
7efcce371000-7efcce38a000 r-xp 00006000 08:02 2234019                    /usr/local/lib/libwebrtc.so.2
7efcce38a000-7efcce392000 r--p 0001f000 08:02 2234019                    /usr/local/lib/libwebrtc.so.2
7efcce392000-7efcce393000 r--p 00026000 08:02 2234019                    /usr/local/lib/libwebrtc.so.2
7efcce393000-7efcce394000 rw-p 00027000 08:02 2234019                    /usr/local/lib/libwebrtc.so.2
7efcce394000-7efcce39a000 r--p 00000000 08:02 2234011                    /usr/local/lib/libspeex.so.2
7efcce39a000-7efcce3b8000 r-xp 00006000 08:02 2234011                    /usr/local/lib/libspeex.so.2
7efcce3b8000-7efcce3c0000 r--p 00024000 08:02 2234011                    /usr/local/lib/libspeex.so.2
7efcce3c0000-7efcce3c1000 ---p 0002c000 08:02 2234011                    /usr/local/lib/libspeex.so.2
7efcce3c1000-7efcce3c2000 r--p 0002c000 08:02 2234011                    /usr/local/lib/libspeex.so.2
7efcce3c2000-7efcce3c3000 rw-p 0002d000 08:02 2234011                    /usr/local/lib/libspeex.so.2
7efcce3c3000-7efcce3c4000 r--p 00000000 08:02 2234007                    /usr/local/lib/libresample.so.2
7efcce3c4000-7efcce3c5000 r-xp 00001000 08:02 2234007                    /usr/local/lib/libresample.so.2
7efcce3c5000-7efcce3d0000 r--p 00002000 08:02 2234007                    /usr/local/lib/libresample.so.2
7efcce3d0000-7efcce3d1000 r--p 0000c000 08:02 2234007                    /usr/local/lib/libresample.so.2
7efcce3d1000-7efcce3d2000 rw-p 0000d000 08:02 2234007                    /usr/local/lib/libresample.so.2
7efcce3d2000-7efcce3d7000 r--p 00000000 08:02 2234005                    /usr/local/lib/libsrtp.so.2
7efcce3d7000-7efcce3e2000 r-xp 00005000 08:02 2234005                    /usr/local/lib/libsrtp.so.2
7efcce3e2000-7efcce3e6000 r--p 00010000 08:02 2234005                    /usr/local/lib/libsrtp.so.2
7efcce3e6000-7efcce3e7000 r--p 00013000 08:02 2234005                    /usr/local/lib/libsrtp.so.2
7efcce3e7000-7efcce3e8000 rw-p 00014000 08:02 2234005                    /usr/local/lib/libsrtp.so.2
7efcce3e8000-7efcce460000 r--p 00000000 08:02 1442325                    /usr/lib/x86_64-linux-gnu/libcrypto.so.1.1
7efcce460000-7efcce5fb000 r-xp 00078000 08:02 1442325                    /usr/lib/x86_64-linux-gnu/libcrypto.so.1.1
7efcce5fb000-7efcce68c000 r--p 00213000 08:02 1442325                    /usr/lib/x86_64-linux-gnu/libcrypto.so.1.1
7efcce68c000-7efcce6b8000 r--p 002a3000 08:02 1442325                    /usr/lib/x86_64-linux-gnu/libcrypto.so.1.1
7efcce6b8000-7efcce6ba000 rw-p 002cf000 08:02 1442325                    /usr/lib/x86_64-linux-gnu/libcrypto.so.1.1
7efcce6ba000-7efcce6be000 rw-p 00000000 00:00 0 
7efcce6be000-7efcce6c6000 r--p 00000000 08:02 2234039                    /usr/local/lib/libpjnath.so.2
7efcce6c6000-7efcce6e4000 r-xp 00008000 08:02 2234039                    /usr/local/lib/libpjnath.so.2
7efcce6e4000-7efcce6f0000 r--p 00026000 08:02 2234039                    /usr/local/lib/libpjnath.so.2
7efcce6f0000-7efcce6f1000 r--p 00031000 08:02 2234039                    /usr/local/lib/libpjnath.so.2
7efcce6f1000-7efcce6f3000 rw-p 00032000 08:02 2234039                    /usr/local/lib/libpjnath.so.2
7efcce6f3000-7efcce6f6000 r--p 00000000 08:02 2234031                    /usr/local/lib/libpjmedia-codec.so.2
7efcce6f6000-7efcce6fe000 r-xp 00003000 08:02 2234031                    /usr/local/lib/libpjmedia-codec.so.2
7efcce6fe000-7efcce701000 r--p 0000b000 08:02 2234031                    /usr/local/lib/libpjmedia-codec.so.2
7efcce701000-7efcce702000 r--p 0000d000 08:02 2234031                    /usr/local/lib/libpjmedia-codec.so.2
7efcce702000-7efcce703000 rw-p 0000e000 08:02 2234031                    /usr/local/lib/libpjmedia-codec.so.2
7efcce703000-7efcce709000 r--p 00000000 08:02 2234025                    /usr/local/lib/libpjsip-ua.so.2
7efcce709000-7efcce71b000 r-xp 00006000 08:02 2234025                    /usr/local/lib/libpjsip-ua.so.2
7efcce71b000-7efcce721000 r--p 00018000 08:02 2234025                    /usr/local/lib/libpjsip-ua.so.2
7efcce721000-7efcce722000 r--p 0001d000 08:02 2234025                    /usr/local/lib/libpjsip-ua.so.2
7efcce722000-7efcce723000 rw-p 0001e000 08:02 2234025                    /usr/local/lib/libpjsip-ua.so.2
7efcce723000-7efcce72f000 r--p 00000000 08:02 2234043                    /usr/local/lib/libpj.so.2
7efcce72f000-7efcce74d000 r-xp 0000c000 08:02 2234043                    /usr/local/lib/libpj.so.2
7efcce74d000-7efcce758000 r--p 0002a000 08:02 2234043                    /usr/local/lib/libpj.so.2
7efcce758000-7efcce759000 ---p 00035000 08:02 2234043                    /usr/local/lib/libpj.so.2
7efcce759000-7efcce75a000 r--p 00035000 08:02 2234043                    /usr/local/lib/libpj.so.2
7efcce75a000-7efcce75b000 rw-p 00036000 08:02 2234043                    /usr/local/lib/libpj.so.2
7efcce75b000-7efcce75d000 rw-p 00000000 00:00 0 
7efcce75d000-7efcce764000 r--p 00000000 08:02 2234041                    /usr/local/lib/libpjlib-util.so.2
7efcce764000-7efcce77e000 r-xp 00007000 08:02 2234041                    /usr/local/lib/libpjlib-util.so.2
7efcce77e000-7efcce786000 r--p 00021000 08:02 2234041                    /usr/local/lib/libpjlib-util.so.2
7efcce786000-7efcce787000 r--p 00028000 08:02 2234041                    /usr/local/lib/libpjlib-util.so.2
7efcce787000-7efcce788000 rw-p 00029000 08:02 2234041                    /usr/local/lib/libpjlib-util.so.2
7efcce788000-7efcce796000 r--p 00000000 08:02 2234035                    /usr/local/lib/libpjmedia.so.2
7efcce796000-7efcce7ce000 r-xp 0000e000 08:02 2234035                    /usr/local/lib/libpjmedia.so.2
7efcce7ce000-7efcce7eb000 r--p 00046000 08:02 2234035                    /usr/local/lib/libpjmedia.so.2
7efcce7eb000-7efcce7ec000 ---p 00063000 08:02 2234035                    /usr/local/lib/libpjmedia.so.2
7efcce7ec000-7efcce7ed000 r--p 00063000 08:02 2234035                    /usr/local/lib/libpjmedia.so.2
7efcce7ed000-7efcce7ef000 rw-p 00064000 08:02 2234035                    /usr/local/lib/libpjmedia.so.2
7efcce7ef000-7efcce7f0000 rw-p 00000000 00:00 0 
7efcce7f0000-7efcce7fe000 r--p 00000000 08:02 2234029                    /usr/local/lib/libpjsip.so.2
7efcce7fe000-7efcce82e000 r-xp 0000e000 08:02 2234029                    /usr/local/lib/libpjsip.so.2
7efcce82e000-7efcce83f000 r--p 0003e000 08:02 2234029                    /usr/local/lib/libpjsip.so.2
7efcce83f000-7efcce841000 r--p 0004e000 08:02 2234029                    /usr/local/lib/libpjsip.so.2
7efcce841000-7efcce843000 rw-p 00050000 08:02 2234029                    /usr/local/lib/libpjsip.so.2
7efcce843000-7efcce848000 rw-p 00000000 00:00 0 
7efcce848000-7efcce856000 r--p 00000000 08:02 2234023                    /usr/local/lib/libpjsua.so.2
7efcce856000-7efcce88b000 r-xp 0000e000 08:02 2234023                    /usr/local/lib/libpjsua.so.2
7efcce88b000-7efcce898000 r--p 00043000 08:02 2234023                    /usr/local/lib/libpjsua.so.2
7efcce898000-7efcce899000 r--p 0004f000 08:02 2234023                    /usr/local/lib/libpjsua.so.2
7efcce899000-7efcce89b000 rw-p 00050000 08:02 2234023                    /usr/local/lib/libpjsua.so.2
7efcce89b000-7efcce97d000 rw-p 00000000 00:00 0 
7efcce97d000-7efcce999000 r--p 00000000 08:02 2234021                    /usr/local/lib/libpjsua2.so.2
7efcce999000-7efcce9ed000 r-xp 0001c000 08:02 2234021                    /usr/local/lib/libpjsua2.so.2
7efcce9ed000-7efccea02000 r--p 00070000 08:02 2234021                    /usr/local/lib/libpjsua2.so.2
7efccea02000-7efccea04000 r--p 00084000 08:02 2234021                    /usr/local/lib/libpjsua2.so.2
7efccea04000-7efccea06000 rw-p 00086000 08:02 2234021                    /usr/local/lib/libpjsua2.so.2
7efccea06000-7efccea55000 r--p 00000000 08:02 3937548                    /home/user/NetBeansProjects/pjsau/src/pjsau/Sofile/libpjsua2.so
7efccea55000-7efcceae1000 r-xp 0004f000 08:02 3937548                    /home/user/NetBeansProjects/pjsau/src/pjsau/Sofile/libpjsua2.so
7efcceae1000-7efcceb17000 r--p 000db000 08:02 3937548                    /home/user/NetBeansProjects/pjsau/src/pjsau/Sofile/libpjsua2.so
7efcceb17000-7efcceb18000 ---p 00111000 08:02 3937548                    /home/user/NetBeansProjects/pjsau/src/pjsau/Sofile/libpjsua2.so
7efcceb18000-7efcceb19000 r--p 00111000 08:02 3937548                    /home/user/NetBeansProjects/pjsau/src/pjsau/Sofile/libpjsua2.so
7efcceb19000-7efcceb1b000 rw-p 00112000 08:02 3937548                    /home/user/NetBeansProjects/pjsau/src/pjsau/Sofile/libpjsua2.so
7efcceb1b000-7efcceb1e000 r--p 00000000 08:02 1449406                    /usr/lib/x86_64-linux-gnu/libgcc_s.so.1
7efcceb1e000-7efcceb30000 r-xp 00003000 08:02 1449406                    /usr/lib/x86_64-linux-gnu/libgcc_s.so.1
7efcceb30000-7efcceb34000 r--p 00015000 08:02 1449406                    /usr/lib/x86_64-linux-gnu/libgcc_s.so.1
7efcceb34000-7efcceb35000 r--p 00018000 08:02 1449406                    /usr/lib/x86_64-linux-gnu/libgcc_s.so.1
7efcceb35000-7efcceb36000 rw-p 00019000 08:02 1449406                    /usr/lib/x86_64-linux-gnu/libgcc_s.so.1
7efcceb36000-7efccebcc000 r--p 00000000 08:02 1450209                    /usr/lib/x86_64-linux-gnu/libstdc++.so.6.0.28
7efccebcc000-7efccecbd000 r-xp 00096000 08:02 1450209                    /usr/lib/x86_64-linux-gnu/libstdc++.so.6.0.28
7efccecbd000-7efcced06000 r--p 00187000 08:02 1450209                    /usr/lib/x86_64-linux-gnu/libstdc++.so.6.0.28
7efcced06000-7efcced07000 ---p 001d0000 08:02 1450209                    /usr/lib/x86_64-linux-gnu/libstdc++.so.6.0.28
7efcced07000-7efcced12000 r--p 001d0000 08:02 1450209                    /usr/lib/x86_64-linux-gnu/libstdc++.so.6.0.28
7efcced12000-7efcced15000 rw-p 001db000 08:02 1450209                    /usr/lib/x86_64-linux-gnu/libstdc++.so.6.0.28
7efcced15000-7efcced18000 rw-p 00000000 00:00 0 
7efcced18000-7efccee81000 r-xp 00000000 08:02 5921502                    /home/user/NetBeansProjects/pjsau/src/pjsau/Sofile/libopenh264.so
7efccee81000-7efccf081000 ---p 00169000 08:02 5921502                    /home/user/NetBeansProjects/pjsau/src/pjsau/Sofile/libopenh264.so
7efccf081000-7efccf084000 r--p 00169000 08:02 5921502                    /home/user/NetBeansProjects/pjsau/src/pjsau/Sofile/libopenh264.so
7efccf084000-7efccf086000 rw-p 0016c000 08:02 5921502                    /home/user/NetBeansProjects/pjsau/src/pjsau/Sofile/libopenh264.so
7efccf086000-7efccf087000 ---p 00000000 00:00 0 
7efccf087000-7efccf187000 rw-p 00000000 00:00 0 
7efccf187000-7efccf18a000 ---p 00000000 00:00 0 
7efccf18a000-7efccf288000 rw-p 00000000 00:00 0 
7efccf288000-7efccf289000 ---p 00000000 00:00 0 
7efccf289000-7efccf28c000 ---p 00000000 00:00 0 
7efccf28c000-7efccf389000 rw-p 00000000 00:00 0 
7efccf389000-7efccf38a000 ---p 00000000 00:00 0 
7efccf38a000-7efccf38d000 ---p 00000000 00:00 0 
7efccf38d000-7efccf48a000 rw-p 00000000 00:00 0 
7efccf48a000-7efccf48b000 ---p 00000000 00:00 0 
7efccf48b000-7efccf48e000 ---p 00000000 00:00 0 
7efccf48e000-7efccf58b000 rw-p 00000000 00:00 0 
7efccf58b000-7efccf58e000 ---p 00000000 00:00 0 
7efccf58e000-7efccf68c000 rw-p 00000000 00:00 0 
7efccf68c000-7efccfbfc000 r--p 00000000 08:02 1444832                    /usr/lib/locale/locale-archive
7efccfbfc000-7efccfbff000 ---p 00000000 00:00 0 
7efccfbff000-7efccfcfd000 rw-p 00000000 00:00 0 
7efccfcfd000-7efccfd00000 ---p 00000000 00:00 0 
7efccfd00000-7efccfdfe000 rw-p 00000000 00:00 0 
7efccfdfe000-7efccfdff000 ---p 00000000 00:00 0 
7efccfdff000-7efcd0000000 rw-p 00000000 00:00 0 
7efcd0000000-7efcd0021000 rw-p 00000000 00:00 0 
7efcd0021000-7efcd4000000 ---p 00000000 00:00 0 
7efcd4000000-7efcd4002000 r--p 00000000 08:02 1448951                    /usr/lib/x86_64-linux-gnu/libXdmcp.so.6.0.0
7efcd4002000-7efcd4004000 r-xp 00002000 08:02 1448951                    /usr/lib/x86_64-linux-gnu/libXdmcp.so.6.0.0
7efcd4004000-7efcd4006000 r--p 00004000 08:02 1448951                    /usr/lib/x86_64-linux-gnu/libXdmcp.so.6.0.0
7efcd4006000-7efcd4007000 r--p 00005000 08:02 1448951                    /usr/lib/x86_64-linux-gnu/libXdmcp.so.6.0.0
7efcd4007000-7efcd4008000 rw-p 00006000 08:02 1448951                    /usr/lib/x86_64-linux-gnu/libXdmcp.so.6.0.0
7efcd4008000-7efcd400a000 r--p 00000000 08:02 2234037                    /usr/local/lib/libpjmedia-audiodev.so.2
7efcd400a000-7efcd400e000 r-xp 00002000 08:02 2234037                    /usr/local/lib/libpjmedia-audiodev.so.2
7efcd400e000-7efcd400f000 r--p 00006000 08:02 2234037                    /usr/local/lib/libpjmedia-audiodev.so.2
7efcd400f000-7efcd4010000 ---p 00007000 08:02 2234037                    /usr/local/lib/libpjmedia-audiodev.so.2
7efcd4010000-7efcd4011000 r--p 00007000 08:02 2234037                    /usr/local/lib/libpjmedia-audiodev.so.2
7efcd4011000-7efcd4012000 rw-p 00008000 08:02 2234037                    /usr/local/lib/libpjmedia-audiodev.so.2
7efcd4012000-7efcd4e20000 rw-p 00000000 00:00 0 
7efcd4e20000-7efcd5000000 r--s 03ea1000 08:02 5380617                    /home/user/software/jdk1.8.0_331/jre/lib/rt.jar
7efcd5000000-7efcd5270000 rwxp 00000000 00:00 0 
7efcd5270000-7efce4000000 ---p 00000000 00:00 0 
7efce4000000-7efce4245000 rw-p 00000000 00:00 0 
7efce4245000-7efce8000000 ---p 00000000 00:00 0 
7efce8000000-7efce8006000 r--p 00000000 08:02 2234027                    /usr/local/lib/libpjsip-simple.so.2
7efce8006000-7efce8011000 r-xp 00006000 08:02 2234027                    /usr/local/lib/libpjsip-simple.so.2
7efce8011000-7efce8015000 r--p 00011000 08:02 2234027                    /usr/local/lib/libpjsip-simple.so.2
7efce8015000-7efce8016000 ---p 00015000 08:02 2234027                    /usr/local/lib/libpjsip-simple.so.2
7efce8016000-7efce8017000 r--p 00015000 08:02 2234027                    /usr/local/lib/libpjsip-simple.so.2
7efce8017000-7efce8018000 rw-p 00016000 08:02 2234027                    /usr/local/lib/libpjsip-simple.so.2
7efce801a000-7efce801b000 r--p 00000000 08:02 1448940                    /usr/lib/x86_64-linux-gnu/libXau.so.6.0.0
7efce801b000-7efce801d000 r-xp 00001000 08:02 1448940                    /usr/lib/x86_64-linux-gnu/libXau.so.6.0.0
7efce801d000-7efce801e000 r--p 00003000 08:02 1448940                    /usr/lib/x86_64-linux-gnu/libXau.so.6.0.0
7efce801e000-7efce801f000 r--p 00003000 08:02 1448940                    /usr/lib/x86_64-linux-gnu/libXau.so.6.0.0
7efce801f000-7efce8020000 rw-p 00004000 08:02 1448940                    /usr/lib/x86_64-linux-gnu/libXau.so.6.0.0
7efce8020000-7efce8023000 r--p 00000000 08:02 1450402                    /usr/lib/x86_64-linux-gnu/libwrap.so.0.7.6
7efce8023000-7efce8028000 r-xp 00003000 08:02 1450402                    /usr/lib/x86_64-linux-gnu/libwrap.so.0.7.6
7efce8028000-7efce802a000 r--p 00008000 08:02 1450402                    /usr/lib/x86_64-linux-gnu/libwrap.so.0.7.6
7efce802a000-7efce802b000 r--p 00009000 08:02 1450402                    /usr/lib/x86_64-linux-gnu/libwrap.so.0.7.6
7efce802b000-7efce802c000 rw-p 0000a000 08:02 1450402                    /usr/lib/x86_64-linux-gnu/libwrap.so.0.7.6
7efce802c000-7efce802d000 r--p 00000000 08:02 2097971                    /usr/lib/x86_64-linux-gnu/alsa-lib/libasound_module_rate_samplerate.so
7efce802d000-7efce802e000 r-xp 00001000 08:02 2097971                    /usr/lib/x86_64-linux-gnu/alsa-lib/libasound_module_rate_samplerate.so
7efce802e000-7efce802f000 r--p 00002000 08:02 2097971                    /usr/lib/x86_64-linux-gnu/alsa-lib/libasound_module_rate_samplerate.so
7efce802f000-7efce8030000 r--p 00002000 08:02 2097971                    /usr/lib/x86_64-linux-gnu/alsa-lib/libasound_module_rate_samplerate.so
7efce8030000-7efce8031000 rw-p 00003000 08:02 2097971                    /usr/lib/x86_64-linux-gnu/alsa-lib/libasound_module_rate_samplerate.so
7efce8031000-7efce8619000 rw-p 00000000 00:00 0 
7efce8619000-7efce861a000 ---p 00000000 00:00 0 
7efce861a000-7efce871a000 rw-p 00000000 00:00 0 
7efce871a000-7efce871b000 ---p 00000000 00:00 0 
7efce871b000-7efce881b000 rw-p 00000000 00:00 0 
7efce881b000-7efce881c000 ---p 00000000 00:00 0 
7efce881c000-7efce891c000 rw-p 00000000 00:00 0 
7efce891c000-7efce891d000 ---p 00000000 00:00 0 
7efce891d000-7efce8a47000 rw-p 00000000 00:00 0 
7efce8a47000-7efce8caa000 ---p 00000000 00:00 0 
7efce8caa000-7efce8cd4000 rw-p 00000000 00:00 0 
7efce8cd4000-7efce8f36000 ---p 00000000 00:00 0 
7efce8f36000-7efce8f4c000 rw-p 00000000 00:00 0 
7efce8f4c000-7efce907d000 ---p 00000000 00:00 0 
7efce907d000-7efce9088000 rw-p 00000000 00:00 0 
7efce9088000-7efce943e000 ---p 00000000 00:00 0 
7efce943e000-7efce9459000 r-xp 00000000 08:02 5380501                    /home/user/software/jdk1.8.0_331/jre/lib/amd64/libzip.so
7efce9459000-7efce9658000 ---p 0001b000 08:02 5380501                    /home/user/software/jdk1.8.0_331/jre/lib/amd64/libzip.so
7efce9658000-7efce9659000 r--p 0001a000 08:02 5380501                    /home/user/software/jdk1.8.0_331/jre/lib/amd64/libzip.so
7efce9659000-7efce965a000 rw-p 0001b000 08:02 5380501                    /home/user/software/jdk1.8.0_331/jre/lib/amd64/libzip.so
7efce965a000-7efce9662000 rw-s 00000000 08:02 9833400                    /tmp/hsperfdata_user/16327
7efce9662000-7efce968f000 r-xp 00000000 08:02 5380498                    /home/user/software/jdk1.8.0_331/jre/lib/amd64/libjava.so
7efce968f000-7efce988e000 ---p 0002d000 08:02 5380498                    /home/user/software/jdk1.8.0_331/jre/lib/amd64/libjava.so
7efce988e000-7efce988f000 r--p 0002c000 08:02 5380498                    /home/user/software/jdk1.8.0_331/jre/lib/amd64/libjava.so
7efce988f000-7efce9891000 rw-p 0002d000 08:02 5380498                    /home/user/software/jdk1.8.0_331/jre/lib/amd64/libjava.so
7efce9891000-7efce989e000 r-xp 00000000 08:02 5380487                    /home/user/software/jdk1.8.0_331/jre/lib/amd64/libverify.so
7efce989e000-7efce9a9d000 ---p 0000d000 08:02 5380487                    /home/user/software/jdk1.8.0_331/jre/lib/amd64/libverify.so
7efce9a9d000-7efce9a9f000 r--p 0000c000 08:02 5380487                    /home/user/software/jdk1.8.0_331/jre/lib/amd64/libverify.so
7efce9a9f000-7efce9aa0000 rw-p 0000e000 08:02 5380487                    /home/user/software/jdk1.8.0_331/jre/lib/amd64/libverify.so
7efce9aa0000-7efce9aa2000 r--p 00000000 08:02 1445807                    /usr/lib/x86_64-linux-gnu/librt-2.31.so
7efce9aa2000-7efce9aa6000 r-xp 00002000 08:02 1445807                    /usr/lib/x86_64-linux-gnu/librt-2.31.so
7efce9aa6000-7efce9aa8000 r--p 00006000 08:02 1445807                    /usr/lib/x86_64-linux-gnu/librt-2.31.so
7efce9aa8000-7efce9aa9000 r--p 00007000 08:02 1445807                    /usr/lib/x86_64-linux-gnu/librt-2.31.so
7efce9aa9000-7efce9aaa000 rw-p 00008000 08:02 1445807                    /usr/lib/x86_64-linux-gnu/librt-2.31.so
7efce9aaa000-7efce9aab000 ---p 00000000 00:00 0 
7efce9aab000-7efce9aae000 ---p 00000000 00:00 0 
7efce9aae000-7efce9bab000 rw-p 00000000 00:00 0 
7efce9bab000-7efce9bb8000 r--p 00000000 08:02 1445794                    /usr/lib/x86_64-linux-gnu/libm-2.31.so
7efce9bb8000-7efce9c5f000 r-xp 0000d000 08:02 1445794                    /usr/lib/x86_64-linux-gnu/libm-2.31.so
7efce9c5f000-7efce9cf8000 r--p 000b4000 08:02 1445794                    /usr/lib/x86_64-linux-gnu/libm-2.31.so
7efce9cf8000-7efce9cf9000 r--p 0014c000 08:02 1445794                    /usr/lib/x86_64-linux-gnu/libm-2.31.so
7efce9cf9000-7efce9cfa000 rw-p 0014d000 08:02 1445794                    /usr/lib/x86_64-linux-gnu/libm-2.31.so
7efce9cfa000-7efcea9f2000 r-xp 00000000 08:02 5380480                    /home/user/software/jdk1.8.0_331/jre/lib/amd64/server/libjvm.so
7efcea9f2000-7efceabf1000 ---p 00cf8000 08:02 5380480                    /home/user/software/jdk1.8.0_331/jre/lib/amd64/server/libjvm.so
7efceabf1000-7efceac87000 r--p 00cf7000 08:02 5380480                    /home/user/software/jdk1.8.0_331/jre/lib/amd64/server/libjvm.so
7efceac87000-7efceacb8000 rw-p 00d8d000 08:02 5380480                    /home/user/software/jdk1.8.0_331/jre/lib/amd64/server/libjvm.so
7efceacb8000-7efceacf5000 rw-p 00000000 00:00 0 
7efceacf5000-7efcead17000 r--p 00000000 08:02 1445792                    /usr/lib/x86_64-linux-gnu/libc-2.31.so
7efcead17000-7efceae8f000 r-xp 00022000 08:02 1445792                    /usr/lib/x86_64-linux-gnu/libc-2.31.so
7efceae8f000-7efceaedd000 r--p 0019a000 08:02 1445792                    /usr/lib/x86_64-linux-gnu/libc-2.31.so
7efceaedd000-7efceaee1000 r--p 001e7000 08:02 1445792                    /usr/lib/x86_64-linux-gnu/libc-2.31.so
7efceaee1000-7efceaee3000 rw-p 001eb000 08:02 1445792                    /usr/lib/x86_64-linux-gnu/libc-2.31.so
7efceaee3000-7efceaee7000 rw-p 00000000 00:00 0 
7efceaee7000-7efceaee8000 r--p 00000000 08:02 1445793                    /usr/lib/x86_64-linux-gnu/libdl-2.31.so
7efceaee8000-7efceaeea000 r-xp 00001000 08:02 1445793                    /usr/lib/x86_64-linux-gnu/libdl-2.31.so
7efceaeea000-7efceaeeb000 r--p 00003000 08:02 1445793                    /usr/lib/x86_64-linux-gnu/libdl-2.31.so
7efceaeeb000-7efceaeec000 r--p 00003000 08:02 1445793                    /usr/lib/x86_64-linux-gnu/libdl-2.31.so
7efceaeec000-7efceaeed000 rw-p 00004000 08:02 1445793                    /usr/lib/x86_64-linux-gnu/libdl-2.31.so
7efceaeed000-7efceaf04000 r-xp 00000000 08:02 9965144                    /home/user/software/jdk1.8.0_331/lib/amd64/jli/libjli.so
7efceaf04000-7efceb103000 ---p 00017000 08:02 9965144                    /home/user/software/jdk1.8.0_331/lib/amd64/jli/libjli.so
7efceb103000-7efceb104000 r--p 00016000 08:02 9965144                    /home/user/software/jdk1.8.0_331/lib/amd64/jli/libjli.so
7efceb104000-7efceb105000 rw-p 00017000 08:02 9965144                    /home/user/software/jdk1.8.0_331/lib/amd64/jli/libjli.so
7efceb105000-7efceb10b000 r--p 00000000 08:02 1445805                    /usr/lib/x86_64-linux-gnu/libpthread-2.31.so
7efceb10b000-7efceb11c000 r-xp 00006000 08:02 1445805                    /usr/lib/x86_64-linux-gnu/libpthread-2.31.so
7efceb11c000-7efceb122000 r--p 00017000 08:02 1445805                    /usr/lib/x86_64-linux-gnu/libpthread-2.31.so
7efceb122000-7efceb123000 r--p 0001c000 08:02 1445805                    /usr/lib/x86_64-linux-gnu/libpthread-2.31.so
7efceb123000-7efceb124000 rw-p 0001d000 08:02 1445805                    /usr/lib/x86_64-linux-gnu/libpthread-2.31.so
7efceb124000-7efceb128000 rw-p 00000000 00:00 0 
7efceb12c000-7efceb12f000 r--p 00000000 08:02 1445800                    /usr/lib/x86_64-linux-gnu/libnss_files-2.31.so
7efceb12f000-7efceb136000 r-xp 00003000 08:02 1445800                    /usr/lib/x86_64-linux-gnu/libnss_files-2.31.so
7efceb136000-7efceb138000 r--p 0000a000 08:02 1445800                    /usr/lib/x86_64-linux-gnu/libnss_files-2.31.so
7efceb138000-7efceb139000 r--p 0000b000 08:02 1445800                    /usr/lib/x86_64-linux-gnu/libnss_files-2.31.so
7efceb139000-7efceb13a000 rw-p 0000c000 08:02 1445800                    /usr/lib/x86_64-linux-gnu/libnss_files-2.31.so
7efceb13a000-7efceb143000 rw-p 00000000 00:00 0 
7efceb143000-7efceb144000 r--p 00000000 08:02 1445788                    /usr/lib/x86_64-linux-gnu/ld-2.31.so
7efceb144000-7efceb167000 r-xp 00001000 08:02 1445788                    /usr/lib/x86_64-linux-gnu/ld-2.31.so
7efceb167000-7efceb16f000 r--p 00024000 08:02 1445788                    /usr/lib/x86_64-linux-gnu/ld-2.31.so
7efceb16f000-7efceb170000 r--p 00000000 00:00 0 
7efceb170000-7efceb171000 r--p 0002c000 08:02 1445788                    /usr/lib/x86_64-linux-gnu/ld-2.31.so
7efceb171000-7efceb172000 rw-p 0002d000 08:02 1445788                    /usr/lib/x86_64-linux-gnu/ld-2.31.so
7efceb172000-7efceb173000 rw-p 00000000 00:00 0 
7ffc23cb6000-7ffc23cd7000 rw-p 00000000 00:00 0                          [stack]
7ffc23d12000-7ffc23d16000 r--p 00000000 00:00 0                          [vvar]
7ffc23d16000-7ffc23d18000 r-xp 00000000 00:00 0                          [vdso]
ffffffffff600000-ffffffffff601000 --xp 00000000 00:00 0                  [vsyscall]

VM Arguments:
jvm_args: -Dfile.encoding=UTF-8 -Djava.library.path=/home/user/NetBeansProjects/pjsau/src/pjsau/Sofile/ 
java_command: pjsau.Pjsau
java_class_path (initial): /home/user/Downloads/pjproject-2.12.1/pjsip-apps/src/swig/java/output:/home/user/NetBeansProjects/pjsau/build/classes
Launcher Type: SUN_STANDARD

Environment Variables:
PATH=/home/user/.local/bin:/usr/local/sbin:/usr/local/bin:/usr/sbin:/usr/bin:/sbin:/bin:/usr/games:/usr/local/games:/snap/bin
USERNAME=user
SHELL=/bin/bash
DISPLAY=:0

Signal Handlers:
SIGSEGV: [libjvm.so+0xae0f60], sa_mask[0]=11111111011111111101111111111110, sa_flags=SA_RESTART|SA_SIGINFO
SIGBUS: [libjvm.so+0xae0f60], sa_mask[0]=11111111011111111101111111111110, sa_flags=SA_RESTART|SA_SIGINFO
SIGFPE: [libjvm.so+0xae0f60], sa_mask[0]=11111111011111111101111111111110, sa_flags=SA_RESTART|SA_SIGINFO
SIGPIPE: [libjvm.so+0x915120], sa_mask[0]=11111111011111111101111111111110, sa_flags=SA_RESTART|SA_SIGINFO
SIGXFSZ: [libjvm.so+0x915120], sa_mask[0]=11111111011111111101111111111110, sa_flags=SA_RESTART|SA_SIGINFO
SIGILL: [libjvm.so+0xae0f60], sa_mask[0]=11111111011111111101111111111110, sa_flags=SA_RESTART|SA_SIGINFO
SIGUSR1: SIG_DFL, sa_mask[0]=00000000000000000000000000000000, sa_flags=none
SIGUSR2: [libjvm.so+0x914ff0], sa_mask[0]=00100000000000000000000000000000, sa_flags=SA_RESTART|SA_SIGINFO
SIGHUP: [libjvm.so+0x915610], sa_mask[0]=11111111011111111101111111111110, sa_flags=SA_RESTART|SA_SIGINFO
SIGINT: SIG_IGN, sa_mask[0]=00000000000000000000000000000000, sa_flags=none
SIGTERM: [libjvm.so+0x915610], sa_mask[0]=11111111011111111101111111111110, sa_flags=SA_RESTART|SA_SIGINFO
SIGQUIT: [libjvm.so+0x915610], sa_mask[0]=11111111011111111101111111111110, sa_flags=SA_RESTART|SA_SIGINFO


---------------  S Y S T E M  ---------------

OS:DISTRIB_ID=Ubuntu
DISTRIB_RELEASE=20.04
DISTRIB_CODENAME=focal
DISTRIB_DESCRIPTION="Ubuntu 20.04.4 LTS"

uname:Linux 5.13.0-44-generic #49~20.04.1-Ubuntu SMP Wed May 18 18:44:28 UTC 2022 x86_64
libc:glibc 2.31 NPTL 2.31 
rlimit: STACK 8192k, CORE 0k, NPROC 31039, NOFILE 1048576, AS infinity
load average:0.77 0.96 0.84

/proc/meminfo:
MemTotal:        8017192 kB
MemFree:         1176644 kB
MemAvailable:    3639684 kB
Buffers:          413316 kB
Cached:          2565348 kB
SwapCached:            0 kB
Active:          1896888 kB
Inactive:        4273780 kB
Active(anon):     143508 kB
Inactive(anon):  3533964 kB
Active(file):    1753380 kB
Inactive(file):   739816 kB
Unevictable:      140240 kB
Mlocked:              20 kB
SwapTotal:       3999740 kB
SwapFree:        3998448 kB
Dirty:               432 kB
Writeback:             0 kB
AnonPages:       3332264 kB
Mapped:           667452 kB
Shmem:            493936 kB
KReclaimable:     273908 kB
Slab:             414592 kB
SReclaimable:     273908 kB
SUnreclaim:       140684 kB
KernelStack:       16084 kB
PageTables:        31828 kB
NFS_Unstable:          0 kB
Bounce:                0 kB
WritebackTmp:          0 kB
CommitLimit:     8008336 kB
Committed_AS:    8846432 kB
VmallocTotal:   34359738367 kB
VmallocUsed:       40732 kB
VmallocChunk:          0 kB
Percpu:             4224 kB
HardwareCorrupted:     0 kB
AnonHugePages:         0 kB
ShmemHugePages:        0 kB
ShmemPmdMapped:        0 kB
FileHugePages:         0 kB
FilePmdMapped:         0 kB
HugePages_Total:       0
HugePages_Free:        0
HugePages_Rsvd:        0
HugePages_Surp:        0
Hugepagesize:       2048 kB
Hugetlb:               0 kB
DirectMap4k:      332192 kB
DirectMap2M:     6883328 kB
DirectMap1G:     1048576 kB

container (cgroup) information:
container_type: cgroupv1
cpu_cpuset_cpus: 0-3
cpu_memory_nodes: 0
active_processor_count: 4
cpu_quota: -1
cpu_period: 100000
cpu_shares: -1
memory_limit_in_bytes: -1
memory_and_swap_limit_in_bytes: -1
memory_soft_limit_in_bytes: -1
memory_usage_in_bytes: 4815831040
memory_max_usage_in_bytes: 5925371904


CPU:total 4 (initial active 4) (4 cores per cpu, 1 threads per core) family 6 model 158 stepping 9, cmov, cx8, fxsr, mmx, sse, sse2, sse3, ssse3, sse4.1, sse4.2, popcnt, avx, avx2, aes, clmul, erms, rtm, 3dnowpref, lzcnt, tsc, tscinvbit, bmi1, bmi2, adx

/proc/cpuinfo:
processor	: 0
vendor_id	: GenuineIntel
cpu family	: 6
model		: 158
model name	: Intel(R) Core(TM) i5-7500 CPU @ 3.40GHz
stepping	: 9
microcode	: 0xec
cpu MHz		: 3400.000
cache size	: 6144 KB
physical id	: 0
siblings	: 4
core id		: 0
cpu cores	: 4
apicid		: 0
initial apicid	: 0
fpu		: yes
fpu_exception	: yes
cpuid level	: 22
wp		: yes
flags		: fpu vme de pse tsc msr pae mce cx8 apic sep mtrr pge mca cmov pat pse36 clflush dts acpi mmx fxsr sse sse2 ss ht tm pbe syscall nx pdpe1gb rdtscp lm constant_tsc art arch_perfmon pebs bts rep_good nopl xtopology nonstop_tsc cpuid aperfmperf pni pclmulqdq dtes64 monitor ds_cpl vmx smx est tm2 ssse3 sdbg fma cx16 xtpr pdcm pcid sse4_1 sse4_2 x2apic movbe popcnt tsc_deadline_timer aes xsave avx f16c rdrand lahf_lm abm 3dnowprefetch cpuid_fault epb invpcid_single pti ssbd ibrs ibpb stibp tpr_shadow vnmi flexpriority ept vpid ept_ad fsgsbase tsc_adjust bmi1 hle avx2 smep bmi2 erms invpcid rtm mpx rdseed adx smap clflushopt intel_pt xsaveopt xsavec xgetbv1 xsaves dtherm ida arat pln pts hwp hwp_notify hwp_act_window hwp_epp md_clear flush_l1d arch_capabilities
vmx flags	: vnmi preemption_timer invvpid ept_x_only ept_ad ept_1gb flexpriority tsc_offset vtpr mtf vapic ept vpid unrestricted_guest ple shadow_vmcs pml ept_mode_based_exec
bugs		: cpu_meltdown spectre_v1 spectre_v2 spec_store_bypass l1tf mds swapgs taa itlb_multihit srbds
bogomips	: 6799.81
clflush size	: 64
cache_alignment	: 64
address sizes	: 39 bits physical, 48 bits virtual
power management:

processor	: 1
vendor_id	: GenuineIntel
cpu family	: 6
model		: 158
model name	: Intel(R) Core(TM) i5-7500 CPU @ 3.40GHz
stepping	: 9
microcode	: 0xec
cpu MHz		: 3400.000
cache size	: 6144 KB
physical id	: 0
siblings	: 4
core id		: 1
cpu cores	: 4
apicid		: 2
initial apicid	: 2
fpu		: yes
fpu_exception	: yes
cpuid level	: 22
wp		: yes
flags		: fpu vme de pse tsc msr pae mce cx8 apic sep mtrr pge mca cmov pat pse36 clflush dts acpi mmx fxsr sse sse2 ss ht tm pbe syscall nx pdpe1gb rdtscp lm constant_tsc art arch_perfmon pebs bts rep_good nopl xtopology nonstop_tsc cpuid aperfmperf pni pclmulqdq dtes64 monitor ds_cpl vmx smx est tm2 ssse3 sdbg fma cx16 xtpr pdcm pcid sse4_1 sse4_2 x2apic movbe popcnt tsc_deadline_timer aes xsave avx f16c rdrand lahf_lm abm 3dnowprefetch cpuid_fault epb invpcid_single pti ssbd ibrs ibpb stibp tpr_shadow vnmi flexpriority ept vpid ept_ad fsgsbase tsc_adjust bmi1 hle avx2 smep bmi2 erms invpcid rtm mpx rdseed adx smap clflushopt intel_pt xsaveopt xsavec xgetbv1 xsaves dtherm ida arat pln pts hwp hwp_notify hwp_act_window hwp_epp md_clear flush_l1d arch_capabilities
vmx flags	: vnmi preemption_timer invvpid ept_x_only ept_ad ept_1gb flexpriority tsc_offset vtpr mtf vapic ept vpid unrestricted_guest ple shadow_vmcs pml ept_mode_based_exec
bugs		: cpu_meltdown spectre_v1 spectre_v2 spec_store_bypass l1tf mds swapgs taa itlb_multihit srbds
bogomips	: 6799.81
clflush size	: 64
cache_alignment	: 64
address sizes	: 39 bits physical, 48 bits virtual
power management:

processor	: 2
vendor_id	: GenuineIntel
cpu family	: 6
model		: 158
model name	: Intel(R) Core(TM) i5-7500 CPU @ 3.40GHz
stepping	: 9
microcode	: 0xec
cpu MHz		: 1588.573
cache size	: 6144 KB
physical id	: 0
siblings	: 4
core id		: 2
cpu cores	: 4
apicid		: 4
initial apicid	: 4
fpu		: yes
fpu_exception	: yes
cpuid level	: 22
wp		: yes
flags		: fpu vme de pse tsc msr pae mce cx8 apic sep mtrr pge mca cmov pat pse36 clflush dts acpi mmx fxsr sse sse2 ss ht tm pbe syscall nx pdpe1gb rdtscp lm constant_tsc art arch_perfmon pebs bts rep_good nopl xtopology nonstop_tsc cpuid aperfmperf pni pclmulqdq dtes64 monitor ds_cpl vmx smx est tm2 ssse3 sdbg fma cx16 xtpr pdcm pcid sse4_1 sse4_2 x2apic movbe popcnt tsc_deadline_timer aes xsave avx f16c rdrand lahf_lm abm 3dnowprefetch cpuid_fault epb invpcid_single pti ssbd ibrs ibpb stibp tpr_shadow vnmi flexpriority ept vpid ept_ad fsgsbase tsc_adjust bmi1 hle avx2 smep bmi2 erms invpcid rtm mpx rdseed adx smap clflushopt intel_pt xsaveopt xsavec xgetbv1 xsaves dtherm ida arat pln pts hwp hwp_notify hwp_act_window hwp_epp md_clear flush_l1d arch_capabilities
vmx flags	: vnmi preemption_timer invvpid ept_x_only ept_ad ept_1gb flexpriority tsc_offset vtpr mtf vapic ept vpid unrestricted_guest ple shadow_vmcs pml ept_mode_based_exec
bugs		: cpu_meltdown spectre_v1 spectre_v2 spec_store_bypass l1tf mds swapgs taa itlb_multihit srbds
bogomips	: 6799.81
clflush size	: 64
cache_alignment	: 64
address sizes	: 39 bits physical, 48 bits virtual
power management:

processor	: 3
vendor_id	: GenuineIntel
cpu family	: 6
model		: 158
model name	: Intel(R) Core(TM) i5-7500 CPU @ 3.40GHz
stepping	: 9
microcode	: 0xec
cpu MHz		: 1596.864
cache size	: 6144 KB
physical id	: 0
siblings	: 4
core id		: 3
cpu cores	: 4
apicid		: 6
initial apicid	: 6
fpu		: yes
fpu_exception	: yes
cpuid level	: 22
wp		: yes
flags		: fpu vme de pse tsc msr pae mce cx8 apic sep mtrr pge mca cmov pat pse36 clflush dts acpi mmx fxsr sse sse2 ss ht tm pbe syscall nx pdpe1gb rdtscp lm constant_tsc art arch_perfmon pebs bts rep_good nopl xtopology nonstop_tsc cpuid aperfmperf pni pclmulqdq dtes64 monitor ds_cpl vmx smx est tm2 ssse3 sdbg fma cx16 xtpr pdcm pcid sse4_1 sse4_2 x2apic movbe popcnt tsc_deadline_timer aes xsave avx f16c rdrand lahf_lm abm 3dnowprefetch cpuid_fault epb invpcid_single pti ssbd ibrs ibpb stibp tpr_shadow vnmi flexpriority ept vpid ept_ad fsgsbase tsc_adjust bmi1 hle avx2 smep bmi2 erms invpcid rtm mpx rdseed adx smap clflushopt intel_pt xsaveopt xsavec xgetbv1 xsaves dtherm ida arat pln pts hwp hwp_notify hwp_act_window hwp_epp md_clear flush_l1d arch_capabilities
vmx flags	: vnmi preemption_timer invvpid ept_x_only ept_ad ept_1gb flexpriority tsc_offset vtpr mtf vapic ept vpid unrestricted_guest ple shadow_vmcs pml ept_mode_based_exec
bugs		: cpu_meltdown spectre_v1 spectre_v2 spec_store_bypass l1tf mds swapgs taa itlb_multihit srbds
bogomips	: 6799.81
clflush size	: 64
cache_alignment	: 64
address sizes	: 39 bits physical, 48 bits virtual
power management:



Memory: 4k page, physical 8017192k(1188336k free), swap 3999740k(3998448k free)

vm_info: Java HotSpot(TM) 64-Bit Server VM (25.331-b09) for linux-amd64 JRE (1.8.0_331-b09), built on Mar 10 2022 11:12:57 by "java_re" with gcc 7.3.0

time: Thu Jun  2 13:09:19 2022
timezone: IST
elapsed time: 0.286918 seconds (0d 0h 0m 0s)

