#
# A fatal error has been detected by the Java Runtime Environment:
#
#  SIGSEGV (0xb) at pc=0x00007f172c0a6778, pid=15406, tid=0x00007f17513c5700
#
# JRE version: Java(TM) SE Runtime Environment (8.0_331-b09) (build 1.8.0_331-b09)
# Java VM: Java HotSpot(TM) 64-Bit Server VM (25.331-b09 mixed mode linux-amd64 compressed oops)
# Problematic frame:
# C  [libpjsua2.so.2+0x3f778]  pj::Endpoint::libDestroy(unsigned int)+0x18
#
# Failed to write core dump. Core dumps have been disabled. To enable core dumping, try "ulimit -c unlimited" before starting Java again
#
# If you would like to submit a bug report, please visit:
#   http://bugreport.java.com/bugreport/crash.jsp
# The crash happened outside the Java Virtual Machine in native code.
# See problematic frame for where to report the bug.
#

---------------  T H R E A D  ---------------

Current thread (0x00007f174c00a800):  JavaThread "main" [_thread_in_native, id=15411, stack(0x00007f17512c6000,0x00007f17513c6000)]

siginfo: si_signo: 11 (SIGSEGV), si_code: 1 (SEGV_MAPERR), si_addr: 0x0000000000000050

Registers:
RAX=0x0000000000000000, RBX=0x0000000000000000, RCX=0x00007f17513c4850, RDX=0x0000000000000000
RSP=0x00007f17513c4670, RBP=0x0000000000000000, RSI=0x0000000000000000, RDI=0x0000000000000000
R8 =0x0000000000000004, R9 =0x0000000000000005, R10=0xfffffffffffff20e, R11=0x00007f172c0a6760
R12=0x0000000000000000, R13=0x00007f173c6a7500, R14=0x00007f17513c4860, R15=0x00007f174c00a800
RIP=0x00007f172c0a6778, EFLAGS=0x0000000000010202, CSGSFS=0x002b000000000033, ERR=0x0000000000000004
  TRAPNO=0x000000000000000e

Top of Stack: (sp=0x00007f17513c4670)
0x00007f17513c4670:   00007f175240d0f0 00007f174c0e7910
0x00007f17513c4680:   00000000000003d8 00007f174c009e78
0x00007f17513c4690:   00007f174c009aa0 00007f17513c4777
0x00007f17513c46a0:   00007f173c6a7508 00007f174c00a800
0x00007f17513c46b0:   00007f17513c4700 00007f174c00a800
0x00007f17513c46c0:   00007f174c009fb0 00007f1725cc9880
0x00007f17513c46d0:   00007f173c6a7508 00007f174c00a800
0x00007f17513c46e0:   00007f17513c4750 00007f1751df15d4
0x00007f17513c46f0:   00007f17513c4740 00007f1751da9728
0x00007f17513c4700:   00007f17513c4830 0000000151b9487d
0x00007f17513c4710:   00007f173c6a7508 00007f174c00a800
0x00007f17513c4720:   00007f174c0d21c0 00007f173c6a7508
0x00007f17513c4730:   00007f174c00a800 00007f174c009fb0
0x00007f17513c4740:   00007f173c6a7508 00007f174c00a800
0x00007f17513c4750:   00007f173c6a7508 00007f174c00aa00
0x00007f17513c4760:   0000000000000000 00007f173c6a7500
0x00007f17513c4770:   00007f17513c4860 00007f1725cc98aa
0x00007f17513c4780:   00007f173c6a7508 00007f174c00a800
0x00007f17513c4790:   00007f173c6a7508 0000000000000000
0x00007f17513c47a0:   00007f173c6a7500 4fc979c68eebfb00
0x00007f17513c47b0:   00007f17513c4830 0000000000000000
0x00007f17513c47c0:   00007f173c6a7500 00007f173d018767
0x00007f17513c47d0:   00007f17513c4830 00007f173d0184b9
0x00007f17513c47e0:   fffffffe00000000 00007f173d018482
0x00007f17513c47f0:   00007f17513c47f0 00007f173c6a7500
0x00007f17513c4800:   00007f17513c4860 00007f173c6ac990
0x00007f17513c4810:   0000000000000000 00007f173c6a7508
0x00007f17513c4820:   0000000000000000 00007f17513c4850
0x00007f17513c4830:   00007f17513c48a8 00007f173d00833d
0x00007f17513c4840:   0000000085a08c28 00007f173d011d98
0x00007f17513c4850:   0000000085a10b98 0000000000000000
0x00007f17513c4860:   0000000085a10b98 00007f17513c4868 

Instructions: (pc=0x00007f172c0a6778)
0x00007f172c0a6758:   0f 1f 84 00 00 00 00 00 f3 0f 1e fa 41 56 41 55
0x00007f172c0a6768:   41 54 55 89 f5 53 48 89 fb 48 81 ec e0 00 00 00
0x00007f172c0a6778:   48 8b 7f 50 64 48 8b 04 25 28 00 00 00 48 89 84
0x00007f172c0a6788:   24 d8 00 00 00 31 c0 48 85 ff 74 0d e8 47 ec fd 

Register to memory mapping:

RAX=0x0000000000000000 is an unknown value
RBX=0x0000000000000000 is an unknown value
RCX=0x00007f17513c4850 is pointing into the stack for thread: 0x00007f174c00a800
RDX=0x0000000000000000 is an unknown value
RSP=0x00007f17513c4670 is pointing into the stack for thread: 0x00007f174c00a800
RBP=0x0000000000000000 is an unknown value
RSI=0x0000000000000000 is an unknown value
RDI=0x0000000000000000 is an unknown value
R8 =0x0000000000000004 is an unknown value
R9 =0x0000000000000005 is an unknown value
R10=0xfffffffffffff20e is an unknown value
R11=0x00007f172c0a6760: _ZN2pj8Endpoint10libDestroyEj+0 in /usr/local/lib/libpjsua2.so.2 at 0x00007f172c067000
R12=0x0000000000000000 is an unknown value
R13=0x00007f173c6a7500 is pointing into metadata
R14=0x00007f17513c4860 is pointing into the stack for thread: 0x00007f174c00a800
R15=0x00007f174c00a800 is a thread


Stack: [0x00007f17512c6000,0x00007f17513c6000],  sp=0x00007f17513c4670,  free space=1017k
Native frames: (J=compiled Java code, j=interpreted, Vv=VM code, C=native code)
C  [libpjsua2.so.2+0x3f778]  pj::Endpoint::libDestroy(unsigned int)+0x18

Java frames: (J=compiled Java code, j=interpreted, Vv=VM code)
j  org.pjsip.pjsua2.pjsua2JNI.Endpoint_libDestroy___SWIG_1(JLorg/pjsip/pjsua2/Endpoint;)V+0
j  org.pjsip.pjsua2.Endpoint.libDestroy_()V+5
j  org.pjsip.pjsua2.Endpoint.libDestroy()V+7
j  pjsuacall.MyAccount.clearCall()V+22
j  pjsuacall.MainClass.main([Ljava/lang/String;)V+108
v  ~StubRoutines::call_stub

---------------  P R O C E S S  ---------------

Java Threads: ( => current thread )
  0x00007f174c0cb000 JavaThread "Service Thread" daemon [_thread_blocked, id=15423, stack(0x00007f1726379000,0x00007f172647a000)]
  0x00007f174c0c0000 JavaThread "C1 CompilerThread2" daemon [_thread_blocked, id=15422, stack(0x00007f172647b000,0x00007f172657b000)]
  0x00007f174c0be000 JavaThread "C2 CompilerThread1" daemon [_thread_blocked, id=15421, stack(0x00007f172657c000,0x00007f172667c000)]
  0x00007f174c0bb800 JavaThread "C2 CompilerThread0" daemon [_thread_blocked, id=15420, stack(0x00007f172667d000,0x00007f172677d000)]
  0x00007f174c0b7800 JavaThread "Signal Dispatcher" daemon [_thread_blocked, id=15419, stack(0x00007f172677d000,0x00007f172687e000)]
  0x00007f174c087000 JavaThread "Finalizer" daemon [_thread_in_native, id=15418, stack(0x00007f1726dee000,0x00007f1726eef000)]
  0x00007f174c082800 JavaThread "Reference Handler" daemon [_thread_blocked, id=15417, stack(0x00007f1726eef000,0x00007f1726ff0000)]
=>0x00007f174c00a800 JavaThread "main" [_thread_in_native, id=15411, stack(0x00007f17512c6000,0x00007f17513c6000)]

Other Threads:
  0x00007f174c079000 VMThread [stack: 0x00007f1726ff1000,0x00007f17270f1000] [id=15416]
  0x00007f174c0d0000 WatcherThread [stack: 0x00007f1726279000,0x00007f1726379000] [id=15424]

VM state:not at safepoint (normal execution)

VM Mutex/Monitor currently owned by a thread: None

heap address: 0x0000000085a00000, size: 1958 MB, Compressed Oops mode: 32-bit
Narrow klass base: 0x0000000000000000, Narrow klass shift: 3
Compressed class space size: 1073741824 Address: 0x0000000100000000

Heap:
 PSYoungGen      total 36864K, used 978K [0x00000000d7380000, 0x00000000d9c80000, 0x0000000100000000)
  eden space 31744K, 3% used [0x00000000d7380000,0x00000000d7474930,0x00000000d9280000)
  from space 5120K, 0% used [0x00000000d9280000,0x00000000d9280000,0x00000000d9780000)
  to   space 5120K, 0% used [0x00000000d9780000,0x00000000d9780000,0x00000000d9c80000)
 ParOldGen       total 84992K, used 482K [0x0000000085a00000, 0x000000008ad00000, 0x00000000d7380000)
  object space 84992K, 0% used [0x0000000085a00000,0x0000000085a78b10,0x000000008ad00000)
 Metaspace       used 4077K, capacity 5320K, committed 5376K, reserved 1056768K
  class space    used 394K, capacity 496K, committed 512K, reserved 1048576K

Card table byte_map: [0x00007f17504c5000,0x00007f1750899000] byte_map_base: 0x00007f1750098000

Marking Bits: (ParMarkBitMap*) 0x00007f17524f1220
 Begin Bits: [0x00007f172c2d0000, 0x00007f172e168000)
 End Bits:   [0x00007f172e168000, 0x00007f1730000000)

Polling page: 0x00007f175298a000

CodeCache: size=245760Kb used=1483Kb max_used=1483Kb free=244276Kb
 bounds [0x00007f173d000000, 0x00007f173d270000, 0x00007f174c000000]
 total_blobs=501 nmethods=221 adapters=194
 compilation: enabled

Compilation events (10 events):
Event: 0.207 Thread 0x00007f174c0c0000  216       3       java.util.AbstractList$Itr::hasNext (20 bytes)
Event: 0.208 Thread 0x00007f174c0c0000 nmethod 216 0x00007f173d171310 code [0x00007f173d171480, 0x00007f173d171708]
Event: 0.209 Thread 0x00007f174c0c0000  217       3       jdk.internal.org.objectweb.asm.ByteVector::<init> (13 bytes)
Event: 0.209 Thread 0x00007f174c0c0000 nmethod 217 0x00007f173d1717d0 code [0x00007f173d171940, 0x00007f173d171b90]
Event: 0.209 Thread 0x00007f174c0c0000  218       3       jdk.internal.org.objectweb.asm.ByteVector::enlarge (51 bytes)
Event: 0.209 Thread 0x00007f174c0c0000 nmethod 218 0x00007f173d171c50 code [0x00007f173d171dc0, 0x00007f173d1720c8]
Event: 0.209 Thread 0x00007f174c0c0000  219       3       jdk.internal.org.objectweb.asm.ByteVector::putByteArray (49 bytes)
Event: 0.209 Thread 0x00007f174c0c0000 nmethod 219 0x00007f173d1721d0 code [0x00007f173d172360, 0x00007f173d172678]
Event: 0.209 Thread 0x00007f174c0c0000  220       3       sun.reflect.misc.ReflectUtil::isVMAnonymousClass (19 bytes)
Event: 0.209 Thread 0x00007f174c0c0000 nmethod 220 0x00007f173d172790 code [0x00007f173d172940, 0x00007f173d172e78]

GC Heap History (4 events):
Event: 101.680 GC heap before
{Heap before GC invocations=1 (full 0):
 PSYoungGen      total 36864K, used 26980K [0x00000000d7380000, 0x00000000d9c80000, 0x0000000100000000)
  eden space 31744K, 84% used [0x00000000d7380000,0x00000000d8dd91b0,0x00000000d9280000)
  from space 5120K, 0% used [0x00000000d9780000,0x00000000d9780000,0x00000000d9c80000)
  to   space 5120K, 0% used [0x00000000d9280000,0x00000000d9280000,0x00000000d9780000)
 ParOldGen       total 84992K, used 0K [0x0000000085a00000, 0x000000008ad00000, 0x00000000d7380000)
  object space 84992K, 0% used [0x0000000085a00000,0x0000000085a00000,0x000000008ad00000)
 Metaspace       used 4077K, capacity 5320K, committed 5376K, reserved 1056768K
  class space    used 394K, capacity 496K, committed 512K, reserved 1048576K
Event: 101.681 GC heap after
Heap after GC invocations=1 (full 0):
 PSYoungGen      total 36864K, used 576K [0x00000000d7380000, 0x00000000d9c80000, 0x0000000100000000)
  eden space 31744K, 0% used [0x00000000d7380000,0x00000000d7380000,0x00000000d9280000)
  from space 5120K, 11% used [0x00000000d9280000,0x00000000d9310000,0x00000000d9780000)
  to   space 5120K, 0% used [0x00000000d9780000,0x00000000d9780000,0x00000000d9c80000)
 ParOldGen       total 84992K, used 8K [0x0000000085a00000, 0x000000008ad00000, 0x00000000d7380000)
  object space 84992K, 0% used [0x0000000085a00000,0x0000000085a02000,0x000000008ad00000)
 Metaspace       used 4077K, capacity 5320K, committed 5376K, reserved 1056768K
  class space    used 394K, capacity 496K, committed 512K, reserved 1048576K
}
Event: 101.681 GC heap before
{Heap before GC invocations=2 (full 1):
 PSYoungGen      total 36864K, used 576K [0x00000000d7380000, 0x00000000d9c80000, 0x0000000100000000)
  eden space 31744K, 0% used [0x00000000d7380000,0x00000000d7380000,0x00000000d9280000)
  from space 5120K, 11% used [0x00000000d9280000,0x00000000d9310000,0x00000000d9780000)
  to   space 5120K, 0% used [0x00000000d9780000,0x00000000d9780000,0x00000000d9c80000)
 ParOldGen       total 84992K, used 8K [0x0000000085a00000, 0x000000008ad00000, 0x00000000d7380000)
  object space 84992K, 0% used [0x0000000085a00000,0x0000000085a02000,0x000000008ad00000)
 Metaspace       used 4077K, capacity 5320K, committed 5376K, reserved 1056768K
  class space    used 394K, capacity 496K, committed 512K, reserved 1048576K
Event: 101.688 GC heap after
Heap after GC invocations=2 (full 1):
 PSYoungGen      total 36864K, used 0K [0x00000000d7380000, 0x00000000d9c80000, 0x0000000100000000)
  eden space 31744K, 0% used [0x00000000d7380000,0x00000000d7380000,0x00000000d9280000)
  from space 5120K, 0% used [0x00000000d9280000,0x00000000d9280000,0x00000000d9780000)
  to   space 5120K, 0% used [0x00000000d9780000,0x00000000d9780000,0x00000000d9c80000)
 ParOldGen       total 84992K, used 482K [0x0000000085a00000, 0x000000008ad00000, 0x00000000d7380000)
  object space 84992K, 0% used [0x0000000085a00000,0x0000000085a78b10,0x000000008ad00000)
 Metaspace       used 4077K, capacity 5320K, committed 5376K, reserved 1056768K
  class space    used 394K, capacity 496K, committed 512K, reserved 1048576K
}

Deoptimization events (0 events):
No events

Classes redefined (0 events):
No events

Internal exceptions (4 events):
Event: 0.016 Thread 0x00007f174c00a800 Exception <a 'java/lang/NoSuchMethodError': Method sun.misc.Unsafe.defineClass(Ljava/lang/String;[BII)Ljava/lang/Class; name or signature does not match> (0x00000000d7387cc0) thrown at [/scratch/jenkins/workspace/8-2-build-linux-amd64/jdk8u331/2416/hotspo
Event: 0.016 Thread 0x00007f174c00a800 Exception <a 'java/lang/NoSuchMethodError': Method sun.misc.Unsafe.prefetchRead(Ljava/lang/Object;J)V name or signature does not match> (0x00000000d7387fa8) thrown at [/scratch/jenkins/workspace/8-2-build-linux-amd64/jdk8u331/2416/hotspot/src/share/vm/pri
Event: 0.191 Thread 0x00007f174c00a800 Exception <a 'java/lang/NoSuchFieldError': method resolution failed> (0x00000000d760ec08) thrown at [/scratch/jenkins/workspace/8-2-build-linux-amd64/jdk8u331/2416/hotspot/src/share/vm/prims/methodHandles.cpp, line 1169]
Event: 0.192 Thread 0x00007f174c00a800 Exception <a 'java/lang/NoSuchFieldError': method resolution failed> (0x00000000d761c038) thrown at [/scratch/jenkins/workspace/8-2-build-linux-amd64/jdk8u331/2416/hotspot/src/share/vm/prims/methodHandles.cpp, line 1169]

Events (10 events):
Event: 4.247 Thread 0x00007f16cc01f000 Thread added: 0x00007f16cc01f000
Event: 4.247 Thread 0x00007f16cc01f000 Thread exited: 0x00007f16cc01f000
Event: 32.136 Thread 0x00007f16cc01a000 Thread added: 0x00007f16cc01a000
Event: 32.136 Thread 0x00007f16cc01a000 Thread exited: 0x00007f16cc01a000
Event: 34.756 Thread 0x00007f16cc01b000 Thread added: 0x00007f16cc01b000
Event: 34.756 Thread 0x00007f16cc01b000 Thread exited: 0x00007f16cc01b000
Event: 66.756 Thread 0x00007f16cc00a800 Thread added: 0x00007f16cc00a800
Event: 66.756 Thread 0x00007f16cc00a800 Thread exited: 0x00007f16cc00a800
Event: 101.680 Executing VM operation: ParallelGCSystemGC
Event: 101.688 Executing VM operation: ParallelGCSystemGC done


Dynamic libraries:
85a00000-8ad00000 rw-p 00000000 00:00 0 
8ad00000-d7380000 ---p 00000000 00:00 0 
d7380000-d9c80000 rw-p 00000000 00:00 0 
d9c80000-100000000 ---p 00000000 00:00 0 
100000000-100080000 rw-p 00000000 00:00 0 
100080000-140000000 ---p 00000000 00:00 0 
559835c00000-559835c01000 r-xp 00000000 08:02 5248844                    /home/user/software/jdk1.8.0_331/bin/java
559835e00000-559835e01000 r--p 00000000 08:02 5248844                    /home/user/software/jdk1.8.0_331/bin/java
559835e01000-559835e02000 rw-p 00001000 08:02 5248844                    /home/user/software/jdk1.8.0_331/bin/java
5598376d4000-5598376f5000 rw-p 00000000 00:00 0                          [heap]
7f16c4000000-7f16c4021000 rw-p 00000000 00:00 0 
7f16c4021000-7f16c8000000 ---p 00000000 00:00 0 
7f16cc000000-7f16cc02f000 rw-p 00000000 00:00 0 
7f16cc02f000-7f16d0000000 ---p 00000000 00:00 0 
7f16d0000000-7f16d0021000 rw-p 00000000 00:00 0 
7f16d0021000-7f16d4000000 ---p 00000000 00:00 0 
7f16e0000000-7f16e0021000 rw-p 00000000 00:00 0 
7f16e0021000-7f16e4000000 ---p 00000000 00:00 0 
7f16f4000000-7f16f4021000 rw-p 00000000 00:00 0 
7f16f4021000-7f16f8000000 ---p 00000000 00:00 0 
7f16f8e4b000-7f16f8e4c000 ---p 00000000 00:00 0 
7f16f8e4c000-7f16f964c000 rw-p 00000000 00:00 0 
7f16f9e4d000-7f16f9e4e000 ---p 00000000 00:00 0 
7f16f9e4e000-7f16fa64e000 rw-p 00000000 00:00 0 
7f16fa64e000-7f16fa64f000 ---p 00000000 00:00 0 
7f16fa64f000-7f16fae4f000 rw-p 00000000 00:00 0 
7f16ff650000-7f16ff651000 ---p 00000000 00:00 0 
7f16ff651000-7f16ffe51000 rw-p 00000000 00:00 0 
7f16ffe51000-7f16ffe71000 r--p 00000000 08:02 1449217                    /usr/lib/x86_64-linux-gnu/libdb-5.3.so
7f16ffe71000-7f16fffb3000 r-xp 00020000 08:02 1449217                    /usr/lib/x86_64-linux-gnu/libdb-5.3.so
7f16fffb3000-7f16ffff8000 r--p 00162000 08:02 1449217                    /usr/lib/x86_64-linux-gnu/libdb-5.3.so
7f16ffff8000-7f16fffff000 r--p 001a6000 08:02 1449217                    /usr/lib/x86_64-linux-gnu/libdb-5.3.so
7f16fffff000-7f1700000000 rw-p 001ad000 08:02 1449217                    /usr/lib/x86_64-linux-gnu/libdb-5.3.so
7f1700000000-7f1700021000 rw-p 00000000 00:00 0 
7f1700021000-7f1704000000 ---p 00000000 00:00 0 
7f1704000000-7f1704021000 rw-p 00000000 00:00 0 
7f1704021000-7f1708000000 ---p 00000000 00:00 0 
7f1708000000-7f170811c000 rw-p 00000000 00:00 0 
7f170811c000-7f170c000000 ---p 00000000 00:00 0 
7f170c000000-7f170c180000 rw-p 00000000 00:00 0 
7f170c180000-7f1710000000 ---p 00000000 00:00 0 
7f1710000000-7f1710021000 rw-p 00000000 00:00 0 
7f1710021000-7f1714000000 ---p 00000000 00:00 0 
7f1714000000-7f1714056000 rw-p 00000000 00:00 0 
7f1714056000-7f1718000000 ---p 00000000 00:00 0 
7f1718000000-7f1718021000 rw-p 00000000 00:00 0 
7f1718021000-7f171c000000 ---p 00000000 00:00 0 
7f171c000000-7f171c021000 rw-p 00000000 00:00 0 
7f171c021000-7f1720000000 ---p 00000000 00:00 0 
7f1720000000-7f1720021000 rw-p 00000000 00:00 0 
7f1720021000-7f1724000000 ---p 00000000 00:00 0 
7f1724129000-7f172412f000 r--p 00000000 08:02 1442494                    /usr/lib/x86_64-linux-gnu/libjack.so.0.0.28
7f172412f000-7f172413b000 r-xp 00006000 08:02 1442494                    /usr/lib/x86_64-linux-gnu/libjack.so.0.0.28
7f172413b000-7f1724140000 r--p 00012000 08:02 1442494                    /usr/lib/x86_64-linux-gnu/libjack.so.0.0.28
7f1724140000-7f1724141000 r--p 00016000 08:02 1442494                    /usr/lib/x86_64-linux-gnu/libjack.so.0.0.28
7f1724141000-7f1724142000 rw-p 00017000 08:02 1442494                    /usr/lib/x86_64-linux-gnu/libjack.so.0.0.28
7f1724142000-7f172414c000 rw-p 00000000 00:00 0 
7f172415d000-7f172415f000 r--p 00000000 08:02 2097964                    /usr/lib/x86_64-linux-gnu/alsa-lib/libasound_module_ctl_pulse.so
7f172415f000-7f1724162000 r-xp 00002000 08:02 2097964                    /usr/lib/x86_64-linux-gnu/alsa-lib/libasound_module_ctl_pulse.so
7f1724162000-7f1724163000 r--p 00005000 08:02 2097964                    /usr/lib/x86_64-linux-gnu/alsa-lib/libasound_module_ctl_pulse.so
7f1724163000-7f1724164000 r--p 00005000 08:02 2097964                    /usr/lib/x86_64-linux-gnu/alsa-lib/libasound_module_ctl_pulse.so
7f1724164000-7f1724165000 rw-p 00006000 08:02 2097964                    /usr/lib/x86_64-linux-gnu/alsa-lib/libasound_module_ctl_pulse.so
7f1724165000-7f17242d0000 r-xp 00000000 08:02 1450125                    /usr/lib/x86_64-linux-gnu/libsamplerate.so.0.1.8
7f17242d0000-7f17244cf000 ---p 0016b000 08:02 1450125                    /usr/lib/x86_64-linux-gnu/libsamplerate.so.0.1.8
7f17244cf000-7f17244d0000 r--p 0016a000 08:02 1450125                    /usr/lib/x86_64-linux-gnu/libsamplerate.so.0.1.8
7f17244d0000-7f17244d1000 rw-p 0016b000 08:02 1450125                    /usr/lib/x86_64-linux-gnu/libsamplerate.so.0.1.8
7f17244d2000-7f17244d3000 r--p 00000000 08:02 2097970                    /usr/lib/x86_64-linux-gnu/alsa-lib/libasound_module_pcm_vdownmix.so
7f17244d3000-7f17244d4000 r-xp 00001000 08:02 2097970                    /usr/lib/x86_64-linux-gnu/alsa-lib/libasound_module_pcm_vdownmix.so
7f17244d4000-7f17244d5000 r--p 00002000 08:02 2097970                    /usr/lib/x86_64-linux-gnu/alsa-lib/libasound_module_pcm_vdownmix.so
7f17244d5000-7f17244d6000 r--p 00002000 08:02 2097970                    /usr/lib/x86_64-linux-gnu/alsa-lib/libasound_module_pcm_vdownmix.so
7f17244d6000-7f17244d7000 rw-p 00003000 08:02 2097970                    /usr/lib/x86_64-linux-gnu/alsa-lib/libasound_module_pcm_vdownmix.so
7f17244d7000-7f17244d8000 r--p 00000000 08:02 2097968                    /usr/lib/x86_64-linux-gnu/alsa-lib/libasound_module_pcm_upmix.so
7f17244d8000-7f17244da000 r-xp 00001000 08:02 2097968                    /usr/lib/x86_64-linux-gnu/alsa-lib/libasound_module_pcm_upmix.so
7f17244da000-7f17244db000 r--p 00003000 08:02 2097968                    /usr/lib/x86_64-linux-gnu/alsa-lib/libasound_module_pcm_upmix.so
7f17244db000-7f17244dc000 r--p 00003000 08:02 2097968                    /usr/lib/x86_64-linux-gnu/alsa-lib/libasound_module_pcm_upmix.so
7f17244dc000-7f17244dd000 rw-p 00004000 08:02 2097968                    /usr/lib/x86_64-linux-gnu/alsa-lib/libasound_module_pcm_upmix.so
7f17244dd000-7f17244de000 r--p 00000000 08:02 2097966                    /usr/lib/x86_64-linux-gnu/alsa-lib/libasound_module_pcm_oss.so
7f17244de000-7f17244e0000 r-xp 00001000 08:02 2097966                    /usr/lib/x86_64-linux-gnu/alsa-lib/libasound_module_pcm_oss.so
7f17244e0000-7f17244e1000 r--p 00003000 08:02 2097966                    /usr/lib/x86_64-linux-gnu/alsa-lib/libasound_module_pcm_oss.so
7f17244e1000-7f17244e2000 r--p 00003000 08:02 2097966                    /usr/lib/x86_64-linux-gnu/alsa-lib/libasound_module_pcm_oss.so
7f17244e2000-7f17244e3000 rw-p 00004000 08:02 2097966                    /usr/lib/x86_64-linux-gnu/alsa-lib/libasound_module_pcm_oss.so
7f17244e3000-7f17244e5000 r--p 00000000 08:02 2097965                    /usr/lib/x86_64-linux-gnu/alsa-lib/libasound_module_pcm_jack.so
7f17244e5000-7f17244e7000 r-xp 00002000 08:02 2097965                    /usr/lib/x86_64-linux-gnu/alsa-lib/libasound_module_pcm_jack.so
7f17244e7000-7f17244e8000 r--p 00004000 08:02 2097965                    /usr/lib/x86_64-linux-gnu/alsa-lib/libasound_module_pcm_jack.so
7f17244e8000-7f17244e9000 r--p 00004000 08:02 2097965                    /usr/lib/x86_64-linux-gnu/alsa-lib/libasound_module_pcm_jack.so
7f17244e9000-7f17244ea000 rw-p 00005000 08:02 2097965                    /usr/lib/x86_64-linux-gnu/alsa-lib/libasound_module_pcm_jack.so
7f1724ceb000-7f1724cef000 r--p 00000000 08:02 1449497                    /usr/lib/x86_64-linux-gnu/libgpg-error.so.0.28.0
7f1724cef000-7f1724d02000 r-xp 00004000 08:02 1449497                    /usr/lib/x86_64-linux-gnu/libgpg-error.so.0.28.0
7f1724d02000-7f1724d0c000 r--p 00017000 08:02 1449497                    /usr/lib/x86_64-linux-gnu/libgpg-error.so.0.28.0
7f1724d0c000-7f1724d0d000 r--p 00020000 08:02 1449497                    /usr/lib/x86_64-linux-gnu/libgpg-error.so.0.28.0
7f1724d0d000-7f1724d0e000 rw-p 00021000 08:02 1449497                    /usr/lib/x86_64-linux-gnu/libgpg-error.so.0.28.0
7f1724d0e000-7f1724d12000 r--p 00000000 08:02 1449109                    /usr/lib/x86_64-linux-gnu/libbsd.so.0.10.0
7f1724d12000-7f1724d21000 r-xp 00004000 08:02 1449109                    /usr/lib/x86_64-linux-gnu/libbsd.so.0.10.0
7f1724d21000-7f1724d24000 r--p 00013000 08:02 1449109                    /usr/lib/x86_64-linux-gnu/libbsd.so.0.10.0
7f1724d24000-7f1724d25000 ---p 00016000 08:02 1449109                    /usr/lib/x86_64-linux-gnu/libbsd.so.0.10.0
7f1724d25000-7f1724d26000 r--p 00016000 08:02 1449109                    /usr/lib/x86_64-linux-gnu/libbsd.so.0.10.0
7f1724d26000-7f1724d27000 rw-p 00017000 08:02 1449109                    /usr/lib/x86_64-linux-gnu/libbsd.so.0.10.0
7f1724d27000-7f1724d28000 rw-p 00000000 00:00 0 
7f1724d28000-7f1724d2c000 r--p 00000000 08:02 1445806                    /usr/lib/x86_64-linux-gnu/libresolv-2.31.so
7f1724d2c000-7f1724d3c000 r-xp 00004000 08:02 1445806                    /usr/lib/x86_64-linux-gnu/libresolv-2.31.so
7f1724d3c000-7f1724d40000 r--p 00014000 08:02 1445806                    /usr/lib/x86_64-linux-gnu/libresolv-2.31.so
7f1724d40000-7f1724d41000 r--p 00017000 08:02 1445806                    /usr/lib/x86_64-linux-gnu/libresolv-2.31.so
7f1724d41000-7f1724d42000 rw-p 00018000 08:02 1445806                    /usr/lib/x86_64-linux-gnu/libresolv-2.31.so
7f1724d42000-7f1724d44000 rw-p 00000000 00:00 0 
7f1724d44000-7f1724d58000 r--p 00000000 08:02 1450341                    /usr/lib/x86_64-linux-gnu/libvorbisenc.so.2.0.11
7f1724d58000-7f1724d5b000 r-xp 00014000 08:02 1450341                    /usr/lib/x86_64-linux-gnu/libvorbisenc.so.2.0.11
7f1724d5b000-7f1724dd2000 r--p 00017000 08:02 1450341                    /usr/lib/x86_64-linux-gnu/libvorbisenc.so.2.0.11
7f1724dd2000-7f1724dee000 r--p 0008d000 08:02 1450341                    /usr/lib/x86_64-linux-gnu/libvorbisenc.so.2.0.11
7f1724dee000-7f1724def000 rw-p 000a9000 08:02 1450341                    /usr/lib/x86_64-linux-gnu/libvorbisenc.so.2.0.11
7f1724def000-7f1724df2000 r--p 00000000 08:02 1450339                    /usr/lib/x86_64-linux-gnu/libvorbis.so.0.4.8
7f1724df2000-7f1724e09000 r-xp 00003000 08:02 1450339                    /usr/lib/x86_64-linux-gnu/libvorbis.so.0.4.8
7f1724e09000-7f1724e1a000 r--p 0001a000 08:02 1450339                    /usr/lib/x86_64-linux-gnu/libvorbis.so.0.4.8
7f1724e1a000-7f1724e1b000 ---p 0002b000 08:02 1450339                    /usr/lib/x86_64-linux-gnu/libvorbis.so.0.4.8
7f1724e1b000-7f1724e1c000 r--p 0002b000 08:02 1450339                    /usr/lib/x86_64-linux-gnu/libvorbis.so.0.4.8
7f1724e1c000-7f1724e1d000 rw-p 0002c000 08:02 1450339                    /usr/lib/x86_64-linux-gnu/libvorbis.so.0.4.8
7f1724e1d000-7f1724e1f000 r--p 00000000 08:02 1449917                    /usr/lib/x86_64-linux-gnu/libogg.so.0.8.4
7f1724e1f000-7f1724e24000 r-xp 00002000 08:02 1449917                    /usr/lib/x86_64-linux-gnu/libogg.so.0.8.4
7f1724e24000-7f1724e27000 r--p 00007000 08:02 1449917                    /usr/lib/x86_64-linux-gnu/libogg.so.0.8.4
7f1724e27000-7f1724e28000 ---p 0000a000 08:02 1449917                    /usr/lib/x86_64-linux-gnu/libogg.so.0.8.4
7f1724e28000-7f1724e29000 r--p 0000a000 08:02 1449917                    /usr/lib/x86_64-linux-gnu/libogg.so.0.8.4
7f1724e29000-7f1724e2a000 rw-p 0000b000 08:02 1449917                    /usr/lib/x86_64-linux-gnu/libogg.so.0.8.4
7f1724e2a000-7f1724e32000 r--p 00000000 08:02 1448904                    /usr/lib/x86_64-linux-gnu/libFLAC.so.8.3.0
7f1724e32000-7f1724e5b000 r-xp 00008000 08:02 1448904                    /usr/lib/x86_64-linux-gnu/libFLAC.so.8.3.0
7f1724e5b000-7f1724e65000 r--p 00031000 08:02 1448904                    /usr/lib/x86_64-linux-gnu/libFLAC.so.8.3.0
7f1724e65000-7f1724e66000 ---p 0003b000 08:02 1448904                    /usr/lib/x86_64-linux-gnu/libFLAC.so.8.3.0
7f1724e66000-7f1724e67000 r--p 0003b000 08:02 1448904                    /usr/lib/x86_64-linux-gnu/libFLAC.so.8.3.0
7f1724e67000-7f1724e68000 rw-p 0003c000 08:02 1448904                    /usr/lib/x86_64-linux-gnu/libFLAC.so.8.3.0
7f1724e68000-7f1724e6c000 r--p 00000000 08:02 1445797                    /usr/lib/x86_64-linux-gnu/libnsl-2.31.so
7f1724e6c000-7f1724e7c000 r-xp 00004000 08:02 1445797                    /usr/lib/x86_64-linux-gnu/libnsl-2.31.so
7f1724e7c000-7f1724e81000 r--p 00014000 08:02 1445797                    /usr/lib/x86_64-linux-gnu/libnsl-2.31.so
7f1724e81000-7f1724e82000 r--p 00018000 08:02 1445797                    /usr/lib/x86_64-linux-gnu/libnsl-2.31.so
7f1724e82000-7f1724e83000 rw-p 00019000 08:02 1445797                    /usr/lib/x86_64-linux-gnu/libnsl-2.31.so
7f1724e83000-7f1724e85000 rw-p 00000000 00:00 0 
7f1724e85000-7f1724e91000 r--p 00000000 08:02 1447651                    /usr/lib/x86_64-linux-gnu/libgcrypt.so.20.2.5
7f1724e91000-7f1724f5f000 r-xp 0000c000 08:02 1447651                    /usr/lib/x86_64-linux-gnu/libgcrypt.so.20.2.5
7f1724f5f000-7f1724f9c000 r--p 000da000 08:02 1447651                    /usr/lib/x86_64-linux-gnu/libgcrypt.so.20.2.5
7f1724f9c000-7f1724f9e000 r--p 00116000 08:02 1447651                    /usr/lib/x86_64-linux-gnu/libgcrypt.so.20.2.5
7f1724f9e000-7f1724fa3000 rw-p 00118000 08:02 1447651                    /usr/lib/x86_64-linux-gnu/libgcrypt.so.20.2.5
7f1724fa3000-7f1724fa5000 r--p 00000000 08:02 1449762                    /usr/lib/x86_64-linux-gnu/liblz4.so.1.9.2
7f1724fa5000-7f1724fbf000 r-xp 00002000 08:02 1449762                    /usr/lib/x86_64-linux-gnu/liblz4.so.1.9.2
7f1724fbf000-7f1724fc2000 r--p 0001c000 08:02 1449762                    /usr/lib/x86_64-linux-gnu/liblz4.so.1.9.2
7f1724fc2000-7f1724fc3000 r--p 0001e000 08:02 1449762                    /usr/lib/x86_64-linux-gnu/liblz4.so.1.9.2
7f1724fc3000-7f1724fc4000 rw-p 0001f000 08:02 1449762                    /usr/lib/x86_64-linux-gnu/liblz4.so.1.9.2
7f1724fc4000-7f1724fc7000 r--p 00000000 08:02 1443497                    /usr/lib/x86_64-linux-gnu/liblzma.so.5.2.4
7f1724fc7000-7f1724fdf000 r-xp 00003000 08:02 1443497                    /usr/lib/x86_64-linux-gnu/liblzma.so.5.2.4
7f1724fdf000-7f1724fea000 r--p 0001b000 08:02 1443497                    /usr/lib/x86_64-linux-gnu/liblzma.so.5.2.4
7f1724fea000-7f1724feb000 ---p 00026000 08:02 1443497                    /usr/lib/x86_64-linux-gnu/liblzma.so.5.2.4
7f1724feb000-7f1724fec000 r--p 00026000 08:02 1443497                    /usr/lib/x86_64-linux-gnu/liblzma.so.5.2.4
7f1724fec000-7f1724fed000 rw-p 00027000 08:02 1443497                    /usr/lib/x86_64-linux-gnu/liblzma.so.5.2.4
7f1724fed000-7f1724fef000 r--p 00000000 08:02 1448951                    /usr/lib/x86_64-linux-gnu/libXdmcp.so.6.0.0
7f1724fef000-7f1724ff1000 r-xp 00002000 08:02 1448951                    /usr/lib/x86_64-linux-gnu/libXdmcp.so.6.0.0
7f1724ff1000-7f1724ff3000 r--p 00004000 08:02 1448951                    /usr/lib/x86_64-linux-gnu/libXdmcp.so.6.0.0
7f1724ff3000-7f1724ff4000 r--p 00005000 08:02 1448951                    /usr/lib/x86_64-linux-gnu/libXdmcp.so.6.0.0
7f1724ff4000-7f1724ff5000 rw-p 00006000 08:02 1448951                    /usr/lib/x86_64-linux-gnu/libXdmcp.so.6.0.0
7f1724ff5000-7f1724ff6000 r--p 00000000 08:02 1448940                    /usr/lib/x86_64-linux-gnu/libXau.so.6.0.0
7f1724ff6000-7f1724ff8000 r-xp 00001000 08:02 1448940                    /usr/lib/x86_64-linux-gnu/libXau.so.6.0.0
7f1724ff8000-7f1724ff9000 r--p 00003000 08:02 1448940                    /usr/lib/x86_64-linux-gnu/libXau.so.6.0.0
7f1724ff9000-7f1724ffa000 r--p 00003000 08:02 1448940                    /usr/lib/x86_64-linux-gnu/libXau.so.6.0.0
7f1724ffa000-7f1724ffb000 rw-p 00004000 08:02 1448940                    /usr/lib/x86_64-linux-gnu/libXau.so.6.0.0
7f1724ffb000-7f1724ffe000 r--p 00000000 08:02 1449007                    /usr/lib/x86_64-linux-gnu/libapparmor.so.1.6.1
7f1724ffe000-7f1725007000 r-xp 00003000 08:02 1449007                    /usr/lib/x86_64-linux-gnu/libapparmor.so.1.6.1
7f1725007000-7f172500e000 r--p 0000c000 08:02 1449007                    /usr/lib/x86_64-linux-gnu/libapparmor.so.1.6.1
7f172500e000-7f172500f000 r--p 00012000 08:02 1449007                    /usr/lib/x86_64-linux-gnu/libapparmor.so.1.6.1
7f172500f000-7f1725010000 rw-p 00013000 08:02 1449007                    /usr/lib/x86_64-linux-gnu/libapparmor.so.1.6.1
7f1725010000-7f1725015000 r-xp 00000000 08:02 1449028                    /usr/lib/x86_64-linux-gnu/libasyncns.so.0.3.1
7f1725015000-7f1725214000 ---p 00005000 08:02 1449028                    /usr/lib/x86_64-linux-gnu/libasyncns.so.0.3.1
7f1725214000-7f1725215000 r--p 00004000 08:02 1449028                    /usr/lib/x86_64-linux-gnu/libasyncns.so.0.3.1
7f1725215000-7f1725216000 rw-p 00005000 08:02 1449028                    /usr/lib/x86_64-linux-gnu/libasyncns.so.0.3.1
7f1725216000-7f172521d000 r--p 00000000 08:02 1450170                    /usr/lib/x86_64-linux-gnu/libsndfile.so.1.0.28
7f172521d000-7f1725270000 r-xp 00007000 08:02 1450170                    /usr/lib/x86_64-linux-gnu/libsndfile.so.1.0.28
7f1725270000-7f172528d000 r--p 0005a000 08:02 1450170                    /usr/lib/x86_64-linux-gnu/libsndfile.so.1.0.28
7f172528d000-7f172528e000 ---p 00077000 08:02 1450170                    /usr/lib/x86_64-linux-gnu/libsndfile.so.1.0.28
7f172528e000-7f1725291000 r--p 00077000 08:02 1450170                    /usr/lib/x86_64-linux-gnu/libsndfile.so.1.0.28
7f1725291000-7f1725292000 rw-p 0007a000 08:02 1450170                    /usr/lib/x86_64-linux-gnu/libsndfile.so.1.0.28
7f1725292000-7f1725294000 rw-p 00000000 00:00 0 
7f1725294000-7f1725297000 r--p 00000000 08:02 1450402                    /usr/lib/x86_64-linux-gnu/libwrap.so.0.7.6
7f1725297000-7f172529c000 r-xp 00003000 08:02 1450402                    /usr/lib/x86_64-linux-gnu/libwrap.so.0.7.6
7f172529c000-7f172529e000 r--p 00008000 08:02 1450402                    /usr/lib/x86_64-linux-gnu/libwrap.so.0.7.6
7f172529e000-7f172529f000 r--p 00009000 08:02 1450402                    /usr/lib/x86_64-linux-gnu/libwrap.so.0.7.6
7f172529f000-7f17252a0000 rw-p 0000a000 08:02 1450402                    /usr/lib/x86_64-linux-gnu/libwrap.so.0.7.6
7f17252a0000-7f17252b0000 r--p 00000000 08:02 1446018                    /usr/lib/x86_64-linux-gnu/libsystemd.so.0.28.0
7f17252b0000-7f1725325000 r-xp 00010000 08:02 1446018                    /usr/lib/x86_64-linux-gnu/libsystemd.so.0.28.0
7f1725325000-7f172534a000 r--p 00085000 08:02 1446018                    /usr/lib/x86_64-linux-gnu/libsystemd.so.0.28.0
7f172534a000-7f172534d000 r--p 000a9000 08:02 1446018                    /usr/lib/x86_64-linux-gnu/libsystemd.so.0.28.0
7f172534d000-7f172534e000 rw-p 000ac000 08:02 1446018                    /usr/lib/x86_64-linux-gnu/libsystemd.so.0.28.0
7f172534e000-7f172534f000 rw-p 00000000 00:00 0 
7f172534f000-7f172535a000 r--p 00000000 08:02 1450442                    /usr/lib/x86_64-linux-gnu/libxcb.so.1.1.0
7f172535a000-7f172536e000 r-xp 0000b000 08:02 1450442                    /usr/lib/x86_64-linux-gnu/libxcb.so.1.1.0
7f172536e000-7f1725377000 r--p 0001f000 08:02 1450442                    /usr/lib/x86_64-linux-gnu/libxcb.so.1.1.0
7f1725377000-7f1725378000 r--p 00027000 08:02 1450442                    /usr/lib/x86_64-linux-gnu/libxcb.so.1.1.0
7f1725378000-7f1725379000 rw-p 00028000 08:02 1450442                    /usr/lib/x86_64-linux-gnu/libxcb.so.1.1.0
7f1725379000-7f1725384000 r--p 00000000 08:02 1442000                    /usr/lib/x86_64-linux-gnu/libdbus-1.so.3.19.11
7f1725384000-7f17253b2000 r-xp 0000b000 08:02 1442000                    /usr/lib/x86_64-linux-gnu/libdbus-1.so.3.19.11
7f17253b2000-7f17253c7000 r--p 00039000 08:02 1442000                    /usr/lib/x86_64-linux-gnu/libdbus-1.so.3.19.11
7f17253c7000-7f17253c8000 ---p 0004e000 08:02 1442000                    /usr/lib/x86_64-linux-gnu/libdbus-1.so.3.19.11
7f17253c8000-7f17253c9000 r--p 0004e000 08:02 1442000                    /usr/lib/x86_64-linux-gnu/libdbus-1.so.3.19.11
7f17253c9000-7f17253ca000 rw-p 0004f000 08:02 1442000                    /usr/lib/x86_64-linux-gnu/libdbus-1.so.3.19.11
7f17253ca000-7f17253db000 r--p 00000000 08:02 2097637                    /usr/lib/x86_64-linux-gnu/pulseaudio/libpulsecommon-13.99.so
7f17253db000-7f1725423000 r-xp 00011000 08:02 2097637                    /usr/lib/x86_64-linux-gnu/pulseaudio/libpulsecommon-13.99.so
7f1725423000-7f1725448000 r--p 00059000 08:02 2097637                    /usr/lib/x86_64-linux-gnu/pulseaudio/libpulsecommon-13.99.so
7f1725448000-7f1725449000 ---p 0007e000 08:02 2097637                    /usr/lib/x86_64-linux-gnu/pulseaudio/libpulsecommon-13.99.so
7f1725449000-7f172544b000 r--p 0007e000 08:02 2097637                    /usr/lib/x86_64-linux-gnu/pulseaudio/libpulsecommon-13.99.so
7f172544b000-7f172544c000 rw-p 00080000 08:02 2097637                    /usr/lib/x86_64-linux-gnu/pulseaudio/libpulsecommon-13.99.so
7f172544c000-7f1725458000 r--p 00000000 08:02 1442666                    /usr/lib/x86_64-linux-gnu/libpulse.so.0.21.2
7f1725458000-7f1725488000 r-xp 0000c000 08:02 1442666                    /usr/lib/x86_64-linux-gnu/libpulse.so.0.21.2
7f1725488000-7f172549e000 r--p 0003c000 08:02 1442666                    /usr/lib/x86_64-linux-gnu/libpulse.so.0.21.2
7f172549e000-7f17254a0000 r--p 00051000 08:02 1442666                    /usr/lib/x86_64-linux-gnu/libpulse.so.0.21.2
7f17254a0000-7f17254a1000 rw-p 00053000 08:02 1442666                    /usr/lib/x86_64-linux-gnu/libpulse.so.0.21.2
7f17254a1000-7f17254a3000 r--p 00000000 08:02 2234013                    /usr/local/lib/libilbccodec.so.2
7f17254a3000-7f17254ad000 r-xp 00002000 08:02 2234013                    /usr/local/lib/libilbccodec.so.2
7f17254ad000-7f17254af000 r--p 0000c000 08:02 2234013                    /usr/local/lib/libilbccodec.so.2
7f17254af000-7f17254b0000 r--p 0000d000 08:02 2234013                    /usr/local/lib/libilbccodec.so.2
7f17254b0000-7f17254b2000 rw-p 0000e000 08:02 2234013                    /usr/local/lib/libilbccodec.so.2
7f17254b2000-7f17254b3000 r--p 00000000 08:02 2234009                    /usr/local/lib/libgsmcodec.so.2
7f17254b3000-7f17254bb000 r-xp 00001000 08:02 2234009                    /usr/local/lib/libgsmcodec.so.2
7f17254bb000-7f17254bc000 r--p 00009000 08:02 2234009                    /usr/local/lib/libgsmcodec.so.2
7f17254bc000-7f17254bd000 r--p 00009000 08:02 2234009                    /usr/local/lib/libgsmcodec.so.2
7f17254bd000-7f17254be000 rw-p 0000a000 08:02 2234009                    /usr/local/lib/libgsmcodec.so.2
7f17254be000-7f17254e8000 r--p 00000000 08:02 1442673                    /usr/lib/x86_64-linux-gnu/libasound.so.2.0.0
7f17254e8000-7f1725577000 r-xp 0002a000 08:02 1442673                    /usr/lib/x86_64-linux-gnu/libasound.so.2.0.0
7f1725577000-7f17255b1000 r--p 000b9000 08:02 1442673                    /usr/lib/x86_64-linux-gnu/libasound.so.2.0.0
7f17255b1000-7f17255b8000 r--p 000f2000 08:02 1442673                    /usr/lib/x86_64-linux-gnu/libasound.so.2.0.0
7f17255b8000-7f17255b9000 rw-p 000f9000 08:02 1442673                    /usr/lib/x86_64-linux-gnu/libasound.so.2.0.0
7f17255b9000-7f17255d5000 r--p 00000000 08:02 1444253                    /usr/lib/x86_64-linux-gnu/libssl.so.1.1
7f17255d5000-7f1725624000 r-xp 0001c000 08:02 1444253                    /usr/lib/x86_64-linux-gnu/libssl.so.1.1
7f1725624000-7f172563e000 r--p 0006b000 08:02 1444253                    /usr/lib/x86_64-linux-gnu/libssl.so.1.1
7f172563e000-7f172563f000 ---p 00085000 08:02 1444253                    /usr/lib/x86_64-linux-gnu/libssl.so.1.1
7f172563f000-7f1725648000 r--p 00085000 08:02 1444253                    /usr/lib/x86_64-linux-gnu/libssl.so.1.1
7f1725648000-7f172564c000 rw-p 0008e000 08:02 1444253                    /usr/lib/x86_64-linux-gnu/libssl.so.1.1
7f172564c000-7f1725652000 r--p 00000000 08:02 2234019                    /usr/local/lib/libwebrtc.so.2
7f1725652000-7f172566b000 r-xp 00006000 08:02 2234019                    /usr/local/lib/libwebrtc.so.2
7f172566b000-7f1725673000 r--p 0001f000 08:02 2234019                    /usr/local/lib/libwebrtc.so.2
7f1725673000-7f1725674000 r--p 00026000 08:02 2234019                    /usr/local/lib/libwebrtc.so.2
7f1725674000-7f1725675000 rw-p 00027000 08:02 2234019                    /usr/local/lib/libwebrtc.so.2
7f1725675000-7f172567b000 r--p 00000000 08:02 2234011                    /usr/local/lib/libspeex.so.2
7f172567b000-7f1725699000 r-xp 00006000 08:02 2234011                    /usr/local/lib/libspeex.so.2
7f1725699000-7f17256a1000 r--p 00024000 08:02 2234011                    /usr/local/lib/libspeex.so.2
7f17256a1000-7f17256a2000 ---p 0002c000 08:02 2234011                    /usr/local/lib/libspeex.so.2
7f17256a2000-7f17256a3000 r--p 0002c000 08:02 2234011                    /usr/local/lib/libspeex.so.2
7f17256a3000-7f17256a4000 rw-p 0002d000 08:02 2234011                    /usr/local/lib/libspeex.so.2
7f17256a4000-7f17256a5000 r--p 00000000 08:02 2234007                    /usr/local/lib/libresample.so.2
7f17256a5000-7f17256a6000 r-xp 00001000 08:02 2234007                    /usr/local/lib/libresample.so.2
7f17256a6000-7f17256b1000 r--p 00002000 08:02 2234007                    /usr/local/lib/libresample.so.2
7f17256b1000-7f17256b2000 r--p 0000c000 08:02 2234007                    /usr/local/lib/libresample.so.2
7f17256b2000-7f17256b3000 rw-p 0000d000 08:02 2234007                    /usr/local/lib/libresample.so.2
7f17256b3000-7f17256b8000 r--p 00000000 08:02 2234005                    /usr/local/lib/libsrtp.so.2
7f17256b8000-7f17256c3000 r-xp 00005000 08:02 2234005                    /usr/local/lib/libsrtp.so.2
7f17256c3000-7f17256c7000 r--p 00010000 08:02 2234005                    /usr/local/lib/libsrtp.so.2
7f17256c7000-7f17256c8000 r--p 00013000 08:02 2234005                    /usr/local/lib/libsrtp.so.2
7f17256c8000-7f17256c9000 rw-p 00014000 08:02 2234005                    /usr/local/lib/libsrtp.so.2
7f17256c9000-7f1725741000 r--p 00000000 08:02 1442325                    /usr/lib/x86_64-linux-gnu/libcrypto.so.1.1
7f1725741000-7f17258dc000 r-xp 00078000 08:02 1442325                    /usr/lib/x86_64-linux-gnu/libcrypto.so.1.1
7f17258dc000-7f172596d000 r--p 00213000 08:02 1442325                    /usr/lib/x86_64-linux-gnu/libcrypto.so.1.1
7f172596d000-7f1725999000 r--p 002a3000 08:02 1442325                    /usr/lib/x86_64-linux-gnu/libcrypto.so.1.1
7f1725999000-7f172599b000 rw-p 002cf000 08:02 1442325                    /usr/lib/x86_64-linux-gnu/libcrypto.so.1.1
7f172599b000-7f172599f000 rw-p 00000000 00:00 0 
7f172599f000-7f17259a7000 r--p 00000000 08:02 2234039                    /usr/local/lib/libpjnath.so.2
7f17259a7000-7f17259c5000 r-xp 00008000 08:02 2234039                    /usr/local/lib/libpjnath.so.2
7f17259c5000-7f17259d1000 r--p 00026000 08:02 2234039                    /usr/local/lib/libpjnath.so.2
7f17259d1000-7f17259d2000 r--p 00031000 08:02 2234039                    /usr/local/lib/libpjnath.so.2
7f17259d2000-7f17259d4000 rw-p 00032000 08:02 2234039                    /usr/local/lib/libpjnath.so.2
7f17259d4000-7f17259d7000 r--p 00000000 08:02 2234031                    /usr/local/lib/libpjmedia-codec.so.2
7f17259d7000-7f17259df000 r-xp 00003000 08:02 2234031                    /usr/local/lib/libpjmedia-codec.so.2
7f17259df000-7f17259e2000 r--p 0000b000 08:02 2234031                    /usr/local/lib/libpjmedia-codec.so.2
7f17259e2000-7f17259e3000 r--p 0000d000 08:02 2234031                    /usr/local/lib/libpjmedia-codec.so.2
7f17259e3000-7f17259e4000 rw-p 0000e000 08:02 2234031                    /usr/local/lib/libpjmedia-codec.so.2
7f17259e4000-7f17259f0000 r--p 00000000 08:02 2234043                    /usr/local/lib/libpj.so.2
7f17259f0000-7f1725a0e000 r-xp 0000c000 08:02 2234043                    /usr/local/lib/libpj.so.2
7f1725a0e000-7f1725a19000 r--p 0002a000 08:02 2234043                    /usr/local/lib/libpj.so.2
7f1725a19000-7f1725a1a000 ---p 00035000 08:02 2234043                    /usr/local/lib/libpj.so.2
7f1725a1a000-7f1725a1b000 r--p 00035000 08:02 2234043                    /usr/local/lib/libpj.so.2
7f1725a1b000-7f1725a1c000 rw-p 00036000 08:02 2234043                    /usr/local/lib/libpj.so.2
7f1725a1c000-7f1725a1e000 rw-p 00000000 00:00 0 
7f1725a1e000-7f1725a2c000 r--p 00000000 08:02 2234035                    /usr/local/lib/libpjmedia.so.2
7f1725a2c000-7f1725a64000 r-xp 0000e000 08:02 2234035                    /usr/local/lib/libpjmedia.so.2
7f1725a64000-7f1725a81000 r--p 00046000 08:02 2234035                    /usr/local/lib/libpjmedia.so.2
7f1725a81000-7f1725a82000 ---p 00063000 08:02 2234035                    /usr/local/lib/libpjmedia.so.2
7f1725a82000-7f1725a83000 r--p 00063000 08:02 2234035                    /usr/local/lib/libpjmedia.so.2
7f1725a83000-7f1725a85000 rw-p 00064000 08:02 2234035                    /usr/local/lib/libpjmedia.so.2
7f1725a85000-7f1725a86000 rw-p 00000000 00:00 0 
7f1725a86000-7f1725a94000 r--p 00000000 08:02 2234029                    /usr/local/lib/libpjsip.so.2
7f1725a94000-7f1725ac4000 r-xp 0000e000 08:02 2234029                    /usr/local/lib/libpjsip.so.2
7f1725ac4000-7f1725ad5000 r--p 0003e000 08:02 2234029                    /usr/local/lib/libpjsip.so.2
7f1725ad5000-7f1725ad7000 r--p 0004e000 08:02 2234029                    /usr/local/lib/libpjsip.so.2
7f1725ad7000-7f1725ad9000 rw-p 00050000 08:02 2234029                    /usr/local/lib/libpjsip.so.2
7f1725ad9000-7f1725ade000 rw-p 00000000 00:00 0 
7f1725ade000-7f1725aec000 r--p 00000000 08:02 2234023                    /usr/local/lib/libpjsua.so.2
7f1725aec000-7f1725b21000 r-xp 0000e000 08:02 2234023                    /usr/local/lib/libpjsua.so.2
7f1725b21000-7f1725b2e000 r--p 00043000 08:02 2234023                    /usr/local/lib/libpjsua.so.2
7f1725b2e000-7f1725b2f000 r--p 0004f000 08:02 2234023                    /usr/local/lib/libpjsua.so.2
7f1725b2f000-7f1725b31000 rw-p 00050000 08:02 2234023                    /usr/local/lib/libpjsua.so.2
7f1725b31000-7f1725c13000 rw-p 00000000 00:00 0 
7f1725c13000-7f1725c62000 r--p 00000000 08:02 3415529                    /home/user/NetBeansProjects/pjsuaCall/src/pjsuacall/dynamicLib/libpjsua2.so
7f1725c62000-7f1725cee000 r-xp 0004f000 08:02 3415529                    /home/user/NetBeansProjects/pjsuaCall/src/pjsuacall/dynamicLib/libpjsua2.so
7f1725cee000-7f1725d24000 r--p 000db000 08:02 3415529                    /home/user/NetBeansProjects/pjsuaCall/src/pjsuacall/dynamicLib/libpjsua2.so
7f1725d24000-7f1725d25000 ---p 00111000 08:02 3415529                    /home/user/NetBeansProjects/pjsuaCall/src/pjsuacall/dynamicLib/libpjsua2.so
7f1725d25000-7f1725d26000 r--p 00111000 08:02 3415529                    /home/user/NetBeansProjects/pjsuaCall/src/pjsuacall/dynamicLib/libpjsua2.so
7f1725d26000-7f1725d28000 rw-p 00112000 08:02 3415529                    /home/user/NetBeansProjects/pjsuaCall/src/pjsuacall/dynamicLib/libpjsua2.so
7f1725d28000-7f1725dbe000 r--p 00000000 08:02 1450209                    /usr/lib/x86_64-linux-gnu/libstdc++.so.6.0.28
7f1725dbe000-7f1725eaf000 r-xp 00096000 08:02 1450209                    /usr/lib/x86_64-linux-gnu/libstdc++.so.6.0.28
7f1725eaf000-7f1725ef8000 r--p 00187000 08:02 1450209                    /usr/lib/x86_64-linux-gnu/libstdc++.so.6.0.28
7f1725ef8000-7f1725ef9000 ---p 001d0000 08:02 1450209                    /usr/lib/x86_64-linux-gnu/libstdc++.so.6.0.28
7f1725ef9000-7f1725f04000 r--p 001d0000 08:02 1450209                    /usr/lib/x86_64-linux-gnu/libstdc++.so.6.0.28
7f1725f04000-7f1725f07000 rw-p 001db000 08:02 1450209                    /usr/lib/x86_64-linux-gnu/libstdc++.so.6.0.28
7f1725f07000-7f1725f0a000 rw-p 00000000 00:00 0 
7f1725f0a000-7f1726073000 r-xp 00000000 08:02 3415530                    /home/user/NetBeansProjects/pjsuaCall/src/pjsuacall/dynamicLib/libopenh264.so
7f1726073000-7f1726273000 ---p 00169000 08:02 3415530                    /home/user/NetBeansProjects/pjsuaCall/src/pjsuacall/dynamicLib/libopenh264.so
7f1726273000-7f1726276000 r--p 00169000 08:02 3415530                    /home/user/NetBeansProjects/pjsuaCall/src/pjsuacall/dynamicLib/libopenh264.so
7f1726276000-7f1726278000 rw-p 0016c000 08:02 3415530                    /home/user/NetBeansProjects/pjsuaCall/src/pjsuacall/dynamicLib/libopenh264.so
7f1726278000-7f1726279000 ---p 00000000 00:00 0 
7f1726279000-7f1726379000 rw-p 00000000 00:00 0 
7f1726379000-7f172637c000 ---p 00000000 00:00 0 
7f172637c000-7f172647a000 rw-p 00000000 00:00 0 
7f172647a000-7f172647b000 ---p 00000000 00:00 0 
7f172647b000-7f172647e000 ---p 00000000 00:00 0 
7f172647e000-7f172657b000 rw-p 00000000 00:00 0 
7f172657b000-7f172657c000 ---p 00000000 00:00 0 
7f172657c000-7f172657f000 ---p 00000000 00:00 0 
7f172657f000-7f172667c000 rw-p 00000000 00:00 0 
7f172667c000-7f172667d000 ---p 00000000 00:00 0 
7f172667d000-7f1726680000 ---p 00000000 00:00 0 
7f1726680000-7f172677d000 rw-p 00000000 00:00 0 
7f172677d000-7f1726780000 ---p 00000000 00:00 0 
7f1726780000-7f172687e000 rw-p 00000000 00:00 0 
7f172687e000-7f1726dee000 r--p 00000000 08:02 1444832                    /usr/lib/locale/locale-archive
7f1726dee000-7f1726df1000 ---p 00000000 00:00 0 
7f1726df1000-7f1726eef000 rw-p 00000000 00:00 0 
7f1726eef000-7f1726ef2000 ---p 00000000 00:00 0 
7f1726ef2000-7f1726ff0000 rw-p 00000000 00:00 0 
7f1726ff0000-7f1726ff1000 ---p 00000000 00:00 0 
7f1726ff1000-7f1728000000 rw-p 00000000 00:00 0 
7f1728000000-7f1728021000 rw-p 00000000 00:00 0 
7f1728021000-7f172c000000 ---p 00000000 00:00 0 
7f172c004000-7f172c00a000 r--p 00000000 08:02 2234025                    /usr/local/lib/libpjsip-ua.so.2
7f172c00a000-7f172c01c000 r-xp 00006000 08:02 2234025                    /usr/local/lib/libpjsip-ua.so.2
7f172c01c000-7f172c022000 r--p 00018000 08:02 2234025                    /usr/local/lib/libpjsip-ua.so.2
7f172c022000-7f172c023000 r--p 0001d000 08:02 2234025                    /usr/local/lib/libpjsip-ua.so.2
7f172c023000-7f172c024000 rw-p 0001e000 08:02 2234025                    /usr/local/lib/libpjsip-ua.so.2
7f172c024000-7f172c02b000 r--p 00000000 08:02 2234041                    /usr/local/lib/libpjlib-util.so.2
7f172c02b000-7f172c045000 r-xp 00007000 08:02 2234041                    /usr/local/lib/libpjlib-util.so.2
7f172c045000-7f172c04d000 r--p 00021000 08:02 2234041                    /usr/local/lib/libpjlib-util.so.2
7f172c04d000-7f172c04e000 r--p 00028000 08:02 2234041                    /usr/local/lib/libpjlib-util.so.2
7f172c04e000-7f172c04f000 rw-p 00029000 08:02 2234041                    /usr/local/lib/libpjlib-util.so.2
7f172c04f000-7f172c055000 r--p 00000000 08:02 2234027                    /usr/local/lib/libpjsip-simple.so.2
7f172c055000-7f172c060000 r-xp 00006000 08:02 2234027                    /usr/local/lib/libpjsip-simple.so.2
7f172c060000-7f172c064000 r--p 00011000 08:02 2234027                    /usr/local/lib/libpjsip-simple.so.2
7f172c064000-7f172c065000 ---p 00015000 08:02 2234027                    /usr/local/lib/libpjsip-simple.so.2
7f172c065000-7f172c066000 r--p 00015000 08:02 2234027                    /usr/local/lib/libpjsip-simple.so.2
7f172c066000-7f172c067000 rw-p 00016000 08:02 2234027                    /usr/local/lib/libpjsip-simple.so.2
7f172c067000-7f172c083000 r--p 00000000 08:02 2234021                    /usr/local/lib/libpjsua2.so.2
7f172c083000-7f172c0d7000 r-xp 0001c000 08:02 2234021                    /usr/local/lib/libpjsua2.so.2
7f172c0d7000-7f172c0ec000 r--p 00070000 08:02 2234021                    /usr/local/lib/libpjsua2.so.2
7f172c0ec000-7f172c0ee000 r--p 00084000 08:02 2234021                    /usr/local/lib/libpjsua2.so.2
7f172c0ee000-7f172c0f0000 rw-p 00086000 08:02 2234021                    /usr/local/lib/libpjsua2.so.2
7f172c0f0000-7f172c2d0000 r--s 03ea1000 08:02 5380617                    /home/user/software/jdk1.8.0_331/jre/lib/rt.jar
7f172c2d0000-7f1730000000 rw-p 00000000 00:00 0 
7f1730000000-7f1730021000 rw-p 00000000 00:00 0 
7f1730021000-7f1734000000 ---p 00000000 00:00 0 
7f1734000000-7f1734021000 rw-p 00000000 00:00 0 
7f1734021000-7f1738000000 ---p 00000000 00:00 0 
7f1738000000-7f1738021000 rw-p 00000000 00:00 0 
7f1738021000-7f173c000000 ---p 00000000 00:00 0 
7f173c000000-7f173c002000 r--p 00000000 08:02 1442187                    /usr/lib/x86_64-linux-gnu/libuuid.so.1.3.0
7f173c002000-7f173c006000 r-xp 00002000 08:02 1442187                    /usr/lib/x86_64-linux-gnu/libuuid.so.1.3.0
7f173c006000-7f173c007000 r--p 00006000 08:02 1442187                    /usr/lib/x86_64-linux-gnu/libuuid.so.1.3.0
7f173c007000-7f173c008000 r--p 00006000 08:02 1442187                    /usr/lib/x86_64-linux-gnu/libuuid.so.1.3.0
7f173c008000-7f173c009000 rw-p 00007000 08:02 1442187                    /usr/lib/x86_64-linux-gnu/libuuid.so.1.3.0
7f173c009000-7f173c00c000 r--p 00000000 08:02 1449406                    /usr/lib/x86_64-linux-gnu/libgcc_s.so.1
7f173c00c000-7f173c01e000 r-xp 00003000 08:02 1449406                    /usr/lib/x86_64-linux-gnu/libgcc_s.so.1
7f173c01e000-7f173c022000 r--p 00015000 08:02 1449406                    /usr/lib/x86_64-linux-gnu/libgcc_s.so.1
7f173c022000-7f173c023000 r--p 00018000 08:02 1449406                    /usr/lib/x86_64-linux-gnu/libgcc_s.so.1
7f173c023000-7f173c024000 rw-p 00019000 08:02 1449406                    /usr/lib/x86_64-linux-gnu/libgcc_s.so.1
7f173c026000-7f173c027000 r--p 00000000 08:02 2097976                    /usr/lib/x86_64-linux-gnu/alsa-lib/libasound_module_rate_speexrate.so
7f173c027000-7f173c02a000 r-xp 00001000 08:02 2097976                    /usr/lib/x86_64-linux-gnu/alsa-lib/libasound_module_rate_speexrate.so
7f173c02a000-7f173c02b000 r--p 00004000 08:02 2097976                    /usr/lib/x86_64-linux-gnu/alsa-lib/libasound_module_rate_speexrate.so
7f173c02b000-7f173c02c000 r--p 00004000 08:02 2097976                    /usr/lib/x86_64-linux-gnu/alsa-lib/libasound_module_rate_speexrate.so
7f173c02c000-7f173c02d000 rw-p 00005000 08:02 2097976                    /usr/lib/x86_64-linux-gnu/alsa-lib/libasound_module_rate_speexrate.so
7f173c02d000-7f173c02f000 r--p 00000000 08:02 2097967                    /usr/lib/x86_64-linux-gnu/alsa-lib/libasound_module_pcm_pulse.so
7f173c02f000-7f173c032000 r-xp 00002000 08:02 2097967                    /usr/lib/x86_64-linux-gnu/alsa-lib/libasound_module_pcm_pulse.so
7f173c032000-7f173c033000 r--p 00005000 08:02 2097967                    /usr/lib/x86_64-linux-gnu/alsa-lib/libasound_module_pcm_pulse.so
7f173c033000-7f173c034000 ---p 00006000 08:02 2097967                    /usr/lib/x86_64-linux-gnu/alsa-lib/libasound_module_pcm_pulse.so
7f173c034000-7f173c035000 r--p 00006000 08:02 2097967                    /usr/lib/x86_64-linux-gnu/alsa-lib/libasound_module_pcm_pulse.so
7f173c035000-7f173c036000 rw-p 00007000 08:02 2097967                    /usr/lib/x86_64-linux-gnu/alsa-lib/libasound_module_pcm_pulse.so
7f173c036000-7f173c03d000 r--s 00000000 08:02 2102563                    /usr/lib/x86_64-linux-gnu/gconv/gconv-modules.cache
7f173c03d000-7f173c6eb000 rw-p 00000000 00:00 0 
7f173c6eb000-7f173ca2b000 ---p 00000000 00:00 0 
7f173ca2b000-7f173cdfe000 rw-p 00000000 00:00 0 
7f173cdfe000-7f173cdff000 ---p 00000000 00:00 0 
7f173cdff000-7f173ceff000 rw-p 00000000 00:00 0 
7f173ceff000-7f173cf00000 ---p 00000000 00:00 0 
7f173cf00000-7f173d000000 rw-p 00000000 00:00 0 
7f173d000000-7f173d270000 rwxp 00000000 00:00 0 
7f173d270000-7f174c000000 ---p 00000000 00:00 0 
7f174c000000-7f174c2ff000 rw-p 00000000 00:00 0 
7f174c2ff000-7f1750000000 ---p 00000000 00:00 0 
7f1750000000-7f1750001000 r--p 00000000 08:02 2097971                    /usr/lib/x86_64-linux-gnu/alsa-lib/libasound_module_rate_samplerate.so
7f1750001000-7f1750002000 r-xp 00001000 08:02 2097971                    /usr/lib/x86_64-linux-gnu/alsa-lib/libasound_module_rate_samplerate.so
7f1750002000-7f1750003000 r--p 00002000 08:02 2097971                    /usr/lib/x86_64-linux-gnu/alsa-lib/libasound_module_rate_samplerate.so
7f1750003000-7f1750004000 r--p 00002000 08:02 2097971                    /usr/lib/x86_64-linux-gnu/alsa-lib/libasound_module_rate_samplerate.so
7f1750004000-7f1750005000 rw-p 00003000 08:02 2097971                    /usr/lib/x86_64-linux-gnu/alsa-lib/libasound_module_rate_samplerate.so
7f1750005000-7f1750007000 r--p 00000000 08:02 2234037                    /usr/local/lib/libpjmedia-audiodev.so.2
7f1750007000-7f175000b000 r-xp 00002000 08:02 2234037                    /usr/local/lib/libpjmedia-audiodev.so.2
7f175000b000-7f175000c000 r--p 00006000 08:02 2234037                    /usr/local/lib/libpjmedia-audiodev.so.2
7f175000c000-7f175000d000 ---p 00007000 08:02 2234037                    /usr/local/lib/libpjmedia-audiodev.so.2
7f175000d000-7f175000e000 r--p 00007000 08:02 2234037                    /usr/local/lib/libpjmedia-audiodev.so.2
7f175000e000-7f175000f000 rw-p 00008000 08:02 2234037                    /usr/local/lib/libpjmedia-audiodev.so.2
7f175000f000-7f1750036000 rw-p 00000000 00:00 0 
7f1750036000-7f1750037000 ---p 00000000 00:00 0 
7f1750037000-7f1750137000 rw-p 00000000 00:00 0 
7f1750137000-7f1750138000 ---p 00000000 00:00 0 
7f1750138000-7f1750262000 rw-p 00000000 00:00 0 
7f1750262000-7f17504c5000 ---p 00000000 00:00 0 
7f17504c5000-7f17504ef000 rw-p 00000000 00:00 0 
7f17504ef000-7f1750751000 ---p 00000000 00:00 0 
7f1750751000-7f1750767000 rw-p 00000000 00:00 0 
7f1750767000-7f1750898000 ---p 00000000 00:00 0 
7f1750898000-7f17508a3000 rw-p 00000000 00:00 0 
7f17508a3000-7f1750c59000 ---p 00000000 00:00 0 
7f1750c59000-7f1750c74000 r-xp 00000000 08:02 5380501                    /home/user/software/jdk1.8.0_331/jre/lib/amd64/libzip.so
7f1750c74000-7f1750e73000 ---p 0001b000 08:02 5380501                    /home/user/software/jdk1.8.0_331/jre/lib/amd64/libzip.so
7f1750e73000-7f1750e74000 r--p 0001a000 08:02 5380501                    /home/user/software/jdk1.8.0_331/jre/lib/amd64/libzip.so
7f1750e74000-7f1750e75000 rw-p 0001b000 08:02 5380501                    /home/user/software/jdk1.8.0_331/jre/lib/amd64/libzip.so
7f1750e75000-7f1750e7d000 rw-s 00000000 08:02 9313929                    /tmp/hsperfdata_user/15406
7f1750e7d000-7f1750eaa000 r-xp 00000000 08:02 5380498                    /home/user/software/jdk1.8.0_331/jre/lib/amd64/libjava.so
7f1750eaa000-7f17510a9000 ---p 0002d000 08:02 5380498                    /home/user/software/jdk1.8.0_331/jre/lib/amd64/libjava.so
7f17510a9000-7f17510aa000 r--p 0002c000 08:02 5380498                    /home/user/software/jdk1.8.0_331/jre/lib/amd64/libjava.so
7f17510aa000-7f17510ac000 rw-p 0002d000 08:02 5380498                    /home/user/software/jdk1.8.0_331/jre/lib/amd64/libjava.so
7f17510ac000-7f17510b9000 r-xp 00000000 08:02 5380487                    /home/user/software/jdk1.8.0_331/jre/lib/amd64/libverify.so
7f17510b9000-7f17512b8000 ---p 0000d000 08:02 5380487                    /home/user/software/jdk1.8.0_331/jre/lib/amd64/libverify.so
7f17512b8000-7f17512ba000 r--p 0000c000 08:02 5380487                    /home/user/software/jdk1.8.0_331/jre/lib/amd64/libverify.so
7f17512ba000-7f17512bb000 rw-p 0000e000 08:02 5380487                    /home/user/software/jdk1.8.0_331/jre/lib/amd64/libverify.so
7f17512bb000-7f17512bd000 r--p 00000000 08:02 1445807                    /usr/lib/x86_64-linux-gnu/librt-2.31.so
7f17512bd000-7f17512c1000 r-xp 00002000 08:02 1445807                    /usr/lib/x86_64-linux-gnu/librt-2.31.so
7f17512c1000-7f17512c3000 r--p 00006000 08:02 1445807                    /usr/lib/x86_64-linux-gnu/librt-2.31.so
7f17512c3000-7f17512c4000 r--p 00007000 08:02 1445807                    /usr/lib/x86_64-linux-gnu/librt-2.31.so
7f17512c4000-7f17512c5000 rw-p 00008000 08:02 1445807                    /usr/lib/x86_64-linux-gnu/librt-2.31.so
7f17512c5000-7f17512c6000 ---p 00000000 00:00 0 
7f17512c6000-7f17512c9000 ---p 00000000 00:00 0 
7f17512c9000-7f17513c6000 rw-p 00000000 00:00 0 
7f17513c6000-7f17513d3000 r--p 00000000 08:02 1445794                    /usr/lib/x86_64-linux-gnu/libm-2.31.so
7f17513d3000-7f175147a000 r-xp 0000d000 08:02 1445794                    /usr/lib/x86_64-linux-gnu/libm-2.31.so
7f175147a000-7f1751513000 r--p 000b4000 08:02 1445794                    /usr/lib/x86_64-linux-gnu/libm-2.31.so
7f1751513000-7f1751514000 r--p 0014c000 08:02 1445794                    /usr/lib/x86_64-linux-gnu/libm-2.31.so
7f1751514000-7f1751515000 rw-p 0014d000 08:02 1445794                    /usr/lib/x86_64-linux-gnu/libm-2.31.so
7f1751515000-7f175220d000 r-xp 00000000 08:02 5380480                    /home/user/software/jdk1.8.0_331/jre/lib/amd64/server/libjvm.so
7f175220d000-7f175240c000 ---p 00cf8000 08:02 5380480                    /home/user/software/jdk1.8.0_331/jre/lib/amd64/server/libjvm.so
7f175240c000-7f17524a2000 r--p 00cf7000 08:02 5380480                    /home/user/software/jdk1.8.0_331/jre/lib/amd64/server/libjvm.so
7f17524a2000-7f17524d3000 rw-p 00d8d000 08:02 5380480                    /home/user/software/jdk1.8.0_331/jre/lib/amd64/server/libjvm.so
7f17524d3000-7f1752510000 rw-p 00000000 00:00 0 
7f1752510000-7f1752532000 r--p 00000000 08:02 1445792                    /usr/lib/x86_64-linux-gnu/libc-2.31.so
7f1752532000-7f17526aa000 r-xp 00022000 08:02 1445792                    /usr/lib/x86_64-linux-gnu/libc-2.31.so
7f17526aa000-7f17526f8000 r--p 0019a000 08:02 1445792                    /usr/lib/x86_64-linux-gnu/libc-2.31.so
7f17526f8000-7f17526fc000 r--p 001e7000 08:02 1445792                    /usr/lib/x86_64-linux-gnu/libc-2.31.so
7f17526fc000-7f17526fe000 rw-p 001eb000 08:02 1445792                    /usr/lib/x86_64-linux-gnu/libc-2.31.so
7f17526fe000-7f1752702000 rw-p 00000000 00:00 0 
7f1752702000-7f1752703000 r--p 00000000 08:02 1445793                    /usr/lib/x86_64-linux-gnu/libdl-2.31.so
7f1752703000-7f1752705000 r-xp 00001000 08:02 1445793                    /usr/lib/x86_64-linux-gnu/libdl-2.31.so
7f1752705000-7f1752706000 r--p 00003000 08:02 1445793                    /usr/lib/x86_64-linux-gnu/libdl-2.31.so
7f1752706000-7f1752707000 r--p 00003000 08:02 1445793                    /usr/lib/x86_64-linux-gnu/libdl-2.31.so
7f1752707000-7f1752708000 rw-p 00004000 08:02 1445793                    /usr/lib/x86_64-linux-gnu/libdl-2.31.so
7f1752708000-7f175271f000 r-xp 00000000 08:02 9965144                    /home/user/software/jdk1.8.0_331/lib/amd64/jli/libjli.so
7f175271f000-7f175291e000 ---p 00017000 08:02 9965144                    /home/user/software/jdk1.8.0_331/lib/amd64/jli/libjli.so
7f175291e000-7f175291f000 r--p 00016000 08:02 9965144                    /home/user/software/jdk1.8.0_331/lib/amd64/jli/libjli.so
7f175291f000-7f1752920000 rw-p 00017000 08:02 9965144                    /home/user/software/jdk1.8.0_331/lib/amd64/jli/libjli.so
7f1752920000-7f1752926000 r--p 00000000 08:02 1445805                    /usr/lib/x86_64-linux-gnu/libpthread-2.31.so
7f1752926000-7f1752937000 r-xp 00006000 08:02 1445805                    /usr/lib/x86_64-linux-gnu/libpthread-2.31.so
7f1752937000-7f175293d000 r--p 00017000 08:02 1445805                    /usr/lib/x86_64-linux-gnu/libpthread-2.31.so
7f175293d000-7f175293e000 r--p 0001c000 08:02 1445805                    /usr/lib/x86_64-linux-gnu/libpthread-2.31.so
7f175293e000-7f175293f000 rw-p 0001d000 08:02 1445805                    /usr/lib/x86_64-linux-gnu/libpthread-2.31.so
7f175293f000-7f1752943000 rw-p 00000000 00:00 0 
7f1752947000-7f175294a000 r--p 00000000 08:02 1445800                    /usr/lib/x86_64-linux-gnu/libnss_files-2.31.so
7f175294a000-7f1752951000 r-xp 00003000 08:02 1445800                    /usr/lib/x86_64-linux-gnu/libnss_files-2.31.so
7f1752951000-7f1752953000 r--p 0000a000 08:02 1445800                    /usr/lib/x86_64-linux-gnu/libnss_files-2.31.so
7f1752953000-7f1752954000 r--p 0000b000 08:02 1445800                    /usr/lib/x86_64-linux-gnu/libnss_files-2.31.so
7f1752954000-7f1752955000 rw-p 0000c000 08:02 1445800                    /usr/lib/x86_64-linux-gnu/libnss_files-2.31.so
7f1752955000-7f175295e000 rw-p 00000000 00:00 0 
7f175295e000-7f175295f000 r--p 00000000 08:02 1445788                    /usr/lib/x86_64-linux-gnu/ld-2.31.so
7f175295f000-7f1752982000 r-xp 00001000 08:02 1445788                    /usr/lib/x86_64-linux-gnu/ld-2.31.so
7f1752982000-7f175298a000 r--p 00024000 08:02 1445788                    /usr/lib/x86_64-linux-gnu/ld-2.31.so
7f175298a000-7f175298b000 r--p 00000000 00:00 0 
7f175298b000-7f175298c000 r--p 0002c000 08:02 1445788                    /usr/lib/x86_64-linux-gnu/ld-2.31.so
7f175298c000-7f175298d000 rw-p 0002d000 08:02 1445788                    /usr/lib/x86_64-linux-gnu/ld-2.31.so
7f175298d000-7f175298e000 rw-p 00000000 00:00 0 
7fffe8500000-7fffe8521000 rw-p 00000000 00:00 0                          [stack]
7fffe8566000-7fffe856a000 r--p 00000000 00:00 0                          [vvar]
7fffe856a000-7fffe856c000 r-xp 00000000 00:00 0                          [vdso]
ffffffffff600000-ffffffffff601000 --xp 00000000 00:00 0                  [vsyscall]

VM Arguments:
jvm_args: -Dfile.encoding=UTF-8 -Djava.library.path=/home/user/NetBeansProjects/pjsuaCall/src/pjsuacall/dynamicLib 
java_command: pjsuacall.MainClass
java_class_path (initial): /home/user/Downloads/pjproject-2.12.1/pjsip-apps/src/swig/java/output:/home/user/NetBeansProjects/pjsuaCall/build/classes
Launcher Type: SUN_STANDARD

Environment Variables:
PATH=/home/user/.local/bin:/usr/local/sbin:/usr/local/bin:/usr/sbin:/usr/bin:/sbin:/bin:/usr/games:/usr/local/games:/snap/bin
USERNAME=user
SHELL=/bin/bash
DISPLAY=:0

Signal Handlers:
SIGSEGV: [libjvm.so+0xae0f60], sa_mask[0]=11111111011111111101111111111110, sa_flags=SA_RESTART|SA_SIGINFO
SIGBUS: [libjvm.so+0xae0f60], sa_mask[0]=11111111011111111101111111111110, sa_flags=SA_RESTART|SA_SIGINFO
SIGFPE: [libjvm.so+0xae0f60], sa_mask[0]=11111111011111111101111111111110, sa_flags=SA_RESTART|SA_SIGINFO
SIGPIPE: [libjvm.so+0x915120], sa_mask[0]=11111111011111111101111111111110, sa_flags=SA_RESTART|SA_SIGINFO
SIGXFSZ: [libjvm.so+0x915120], sa_mask[0]=11111111011111111101111111111110, sa_flags=SA_RESTART|SA_SIGINFO
SIGILL: [libjvm.so+0xae0f60], sa_mask[0]=11111111011111111101111111111110, sa_flags=SA_RESTART|SA_SIGINFO
SIGUSR1: SIG_DFL, sa_mask[0]=00000000000000000000000000000000, sa_flags=none
SIGUSR2: [libjvm.so+0x914ff0], sa_mask[0]=00100000000000000000000000000000, sa_flags=SA_RESTART|SA_SIGINFO
SIGHUP: [libjvm.so+0x915610], sa_mask[0]=11111111011111111101111111111110, sa_flags=SA_RESTART|SA_SIGINFO
SIGINT: SIG_IGN, sa_mask[0]=00000000000000000000000000000000, sa_flags=none
SIGTERM: [libjvm.so+0x915610], sa_mask[0]=11111111011111111101111111111110, sa_flags=SA_RESTART|SA_SIGINFO
SIGQUIT: [libjvm.so+0x915610], sa_mask[0]=11111111011111111101111111111110, sa_flags=SA_RESTART|SA_SIGINFO


---------------  S Y S T E M  ---------------

OS:DISTRIB_ID=Ubuntu
DISTRIB_RELEASE=20.04
DISTRIB_CODENAME=focal
DISTRIB_DESCRIPTION="Ubuntu 20.04.4 LTS"

uname:Linux 5.13.0-44-generic #49~20.04.1-Ubuntu SMP Wed May 18 18:44:28 UTC 2022 x86_64
libc:glibc 2.31 NPTL 2.31 
rlimit: STACK 8192k, CORE 0k, NPROC 31039, NOFILE 1048576, AS infinity
load average:0.61 0.72 0.77

/proc/meminfo:
MemTotal:        8017184 kB
MemFree:          974640 kB
MemAvailable:    3575532 kB
Buffers:          494148 kB
Cached:          2517424 kB
SwapCached:            0 kB
Active:          1422728 kB
Inactive:        4991520 kB
Active(anon):     130764 kB
Inactive(anon):  3688060 kB
Active(file):    1291964 kB
Inactive(file):  1303460 kB
Unevictable:       63876 kB
Mlocked:              16 kB
SwapTotal:       3999740 kB
SwapFree:        3998192 kB
Dirty:               264 kB
Writeback:             0 kB
AnonPages:       3466616 kB
Mapped:           599300 kB
Shmem:            423080 kB
KReclaimable:     309676 kB
Slab:             450512 kB
SReclaimable:     309676 kB
SUnreclaim:       140836 kB
KernelStack:       14372 kB
PageTables:        29040 kB
NFS_Unstable:          0 kB
Bounce:                0 kB
WritebackTmp:          0 kB
CommitLimit:     8008332 kB
Committed_AS:    8528476 kB
VmallocTotal:   34359738367 kB
VmallocUsed:       38996 kB
VmallocChunk:          0 kB
Percpu:             4368 kB
HardwareCorrupted:     0 kB
AnonHugePages:         0 kB
ShmemHugePages:        0 kB
ShmemPmdMapped:        0 kB
FileHugePages:         0 kB
FilePmdMapped:         0 kB
HugePages_Total:       0
HugePages_Free:        0
HugePages_Rsvd:        0
HugePages_Surp:        0
Hugepagesize:       2048 kB
Hugetlb:               0 kB
DirectMap4k:      303520 kB
DirectMap2M:     7960576 kB
DirectMap1G:           0 kB

container (cgroup) information:
container_type: cgroupv1
cpu_cpuset_cpus: 0-3
cpu_memory_nodes: 0
active_processor_count: 4
cpu_quota: -1
cpu_period: 100000
cpu_shares: -1
memory_limit_in_bytes: -1
memory_and_swap_limit_in_bytes: -1
memory_soft_limit_in_bytes: -1
memory_usage_in_bytes: 4763394048
memory_max_usage_in_bytes: 5651542016


CPU:total 4 (initial active 4) (4 cores per cpu, 1 threads per core) family 6 model 158 stepping 9, cmov, cx8, fxsr, mmx, sse, sse2, sse3, ssse3, sse4.1, sse4.2, popcnt, avx, avx2, aes, clmul, erms, rtm, 3dnowpref, lzcnt, tsc, tscinvbit, bmi1, bmi2, adx

/proc/cpuinfo:
processor	: 0
vendor_id	: GenuineIntel
cpu family	: 6
model		: 158
model name	: Intel(R) Core(TM) i5-7500 CPU @ 3.40GHz
stepping	: 9
microcode	: 0xec
cpu MHz		: 3687.106
cache size	: 6144 KB
physical id	: 0
siblings	: 4
core id		: 0
cpu cores	: 4
apicid		: 0
initial apicid	: 0
fpu		: yes
fpu_exception	: yes
cpuid level	: 22
wp		: yes
flags		: fpu vme de pse tsc msr pae mce cx8 apic sep mtrr pge mca cmov pat pse36 clflush dts acpi mmx fxsr sse sse2 ss ht tm pbe syscall nx pdpe1gb rdtscp lm constant_tsc art arch_perfmon pebs bts rep_good nopl xtopology nonstop_tsc cpuid aperfmperf pni pclmulqdq dtes64 monitor ds_cpl vmx smx est tm2 ssse3 sdbg fma cx16 xtpr pdcm pcid sse4_1 sse4_2 x2apic movbe popcnt tsc_deadline_timer aes xsave avx f16c rdrand lahf_lm abm 3dnowprefetch cpuid_fault epb invpcid_single pti ssbd ibrs ibpb stibp tpr_shadow vnmi flexpriority ept vpid ept_ad fsgsbase tsc_adjust bmi1 hle avx2 smep bmi2 erms invpcid rtm mpx rdseed adx smap clflushopt intel_pt xsaveopt xsavec xgetbv1 xsaves dtherm ida arat pln pts hwp hwp_notify hwp_act_window hwp_epp md_clear flush_l1d arch_capabilities
vmx flags	: vnmi preemption_timer invvpid ept_x_only ept_ad ept_1gb flexpriority tsc_offset vtpr mtf vapic ept vpid unrestricted_guest ple shadow_vmcs pml ept_mode_based_exec
bugs		: cpu_meltdown spectre_v1 spectre_v2 spec_store_bypass l1tf mds swapgs taa itlb_multihit srbds
bogomips	: 6799.81
clflush size	: 64
cache_alignment	: 64
address sizes	: 39 bits physical, 48 bits virtual
power management:

processor	: 1
vendor_id	: GenuineIntel
cpu family	: 6
model		: 158
model name	: Intel(R) Core(TM) i5-7500 CPU @ 3.40GHz
stepping	: 9
microcode	: 0xec
cpu MHz		: 3400.000
cache size	: 6144 KB
physical id	: 0
siblings	: 4
core id		: 1
cpu cores	: 4
apicid		: 2
initial apicid	: 2
fpu		: yes
fpu_exception	: yes
cpuid level	: 22
wp		: yes
flags		: fpu vme de pse tsc msr pae mce cx8 apic sep mtrr pge mca cmov pat pse36 clflush dts acpi mmx fxsr sse sse2 ss ht tm pbe syscall nx pdpe1gb rdtscp lm constant_tsc art arch_perfmon pebs bts rep_good nopl xtopology nonstop_tsc cpuid aperfmperf pni pclmulqdq dtes64 monitor ds_cpl vmx smx est tm2 ssse3 sdbg fma cx16 xtpr pdcm pcid sse4_1 sse4_2 x2apic movbe popcnt tsc_deadline_timer aes xsave avx f16c rdrand lahf_lm abm 3dnowprefetch cpuid_fault epb invpcid_single pti ssbd ibrs ibpb stibp tpr_shadow vnmi flexpriority ept vpid ept_ad fsgsbase tsc_adjust bmi1 hle avx2 smep bmi2 erms invpcid rtm mpx rdseed adx smap clflushopt intel_pt xsaveopt xsavec xgetbv1 xsaves dtherm ida arat pln pts hwp hwp_notify hwp_act_window hwp_epp md_clear flush_l1d arch_capabilities
vmx flags	: vnmi preemption_timer invvpid ept_x_only ept_ad ept_1gb flexpriority tsc_offset vtpr mtf vapic ept vpid unrestricted_guest ple shadow_vmcs pml ept_mode_based_exec
bugs		: cpu_meltdown spectre_v1 spectre_v2 spec_store_bypass l1tf mds swapgs taa itlb_multihit srbds
bogomips	: 6799.81
clflush size	: 64
cache_alignment	: 64
address sizes	: 39 bits physical, 48 bits virtual
power management:

processor	: 2
vendor_id	: GenuineIntel
cpu family	: 6
model		: 158
model name	: Intel(R) Core(TM) i5-7500 CPU @ 3.40GHz
stepping	: 9
microcode	: 0xec
cpu MHz		: 3619.278
cache size	: 6144 KB
physical id	: 0
siblings	: 4
core id		: 2
cpu cores	: 4
apicid		: 4
initial apicid	: 4
fpu		: yes
fpu_exception	: yes
cpuid level	: 22
wp		: yes
flags		: fpu vme de pse tsc msr pae mce cx8 apic sep mtrr pge mca cmov pat pse36 clflush dts acpi mmx fxsr sse sse2 ss ht tm pbe syscall nx pdpe1gb rdtscp lm constant_tsc art arch_perfmon pebs bts rep_good nopl xtopology nonstop_tsc cpuid aperfmperf pni pclmulqdq dtes64 monitor ds_cpl vmx smx est tm2 ssse3 sdbg fma cx16 xtpr pdcm pcid sse4_1 sse4_2 x2apic movbe popcnt tsc_deadline_timer aes xsave avx f16c rdrand lahf_lm abm 3dnowprefetch cpuid_fault epb invpcid_single pti ssbd ibrs ibpb stibp tpr_shadow vnmi flexpriority ept vpid ept_ad fsgsbase tsc_adjust bmi1 hle avx2 smep bmi2 erms invpcid rtm mpx rdseed adx smap clflushopt intel_pt xsaveopt xsavec xgetbv1 xsaves dtherm ida arat pln pts hwp hwp_notify hwp_act_window hwp_epp md_clear flush_l1d arch_capabilities
vmx flags	: vnmi preemption_timer invvpid ept_x_only ept_ad ept_1gb flexpriority tsc_offset vtpr mtf vapic ept vpid unrestricted_guest ple shadow_vmcs pml ept_mode_based_exec
bugs		: cpu_meltdown spectre_v1 spectre_v2 spec_store_bypass l1tf mds swapgs taa itlb_multihit srbds
bogomips	: 6799.81
clflush size	: 64
cache_alignment	: 64
address sizes	: 39 bits physical, 48 bits virtual
power management:

processor	: 3
vendor_id	: GenuineIntel
cpu family	: 6
model		: 158
model name	: Intel(R) Core(TM) i5-7500 CPU @ 3.40GHz
stepping	: 9
microcode	: 0xec
cpu MHz		: 3680.385
cache size	: 6144 KB
physical id	: 0
siblings	: 4
core id		: 3
cpu cores	: 4
apicid		: 6
initial apicid	: 6
fpu		: yes
fpu_exception	: yes
cpuid level	: 22
wp		: yes
flags		: fpu vme de pse tsc msr pae mce cx8 apic sep mtrr pge mca cmov pat pse36 clflush dts acpi mmx fxsr sse sse2 ss ht tm pbe syscall nx pdpe1gb rdtscp lm constant_tsc art arch_perfmon pebs bts rep_good nopl xtopology nonstop_tsc cpuid aperfmperf pni pclmulqdq dtes64 monitor ds_cpl vmx smx est tm2 ssse3 sdbg fma cx16 xtpr pdcm pcid sse4_1 sse4_2 x2apic movbe popcnt tsc_deadline_timer aes xsave avx f16c rdrand lahf_lm abm 3dnowprefetch cpuid_fault epb invpcid_single pti ssbd ibrs ibpb stibp tpr_shadow vnmi flexpriority ept vpid ept_ad fsgsbase tsc_adjust bmi1 hle avx2 smep bmi2 erms invpcid rtm mpx rdseed adx smap clflushopt intel_pt xsaveopt xsavec xgetbv1 xsaves dtherm ida arat pln pts hwp hwp_notify hwp_act_window hwp_epp md_clear flush_l1d arch_capabilities
vmx flags	: vnmi preemption_timer invvpid ept_x_only ept_ad ept_1gb flexpriority tsc_offset vtpr mtf vapic ept vpid unrestricted_guest ple shadow_vmcs pml ept_mode_based_exec
bugs		: cpu_meltdown spectre_v1 spectre_v2 spec_store_bypass l1tf mds swapgs taa itlb_multihit srbds
bogomips	: 6799.81
clflush size	: 64
cache_alignment	: 64
address sizes	: 39 bits physical, 48 bits virtual
power management:



Memory: 4k page, physical 8017184k(974812k free), swap 3999740k(3998192k free)

vm_info: Java HotSpot(TM) 64-Bit Server VM (25.331-b09) for linux-amd64 JRE (1.8.0_331-b09), built on Mar 10 2022 11:12:57 by "java_re" with gcc 7.3.0

time: Mon Jun  6 14:55:16 2022
timezone: IST
elapsed time: 101.715201 seconds (0d 0h 1m 41s)

