#
# A fatal error has been detected by the Java Runtime Environment:
#
#  SIGSEGV (0xb) at pc=0x00007f8b34171778, pid=31598, tid=0x00007f8b5b887700
#
# JRE version: Java(TM) SE Runtime Environment (8.0_331-b09) (build 1.8.0_331-b09)
# Java VM: Java HotSpot(TM) 64-Bit Server VM (25.331-b09 mixed mode linux-amd64 compressed oops)
# Problematic frame:
# C  [libpjsua2.so.2+0x3f778]  pj::Endpoint::libDestroy(unsigned int)+0x18
#
# Failed to write core dump. Core dumps have been disabled. To enable core dumping, try "ulimit -c unlimited" before starting Java again
#
# If you would like to submit a bug report, please visit:
#   http://bugreport.java.com/bugreport/crash.jsp
# The crash happened outside the Java Virtual Machine in native code.
# See problematic frame for where to report the bug.
#

---------------  T H R E A D  ---------------

Current thread (0x00007f8b5400a800):  JavaThread "main" [_thread_in_native, id=31602, stack(0x00007f8b5b788000,0x00007f8b5b888000)]

siginfo: si_signo: 11 (SIGSEGV), si_code: 1 (SEGV_MAPERR), si_addr: 0x0000000000000050

Registers:
RAX=0x0000000000000000, RBX=0x0000000000000000, RCX=0x00007f8b5b886850, RDX=0x0000000000000000
RSP=0x00007f8b5b886670, RBP=0x0000000000000000, RSI=0x0000000000000000, RDI=0x0000000000000000
R8 =0x0000000000000004, R9 =0x0000000000000005, R10=0xfffffffffffff20e, R11=0x00007f8b34171760
R12=0x0000000000000000, R13=0x00007f8b59b78500, R14=0x00007f8b5b886860, R15=0x00007f8b5400a800
RIP=0x00007f8b34171778, EFLAGS=0x0000000000010202, CSGSFS=0x002b000000000033, ERR=0x0000000000000004
  TRAPNO=0x000000000000000e

Top of Stack: (sp=0x00007f8b5b886670)
0x00007f8b5b886670:   00007f8b5c8cf0f0 00007f8b540ef6e0
0x00007f8b5b886680:   00000000000003d8 00007f8b54009e78
0x00007f8b5b886690:   00007f8b54009aa0 00007f8b5b886777
0x00007f8b5b8866a0:   00007f8b59b78508 00007f8b5400a800
0x00007f8b5b8866b0:   00007f8b5b886700 00007f8b5400a800
0x00007f8b5b8866c0:   00007f8b54009fb0 00007f8b34271880
0x00007f8b5b8866d0:   00007f8b59b78508 00007f8b5400a800
0x00007f8b5b8866e0:   00007f8b5b886750 00007f8b5c2b35d4
0x00007f8b5b8866f0:   00007f8b5b886740 00007f8b5c26b728
0x00007f8b5b886700:   00007f8b5b886830 000000015c05687d
0x00007f8b5b886710:   00007f8b59b78508 00007f8b5400a800
0x00007f8b5b886720:   00007f8b540d1fa0 00007f8b59b78508
0x00007f8b5b886730:   00007f8b5400a800 00007f8b54009fb0
0x00007f8b5b886740:   00007f8b59b78508 00007f8b5400a800
0x00007f8b5b886750:   00007f8b59b78508 00007f8b5400aa00
0x00007f8b5b886760:   0000000000000000 00007f8b59b78500
0x00007f8b5b886770:   00007f8b5b886860 00007f8b342718aa
0x00007f8b5b886780:   00007f8b59b78508 00007f8b5400a800
0x00007f8b5b886790:   00007f8b59b78508 0000000000000000
0x00007f8b5b8867a0:   00007f8b59b78500 ab9d5da070effa00
0x00007f8b5b8867b0:   00007f8b5b886830 0000000000000000
0x00007f8b5b8867c0:   00007f8b59b78500 00007f8b45018767
0x00007f8b5b8867d0:   00007f8b5b886830 00007f8b450184b9
0x00007f8b5b8867e0:   fffffffe00000000 00007f8b45018482
0x00007f8b5b8867f0:   00007f8b5b8867f0 00007f8b59b78500
0x00007f8b5b886800:   00007f8b5b886860 00007f8b59b7d990
0x00007f8b5b886810:   0000000000000000 00007f8b59b78508
0x00007f8b5b886820:   0000000000000000 00007f8b5b886850
0x00007f8b5b886830:   00007f8b5b8868a8 00007f8b4500833d
0x00007f8b5b886840:   0000000085a00e38 00007f8b45011d98
0x00007f8b5b886850:   0000000085a0fcd8 0000000000000000
0x00007f8b5b886860:   0000000085a0fcd8 00007f8b5b886868 

Instructions: (pc=0x00007f8b34171778)
0x00007f8b34171758:   0f 1f 84 00 00 00 00 00 f3 0f 1e fa 41 56 41 55
0x00007f8b34171768:   41 54 55 89 f5 53 48 89 fb 48 81 ec e0 00 00 00
0x00007f8b34171778:   48 8b 7f 50 64 48 8b 04 25 28 00 00 00 48 89 84
0x00007f8b34171788:   24 d8 00 00 00 31 c0 48 85 ff 74 0d e8 47 ec fd 

Register to memory mapping:

RAX=0x0000000000000000 is an unknown value
RBX=0x0000000000000000 is an unknown value
RCX=0x00007f8b5b886850 is pointing into the stack for thread: 0x00007f8b5400a800
RDX=0x0000000000000000 is an unknown value
RSP=0x00007f8b5b886670 is pointing into the stack for thread: 0x00007f8b5400a800
RBP=0x0000000000000000 is an unknown value
RSI=0x0000000000000000 is an unknown value
RDI=0x0000000000000000 is an unknown value
R8 =0x0000000000000004 is an unknown value
R9 =0x0000000000000005 is an unknown value
R10=0xfffffffffffff20e is an unknown value
R11=0x00007f8b34171760: _ZN2pj8Endpoint10libDestroyEj+0 in /usr/local/lib/libpjsua2.so.2 at 0x00007f8b34132000
R12=0x0000000000000000 is an unknown value
R13=0x00007f8b59b78500 is pointing into metadata
R14=0x00007f8b5b886860 is pointing into the stack for thread: 0x00007f8b5400a800
R15=0x00007f8b5400a800 is a thread


Stack: [0x00007f8b5b788000,0x00007f8b5b888000],  sp=0x00007f8b5b886670,  free space=1017k
Native frames: (J=compiled Java code, j=interpreted, Vv=VM code, C=native code)
C  [libpjsua2.so.2+0x3f778]  pj::Endpoint::libDestroy(unsigned int)+0x18

Java frames: (J=compiled Java code, j=interpreted, Vv=VM code)
j  org.pjsip.pjsua2.pjsua2JNI.Endpoint_libDestroy___SWIG_1(JLorg/pjsip/pjsua2/Endpoint;)V+0
j  org.pjsip.pjsua2.Endpoint.libDestroy_()V+5
j  org.pjsip.pjsua2.Endpoint.libDestroy()V+7
j  pjsuacall.MyAccount.clearCall()V+22
j  pjsuacall.MainClass.main([Ljava/lang/String;)V+108
v  ~StubRoutines::call_stub

---------------  P R O C E S S  ---------------

Java Threads: ( => current thread )
  0x00007f8b540cb000 JavaThread "Service Thread" daemon [_thread_blocked, id=31614, stack(0x00007f8b4468c000,0x00007f8b4478d000)]
  0x00007f8b540c0000 JavaThread "C1 CompilerThread2" daemon [_thread_blocked, id=31613, stack(0x00007f8b4478e000,0x00007f8b4488e000)]
  0x00007f8b540be000 JavaThread "C2 CompilerThread1" daemon [_thread_blocked, id=31612, stack(0x00007f8b4488f000,0x00007f8b4498f000)]
  0x00007f8b540bb800 JavaThread "C2 CompilerThread0" daemon [_thread_blocked, id=31611, stack(0x00007f8b44990000,0x00007f8b44a90000)]
  0x00007f8b540b7800 JavaThread "Signal Dispatcher" daemon [_thread_blocked, id=31610, stack(0x00007f8b5801b000,0x00007f8b5811c000)]
  0x00007f8b54087000 JavaThread "Finalizer" daemon [_thread_blocked, id=31609, stack(0x00007f8b5811c000,0x00007f8b5821d000)]
  0x00007f8b54082800 JavaThread "Reference Handler" daemon [_thread_blocked, id=31608, stack(0x00007f8b5821d000,0x00007f8b5831e000)]
=>0x00007f8b5400a800 JavaThread "main" [_thread_in_native, id=31602, stack(0x00007f8b5b788000,0x00007f8b5b888000)]

Other Threads:
  0x00007f8b54079000 VMThread [stack: 0x00007f8b5831f000,0x00007f8b5841f000] [id=31607]
  0x00007f8b540d0000 WatcherThread [stack: 0x00007f8b4458c000,0x00007f8b4468c000] [id=31615]

VM state:not at safepoint (normal execution)

VM Mutex/Monitor currently owned by a thread: None

heap address: 0x0000000085a00000, size: 1958 MB, Compressed Oops mode: 32-bit
Narrow klass base: 0x0000000000000000, Narrow klass shift: 3
Compressed class space size: 1073741824 Address: 0x0000000100000000

Heap:
 PSYoungGen      total 36864K, used 978K [0x00000000d7380000, 0x00000000d9c80000, 0x0000000100000000)
  eden space 31744K, 3% used [0x00000000d7380000,0x00000000d7474928,0x00000000d9280000)
  from space 5120K, 0% used [0x00000000d9280000,0x00000000d9280000,0x00000000d9780000)
  to   space 5120K, 0% used [0x00000000d9780000,0x00000000d9780000,0x00000000d9c80000)
 ParOldGen       total 84992K, used 486K [0x0000000085a00000, 0x000000008ad00000, 0x00000000d7380000)
  object space 84992K, 0% used [0x0000000085a00000,0x0000000085a79988,0x000000008ad00000)
 Metaspace       used 4105K, capacity 5320K, committed 5376K, reserved 1056768K
  class space    used 395K, capacity 496K, committed 512K, reserved 1048576K

Card table byte_map: [0x00007f8b5a987000,0x00007f8b5ad5b000] byte_map_base: 0x00007f8b5a55a000

Marking Bits: (ParMarkBitMap*) 0x00007f8b5c9b3220
 Begin Bits: [0x00007f8b342d0000, 0x00007f8b36168000)
 End Bits:   [0x00007f8b36168000, 0x00007f8b38000000)

Polling page: 0x00007f8b5ce4c000

CodeCache: size=245760Kb used=1458Kb max_used=1458Kb free=244301Kb
 bounds [0x00007f8b45000000, 0x00007f8b45270000, 0x00007f8b54000000]
 total_blobs=489 nmethods=209 adapters=194
 compilation: enabled

Compilation events (10 events):
Event: 0.248 Thread 0x00007f8b540c0000  204       1       java.nio.Buffer::limit (5 bytes)
Event: 0.248 Thread 0x00007f8b540c0000 nmethod 204 0x00007f8b451660d0 code [0x00007f8b45166220, 0x00007f8b45166330]
Event: 0.248 Thread 0x00007f8b540c0000  205       3       java.nio.ByteBuffer::arrayOffset (35 bytes)
Event: 0.248 Thread 0x00007f8b540c0000 nmethod 205 0x00007f8b4516b810 code [0x00007f8b4516b9a0, 0x00007f8b4516bcb8]
Event: 0.248 Thread 0x00007f8b540c0000  207       3       java.nio.Buffer::position (38 bytes)
Event: 0.248 Thread 0x00007f8b540c0000 nmethod 207 0x00007f8b4516be10 code [0x00007f8b4516bf80, 0x00007f8b4516c1c8]
Event: 0.248 Thread 0x00007f8b540c0000  206       3       java.lang.StringBuilder::<init> (7 bytes)
Event: 0.248 Thread 0x00007f8b540c0000 nmethod 206 0x00007f8b4516c290 code [0x00007f8b4516c400, 0x00007f8b4516c6b0]
Event: 101.687 Thread 0x00007f8b540c0000  209  s    1       java.util.Vector::size (5 bytes)
Event: 101.687 Thread 0x00007f8b540c0000 nmethod 209 0x00007f8b4516cb50 code [0x00007f8b4516cca0, 0x00007f8b4516cf10]

GC Heap History (4 events):
Event: 101.674 GC heap before
{Heap before GC invocations=1 (full 0):
 PSYoungGen      total 36864K, used 26979K [0x00000000d7380000, 0x00000000d9c80000, 0x0000000100000000)
  eden space 31744K, 84% used [0x00000000d7380000,0x00000000d8dd8e78,0x00000000d9280000)
  from space 5120K, 0% used [0x00000000d9780000,0x00000000d9780000,0x00000000d9c80000)
  to   space 5120K, 0% used [0x00000000d9280000,0x00000000d9280000,0x00000000d9780000)
 ParOldGen       total 84992K, used 0K [0x0000000085a00000, 0x000000008ad00000, 0x00000000d7380000)
  object space 84992K, 0% used [0x0000000085a00000,0x0000000085a00000,0x000000008ad00000)
 Metaspace       used 4103K, capacity 5320K, committed 5376K, reserved 1056768K
  class space    used 395K, capacity 496K, committed 512K, reserved 1048576K
Event: 101.676 GC heap after
Heap after GC invocations=1 (full 0):
 PSYoungGen      total 36864K, used 576K [0x00000000d7380000, 0x00000000d9c80000, 0x0000000100000000)
  eden space 31744K, 0% used [0x00000000d7380000,0x00000000d7380000,0x00000000d9280000)
  from space 5120K, 11% used [0x00000000d9280000,0x00000000d9310000,0x00000000d9780000)
  to   space 5120K, 0% used [0x00000000d9780000,0x00000000d9780000,0x00000000d9c80000)
 ParOldGen       total 84992K, used 8K [0x0000000085a00000, 0x000000008ad00000, 0x00000000d7380000)
  object space 84992K, 0% used [0x0000000085a00000,0x0000000085a02000,0x000000008ad00000)
 Metaspace       used 4103K, capacity 5320K, committed 5376K, reserved 1056768K
  class space    used 395K, capacity 496K, committed 512K, reserved 1048576K
}
Event: 101.676 GC heap before
{Heap before GC invocations=2 (full 1):
 PSYoungGen      total 36864K, used 576K [0x00000000d7380000, 0x00000000d9c80000, 0x0000000100000000)
  eden space 31744K, 0% used [0x00000000d7380000,0x00000000d7380000,0x00000000d9280000)
  from space 5120K, 11% used [0x00000000d9280000,0x00000000d9310000,0x00000000d9780000)
  to   space 5120K, 0% used [0x00000000d9780000,0x00000000d9780000,0x00000000d9c80000)
 ParOldGen       total 84992K, used 8K [0x0000000085a00000, 0x000000008ad00000, 0x00000000d7380000)
  object space 84992K, 0% used [0x0000000085a00000,0x0000000085a02000,0x000000008ad00000)
 Metaspace       used 4103K, capacity 5320K, committed 5376K, reserved 1056768K
  class space    used 395K, capacity 496K, committed 512K, reserved 1048576K
Event: 101.687 GC heap after
Heap after GC invocations=2 (full 1):
 PSYoungGen      total 36864K, used 0K [0x00000000d7380000, 0x00000000d9c80000, 0x0000000100000000)
  eden space 31744K, 0% used [0x00000000d7380000,0x00000000d7380000,0x00000000d9280000)
  from space 5120K, 0% used [0x00000000d9280000,0x00000000d9280000,0x00000000d9780000)
  to   space 5120K, 0% used [0x00000000d9780000,0x00000000d9780000,0x00000000d9c80000)
 ParOldGen       total 84992K, used 486K [0x0000000085a00000, 0x000000008ad00000, 0x00000000d7380000)
  object space 84992K, 0% used [0x0000000085a00000,0x0000000085a79988,0x000000008ad00000)
 Metaspace       used 4103K, capacity 5320K, committed 5376K, reserved 1056768K
  class space    used 395K, capacity 496K, committed 512K, reserved 1048576K
}

Deoptimization events (0 events):
No events

Classes redefined (0 events):
No events

Internal exceptions (4 events):
Event: 0.020 Thread 0x00007f8b5400a800 Exception <a 'java/lang/NoSuchMethodError': Method sun.misc.Unsafe.defineClass(Ljava/lang/String;[BII)Ljava/lang/Class; name or signature does not match> (0x00000000d7387cc0) thrown at [/scratch/jenkins/workspace/8-2-build-linux-amd64/jdk8u331/2416/hotspo
Event: 0.020 Thread 0x00007f8b5400a800 Exception <a 'java/lang/NoSuchMethodError': Method sun.misc.Unsafe.prefetchRead(Ljava/lang/Object;J)V name or signature does not match> (0x00000000d7387fa8) thrown at [/scratch/jenkins/workspace/8-2-build-linux-amd64/jdk8u331/2416/hotspot/src/share/vm/pri
Event: 0.225 Thread 0x00007f8b5400a800 Exception <a 'java/lang/NoSuchFieldError': method resolution failed> (0x00000000d7615df0) thrown at [/scratch/jenkins/workspace/8-2-build-linux-amd64/jdk8u331/2416/hotspot/src/share/vm/prims/methodHandles.cpp, line 1169]
Event: 0.227 Thread 0x00007f8b5400a800 Exception <a 'java/lang/NoSuchFieldError': method resolution failed> (0x00000000d7623220) thrown at [/scratch/jenkins/workspace/8-2-build-linux-amd64/jdk8u331/2416/hotspot/src/share/vm/prims/methodHandles.cpp, line 1169]

Events (10 events):
Event: 9.047 Thread 0x00007f8b00024800 Thread added: 0x00007f8b00024800
Event: 9.047 Thread 0x00007f8b00024800 Thread exited: 0x00007f8b00024800
Event: 32.159 Thread 0x00007f8b00009800 Thread added: 0x00007f8b00009800
Event: 32.159 Thread 0x00007f8b00009800 Thread exited: 0x00007f8b00009800
Event: 33.191 Thread 0x00007f8b00028800 Thread added: 0x00007f8b00028800
Event: 33.191 Thread 0x00007f8b00028800 Thread exited: 0x00007f8b00028800
Event: 65.191 Thread 0x00007f8b0000f800 Thread added: 0x00007f8b0000f800
Event: 65.191 Thread 0x00007f8b0000f800 Thread exited: 0x00007f8b0000f800
Event: 101.674 Executing VM operation: ParallelGCSystemGC
Event: 101.687 Executing VM operation: ParallelGCSystemGC done


Dynamic libraries:
85a00000-8ad00000 rw-p 00000000 00:00 0 
8ad00000-d7380000 ---p 00000000 00:00 0 
d7380000-d9c80000 rw-p 00000000 00:00 0 
d9c80000-100000000 ---p 00000000 00:00 0 
100000000-100080000 rw-p 00000000 00:00 0 
100080000-140000000 ---p 00000000 00:00 0 
555f6c200000-555f6c201000 r-xp 00000000 08:02 5248844                    /home/user/software/jdk1.8.0_331/bin/java
555f6c400000-555f6c401000 r--p 00000000 08:02 5248844                    /home/user/software/jdk1.8.0_331/bin/java
555f6c401000-555f6c402000 rw-p 00001000 08:02 5248844                    /home/user/software/jdk1.8.0_331/bin/java
555f6cb33000-555f6cb54000 rw-p 00000000 00:00 0                          [heap]
7f8acc000000-7f8acc021000 rw-p 00000000 00:00 0 
7f8acc021000-7f8ad0000000 ---p 00000000 00:00 0 
7f8ad4000000-7f8ad4021000 rw-p 00000000 00:00 0 
7f8ad4021000-7f8ad8000000 ---p 00000000 00:00 0 
7f8ae8000000-7f8ae8021000 rw-p 00000000 00:00 0 
7f8ae8021000-7f8aec000000 ---p 00000000 00:00 0 
7f8af8000000-7f8af8021000 rw-p 00000000 00:00 0 
7f8af8021000-7f8afc000000 ---p 00000000 00:00 0 
7f8b00000000-7f8b00034000 rw-p 00000000 00:00 0 
7f8b00034000-7f8b04000000 ---p 00000000 00:00 0 
7f8b08000000-7f8b08021000 rw-p 00000000 00:00 0 
7f8b08021000-7f8b0c000000 ---p 00000000 00:00 0 
7f8b0c435000-7f8b0c436000 ---p 00000000 00:00 0 
7f8b0c436000-7f8b0cc36000 rw-p 00000000 00:00 0 
7f8b0d437000-7f8b0d438000 ---p 00000000 00:00 0 
7f8b0d438000-7f8b0d43b000 ---p 00000000 00:00 0 
7f8b0d43b000-7f8b0dc38000 rw-p 00000000 00:00 0 
7f8b0dc38000-7f8b0dc39000 ---p 00000000 00:00 0 
7f8b0dc39000-7f8b0e439000 rw-p 00000000 00:00 0 
7f8b0e439000-7f8b0e459000 r--p 00000000 08:02 1449217                    /usr/lib/x86_64-linux-gnu/libdb-5.3.so
7f8b0e459000-7f8b0e59b000 r-xp 00020000 08:02 1449217                    /usr/lib/x86_64-linux-gnu/libdb-5.3.so
7f8b0e59b000-7f8b0e5e0000 r--p 00162000 08:02 1449217                    /usr/lib/x86_64-linux-gnu/libdb-5.3.so
7f8b0e5e0000-7f8b0e5e7000 r--p 001a6000 08:02 1449217                    /usr/lib/x86_64-linux-gnu/libdb-5.3.so
7f8b0e5e7000-7f8b0e5e8000 rw-p 001ad000 08:02 1449217                    /usr/lib/x86_64-linux-gnu/libdb-5.3.so
7f8b0e5e8000-7f8b0e5ee000 r--p 00000000 08:02 1442494                    /usr/lib/x86_64-linux-gnu/libjack.so.0.0.28
7f8b0e5ee000-7f8b0e5fa000 r-xp 00006000 08:02 1442494                    /usr/lib/x86_64-linux-gnu/libjack.so.0.0.28
7f8b0e5fa000-7f8b0e5ff000 r--p 00012000 08:02 1442494                    /usr/lib/x86_64-linux-gnu/libjack.so.0.0.28
7f8b0e5ff000-7f8b0e600000 r--p 00016000 08:02 1442494                    /usr/lib/x86_64-linux-gnu/libjack.so.0.0.28
7f8b0e600000-7f8b0e601000 rw-p 00017000 08:02 1442494                    /usr/lib/x86_64-linux-gnu/libjack.so.0.0.28
7f8b0e601000-7f8b0e60b000 rw-p 00000000 00:00 0 
7f8b0e61c000-7f8b0e61e000 r--p 00000000 08:02 2097964                    /usr/lib/x86_64-linux-gnu/alsa-lib/libasound_module_ctl_pulse.so
7f8b0e61e000-7f8b0e621000 r-xp 00002000 08:02 2097964                    /usr/lib/x86_64-linux-gnu/alsa-lib/libasound_module_ctl_pulse.so
7f8b0e621000-7f8b0e622000 r--p 00005000 08:02 2097964                    /usr/lib/x86_64-linux-gnu/alsa-lib/libasound_module_ctl_pulse.so
7f8b0e622000-7f8b0e623000 r--p 00005000 08:02 2097964                    /usr/lib/x86_64-linux-gnu/alsa-lib/libasound_module_ctl_pulse.so
7f8b0e623000-7f8b0e624000 rw-p 00006000 08:02 2097964                    /usr/lib/x86_64-linux-gnu/alsa-lib/libasound_module_ctl_pulse.so
7f8b0e624000-7f8b0e78f000 r-xp 00000000 08:02 1450125                    /usr/lib/x86_64-linux-gnu/libsamplerate.so.0.1.8
7f8b0e78f000-7f8b0e98e000 ---p 0016b000 08:02 1450125                    /usr/lib/x86_64-linux-gnu/libsamplerate.so.0.1.8
7f8b0e98e000-7f8b0e98f000 r--p 0016a000 08:02 1450125                    /usr/lib/x86_64-linux-gnu/libsamplerate.so.0.1.8
7f8b0e98f000-7f8b0e990000 rw-p 0016b000 08:02 1450125                    /usr/lib/x86_64-linux-gnu/libsamplerate.so.0.1.8
7f8b0e991000-7f8b0e992000 r--p 00000000 08:02 2097970                    /usr/lib/x86_64-linux-gnu/alsa-lib/libasound_module_pcm_vdownmix.so
7f8b0e992000-7f8b0e993000 r-xp 00001000 08:02 2097970                    /usr/lib/x86_64-linux-gnu/alsa-lib/libasound_module_pcm_vdownmix.so
7f8b0e993000-7f8b0e994000 r--p 00002000 08:02 2097970                    /usr/lib/x86_64-linux-gnu/alsa-lib/libasound_module_pcm_vdownmix.so
7f8b0e994000-7f8b0e995000 r--p 00002000 08:02 2097970                    /usr/lib/x86_64-linux-gnu/alsa-lib/libasound_module_pcm_vdownmix.so
7f8b0e995000-7f8b0e996000 rw-p 00003000 08:02 2097970                    /usr/lib/x86_64-linux-gnu/alsa-lib/libasound_module_pcm_vdownmix.so
7f8b0e996000-7f8b0e997000 r--p 00000000 08:02 2097968                    /usr/lib/x86_64-linux-gnu/alsa-lib/libasound_module_pcm_upmix.so
7f8b0e997000-7f8b0e999000 r-xp 00001000 08:02 2097968                    /usr/lib/x86_64-linux-gnu/alsa-lib/libasound_module_pcm_upmix.so
7f8b0e999000-7f8b0e99a000 r--p 00003000 08:02 2097968                    /usr/lib/x86_64-linux-gnu/alsa-lib/libasound_module_pcm_upmix.so
7f8b0e99a000-7f8b0e99b000 r--p 00003000 08:02 2097968                    /usr/lib/x86_64-linux-gnu/alsa-lib/libasound_module_pcm_upmix.so
7f8b0e99b000-7f8b0e99c000 rw-p 00004000 08:02 2097968                    /usr/lib/x86_64-linux-gnu/alsa-lib/libasound_module_pcm_upmix.so
7f8b0e99c000-7f8b0e99d000 r--p 00000000 08:02 2097966                    /usr/lib/x86_64-linux-gnu/alsa-lib/libasound_module_pcm_oss.so
7f8b0e99d000-7f8b0e99f000 r-xp 00001000 08:02 2097966                    /usr/lib/x86_64-linux-gnu/alsa-lib/libasound_module_pcm_oss.so
7f8b0e99f000-7f8b0e9a0000 r--p 00003000 08:02 2097966                    /usr/lib/x86_64-linux-gnu/alsa-lib/libasound_module_pcm_oss.so
7f8b0e9a0000-7f8b0e9a1000 r--p 00003000 08:02 2097966                    /usr/lib/x86_64-linux-gnu/alsa-lib/libasound_module_pcm_oss.so
7f8b0e9a1000-7f8b0e9a2000 rw-p 00004000 08:02 2097966                    /usr/lib/x86_64-linux-gnu/alsa-lib/libasound_module_pcm_oss.so
7f8b0e9a2000-7f8b0e9a4000 r--p 00000000 08:02 2097965                    /usr/lib/x86_64-linux-gnu/alsa-lib/libasound_module_pcm_jack.so
7f8b0e9a4000-7f8b0e9a6000 r-xp 00002000 08:02 2097965                    /usr/lib/x86_64-linux-gnu/alsa-lib/libasound_module_pcm_jack.so
7f8b0e9a6000-7f8b0e9a7000 r--p 00004000 08:02 2097965                    /usr/lib/x86_64-linux-gnu/alsa-lib/libasound_module_pcm_jack.so
7f8b0e9a7000-7f8b0e9a8000 r--p 00004000 08:02 2097965                    /usr/lib/x86_64-linux-gnu/alsa-lib/libasound_module_pcm_jack.so
7f8b0e9a8000-7f8b0e9a9000 rw-p 00005000 08:02 2097965                    /usr/lib/x86_64-linux-gnu/alsa-lib/libasound_module_pcm_jack.so
7f8b0e9a9000-7f8b0e9aa000 ---p 00000000 00:00 0 
7f8b0e9aa000-7f8b0f1aa000 rw-p 00000000 00:00 0 
7f8b0f1aa000-7f8b0f1ae000 r--p 00000000 08:02 1449497                    /usr/lib/x86_64-linux-gnu/libgpg-error.so.0.28.0
7f8b0f1ae000-7f8b0f1c1000 r-xp 00004000 08:02 1449497                    /usr/lib/x86_64-linux-gnu/libgpg-error.so.0.28.0
7f8b0f1c1000-7f8b0f1cb000 r--p 00017000 08:02 1449497                    /usr/lib/x86_64-linux-gnu/libgpg-error.so.0.28.0
7f8b0f1cb000-7f8b0f1cc000 r--p 00020000 08:02 1449497                    /usr/lib/x86_64-linux-gnu/libgpg-error.so.0.28.0
7f8b0f1cc000-7f8b0f1cd000 rw-p 00021000 08:02 1449497                    /usr/lib/x86_64-linux-gnu/libgpg-error.so.0.28.0
7f8b0f1cd000-7f8b0f1d1000 r--p 00000000 08:02 1449109                    /usr/lib/x86_64-linux-gnu/libbsd.so.0.10.0
7f8b0f1d1000-7f8b0f1e0000 r-xp 00004000 08:02 1449109                    /usr/lib/x86_64-linux-gnu/libbsd.so.0.10.0
7f8b0f1e0000-7f8b0f1e3000 r--p 00013000 08:02 1449109                    /usr/lib/x86_64-linux-gnu/libbsd.so.0.10.0
7f8b0f1e3000-7f8b0f1e4000 ---p 00016000 08:02 1449109                    /usr/lib/x86_64-linux-gnu/libbsd.so.0.10.0
7f8b0f1e4000-7f8b0f1e5000 r--p 00016000 08:02 1449109                    /usr/lib/x86_64-linux-gnu/libbsd.so.0.10.0
7f8b0f1e5000-7f8b0f1e6000 rw-p 00017000 08:02 1449109                    /usr/lib/x86_64-linux-gnu/libbsd.so.0.10.0
7f8b0f1e6000-7f8b0f1e7000 rw-p 00000000 00:00 0 
7f8b0f1e7000-7f8b0f1eb000 r--p 00000000 08:02 1445806                    /usr/lib/x86_64-linux-gnu/libresolv-2.31.so
7f8b0f1eb000-7f8b0f1fb000 r-xp 00004000 08:02 1445806                    /usr/lib/x86_64-linux-gnu/libresolv-2.31.so
7f8b0f1fb000-7f8b0f1ff000 r--p 00014000 08:02 1445806                    /usr/lib/x86_64-linux-gnu/libresolv-2.31.so
7f8b0f1ff000-7f8b0f200000 r--p 00017000 08:02 1445806                    /usr/lib/x86_64-linux-gnu/libresolv-2.31.so
7f8b0f200000-7f8b0f201000 rw-p 00018000 08:02 1445806                    /usr/lib/x86_64-linux-gnu/libresolv-2.31.so
7f8b0f201000-7f8b0f203000 rw-p 00000000 00:00 0 
7f8b0f203000-7f8b0f217000 r--p 00000000 08:02 1450341                    /usr/lib/x86_64-linux-gnu/libvorbisenc.so.2.0.11
7f8b0f217000-7f8b0f21a000 r-xp 00014000 08:02 1450341                    /usr/lib/x86_64-linux-gnu/libvorbisenc.so.2.0.11
7f8b0f21a000-7f8b0f291000 r--p 00017000 08:02 1450341                    /usr/lib/x86_64-linux-gnu/libvorbisenc.so.2.0.11
7f8b0f291000-7f8b0f2ad000 r--p 0008d000 08:02 1450341                    /usr/lib/x86_64-linux-gnu/libvorbisenc.so.2.0.11
7f8b0f2ad000-7f8b0f2ae000 rw-p 000a9000 08:02 1450341                    /usr/lib/x86_64-linux-gnu/libvorbisenc.so.2.0.11
7f8b0f2ae000-7f8b0f2b1000 r--p 00000000 08:02 1450339                    /usr/lib/x86_64-linux-gnu/libvorbis.so.0.4.8
7f8b0f2b1000-7f8b0f2c8000 r-xp 00003000 08:02 1450339                    /usr/lib/x86_64-linux-gnu/libvorbis.so.0.4.8
7f8b0f2c8000-7f8b0f2d9000 r--p 0001a000 08:02 1450339                    /usr/lib/x86_64-linux-gnu/libvorbis.so.0.4.8
7f8b0f2d9000-7f8b0f2da000 ---p 0002b000 08:02 1450339                    /usr/lib/x86_64-linux-gnu/libvorbis.so.0.4.8
7f8b0f2da000-7f8b0f2db000 r--p 0002b000 08:02 1450339                    /usr/lib/x86_64-linux-gnu/libvorbis.so.0.4.8
7f8b0f2db000-7f8b0f2dc000 rw-p 0002c000 08:02 1450339                    /usr/lib/x86_64-linux-gnu/libvorbis.so.0.4.8
7f8b0f2dc000-7f8b0f2de000 r--p 00000000 08:02 1449917                    /usr/lib/x86_64-linux-gnu/libogg.so.0.8.4
7f8b0f2de000-7f8b0f2e3000 r-xp 00002000 08:02 1449917                    /usr/lib/x86_64-linux-gnu/libogg.so.0.8.4
7f8b0f2e3000-7f8b0f2e6000 r--p 00007000 08:02 1449917                    /usr/lib/x86_64-linux-gnu/libogg.so.0.8.4
7f8b0f2e6000-7f8b0f2e7000 ---p 0000a000 08:02 1449917                    /usr/lib/x86_64-linux-gnu/libogg.so.0.8.4
7f8b0f2e7000-7f8b0f2e8000 r--p 0000a000 08:02 1449917                    /usr/lib/x86_64-linux-gnu/libogg.so.0.8.4
7f8b0f2e8000-7f8b0f2e9000 rw-p 0000b000 08:02 1449917                    /usr/lib/x86_64-linux-gnu/libogg.so.0.8.4
7f8b0f2e9000-7f8b0f2f1000 r--p 00000000 08:02 1448904                    /usr/lib/x86_64-linux-gnu/libFLAC.so.8.3.0
7f8b0f2f1000-7f8b0f31a000 r-xp 00008000 08:02 1448904                    /usr/lib/x86_64-linux-gnu/libFLAC.so.8.3.0
7f8b0f31a000-7f8b0f324000 r--p 00031000 08:02 1448904                    /usr/lib/x86_64-linux-gnu/libFLAC.so.8.3.0
7f8b0f324000-7f8b0f325000 ---p 0003b000 08:02 1448904                    /usr/lib/x86_64-linux-gnu/libFLAC.so.8.3.0
7f8b0f325000-7f8b0f326000 r--p 0003b000 08:02 1448904                    /usr/lib/x86_64-linux-gnu/libFLAC.so.8.3.0
7f8b0f326000-7f8b0f327000 rw-p 0003c000 08:02 1448904                    /usr/lib/x86_64-linux-gnu/libFLAC.so.8.3.0
7f8b0f327000-7f8b0f32b000 r--p 00000000 08:02 1445797                    /usr/lib/x86_64-linux-gnu/libnsl-2.31.so
7f8b0f32b000-7f8b0f33b000 r-xp 00004000 08:02 1445797                    /usr/lib/x86_64-linux-gnu/libnsl-2.31.so
7f8b0f33b000-7f8b0f340000 r--p 00014000 08:02 1445797                    /usr/lib/x86_64-linux-gnu/libnsl-2.31.so
7f8b0f340000-7f8b0f341000 r--p 00018000 08:02 1445797                    /usr/lib/x86_64-linux-gnu/libnsl-2.31.so
7f8b0f341000-7f8b0f342000 rw-p 00019000 08:02 1445797                    /usr/lib/x86_64-linux-gnu/libnsl-2.31.so
7f8b0f342000-7f8b0f344000 rw-p 00000000 00:00 0 
7f8b0f344000-7f8b0f350000 r--p 00000000 08:02 1447651                    /usr/lib/x86_64-linux-gnu/libgcrypt.so.20.2.5
7f8b0f350000-7f8b0f41e000 r-xp 0000c000 08:02 1447651                    /usr/lib/x86_64-linux-gnu/libgcrypt.so.20.2.5
7f8b0f41e000-7f8b0f45b000 r--p 000da000 08:02 1447651                    /usr/lib/x86_64-linux-gnu/libgcrypt.so.20.2.5
7f8b0f45b000-7f8b0f45d000 r--p 00116000 08:02 1447651                    /usr/lib/x86_64-linux-gnu/libgcrypt.so.20.2.5
7f8b0f45d000-7f8b0f462000 rw-p 00118000 08:02 1447651                    /usr/lib/x86_64-linux-gnu/libgcrypt.so.20.2.5
7f8b0f462000-7f8b0f464000 r--p 00000000 08:02 1449762                    /usr/lib/x86_64-linux-gnu/liblz4.so.1.9.2
7f8b0f464000-7f8b0f47e000 r-xp 00002000 08:02 1449762                    /usr/lib/x86_64-linux-gnu/liblz4.so.1.9.2
7f8b0f47e000-7f8b0f481000 r--p 0001c000 08:02 1449762                    /usr/lib/x86_64-linux-gnu/liblz4.so.1.9.2
7f8b0f481000-7f8b0f482000 r--p 0001e000 08:02 1449762                    /usr/lib/x86_64-linux-gnu/liblz4.so.1.9.2
7f8b0f482000-7f8b0f483000 rw-p 0001f000 08:02 1449762                    /usr/lib/x86_64-linux-gnu/liblz4.so.1.9.2
7f8b0f483000-7f8b0f486000 r--p 00000000 08:02 1443497                    /usr/lib/x86_64-linux-gnu/liblzma.so.5.2.4
7f8b0f486000-7f8b0f49e000 r-xp 00003000 08:02 1443497                    /usr/lib/x86_64-linux-gnu/liblzma.so.5.2.4
7f8b0f49e000-7f8b0f4a9000 r--p 0001b000 08:02 1443497                    /usr/lib/x86_64-linux-gnu/liblzma.so.5.2.4
7f8b0f4a9000-7f8b0f4aa000 ---p 00026000 08:02 1443497                    /usr/lib/x86_64-linux-gnu/liblzma.so.5.2.4
7f8b0f4aa000-7f8b0f4ab000 r--p 00026000 08:02 1443497                    /usr/lib/x86_64-linux-gnu/liblzma.so.5.2.4
7f8b0f4ab000-7f8b0f4ac000 rw-p 00027000 08:02 1443497                    /usr/lib/x86_64-linux-gnu/liblzma.so.5.2.4
7f8b0f4ac000-7f8b0f4af000 r--p 00000000 08:02 1449007                    /usr/lib/x86_64-linux-gnu/libapparmor.so.1.6.1
7f8b0f4af000-7f8b0f4b8000 r-xp 00003000 08:02 1449007                    /usr/lib/x86_64-linux-gnu/libapparmor.so.1.6.1
7f8b0f4b8000-7f8b0f4bf000 r--p 0000c000 08:02 1449007                    /usr/lib/x86_64-linux-gnu/libapparmor.so.1.6.1
7f8b0f4bf000-7f8b0f4c0000 r--p 00012000 08:02 1449007                    /usr/lib/x86_64-linux-gnu/libapparmor.so.1.6.1
7f8b0f4c0000-7f8b0f4c1000 rw-p 00013000 08:02 1449007                    /usr/lib/x86_64-linux-gnu/libapparmor.so.1.6.1
7f8b0f4c1000-7f8b0f4c6000 r-xp 00000000 08:02 1449028                    /usr/lib/x86_64-linux-gnu/libasyncns.so.0.3.1
7f8b0f4c6000-7f8b0f6c5000 ---p 00005000 08:02 1449028                    /usr/lib/x86_64-linux-gnu/libasyncns.so.0.3.1
7f8b0f6c5000-7f8b0f6c6000 r--p 00004000 08:02 1449028                    /usr/lib/x86_64-linux-gnu/libasyncns.so.0.3.1
7f8b0f6c6000-7f8b0f6c7000 rw-p 00005000 08:02 1449028                    /usr/lib/x86_64-linux-gnu/libasyncns.so.0.3.1
7f8b0f6c7000-7f8b0f6ce000 r--p 00000000 08:02 1450170                    /usr/lib/x86_64-linux-gnu/libsndfile.so.1.0.28
7f8b0f6ce000-7f8b0f721000 r-xp 00007000 08:02 1450170                    /usr/lib/x86_64-linux-gnu/libsndfile.so.1.0.28
7f8b0f721000-7f8b0f73e000 r--p 0005a000 08:02 1450170                    /usr/lib/x86_64-linux-gnu/libsndfile.so.1.0.28
7f8b0f73e000-7f8b0f73f000 ---p 00077000 08:02 1450170                    /usr/lib/x86_64-linux-gnu/libsndfile.so.1.0.28
7f8b0f73f000-7f8b0f742000 r--p 00077000 08:02 1450170                    /usr/lib/x86_64-linux-gnu/libsndfile.so.1.0.28
7f8b0f742000-7f8b0f743000 rw-p 0007a000 08:02 1450170                    /usr/lib/x86_64-linux-gnu/libsndfile.so.1.0.28
7f8b0f743000-7f8b0f745000 rw-p 00000000 00:00 0 
7f8b0f745000-7f8b0f755000 r--p 00000000 08:02 1446018                    /usr/lib/x86_64-linux-gnu/libsystemd.so.0.28.0
7f8b0f755000-7f8b0f7ca000 r-xp 00010000 08:02 1446018                    /usr/lib/x86_64-linux-gnu/libsystemd.so.0.28.0
7f8b0f7ca000-7f8b0f7ef000 r--p 00085000 08:02 1446018                    /usr/lib/x86_64-linux-gnu/libsystemd.so.0.28.0
7f8b0f7ef000-7f8b0f7f2000 r--p 000a9000 08:02 1446018                    /usr/lib/x86_64-linux-gnu/libsystemd.so.0.28.0
7f8b0f7f2000-7f8b0f7f3000 rw-p 000ac000 08:02 1446018                    /usr/lib/x86_64-linux-gnu/libsystemd.so.0.28.0
7f8b0f7f3000-7f8b0f7f4000 rw-p 00000000 00:00 0 
7f8b0f7f4000-7f8b0f7ff000 r--p 00000000 08:02 1450442                    /usr/lib/x86_64-linux-gnu/libxcb.so.1.1.0
7f8b0f7ff000-7f8b0f813000 r-xp 0000b000 08:02 1450442                    /usr/lib/x86_64-linux-gnu/libxcb.so.1.1.0
7f8b0f813000-7f8b0f81c000 r--p 0001f000 08:02 1450442                    /usr/lib/x86_64-linux-gnu/libxcb.so.1.1.0
7f8b0f81c000-7f8b0f81d000 r--p 00027000 08:02 1450442                    /usr/lib/x86_64-linux-gnu/libxcb.so.1.1.0
7f8b0f81d000-7f8b0f81e000 rw-p 00028000 08:02 1450442                    /usr/lib/x86_64-linux-gnu/libxcb.so.1.1.0
7f8b0f81e000-7f8b0f829000 r--p 00000000 08:02 1442000                    /usr/lib/x86_64-linux-gnu/libdbus-1.so.3.19.11
7f8b0f829000-7f8b0f857000 r-xp 0000b000 08:02 1442000                    /usr/lib/x86_64-linux-gnu/libdbus-1.so.3.19.11
7f8b0f857000-7f8b0f86c000 r--p 00039000 08:02 1442000                    /usr/lib/x86_64-linux-gnu/libdbus-1.so.3.19.11
7f8b0f86c000-7f8b0f86d000 ---p 0004e000 08:02 1442000                    /usr/lib/x86_64-linux-gnu/libdbus-1.so.3.19.11
7f8b0f86d000-7f8b0f86e000 r--p 0004e000 08:02 1442000                    /usr/lib/x86_64-linux-gnu/libdbus-1.so.3.19.11
7f8b0f86e000-7f8b0f86f000 rw-p 0004f000 08:02 1442000                    /usr/lib/x86_64-linux-gnu/libdbus-1.so.3.19.11
7f8b0f86f000-7f8b0f880000 r--p 00000000 08:02 2097637                    /usr/lib/x86_64-linux-gnu/pulseaudio/libpulsecommon-13.99.so
7f8b0f880000-7f8b0f8c8000 r-xp 00011000 08:02 2097637                    /usr/lib/x86_64-linux-gnu/pulseaudio/libpulsecommon-13.99.so
7f8b0f8c8000-7f8b0f8ed000 r--p 00059000 08:02 2097637                    /usr/lib/x86_64-linux-gnu/pulseaudio/libpulsecommon-13.99.so
7f8b0f8ed000-7f8b0f8ee000 ---p 0007e000 08:02 2097637                    /usr/lib/x86_64-linux-gnu/pulseaudio/libpulsecommon-13.99.so
7f8b0f8ee000-7f8b0f8f0000 r--p 0007e000 08:02 2097637                    /usr/lib/x86_64-linux-gnu/pulseaudio/libpulsecommon-13.99.so
7f8b0f8f0000-7f8b0f8f1000 rw-p 00080000 08:02 2097637                    /usr/lib/x86_64-linux-gnu/pulseaudio/libpulsecommon-13.99.so
7f8b0f8f1000-7f8b0f8fd000 r--p 00000000 08:02 1442666                    /usr/lib/x86_64-linux-gnu/libpulse.so.0.21.2
7f8b0f8fd000-7f8b0f92d000 r-xp 0000c000 08:02 1442666                    /usr/lib/x86_64-linux-gnu/libpulse.so.0.21.2
7f8b0f92d000-7f8b0f943000 r--p 0003c000 08:02 1442666                    /usr/lib/x86_64-linux-gnu/libpulse.so.0.21.2
7f8b0f943000-7f8b0f945000 r--p 00051000 08:02 1442666                    /usr/lib/x86_64-linux-gnu/libpulse.so.0.21.2
7f8b0f945000-7f8b0f946000 rw-p 00053000 08:02 1442666                    /usr/lib/x86_64-linux-gnu/libpulse.so.0.21.2
7f8b0f948000-7f8b0f949000 r--p 00000000 08:02 2097976                    /usr/lib/x86_64-linux-gnu/alsa-lib/libasound_module_rate_speexrate.so
7f8b0f949000-7f8b0f94c000 r-xp 00001000 08:02 2097976                    /usr/lib/x86_64-linux-gnu/alsa-lib/libasound_module_rate_speexrate.so
7f8b0f94c000-7f8b0f94d000 r--p 00004000 08:02 2097976                    /usr/lib/x86_64-linux-gnu/alsa-lib/libasound_module_rate_speexrate.so
7f8b0f94d000-7f8b0f94e000 r--p 00004000 08:02 2097976                    /usr/lib/x86_64-linux-gnu/alsa-lib/libasound_module_rate_speexrate.so
7f8b0f94e000-7f8b0f94f000 rw-p 00005000 08:02 2097976                    /usr/lib/x86_64-linux-gnu/alsa-lib/libasound_module_rate_speexrate.so
7f8b0f94f000-7f8b0f951000 r--p 00000000 08:02 2097967                    /usr/lib/x86_64-linux-gnu/alsa-lib/libasound_module_pcm_pulse.so
7f8b0f951000-7f8b0f954000 r-xp 00002000 08:02 2097967                    /usr/lib/x86_64-linux-gnu/alsa-lib/libasound_module_pcm_pulse.so
7f8b0f954000-7f8b0f955000 r--p 00005000 08:02 2097967                    /usr/lib/x86_64-linux-gnu/alsa-lib/libasound_module_pcm_pulse.so
7f8b0f955000-7f8b0f956000 ---p 00006000 08:02 2097967                    /usr/lib/x86_64-linux-gnu/alsa-lib/libasound_module_pcm_pulse.so
7f8b0f956000-7f8b0f957000 r--p 00006000 08:02 2097967                    /usr/lib/x86_64-linux-gnu/alsa-lib/libasound_module_pcm_pulse.so
7f8b0f957000-7f8b0f958000 rw-p 00007000 08:02 2097967                    /usr/lib/x86_64-linux-gnu/alsa-lib/libasound_module_pcm_pulse.so
7f8b0f958000-7f8b0f95f000 r--s 00000000 08:02 2102563                    /usr/lib/x86_64-linux-gnu/gconv/gconv-modules.cache
7f8b0f95f000-7f8b0f961000 r--p 00000000 08:02 2234013                    /usr/local/lib/libilbccodec.so.2
7f8b0f961000-7f8b0f96b000 r-xp 00002000 08:02 2234013                    /usr/local/lib/libilbccodec.so.2
7f8b0f96b000-7f8b0f96d000 r--p 0000c000 08:02 2234013                    /usr/local/lib/libilbccodec.so.2
7f8b0f96d000-7f8b0f96e000 r--p 0000d000 08:02 2234013                    /usr/local/lib/libilbccodec.so.2
7f8b0f96e000-7f8b0f970000 rw-p 0000e000 08:02 2234013                    /usr/local/lib/libilbccodec.so.2
7f8b0f970000-7f8b0f971000 r--p 00000000 08:02 2234009                    /usr/local/lib/libgsmcodec.so.2
7f8b0f971000-7f8b0f979000 r-xp 00001000 08:02 2234009                    /usr/local/lib/libgsmcodec.so.2
7f8b0f979000-7f8b0f97a000 r--p 00009000 08:02 2234009                    /usr/local/lib/libgsmcodec.so.2
7f8b0f97a000-7f8b0f97b000 r--p 00009000 08:02 2234009                    /usr/local/lib/libgsmcodec.so.2
7f8b0f97b000-7f8b0f97c000 rw-p 0000a000 08:02 2234009                    /usr/local/lib/libgsmcodec.so.2
7f8b0f97c000-7f8b0f9a6000 r--p 00000000 08:02 1442673                    /usr/lib/x86_64-linux-gnu/libasound.so.2.0.0
7f8b0f9a6000-7f8b0fa35000 r-xp 0002a000 08:02 1442673                    /usr/lib/x86_64-linux-gnu/libasound.so.2.0.0
7f8b0fa35000-7f8b0fa6f000 r--p 000b9000 08:02 1442673                    /usr/lib/x86_64-linux-gnu/libasound.so.2.0.0
7f8b0fa6f000-7f8b0fa76000 r--p 000f2000 08:02 1442673                    /usr/lib/x86_64-linux-gnu/libasound.so.2.0.0
7f8b0fa76000-7f8b0fa77000 rw-p 000f9000 08:02 1442673                    /usr/lib/x86_64-linux-gnu/libasound.so.2.0.0
7f8b0fa77000-7f8b0fa79000 r--p 00000000 08:02 1442187                    /usr/lib/x86_64-linux-gnu/libuuid.so.1.3.0
7f8b0fa79000-7f8b0fa7d000 r-xp 00002000 08:02 1442187                    /usr/lib/x86_64-linux-gnu/libuuid.so.1.3.0
7f8b0fa7d000-7f8b0fa7e000 r--p 00006000 08:02 1442187                    /usr/lib/x86_64-linux-gnu/libuuid.so.1.3.0
7f8b0fa7e000-7f8b0fa7f000 r--p 00006000 08:02 1442187                    /usr/lib/x86_64-linux-gnu/libuuid.so.1.3.0
7f8b0fa7f000-7f8b0fa80000 rw-p 00007000 08:02 1442187                    /usr/lib/x86_64-linux-gnu/libuuid.so.1.3.0
7f8b0fa80000-7f8b0fa9c000 r--p 00000000 08:02 1444253                    /usr/lib/x86_64-linux-gnu/libssl.so.1.1
7f8b0fa9c000-7f8b0faeb000 r-xp 0001c000 08:02 1444253                    /usr/lib/x86_64-linux-gnu/libssl.so.1.1
7f8b0faeb000-7f8b0fb05000 r--p 0006b000 08:02 1444253                    /usr/lib/x86_64-linux-gnu/libssl.so.1.1
7f8b0fb05000-7f8b0fb06000 ---p 00085000 08:02 1444253                    /usr/lib/x86_64-linux-gnu/libssl.so.1.1
7f8b0fb06000-7f8b0fb0f000 r--p 00085000 08:02 1444253                    /usr/lib/x86_64-linux-gnu/libssl.so.1.1
7f8b0fb0f000-7f8b0fb13000 rw-p 0008e000 08:02 1444253                    /usr/lib/x86_64-linux-gnu/libssl.so.1.1
7f8b0fb13000-7f8b0fb19000 r--p 00000000 08:02 2234019                    /usr/local/lib/libwebrtc.so.2
7f8b0fb19000-7f8b0fb32000 r-xp 00006000 08:02 2234019                    /usr/local/lib/libwebrtc.so.2
7f8b0fb32000-7f8b0fb3a000 r--p 0001f000 08:02 2234019                    /usr/local/lib/libwebrtc.so.2
7f8b0fb3a000-7f8b0fb3b000 r--p 00026000 08:02 2234019                    /usr/local/lib/libwebrtc.so.2
7f8b0fb3b000-7f8b0fb3c000 rw-p 00027000 08:02 2234019                    /usr/local/lib/libwebrtc.so.2
7f8b0fb3c000-7f8b0fb42000 r--p 00000000 08:02 2234011                    /usr/local/lib/libspeex.so.2
7f8b0fb42000-7f8b0fb60000 r-xp 00006000 08:02 2234011                    /usr/local/lib/libspeex.so.2
7f8b0fb60000-7f8b0fb68000 r--p 00024000 08:02 2234011                    /usr/local/lib/libspeex.so.2
7f8b0fb68000-7f8b0fb69000 ---p 0002c000 08:02 2234011                    /usr/local/lib/libspeex.so.2
7f8b0fb69000-7f8b0fb6a000 r--p 0002c000 08:02 2234011                    /usr/local/lib/libspeex.so.2
7f8b0fb6a000-7f8b0fb6b000 rw-p 0002d000 08:02 2234011                    /usr/local/lib/libspeex.so.2
7f8b0fb6b000-7f8b0fb6c000 r--p 00000000 08:02 2234007                    /usr/local/lib/libresample.so.2
7f8b0fb6c000-7f8b0fb6d000 r-xp 00001000 08:02 2234007                    /usr/local/lib/libresample.so.2
7f8b0fb6d000-7f8b0fb78000 r--p 00002000 08:02 2234007                    /usr/local/lib/libresample.so.2
7f8b0fb78000-7f8b0fb79000 r--p 0000c000 08:02 2234007                    /usr/local/lib/libresample.so.2
7f8b0fb79000-7f8b0fb7a000 rw-p 0000d000 08:02 2234007                    /usr/local/lib/libresample.so.2
7f8b0fb7a000-7f8b0fb7f000 r--p 00000000 08:02 2234005                    /usr/local/lib/libsrtp.so.2
7f8b0fb7f000-7f8b0fb8a000 r-xp 00005000 08:02 2234005                    /usr/local/lib/libsrtp.so.2
7f8b0fb8a000-7f8b0fb8e000 r--p 00010000 08:02 2234005                    /usr/local/lib/libsrtp.so.2
7f8b0fb8e000-7f8b0fb8f000 r--p 00013000 08:02 2234005                    /usr/local/lib/libsrtp.so.2
7f8b0fb8f000-7f8b0fb90000 rw-p 00014000 08:02 2234005                    /usr/local/lib/libsrtp.so.2
7f8b0fb90000-7f8b0fc08000 r--p 00000000 08:02 1442325                    /usr/lib/x86_64-linux-gnu/libcrypto.so.1.1
7f8b0fc08000-7f8b0fda3000 r-xp 00078000 08:02 1442325                    /usr/lib/x86_64-linux-gnu/libcrypto.so.1.1
7f8b0fda3000-7f8b0fe34000 r--p 00213000 08:02 1442325                    /usr/lib/x86_64-linux-gnu/libcrypto.so.1.1
7f8b0fe34000-7f8b0fe60000 r--p 002a3000 08:02 1442325                    /usr/lib/x86_64-linux-gnu/libcrypto.so.1.1
7f8b0fe60000-7f8b0fe62000 rw-p 002cf000 08:02 1442325                    /usr/lib/x86_64-linux-gnu/libcrypto.so.1.1
7f8b0fe62000-7f8b0fe66000 rw-p 00000000 00:00 0 
7f8b0fe66000-7f8b0fe6e000 r--p 00000000 08:02 2234039                    /usr/local/lib/libpjnath.so.2
7f8b0fe6e000-7f8b0fe8c000 r-xp 00008000 08:02 2234039                    /usr/local/lib/libpjnath.so.2
7f8b0fe8c000-7f8b0fe98000 r--p 00026000 08:02 2234039                    /usr/local/lib/libpjnath.so.2
7f8b0fe98000-7f8b0fe99000 r--p 00031000 08:02 2234039                    /usr/local/lib/libpjnath.so.2
7f8b0fe99000-7f8b0fe9b000 rw-p 00032000 08:02 2234039                    /usr/local/lib/libpjnath.so.2
7f8b0fe9b000-7f8b0fe9e000 r--p 00000000 08:02 2234031                    /usr/local/lib/libpjmedia-codec.so.2
7f8b0fe9e000-7f8b0fea6000 r-xp 00003000 08:02 2234031                    /usr/local/lib/libpjmedia-codec.so.2
7f8b0fea6000-7f8b0fea9000 r--p 0000b000 08:02 2234031                    /usr/local/lib/libpjmedia-codec.so.2
7f8b0fea9000-7f8b0feaa000 r--p 0000d000 08:02 2234031                    /usr/local/lib/libpjmedia-codec.so.2
7f8b0feaa000-7f8b0feab000 rw-p 0000e000 08:02 2234031                    /usr/local/lib/libpjmedia-codec.so.2
7f8b0feab000-7f8b0feb1000 r--p 00000000 08:02 2234025                    /usr/local/lib/libpjsip-ua.so.2
7f8b0feb1000-7f8b0fec3000 r-xp 00006000 08:02 2234025                    /usr/local/lib/libpjsip-ua.so.2
7f8b0fec3000-7f8b0fec9000 r--p 00018000 08:02 2234025                    /usr/local/lib/libpjsip-ua.so.2
7f8b0fec9000-7f8b0feca000 r--p 0001d000 08:02 2234025                    /usr/local/lib/libpjsip-ua.so.2
7f8b0feca000-7f8b0fecb000 rw-p 0001e000 08:02 2234025                    /usr/local/lib/libpjsip-ua.so.2
7f8b0fecb000-7f8b0fed9000 r--p 00000000 08:02 2234023                    /usr/local/lib/libpjsua.so.2
7f8b0fed9000-7f8b0ff0e000 r-xp 0000e000 08:02 2234023                    /usr/local/lib/libpjsua.so.2
7f8b0ff0e000-7f8b0ff1b000 r--p 00043000 08:02 2234023                    /usr/local/lib/libpjsua.so.2
7f8b0ff1b000-7f8b0ff1c000 r--p 0004f000 08:02 2234023                    /usr/local/lib/libpjsua.so.2
7f8b0ff1c000-7f8b0ff1e000 rw-p 00050000 08:02 2234023                    /usr/local/lib/libpjsua.so.2
7f8b0ff1e000-7f8b10000000 rw-p 00000000 00:00 0 
7f8b10000000-7f8b101f6000 rw-p 00000000 00:00 0 
7f8b101f6000-7f8b14000000 ---p 00000000 00:00 0 
7f8b14000000-7f8b14021000 rw-p 00000000 00:00 0 
7f8b14021000-7f8b18000000 ---p 00000000 00:00 0 
7f8b18000000-7f8b1805a000 rw-p 00000000 00:00 0 
7f8b1805a000-7f8b1c000000 ---p 00000000 00:00 0 
7f8b1c000000-7f8b1c0fb000 rw-p 00000000 00:00 0 
7f8b1c0fb000-7f8b20000000 ---p 00000000 00:00 0 
7f8b20000000-7f8b20021000 rw-p 00000000 00:00 0 
7f8b20021000-7f8b24000000 ---p 00000000 00:00 0 
7f8b24000000-7f8b24021000 rw-p 00000000 00:00 0 
7f8b24021000-7f8b28000000 ---p 00000000 00:00 0 
7f8b28000000-7f8b28021000 rw-p 00000000 00:00 0 
7f8b28021000-7f8b2c000000 ---p 00000000 00:00 0 
7f8b2c000000-7f8b2c021000 rw-p 00000000 00:00 0 
7f8b2c021000-7f8b30000000 ---p 00000000 00:00 0 
7f8b30000000-7f8b30021000 rw-p 00000000 00:00 0 
7f8b30021000-7f8b34000000 ---p 00000000 00:00 0 
7f8b34003000-7f8b34005000 r--p 00000000 08:02 2234037                    /usr/local/lib/libpjmedia-audiodev.so.2
7f8b34005000-7f8b34009000 r-xp 00002000 08:02 2234037                    /usr/local/lib/libpjmedia-audiodev.so.2
7f8b34009000-7f8b3400a000 r--p 00006000 08:02 2234037                    /usr/local/lib/libpjmedia-audiodev.so.2
7f8b3400a000-7f8b3400b000 ---p 00007000 08:02 2234037                    /usr/local/lib/libpjmedia-audiodev.so.2
7f8b3400b000-7f8b3400c000 r--p 00007000 08:02 2234037                    /usr/local/lib/libpjmedia-audiodev.so.2
7f8b3400c000-7f8b3400d000 rw-p 00008000 08:02 2234037                    /usr/local/lib/libpjmedia-audiodev.so.2
7f8b3400d000-7f8b34019000 r--p 00000000 08:02 2234043                    /usr/local/lib/libpj.so.2
7f8b34019000-7f8b34037000 r-xp 0000c000 08:02 2234043                    /usr/local/lib/libpj.so.2
7f8b34037000-7f8b34042000 r--p 0002a000 08:02 2234043                    /usr/local/lib/libpj.so.2
7f8b34042000-7f8b34043000 ---p 00035000 08:02 2234043                    /usr/local/lib/libpj.so.2
7f8b34043000-7f8b34044000 r--p 00035000 08:02 2234043                    /usr/local/lib/libpj.so.2
7f8b34044000-7f8b34045000 rw-p 00036000 08:02 2234043                    /usr/local/lib/libpj.so.2
7f8b34045000-7f8b34047000 rw-p 00000000 00:00 0 
7f8b34047000-7f8b3404e000 r--p 00000000 08:02 2234041                    /usr/local/lib/libpjlib-util.so.2
7f8b3404e000-7f8b34068000 r-xp 00007000 08:02 2234041                    /usr/local/lib/libpjlib-util.so.2
7f8b34068000-7f8b34070000 r--p 00021000 08:02 2234041                    /usr/local/lib/libpjlib-util.so.2
7f8b34070000-7f8b34071000 r--p 00028000 08:02 2234041                    /usr/local/lib/libpjlib-util.so.2
7f8b34071000-7f8b34072000 rw-p 00029000 08:02 2234041                    /usr/local/lib/libpjlib-util.so.2
7f8b34072000-7f8b34080000 r--p 00000000 08:02 2234035                    /usr/local/lib/libpjmedia.so.2
7f8b34080000-7f8b340b8000 r-xp 0000e000 08:02 2234035                    /usr/local/lib/libpjmedia.so.2
7f8b340b8000-7f8b340d5000 r--p 00046000 08:02 2234035                    /usr/local/lib/libpjmedia.so.2
7f8b340d5000-7f8b340d6000 ---p 00063000 08:02 2234035                    /usr/local/lib/libpjmedia.so.2
7f8b340d6000-7f8b340d7000 r--p 00063000 08:02 2234035                    /usr/local/lib/libpjmedia.so.2
7f8b340d7000-7f8b340d9000 rw-p 00064000 08:02 2234035                    /usr/local/lib/libpjmedia.so.2
7f8b340d9000-7f8b340da000 rw-p 00000000 00:00 0 
7f8b340da000-7f8b340e8000 r--p 00000000 08:02 2234029                    /usr/local/lib/libpjsip.so.2
7f8b340e8000-7f8b34118000 r-xp 0000e000 08:02 2234029                    /usr/local/lib/libpjsip.so.2
7f8b34118000-7f8b34129000 r--p 0003e000 08:02 2234029                    /usr/local/lib/libpjsip.so.2
7f8b34129000-7f8b3412b000 r--p 0004e000 08:02 2234029                    /usr/local/lib/libpjsip.so.2
7f8b3412b000-7f8b3412d000 rw-p 00050000 08:02 2234029                    /usr/local/lib/libpjsip.so.2
7f8b3412d000-7f8b34132000 rw-p 00000000 00:00 0 
7f8b34132000-7f8b3414e000 r--p 00000000 08:02 2234021                    /usr/local/lib/libpjsua2.so.2
7f8b3414e000-7f8b341a2000 r-xp 0001c000 08:02 2234021                    /usr/local/lib/libpjsua2.so.2
7f8b341a2000-7f8b341b7000 r--p 00070000 08:02 2234021                    /usr/local/lib/libpjsua2.so.2
7f8b341b7000-7f8b341b9000 r--p 00084000 08:02 2234021                    /usr/local/lib/libpjsua2.so.2
7f8b341b9000-7f8b341bb000 rw-p 00086000 08:02 2234021                    /usr/local/lib/libpjsua2.so.2
7f8b341bb000-7f8b3420a000 r--p 00000000 08:02 3415529                    /home/user/NetBeansProjects/pjsuaCall/src/pjsuacall/dynamicLib/libpjsua2.so
7f8b3420a000-7f8b34296000 r-xp 0004f000 08:02 3415529                    /home/user/NetBeansProjects/pjsuaCall/src/pjsuacall/dynamicLib/libpjsua2.so
7f8b34296000-7f8b342cc000 r--p 000db000 08:02 3415529                    /home/user/NetBeansProjects/pjsuaCall/src/pjsuacall/dynamicLib/libpjsua2.so
7f8b342cc000-7f8b342cd000 ---p 00111000 08:02 3415529                    /home/user/NetBeansProjects/pjsuaCall/src/pjsuacall/dynamicLib/libpjsua2.so
7f8b342cd000-7f8b342ce000 r--p 00111000 08:02 3415529                    /home/user/NetBeansProjects/pjsuaCall/src/pjsuacall/dynamicLib/libpjsua2.so
7f8b342ce000-7f8b342d0000 rw-p 00112000 08:02 3415529                    /home/user/NetBeansProjects/pjsuaCall/src/pjsuacall/dynamicLib/libpjsua2.so
7f8b342d0000-7f8b38000000 rw-p 00000000 00:00 0 
7f8b38000000-7f8b38021000 rw-p 00000000 00:00 0 
7f8b38021000-7f8b3c000000 ---p 00000000 00:00 0 
7f8b3c000000-7f8b3c021000 rw-p 00000000 00:00 0 
7f8b3c021000-7f8b40000000 ---p 00000000 00:00 0 
7f8b40000000-7f8b40021000 rw-p 00000000 00:00 0 
7f8b40021000-7f8b44000000 ---p 00000000 00:00 0 
7f8b44000000-7f8b44002000 r--p 00000000 08:02 1448951                    /usr/lib/x86_64-linux-gnu/libXdmcp.so.6.0.0
7f8b44002000-7f8b44004000 r-xp 00002000 08:02 1448951                    /usr/lib/x86_64-linux-gnu/libXdmcp.so.6.0.0
7f8b44004000-7f8b44006000 r--p 00004000 08:02 1448951                    /usr/lib/x86_64-linux-gnu/libXdmcp.so.6.0.0
7f8b44006000-7f8b44007000 r--p 00005000 08:02 1448951                    /usr/lib/x86_64-linux-gnu/libXdmcp.so.6.0.0
7f8b44007000-7f8b44008000 rw-p 00006000 08:02 1448951                    /usr/lib/x86_64-linux-gnu/libXdmcp.so.6.0.0
7f8b44008000-7f8b4400e000 r--p 00000000 08:02 2234027                    /usr/local/lib/libpjsip-simple.so.2
7f8b4400e000-7f8b44019000 r-xp 00006000 08:02 2234027                    /usr/local/lib/libpjsip-simple.so.2
7f8b44019000-7f8b4401d000 r--p 00011000 08:02 2234027                    /usr/local/lib/libpjsip-simple.so.2
7f8b4401d000-7f8b4401e000 ---p 00015000 08:02 2234027                    /usr/local/lib/libpjsip-simple.so.2
7f8b4401e000-7f8b4401f000 r--p 00015000 08:02 2234027                    /usr/local/lib/libpjsip-simple.so.2
7f8b4401f000-7f8b44020000 rw-p 00016000 08:02 2234027                    /usr/local/lib/libpjsip-simple.so.2
7f8b44020000-7f8b44023000 r--p 00000000 08:02 1449406                    /usr/lib/x86_64-linux-gnu/libgcc_s.so.1
7f8b44023000-7f8b44035000 r-xp 00003000 08:02 1449406                    /usr/lib/x86_64-linux-gnu/libgcc_s.so.1
7f8b44035000-7f8b44039000 r--p 00015000 08:02 1449406                    /usr/lib/x86_64-linux-gnu/libgcc_s.so.1
7f8b44039000-7f8b4403a000 r--p 00018000 08:02 1449406                    /usr/lib/x86_64-linux-gnu/libgcc_s.so.1
7f8b4403a000-7f8b4403b000 rw-p 00019000 08:02 1449406                    /usr/lib/x86_64-linux-gnu/libgcc_s.so.1
7f8b4403b000-7f8b440d1000 r--p 00000000 08:02 1450209                    /usr/lib/x86_64-linux-gnu/libstdc++.so.6.0.28
7f8b440d1000-7f8b441c2000 r-xp 00096000 08:02 1450209                    /usr/lib/x86_64-linux-gnu/libstdc++.so.6.0.28
7f8b441c2000-7f8b4420b000 r--p 00187000 08:02 1450209                    /usr/lib/x86_64-linux-gnu/libstdc++.so.6.0.28
7f8b4420b000-7f8b4420c000 ---p 001d0000 08:02 1450209                    /usr/lib/x86_64-linux-gnu/libstdc++.so.6.0.28
7f8b4420c000-7f8b44217000 r--p 001d0000 08:02 1450209                    /usr/lib/x86_64-linux-gnu/libstdc++.so.6.0.28
7f8b44217000-7f8b4421a000 rw-p 001db000 08:02 1450209                    /usr/lib/x86_64-linux-gnu/libstdc++.so.6.0.28
7f8b4421a000-7f8b4421d000 rw-p 00000000 00:00 0 
7f8b4421d000-7f8b44386000 r-xp 00000000 08:02 3415530                    /home/user/NetBeansProjects/pjsuaCall/src/pjsuacall/dynamicLib/libopenh264.so
7f8b44386000-7f8b44586000 ---p 00169000 08:02 3415530                    /home/user/NetBeansProjects/pjsuaCall/src/pjsuacall/dynamicLib/libopenh264.so
7f8b44586000-7f8b44589000 r--p 00169000 08:02 3415530                    /home/user/NetBeansProjects/pjsuaCall/src/pjsuacall/dynamicLib/libopenh264.so
7f8b44589000-7f8b4458b000 rw-p 0016c000 08:02 3415530                    /home/user/NetBeansProjects/pjsuaCall/src/pjsuacall/dynamicLib/libopenh264.so
7f8b4458b000-7f8b4458c000 ---p 00000000 00:00 0 
7f8b4458c000-7f8b4468c000 rw-p 00000000 00:00 0 
7f8b4468c000-7f8b4468f000 ---p 00000000 00:00 0 
7f8b4468f000-7f8b4478d000 rw-p 00000000 00:00 0 
7f8b4478d000-7f8b4478e000 ---p 00000000 00:00 0 
7f8b4478e000-7f8b44791000 ---p 00000000 00:00 0 
7f8b44791000-7f8b4488e000 rw-p 00000000 00:00 0 
7f8b4488e000-7f8b4488f000 ---p 00000000 00:00 0 
7f8b4488f000-7f8b44892000 ---p 00000000 00:00 0 
7f8b44892000-7f8b4498f000 rw-p 00000000 00:00 0 
7f8b4498f000-7f8b44990000 ---p 00000000 00:00 0 
7f8b44990000-7f8b44993000 ---p 00000000 00:00 0 
7f8b44993000-7f8b44a90000 rw-p 00000000 00:00 0 
7f8b44a90000-7f8b45000000 r--p 00000000 08:02 1444832                    /usr/lib/locale/locale-archive
7f8b45000000-7f8b45270000 rwxp 00000000 00:00 0 
7f8b45270000-7f8b54000000 ---p 00000000 00:00 0 
7f8b54000000-7f8b542d9000 rw-p 00000000 00:00 0 
7f8b542d9000-7f8b58000000 ---p 00000000 00:00 0 
7f8b58004000-7f8b58005000 r--p 00000000 08:02 1448940                    /usr/lib/x86_64-linux-gnu/libXau.so.6.0.0
7f8b58005000-7f8b58007000 r-xp 00001000 08:02 1448940                    /usr/lib/x86_64-linux-gnu/libXau.so.6.0.0
7f8b58007000-7f8b58008000 r--p 00003000 08:02 1448940                    /usr/lib/x86_64-linux-gnu/libXau.so.6.0.0
7f8b58008000-7f8b58009000 r--p 00003000 08:02 1448940                    /usr/lib/x86_64-linux-gnu/libXau.so.6.0.0
7f8b58009000-7f8b5800a000 rw-p 00004000 08:02 1448940                    /usr/lib/x86_64-linux-gnu/libXau.so.6.0.0
7f8b5800a000-7f8b5800d000 r--p 00000000 08:02 1450402                    /usr/lib/x86_64-linux-gnu/libwrap.so.0.7.6
7f8b5800d000-7f8b58012000 r-xp 00003000 08:02 1450402                    /usr/lib/x86_64-linux-gnu/libwrap.so.0.7.6
7f8b58012000-7f8b58014000 r--p 00008000 08:02 1450402                    /usr/lib/x86_64-linux-gnu/libwrap.so.0.7.6
7f8b58014000-7f8b58015000 r--p 00009000 08:02 1450402                    /usr/lib/x86_64-linux-gnu/libwrap.so.0.7.6
7f8b58015000-7f8b58016000 rw-p 0000a000 08:02 1450402                    /usr/lib/x86_64-linux-gnu/libwrap.so.0.7.6
7f8b58016000-7f8b58017000 r--p 00000000 08:02 2097971                    /usr/lib/x86_64-linux-gnu/alsa-lib/libasound_module_rate_samplerate.so
7f8b58017000-7f8b58018000 r-xp 00001000 08:02 2097971                    /usr/lib/x86_64-linux-gnu/alsa-lib/libasound_module_rate_samplerate.so
7f8b58018000-7f8b58019000 r--p 00002000 08:02 2097971                    /usr/lib/x86_64-linux-gnu/alsa-lib/libasound_module_rate_samplerate.so
7f8b58019000-7f8b5801a000 r--p 00002000 08:02 2097971                    /usr/lib/x86_64-linux-gnu/alsa-lib/libasound_module_rate_samplerate.so
7f8b5801a000-7f8b5801b000 rw-p 00003000 08:02 2097971                    /usr/lib/x86_64-linux-gnu/alsa-lib/libasound_module_rate_samplerate.so
7f8b5801b000-7f8b5801e000 ---p 00000000 00:00 0 
7f8b5801e000-7f8b5811c000 rw-p 00000000 00:00 0 
7f8b5811c000-7f8b5811f000 ---p 00000000 00:00 0 
7f8b5811f000-7f8b5821d000 rw-p 00000000 00:00 0 
7f8b5821d000-7f8b58220000 ---p 00000000 00:00 0 
7f8b58220000-7f8b5831e000 rw-p 00000000 00:00 0 
7f8b5831e000-7f8b5831f000 ---p 00000000 00:00 0 
7f8b5831f000-7f8b59423000 rw-p 00000000 00:00 0 
7f8b59423000-7f8b59603000 r--s 03ea1000 08:02 5380617                    /home/user/software/jdk1.8.0_331/jre/lib/rt.jar
7f8b59603000-7f8b59bbc000 rw-p 00000000 00:00 0 
7f8b59bbc000-7f8b59efc000 ---p 00000000 00:00 0 
7f8b59efc000-7f8b5a2f6000 rw-p 00000000 00:00 0 
7f8b5a2f6000-7f8b5a2f7000 ---p 00000000 00:00 0 
7f8b5a2f7000-7f8b5a3f7000 rw-p 00000000 00:00 0 
7f8b5a3f7000-7f8b5a3f8000 ---p 00000000 00:00 0 
7f8b5a3f8000-7f8b5a4f8000 rw-p 00000000 00:00 0 
7f8b5a4f8000-7f8b5a4f9000 ---p 00000000 00:00 0 
7f8b5a4f9000-7f8b5a5f9000 rw-p 00000000 00:00 0 
7f8b5a5f9000-7f8b5a5fa000 ---p 00000000 00:00 0 
7f8b5a5fa000-7f8b5a724000 rw-p 00000000 00:00 0 
7f8b5a724000-7f8b5a987000 ---p 00000000 00:00 0 
7f8b5a987000-7f8b5a9b1000 rw-p 00000000 00:00 0 
7f8b5a9b1000-7f8b5ac13000 ---p 00000000 00:00 0 
7f8b5ac13000-7f8b5ac29000 rw-p 00000000 00:00 0 
7f8b5ac29000-7f8b5ad5a000 ---p 00000000 00:00 0 
7f8b5ad5a000-7f8b5ad65000 rw-p 00000000 00:00 0 
7f8b5ad65000-7f8b5b11b000 ---p 00000000 00:00 0 
7f8b5b11b000-7f8b5b136000 r-xp 00000000 08:02 5380501                    /home/user/software/jdk1.8.0_331/jre/lib/amd64/libzip.so
7f8b5b136000-7f8b5b335000 ---p 0001b000 08:02 5380501                    /home/user/software/jdk1.8.0_331/jre/lib/amd64/libzip.so
7f8b5b335000-7f8b5b336000 r--p 0001a000 08:02 5380501                    /home/user/software/jdk1.8.0_331/jre/lib/amd64/libzip.so
7f8b5b336000-7f8b5b337000 rw-p 0001b000 08:02 5380501                    /home/user/software/jdk1.8.0_331/jre/lib/amd64/libzip.so
7f8b5b337000-7f8b5b33f000 rw-s 00000000 08:02 9313932                    /tmp/hsperfdata_user/31598
7f8b5b33f000-7f8b5b36c000 r-xp 00000000 08:02 5380498                    /home/user/software/jdk1.8.0_331/jre/lib/amd64/libjava.so
7f8b5b36c000-7f8b5b56b000 ---p 0002d000 08:02 5380498                    /home/user/software/jdk1.8.0_331/jre/lib/amd64/libjava.so
7f8b5b56b000-7f8b5b56c000 r--p 0002c000 08:02 5380498                    /home/user/software/jdk1.8.0_331/jre/lib/amd64/libjava.so
7f8b5b56c000-7f8b5b56e000 rw-p 0002d000 08:02 5380498                    /home/user/software/jdk1.8.0_331/jre/lib/amd64/libjava.so
7f8b5b56e000-7f8b5b57b000 r-xp 00000000 08:02 5380487                    /home/user/software/jdk1.8.0_331/jre/lib/amd64/libverify.so
7f8b5b57b000-7f8b5b77a000 ---p 0000d000 08:02 5380487                    /home/user/software/jdk1.8.0_331/jre/lib/amd64/libverify.so
7f8b5b77a000-7f8b5b77c000 r--p 0000c000 08:02 5380487                    /home/user/software/jdk1.8.0_331/jre/lib/amd64/libverify.so
7f8b5b77c000-7f8b5b77d000 rw-p 0000e000 08:02 5380487                    /home/user/software/jdk1.8.0_331/jre/lib/amd64/libverify.so
7f8b5b77d000-7f8b5b77f000 r--p 00000000 08:02 1445807                    /usr/lib/x86_64-linux-gnu/librt-2.31.so
7f8b5b77f000-7f8b5b783000 r-xp 00002000 08:02 1445807                    /usr/lib/x86_64-linux-gnu/librt-2.31.so
7f8b5b783000-7f8b5b785000 r--p 00006000 08:02 1445807                    /usr/lib/x86_64-linux-gnu/librt-2.31.so
7f8b5b785000-7f8b5b786000 r--p 00007000 08:02 1445807                    /usr/lib/x86_64-linux-gnu/librt-2.31.so
7f8b5b786000-7f8b5b787000 rw-p 00008000 08:02 1445807                    /usr/lib/x86_64-linux-gnu/librt-2.31.so
7f8b5b787000-7f8b5b788000 ---p 00000000 00:00 0 
7f8b5b788000-7f8b5b78b000 ---p 00000000 00:00 0 
7f8b5b78b000-7f8b5b888000 rw-p 00000000 00:00 0 
7f8b5b888000-7f8b5b895000 r--p 00000000 08:02 1445794                    /usr/lib/x86_64-linux-gnu/libm-2.31.so
7f8b5b895000-7f8b5b93c000 r-xp 0000d000 08:02 1445794                    /usr/lib/x86_64-linux-gnu/libm-2.31.so
7f8b5b93c000-7f8b5b9d5000 r--p 000b4000 08:02 1445794                    /usr/lib/x86_64-linux-gnu/libm-2.31.so
7f8b5b9d5000-7f8b5b9d6000 r--p 0014c000 08:02 1445794                    /usr/lib/x86_64-linux-gnu/libm-2.31.so
7f8b5b9d6000-7f8b5b9d7000 rw-p 0014d000 08:02 1445794                    /usr/lib/x86_64-linux-gnu/libm-2.31.so
7f8b5b9d7000-7f8b5c6cf000 r-xp 00000000 08:02 5380480                    /home/user/software/jdk1.8.0_331/jre/lib/amd64/server/libjvm.so
7f8b5c6cf000-7f8b5c8ce000 ---p 00cf8000 08:02 5380480                    /home/user/software/jdk1.8.0_331/jre/lib/amd64/server/libjvm.so
7f8b5c8ce000-7f8b5c964000 r--p 00cf7000 08:02 5380480                    /home/user/software/jdk1.8.0_331/jre/lib/amd64/server/libjvm.so
7f8b5c964000-7f8b5c995000 rw-p 00d8d000 08:02 5380480                    /home/user/software/jdk1.8.0_331/jre/lib/amd64/server/libjvm.so
7f8b5c995000-7f8b5c9d2000 rw-p 00000000 00:00 0 
7f8b5c9d2000-7f8b5c9f4000 r--p 00000000 08:02 1445792                    /usr/lib/x86_64-linux-gnu/libc-2.31.so
7f8b5c9f4000-7f8b5cb6c000 r-xp 00022000 08:02 1445792                    /usr/lib/x86_64-linux-gnu/libc-2.31.so
7f8b5cb6c000-7f8b5cbba000 r--p 0019a000 08:02 1445792                    /usr/lib/x86_64-linux-gnu/libc-2.31.so
7f8b5cbba000-7f8b5cbbe000 r--p 001e7000 08:02 1445792                    /usr/lib/x86_64-linux-gnu/libc-2.31.so
7f8b5cbbe000-7f8b5cbc0000 rw-p 001eb000 08:02 1445792                    /usr/lib/x86_64-linux-gnu/libc-2.31.so
7f8b5cbc0000-7f8b5cbc4000 rw-p 00000000 00:00 0 
7f8b5cbc4000-7f8b5cbc5000 r--p 00000000 08:02 1445793                    /usr/lib/x86_64-linux-gnu/libdl-2.31.so
7f8b5cbc5000-7f8b5cbc7000 r-xp 00001000 08:02 1445793                    /usr/lib/x86_64-linux-gnu/libdl-2.31.so
7f8b5cbc7000-7f8b5cbc8000 r--p 00003000 08:02 1445793                    /usr/lib/x86_64-linux-gnu/libdl-2.31.so
7f8b5cbc8000-7f8b5cbc9000 r--p 00003000 08:02 1445793                    /usr/lib/x86_64-linux-gnu/libdl-2.31.so
7f8b5cbc9000-7f8b5cbca000 rw-p 00004000 08:02 1445793                    /usr/lib/x86_64-linux-gnu/libdl-2.31.so
7f8b5cbca000-7f8b5cbe1000 r-xp 00000000 08:02 9965144                    /home/user/software/jdk1.8.0_331/lib/amd64/jli/libjli.so
7f8b5cbe1000-7f8b5cde0000 ---p 00017000 08:02 9965144                    /home/user/software/jdk1.8.0_331/lib/amd64/jli/libjli.so
7f8b5cde0000-7f8b5cde1000 r--p 00016000 08:02 9965144                    /home/user/software/jdk1.8.0_331/lib/amd64/jli/libjli.so
7f8b5cde1000-7f8b5cde2000 rw-p 00017000 08:02 9965144                    /home/user/software/jdk1.8.0_331/lib/amd64/jli/libjli.so
7f8b5cde2000-7f8b5cde8000 r--p 00000000 08:02 1445805                    /usr/lib/x86_64-linux-gnu/libpthread-2.31.so
7f8b5cde8000-7f8b5cdf9000 r-xp 00006000 08:02 1445805                    /usr/lib/x86_64-linux-gnu/libpthread-2.31.so
7f8b5cdf9000-7f8b5cdff000 r--p 00017000 08:02 1445805                    /usr/lib/x86_64-linux-gnu/libpthread-2.31.so
7f8b5cdff000-7f8b5ce00000 r--p 0001c000 08:02 1445805                    /usr/lib/x86_64-linux-gnu/libpthread-2.31.so
7f8b5ce00000-7f8b5ce01000 rw-p 0001d000 08:02 1445805                    /usr/lib/x86_64-linux-gnu/libpthread-2.31.so
7f8b5ce01000-7f8b5ce05000 rw-p 00000000 00:00 0 
7f8b5ce09000-7f8b5ce0c000 r--p 00000000 08:02 1445800                    /usr/lib/x86_64-linux-gnu/libnss_files-2.31.so
7f8b5ce0c000-7f8b5ce13000 r-xp 00003000 08:02 1445800                    /usr/lib/x86_64-linux-gnu/libnss_files-2.31.so
7f8b5ce13000-7f8b5ce15000 r--p 0000a000 08:02 1445800                    /usr/lib/x86_64-linux-gnu/libnss_files-2.31.so
7f8b5ce15000-7f8b5ce16000 r--p 0000b000 08:02 1445800                    /usr/lib/x86_64-linux-gnu/libnss_files-2.31.so
7f8b5ce16000-7f8b5ce17000 rw-p 0000c000 08:02 1445800                    /usr/lib/x86_64-linux-gnu/libnss_files-2.31.so
7f8b5ce17000-7f8b5ce20000 rw-p 00000000 00:00 0 
7f8b5ce20000-7f8b5ce21000 r--p 00000000 08:02 1445788                    /usr/lib/x86_64-linux-gnu/ld-2.31.so
7f8b5ce21000-7f8b5ce44000 r-xp 00001000 08:02 1445788                    /usr/lib/x86_64-linux-gnu/ld-2.31.so
7f8b5ce44000-7f8b5ce4c000 r--p 00024000 08:02 1445788                    /usr/lib/x86_64-linux-gnu/ld-2.31.so
7f8b5ce4c000-7f8b5ce4d000 r--p 00000000 00:00 0 
7f8b5ce4d000-7f8b5ce4e000 r--p 0002c000 08:02 1445788                    /usr/lib/x86_64-linux-gnu/ld-2.31.so
7f8b5ce4e000-7f8b5ce4f000 rw-p 0002d000 08:02 1445788                    /usr/lib/x86_64-linux-gnu/ld-2.31.so
7f8b5ce4f000-7f8b5ce50000 rw-p 00000000 00:00 0 
7fff4f1e4000-7fff4f205000 rw-p 00000000 00:00 0                          [stack]
7fff4f322000-7fff4f326000 r--p 00000000 00:00 0                          [vvar]
7fff4f326000-7fff4f328000 r-xp 00000000 00:00 0                          [vdso]
ffffffffff600000-ffffffffff601000 --xp 00000000 00:00 0                  [vsyscall]

VM Arguments:
jvm_args: -Dfile.encoding=UTF-8 -Djava.library.path=/home/user/NetBeansProjects/pjsuaCall/src/pjsuacall/dynamicLib 
java_command: pjsuacall.MainClass
java_class_path (initial): /home/user/Downloads/pjproject-2.12.1/pjsip-apps/src/swig/java/output:/home/user/NetBeansProjects/pjsuaCall/build/classes
Launcher Type: SUN_STANDARD

Environment Variables:
PATH=/home/user/.local/bin:/usr/local/sbin:/usr/local/bin:/usr/sbin:/usr/bin:/sbin:/bin:/usr/games:/usr/local/games:/snap/bin
USERNAME=user
SHELL=/bin/bash
DISPLAY=:0

Signal Handlers:
SIGSEGV: [libjvm.so+0xae0f60], sa_mask[0]=11111111011111111101111111111110, sa_flags=SA_RESTART|SA_SIGINFO
SIGBUS: [libjvm.so+0xae0f60], sa_mask[0]=11111111011111111101111111111110, sa_flags=SA_RESTART|SA_SIGINFO
SIGFPE: [libjvm.so+0xae0f60], sa_mask[0]=11111111011111111101111111111110, sa_flags=SA_RESTART|SA_SIGINFO
SIGPIPE: [libjvm.so+0x915120], sa_mask[0]=11111111011111111101111111111110, sa_flags=SA_RESTART|SA_SIGINFO
SIGXFSZ: [libjvm.so+0x915120], sa_mask[0]=11111111011111111101111111111110, sa_flags=SA_RESTART|SA_SIGINFO
SIGILL: [libjvm.so+0xae0f60], sa_mask[0]=11111111011111111101111111111110, sa_flags=SA_RESTART|SA_SIGINFO
SIGUSR1: SIG_DFL, sa_mask[0]=00000000000000000000000000000000, sa_flags=none
SIGUSR2: [libjvm.so+0x914ff0], sa_mask[0]=00100000000000000000000000000000, sa_flags=SA_RESTART|SA_SIGINFO
SIGHUP: [libjvm.so+0x915610], sa_mask[0]=11111111011111111101111111111110, sa_flags=SA_RESTART|SA_SIGINFO
SIGINT: SIG_IGN, sa_mask[0]=00000000000000000000000000000000, sa_flags=none
SIGTERM: [libjvm.so+0x915610], sa_mask[0]=11111111011111111101111111111110, sa_flags=SA_RESTART|SA_SIGINFO
SIGQUIT: [libjvm.so+0x915610], sa_mask[0]=11111111011111111101111111111110, sa_flags=SA_RESTART|SA_SIGINFO


---------------  S Y S T E M  ---------------

OS:DISTRIB_ID=Ubuntu
DISTRIB_RELEASE=20.04
DISTRIB_CODENAME=focal
DISTRIB_DESCRIPTION="Ubuntu 20.04.4 LTS"

uname:Linux 5.13.0-44-generic #49~20.04.1-Ubuntu SMP Wed May 18 18:44:28 UTC 2022 x86_64
libc:glibc 2.31 NPTL 2.31 
rlimit: STACK 8192k, CORE 0k, NPROC 31039, NOFILE 1048576, AS infinity
load average:0.64 0.63 0.64

/proc/meminfo:
MemTotal:        8017192 kB
MemFree:          393744 kB
MemAvailable:    3035956 kB
Buffers:          365736 kB
Cached:          2816240 kB
SwapCached:           12 kB
Active:          1837612 kB
Inactive:        5142184 kB
Active(anon):     201964 kB
Inactive(anon):  4124576 kB
Active(file):    1635648 kB
Inactive(file):  1017608 kB
Unevictable:       84912 kB
Mlocked:              16 kB
SwapTotal:       3999740 kB
SwapFree:        3997680 kB
Dirty:                92 kB
Writeback:             0 kB
AnonPages:       3882748 kB
Mapped:           709432 kB
Shmem:            538132 kB
KReclaimable:     293020 kB
Slab:             438004 kB
SReclaimable:     293020 kB
SUnreclaim:       144984 kB
KernelStack:       16032 kB
PageTables:        32236 kB
NFS_Unstable:          0 kB
Bounce:                0 kB
WritebackTmp:          0 kB
CommitLimit:     8008336 kB
Committed_AS:    9486896 kB
VmallocTotal:   34359738367 kB
VmallocUsed:       41952 kB
VmallocChunk:          0 kB
Percpu:             4960 kB
HardwareCorrupted:     0 kB
AnonHugePages:      2048 kB
ShmemHugePages:        0 kB
ShmemPmdMapped:        0 kB
FileHugePages:         0 kB
FilePmdMapped:         0 kB
HugePages_Total:       0
HugePages_Free:        0
HugePages_Rsvd:        0
HugePages_Surp:        0
Hugepagesize:       2048 kB
Hugetlb:               0 kB
DirectMap4k:      326048 kB
DirectMap2M:     7938048 kB
DirectMap1G:           0 kB

container (cgroup) information:
container_type: cgroupv1
cpu_cpuset_cpus: 0-3
cpu_memory_nodes: 0
active_processor_count: 4
cpu_quota: -1
cpu_period: 100000
cpu_shares: -1
memory_limit_in_bytes: -1
memory_and_swap_limit_in_bytes: -1
memory_soft_limit_in_bytes: -1
memory_usage_in_bytes: 5137776640
memory_max_usage_in_bytes: 5394137088


CPU:total 4 (initial active 4) (4 cores per cpu, 1 threads per core) family 6 model 158 stepping 9, cmov, cx8, fxsr, mmx, sse, sse2, sse3, ssse3, sse4.1, sse4.2, popcnt, avx, avx2, aes, clmul, erms, rtm, 3dnowpref, lzcnt, tsc, tscinvbit, bmi1, bmi2, adx

/proc/cpuinfo:
processor	: 0
vendor_id	: GenuineIntel
cpu family	: 6
model		: 158
model name	: Intel(R) Core(TM) i5-7500 CPU @ 3.40GHz
stepping	: 9
microcode	: 0xec
cpu MHz		: 3400.000
cache size	: 6144 KB
physical id	: 0
siblings	: 4
core id		: 0
cpu cores	: 4
apicid		: 0
initial apicid	: 0
fpu		: yes
fpu_exception	: yes
cpuid level	: 22
wp		: yes
flags		: fpu vme de pse tsc msr pae mce cx8 apic sep mtrr pge mca cmov pat pse36 clflush dts acpi mmx fxsr sse sse2 ss ht tm pbe syscall nx pdpe1gb rdtscp lm constant_tsc art arch_perfmon pebs bts rep_good nopl xtopology nonstop_tsc cpuid aperfmperf pni pclmulqdq dtes64 monitor ds_cpl vmx smx est tm2 ssse3 sdbg fma cx16 xtpr pdcm pcid sse4_1 sse4_2 x2apic movbe popcnt tsc_deadline_timer aes xsave avx f16c rdrand lahf_lm abm 3dnowprefetch cpuid_fault epb invpcid_single pti ssbd ibrs ibpb stibp tpr_shadow vnmi flexpriority ept vpid ept_ad fsgsbase tsc_adjust bmi1 hle avx2 smep bmi2 erms invpcid rtm mpx rdseed adx smap clflushopt intel_pt xsaveopt xsavec xgetbv1 xsaves dtherm ida arat pln pts hwp hwp_notify hwp_act_window hwp_epp md_clear flush_l1d arch_capabilities
vmx flags	: vnmi preemption_timer invvpid ept_x_only ept_ad ept_1gb flexpriority tsc_offset vtpr mtf vapic ept vpid unrestricted_guest ple shadow_vmcs pml ept_mode_based_exec
bugs		: cpu_meltdown spectre_v1 spectre_v2 spec_store_bypass l1tf mds swapgs taa itlb_multihit srbds
bogomips	: 6799.81
clflush size	: 64
cache_alignment	: 64
address sizes	: 39 bits physical, 48 bits virtual
power management:

processor	: 1
vendor_id	: GenuineIntel
cpu family	: 6
model		: 158
model name	: Intel(R) Core(TM) i5-7500 CPU @ 3.40GHz
stepping	: 9
microcode	: 0xec
cpu MHz		: 3418.935
cache size	: 6144 KB
physical id	: 0
siblings	: 4
core id		: 1
cpu cores	: 4
apicid		: 2
initial apicid	: 2
fpu		: yes
fpu_exception	: yes
cpuid level	: 22
wp		: yes
flags		: fpu vme de pse tsc msr pae mce cx8 apic sep mtrr pge mca cmov pat pse36 clflush dts acpi mmx fxsr sse sse2 ss ht tm pbe syscall nx pdpe1gb rdtscp lm constant_tsc art arch_perfmon pebs bts rep_good nopl xtopology nonstop_tsc cpuid aperfmperf pni pclmulqdq dtes64 monitor ds_cpl vmx smx est tm2 ssse3 sdbg fma cx16 xtpr pdcm pcid sse4_1 sse4_2 x2apic movbe popcnt tsc_deadline_timer aes xsave avx f16c rdrand lahf_lm abm 3dnowprefetch cpuid_fault epb invpcid_single pti ssbd ibrs ibpb stibp tpr_shadow vnmi flexpriority ept vpid ept_ad fsgsbase tsc_adjust bmi1 hle avx2 smep bmi2 erms invpcid rtm mpx rdseed adx smap clflushopt intel_pt xsaveopt xsavec xgetbv1 xsaves dtherm ida arat pln pts hwp hwp_notify hwp_act_window hwp_epp md_clear flush_l1d arch_capabilities
vmx flags	: vnmi preemption_timer invvpid ept_x_only ept_ad ept_1gb flexpriority tsc_offset vtpr mtf vapic ept vpid unrestricted_guest ple shadow_vmcs pml ept_mode_based_exec
bugs		: cpu_meltdown spectre_v1 spectre_v2 spec_store_bypass l1tf mds swapgs taa itlb_multihit srbds
bogomips	: 6799.81
clflush size	: 64
cache_alignment	: 64
address sizes	: 39 bits physical, 48 bits virtual
power management:

processor	: 2
vendor_id	: GenuineIntel
cpu family	: 6
model		: 158
model name	: Intel(R) Core(TM) i5-7500 CPU @ 3.40GHz
stepping	: 9
microcode	: 0xec
cpu MHz		: 3411.042
cache size	: 6144 KB
physical id	: 0
siblings	: 4
core id		: 2
cpu cores	: 4
apicid		: 4
initial apicid	: 4
fpu		: yes
fpu_exception	: yes
cpuid level	: 22
wp		: yes
flags		: fpu vme de pse tsc msr pae mce cx8 apic sep mtrr pge mca cmov pat pse36 clflush dts acpi mmx fxsr sse sse2 ss ht tm pbe syscall nx pdpe1gb rdtscp lm constant_tsc art arch_perfmon pebs bts rep_good nopl xtopology nonstop_tsc cpuid aperfmperf pni pclmulqdq dtes64 monitor ds_cpl vmx smx est tm2 ssse3 sdbg fma cx16 xtpr pdcm pcid sse4_1 sse4_2 x2apic movbe popcnt tsc_deadline_timer aes xsave avx f16c rdrand lahf_lm abm 3dnowprefetch cpuid_fault epb invpcid_single pti ssbd ibrs ibpb stibp tpr_shadow vnmi flexpriority ept vpid ept_ad fsgsbase tsc_adjust bmi1 hle avx2 smep bmi2 erms invpcid rtm mpx rdseed adx smap clflushopt intel_pt xsaveopt xsavec xgetbv1 xsaves dtherm ida arat pln pts hwp hwp_notify hwp_act_window hwp_epp md_clear flush_l1d arch_capabilities
vmx flags	: vnmi preemption_timer invvpid ept_x_only ept_ad ept_1gb flexpriority tsc_offset vtpr mtf vapic ept vpid unrestricted_guest ple shadow_vmcs pml ept_mode_based_exec
bugs		: cpu_meltdown spectre_v1 spectre_v2 spec_store_bypass l1tf mds swapgs taa itlb_multihit srbds
bogomips	: 6799.81
clflush size	: 64
cache_alignment	: 64
address sizes	: 39 bits physical, 48 bits virtual
power management:

processor	: 3
vendor_id	: GenuineIntel
cpu family	: 6
model		: 158
model name	: Intel(R) Core(TM) i5-7500 CPU @ 3.40GHz
stepping	: 9
microcode	: 0xec
cpu MHz		: 3400.000
cache size	: 6144 KB
physical id	: 0
siblings	: 4
core id		: 3
cpu cores	: 4
apicid		: 6
initial apicid	: 6
fpu		: yes
fpu_exception	: yes
cpuid level	: 22
wp		: yes
flags		: fpu vme de pse tsc msr pae mce cx8 apic sep mtrr pge mca cmov pat pse36 clflush dts acpi mmx fxsr sse sse2 ss ht tm pbe syscall nx pdpe1gb rdtscp lm constant_tsc art arch_perfmon pebs bts rep_good nopl xtopology nonstop_tsc cpuid aperfmperf pni pclmulqdq dtes64 monitor ds_cpl vmx smx est tm2 ssse3 sdbg fma cx16 xtpr pdcm pcid sse4_1 sse4_2 x2apic movbe popcnt tsc_deadline_timer aes xsave avx f16c rdrand lahf_lm abm 3dnowprefetch cpuid_fault epb invpcid_single pti ssbd ibrs ibpb stibp tpr_shadow vnmi flexpriority ept vpid ept_ad fsgsbase tsc_adjust bmi1 hle avx2 smep bmi2 erms invpcid rtm mpx rdseed adx smap clflushopt intel_pt xsaveopt xsavec xgetbv1 xsaves dtherm ida arat pln pts hwp hwp_notify hwp_act_window hwp_epp md_clear flush_l1d arch_capabilities
vmx flags	: vnmi preemption_timer invvpid ept_x_only ept_ad ept_1gb flexpriority tsc_offset vtpr mtf vapic ept vpid unrestricted_guest ple shadow_vmcs pml ept_mode_based_exec
bugs		: cpu_meltdown spectre_v1 spectre_v2 spec_store_bypass l1tf mds swapgs taa itlb_multihit srbds
bogomips	: 6799.81
clflush size	: 64
cache_alignment	: 64
address sizes	: 39 bits physical, 48 bits virtual
power management:



Memory: 4k page, physical 8017192k(393492k free), swap 3999740k(3997680k free)

vm_info: Java HotSpot(TM) 64-Bit Server VM (25.331-b09) for linux-amd64 JRE (1.8.0_331-b09), built on Mar 10 2022 11:12:57 by "java_re" with gcc 7.3.0

time: Tue Jun  7 11:27:05 2022
timezone: IST
elapsed time: 101.718404 seconds (0d 0h 1m 41s)

