#
# A fatal error has been detected by the Java Runtime Environment:
#
#  SIGSEGV (0xb) at pc=0x00007f9a8f2585b1, pid=11381, tid=0x00007f9ac689f700
#
# JRE version: Java(TM) SE Runtime Environment (8.0_331-b09) (build 1.8.0_331-b09)
# Java VM: Java HotSpot(TM) 64-Bit Server VM (25.331-b09 mixed mode linux-amd64 compressed oops)
# Problematic frame:
# C  [libpj.so.2+0x1c5b1]  pj_pool_alloc+0x11
#
# Failed to write core dump. Core dumps have been disabled. To enable core dumping, try "ulimit -c unlimited" before starting Java again
#
# If you would like to submit a bug report, please visit:
#   http://bugreport.java.com/bugreport/crash.jsp
# The crash happened outside the Java Virtual Machine in native code.
# See problematic frame for where to report the bug.
#

---------------  T H R E A D  ---------------

Current thread (0x00007f9ac000a800):  JavaThread "main" [_thread_in_native, id=11386, stack(0x00007f9ac67a0000,0x00007f9ac68a0000)]

siginfo: si_signo: 11 (SIGSEGV), si_code: 1 (SEGV_MAPERR), si_addr: 0x0000000000000058

Registers:
RAX=0x000000000001d4d6, RBX=0x0000000000000000, RCX=0x0000000000000000, RDX=0x00007f9ac689d9e0
RSP=0x00007f9ac689bef0, RBP=0x0000000000000000, RSI=0x0000000000000001, RDI=0x0000000000000000
R8 =0x0000000000000000, R9 =0x00007f9ac689e8a8, R10=0xfffffffffffff3c6, R11=0x00007f9a8f262940
R12=0x0000000000000001, R13=0x00007f9ac689ddd0, R14=0x00007f9ac689e8d0, R15=0x00007f9ac000a800
RIP=0x00007f9a8f2585b1, EFLAGS=0x0000000000010206, CSGSFS=0x002b000000000033, ERR=0x0000000000000004
  TRAPNO=0x000000000000000e

Top of Stack: (sp=0x00007f9ac689bef0)
0x00007f9ac689bef0:   00007f9ac689c2f0 00007f9ac689d9e0
0x00007f9ac689bf00:   00007f9a8f3b3ca8 00007f9a8f262960
0x00007f9ac689bf10:   00007f9a8f3b38e0 00007f9ac689d9d0
0x00007f9ac689bf20:   00007f9ac689ddd0 00007f9a8f38a9f6
0x00007f9ac689bf30:   00007f9ac0110920 00007f9ac00ec190
0x00007f9ac689bf40:   00007f9ac0110920 00007f9a8f38cbbf
0x00007f9ac689bf50:   0000000000000001 00007f9ac689dad0
0x00007f9ac689bf60:   000000000000002f 00007f9ac689bf90
0x00007f9ac689bf70:   00007f9a8f3a7dbd 0000000000000007
0x00007f9ac689bf80:   0000000000004051 00000000358b430a
0x00007f9ac689bf90:   00007f9ac689bfb0 00007f9ac747f575
0x00007f9ac689bfa0:   00007f9ac689bf89 00007f9ac689c010
0x00007f9ac689bfb0:   00007f9ac689bfd0 00007f9ac6e2c69d
0x00007f9ac689bfc0:   00000000d7417630 00007f9ac689c020
0x00007f9ac689bfd0:   00007f9ac7031564 00007f9ac4b94380
0x00007f9ac689bfe0:   33f8468d49368d49 000000f87e8149d2
0x00007f9ac689bff0:   4e8b41d0450f4800 4e8b45e8468b45f0
0x00007f9ac689c000:   98b848e04e8b45e8 c300007f9ab1011d
0x00007f9ac689c010:   450f4800000000f8 468b45f04e8b41d0
0x00007f9ac689c020:   6769666e6f437045 705547495753315f
0x00007f9ac689c030:   0000000000000000 0000000000000000
0x00007f9ac689c040:   0000000000000000 00000000000000ff
0x00007f9ac689c050:   776f442f72657375 0000000000000000
0x00007f9ac689c060:   6765725f44324676 747271535f005f46
0x00007f9ac689c070:   0000000000000000 0000000000000000
0x00007f9ac689c080:   0813140204123e00 0000000000000000
0x00007f9ac689c090:   00000000c488ab58 0000000000000000
0x00007f9ac689c0a0:   0000000000000000 0000000000000000
0x00007f9ac689c0b0:   0000000000000000 0000000000000000
0x00007f9ac689c0c0:   0000000000000000 0000000000000000
0x00007f9ac689c0d0:   cafebabec488ab58 0000000000000000
0x00007f9ac689c0e0:   00007f9ac689c128 00007f9ac47c2930 

Instructions: (pc=0x00007f9a8f2585b1)
0x00007f9a8f258591:   ff ff 66 66 2e 0f 1f 84 00 00 00 00 00 66 90 f3
0x00007f9a8f2585a1:   0f 1e fa 41 54 49 89 f4 55 48 89 fd 48 83 ec 08
0x00007f9a8f2585b1:   48 8b 7f 58 e8 86 1d ff ff 48 85 c0 74 11 48 83
0x00007f9a8f2585c1:   c4 08 5d 41 5c c3 66 0f 1f 84 00 00 00 00 00 48 

Register to memory mapping:

RAX=0x000000000001d4d6 is an unknown value
RBX=0x0000000000000000 is an unknown value
RCX=0x0000000000000000 is an unknown value
RDX=0x00007f9ac689d9e0 is pointing into the stack for thread: 0x00007f9ac000a800
RSP=0x00007f9ac689bef0 is pointing into the stack for thread: 0x00007f9ac000a800
RBP=0x0000000000000000 is an unknown value
RSI=0x0000000000000001 is an unknown value
RDI=0x0000000000000000 is an unknown value
R8 =0x0000000000000000 is an unknown value
R9 =0x00007f9ac689e8a8 is pointing into the stack for thread: 0x00007f9ac000a800
R10=0xfffffffffffff3c6 is an unknown value
R11=0x00007f9a8f262940: pj_strdup_with_null+0 in /usr/local/lib/libpj.so.2 at 0x00007f9a8f23c000
R12=0x0000000000000001 is an unknown value
R13=0x00007f9ac689ddd0 is pointing into the stack for thread: 0x00007f9ac000a800
R14=0x00007f9ac689e8d0 is pointing into the stack for thread: 0x00007f9ac000a800
R15=0x00007f9ac000a800 is a thread


Stack: [0x00007f9ac67a0000,0x00007f9ac68a0000],  sp=0x00007f9ac689bef0,  free space=1007k
Native frames: (J=compiled Java code, j=interpreted, Vv=VM code, C=native code)
C  [libpj.so.2+0x1c5b1]  pj_pool_alloc+0x11

Java frames: (J=compiled Java code, j=interpreted, Vv=VM code)
j  org.pjsip.pjsua2.pjsua2JNI.Endpoint_libInit(JLorg/pjsip/pjsua2/Endpoint;JLorg/pjsip/pjsua2/EpConfig;)V+0
j  org.pjsip.pjsua2.Endpoint.libInit(Lorg/pjsip/pjsua2/EpConfig;)V+10
j  pjsuacall.MyAccount.main([Ljava/lang/String;)V+54
v  ~StubRoutines::call_stub

---------------  P R O C E S S  ---------------

Java Threads: ( => current thread )
  0x00007f9ac00cb000 JavaThread "Service Thread" daemon [_thread_blocked, id=11398, stack(0x00007f9a8f88e000,0x00007f9a8f98f000)]
  0x00007f9ac00c0000 JavaThread "C1 CompilerThread2" daemon [_thread_blocked, id=11397, stack(0x00007f9a8f990000,0x00007f9a8fa90000)]
  0x00007f9ac00be000 JavaThread "C2 CompilerThread1" daemon [_thread_blocked, id=11396, stack(0x00007f9aac0bf000,0x00007f9aac1bf000)]
  0x00007f9ac00bb800 JavaThread "C2 CompilerThread0" daemon [_thread_blocked, id=11395, stack(0x00007f9aac1c0000,0x00007f9aac2c0000)]
  0x00007f9ac00b7800 JavaThread "Signal Dispatcher" daemon [_thread_blocked, id=11394, stack(0x00007f9aac2c0000,0x00007f9aac3c1000)]
  0x00007f9ac0087000 JavaThread "Finalizer" daemon [_thread_blocked, id=11393, stack(0x00007f9aac3c1000,0x00007f9aac4c2000)]
  0x00007f9ac0082800 JavaThread "Reference Handler" daemon [_thread_blocked, id=11392, stack(0x00007f9aac4c2000,0x00007f9aac5c3000)]
=>0x00007f9ac000a800 JavaThread "main" [_thread_in_native, id=11386, stack(0x00007f9ac67a0000,0x00007f9ac68a0000)]

Other Threads:
  0x00007f9ac0079000 VMThread [stack: 0x00007f9aac5c4000,0x00007f9aac6c4000] [id=11391]
  0x00007f9ac00d0000 WatcherThread [stack: 0x00007f9a8f78e000,0x00007f9a8f88e000] [id=11399]

VM state:not at safepoint (normal execution)

VM Mutex/Monitor currently owned by a thread: None

heap address: 0x0000000085a00000, size: 1958 MB, Compressed Oops mode: 32-bit
Narrow klass base: 0x0000000000000000, Narrow klass shift: 3
Compressed class space size: 1073741824 Address: 0x0000000100000000

Heap:
 PSYoungGen      total 36864K, used 934K [0x00000000d7380000, 0x00000000d9c80000, 0x0000000100000000)
  eden space 31744K, 2% used [0x00000000d7380000,0x00000000d7469af0,0x00000000d9280000)
  from space 5120K, 0% used [0x00000000d9780000,0x00000000d9780000,0x00000000d9c80000)
  to   space 5120K, 0% used [0x00000000d9280000,0x00000000d9280000,0x00000000d9780000)
 ParOldGen       total 84992K, used 0K [0x0000000085a00000, 0x000000008ad00000, 0x00000000d7380000)
  object space 84992K, 0% used [0x0000000085a00000,0x0000000085a00000,0x000000008ad00000)
 Metaspace       used 3018K, capacity 5014K, committed 5376K, reserved 1056768K
  class space    used 271K, capacity 390K, committed 512K, reserved 1048576K

Card table byte_map: [0x00007f9ac599f000,0x00007f9ac5d73000] byte_map_base: 0x00007f9ac5572000

Marking Bits: (ParMarkBitMap*) 0x00007f9ac79cb220
 Begin Bits: [0x00007f9aad2d0000, 0x00007f9aaf168000)
 End Bits:   [0x00007f9aaf168000, 0x00007f9ab1000000)

Polling page: 0x00007f9ac7e64000

CodeCache: size=245760Kb used=1107Kb max_used=1107Kb free=244652Kb
 bounds [0x00007f9ab1000000, 0x00007f9ab1270000, 0x00007f9ac0000000]
 total_blobs=276 nmethods=19 adapters=172
 compilation: enabled

Compilation events (10 events):
Event: 0.041 Thread 0x00007f9ac00c0000   15       3       java.lang.String::startsWith (72 bytes)
Event: 0.041 Thread 0x00007f9ac00c0000 nmethod 15 0x00007f9ab1110250 code [0x00007f9ab11103c0, 0x00007f9ab11106f0]
Event: 0.041 Thread 0x00007f9ac00c0000   16       3       java.lang.StringBuilder::append (8 bytes)
Event: 0.041 Thread 0x00007f9ac00c0000 nmethod 16 0x00007f9ab11108d0 code [0x00007f9ab1110a40, 0x00007f9ab1110bc8]
Event: 0.041 Thread 0x00007f9ac00c0000   17       3       java.lang.String::startsWith (7 bytes)
Event: 0.042 Thread 0x00007f9ac00c0000 nmethod 17 0x00007f9ab1110c50 code [0x00007f9ab1110dc0, 0x00007f9ab1110fc8]
Event: 0.078 Thread 0x00007f9ac00c0000   18       3       java.lang.System::getSecurityManager (4 bytes)
Event: 0.078 Thread 0x00007f9ac00c0000 nmethod 18 0x00007f9ab1114610 code [0x00007f9ab1114760, 0x00007f9ab1114890]
Event: 0.078 Thread 0x00007f9ac00c0000   19       3       java.lang.String::indexOf (7 bytes)
Event: 0.078 Thread 0x00007f9ac00c0000 nmethod 19 0x00007f9ab1114910 code [0x00007f9ab1114a80, 0x00007f9ab1114c88]

GC Heap History (0 events):
No events

Deoptimization events (0 events):
No events

Classes redefined (0 events):
No events

Internal exceptions (2 events):
Event: 0.016 Thread 0x00007f9ac000a800 Exception <a 'java/lang/NoSuchMethodError': Method sun.misc.Unsafe.defineClass(Ljava/lang/String;[BII)Ljava/lang/Class; name or signature does not match> (0x00000000d7387cc0) thrown at [/scratch/jenkins/workspace/8-2-build-linux-amd64/jdk8u331/2416/hotspo
Event: 0.016 Thread 0x00007f9ac000a800 Exception <a 'java/lang/NoSuchMethodError': Method sun.misc.Unsafe.prefetchRead(Ljava/lang/Object;J)V name or signature does not match> (0x00000000d7387fa8) thrown at [/scratch/jenkins/workspace/8-2-build-linux-amd64/jdk8u331/2416/hotspot/src/share/vm/pri

Events (10 events):
Event: 0.041 loading class org/pjsip/pjsua2/pjsua2JNI
Event: 0.041 loading class org/pjsip/pjsua2/pjsua2JNI done
Event: 0.045 loading class java/lang/UnsatisfiedLinkError
Event: 0.045 loading class java/lang/UnsatisfiedLinkError done
Event: 0.077 loading class org/pjsip/pjsua2/EpConfig
Event: 0.077 loading class org/pjsip/pjsua2/EpConfig done
Event: 0.078 loading class java/util/concurrent/ConcurrentHashMap$ForwardingNode
Event: 0.078 loading class java/util/concurrent/ConcurrentHashMap$ForwardingNode done
Event: 0.078 loading class org/pjsip/pjsua2/PersistentObject
Event: 0.078 loading class org/pjsip/pjsua2/PersistentObject done


Dynamic libraries:
85a00000-8ad00000 rw-p 00000000 00:00 0 
8ad00000-d7380000 ---p 00000000 00:00 0 
d7380000-d9c80000 rw-p 00000000 00:00 0 
d9c80000-100000000 ---p 00000000 00:00 0 
100000000-100080000 rw-p 00000000 00:00 0 
100080000-140000000 ---p 00000000 00:00 0 
55bf40000000-55bf40001000 r-xp 00000000 08:02 5248844                    /home/user/software/jdk1.8.0_331/bin/java
55bf40200000-55bf40201000 r--p 00000000 08:02 5248844                    /home/user/software/jdk1.8.0_331/bin/java
55bf40201000-55bf40202000 rw-p 00001000 08:02 5248844                    /home/user/software/jdk1.8.0_331/bin/java
55bf403f7000-55bf40418000 rw-p 00000000 00:00 0                          [heap]
7f9a70000000-7f9a70021000 rw-p 00000000 00:00 0 
7f9a70021000-7f9a74000000 ---p 00000000 00:00 0 
7f9a78000000-7f9a78025000 rw-p 00000000 00:00 0 
7f9a78025000-7f9a7c000000 ---p 00000000 00:00 0 
7f9a7c000000-7f9a7c021000 rw-p 00000000 00:00 0 
7f9a7c021000-7f9a80000000 ---p 00000000 00:00 0 
7f9a80000000-7f9a8004e000 rw-p 00000000 00:00 0 
7f9a8004e000-7f9a84000000 ---p 00000000 00:00 0 
7f9a84000000-7f9a84021000 rw-p 00000000 00:00 0 
7f9a84021000-7f9a88000000 ---p 00000000 00:00 0 
7f9a88000000-7f9a88021000 rw-p 00000000 00:00 0 
7f9a88021000-7f9a8c000000 ---p 00000000 00:00 0 
7f9a8e97b000-7f9a8eae4000 r-xp 00000000 08:02 3415530                    /home/user/NetBeansProjects/pjsuaCall/src/pjsuacall/dynamicLib/libopenh264.so
7f9a8eae4000-7f9a8ece4000 ---p 00169000 08:02 3415530                    /home/user/NetBeansProjects/pjsuaCall/src/pjsuacall/dynamicLib/libopenh264.so
7f9a8ece4000-7f9a8ece7000 r--p 00169000 08:02 3415530                    /home/user/NetBeansProjects/pjsuaCall/src/pjsuacall/dynamicLib/libopenh264.so
7f9a8ece7000-7f9a8ece9000 rw-p 0016c000 08:02 3415530                    /home/user/NetBeansProjects/pjsuaCall/src/pjsuacall/dynamicLib/libopenh264.so
7f9a8ece9000-7f9a8eceb000 r--p 00000000 08:02 2234013                    /usr/local/lib/libilbccodec.so.2
7f9a8eceb000-7f9a8ecf5000 r-xp 00002000 08:02 2234013                    /usr/local/lib/libilbccodec.so.2
7f9a8ecf5000-7f9a8ecf7000 r--p 0000c000 08:02 2234013                    /usr/local/lib/libilbccodec.so.2
7f9a8ecf7000-7f9a8ecf8000 r--p 0000d000 08:02 2234013                    /usr/local/lib/libilbccodec.so.2
7f9a8ecf8000-7f9a8ecfa000 rw-p 0000e000 08:02 2234013                    /usr/local/lib/libilbccodec.so.2
7f9a8ecfa000-7f9a8ecfb000 r--p 00000000 08:02 2234009                    /usr/local/lib/libgsmcodec.so.2
7f9a8ecfb000-7f9a8ed03000 r-xp 00001000 08:02 2234009                    /usr/local/lib/libgsmcodec.so.2
7f9a8ed03000-7f9a8ed04000 r--p 00009000 08:02 2234009                    /usr/local/lib/libgsmcodec.so.2
7f9a8ed04000-7f9a8ed05000 r--p 00009000 08:02 2234009                    /usr/local/lib/libgsmcodec.so.2
7f9a8ed05000-7f9a8ed06000 rw-p 0000a000 08:02 2234009                    /usr/local/lib/libgsmcodec.so.2
7f9a8ed06000-7f9a8ed30000 r--p 00000000 08:02 1442673                    /usr/lib/x86_64-linux-gnu/libasound.so.2.0.0
7f9a8ed30000-7f9a8edbf000 r-xp 0002a000 08:02 1442673                    /usr/lib/x86_64-linux-gnu/libasound.so.2.0.0
7f9a8edbf000-7f9a8edf9000 r--p 000b9000 08:02 1442673                    /usr/lib/x86_64-linux-gnu/libasound.so.2.0.0
7f9a8edf9000-7f9a8ee00000 r--p 000f2000 08:02 1442673                    /usr/lib/x86_64-linux-gnu/libasound.so.2.0.0
7f9a8ee00000-7f9a8ee01000 rw-p 000f9000 08:02 1442673                    /usr/lib/x86_64-linux-gnu/libasound.so.2.0.0
7f9a8ee01000-7f9a8ee1d000 r--p 00000000 08:02 1444253                    /usr/lib/x86_64-linux-gnu/libssl.so.1.1
7f9a8ee1d000-7f9a8ee6c000 r-xp 0001c000 08:02 1444253                    /usr/lib/x86_64-linux-gnu/libssl.so.1.1
7f9a8ee6c000-7f9a8ee86000 r--p 0006b000 08:02 1444253                    /usr/lib/x86_64-linux-gnu/libssl.so.1.1
7f9a8ee86000-7f9a8ee87000 ---p 00085000 08:02 1444253                    /usr/lib/x86_64-linux-gnu/libssl.so.1.1
7f9a8ee87000-7f9a8ee90000 r--p 00085000 08:02 1444253                    /usr/lib/x86_64-linux-gnu/libssl.so.1.1
7f9a8ee90000-7f9a8ee94000 rw-p 0008e000 08:02 1444253                    /usr/lib/x86_64-linux-gnu/libssl.so.1.1
7f9a8ee94000-7f9a8ee9a000 r--p 00000000 08:02 2234019                    /usr/local/lib/libwebrtc.so.2
7f9a8ee9a000-7f9a8eeb3000 r-xp 00006000 08:02 2234019                    /usr/local/lib/libwebrtc.so.2
7f9a8eeb3000-7f9a8eebb000 r--p 0001f000 08:02 2234019                    /usr/local/lib/libwebrtc.so.2
7f9a8eebb000-7f9a8eebc000 r--p 00026000 08:02 2234019                    /usr/local/lib/libwebrtc.so.2
7f9a8eebc000-7f9a8eebd000 rw-p 00027000 08:02 2234019                    /usr/local/lib/libwebrtc.so.2
7f9a8eebd000-7f9a8eec3000 r--p 00000000 08:02 2234011                    /usr/local/lib/libspeex.so.2
7f9a8eec3000-7f9a8eee1000 r-xp 00006000 08:02 2234011                    /usr/local/lib/libspeex.so.2
7f9a8eee1000-7f9a8eee9000 r--p 00024000 08:02 2234011                    /usr/local/lib/libspeex.so.2
7f9a8eee9000-7f9a8eeea000 ---p 0002c000 08:02 2234011                    /usr/local/lib/libspeex.so.2
7f9a8eeea000-7f9a8eeeb000 r--p 0002c000 08:02 2234011                    /usr/local/lib/libspeex.so.2
7f9a8eeeb000-7f9a8eeec000 rw-p 0002d000 08:02 2234011                    /usr/local/lib/libspeex.so.2
7f9a8eeec000-7f9a8eeed000 r--p 00000000 08:02 2234007                    /usr/local/lib/libresample.so.2
7f9a8eeed000-7f9a8eeee000 r-xp 00001000 08:02 2234007                    /usr/local/lib/libresample.so.2
7f9a8eeee000-7f9a8eef9000 r--p 00002000 08:02 2234007                    /usr/local/lib/libresample.so.2
7f9a8eef9000-7f9a8eefa000 r--p 0000c000 08:02 2234007                    /usr/local/lib/libresample.so.2
7f9a8eefa000-7f9a8eefb000 rw-p 0000d000 08:02 2234007                    /usr/local/lib/libresample.so.2
7f9a8eefb000-7f9a8ef00000 r--p 00000000 08:02 2234005                    /usr/local/lib/libsrtp.so.2
7f9a8ef00000-7f9a8ef0b000 r-xp 00005000 08:02 2234005                    /usr/local/lib/libsrtp.so.2
7f9a8ef0b000-7f9a8ef0f000 r--p 00010000 08:02 2234005                    /usr/local/lib/libsrtp.so.2
7f9a8ef0f000-7f9a8ef10000 r--p 00013000 08:02 2234005                    /usr/local/lib/libsrtp.so.2
7f9a8ef10000-7f9a8ef11000 rw-p 00014000 08:02 2234005                    /usr/local/lib/libsrtp.so.2
7f9a8ef11000-7f9a8ef89000 r--p 00000000 08:02 1442325                    /usr/lib/x86_64-linux-gnu/libcrypto.so.1.1
7f9a8ef89000-7f9a8f124000 r-xp 00078000 08:02 1442325                    /usr/lib/x86_64-linux-gnu/libcrypto.so.1.1
7f9a8f124000-7f9a8f1b5000 r--p 00213000 08:02 1442325                    /usr/lib/x86_64-linux-gnu/libcrypto.so.1.1
7f9a8f1b5000-7f9a8f1e1000 r--p 002a3000 08:02 1442325                    /usr/lib/x86_64-linux-gnu/libcrypto.so.1.1
7f9a8f1e1000-7f9a8f1e3000 rw-p 002cf000 08:02 1442325                    /usr/lib/x86_64-linux-gnu/libcrypto.so.1.1
7f9a8f1e3000-7f9a8f1e7000 rw-p 00000000 00:00 0 
7f9a8f1e7000-7f9a8f1ef000 r--p 00000000 08:02 2234039                    /usr/local/lib/libpjnath.so.2
7f9a8f1ef000-7f9a8f20d000 r-xp 00008000 08:02 2234039                    /usr/local/lib/libpjnath.so.2
7f9a8f20d000-7f9a8f219000 r--p 00026000 08:02 2234039                    /usr/local/lib/libpjnath.so.2
7f9a8f219000-7f9a8f21a000 r--p 00031000 08:02 2234039                    /usr/local/lib/libpjnath.so.2
7f9a8f21a000-7f9a8f21c000 rw-p 00032000 08:02 2234039                    /usr/local/lib/libpjnath.so.2
7f9a8f21c000-7f9a8f222000 r--p 00000000 08:02 2234025                    /usr/local/lib/libpjsip-ua.so.2
7f9a8f222000-7f9a8f234000 r-xp 00006000 08:02 2234025                    /usr/local/lib/libpjsip-ua.so.2
7f9a8f234000-7f9a8f23a000 r--p 00018000 08:02 2234025                    /usr/local/lib/libpjsip-ua.so.2
7f9a8f23a000-7f9a8f23b000 r--p 0001d000 08:02 2234025                    /usr/local/lib/libpjsip-ua.so.2
7f9a8f23b000-7f9a8f23c000 rw-p 0001e000 08:02 2234025                    /usr/local/lib/libpjsip-ua.so.2
7f9a8f23c000-7f9a8f248000 r--p 00000000 08:02 2234043                    /usr/local/lib/libpj.so.2
7f9a8f248000-7f9a8f266000 r-xp 0000c000 08:02 2234043                    /usr/local/lib/libpj.so.2
7f9a8f266000-7f9a8f271000 r--p 0002a000 08:02 2234043                    /usr/local/lib/libpj.so.2
7f9a8f271000-7f9a8f272000 ---p 00035000 08:02 2234043                    /usr/local/lib/libpj.so.2
7f9a8f272000-7f9a8f273000 r--p 00035000 08:02 2234043                    /usr/local/lib/libpj.so.2
7f9a8f273000-7f9a8f274000 rw-p 00036000 08:02 2234043                    /usr/local/lib/libpj.so.2
7f9a8f274000-7f9a8f276000 rw-p 00000000 00:00 0 
7f9a8f276000-7f9a8f27d000 r--p 00000000 08:02 2234041                    /usr/local/lib/libpjlib-util.so.2
7f9a8f27d000-7f9a8f297000 r-xp 00007000 08:02 2234041                    /usr/local/lib/libpjlib-util.so.2
7f9a8f297000-7f9a8f29f000 r--p 00021000 08:02 2234041                    /usr/local/lib/libpjlib-util.so.2
7f9a8f29f000-7f9a8f2a0000 r--p 00028000 08:02 2234041                    /usr/local/lib/libpjlib-util.so.2
7f9a8f2a0000-7f9a8f2a1000 rw-p 00029000 08:02 2234041                    /usr/local/lib/libpjlib-util.so.2
7f9a8f2a1000-7f9a8f2af000 r--p 00000000 08:02 2234035                    /usr/local/lib/libpjmedia.so.2
7f9a8f2af000-7f9a8f2e7000 r-xp 0000e000 08:02 2234035                    /usr/local/lib/libpjmedia.so.2
7f9a8f2e7000-7f9a8f304000 r--p 00046000 08:02 2234035                    /usr/local/lib/libpjmedia.so.2
7f9a8f304000-7f9a8f305000 ---p 00063000 08:02 2234035                    /usr/local/lib/libpjmedia.so.2
7f9a8f305000-7f9a8f306000 r--p 00063000 08:02 2234035                    /usr/local/lib/libpjmedia.so.2
7f9a8f306000-7f9a8f308000 rw-p 00064000 08:02 2234035                    /usr/local/lib/libpjmedia.so.2
7f9a8f308000-7f9a8f309000 rw-p 00000000 00:00 0 
7f9a8f309000-7f9a8f317000 r--p 00000000 08:02 2234029                    /usr/local/lib/libpjsip.so.2
7f9a8f317000-7f9a8f347000 r-xp 0000e000 08:02 2234029                    /usr/local/lib/libpjsip.so.2
7f9a8f347000-7f9a8f358000 r--p 0003e000 08:02 2234029                    /usr/local/lib/libpjsip.so.2
7f9a8f358000-7f9a8f35a000 r--p 0004e000 08:02 2234029                    /usr/local/lib/libpjsip.so.2
7f9a8f35a000-7f9a8f35c000 rw-p 00050000 08:02 2234029                    /usr/local/lib/libpjsip.so.2
7f9a8f35c000-7f9a8f361000 rw-p 00000000 00:00 0 
7f9a8f361000-7f9a8f36f000 r--p 00000000 08:02 2234023                    /usr/local/lib/libpjsua.so.2
7f9a8f36f000-7f9a8f3a4000 r-xp 0000e000 08:02 2234023                    /usr/local/lib/libpjsua.so.2
7f9a8f3a4000-7f9a8f3b1000 r--p 00043000 08:02 2234023                    /usr/local/lib/libpjsua.so.2
7f9a8f3b1000-7f9a8f3b2000 r--p 0004f000 08:02 2234023                    /usr/local/lib/libpjsua.so.2
7f9a8f3b2000-7f9a8f3b4000 rw-p 00050000 08:02 2234023                    /usr/local/lib/libpjsua.so.2
7f9a8f3b4000-7f9a8f496000 rw-p 00000000 00:00 0 
7f9a8f496000-7f9a8f52c000 r--p 00000000 08:02 1450209                    /usr/lib/x86_64-linux-gnu/libstdc++.so.6.0.28
7f9a8f52c000-7f9a8f61d000 r-xp 00096000 08:02 1450209                    /usr/lib/x86_64-linux-gnu/libstdc++.so.6.0.28
7f9a8f61d000-7f9a8f666000 r--p 00187000 08:02 1450209                    /usr/lib/x86_64-linux-gnu/libstdc++.so.6.0.28
7f9a8f666000-7f9a8f667000 ---p 001d0000 08:02 1450209                    /usr/lib/x86_64-linux-gnu/libstdc++.so.6.0.28
7f9a8f667000-7f9a8f672000 r--p 001d0000 08:02 1450209                    /usr/lib/x86_64-linux-gnu/libstdc++.so.6.0.28
7f9a8f672000-7f9a8f675000 rw-p 001db000 08:02 1450209                    /usr/lib/x86_64-linux-gnu/libstdc++.so.6.0.28
7f9a8f675000-7f9a8f678000 rw-p 00000000 00:00 0 
7f9a8f678000-7f9a8f6c7000 r--p 00000000 08:02 3415529                    /home/user/NetBeansProjects/pjsuaCall/src/pjsuacall/dynamicLib/libpjsua2.so
7f9a8f6c7000-7f9a8f753000 r-xp 0004f000 08:02 3415529                    /home/user/NetBeansProjects/pjsuaCall/src/pjsuacall/dynamicLib/libpjsua2.so
7f9a8f753000-7f9a8f789000 r--p 000db000 08:02 3415529                    /home/user/NetBeansProjects/pjsuaCall/src/pjsuacall/dynamicLib/libpjsua2.so
7f9a8f789000-7f9a8f78a000 ---p 00111000 08:02 3415529                    /home/user/NetBeansProjects/pjsuaCall/src/pjsuacall/dynamicLib/libpjsua2.so
7f9a8f78a000-7f9a8f78b000 r--p 00111000 08:02 3415529                    /home/user/NetBeansProjects/pjsuaCall/src/pjsuacall/dynamicLib/libpjsua2.so
7f9a8f78b000-7f9a8f78d000 rw-p 00112000 08:02 3415529                    /home/user/NetBeansProjects/pjsuaCall/src/pjsuacall/dynamicLib/libpjsua2.so
7f9a8f78d000-7f9a8f78e000 ---p 00000000 00:00 0 
7f9a8f78e000-7f9a8f88e000 rw-p 00000000 00:00 0 
7f9a8f88e000-7f9a8f891000 ---p 00000000 00:00 0 
7f9a8f891000-7f9a8f98f000 rw-p 00000000 00:00 0 
7f9a8f98f000-7f9a8f990000 ---p 00000000 00:00 0 
7f9a8f990000-7f9a8f993000 ---p 00000000 00:00 0 
7f9a8f993000-7f9a8fa90000 rw-p 00000000 00:00 0 
7f9a8fa90000-7f9a90000000 r--p 00000000 08:02 1444832                    /usr/lib/locale/locale-archive
7f9a90000000-7f9a90021000 rw-p 00000000 00:00 0 
7f9a90021000-7f9a94000000 ---p 00000000 00:00 0 
7f9a94000000-7f9a94021000 rw-p 00000000 00:00 0 
7f9a94021000-7f9a98000000 ---p 00000000 00:00 0 
7f9a98000000-7f9a98021000 rw-p 00000000 00:00 0 
7f9a98021000-7f9a9c000000 ---p 00000000 00:00 0 
7f9a9c000000-7f9a9c021000 rw-p 00000000 00:00 0 
7f9a9c021000-7f9aa0000000 ---p 00000000 00:00 0 
7f9aa0000000-7f9aa0021000 rw-p 00000000 00:00 0 
7f9aa0021000-7f9aa4000000 ---p 00000000 00:00 0 
7f9aa4000000-7f9aa4021000 rw-p 00000000 00:00 0 
7f9aa4021000-7f9aa8000000 ---p 00000000 00:00 0 
7f9aa8000000-7f9aa8021000 rw-p 00000000 00:00 0 
7f9aa8021000-7f9aac000000 ---p 00000000 00:00 0 
7f9aac004000-7f9aac006000 r--p 00000000 08:02 1442187                    /usr/lib/x86_64-linux-gnu/libuuid.so.1.3.0
7f9aac006000-7f9aac00a000 r-xp 00002000 08:02 1442187                    /usr/lib/x86_64-linux-gnu/libuuid.so.1.3.0
7f9aac00a000-7f9aac00b000 r--p 00006000 08:02 1442187                    /usr/lib/x86_64-linux-gnu/libuuid.so.1.3.0
7f9aac00b000-7f9aac00c000 r--p 00006000 08:02 1442187                    /usr/lib/x86_64-linux-gnu/libuuid.so.1.3.0
7f9aac00c000-7f9aac00d000 rw-p 00007000 08:02 1442187                    /usr/lib/x86_64-linux-gnu/libuuid.so.1.3.0
7f9aac00d000-7f9aac010000 r--p 00000000 08:02 2234031                    /usr/local/lib/libpjmedia-codec.so.2
7f9aac010000-7f9aac018000 r-xp 00003000 08:02 2234031                    /usr/local/lib/libpjmedia-codec.so.2
7f9aac018000-7f9aac01b000 r--p 0000b000 08:02 2234031                    /usr/local/lib/libpjmedia-codec.so.2
7f9aac01b000-7f9aac01c000 r--p 0000d000 08:02 2234031                    /usr/local/lib/libpjmedia-codec.so.2
7f9aac01c000-7f9aac01d000 rw-p 0000e000 08:02 2234031                    /usr/local/lib/libpjmedia-codec.so.2
7f9aac01d000-7f9aac023000 r--p 00000000 08:02 2234027                    /usr/local/lib/libpjsip-simple.so.2
7f9aac023000-7f9aac02e000 r-xp 00006000 08:02 2234027                    /usr/local/lib/libpjsip-simple.so.2
7f9aac02e000-7f9aac032000 r--p 00011000 08:02 2234027                    /usr/local/lib/libpjsip-simple.so.2
7f9aac032000-7f9aac033000 ---p 00015000 08:02 2234027                    /usr/local/lib/libpjsip-simple.so.2
7f9aac033000-7f9aac034000 r--p 00015000 08:02 2234027                    /usr/local/lib/libpjsip-simple.so.2
7f9aac034000-7f9aac035000 rw-p 00016000 08:02 2234027                    /usr/local/lib/libpjsip-simple.so.2
7f9aac035000-7f9aac051000 r--p 00000000 08:02 2234021                    /usr/local/lib/libpjsua2.so.2
7f9aac051000-7f9aac0a5000 r-xp 0001c000 08:02 2234021                    /usr/local/lib/libpjsua2.so.2
7f9aac0a5000-7f9aac0ba000 r--p 00070000 08:02 2234021                    /usr/local/lib/libpjsua2.so.2
7f9aac0ba000-7f9aac0bc000 r--p 00084000 08:02 2234021                    /usr/local/lib/libpjsua2.so.2
7f9aac0bc000-7f9aac0be000 rw-p 00086000 08:02 2234021                    /usr/local/lib/libpjsua2.so.2
7f9aac0be000-7f9aac0bf000 ---p 00000000 00:00 0 
7f9aac0bf000-7f9aac0c2000 ---p 00000000 00:00 0 
7f9aac0c2000-7f9aac1bf000 rw-p 00000000 00:00 0 
7f9aac1bf000-7f9aac1c0000 ---p 00000000 00:00 0 
7f9aac1c0000-7f9aac1c3000 ---p 00000000 00:00 0 
7f9aac1c3000-7f9aac2c0000 rw-p 00000000 00:00 0 
7f9aac2c0000-7f9aac2c3000 ---p 00000000 00:00 0 
7f9aac2c3000-7f9aac3c1000 rw-p 00000000 00:00 0 
7f9aac3c1000-7f9aac3c4000 ---p 00000000 00:00 0 
7f9aac3c4000-7f9aac4c2000 rw-p 00000000 00:00 0 
7f9aac4c2000-7f9aac4c5000 ---p 00000000 00:00 0 
7f9aac4c5000-7f9aac5c3000 rw-p 00000000 00:00 0 
7f9aac5c3000-7f9aac5c4000 ---p 00000000 00:00 0 
7f9aac5c4000-7f9ab1000000 rw-p 00000000 00:00 0 
7f9ab1000000-7f9ab1270000 rwxp 00000000 00:00 0 
7f9ab1270000-7f9ac0000000 ---p 00000000 00:00 0 
7f9ac0000000-7f9ac01c1000 rw-p 00000000 00:00 0 
7f9ac01c1000-7f9ac4000000 ---p 00000000 00:00 0 
7f9ac4005000-7f9ac4007000 r--p 00000000 08:02 2234037                    /usr/local/lib/libpjmedia-audiodev.so.2
7f9ac4007000-7f9ac400b000 r-xp 00002000 08:02 2234037                    /usr/local/lib/libpjmedia-audiodev.so.2
7f9ac400b000-7f9ac400c000 r--p 00006000 08:02 2234037                    /usr/local/lib/libpjmedia-audiodev.so.2
7f9ac400c000-7f9ac400d000 ---p 00007000 08:02 2234037                    /usr/local/lib/libpjmedia-audiodev.so.2
7f9ac400d000-7f9ac400e000 r--p 00007000 08:02 2234037                    /usr/local/lib/libpjmedia-audiodev.so.2
7f9ac400e000-7f9ac400f000 rw-p 00008000 08:02 2234037                    /usr/local/lib/libpjmedia-audiodev.so.2
7f9ac400f000-7f9ac4012000 r--p 00000000 08:02 1449406                    /usr/lib/x86_64-linux-gnu/libgcc_s.so.1
7f9ac4012000-7f9ac4024000 r-xp 00003000 08:02 1449406                    /usr/lib/x86_64-linux-gnu/libgcc_s.so.1
7f9ac4024000-7f9ac4028000 r--p 00015000 08:02 1449406                    /usr/lib/x86_64-linux-gnu/libgcc_s.so.1
7f9ac4028000-7f9ac4029000 r--p 00018000 08:02 1449406                    /usr/lib/x86_64-linux-gnu/libgcc_s.so.1
7f9ac4029000-7f9ac402a000 rw-p 00019000 08:02 1449406                    /usr/lib/x86_64-linux-gnu/libgcc_s.so.1
7f9ac4043000-7f9ac443b000 rw-p 00000000 00:00 0 
7f9ac443b000-7f9ac461b000 r--s 03ea1000 08:02 5380617                    /home/user/software/jdk1.8.0_331/jre/lib/rt.jar
7f9ac461b000-7f9ac4bd4000 rw-p 00000000 00:00 0 
7f9ac4bd4000-7f9ac4f14000 ---p 00000000 00:00 0 
7f9ac4f14000-7f9ac530e000 rw-p 00000000 00:00 0 
7f9ac530e000-7f9ac530f000 ---p 00000000 00:00 0 
7f9ac530f000-7f9ac540f000 rw-p 00000000 00:00 0 
7f9ac540f000-7f9ac5410000 ---p 00000000 00:00 0 
7f9ac5410000-7f9ac5510000 rw-p 00000000 00:00 0 
7f9ac5510000-7f9ac5511000 ---p 00000000 00:00 0 
7f9ac5511000-7f9ac5611000 rw-p 00000000 00:00 0 
7f9ac5611000-7f9ac5612000 ---p 00000000 00:00 0 
7f9ac5612000-7f9ac573c000 rw-p 00000000 00:00 0 
7f9ac573c000-7f9ac599f000 ---p 00000000 00:00 0 
7f9ac599f000-7f9ac59c9000 rw-p 00000000 00:00 0 
7f9ac59c9000-7f9ac5c2b000 ---p 00000000 00:00 0 
7f9ac5c2b000-7f9ac5c41000 rw-p 00000000 00:00 0 
7f9ac5c41000-7f9ac5d72000 ---p 00000000 00:00 0 
7f9ac5d72000-7f9ac5d7d000 rw-p 00000000 00:00 0 
7f9ac5d7d000-7f9ac6133000 ---p 00000000 00:00 0 
7f9ac6133000-7f9ac614e000 r-xp 00000000 08:02 5380501                    /home/user/software/jdk1.8.0_331/jre/lib/amd64/libzip.so
7f9ac614e000-7f9ac634d000 ---p 0001b000 08:02 5380501                    /home/user/software/jdk1.8.0_331/jre/lib/amd64/libzip.so
7f9ac634d000-7f9ac634e000 r--p 0001a000 08:02 5380501                    /home/user/software/jdk1.8.0_331/jre/lib/amd64/libzip.so
7f9ac634e000-7f9ac634f000 rw-p 0001b000 08:02 5380501                    /home/user/software/jdk1.8.0_331/jre/lib/amd64/libzip.so
7f9ac634f000-7f9ac6357000 rw-s 00000000 08:02 9702445                    /tmp/hsperfdata_user/11381
7f9ac6357000-7f9ac6384000 r-xp 00000000 08:02 5380498                    /home/user/software/jdk1.8.0_331/jre/lib/amd64/libjava.so
7f9ac6384000-7f9ac6583000 ---p 0002d000 08:02 5380498                    /home/user/software/jdk1.8.0_331/jre/lib/amd64/libjava.so
7f9ac6583000-7f9ac6584000 r--p 0002c000 08:02 5380498                    /home/user/software/jdk1.8.0_331/jre/lib/amd64/libjava.so
7f9ac6584000-7f9ac6586000 rw-p 0002d000 08:02 5380498                    /home/user/software/jdk1.8.0_331/jre/lib/amd64/libjava.so
7f9ac6586000-7f9ac6593000 r-xp 00000000 08:02 5380487                    /home/user/software/jdk1.8.0_331/jre/lib/amd64/libverify.so
7f9ac6593000-7f9ac6792000 ---p 0000d000 08:02 5380487                    /home/user/software/jdk1.8.0_331/jre/lib/amd64/libverify.so
7f9ac6792000-7f9ac6794000 r--p 0000c000 08:02 5380487                    /home/user/software/jdk1.8.0_331/jre/lib/amd64/libverify.so
7f9ac6794000-7f9ac6795000 rw-p 0000e000 08:02 5380487                    /home/user/software/jdk1.8.0_331/jre/lib/amd64/libverify.so
7f9ac6795000-7f9ac6797000 r--p 00000000 08:02 1445807                    /usr/lib/x86_64-linux-gnu/librt-2.31.so
7f9ac6797000-7f9ac679b000 r-xp 00002000 08:02 1445807                    /usr/lib/x86_64-linux-gnu/librt-2.31.so
7f9ac679b000-7f9ac679d000 r--p 00006000 08:02 1445807                    /usr/lib/x86_64-linux-gnu/librt-2.31.so
7f9ac679d000-7f9ac679e000 r--p 00007000 08:02 1445807                    /usr/lib/x86_64-linux-gnu/librt-2.31.so
7f9ac679e000-7f9ac679f000 rw-p 00008000 08:02 1445807                    /usr/lib/x86_64-linux-gnu/librt-2.31.so
7f9ac679f000-7f9ac67a0000 ---p 00000000 00:00 0 
7f9ac67a0000-7f9ac67a3000 ---p 00000000 00:00 0 
7f9ac67a3000-7f9ac68a0000 rw-p 00000000 00:00 0 
7f9ac68a0000-7f9ac68ad000 r--p 00000000 08:02 1445794                    /usr/lib/x86_64-linux-gnu/libm-2.31.so
7f9ac68ad000-7f9ac6954000 r-xp 0000d000 08:02 1445794                    /usr/lib/x86_64-linux-gnu/libm-2.31.so
7f9ac6954000-7f9ac69ed000 r--p 000b4000 08:02 1445794                    /usr/lib/x86_64-linux-gnu/libm-2.31.so
7f9ac69ed000-7f9ac69ee000 r--p 0014c000 08:02 1445794                    /usr/lib/x86_64-linux-gnu/libm-2.31.so
7f9ac69ee000-7f9ac69ef000 rw-p 0014d000 08:02 1445794                    /usr/lib/x86_64-linux-gnu/libm-2.31.so
7f9ac69ef000-7f9ac76e7000 r-xp 00000000 08:02 5380480                    /home/user/software/jdk1.8.0_331/jre/lib/amd64/server/libjvm.so
7f9ac76e7000-7f9ac78e6000 ---p 00cf8000 08:02 5380480                    /home/user/software/jdk1.8.0_331/jre/lib/amd64/server/libjvm.so
7f9ac78e6000-7f9ac797c000 r--p 00cf7000 08:02 5380480                    /home/user/software/jdk1.8.0_331/jre/lib/amd64/server/libjvm.so
7f9ac797c000-7f9ac79ad000 rw-p 00d8d000 08:02 5380480                    /home/user/software/jdk1.8.0_331/jre/lib/amd64/server/libjvm.so
7f9ac79ad000-7f9ac79ea000 rw-p 00000000 00:00 0 
7f9ac79ea000-7f9ac7a0c000 r--p 00000000 08:02 1445792                    /usr/lib/x86_64-linux-gnu/libc-2.31.so
7f9ac7a0c000-7f9ac7b84000 r-xp 00022000 08:02 1445792                    /usr/lib/x86_64-linux-gnu/libc-2.31.so
7f9ac7b84000-7f9ac7bd2000 r--p 0019a000 08:02 1445792                    /usr/lib/x86_64-linux-gnu/libc-2.31.so
7f9ac7bd2000-7f9ac7bd6000 r--p 001e7000 08:02 1445792                    /usr/lib/x86_64-linux-gnu/libc-2.31.so
7f9ac7bd6000-7f9ac7bd8000 rw-p 001eb000 08:02 1445792                    /usr/lib/x86_64-linux-gnu/libc-2.31.so
7f9ac7bd8000-7f9ac7bdc000 rw-p 00000000 00:00 0 
7f9ac7bdc000-7f9ac7bdd000 r--p 00000000 08:02 1445793                    /usr/lib/x86_64-linux-gnu/libdl-2.31.so
7f9ac7bdd000-7f9ac7bdf000 r-xp 00001000 08:02 1445793                    /usr/lib/x86_64-linux-gnu/libdl-2.31.so
7f9ac7bdf000-7f9ac7be0000 r--p 00003000 08:02 1445793                    /usr/lib/x86_64-linux-gnu/libdl-2.31.so
7f9ac7be0000-7f9ac7be1000 r--p 00003000 08:02 1445793                    /usr/lib/x86_64-linux-gnu/libdl-2.31.so
7f9ac7be1000-7f9ac7be2000 rw-p 00004000 08:02 1445793                    /usr/lib/x86_64-linux-gnu/libdl-2.31.so
7f9ac7be2000-7f9ac7bf9000 r-xp 00000000 08:02 9965144                    /home/user/software/jdk1.8.0_331/lib/amd64/jli/libjli.so
7f9ac7bf9000-7f9ac7df8000 ---p 00017000 08:02 9965144                    /home/user/software/jdk1.8.0_331/lib/amd64/jli/libjli.so
7f9ac7df8000-7f9ac7df9000 r--p 00016000 08:02 9965144                    /home/user/software/jdk1.8.0_331/lib/amd64/jli/libjli.so
7f9ac7df9000-7f9ac7dfa000 rw-p 00017000 08:02 9965144                    /home/user/software/jdk1.8.0_331/lib/amd64/jli/libjli.so
7f9ac7dfa000-7f9ac7e00000 r--p 00000000 08:02 1445805                    /usr/lib/x86_64-linux-gnu/libpthread-2.31.so
7f9ac7e00000-7f9ac7e11000 r-xp 00006000 08:02 1445805                    /usr/lib/x86_64-linux-gnu/libpthread-2.31.so
7f9ac7e11000-7f9ac7e17000 r--p 00017000 08:02 1445805                    /usr/lib/x86_64-linux-gnu/libpthread-2.31.so
7f9ac7e17000-7f9ac7e18000 r--p 0001c000 08:02 1445805                    /usr/lib/x86_64-linux-gnu/libpthread-2.31.so
7f9ac7e18000-7f9ac7e19000 rw-p 0001d000 08:02 1445805                    /usr/lib/x86_64-linux-gnu/libpthread-2.31.so
7f9ac7e19000-7f9ac7e1d000 rw-p 00000000 00:00 0 
7f9ac7e21000-7f9ac7e24000 r--p 00000000 08:02 1445800                    /usr/lib/x86_64-linux-gnu/libnss_files-2.31.so
7f9ac7e24000-7f9ac7e2b000 r-xp 00003000 08:02 1445800                    /usr/lib/x86_64-linux-gnu/libnss_files-2.31.so
7f9ac7e2b000-7f9ac7e2d000 r--p 0000a000 08:02 1445800                    /usr/lib/x86_64-linux-gnu/libnss_files-2.31.so
7f9ac7e2d000-7f9ac7e2e000 r--p 0000b000 08:02 1445800                    /usr/lib/x86_64-linux-gnu/libnss_files-2.31.so
7f9ac7e2e000-7f9ac7e2f000 rw-p 0000c000 08:02 1445800                    /usr/lib/x86_64-linux-gnu/libnss_files-2.31.so
7f9ac7e2f000-7f9ac7e38000 rw-p 00000000 00:00 0 
7f9ac7e38000-7f9ac7e39000 r--p 00000000 08:02 1445788                    /usr/lib/x86_64-linux-gnu/ld-2.31.so
7f9ac7e39000-7f9ac7e5c000 r-xp 00001000 08:02 1445788                    /usr/lib/x86_64-linux-gnu/ld-2.31.so
7f9ac7e5c000-7f9ac7e64000 r--p 00024000 08:02 1445788                    /usr/lib/x86_64-linux-gnu/ld-2.31.so
7f9ac7e64000-7f9ac7e65000 r--p 00000000 00:00 0 
7f9ac7e65000-7f9ac7e66000 r--p 0002c000 08:02 1445788                    /usr/lib/x86_64-linux-gnu/ld-2.31.so
7f9ac7e66000-7f9ac7e67000 rw-p 0002d000 08:02 1445788                    /usr/lib/x86_64-linux-gnu/ld-2.31.so
7f9ac7e67000-7f9ac7e68000 rw-p 00000000 00:00 0 
7ffcd8616000-7ffcd8637000 rw-p 00000000 00:00 0                          [stack]
7ffcd874d000-7ffcd8751000 r--p 00000000 00:00 0                          [vvar]
7ffcd8751000-7ffcd8753000 r-xp 00000000 00:00 0                          [vdso]
ffffffffff600000-ffffffffff601000 --xp 00000000 00:00 0                  [vsyscall]

VM Arguments:
jvm_args: -Dfile.encoding=UTF-8 -Djava.library.path=/home/user/NetBeansProjects/pjsuaCall/src/pjsuacall/dynamicLib 
java_command: pjsuacall.MyAccount
java_class_path (initial): /home/user/Downloads/pjproject-2.12.1/pjsip-apps/src/swig/java/output:/home/user/NetBeansProjects/pjsuaCall/build/classes
Launcher Type: SUN_STANDARD

Environment Variables:
PATH=/home/user/.local/bin:/usr/local/sbin:/usr/local/bin:/usr/sbin:/usr/bin:/sbin:/bin:/usr/games:/usr/local/games:/snap/bin
USERNAME=user
SHELL=/bin/bash
DISPLAY=:0

Signal Handlers:
SIGSEGV: [libjvm.so+0xae0f60], sa_mask[0]=11111111011111111101111111111110, sa_flags=SA_RESTART|SA_SIGINFO
SIGBUS: [libjvm.so+0xae0f60], sa_mask[0]=11111111011111111101111111111110, sa_flags=SA_RESTART|SA_SIGINFO
SIGFPE: [libjvm.so+0xae0f60], sa_mask[0]=11111111011111111101111111111110, sa_flags=SA_RESTART|SA_SIGINFO
SIGPIPE: [libjvm.so+0x915120], sa_mask[0]=11111111011111111101111111111110, sa_flags=SA_RESTART|SA_SIGINFO
SIGXFSZ: [libjvm.so+0x915120], sa_mask[0]=11111111011111111101111111111110, sa_flags=SA_RESTART|SA_SIGINFO
SIGILL: [libjvm.so+0xae0f60], sa_mask[0]=11111111011111111101111111111110, sa_flags=SA_RESTART|SA_SIGINFO
SIGUSR1: SIG_DFL, sa_mask[0]=00000000000000000000000000000000, sa_flags=none
SIGUSR2: [libjvm.so+0x914ff0], sa_mask[0]=00100000000000000000000000000000, sa_flags=SA_RESTART|SA_SIGINFO
SIGHUP: [libjvm.so+0x915610], sa_mask[0]=11111111011111111101111111111110, sa_flags=SA_RESTART|SA_SIGINFO
SIGINT: SIG_IGN, sa_mask[0]=00000000000000000000000000000000, sa_flags=none
SIGTERM: [libjvm.so+0x915610], sa_mask[0]=11111111011111111101111111111110, sa_flags=SA_RESTART|SA_SIGINFO
SIGQUIT: [libjvm.so+0x915610], sa_mask[0]=11111111011111111101111111111110, sa_flags=SA_RESTART|SA_SIGINFO


---------------  S Y S T E M  ---------------

OS:DISTRIB_ID=Ubuntu
DISTRIB_RELEASE=20.04
DISTRIB_CODENAME=focal
DISTRIB_DESCRIPTION="Ubuntu 20.04.4 LTS"

uname:Linux 5.13.0-44-generic #49~20.04.1-Ubuntu SMP Wed May 18 18:44:28 UTC 2022 x86_64
libc:glibc 2.31 NPTL 2.31 
rlimit: STACK 8192k, CORE 0k, NPROC 31039, NOFILE 1048576, AS infinity
load average:0.80 0.64 0.65

/proc/meminfo:
MemTotal:        8017184 kB
MemFree:          131820 kB
MemAvailable:    2924404 kB
Buffers:          223480 kB
Cached:          3143800 kB
SwapCached:           24 kB
Active:          1211156 kB
Inactive:        5813768 kB
Active(anon):       4296 kB
Inactive(anon):  4120100 kB
Active(file):    1206860 kB
Inactive(file):  1693668 kB
Unevictable:      388092 kB
Mlocked:              16 kB
SwapTotal:       3999740 kB
SwapFree:        3998960 kB
Dirty:               376 kB
Writeback:             8 kB
AnonPages:       4046036 kB
Mapped:           669504 kB
Shmem:            473916 kB
KReclaimable:     196264 kB
Slab:             340876 kB
SReclaimable:     196264 kB
SUnreclaim:       144612 kB
KernelStack:       20752 kB
PageTables:        41148 kB
NFS_Unstable:          0 kB
Bounce:                0 kB
WritebackTmp:          0 kB
CommitLimit:     8008332 kB
Committed_AS:   10071808 kB
VmallocTotal:   34359738367 kB
VmallocUsed:       45732 kB
VmallocChunk:          0 kB
Percpu:             4160 kB
HardwareCorrupted:     0 kB
AnonHugePages:         0 kB
ShmemHugePages:        0 kB
ShmemPmdMapped:        0 kB
FileHugePages:         0 kB
FilePmdMapped:         0 kB
HugePages_Total:       0
HugePages_Free:        0
HugePages_Rsvd:        0
HugePages_Surp:        0
Hugepagesize:       2048 kB
Hugetlb:               0 kB
DirectMap4k:      317856 kB
DirectMap2M:     7946240 kB
DirectMap1G:           0 kB

container (cgroup) information:
container_type: cgroupv1
cpu_cpuset_cpus: 0-3
cpu_memory_nodes: 0
active_processor_count: 4
cpu_quota: -1
cpu_period: 100000
cpu_shares: -1
memory_limit_in_bytes: -1
memory_and_swap_limit_in_bytes: -1
memory_soft_limit_in_bytes: -1
memory_usage_in_bytes: 5860421632
memory_max_usage_in_bytes: 5887270912


CPU:total 4 (initial active 4) (4 cores per cpu, 1 threads per core) family 6 model 158 stepping 9, cmov, cx8, fxsr, mmx, sse, sse2, sse3, ssse3, sse4.1, sse4.2, popcnt, avx, avx2, aes, clmul, erms, rtm, 3dnowpref, lzcnt, tsc, tscinvbit, bmi1, bmi2, adx

/proc/cpuinfo:
processor	: 0
vendor_id	: GenuineIntel
cpu family	: 6
model		: 158
model name	: Intel(R) Core(TM) i5-7500 CPU @ 3.40GHz
stepping	: 9
microcode	: 0xec
cpu MHz		: 3400.000
cache size	: 6144 KB
physical id	: 0
siblings	: 4
core id		: 0
cpu cores	: 4
apicid		: 0
initial apicid	: 0
fpu		: yes
fpu_exception	: yes
cpuid level	: 22
wp		: yes
flags		: fpu vme de pse tsc msr pae mce cx8 apic sep mtrr pge mca cmov pat pse36 clflush dts acpi mmx fxsr sse sse2 ss ht tm pbe syscall nx pdpe1gb rdtscp lm constant_tsc art arch_perfmon pebs bts rep_good nopl xtopology nonstop_tsc cpuid aperfmperf pni pclmulqdq dtes64 monitor ds_cpl vmx smx est tm2 ssse3 sdbg fma cx16 xtpr pdcm pcid sse4_1 sse4_2 x2apic movbe popcnt tsc_deadline_timer aes xsave avx f16c rdrand lahf_lm abm 3dnowprefetch cpuid_fault epb invpcid_single pti ssbd ibrs ibpb stibp tpr_shadow vnmi flexpriority ept vpid ept_ad fsgsbase tsc_adjust bmi1 hle avx2 smep bmi2 erms invpcid rtm mpx rdseed adx smap clflushopt intel_pt xsaveopt xsavec xgetbv1 xsaves dtherm ida arat pln pts hwp hwp_notify hwp_act_window hwp_epp md_clear flush_l1d arch_capabilities
vmx flags	: vnmi preemption_timer invvpid ept_x_only ept_ad ept_1gb flexpriority tsc_offset vtpr mtf vapic ept vpid unrestricted_guest ple shadow_vmcs pml ept_mode_based_exec
bugs		: cpu_meltdown spectre_v1 spectre_v2 spec_store_bypass l1tf mds swapgs taa itlb_multihit srbds
bogomips	: 6799.81
clflush size	: 64
cache_alignment	: 64
address sizes	: 39 bits physical, 48 bits virtual
power management:

processor	: 1
vendor_id	: GenuineIntel
cpu family	: 6
model		: 158
model name	: Intel(R) Core(TM) i5-7500 CPU @ 3.40GHz
stepping	: 9
microcode	: 0xec
cpu MHz		: 3477.806
cache size	: 6144 KB
physical id	: 0
siblings	: 4
core id		: 1
cpu cores	: 4
apicid		: 2
initial apicid	: 2
fpu		: yes
fpu_exception	: yes
cpuid level	: 22
wp		: yes
flags		: fpu vme de pse tsc msr pae mce cx8 apic sep mtrr pge mca cmov pat pse36 clflush dts acpi mmx fxsr sse sse2 ss ht tm pbe syscall nx pdpe1gb rdtscp lm constant_tsc art arch_perfmon pebs bts rep_good nopl xtopology nonstop_tsc cpuid aperfmperf pni pclmulqdq dtes64 monitor ds_cpl vmx smx est tm2 ssse3 sdbg fma cx16 xtpr pdcm pcid sse4_1 sse4_2 x2apic movbe popcnt tsc_deadline_timer aes xsave avx f16c rdrand lahf_lm abm 3dnowprefetch cpuid_fault epb invpcid_single pti ssbd ibrs ibpb stibp tpr_shadow vnmi flexpriority ept vpid ept_ad fsgsbase tsc_adjust bmi1 hle avx2 smep bmi2 erms invpcid rtm mpx rdseed adx smap clflushopt intel_pt xsaveopt xsavec xgetbv1 xsaves dtherm ida arat pln pts hwp hwp_notify hwp_act_window hwp_epp md_clear flush_l1d arch_capabilities
vmx flags	: vnmi preemption_timer invvpid ept_x_only ept_ad ept_1gb flexpriority tsc_offset vtpr mtf vapic ept vpid unrestricted_guest ple shadow_vmcs pml ept_mode_based_exec
bugs		: cpu_meltdown spectre_v1 spectre_v2 spec_store_bypass l1tf mds swapgs taa itlb_multihit srbds
bogomips	: 6799.81
clflush size	: 64
cache_alignment	: 64
address sizes	: 39 bits physical, 48 bits virtual
power management:

processor	: 2
vendor_id	: GenuineIntel
cpu family	: 6
model		: 158
model name	: Intel(R) Core(TM) i5-7500 CPU @ 3.40GHz
stepping	: 9
microcode	: 0xec
cpu MHz		: 3374.973
cache size	: 6144 KB
physical id	: 0
siblings	: 4
core id		: 2
cpu cores	: 4
apicid		: 4
initial apicid	: 4
fpu		: yes
fpu_exception	: yes
cpuid level	: 22
wp		: yes
flags		: fpu vme de pse tsc msr pae mce cx8 apic sep mtrr pge mca cmov pat pse36 clflush dts acpi mmx fxsr sse sse2 ss ht tm pbe syscall nx pdpe1gb rdtscp lm constant_tsc art arch_perfmon pebs bts rep_good nopl xtopology nonstop_tsc cpuid aperfmperf pni pclmulqdq dtes64 monitor ds_cpl vmx smx est tm2 ssse3 sdbg fma cx16 xtpr pdcm pcid sse4_1 sse4_2 x2apic movbe popcnt tsc_deadline_timer aes xsave avx f16c rdrand lahf_lm abm 3dnowprefetch cpuid_fault epb invpcid_single pti ssbd ibrs ibpb stibp tpr_shadow vnmi flexpriority ept vpid ept_ad fsgsbase tsc_adjust bmi1 hle avx2 smep bmi2 erms invpcid rtm mpx rdseed adx smap clflushopt intel_pt xsaveopt xsavec xgetbv1 xsaves dtherm ida arat pln pts hwp hwp_notify hwp_act_window hwp_epp md_clear flush_l1d arch_capabilities
vmx flags	: vnmi preemption_timer invvpid ept_x_only ept_ad ept_1gb flexpriority tsc_offset vtpr mtf vapic ept vpid unrestricted_guest ple shadow_vmcs pml ept_mode_based_exec
bugs		: cpu_meltdown spectre_v1 spectre_v2 spec_store_bypass l1tf mds swapgs taa itlb_multihit srbds
bogomips	: 6799.81
clflush size	: 64
cache_alignment	: 64
address sizes	: 39 bits physical, 48 bits virtual
power management:

processor	: 3
vendor_id	: GenuineIntel
cpu family	: 6
model		: 158
model name	: Intel(R) Core(TM) i5-7500 CPU @ 3.40GHz
stepping	: 9
microcode	: 0xec
cpu MHz		: 3239.669
cache size	: 6144 KB
physical id	: 0
siblings	: 4
core id		: 3
cpu cores	: 4
apicid		: 6
initial apicid	: 6
fpu		: yes
fpu_exception	: yes
cpuid level	: 22
wp		: yes
flags		: fpu vme de pse tsc msr pae mce cx8 apic sep mtrr pge mca cmov pat pse36 clflush dts acpi mmx fxsr sse sse2 ss ht tm pbe syscall nx pdpe1gb rdtscp lm constant_tsc art arch_perfmon pebs bts rep_good nopl xtopology nonstop_tsc cpuid aperfmperf pni pclmulqdq dtes64 monitor ds_cpl vmx smx est tm2 ssse3 sdbg fma cx16 xtpr pdcm pcid sse4_1 sse4_2 x2apic movbe popcnt tsc_deadline_timer aes xsave avx f16c rdrand lahf_lm abm 3dnowprefetch cpuid_fault epb invpcid_single pti ssbd ibrs ibpb stibp tpr_shadow vnmi flexpriority ept vpid ept_ad fsgsbase tsc_adjust bmi1 hle avx2 smep bmi2 erms invpcid rtm mpx rdseed adx smap clflushopt intel_pt xsaveopt xsavec xgetbv1 xsaves dtherm ida arat pln pts hwp hwp_notify hwp_act_window hwp_epp md_clear flush_l1d arch_capabilities
vmx flags	: vnmi preemption_timer invvpid ept_x_only ept_ad ept_1gb flexpriority tsc_offset vtpr mtf vapic ept vpid unrestricted_guest ple shadow_vmcs pml ept_mode_based_exec
bugs		: cpu_meltdown spectre_v1 spectre_v2 spec_store_bypass l1tf mds swapgs taa itlb_multihit srbds
bogomips	: 6799.81
clflush size	: 64
cache_alignment	: 64
address sizes	: 39 bits physical, 48 bits virtual
power management:



Memory: 4k page, physical 8017184k(131820k free), swap 3999740k(3998960k free)

vm_info: Java HotSpot(TM) 64-Bit Server VM (25.331-b09) for linux-amd64 JRE (1.8.0_331-b09), built on Mar 10 2022 11:12:57 by "java_re" with gcc 7.3.0

time: Fri Jun  3 14:13:52 2022
timezone: IST
elapsed time: 1.108307 seconds (0d 0h 0m 1s)

