#
# A fatal error has been detected by the Java Runtime Environment:
#
#  SIGSEGV (0xb) at pc=0x00007f9085c9ee17, pid=33130, tid=0x00007f90a5631700
#
# JRE version: Java(TM) SE Runtime Environment (8.0_331-b09) (build 1.8.0_331-b09)
# Java VM: Java HotSpot(TM) 64-Bit Server VM (25.331-b09 mixed mode linux-amd64 compressed oops)
# Problematic frame:
# C  [libpj.so.2+0x19e17]  pj_list_insert_after+0x7
#
# Failed to write core dump. Core dumps have been disabled. To enable core dumping, try "ulimit -c unlimited" before starting Java again
#
# If you would like to submit a bug report, please visit:
#   http://bugreport.java.com/bugreport/crash.jsp
# The crash happened outside the Java Virtual Machine in native code.
# See problematic frame for where to report the bug.
#

---------------  T H R E A D  ---------------

Current thread (0x00007f90a000a800):  JavaThread "main" [_thread_in_native, id=33134, stack(0x00007f90a5532000,0x00007f90a5632000)]

siginfo: si_signo: 11 (SIGSEGV), si_code: 1 (SEGV_MAPERR), si_addr: 0x0000000000000008

Registers:
RAX=0x00007f90a0251c18, RBX=0x00007f90a5630720, RCX=0x00007f90a00008ee, RDX=0x0000000000000050
RSP=0x00007f90a56304b8, RBP=0x0000000000000000, RSI=0x00007f90a024fc08, RDI=0x0000000000000000
R8 =0x00007f90a0251c18, R9 =0x0000000000000062, R10=0xfffffffffffff285, R11=0x00007f9085c9ee30
R12=0x00007f90a024fc08, R13=0x0000000000000000, R14=0x0000000000000000, R15=0x0000000000000000
RIP=0x00007f9085c9ee17, EFLAGS=0x0000000000010206, CSGSFS=0x002b000000000033, ERR=0x0000000000000004
  TRAPNO=0x000000000000000e

Top of Stack: (sp=0x00007f90a56304b8)
0x00007f90a56304b8:   00007f9085de2942 5f6c6c61435f494e
0x00007f90a56304c8:   00726577736e6131 00007f9085e21cd0
0x00007f90a56304d8:   00007f90a0284ce8 6e61315f6c6c6143
0x00007f90a56304e8:   dbbaed03326ec800 79642f6c6c616361
0x00007f90a56304f8:   00007f90a022f6b0 00007f9048007060
0x00007f90a5630508:   0000000000000000 00007f908cb655e0
0x00007f90a5630518:   00007f90a56308e0 00007f90a000a800
0x00007f90a5630528:   00007f9085f536e3 0000000000000000
0x00007f90a5630538:   0000000000000000 0000000000000000
0x00007f90a5630548:   0000000000000000 bfd3c6ef6cc094cb
0x00007f90a5630558:   0000000000000000 3ec718be416adb9b
0x00007f90a5630568:   0000000000000000 3f5b2faeef4b9f00
0x00007f90a5630578:   0000000000000000 3fd41b2faeef4b9f
0x00007f90a5630588:   0000000000000000 3f59de9bca3ef199
0x00007f90a5630598:   0000000000000000 0000000000000000
0x00007f90a56305a8:   00007f90a56306f0 00007f90a5630620
0x00007f90a56305b8:   00007f90a000a800 00007f90a0009ba0
0x00007f90a56305c8:   00007f90a56307c7 00007f90a56306a0
0x00007f90a56305d8:   00007f90a605bf14 00007f90a6684700
0x00007f90a56305e8:   00007f90a012ce40 0000000000000039
0x00007f90a56305f8:   00007f90a5f5c73c 0000000000000002
0x00007f90a5630608:   800000000000000e 0000000000000000
0x00007f90a5630618:   0000000000000000 0000000000000000
0x00007f90a5630628:   0000000000000000 0000000000000000
0x00007f90a5630638:   0000000000000000 00007f908cb655e8
0x00007f90a5630648:   00007f90a000a800 00007f908cb655e8
0x00007f90a5630658:   00007f90a000a800 00007f908cb655e8
0x00007f90a5630668:   00007f90a000a800 00007f908cb8a040
0x00007f90a5630678:   00007f90a0009a90 00007f90a000a800
0x00007f90a5630688:   00007f90a5630760 00007f90a56306f0
0x00007f90a5630698:   00007f90a0009a50 00007f90a5630730
0x00007f90a56306a8:   00007f90a605d014 00007f90a56306e0 

Instructions: (pc=0x00007f9085c9ee17)
0x00007f9085c9edf7:   8b a5 f8 fe ff ff e9 41 fe ff ff e8 19 4f ff ff
0x00007f9085c9ee07:   66 0f 1f 84 00 00 00 00 00 f3 0f 1e fa 48 89 3e
0x00007f9085c9ee17:   48 8b 47 08 48 89 46 08 48 89 30 48 89 77 08 c3
0x00007f9085c9ee27:   66 0f 1f 84 00 00 00 00 00 f3 0f 1e fa 48 8b 3f 

Register to memory mapping:

RAX=0x00007f90a0251c18 is an unknown value
RBX=0x00007f90a5630720 is pointing into the stack for thread: 0x00007f90a000a800
RCX=0x00007f90a00008ee is an unknown value
RDX=0x0000000000000050 is an unknown value
RSP=0x00007f90a56304b8 is pointing into the stack for thread: 0x00007f90a000a800
RBP=0x0000000000000000 is an unknown value
RSI=0x00007f90a024fc08 is an unknown value
RDI=0x0000000000000000 is an unknown value
R8 =0x00007f90a0251c18 is an unknown value
R9 =0x0000000000000062 is an unknown value
R10=0xfffffffffffff285 is an unknown value
R11=0x00007f9085c9ee30: pj_list_insert_before+0 in /usr/local/lib/libpj.so.2 at 0x00007f9085c85000
R12=0x00007f90a024fc08 is an unknown value
R13=0x0000000000000000 is an unknown value
R14=0x0000000000000000 is an unknown value
R15=0x0000000000000000 is an unknown value


Stack: [0x00007f90a5532000,0x00007f90a5632000],  sp=0x00007f90a56304b8,  free space=1017k
Native frames: (J=compiled Java code, j=interpreted, Vv=VM code, C=native code)
C  [libpj.so.2+0x19e17]  pj_list_insert_after+0x7

Java frames: (J=compiled Java code, j=interpreted, Vv=VM code)
j  org.pjsip.pjsua2.pjsua2JNI.Call_answer(JLorg/pjsip/pjsua2/Call;JLorg/pjsip/pjsua2/CallOpParam;)V+0
j  org.pjsip.pjsua2.Call.answer(Lorg/pjsip/pjsua2/CallOpParam;)V+10
j  pjsuacall.PjsuaCall.main([Ljava/lang/String;)V+245
v  ~StubRoutines::call_stub

---------------  P R O C E S S  ---------------

Java Threads: ( => current thread )
  0x00007f90a00cb000 JavaThread "Service Thread" daemon [_thread_blocked, id=33146, stack(0x00007f908671a000,0x00007f908681b000)]
  0x00007f90a00c0000 JavaThread "C1 CompilerThread2" daemon [_thread_blocked, id=33145, stack(0x00007f908681c000,0x00007f908691c000)]
  0x00007f90a00be000 JavaThread "C2 CompilerThread1" daemon [_thread_blocked, id=33144, stack(0x00007f908691d000,0x00007f9086a1d000)]
  0x00007f90a00bb800 JavaThread "C2 CompilerThread0" daemon [_thread_blocked, id=33143, stack(0x00007f9086a1e000,0x00007f9086b1e000)]
  0x00007f90a00b7800 JavaThread "Signal Dispatcher" daemon [_thread_blocked, id=33142, stack(0x00007f9086b1e000,0x00007f9086c1f000)]
  0x00007f90a0087000 JavaThread "Finalizer" daemon [_thread_blocked, id=33141, stack(0x00007f908718f000,0x00007f9087290000)]
  0x00007f90a0082800 JavaThread "Reference Handler" daemon [_thread_blocked, id=33140, stack(0x00007f9087290000,0x00007f9087391000)]
=>0x00007f90a000a800 JavaThread "main" [_thread_in_native, id=33134, stack(0x00007f90a5532000,0x00007f90a5632000)]

Other Threads:
  0x00007f90a0079000 VMThread [stack: 0x00007f9087392000,0x00007f9087492000] [id=33139]
  0x00007f90a00d0000 WatcherThread [stack: 0x00007f908661a000,0x00007f908671a000] [id=33147]

VM state:not at safepoint (normal execution)

VM Mutex/Monitor currently owned by a thread: None

heap address: 0x0000000085a00000, size: 1958 MB, Compressed Oops mode: 32-bit
Narrow klass base: 0x0000000000000000, Narrow klass shift: 3
Compressed class space size: 1073741824 Address: 0x0000000100000000

Heap:
 PSYoungGen      total 36864K, used 2209K [0x00000000d7380000, 0x00000000d9c80000, 0x0000000100000000)
  eden space 31744K, 6% used [0x00000000d7380000,0x00000000d75a85e0,0x00000000d9280000)
  from space 5120K, 0% used [0x00000000d9780000,0x00000000d9780000,0x00000000d9c80000)
  to   space 5120K, 0% used [0x00000000d9280000,0x00000000d9280000,0x00000000d9780000)
 ParOldGen       total 84992K, used 0K [0x0000000085a00000, 0x000000008ad00000, 0x00000000d7380000)
  object space 84992K, 0% used [0x0000000085a00000,0x0000000085a00000,0x000000008ad00000)
 Metaspace       used 3110K, capacity 5168K, committed 5376K, reserved 1056768K
  class space    used 277K, capacity 424K, committed 512K, reserved 1048576K

Card table byte_map: [0x00007f90a4731000,0x00007f90a4b05000] byte_map_base: 0x00007f90a4304000

Marking Bits: (ParMarkBitMap*) 0x00007f90a675d220
 Begin Bits: [0x00007f908d2d0000, 0x00007f908f168000)
 End Bits:   [0x00007f908f168000, 0x00007f9091000000)

Polling page: 0x00007f90a6bf6000

CodeCache: size=245760Kb used=1127Kb max_used=1127Kb free=244632Kb
 bounds [0x00007f9091000000, 0x00007f9091270000, 0x00007f90a0000000]
 total_blobs=288 nmethods=31 adapters=172
 compilation: enabled

Compilation events (10 events):
Event: 0.150 Thread 0x00007f90a00c0000   26       3       sun.nio.cs.UTF_8$Encoder::encode (359 bytes)
Event: 0.152 Thread 0x00007f90a00c0000 nmethod 26 0x00007f90911174d0 code [0x00007f90911176c0, 0x00007f90911181d8]
Event: 0.152 Thread 0x00007f90a00c0000   27       3       java.lang.AbstractStringBuilder::newCapacity (39 bytes)
Event: 0.153 Thread 0x00007f90a00c0000 nmethod 27 0x00007f9091118850 code [0x00007f90911189e0, 0x00007f9091118dc8]
Event: 0.153 Thread 0x00007f90a00c0000   28       1       java.net.URL::getHost (5 bytes)
Event: 0.153 Thread 0x00007f90a00c0000 nmethod 28 0x00007f9091118f10 code [0x00007f9091119060, 0x00007f9091119170]
Event: 0.154 Thread 0x00007f90a00c0000   29       3       java.util.concurrent.ConcurrentHashMap::tabAt (21 bytes)
Event: 0.154 Thread 0x00007f90a00c0000 nmethod 29 0x00007f9091119590 code [0x00007f9091119700, 0x00007f9091119930]
Event: 0.155 Thread 0x00007f90a00c0000   31       1       java.net.URL::getPath (5 bytes)
Event: 0.155 Thread 0x00007f90a00c0000 nmethod 31 0x00007f90911199d0 code [0x00007f9091119b20, 0x00007f9091119c30]

GC Heap History (0 events):
No events

Deoptimization events (0 events):
No events

Classes redefined (0 events):
No events

Internal exceptions (2 events):
Event: 0.016 Thread 0x00007f90a000a800 Exception <a 'java/lang/NoSuchMethodError': Method sun.misc.Unsafe.defineClass(Ljava/lang/String;[BII)Ljava/lang/Class; name or signature does not match> (0x00000000d7387cc0) thrown at [/scratch/jenkins/workspace/8-2-build-linux-amd64/jdk8u331/2416/hotspo
Event: 0.017 Thread 0x00007f90a000a800 Exception <a 'java/lang/NoSuchMethodError': Method sun.misc.Unsafe.prefetchRead(Ljava/lang/Object;J)V name or signature does not match> (0x00000000d7387fa8) thrown at [/scratch/jenkins/workspace/8-2-build-linux-amd64/jdk8u331/2416/hotspot/src/share/vm/pri

Events (10 events):
Event: 0.146 loading class org/pjsip/pjsua2/AccountSipConfig
Event: 0.146 loading class org/pjsip/pjsua2/AccountSipConfig done
Event: 0.147 loading class org/pjsip/pjsua2/AuthCredInfoVector
Event: 0.147 loading class org/pjsip/pjsua2/AuthCredInfoVector done
Event: 0.150 loading class org/pjsip/pjsua2/Account
Event: 0.150 loading class org/pjsip/pjsua2/Account done
Event: 0.152 loading class org/pjsip/pjsua2/Call
Event: 0.152 loading class org/pjsip/pjsua2/Call done
Event: 0.154 loading class org/pjsip/pjsua2/CallOpParam
Event: 0.154 loading class org/pjsip/pjsua2/CallOpParam done


Dynamic libraries:
85a00000-8ad00000 rw-p 00000000 00:00 0 
8ad00000-d7380000 ---p 00000000 00:00 0 
d7380000-d9c80000 rw-p 00000000 00:00 0 
d9c80000-100000000 ---p 00000000 00:00 0 
100000000-100080000 rw-p 00000000 00:00 0 
100080000-140000000 ---p 00000000 00:00 0 
55a952800000-55a952801000 r-xp 00000000 08:02 5248844                    /home/user/software/jdk1.8.0_331/bin/java
55a952a00000-55a952a01000 r--p 00000000 08:02 5248844                    /home/user/software/jdk1.8.0_331/bin/java
55a952a01000-55a952a02000 rw-p 00001000 08:02 5248844                    /home/user/software/jdk1.8.0_331/bin/java
55a952fee000-55a95300f000 rw-p 00000000 00:00 0                          [heap]
7f9020000000-7f9020021000 rw-p 00000000 00:00 0 
7f9020021000-7f9024000000 ---p 00000000 00:00 0 
7f9024000000-7f9024021000 rw-p 00000000 00:00 0 
7f9024021000-7f9028000000 ---p 00000000 00:00 0 
7f9028000000-7f902c000000 rw-s 00000000 00:01 9321                       /memfd:pulseaudio (deleted)
7f902c000000-7f9030000000 rw-s 00000000 00:01 1029                       /memfd:pulseaudio (deleted)
7f9030000000-7f9034000000 rw-s 00000000 00:01 8146                       /memfd:pulseaudio (deleted)
7f9034000000-7f9034021000 rw-p 00000000 00:00 0 
7f9034021000-7f9038000000 ---p 00000000 00:00 0 
7f9038000000-7f903c000000 rw-s 00000000 00:01 8146                       /memfd:pulseaudio (deleted)
7f903c000000-7f9040000000 rw-s 00000000 00:01 9320                       /memfd:pulseaudio (deleted)
7f9040000000-7f9044000000 rw-s 00000000 00:01 1029                       /memfd:pulseaudio (deleted)
7f9044000000-7f9048000000 rw-s 00000000 00:01 8324                       /memfd:pulseaudio (deleted)
7f9048000000-7f9048021000 rw-p 00000000 00:00 0 
7f9048021000-7f904c000000 ---p 00000000 00:00 0 
7f904c000000-7f9050000000 rw-s 00000000 00:01 8324                       /memfd:pulseaudio (deleted)
7f9050000000-7f9050021000 rw-p 00000000 00:00 0 
7f9050021000-7f9054000000 ---p 00000000 00:00 0 
7f9054000000-7f9054021000 rw-p 00000000 00:00 0 
7f9054021000-7f9058000000 ---p 00000000 00:00 0 
7f9058000000-7f9058021000 rw-p 00000000 00:00 0 
7f9058021000-7f905c000000 ---p 00000000 00:00 0 
7f905c000000-7f905c026000 rw-p 00000000 00:00 0 
7f905c026000-7f9060000000 ---p 00000000 00:00 0 
7f9060000000-7f9060021000 rw-p 00000000 00:00 0 
7f9060021000-7f9064000000 ---p 00000000 00:00 0 
7f9064000000-7f906404e000 rw-p 00000000 00:00 0 
7f906404e000-7f9068000000 ---p 00000000 00:00 0 
7f9068000000-7f9068021000 rw-p 00000000 00:00 0 
7f9068021000-7f906c000000 ---p 00000000 00:00 0 
7f906c000000-7f906c021000 rw-p 00000000 00:00 0 
7f906c021000-7f9070000000 ---p 00000000 00:00 0 
7f9070000000-7f9070021000 rw-p 00000000 00:00 0 
7f9070021000-7f9074000000 ---p 00000000 00:00 0 
7f9074000000-7f9074021000 rw-p 00000000 00:00 0 
7f9074021000-7f9078000000 ---p 00000000 00:00 0 
7f9078000000-7f9078021000 rw-p 00000000 00:00 0 
7f9078021000-7f907c000000 ---p 00000000 00:00 0 
7f907d7fb000-7f907d7fc000 ---p 00000000 00:00 0 
7f907d7fc000-7f907dffc000 rw-p 00000000 00:00 0 
7f907dffc000-7f907dffd000 ---p 00000000 00:00 0 
7f907dffd000-7f907e7fd000 rw-p 00000000 00:00 0 
7f907e7fd000-7f907e7fe000 ---p 00000000 00:00 0 
7f907e7fe000-7f907effe000 rw-p 00000000 00:00 0 
7f907effe000-7f907efff000 ---p 00000000 00:00 0 
7f907efff000-7f907f7ff000 rw-p 00000000 00:00 0 
7f907f7ff000-7f907f800000 ---p 00000000 00:00 0 
7f907f800000-7f9080000000 rw-p 00000000 00:00 0 
7f9080000000-7f9080021000 rw-p 00000000 00:00 0 
7f9080021000-7f9084000000 ---p 00000000 00:00 0 
7f90841e8000-7f9084208000 r--p 00000000 08:02 1449217                    /usr/lib/x86_64-linux-gnu/libdb-5.3.so
7f9084208000-7f908434a000 r-xp 00020000 08:02 1449217                    /usr/lib/x86_64-linux-gnu/libdb-5.3.so
7f908434a000-7f908438f000 r--p 00162000 08:02 1449217                    /usr/lib/x86_64-linux-gnu/libdb-5.3.so
7f908438f000-7f9084396000 r--p 001a6000 08:02 1449217                    /usr/lib/x86_64-linux-gnu/libdb-5.3.so
7f9084396000-7f9084397000 rw-p 001ad000 08:02 1449217                    /usr/lib/x86_64-linux-gnu/libdb-5.3.so
7f9084397000-7f908439d000 r--p 00000000 08:02 1442494                    /usr/lib/x86_64-linux-gnu/libjack.so.0.0.28
7f908439d000-7f90843a9000 r-xp 00006000 08:02 1442494                    /usr/lib/x86_64-linux-gnu/libjack.so.0.0.28
7f90843a9000-7f90843ae000 r--p 00012000 08:02 1442494                    /usr/lib/x86_64-linux-gnu/libjack.so.0.0.28
7f90843ae000-7f90843af000 r--p 00016000 08:02 1442494                    /usr/lib/x86_64-linux-gnu/libjack.so.0.0.28
7f90843af000-7f90843b0000 rw-p 00017000 08:02 1442494                    /usr/lib/x86_64-linux-gnu/libjack.so.0.0.28
7f90843b0000-7f90843ba000 rw-p 00000000 00:00 0 
7f90843bd000-7f90843be000 r--p 00000000 08:02 1445799                    /usr/lib/x86_64-linux-gnu/libnss_dns-2.31.so
7f90843be000-7f90843c2000 r-xp 00001000 08:02 1445799                    /usr/lib/x86_64-linux-gnu/libnss_dns-2.31.so
7f90843c2000-7f90843c3000 r--p 00005000 08:02 1445799                    /usr/lib/x86_64-linux-gnu/libnss_dns-2.31.so
7f90843c3000-7f90843c4000 r--p 00005000 08:02 1445799                    /usr/lib/x86_64-linux-gnu/libnss_dns-2.31.so
7f90843c4000-7f90843c5000 rw-p 00006000 08:02 1445799                    /usr/lib/x86_64-linux-gnu/libnss_dns-2.31.so
7f90843c5000-7f90843c6000 r--p 00000000 08:02 1449899                    /usr/lib/x86_64-linux-gnu/libnss_mdns4_minimal.so.2
7f90843c6000-7f90843c8000 r-xp 00001000 08:02 1449899                    /usr/lib/x86_64-linux-gnu/libnss_mdns4_minimal.so.2
7f90843c8000-7f90843c9000 r--p 00003000 08:02 1449899                    /usr/lib/x86_64-linux-gnu/libnss_mdns4_minimal.so.2
7f90843c9000-7f90843ca000 r--p 00003000 08:02 1449899                    /usr/lib/x86_64-linux-gnu/libnss_mdns4_minimal.so.2
7f90843ca000-7f90843cb000 rw-p 00004000 08:02 1449899                    /usr/lib/x86_64-linux-gnu/libnss_mdns4_minimal.so.2
7f90843cb000-7f90843cd000 r--p 00000000 08:02 2097964                    /usr/lib/x86_64-linux-gnu/alsa-lib/libasound_module_ctl_pulse.so
7f90843cd000-7f90843d0000 r-xp 00002000 08:02 2097964                    /usr/lib/x86_64-linux-gnu/alsa-lib/libasound_module_ctl_pulse.so
7f90843d0000-7f90843d1000 r--p 00005000 08:02 2097964                    /usr/lib/x86_64-linux-gnu/alsa-lib/libasound_module_ctl_pulse.so
7f90843d1000-7f90843d2000 r--p 00005000 08:02 2097964                    /usr/lib/x86_64-linux-gnu/alsa-lib/libasound_module_ctl_pulse.so
7f90843d2000-7f90843d3000 rw-p 00006000 08:02 2097964                    /usr/lib/x86_64-linux-gnu/alsa-lib/libasound_module_ctl_pulse.so
7f90843d3000-7f908453e000 r-xp 00000000 08:02 1450125                    /usr/lib/x86_64-linux-gnu/libsamplerate.so.0.1.8
7f908453e000-7f908473d000 ---p 0016b000 08:02 1450125                    /usr/lib/x86_64-linux-gnu/libsamplerate.so.0.1.8
7f908473d000-7f908473e000 r--p 0016a000 08:02 1450125                    /usr/lib/x86_64-linux-gnu/libsamplerate.so.0.1.8
7f908473e000-7f908473f000 rw-p 0016b000 08:02 1450125                    /usr/lib/x86_64-linux-gnu/libsamplerate.so.0.1.8
7f9084740000-7f9084741000 r--p 00000000 08:02 2097970                    /usr/lib/x86_64-linux-gnu/alsa-lib/libasound_module_pcm_vdownmix.so
7f9084741000-7f9084742000 r-xp 00001000 08:02 2097970                    /usr/lib/x86_64-linux-gnu/alsa-lib/libasound_module_pcm_vdownmix.so
7f9084742000-7f9084743000 r--p 00002000 08:02 2097970                    /usr/lib/x86_64-linux-gnu/alsa-lib/libasound_module_pcm_vdownmix.so
7f9084743000-7f9084744000 r--p 00002000 08:02 2097970                    /usr/lib/x86_64-linux-gnu/alsa-lib/libasound_module_pcm_vdownmix.so
7f9084744000-7f9084745000 rw-p 00003000 08:02 2097970                    /usr/lib/x86_64-linux-gnu/alsa-lib/libasound_module_pcm_vdownmix.so
7f9084745000-7f9084746000 r--p 00000000 08:02 2097968                    /usr/lib/x86_64-linux-gnu/alsa-lib/libasound_module_pcm_upmix.so
7f9084746000-7f9084748000 r-xp 00001000 08:02 2097968                    /usr/lib/x86_64-linux-gnu/alsa-lib/libasound_module_pcm_upmix.so
7f9084748000-7f9084749000 r--p 00003000 08:02 2097968                    /usr/lib/x86_64-linux-gnu/alsa-lib/libasound_module_pcm_upmix.so
7f9084749000-7f908474a000 r--p 00003000 08:02 2097968                    /usr/lib/x86_64-linux-gnu/alsa-lib/libasound_module_pcm_upmix.so
7f908474a000-7f908474b000 rw-p 00004000 08:02 2097968                    /usr/lib/x86_64-linux-gnu/alsa-lib/libasound_module_pcm_upmix.so
7f908474b000-7f908474c000 r--p 00000000 08:02 2097966                    /usr/lib/x86_64-linux-gnu/alsa-lib/libasound_module_pcm_oss.so
7f908474c000-7f908474e000 r-xp 00001000 08:02 2097966                    /usr/lib/x86_64-linux-gnu/alsa-lib/libasound_module_pcm_oss.so
7f908474e000-7f908474f000 r--p 00003000 08:02 2097966                    /usr/lib/x86_64-linux-gnu/alsa-lib/libasound_module_pcm_oss.so
7f908474f000-7f9084750000 r--p 00003000 08:02 2097966                    /usr/lib/x86_64-linux-gnu/alsa-lib/libasound_module_pcm_oss.so
7f9084750000-7f9084751000 rw-p 00004000 08:02 2097966                    /usr/lib/x86_64-linux-gnu/alsa-lib/libasound_module_pcm_oss.so
7f9084751000-7f9084753000 r--p 00000000 08:02 2097965                    /usr/lib/x86_64-linux-gnu/alsa-lib/libasound_module_pcm_jack.so
7f9084753000-7f9084755000 r-xp 00002000 08:02 2097965                    /usr/lib/x86_64-linux-gnu/alsa-lib/libasound_module_pcm_jack.so
7f9084755000-7f9084756000 r--p 00004000 08:02 2097965                    /usr/lib/x86_64-linux-gnu/alsa-lib/libasound_module_pcm_jack.so
7f9084756000-7f9084757000 r--p 00004000 08:02 2097965                    /usr/lib/x86_64-linux-gnu/alsa-lib/libasound_module_pcm_jack.so
7f9084757000-7f9084758000 rw-p 00005000 08:02 2097965                    /usr/lib/x86_64-linux-gnu/alsa-lib/libasound_module_pcm_jack.so
7f9084758000-7f9084759000 ---p 00000000 00:00 0 
7f9084759000-7f9084f59000 rw-p 00000000 00:00 0 
7f9084f59000-7f9084f5d000 r--p 00000000 08:02 1449497                    /usr/lib/x86_64-linux-gnu/libgpg-error.so.0.28.0
7f9084f5d000-7f9084f70000 r-xp 00004000 08:02 1449497                    /usr/lib/x86_64-linux-gnu/libgpg-error.so.0.28.0
7f9084f70000-7f9084f7a000 r--p 00017000 08:02 1449497                    /usr/lib/x86_64-linux-gnu/libgpg-error.so.0.28.0
7f9084f7a000-7f9084f7b000 r--p 00020000 08:02 1449497                    /usr/lib/x86_64-linux-gnu/libgpg-error.so.0.28.0
7f9084f7b000-7f9084f7c000 rw-p 00021000 08:02 1449497                    /usr/lib/x86_64-linux-gnu/libgpg-error.so.0.28.0
7f9084f7c000-7f9084f80000 r--p 00000000 08:02 1449109                    /usr/lib/x86_64-linux-gnu/libbsd.so.0.10.0
7f9084f80000-7f9084f8f000 r-xp 00004000 08:02 1449109                    /usr/lib/x86_64-linux-gnu/libbsd.so.0.10.0
7f9084f8f000-7f9084f92000 r--p 00013000 08:02 1449109                    /usr/lib/x86_64-linux-gnu/libbsd.so.0.10.0
7f9084f92000-7f9084f93000 ---p 00016000 08:02 1449109                    /usr/lib/x86_64-linux-gnu/libbsd.so.0.10.0
7f9084f93000-7f9084f94000 r--p 00016000 08:02 1449109                    /usr/lib/x86_64-linux-gnu/libbsd.so.0.10.0
7f9084f94000-7f9084f95000 rw-p 00017000 08:02 1449109                    /usr/lib/x86_64-linux-gnu/libbsd.so.0.10.0
7f9084f95000-7f9084f96000 rw-p 00000000 00:00 0 
7f9084f96000-7f9084f9a000 r--p 00000000 08:02 1445806                    /usr/lib/x86_64-linux-gnu/libresolv-2.31.so
7f9084f9a000-7f9084faa000 r-xp 00004000 08:02 1445806                    /usr/lib/x86_64-linux-gnu/libresolv-2.31.so
7f9084faa000-7f9084fae000 r--p 00014000 08:02 1445806                    /usr/lib/x86_64-linux-gnu/libresolv-2.31.so
7f9084fae000-7f9084faf000 r--p 00017000 08:02 1445806                    /usr/lib/x86_64-linux-gnu/libresolv-2.31.so
7f9084faf000-7f9084fb0000 rw-p 00018000 08:02 1445806                    /usr/lib/x86_64-linux-gnu/libresolv-2.31.so
7f9084fb0000-7f9084fb2000 rw-p 00000000 00:00 0 
7f9084fb2000-7f9084fc6000 r--p 00000000 08:02 1450341                    /usr/lib/x86_64-linux-gnu/libvorbisenc.so.2.0.11
7f9084fc6000-7f9084fc9000 r-xp 00014000 08:02 1450341                    /usr/lib/x86_64-linux-gnu/libvorbisenc.so.2.0.11
7f9084fc9000-7f9085040000 r--p 00017000 08:02 1450341                    /usr/lib/x86_64-linux-gnu/libvorbisenc.so.2.0.11
7f9085040000-7f908505c000 r--p 0008d000 08:02 1450341                    /usr/lib/x86_64-linux-gnu/libvorbisenc.so.2.0.11
7f908505c000-7f908505d000 rw-p 000a9000 08:02 1450341                    /usr/lib/x86_64-linux-gnu/libvorbisenc.so.2.0.11
7f908505d000-7f9085060000 r--p 00000000 08:02 1450339                    /usr/lib/x86_64-linux-gnu/libvorbis.so.0.4.8
7f9085060000-7f9085077000 r-xp 00003000 08:02 1450339                    /usr/lib/x86_64-linux-gnu/libvorbis.so.0.4.8
7f9085077000-7f9085088000 r--p 0001a000 08:02 1450339                    /usr/lib/x86_64-linux-gnu/libvorbis.so.0.4.8
7f9085088000-7f9085089000 ---p 0002b000 08:02 1450339                    /usr/lib/x86_64-linux-gnu/libvorbis.so.0.4.8
7f9085089000-7f908508a000 r--p 0002b000 08:02 1450339                    /usr/lib/x86_64-linux-gnu/libvorbis.so.0.4.8
7f908508a000-7f908508b000 rw-p 0002c000 08:02 1450339                    /usr/lib/x86_64-linux-gnu/libvorbis.so.0.4.8
7f908508b000-7f908508d000 r--p 00000000 08:02 1449917                    /usr/lib/x86_64-linux-gnu/libogg.so.0.8.4
7f908508d000-7f9085092000 r-xp 00002000 08:02 1449917                    /usr/lib/x86_64-linux-gnu/libogg.so.0.8.4
7f9085092000-7f9085095000 r--p 00007000 08:02 1449917                    /usr/lib/x86_64-linux-gnu/libogg.so.0.8.4
7f9085095000-7f9085096000 ---p 0000a000 08:02 1449917                    /usr/lib/x86_64-linux-gnu/libogg.so.0.8.4
7f9085096000-7f9085097000 r--p 0000a000 08:02 1449917                    /usr/lib/x86_64-linux-gnu/libogg.so.0.8.4
7f9085097000-7f9085098000 rw-p 0000b000 08:02 1449917                    /usr/lib/x86_64-linux-gnu/libogg.so.0.8.4
7f9085098000-7f90850a0000 r--p 00000000 08:02 1448904                    /usr/lib/x86_64-linux-gnu/libFLAC.so.8.3.0
7f90850a0000-7f90850c9000 r-xp 00008000 08:02 1448904                    /usr/lib/x86_64-linux-gnu/libFLAC.so.8.3.0
7f90850c9000-7f90850d3000 r--p 00031000 08:02 1448904                    /usr/lib/x86_64-linux-gnu/libFLAC.so.8.3.0
7f90850d3000-7f90850d4000 ---p 0003b000 08:02 1448904                    /usr/lib/x86_64-linux-gnu/libFLAC.so.8.3.0
7f90850d4000-7f90850d5000 r--p 0003b000 08:02 1448904                    /usr/lib/x86_64-linux-gnu/libFLAC.so.8.3.0
7f90850d5000-7f90850d6000 rw-p 0003c000 08:02 1448904                    /usr/lib/x86_64-linux-gnu/libFLAC.so.8.3.0
7f90850d6000-7f90850da000 r--p 00000000 08:02 1445797                    /usr/lib/x86_64-linux-gnu/libnsl-2.31.so
7f90850da000-7f90850ea000 r-xp 00004000 08:02 1445797                    /usr/lib/x86_64-linux-gnu/libnsl-2.31.so
7f90850ea000-7f90850ef000 r--p 00014000 08:02 1445797                    /usr/lib/x86_64-linux-gnu/libnsl-2.31.so
7f90850ef000-7f90850f0000 r--p 00018000 08:02 1445797                    /usr/lib/x86_64-linux-gnu/libnsl-2.31.so
7f90850f0000-7f90850f1000 rw-p 00019000 08:02 1445797                    /usr/lib/x86_64-linux-gnu/libnsl-2.31.so
7f90850f1000-7f90850f3000 rw-p 00000000 00:00 0 
7f90850f3000-7f90850ff000 r--p 00000000 08:02 1447651                    /usr/lib/x86_64-linux-gnu/libgcrypt.so.20.2.5
7f90850ff000-7f90851cd000 r-xp 0000c000 08:02 1447651                    /usr/lib/x86_64-linux-gnu/libgcrypt.so.20.2.5
7f90851cd000-7f908520a000 r--p 000da000 08:02 1447651                    /usr/lib/x86_64-linux-gnu/libgcrypt.so.20.2.5
7f908520a000-7f908520c000 r--p 00116000 08:02 1447651                    /usr/lib/x86_64-linux-gnu/libgcrypt.so.20.2.5
7f908520c000-7f9085211000 rw-p 00118000 08:02 1447651                    /usr/lib/x86_64-linux-gnu/libgcrypt.so.20.2.5
7f9085211000-7f9085213000 r--p 00000000 08:02 1449762                    /usr/lib/x86_64-linux-gnu/liblz4.so.1.9.2
7f9085213000-7f908522d000 r-xp 00002000 08:02 1449762                    /usr/lib/x86_64-linux-gnu/liblz4.so.1.9.2
7f908522d000-7f9085230000 r--p 0001c000 08:02 1449762                    /usr/lib/x86_64-linux-gnu/liblz4.so.1.9.2
7f9085230000-7f9085231000 r--p 0001e000 08:02 1449762                    /usr/lib/x86_64-linux-gnu/liblz4.so.1.9.2
7f9085231000-7f9085232000 rw-p 0001f000 08:02 1449762                    /usr/lib/x86_64-linux-gnu/liblz4.so.1.9.2
7f9085232000-7f9085235000 r--p 00000000 08:02 1443497                    /usr/lib/x86_64-linux-gnu/liblzma.so.5.2.4
7f9085235000-7f908524d000 r-xp 00003000 08:02 1443497                    /usr/lib/x86_64-linux-gnu/liblzma.so.5.2.4
7f908524d000-7f9085258000 r--p 0001b000 08:02 1443497                    /usr/lib/x86_64-linux-gnu/liblzma.so.5.2.4
7f9085258000-7f9085259000 ---p 00026000 08:02 1443497                    /usr/lib/x86_64-linux-gnu/liblzma.so.5.2.4
7f9085259000-7f908525a000 r--p 00026000 08:02 1443497                    /usr/lib/x86_64-linux-gnu/liblzma.so.5.2.4
7f908525a000-7f908525b000 rw-p 00027000 08:02 1443497                    /usr/lib/x86_64-linux-gnu/liblzma.so.5.2.4
7f908525b000-7f908525d000 r--p 00000000 08:02 1448951                    /usr/lib/x86_64-linux-gnu/libXdmcp.so.6.0.0
7f908525d000-7f908525f000 r-xp 00002000 08:02 1448951                    /usr/lib/x86_64-linux-gnu/libXdmcp.so.6.0.0
7f908525f000-7f9085261000 r--p 00004000 08:02 1448951                    /usr/lib/x86_64-linux-gnu/libXdmcp.so.6.0.0
7f9085261000-7f9085262000 r--p 00005000 08:02 1448951                    /usr/lib/x86_64-linux-gnu/libXdmcp.so.6.0.0
7f9085262000-7f9085263000 rw-p 00006000 08:02 1448951                    /usr/lib/x86_64-linux-gnu/libXdmcp.so.6.0.0
7f9085263000-7f9085264000 r--p 00000000 08:02 1448940                    /usr/lib/x86_64-linux-gnu/libXau.so.6.0.0
7f9085264000-7f9085266000 r-xp 00001000 08:02 1448940                    /usr/lib/x86_64-linux-gnu/libXau.so.6.0.0
7f9085266000-7f9085267000 r--p 00003000 08:02 1448940                    /usr/lib/x86_64-linux-gnu/libXau.so.6.0.0
7f9085267000-7f9085268000 r--p 00003000 08:02 1448940                    /usr/lib/x86_64-linux-gnu/libXau.so.6.0.0
7f9085268000-7f9085269000 rw-p 00004000 08:02 1448940                    /usr/lib/x86_64-linux-gnu/libXau.so.6.0.0
7f9085269000-7f908526c000 r--p 00000000 08:02 1449007                    /usr/lib/x86_64-linux-gnu/libapparmor.so.1.6.1
7f908526c000-7f9085275000 r-xp 00003000 08:02 1449007                    /usr/lib/x86_64-linux-gnu/libapparmor.so.1.6.1
7f9085275000-7f908527c000 r--p 0000c000 08:02 1449007                    /usr/lib/x86_64-linux-gnu/libapparmor.so.1.6.1
7f908527c000-7f908527d000 r--p 00012000 08:02 1449007                    /usr/lib/x86_64-linux-gnu/libapparmor.so.1.6.1
7f908527d000-7f908527e000 rw-p 00013000 08:02 1449007                    /usr/lib/x86_64-linux-gnu/libapparmor.so.1.6.1
7f908527e000-7f9085283000 r-xp 00000000 08:02 1449028                    /usr/lib/x86_64-linux-gnu/libasyncns.so.0.3.1
7f9085283000-7f9085482000 ---p 00005000 08:02 1449028                    /usr/lib/x86_64-linux-gnu/libasyncns.so.0.3.1
7f9085482000-7f9085483000 r--p 00004000 08:02 1449028                    /usr/lib/x86_64-linux-gnu/libasyncns.so.0.3.1
7f9085483000-7f9085484000 rw-p 00005000 08:02 1449028                    /usr/lib/x86_64-linux-gnu/libasyncns.so.0.3.1
7f9085484000-7f908548b000 r--p 00000000 08:02 1450170                    /usr/lib/x86_64-linux-gnu/libsndfile.so.1.0.28
7f908548b000-7f90854de000 r-xp 00007000 08:02 1450170                    /usr/lib/x86_64-linux-gnu/libsndfile.so.1.0.28
7f90854de000-7f90854fb000 r--p 0005a000 08:02 1450170                    /usr/lib/x86_64-linux-gnu/libsndfile.so.1.0.28
7f90854fb000-7f90854fc000 ---p 00077000 08:02 1450170                    /usr/lib/x86_64-linux-gnu/libsndfile.so.1.0.28
7f90854fc000-7f90854ff000 r--p 00077000 08:02 1450170                    /usr/lib/x86_64-linux-gnu/libsndfile.so.1.0.28
7f90854ff000-7f9085500000 rw-p 0007a000 08:02 1450170                    /usr/lib/x86_64-linux-gnu/libsndfile.so.1.0.28
7f9085500000-7f9085502000 rw-p 00000000 00:00 0 
7f9085502000-7f9085505000 r--p 00000000 08:02 1450402                    /usr/lib/x86_64-linux-gnu/libwrap.so.0.7.6
7f9085505000-7f908550a000 r-xp 00003000 08:02 1450402                    /usr/lib/x86_64-linux-gnu/libwrap.so.0.7.6
7f908550a000-7f908550c000 r--p 00008000 08:02 1450402                    /usr/lib/x86_64-linux-gnu/libwrap.so.0.7.6
7f908550c000-7f908550d000 r--p 00009000 08:02 1450402                    /usr/lib/x86_64-linux-gnu/libwrap.so.0.7.6
7f908550d000-7f908550e000 rw-p 0000a000 08:02 1450402                    /usr/lib/x86_64-linux-gnu/libwrap.so.0.7.6
7f908550e000-7f908551e000 r--p 00000000 08:02 1446018                    /usr/lib/x86_64-linux-gnu/libsystemd.so.0.28.0
7f908551e000-7f9085593000 r-xp 00010000 08:02 1446018                    /usr/lib/x86_64-linux-gnu/libsystemd.so.0.28.0
7f9085593000-7f90855b8000 r--p 00085000 08:02 1446018                    /usr/lib/x86_64-linux-gnu/libsystemd.so.0.28.0
7f90855b8000-7f90855bb000 r--p 000a9000 08:02 1446018                    /usr/lib/x86_64-linux-gnu/libsystemd.so.0.28.0
7f90855bb000-7f90855bc000 rw-p 000ac000 08:02 1446018                    /usr/lib/x86_64-linux-gnu/libsystemd.so.0.28.0
7f90855bc000-7f90855bd000 rw-p 00000000 00:00 0 
7f90855bd000-7f90855c8000 r--p 00000000 08:02 1450442                    /usr/lib/x86_64-linux-gnu/libxcb.so.1.1.0
7f90855c8000-7f90855dc000 r-xp 0000b000 08:02 1450442                    /usr/lib/x86_64-linux-gnu/libxcb.so.1.1.0
7f90855dc000-7f90855e5000 r--p 0001f000 08:02 1450442                    /usr/lib/x86_64-linux-gnu/libxcb.so.1.1.0
7f90855e5000-7f90855e6000 r--p 00027000 08:02 1450442                    /usr/lib/x86_64-linux-gnu/libxcb.so.1.1.0
7f90855e6000-7f90855e7000 rw-p 00028000 08:02 1450442                    /usr/lib/x86_64-linux-gnu/libxcb.so.1.1.0
7f90855e7000-7f90855f2000 r--p 00000000 08:02 1442000                    /usr/lib/x86_64-linux-gnu/libdbus-1.so.3.19.11
7f90855f2000-7f9085620000 r-xp 0000b000 08:02 1442000                    /usr/lib/x86_64-linux-gnu/libdbus-1.so.3.19.11
7f9085620000-7f9085635000 r--p 00039000 08:02 1442000                    /usr/lib/x86_64-linux-gnu/libdbus-1.so.3.19.11
7f9085635000-7f9085636000 ---p 0004e000 08:02 1442000                    /usr/lib/x86_64-linux-gnu/libdbus-1.so.3.19.11
7f9085636000-7f9085637000 r--p 0004e000 08:02 1442000                    /usr/lib/x86_64-linux-gnu/libdbus-1.so.3.19.11
7f9085637000-7f9085638000 rw-p 0004f000 08:02 1442000                    /usr/lib/x86_64-linux-gnu/libdbus-1.so.3.19.11
7f9085638000-7f9085649000 r--p 00000000 08:02 2097637                    /usr/lib/x86_64-linux-gnu/pulseaudio/libpulsecommon-13.99.so
7f9085649000-7f9085691000 r-xp 00011000 08:02 2097637                    /usr/lib/x86_64-linux-gnu/pulseaudio/libpulsecommon-13.99.so
7f9085691000-7f90856b6000 r--p 00059000 08:02 2097637                    /usr/lib/x86_64-linux-gnu/pulseaudio/libpulsecommon-13.99.so
7f90856b6000-7f90856b7000 ---p 0007e000 08:02 2097637                    /usr/lib/x86_64-linux-gnu/pulseaudio/libpulsecommon-13.99.so
7f90856b7000-7f90856b9000 r--p 0007e000 08:02 2097637                    /usr/lib/x86_64-linux-gnu/pulseaudio/libpulsecommon-13.99.so
7f90856b9000-7f90856ba000 rw-p 00080000 08:02 2097637                    /usr/lib/x86_64-linux-gnu/pulseaudio/libpulsecommon-13.99.so
7f90856ba000-7f90856c6000 r--p 00000000 08:02 1442666                    /usr/lib/x86_64-linux-gnu/libpulse.so.0.21.2
7f90856c6000-7f90856f6000 r-xp 0000c000 08:02 1442666                    /usr/lib/x86_64-linux-gnu/libpulse.so.0.21.2
7f90856f6000-7f908570c000 r--p 0003c000 08:02 1442666                    /usr/lib/x86_64-linux-gnu/libpulse.so.0.21.2
7f908570c000-7f908570e000 r--p 00051000 08:02 1442666                    /usr/lib/x86_64-linux-gnu/libpulse.so.0.21.2
7f908570e000-7f908570f000 rw-p 00053000 08:02 1442666                    /usr/lib/x86_64-linux-gnu/libpulse.so.0.21.2
7f908570f000-7f9085711000 r--p 00000000 08:02 2234013                    /usr/local/lib/libilbccodec.so.2
7f9085711000-7f908571b000 r-xp 00002000 08:02 2234013                    /usr/local/lib/libilbccodec.so.2
7f908571b000-7f908571d000 r--p 0000c000 08:02 2234013                    /usr/local/lib/libilbccodec.so.2
7f908571d000-7f908571e000 r--p 0000d000 08:02 2234013                    /usr/local/lib/libilbccodec.so.2
7f908571e000-7f9085720000 rw-p 0000e000 08:02 2234013                    /usr/local/lib/libilbccodec.so.2
7f9085720000-7f9085721000 r--p 00000000 08:02 2234009                    /usr/local/lib/libgsmcodec.so.2
7f9085721000-7f9085729000 r-xp 00001000 08:02 2234009                    /usr/local/lib/libgsmcodec.so.2
7f9085729000-7f908572a000 r--p 00009000 08:02 2234009                    /usr/local/lib/libgsmcodec.so.2
7f908572a000-7f908572b000 r--p 00009000 08:02 2234009                    /usr/local/lib/libgsmcodec.so.2
7f908572b000-7f908572c000 rw-p 0000a000 08:02 2234009                    /usr/local/lib/libgsmcodec.so.2
7f908572c000-7f9085756000 r--p 00000000 08:02 1442673                    /usr/lib/x86_64-linux-gnu/libasound.so.2.0.0
7f9085756000-7f90857e5000 r-xp 0002a000 08:02 1442673                    /usr/lib/x86_64-linux-gnu/libasound.so.2.0.0
7f90857e5000-7f908581f000 r--p 000b9000 08:02 1442673                    /usr/lib/x86_64-linux-gnu/libasound.so.2.0.0
7f908581f000-7f9085826000 r--p 000f2000 08:02 1442673                    /usr/lib/x86_64-linux-gnu/libasound.so.2.0.0
7f9085826000-7f9085827000 rw-p 000f9000 08:02 1442673                    /usr/lib/x86_64-linux-gnu/libasound.so.2.0.0
7f9085827000-7f9085829000 r--p 00000000 08:02 1442187                    /usr/lib/x86_64-linux-gnu/libuuid.so.1.3.0
7f9085829000-7f908582d000 r-xp 00002000 08:02 1442187                    /usr/lib/x86_64-linux-gnu/libuuid.so.1.3.0
7f908582d000-7f908582e000 r--p 00006000 08:02 1442187                    /usr/lib/x86_64-linux-gnu/libuuid.so.1.3.0
7f908582e000-7f908582f000 r--p 00006000 08:02 1442187                    /usr/lib/x86_64-linux-gnu/libuuid.so.1.3.0
7f908582f000-7f9085830000 rw-p 00007000 08:02 1442187                    /usr/lib/x86_64-linux-gnu/libuuid.so.1.3.0
7f9085830000-7f908584c000 r--p 00000000 08:02 1444253                    /usr/lib/x86_64-linux-gnu/libssl.so.1.1
7f908584c000-7f908589b000 r-xp 0001c000 08:02 1444253                    /usr/lib/x86_64-linux-gnu/libssl.so.1.1
7f908589b000-7f90858b5000 r--p 0006b000 08:02 1444253                    /usr/lib/x86_64-linux-gnu/libssl.so.1.1
7f90858b5000-7f90858b6000 ---p 00085000 08:02 1444253                    /usr/lib/x86_64-linux-gnu/libssl.so.1.1
7f90858b6000-7f90858bf000 r--p 00085000 08:02 1444253                    /usr/lib/x86_64-linux-gnu/libssl.so.1.1
7f90858bf000-7f90858c3000 rw-p 0008e000 08:02 1444253                    /usr/lib/x86_64-linux-gnu/libssl.so.1.1
7f90858c3000-7f90858c9000 r--p 00000000 08:02 2234019                    /usr/local/lib/libwebrtc.so.2
7f90858c9000-7f90858e2000 r-xp 00006000 08:02 2234019                    /usr/local/lib/libwebrtc.so.2
7f90858e2000-7f90858ea000 r--p 0001f000 08:02 2234019                    /usr/local/lib/libwebrtc.so.2
7f90858ea000-7f90858eb000 r--p 00026000 08:02 2234019                    /usr/local/lib/libwebrtc.so.2
7f90858eb000-7f90858ec000 rw-p 00027000 08:02 2234019                    /usr/local/lib/libwebrtc.so.2
7f90858ec000-7f90858f2000 r--p 00000000 08:02 2234011                    /usr/local/lib/libspeex.so.2
7f90858f2000-7f9085910000 r-xp 00006000 08:02 2234011                    /usr/local/lib/libspeex.so.2
7f9085910000-7f9085918000 r--p 00024000 08:02 2234011                    /usr/local/lib/libspeex.so.2
7f9085918000-7f9085919000 ---p 0002c000 08:02 2234011                    /usr/local/lib/libspeex.so.2
7f9085919000-7f908591a000 r--p 0002c000 08:02 2234011                    /usr/local/lib/libspeex.so.2
7f908591a000-7f908591b000 rw-p 0002d000 08:02 2234011                    /usr/local/lib/libspeex.so.2
7f908591b000-7f908591c000 r--p 00000000 08:02 2234007                    /usr/local/lib/libresample.so.2
7f908591c000-7f908591d000 r-xp 00001000 08:02 2234007                    /usr/local/lib/libresample.so.2
7f908591d000-7f9085928000 r--p 00002000 08:02 2234007                    /usr/local/lib/libresample.so.2
7f9085928000-7f9085929000 r--p 0000c000 08:02 2234007                    /usr/local/lib/libresample.so.2
7f9085929000-7f908592a000 rw-p 0000d000 08:02 2234007                    /usr/local/lib/libresample.so.2
7f908592a000-7f908592f000 r--p 00000000 08:02 2234005                    /usr/local/lib/libsrtp.so.2
7f908592f000-7f908593a000 r-xp 00005000 08:02 2234005                    /usr/local/lib/libsrtp.so.2
7f908593a000-7f908593e000 r--p 00010000 08:02 2234005                    /usr/local/lib/libsrtp.so.2
7f908593e000-7f908593f000 r--p 00013000 08:02 2234005                    /usr/local/lib/libsrtp.so.2
7f908593f000-7f9085940000 rw-p 00014000 08:02 2234005                    /usr/local/lib/libsrtp.so.2
7f9085940000-7f90859b8000 r--p 00000000 08:02 1442325                    /usr/lib/x86_64-linux-gnu/libcrypto.so.1.1
7f90859b8000-7f9085b53000 r-xp 00078000 08:02 1442325                    /usr/lib/x86_64-linux-gnu/libcrypto.so.1.1
7f9085b53000-7f9085be4000 r--p 00213000 08:02 1442325                    /usr/lib/x86_64-linux-gnu/libcrypto.so.1.1
7f9085be4000-7f9085c10000 r--p 002a3000 08:02 1442325                    /usr/lib/x86_64-linux-gnu/libcrypto.so.1.1
7f9085c10000-7f9085c12000 rw-p 002cf000 08:02 1442325                    /usr/lib/x86_64-linux-gnu/libcrypto.so.1.1
7f9085c12000-7f9085c16000 rw-p 00000000 00:00 0 
7f9085c16000-7f9085c1e000 r--p 00000000 08:02 2234039                    /usr/local/lib/libpjnath.so.2
7f9085c1e000-7f9085c3c000 r-xp 00008000 08:02 2234039                    /usr/local/lib/libpjnath.so.2
7f9085c3c000-7f9085c48000 r--p 00026000 08:02 2234039                    /usr/local/lib/libpjnath.so.2
7f9085c48000-7f9085c49000 r--p 00031000 08:02 2234039                    /usr/local/lib/libpjnath.so.2
7f9085c49000-7f9085c4b000 rw-p 00032000 08:02 2234039                    /usr/local/lib/libpjnath.so.2
7f9085c4b000-7f9085c4e000 r--p 00000000 08:02 2234031                    /usr/local/lib/libpjmedia-codec.so.2
7f9085c4e000-7f9085c56000 r-xp 00003000 08:02 2234031                    /usr/local/lib/libpjmedia-codec.so.2
7f9085c56000-7f9085c59000 r--p 0000b000 08:02 2234031                    /usr/local/lib/libpjmedia-codec.so.2
7f9085c59000-7f9085c5a000 r--p 0000d000 08:02 2234031                    /usr/local/lib/libpjmedia-codec.so.2
7f9085c5a000-7f9085c5b000 rw-p 0000e000 08:02 2234031                    /usr/local/lib/libpjmedia-codec.so.2
7f9085c5b000-7f9085c5d000 r--p 00000000 08:02 2234037                    /usr/local/lib/libpjmedia-audiodev.so.2
7f9085c5d000-7f9085c61000 r-xp 00002000 08:02 2234037                    /usr/local/lib/libpjmedia-audiodev.so.2
7f9085c61000-7f9085c62000 r--p 00006000 08:02 2234037                    /usr/local/lib/libpjmedia-audiodev.so.2
7f9085c62000-7f9085c63000 ---p 00007000 08:02 2234037                    /usr/local/lib/libpjmedia-audiodev.so.2
7f9085c63000-7f9085c64000 r--p 00007000 08:02 2234037                    /usr/local/lib/libpjmedia-audiodev.so.2
7f9085c64000-7f9085c65000 rw-p 00008000 08:02 2234037                    /usr/local/lib/libpjmedia-audiodev.so.2
7f9085c65000-7f9085c6b000 r--p 00000000 08:02 2234025                    /usr/local/lib/libpjsip-ua.so.2
7f9085c6b000-7f9085c7d000 r-xp 00006000 08:02 2234025                    /usr/local/lib/libpjsip-ua.so.2
7f9085c7d000-7f9085c83000 r--p 00018000 08:02 2234025                    /usr/local/lib/libpjsip-ua.so.2
7f9085c83000-7f9085c84000 r--p 0001d000 08:02 2234025                    /usr/local/lib/libpjsip-ua.so.2
7f9085c84000-7f9085c85000 rw-p 0001e000 08:02 2234025                    /usr/local/lib/libpjsip-ua.so.2
7f9085c85000-7f9085c91000 r--p 00000000 08:02 2234043                    /usr/local/lib/libpj.so.2
7f9085c91000-7f9085caf000 r-xp 0000c000 08:02 2234043                    /usr/local/lib/libpj.so.2
7f9085caf000-7f9085cba000 r--p 0002a000 08:02 2234043                    /usr/local/lib/libpj.so.2
7f9085cba000-7f9085cbb000 ---p 00035000 08:02 2234043                    /usr/local/lib/libpj.so.2
7f9085cbb000-7f9085cbc000 r--p 00035000 08:02 2234043                    /usr/local/lib/libpj.so.2
7f9085cbc000-7f9085cbd000 rw-p 00036000 08:02 2234043                    /usr/local/lib/libpj.so.2
7f9085cbd000-7f9085cbf000 rw-p 00000000 00:00 0 
7f9085cbf000-7f9085cc6000 r--p 00000000 08:02 2234041                    /usr/local/lib/libpjlib-util.so.2
7f9085cc6000-7f9085ce0000 r-xp 00007000 08:02 2234041                    /usr/local/lib/libpjlib-util.so.2
7f9085ce0000-7f9085ce8000 r--p 00021000 08:02 2234041                    /usr/local/lib/libpjlib-util.so.2
7f9085ce8000-7f9085ce9000 r--p 00028000 08:02 2234041                    /usr/local/lib/libpjlib-util.so.2
7f9085ce9000-7f9085cea000 rw-p 00029000 08:02 2234041                    /usr/local/lib/libpjlib-util.so.2
7f9085cea000-7f9085cf8000 r--p 00000000 08:02 2234035                    /usr/local/lib/libpjmedia.so.2
7f9085cf8000-7f9085d30000 r-xp 0000e000 08:02 2234035                    /usr/local/lib/libpjmedia.so.2
7f9085d30000-7f9085d4d000 r--p 00046000 08:02 2234035                    /usr/local/lib/libpjmedia.so.2
7f9085d4d000-7f9085d4e000 ---p 00063000 08:02 2234035                    /usr/local/lib/libpjmedia.so.2
7f9085d4e000-7f9085d4f000 r--p 00063000 08:02 2234035                    /usr/local/lib/libpjmedia.so.2
7f9085d4f000-7f9085d51000 rw-p 00064000 08:02 2234035                    /usr/local/lib/libpjmedia.so.2
7f9085d51000-7f9085d52000 rw-p 00000000 00:00 0 
7f9085d52000-7f9085d60000 r--p 00000000 08:02 2234029                    /usr/local/lib/libpjsip.so.2
7f9085d60000-7f9085d90000 r-xp 0000e000 08:02 2234029                    /usr/local/lib/libpjsip.so.2
7f9085d90000-7f9085da1000 r--p 0003e000 08:02 2234029                    /usr/local/lib/libpjsip.so.2
7f9085da1000-7f9085da3000 r--p 0004e000 08:02 2234029                    /usr/local/lib/libpjsip.so.2
7f9085da3000-7f9085da5000 rw-p 00050000 08:02 2234029                    /usr/local/lib/libpjsip.so.2
7f9085da5000-7f9085daa000 rw-p 00000000 00:00 0 
7f9085daa000-7f9085db0000 r--p 00000000 08:02 2234027                    /usr/local/lib/libpjsip-simple.so.2
7f9085db0000-7f9085dbb000 r-xp 00006000 08:02 2234027                    /usr/local/lib/libpjsip-simple.so.2
7f9085dbb000-7f9085dbf000 r--p 00011000 08:02 2234027                    /usr/local/lib/libpjsip-simple.so.2
7f9085dbf000-7f9085dc0000 ---p 00015000 08:02 2234027                    /usr/local/lib/libpjsip-simple.so.2
7f9085dc0000-7f9085dc1000 r--p 00015000 08:02 2234027                    /usr/local/lib/libpjsip-simple.so.2
7f9085dc1000-7f9085dc2000 rw-p 00016000 08:02 2234027                    /usr/local/lib/libpjsip-simple.so.2
7f9085dc2000-7f9085dd0000 r--p 00000000 08:02 2234023                    /usr/local/lib/libpjsua.so.2
7f9085dd0000-7f9085e05000 r-xp 0000e000 08:02 2234023                    /usr/local/lib/libpjsua.so.2
7f9085e05000-7f9085e12000 r--p 00043000 08:02 2234023                    /usr/local/lib/libpjsua.so.2
7f9085e12000-7f9085e13000 r--p 0004f000 08:02 2234023                    /usr/local/lib/libpjsua.so.2
7f9085e13000-7f9085e15000 rw-p 00050000 08:02 2234023                    /usr/local/lib/libpjsua.so.2
7f9085e15000-7f9085ef7000 rw-p 00000000 00:00 0 
7f9085ef7000-7f9085f13000 r--p 00000000 08:02 2234021                    /usr/local/lib/libpjsua2.so.2
7f9085f13000-7f9085f67000 r-xp 0001c000 08:02 2234021                    /usr/local/lib/libpjsua2.so.2
7f9085f67000-7f9085f7c000 r--p 00070000 08:02 2234021                    /usr/local/lib/libpjsua2.so.2
7f9085f7c000-7f9085f7e000 r--p 00084000 08:02 2234021                    /usr/local/lib/libpjsua2.so.2
7f9085f7e000-7f9085f80000 rw-p 00086000 08:02 2234021                    /usr/local/lib/libpjsua2.so.2
7f9085f80000-7f9085fcf000 r--p 00000000 08:02 3415529                    /home/user/NetBeansProjects/pjsuaCall/src/pjsuacall/dynamicLib/libpjsua2.so
7f9085fcf000-7f908605b000 r-xp 0004f000 08:02 3415529                    /home/user/NetBeansProjects/pjsuaCall/src/pjsuacall/dynamicLib/libpjsua2.so
7f908605b000-7f9086091000 r--p 000db000 08:02 3415529                    /home/user/NetBeansProjects/pjsuaCall/src/pjsuacall/dynamicLib/libpjsua2.so
7f9086091000-7f9086092000 ---p 00111000 08:02 3415529                    /home/user/NetBeansProjects/pjsuaCall/src/pjsuacall/dynamicLib/libpjsua2.so
7f9086092000-7f9086093000 r--p 00111000 08:02 3415529                    /home/user/NetBeansProjects/pjsuaCall/src/pjsuacall/dynamicLib/libpjsua2.so
7f9086093000-7f9086095000 rw-p 00112000 08:02 3415529                    /home/user/NetBeansProjects/pjsuaCall/src/pjsuacall/dynamicLib/libpjsua2.so
7f9086095000-7f9086098000 r--p 00000000 08:02 1449406                    /usr/lib/x86_64-linux-gnu/libgcc_s.so.1
7f9086098000-7f90860aa000 r-xp 00003000 08:02 1449406                    /usr/lib/x86_64-linux-gnu/libgcc_s.so.1
7f90860aa000-7f90860ae000 r--p 00015000 08:02 1449406                    /usr/lib/x86_64-linux-gnu/libgcc_s.so.1
7f90860ae000-7f90860af000 r--p 00018000 08:02 1449406                    /usr/lib/x86_64-linux-gnu/libgcc_s.so.1
7f90860af000-7f90860b0000 rw-p 00019000 08:02 1449406                    /usr/lib/x86_64-linux-gnu/libgcc_s.so.1
7f90860b0000-7f9086146000 r--p 00000000 08:02 1450209                    /usr/lib/x86_64-linux-gnu/libstdc++.so.6.0.28
7f9086146000-7f9086237000 r-xp 00096000 08:02 1450209                    /usr/lib/x86_64-linux-gnu/libstdc++.so.6.0.28
7f9086237000-7f9086280000 r--p 00187000 08:02 1450209                    /usr/lib/x86_64-linux-gnu/libstdc++.so.6.0.28
7f9086280000-7f9086281000 ---p 001d0000 08:02 1450209                    /usr/lib/x86_64-linux-gnu/libstdc++.so.6.0.28
7f9086281000-7f908628c000 r--p 001d0000 08:02 1450209                    /usr/lib/x86_64-linux-gnu/libstdc++.so.6.0.28
7f908628c000-7f908628f000 rw-p 001db000 08:02 1450209                    /usr/lib/x86_64-linux-gnu/libstdc++.so.6.0.28
7f908628f000-7f9086292000 rw-p 00000000 00:00 0 
7f9086294000-7f9086295000 r--p 00000000 08:02 2097976                    /usr/lib/x86_64-linux-gnu/alsa-lib/libasound_module_rate_speexrate.so
7f9086295000-7f9086298000 r-xp 00001000 08:02 2097976                    /usr/lib/x86_64-linux-gnu/alsa-lib/libasound_module_rate_speexrate.so
7f9086298000-7f9086299000 r--p 00004000 08:02 2097976                    /usr/lib/x86_64-linux-gnu/alsa-lib/libasound_module_rate_speexrate.so
7f9086299000-7f908629a000 r--p 00004000 08:02 2097976                    /usr/lib/x86_64-linux-gnu/alsa-lib/libasound_module_rate_speexrate.so
7f908629a000-7f908629b000 rw-p 00005000 08:02 2097976                    /usr/lib/x86_64-linux-gnu/alsa-lib/libasound_module_rate_speexrate.so
7f908629b000-7f908629d000 r--p 00000000 08:02 2097967                    /usr/lib/x86_64-linux-gnu/alsa-lib/libasound_module_pcm_pulse.so
7f908629d000-7f90862a0000 r-xp 00002000 08:02 2097967                    /usr/lib/x86_64-linux-gnu/alsa-lib/libasound_module_pcm_pulse.so
7f90862a0000-7f90862a1000 r--p 00005000 08:02 2097967                    /usr/lib/x86_64-linux-gnu/alsa-lib/libasound_module_pcm_pulse.so
7f90862a1000-7f90862a2000 ---p 00006000 08:02 2097967                    /usr/lib/x86_64-linux-gnu/alsa-lib/libasound_module_pcm_pulse.so
7f90862a2000-7f90862a3000 r--p 00006000 08:02 2097967                    /usr/lib/x86_64-linux-gnu/alsa-lib/libasound_module_pcm_pulse.so
7f90862a3000-7f90862a4000 rw-p 00007000 08:02 2097967                    /usr/lib/x86_64-linux-gnu/alsa-lib/libasound_module_pcm_pulse.so
7f90862a4000-7f90862ab000 r--s 00000000 08:02 2102563                    /usr/lib/x86_64-linux-gnu/gconv/gconv-modules.cache
7f90862ab000-7f9086414000 r-xp 00000000 08:02 3415530                    /home/user/NetBeansProjects/pjsuaCall/src/pjsuacall/dynamicLib/libopenh264.so
7f9086414000-7f9086614000 ---p 00169000 08:02 3415530                    /home/user/NetBeansProjects/pjsuaCall/src/pjsuacall/dynamicLib/libopenh264.so
7f9086614000-7f9086617000 r--p 00169000 08:02 3415530                    /home/user/NetBeansProjects/pjsuaCall/src/pjsuacall/dynamicLib/libopenh264.so
7f9086617000-7f9086619000 rw-p 0016c000 08:02 3415530                    /home/user/NetBeansProjects/pjsuaCall/src/pjsuacall/dynamicLib/libopenh264.so
7f9086619000-7f908661a000 ---p 00000000 00:00 0 
7f908661a000-7f908671a000 rw-p 00000000 00:00 0 
7f908671a000-7f908671d000 ---p 00000000 00:00 0 
7f908671d000-7f908681b000 rw-p 00000000 00:00 0 
7f908681b000-7f908681c000 ---p 00000000 00:00 0 
7f908681c000-7f908681f000 ---p 00000000 00:00 0 
7f908681f000-7f908691c000 rw-p 00000000 00:00 0 
7f908691c000-7f908691d000 ---p 00000000 00:00 0 
7f908691d000-7f9086920000 ---p 00000000 00:00 0 
7f9086920000-7f9086a1d000 rw-p 00000000 00:00 0 
7f9086a1d000-7f9086a1e000 ---p 00000000 00:00 0 
7f9086a1e000-7f9086a21000 ---p 00000000 00:00 0 
7f9086a21000-7f9086b1e000 rw-p 00000000 00:00 0 
7f9086b1e000-7f9086b21000 ---p 00000000 00:00 0 
7f9086b21000-7f9086c1f000 rw-p 00000000 00:00 0 
7f9086c1f000-7f908718f000 r--p 00000000 08:02 1444832                    /usr/lib/locale/locale-archive
7f908718f000-7f9087192000 ---p 00000000 00:00 0 
7f9087192000-7f9087290000 rw-p 00000000 00:00 0 
7f9087290000-7f9087293000 ---p 00000000 00:00 0 
7f9087293000-7f9087391000 rw-p 00000000 00:00 0 
7f9087391000-7f9087392000 ---p 00000000 00:00 0 
7f9087392000-7f9088000000 rw-p 00000000 00:00 0 
7f9088000000-7f9088021000 rw-p 00000000 00:00 0 
7f9088021000-7f908c000000 ---p 00000000 00:00 0 
7f908c001000-7f908c002000 r--p 00000000 08:02 2097971                    /usr/lib/x86_64-linux-gnu/alsa-lib/libasound_module_rate_samplerate.so
7f908c002000-7f908c003000 r-xp 00001000 08:02 2097971                    /usr/lib/x86_64-linux-gnu/alsa-lib/libasound_module_rate_samplerate.so
7f908c003000-7f908c004000 r--p 00002000 08:02 2097971                    /usr/lib/x86_64-linux-gnu/alsa-lib/libasound_module_rate_samplerate.so
7f908c004000-7f908c005000 r--p 00002000 08:02 2097971                    /usr/lib/x86_64-linux-gnu/alsa-lib/libasound_module_rate_samplerate.so
7f908c005000-7f908c006000 rw-p 00003000 08:02 2097971                    /usr/lib/x86_64-linux-gnu/alsa-lib/libasound_module_rate_samplerate.so
7f908c006000-7f908c44c000 rw-p 00000000 00:00 0 
7f908c44c000-7f908c62c000 r--s 03ea1000 08:02 5380617                    /home/user/software/jdk1.8.0_331/jre/lib/rt.jar
7f908c62c000-7f908cbbd000 rw-p 00000000 00:00 0 
7f908cbbd000-7f908cefd000 ---p 00000000 00:00 0 
7f908cefd000-7f9091000000 rw-p 00000000 00:00 0 
7f9091000000-7f9091270000 rwxp 00000000 00:00 0 
7f9091270000-7f90a0000000 ---p 00000000 00:00 0 
7f90a0000000-7f90a0293000 rw-p 00000000 00:00 0 
7f90a0293000-7f90a4000000 ---p 00000000 00:00 0 
7f90a4001000-7f90a40a0000 rw-p 00000000 00:00 0 
7f90a40a0000-7f90a40a1000 ---p 00000000 00:00 0 
7f90a40a1000-7f90a41a1000 rw-p 00000000 00:00 0 
7f90a41a1000-7f90a41a2000 ---p 00000000 00:00 0 
7f90a41a2000-7f90a42a2000 rw-p 00000000 00:00 0 
7f90a42a2000-7f90a42a3000 ---p 00000000 00:00 0 
7f90a42a3000-7f90a43a3000 rw-p 00000000 00:00 0 
7f90a43a3000-7f90a43a4000 ---p 00000000 00:00 0 
7f90a43a4000-7f90a44ce000 rw-p 00000000 00:00 0 
7f90a44ce000-7f90a4731000 ---p 00000000 00:00 0 
7f90a4731000-7f90a475b000 rw-p 00000000 00:00 0 
7f90a475b000-7f90a49bd000 ---p 00000000 00:00 0 
7f90a49bd000-7f90a49d3000 rw-p 00000000 00:00 0 
7f90a49d3000-7f90a4b04000 ---p 00000000 00:00 0 
7f90a4b04000-7f90a4b0f000 rw-p 00000000 00:00 0 
7f90a4b0f000-7f90a4ec5000 ---p 00000000 00:00 0 
7f90a4ec5000-7f90a4ee0000 r-xp 00000000 08:02 5380501                    /home/user/software/jdk1.8.0_331/jre/lib/amd64/libzip.so
7f90a4ee0000-7f90a50df000 ---p 0001b000 08:02 5380501                    /home/user/software/jdk1.8.0_331/jre/lib/amd64/libzip.so
7f90a50df000-7f90a50e0000 r--p 0001a000 08:02 5380501                    /home/user/software/jdk1.8.0_331/jre/lib/amd64/libzip.so
7f90a50e0000-7f90a50e1000 rw-p 0001b000 08:02 5380501                    /home/user/software/jdk1.8.0_331/jre/lib/amd64/libzip.so
7f90a50e1000-7f90a50e9000 rw-s 00000000 08:02 9445673                    /tmp/hsperfdata_user/33130
7f90a50e9000-7f90a5116000 r-xp 00000000 08:02 5380498                    /home/user/software/jdk1.8.0_331/jre/lib/amd64/libjava.so
7f90a5116000-7f90a5315000 ---p 0002d000 08:02 5380498                    /home/user/software/jdk1.8.0_331/jre/lib/amd64/libjava.so
7f90a5315000-7f90a5316000 r--p 0002c000 08:02 5380498                    /home/user/software/jdk1.8.0_331/jre/lib/amd64/libjava.so
7f90a5316000-7f90a5318000 rw-p 0002d000 08:02 5380498                    /home/user/software/jdk1.8.0_331/jre/lib/amd64/libjava.so
7f90a5318000-7f90a5325000 r-xp 00000000 08:02 5380487                    /home/user/software/jdk1.8.0_331/jre/lib/amd64/libverify.so
7f90a5325000-7f90a5524000 ---p 0000d000 08:02 5380487                    /home/user/software/jdk1.8.0_331/jre/lib/amd64/libverify.so
7f90a5524000-7f90a5526000 r--p 0000c000 08:02 5380487                    /home/user/software/jdk1.8.0_331/jre/lib/amd64/libverify.so
7f90a5526000-7f90a5527000 rw-p 0000e000 08:02 5380487                    /home/user/software/jdk1.8.0_331/jre/lib/amd64/libverify.so
7f90a5527000-7f90a5529000 r--p 00000000 08:02 1445807                    /usr/lib/x86_64-linux-gnu/librt-2.31.so
7f90a5529000-7f90a552d000 r-xp 00002000 08:02 1445807                    /usr/lib/x86_64-linux-gnu/librt-2.31.so
7f90a552d000-7f90a552f000 r--p 00006000 08:02 1445807                    /usr/lib/x86_64-linux-gnu/librt-2.31.so
7f90a552f000-7f90a5530000 r--p 00007000 08:02 1445807                    /usr/lib/x86_64-linux-gnu/librt-2.31.so
7f90a5530000-7f90a5531000 rw-p 00008000 08:02 1445807                    /usr/lib/x86_64-linux-gnu/librt-2.31.so
7f90a5531000-7f90a5532000 ---p 00000000 00:00 0 
7f90a5532000-7f90a5535000 ---p 00000000 00:00 0 
7f90a5535000-7f90a5632000 rw-p 00000000 00:00 0 
7f90a5632000-7f90a563f000 r--p 00000000 08:02 1445794                    /usr/lib/x86_64-linux-gnu/libm-2.31.so
7f90a563f000-7f90a56e6000 r-xp 0000d000 08:02 1445794                    /usr/lib/x86_64-linux-gnu/libm-2.31.so
7f90a56e6000-7f90a577f000 r--p 000b4000 08:02 1445794                    /usr/lib/x86_64-linux-gnu/libm-2.31.so
7f90a577f000-7f90a5780000 r--p 0014c000 08:02 1445794                    /usr/lib/x86_64-linux-gnu/libm-2.31.so
7f90a5780000-7f90a5781000 rw-p 0014d000 08:02 1445794                    /usr/lib/x86_64-linux-gnu/libm-2.31.so
7f90a5781000-7f90a6479000 r-xp 00000000 08:02 5380480                    /home/user/software/jdk1.8.0_331/jre/lib/amd64/server/libjvm.so
7f90a6479000-7f90a6678000 ---p 00cf8000 08:02 5380480                    /home/user/software/jdk1.8.0_331/jre/lib/amd64/server/libjvm.so
7f90a6678000-7f90a670e000 r--p 00cf7000 08:02 5380480                    /home/user/software/jdk1.8.0_331/jre/lib/amd64/server/libjvm.so
7f90a670e000-7f90a673f000 rw-p 00d8d000 08:02 5380480                    /home/user/software/jdk1.8.0_331/jre/lib/amd64/server/libjvm.so
7f90a673f000-7f90a677c000 rw-p 00000000 00:00 0 
7f90a677c000-7f90a679e000 r--p 00000000 08:02 1445792                    /usr/lib/x86_64-linux-gnu/libc-2.31.so
7f90a679e000-7f90a6916000 r-xp 00022000 08:02 1445792                    /usr/lib/x86_64-linux-gnu/libc-2.31.so
7f90a6916000-7f90a6964000 r--p 0019a000 08:02 1445792                    /usr/lib/x86_64-linux-gnu/libc-2.31.so
7f90a6964000-7f90a6968000 r--p 001e7000 08:02 1445792                    /usr/lib/x86_64-linux-gnu/libc-2.31.so
7f90a6968000-7f90a696a000 rw-p 001eb000 08:02 1445792                    /usr/lib/x86_64-linux-gnu/libc-2.31.so
7f90a696a000-7f90a696e000 rw-p 00000000 00:00 0 
7f90a696e000-7f90a696f000 r--p 00000000 08:02 1445793                    /usr/lib/x86_64-linux-gnu/libdl-2.31.so
7f90a696f000-7f90a6971000 r-xp 00001000 08:02 1445793                    /usr/lib/x86_64-linux-gnu/libdl-2.31.so
7f90a6971000-7f90a6972000 r--p 00003000 08:02 1445793                    /usr/lib/x86_64-linux-gnu/libdl-2.31.so
7f90a6972000-7f90a6973000 r--p 00003000 08:02 1445793                    /usr/lib/x86_64-linux-gnu/libdl-2.31.so
7f90a6973000-7f90a6974000 rw-p 00004000 08:02 1445793                    /usr/lib/x86_64-linux-gnu/libdl-2.31.so
7f90a6974000-7f90a698b000 r-xp 00000000 08:02 9965144                    /home/user/software/jdk1.8.0_331/lib/amd64/jli/libjli.so
7f90a698b000-7f90a6b8a000 ---p 00017000 08:02 9965144                    /home/user/software/jdk1.8.0_331/lib/amd64/jli/libjli.so
7f90a6b8a000-7f90a6b8b000 r--p 00016000 08:02 9965144                    /home/user/software/jdk1.8.0_331/lib/amd64/jli/libjli.so
7f90a6b8b000-7f90a6b8c000 rw-p 00017000 08:02 9965144                    /home/user/software/jdk1.8.0_331/lib/amd64/jli/libjli.so
7f90a6b8c000-7f90a6b92000 r--p 00000000 08:02 1445805                    /usr/lib/x86_64-linux-gnu/libpthread-2.31.so
7f90a6b92000-7f90a6ba3000 r-xp 00006000 08:02 1445805                    /usr/lib/x86_64-linux-gnu/libpthread-2.31.so
7f90a6ba3000-7f90a6ba9000 r--p 00017000 08:02 1445805                    /usr/lib/x86_64-linux-gnu/libpthread-2.31.so
7f90a6ba9000-7f90a6baa000 r--p 0001c000 08:02 1445805                    /usr/lib/x86_64-linux-gnu/libpthread-2.31.so
7f90a6baa000-7f90a6bab000 rw-p 0001d000 08:02 1445805                    /usr/lib/x86_64-linux-gnu/libpthread-2.31.so
7f90a6bab000-7f90a6baf000 rw-p 00000000 00:00 0 
7f90a6bb3000-7f90a6bb6000 r--p 00000000 08:02 1445800                    /usr/lib/x86_64-linux-gnu/libnss_files-2.31.so
7f90a6bb6000-7f90a6bbd000 r-xp 00003000 08:02 1445800                    /usr/lib/x86_64-linux-gnu/libnss_files-2.31.so
7f90a6bbd000-7f90a6bbf000 r--p 0000a000 08:02 1445800                    /usr/lib/x86_64-linux-gnu/libnss_files-2.31.so
7f90a6bbf000-7f90a6bc0000 r--p 0000b000 08:02 1445800                    /usr/lib/x86_64-linux-gnu/libnss_files-2.31.so
7f90a6bc0000-7f90a6bc1000 rw-p 0000c000 08:02 1445800                    /usr/lib/x86_64-linux-gnu/libnss_files-2.31.so
7f90a6bc1000-7f90a6bca000 rw-p 00000000 00:00 0 
7f90a6bca000-7f90a6bcb000 r--p 00000000 08:02 1445788                    /usr/lib/x86_64-linux-gnu/ld-2.31.so
7f90a6bcb000-7f90a6bee000 r-xp 00001000 08:02 1445788                    /usr/lib/x86_64-linux-gnu/ld-2.31.so
7f90a6bee000-7f90a6bf6000 r--p 00024000 08:02 1445788                    /usr/lib/x86_64-linux-gnu/ld-2.31.so
7f90a6bf6000-7f90a6bf7000 r--p 00000000 00:00 0 
7f90a6bf7000-7f90a6bf8000 r--p 0002c000 08:02 1445788                    /usr/lib/x86_64-linux-gnu/ld-2.31.so
7f90a6bf8000-7f90a6bf9000 rw-p 0002d000 08:02 1445788                    /usr/lib/x86_64-linux-gnu/ld-2.31.so
7f90a6bf9000-7f90a6bfa000 rw-p 00000000 00:00 0 
7ffd000e3000-7ffd00104000 rw-p 00000000 00:00 0                          [stack]
7ffd0015b000-7ffd0015f000 r--p 00000000 00:00 0                          [vvar]
7ffd0015f000-7ffd00161000 r-xp 00000000 00:00 0                          [vdso]
ffffffffff600000-ffffffffff601000 --xp 00000000 00:00 0                  [vsyscall]

VM Arguments:
jvm_args: -Dfile.encoding=UTF-8 -Djava.library.path=/home/user/NetBeansProjects/pjsuaCall/src/pjsuacall/dynamicLib 
java_command: pjsuacall.PjsuaCall
java_class_path (initial): /home/user/Downloads/pjproject-2.12.1/pjsip-apps/src/swig/java/output:/home/user/NetBeansProjects/pjsuaCall/build/classes
Launcher Type: SUN_STANDARD

Environment Variables:
PATH=/home/user/.local/bin:/usr/local/sbin:/usr/local/bin:/usr/sbin:/usr/bin:/sbin:/bin:/usr/games:/usr/local/games:/snap/bin
USERNAME=user
SHELL=/bin/bash
DISPLAY=:0

Signal Handlers:
SIGSEGV: [libjvm.so+0xae0f60], sa_mask[0]=11111111011111111101111111111110, sa_flags=SA_RESTART|SA_SIGINFO
SIGBUS: [libjvm.so+0xae0f60], sa_mask[0]=11111111011111111101111111111110, sa_flags=SA_RESTART|SA_SIGINFO
SIGFPE: [libjvm.so+0xae0f60], sa_mask[0]=11111111011111111101111111111110, sa_flags=SA_RESTART|SA_SIGINFO
SIGPIPE: [libjvm.so+0x915120], sa_mask[0]=11111111011111111101111111111110, sa_flags=SA_RESTART|SA_SIGINFO
SIGXFSZ: [libjvm.so+0x915120], sa_mask[0]=11111111011111111101111111111110, sa_flags=SA_RESTART|SA_SIGINFO
SIGILL: [libjvm.so+0xae0f60], sa_mask[0]=11111111011111111101111111111110, sa_flags=SA_RESTART|SA_SIGINFO
SIGUSR1: SIG_DFL, sa_mask[0]=00000000000000000000000000000000, sa_flags=none
SIGUSR2: [libjvm.so+0x914ff0], sa_mask[0]=00100000000000000000000000000000, sa_flags=SA_RESTART|SA_SIGINFO
SIGHUP: [libjvm.so+0x915610], sa_mask[0]=11111111011111111101111111111110, sa_flags=SA_RESTART|SA_SIGINFO
SIGINT: SIG_IGN, sa_mask[0]=00000000000000000000000000000000, sa_flags=none
SIGTERM: [libjvm.so+0x915610], sa_mask[0]=11111111011111111101111111111110, sa_flags=SA_RESTART|SA_SIGINFO
SIGQUIT: [libjvm.so+0x915610], sa_mask[0]=11111111011111111101111111111110, sa_flags=SA_RESTART|SA_SIGINFO


---------------  S Y S T E M  ---------------

OS:DISTRIB_ID=Ubuntu
DISTRIB_RELEASE=20.04
DISTRIB_CODENAME=focal
DISTRIB_DESCRIPTION="Ubuntu 20.04.4 LTS"

uname:Linux 5.13.0-44-generic #49~20.04.1-Ubuntu SMP Wed May 18 18:44:28 UTC 2022 x86_64
libc:glibc 2.31 NPTL 2.31 
rlimit: STACK 8192k, CORE 0k, NPROC 31039, NOFILE 1048576, AS infinity
load average:0.48 0.43 0.51

/proc/meminfo:
MemTotal:        8017192 kB
MemFree:          364728 kB
MemAvailable:    2092696 kB
Buffers:          308460 kB
Cached:          2040572 kB
SwapCached:          944 kB
Active:          1557632 kB
Inactive:        5410628 kB
Active(anon):     206912 kB
Inactive(anon):  4951096 kB
Active(file):    1350720 kB
Inactive(file):   459532 kB
Unevictable:      177140 kB
Mlocked:              16 kB
SwapTotal:       3999740 kB
SwapFree:        3962048 kB
Dirty:               840 kB
Writeback:             0 kB
AnonPages:       4795612 kB
Mapped:           597160 kB
Shmem:            542576 kB
KReclaimable:     221780 kB
Slab:             373772 kB
SReclaimable:     221780 kB
SUnreclaim:       151992 kB
KernelStack:       19120 kB
PageTables:        40704 kB
NFS_Unstable:          0 kB
Bounce:                0 kB
WritebackTmp:          0 kB
CommitLimit:     8008336 kB
Committed_AS:   11125692 kB
VmallocTotal:   34359738367 kB
VmallocUsed:       45088 kB
VmallocChunk:          0 kB
Percpu:             5152 kB
HardwareCorrupted:     0 kB
AnonHugePages:         0 kB
ShmemHugePages:        0 kB
ShmemPmdMapped:        0 kB
FileHugePages:         0 kB
FilePmdMapped:         0 kB
HugePages_Total:       0
HugePages_Free:        0
HugePages_Rsvd:        0
HugePages_Surp:        0
Hugepagesize:       2048 kB
Hugetlb:               0 kB
DirectMap4k:      381344 kB
DirectMap2M:     7882752 kB
DirectMap1G:           0 kB

container (cgroup) information:
container_type: cgroupv1
cpu_cpuset_cpus: 0-3
cpu_memory_nodes: 0
active_processor_count: 4
cpu_quota: -1
cpu_period: 100000
cpu_shares: -1
memory_limit_in_bytes: -1
memory_and_swap_limit_in_bytes: -1
memory_soft_limit_in_bytes: -1
memory_usage_in_bytes: 5857964032
memory_max_usage_in_bytes: 6090948608


CPU:total 4 (initial active 4) (4 cores per cpu, 1 threads per core) family 6 model 158 stepping 9, cmov, cx8, fxsr, mmx, sse, sse2, sse3, ssse3, sse4.1, sse4.2, popcnt, avx, avx2, aes, clmul, erms, rtm, 3dnowpref, lzcnt, tsc, tscinvbit, bmi1, bmi2, adx

/proc/cpuinfo:
processor	: 0
vendor_id	: GenuineIntel
cpu family	: 6
model		: 158
model name	: Intel(R) Core(TM) i5-7500 CPU @ 3.40GHz
stepping	: 9
microcode	: 0xec
cpu MHz		: 3040.688
cache size	: 6144 KB
physical id	: 0
siblings	: 4
core id		: 0
cpu cores	: 4
apicid		: 0
initial apicid	: 0
fpu		: yes
fpu_exception	: yes
cpuid level	: 22
wp		: yes
flags		: fpu vme de pse tsc msr pae mce cx8 apic sep mtrr pge mca cmov pat pse36 clflush dts acpi mmx fxsr sse sse2 ss ht tm pbe syscall nx pdpe1gb rdtscp lm constant_tsc art arch_perfmon pebs bts rep_good nopl xtopology nonstop_tsc cpuid aperfmperf pni pclmulqdq dtes64 monitor ds_cpl vmx smx est tm2 ssse3 sdbg fma cx16 xtpr pdcm pcid sse4_1 sse4_2 x2apic movbe popcnt tsc_deadline_timer aes xsave avx f16c rdrand lahf_lm abm 3dnowprefetch cpuid_fault epb invpcid_single pti ssbd ibrs ibpb stibp tpr_shadow vnmi flexpriority ept vpid ept_ad fsgsbase tsc_adjust bmi1 hle avx2 smep bmi2 erms invpcid rtm mpx rdseed adx smap clflushopt intel_pt xsaveopt xsavec xgetbv1 xsaves dtherm ida arat pln pts hwp hwp_notify hwp_act_window hwp_epp md_clear flush_l1d arch_capabilities
vmx flags	: vnmi preemption_timer invvpid ept_x_only ept_ad ept_1gb flexpriority tsc_offset vtpr mtf vapic ept vpid unrestricted_guest ple shadow_vmcs pml ept_mode_based_exec
bugs		: cpu_meltdown spectre_v1 spectre_v2 spec_store_bypass l1tf mds swapgs taa itlb_multihit srbds
bogomips	: 6799.81
clflush size	: 64
cache_alignment	: 64
address sizes	: 39 bits physical, 48 bits virtual
power management:

processor	: 1
vendor_id	: GenuineIntel
cpu family	: 6
model		: 158
model name	: Intel(R) Core(TM) i5-7500 CPU @ 3.40GHz
stepping	: 9
microcode	: 0xec
cpu MHz		: 2826.835
cache size	: 6144 KB
physical id	: 0
siblings	: 4
core id		: 1
cpu cores	: 4
apicid		: 2
initial apicid	: 2
fpu		: yes
fpu_exception	: yes
cpuid level	: 22
wp		: yes
flags		: fpu vme de pse tsc msr pae mce cx8 apic sep mtrr pge mca cmov pat pse36 clflush dts acpi mmx fxsr sse sse2 ss ht tm pbe syscall nx pdpe1gb rdtscp lm constant_tsc art arch_perfmon pebs bts rep_good nopl xtopology nonstop_tsc cpuid aperfmperf pni pclmulqdq dtes64 monitor ds_cpl vmx smx est tm2 ssse3 sdbg fma cx16 xtpr pdcm pcid sse4_1 sse4_2 x2apic movbe popcnt tsc_deadline_timer aes xsave avx f16c rdrand lahf_lm abm 3dnowprefetch cpuid_fault epb invpcid_single pti ssbd ibrs ibpb stibp tpr_shadow vnmi flexpriority ept vpid ept_ad fsgsbase tsc_adjust bmi1 hle avx2 smep bmi2 erms invpcid rtm mpx rdseed adx smap clflushopt intel_pt xsaveopt xsavec xgetbv1 xsaves dtherm ida arat pln pts hwp hwp_notify hwp_act_window hwp_epp md_clear flush_l1d arch_capabilities
vmx flags	: vnmi preemption_timer invvpid ept_x_only ept_ad ept_1gb flexpriority tsc_offset vtpr mtf vapic ept vpid unrestricted_guest ple shadow_vmcs pml ept_mode_based_exec
bugs		: cpu_meltdown spectre_v1 spectre_v2 spec_store_bypass l1tf mds swapgs taa itlb_multihit srbds
bogomips	: 6799.81
clflush size	: 64
cache_alignment	: 64
address sizes	: 39 bits physical, 48 bits virtual
power management:

processor	: 2
vendor_id	: GenuineIntel
cpu family	: 6
model		: 158
model name	: Intel(R) Core(TM) i5-7500 CPU @ 3.40GHz
stepping	: 9
microcode	: 0xec
cpu MHz		: 3123.994
cache size	: 6144 KB
physical id	: 0
siblings	: 4
core id		: 2
cpu cores	: 4
apicid		: 4
initial apicid	: 4
fpu		: yes
fpu_exception	: yes
cpuid level	: 22
wp		: yes
flags		: fpu vme de pse tsc msr pae mce cx8 apic sep mtrr pge mca cmov pat pse36 clflush dts acpi mmx fxsr sse sse2 ss ht tm pbe syscall nx pdpe1gb rdtscp lm constant_tsc art arch_perfmon pebs bts rep_good nopl xtopology nonstop_tsc cpuid aperfmperf pni pclmulqdq dtes64 monitor ds_cpl vmx smx est tm2 ssse3 sdbg fma cx16 xtpr pdcm pcid sse4_1 sse4_2 x2apic movbe popcnt tsc_deadline_timer aes xsave avx f16c rdrand lahf_lm abm 3dnowprefetch cpuid_fault epb invpcid_single pti ssbd ibrs ibpb stibp tpr_shadow vnmi flexpriority ept vpid ept_ad fsgsbase tsc_adjust bmi1 hle avx2 smep bmi2 erms invpcid rtm mpx rdseed adx smap clflushopt intel_pt xsaveopt xsavec xgetbv1 xsaves dtherm ida arat pln pts hwp hwp_notify hwp_act_window hwp_epp md_clear flush_l1d arch_capabilities
vmx flags	: vnmi preemption_timer invvpid ept_x_only ept_ad ept_1gb flexpriority tsc_offset vtpr mtf vapic ept vpid unrestricted_guest ple shadow_vmcs pml ept_mode_based_exec
bugs		: cpu_meltdown spectre_v1 spectre_v2 spec_store_bypass l1tf mds swapgs taa itlb_multihit srbds
bogomips	: 6799.81
clflush size	: 64
cache_alignment	: 64
address sizes	: 39 bits physical, 48 bits virtual
power management:

processor	: 3
vendor_id	: GenuineIntel
cpu family	: 6
model		: 158
model name	: Intel(R) Core(TM) i5-7500 CPU @ 3.40GHz
stepping	: 9
microcode	: 0xec
cpu MHz		: 1371.094
cache size	: 6144 KB
physical id	: 0
siblings	: 4
core id		: 3
cpu cores	: 4
apicid		: 6
initial apicid	: 6
fpu		: yes
fpu_exception	: yes
cpuid level	: 22
wp		: yes
flags		: fpu vme de pse tsc msr pae mce cx8 apic sep mtrr pge mca cmov pat pse36 clflush dts acpi mmx fxsr sse sse2 ss ht tm pbe syscall nx pdpe1gb rdtscp lm constant_tsc art arch_perfmon pebs bts rep_good nopl xtopology nonstop_tsc cpuid aperfmperf pni pclmulqdq dtes64 monitor ds_cpl vmx smx est tm2 ssse3 sdbg fma cx16 xtpr pdcm pcid sse4_1 sse4_2 x2apic movbe popcnt tsc_deadline_timer aes xsave avx f16c rdrand lahf_lm abm 3dnowprefetch cpuid_fault epb invpcid_single pti ssbd ibrs ibpb stibp tpr_shadow vnmi flexpriority ept vpid ept_ad fsgsbase tsc_adjust bmi1 hle avx2 smep bmi2 erms invpcid rtm mpx rdseed adx smap clflushopt intel_pt xsaveopt xsavec xgetbv1 xsaves dtherm ida arat pln pts hwp hwp_notify hwp_act_window hwp_epp md_clear flush_l1d arch_capabilities
vmx flags	: vnmi preemption_timer invvpid ept_x_only ept_ad ept_1gb flexpriority tsc_offset vtpr mtf vapic ept vpid unrestricted_guest ple shadow_vmcs pml ept_mode_based_exec
bugs		: cpu_meltdown spectre_v1 spectre_v2 spec_store_bypass l1tf mds swapgs taa itlb_multihit srbds
bogomips	: 6799.81
clflush size	: 64
cache_alignment	: 64
address sizes	: 39 bits physical, 48 bits virtual
power management:



Memory: 4k page, physical 8017192k(364728k free), swap 3999740k(3962048k free)

vm_info: Java HotSpot(TM) 64-Bit Server VM (25.331-b09) for linux-amd64 JRE (1.8.0_331-b09), built on Mar 10 2022 11:12:57 by "java_re" with gcc 7.3.0

time: Wed Jun  1 16:10:59 2022
timezone: IST
elapsed time: 0.193921 seconds (0d 0h 0m 0s)

