#
# A fatal error has been detected by the Java Runtime Environment:
#
#  SIGSEGV (0xb) at pc=0x00007fed041df778, pid=32627, tid=0x00007fed1bc00700
#
# JRE version: Java(TM) SE Runtime Environment (8.0_331-b09) (build 1.8.0_331-b09)
# Java VM: Java HotSpot(TM) 64-Bit Server VM (25.331-b09 mixed mode linux-amd64 compressed oops)
# Problematic frame:
# C  [libpjsua2.so.2+0x3f778]  pj::Endpoint::libDestroy(unsigned int)+0x18
#
# Failed to write core dump. Core dumps have been disabled. To enable core dumping, try "ulimit -c unlimited" before starting Java again
#
# If you would like to submit a bug report, please visit:
#   http://bugreport.java.com/bugreport/crash.jsp
# The crash happened outside the Java Virtual Machine in native code.
# See problematic frame for where to report the bug.
#

---------------  T H R E A D  ---------------

Current thread (0x00007fed1400a800):  JavaThread "main" [_thread_in_native, id=32631, stack(0x00007fed1bb01000,0x00007fed1bc01000)]

siginfo: si_signo: 11 (SIGSEGV), si_code: 1 (SEGV_MAPERR), si_addr: 0x0000000000000050

Registers:
RAX=0x0000000000000000, RBX=0x0000000000000000, RCX=0x00007fed1bbff850, RDX=0x0000000000000000
RSP=0x00007fed1bbff670, RBP=0x0000000000000000, RSI=0x0000000000000000, RDI=0x0000000000000000
R8 =0x0000000000000004, R9 =0x0000000000000005, R10=0xfffffffffffff20e, R11=0x00007fed041df760
R12=0x0000000000000000, R13=0x00007fed19ef1500, R14=0x00007fed1bbff860, R15=0x00007fed1400a800
RIP=0x00007fed041df778, EFLAGS=0x0000000000010202, CSGSFS=0x002b000000000033, ERR=0x0000000000000004
  TRAPNO=0x000000000000000e

Top of Stack: (sp=0x00007fed1bbff670)
0x00007fed1bbff670:   00007fed1cc480f0 00007fed140e72f0
0x00007fed1bbff680:   00000000000003d8 00007fed14009e78
0x00007fed1bbff690:   00007fed14009aa0 00007fed1bbff777
0x00007fed1bbff6a0:   00007fed19ef1508 00007fed1400a800
0x00007fed1bbff6b0:   00007fed1bbff700 00007fed1400a800
0x00007fed1bbff6c0:   00007fed14009fb0 00007fed042df880
0x00007fed1bbff6d0:   00007fed19ef1508 00007fed1400a800
0x00007fed1bbff6e0:   00007fed1bbff750 00007fed1c62c5d4
0x00007fed1bbff6f0:   00007fed1bbff740 00007fed1c5e4728
0x00007fed1bbff700:   00007fed1bbff830 000000011c3cf87d
0x00007fed1bbff710:   00007fed19ef1508 00007fed1400a800
0x00007fed1bbff720:   00007fed140d1bb0 00007fed19ef1508
0x00007fed1bbff730:   00007fed1400a800 00007fed14009fb0
0x00007fed1bbff740:   00007fed19ef1508 00007fed1400a800
0x00007fed1bbff750:   00007fed19ef1508 00007fed1400aa00
0x00007fed1bbff760:   0000000000000000 00007fed19ef1500
0x00007fed1bbff770:   00007fed1bbff860 00007fed042df8aa
0x00007fed1bbff780:   00007fed19ef1508 00007fed1400a800
0x00007fed1bbff790:   00007fed19ef1508 0000000000000000
0x00007fed1bbff7a0:   00007fed19ef1500 ca3f391e59183900
0x00007fed1bbff7b0:   00007fed1bbff830 0000000000000000
0x00007fed1bbff7c0:   00007fed19ef1500 00007fed05018767
0x00007fed1bbff7d0:   00007fed1bbff830 00007fed050184b9
0x00007fed1bbff7e0:   fffffffe00000000 00007fed05018482
0x00007fed1bbff7f0:   00007fed1bbff7f0 00007fed19ef1500
0x00007fed1bbff800:   00007fed1bbff860 00007fed19ef6990
0x00007fed1bbff810:   0000000000000000 00007fed19ef1508
0x00007fed1bbff820:   0000000000000000 00007fed1bbff850
0x00007fed1bbff830:   00007fed1bbff8a8 00007fed0500833d
0x00007fed1bbff840:   0000000085a00fc8 00007fed05011d98
0x00007fed1bbff850:   0000000085a107e0 0000000000000000
0x00007fed1bbff860:   0000000085a107e0 00007fed1bbff868 

Instructions: (pc=0x00007fed041df778)
0x00007fed041df758:   0f 1f 84 00 00 00 00 00 f3 0f 1e fa 41 56 41 55
0x00007fed041df768:   41 54 55 89 f5 53 48 89 fb 48 81 ec e0 00 00 00
0x00007fed041df778:   48 8b 7f 50 64 48 8b 04 25 28 00 00 00 48 89 84
0x00007fed041df788:   24 d8 00 00 00 31 c0 48 85 ff 74 0d e8 47 ec fd 

Register to memory mapping:

RAX=0x0000000000000000 is an unknown value
RBX=0x0000000000000000 is an unknown value
RCX=0x00007fed1bbff850 is pointing into the stack for thread: 0x00007fed1400a800
RDX=0x0000000000000000 is an unknown value
RSP=0x00007fed1bbff670 is pointing into the stack for thread: 0x00007fed1400a800
RBP=0x0000000000000000 is an unknown value
RSI=0x0000000000000000 is an unknown value
RDI=0x0000000000000000 is an unknown value
R8 =0x0000000000000004 is an unknown value
R9 =0x0000000000000005 is an unknown value
R10=0xfffffffffffff20e is an unknown value
R11=0x00007fed041df760: _ZN2pj8Endpoint10libDestroyEj+0 in /usr/local/lib/libpjsua2.so.2 at 0x00007fed041a0000
R12=0x0000000000000000 is an unknown value
R13=0x00007fed19ef1500 is pointing into metadata
R14=0x00007fed1bbff860 is pointing into the stack for thread: 0x00007fed1400a800
R15=0x00007fed1400a800 is a thread


Stack: [0x00007fed1bb01000,0x00007fed1bc01000],  sp=0x00007fed1bbff670,  free space=1017k
Native frames: (J=compiled Java code, j=interpreted, Vv=VM code, C=native code)
C  [libpjsua2.so.2+0x3f778]  pj::Endpoint::libDestroy(unsigned int)+0x18

Java frames: (J=compiled Java code, j=interpreted, Vv=VM code)
j  org.pjsip.pjsua2.pjsua2JNI.Endpoint_libDestroy___SWIG_1(JLorg/pjsip/pjsua2/Endpoint;)V+0
j  org.pjsip.pjsua2.Endpoint.libDestroy_()V+5
j  org.pjsip.pjsua2.Endpoint.libDestroy()V+7
j  pjsuacall.MyAccount.clearCall()V+22
j  pjsuacall.MainClass.main([Ljava/lang/String;)V+108
v  ~StubRoutines::call_stub

---------------  P R O C E S S  ---------------

Java Threads: ( => current thread )
  0x00007fed140cb000 JavaThread "Service Thread" daemon [_thread_blocked, id=32643, stack(0x00007fed0498f000,0x00007fed04a90000)]
  0x00007fed140c0000 JavaThread "C1 CompilerThread2" daemon [_thread_blocked, id=32642, stack(0x00007fed18092000,0x00007fed18192000)]
  0x00007fed140be000 JavaThread "C2 CompilerThread1" daemon [_thread_blocked, id=32641, stack(0x00007fed18193000,0x00007fed18293000)]
  0x00007fed140bb800 JavaThread "C2 CompilerThread0" daemon [_thread_blocked, id=32640, stack(0x00007fed18294000,0x00007fed18394000)]
  0x00007fed140b7800 JavaThread "Signal Dispatcher" daemon [_thread_blocked, id=32639, stack(0x00007fed18394000,0x00007fed18495000)]
  0x00007fed14087000 JavaThread "Finalizer" daemon [_thread_blocked, id=32638, stack(0x00007fed18495000,0x00007fed18596000)]
  0x00007fed14082800 JavaThread "Reference Handler" daemon [_thread_blocked, id=32637, stack(0x00007fed18596000,0x00007fed18697000)]
=>0x00007fed1400a800 JavaThread "main" [_thread_in_native, id=32631, stack(0x00007fed1bb01000,0x00007fed1bc01000)]

Other Threads:
  0x00007fed14079000 VMThread [stack: 0x00007fed18698000,0x00007fed18798000] [id=32636]
  0x00007fed140d0000 WatcherThread [stack: 0x00007fed0488f000,0x00007fed0498f000] [id=32644]

VM state:not at safepoint (normal execution)

VM Mutex/Monitor currently owned by a thread: None

heap address: 0x0000000085a00000, size: 1958 MB, Compressed Oops mode: 32-bit
Narrow klass base: 0x0000000000000000, Narrow klass shift: 3
Compressed class space size: 1073741824 Address: 0x0000000100000000

Heap:
 PSYoungGen      total 36864K, used 1269K [0x00000000d7380000, 0x00000000d9c80000, 0x0000000100000000)
  eden space 31744K, 4% used [0x00000000d7380000,0x00000000d74bd730,0x00000000d9280000)
  from space 5120K, 0% used [0x00000000d9280000,0x00000000d9280000,0x00000000d9780000)
  to   space 5120K, 0% used [0x00000000d9780000,0x00000000d9780000,0x00000000d9c80000)
 ParOldGen       total 84992K, used 478K [0x0000000085a00000, 0x000000008ad00000, 0x00000000d7380000)
  object space 84992K, 0% used [0x0000000085a00000,0x0000000085a77938,0x000000008ad00000)
 Metaspace       used 4030K, capacity 5324K, committed 5376K, reserved 1056768K
  class space    used 390K, capacity 496K, committed 512K, reserved 1048576K

Card table byte_map: [0x00007fed1ad00000,0x00007fed1b0d4000] byte_map_base: 0x00007fed1a8d3000

Marking Bits: (ParMarkBitMap*) 0x00007fed1cd2c220
 Begin Bits: [0x00007fecfc2d0000, 0x00007fecfe168000)
 End Bits:   [0x00007fecfe168000, 0x00007fed00000000)

Polling page: 0x00007fed1d1c5000

CodeCache: size=245760Kb used=1402Kb max_used=1402Kb free=244358Kb
 bounds [0x00007fed05000000, 0x00007fed05270000, 0x00007fed14000000]
 total_blobs=466 nmethods=186 adapters=194
 compilation: enabled

Compilation events (10 events):
Event: 0.173 Thread 0x00007fed140c0000  178       3       java.lang.invoke.MethodType::equals (29 bytes)
Event: 0.173 Thread 0x00007fed140c0000 nmethod 178 0x00007fed0515ccd0 code [0x00007fed0515ce60, 0x00007fed0515d388]
Event: 0.173 Thread 0x00007fed140c0000  183       3       java.lang.StringBuilder::<init> (7 bytes)
Event: 0.173 Thread 0x00007fed140c0000 nmethod 183 0x00007fed0515d490 code [0x00007fed0515d600, 0x00007fed0515d8b0]
Event: 0.173 Thread 0x00007fed140c0000  182       3       jdk.internal.org.objectweb.asm.MethodWriter::visitVarInsn (292 bytes)
Event: 0.174 Thread 0x00007fed140c0000 nmethod 182 0x00007fed0515d9d0 code [0x00007fed0515dc00, 0x00007fed0515e648]
Event: 0.174 Thread 0x00007fed140c0000  174       1       java.lang.invoke.LambdaForm::arity (5 bytes)
Event: 0.174 Thread 0x00007fed140c0000 nmethod 174 0x00007fed05159a50 code [0x00007fed05159ba0, 0x00007fed05159cb0]
Event: 0.174 Thread 0x00007fed140c0000  163       1       java.lang.invoke.MethodTypeForm::erasedType (5 bytes)
Event: 0.174 Thread 0x00007fed140c0000 nmethod 163 0x00007fed0515ea10 code [0x00007fed0515eb60, 0x00007fed0515ec70]

GC Heap History (4 events):
Event: 4.640 GC heap before
{Heap before GC invocations=1 (full 0):
 PSYoungGen      total 36864K, used 3474K [0x00000000d7380000, 0x00000000d9c80000, 0x0000000100000000)
  eden space 31744K, 10% used [0x00000000d7380000,0x00000000d76e4a60,0x00000000d9280000)
  from space 5120K, 0% used [0x00000000d9780000,0x00000000d9780000,0x00000000d9c80000)
  to   space 5120K, 0% used [0x00000000d9280000,0x00000000d9280000,0x00000000d9780000)
 ParOldGen       total 84992K, used 0K [0x0000000085a00000, 0x000000008ad00000, 0x00000000d7380000)
  object space 84992K, 0% used [0x0000000085a00000,0x0000000085a00000,0x000000008ad00000)
 Metaspace       used 4029K, capacity 5324K, committed 5376K, reserved 1056768K
  class space    used 390K, capacity 496K, committed 512K, reserved 1048576K
Event: 4.643 GC heap after
Heap after GC invocations=1 (full 0):
 PSYoungGen      total 36864K, used 576K [0x00000000d7380000, 0x00000000d9c80000, 0x0000000100000000)
  eden space 31744K, 0% used [0x00000000d7380000,0x00000000d7380000,0x00000000d9280000)
  from space 5120K, 11% used [0x00000000d9280000,0x00000000d9310000,0x00000000d9780000)
  to   space 5120K, 0% used [0x00000000d9780000,0x00000000d9780000,0x00000000d9c80000)
 ParOldGen       total 84992K, used 8K [0x0000000085a00000, 0x000000008ad00000, 0x00000000d7380000)
  object space 84992K, 0% used [0x0000000085a00000,0x0000000085a02000,0x000000008ad00000)
 Metaspace       used 4029K, capacity 5324K, committed 5376K, reserved 1056768K
  class space    used 390K, capacity 496K, committed 512K, reserved 1048576K
}
Event: 4.643 GC heap before
{Heap before GC invocations=2 (full 1):
 PSYoungGen      total 36864K, used 576K [0x00000000d7380000, 0x00000000d9c80000, 0x0000000100000000)
  eden space 31744K, 0% used [0x00000000d7380000,0x00000000d7380000,0x00000000d9280000)
  from space 5120K, 11% used [0x00000000d9280000,0x00000000d9310000,0x00000000d9780000)
  to   space 5120K, 0% used [0x00000000d9780000,0x00000000d9780000,0x00000000d9c80000)
 ParOldGen       total 84992K, used 8K [0x0000000085a00000, 0x000000008ad00000, 0x00000000d7380000)
  object space 84992K, 0% used [0x0000000085a00000,0x0000000085a02000,0x000000008ad00000)
 Metaspace       used 4029K, capacity 5324K, committed 5376K, reserved 1056768K
  class space    used 390K, capacity 496K, committed 512K, reserved 1048576K
Event: 4.654 GC heap after
Heap after GC invocations=2 (full 1):
 PSYoungGen      total 36864K, used 0K [0x00000000d7380000, 0x00000000d9c80000, 0x0000000100000000)
  eden space 31744K, 0% used [0x00000000d7380000,0x00000000d7380000,0x00000000d9280000)
  from space 5120K, 0% used [0x00000000d9280000,0x00000000d9280000,0x00000000d9780000)
  to   space 5120K, 0% used [0x00000000d9780000,0x00000000d9780000,0x00000000d9c80000)
 ParOldGen       total 84992K, used 478K [0x0000000085a00000, 0x000000008ad00000, 0x00000000d7380000)
  object space 84992K, 0% used [0x0000000085a00000,0x0000000085a77938,0x000000008ad00000)
 Metaspace       used 4029K, capacity 5324K, committed 5376K, reserved 1056768K
  class space    used 390K, capacity 496K, committed 512K, reserved 1048576K
}

Deoptimization events (0 events):
No events

Classes redefined (0 events):
No events

Internal exceptions (4 events):
Event: 0.022 Thread 0x00007fed1400a800 Exception <a 'java/lang/NoSuchMethodError': Method sun.misc.Unsafe.defineClass(Ljava/lang/String;[BII)Ljava/lang/Class; name or signature does not match> (0x00000000d7387cc0) thrown at [/scratch/jenkins/workspace/8-2-build-linux-amd64/jdk8u331/2416/hotspo
Event: 0.023 Thread 0x00007fed1400a800 Exception <a 'java/lang/NoSuchMethodError': Method sun.misc.Unsafe.prefetchRead(Ljava/lang/Object;J)V name or signature does not match> (0x00000000d7387fa8) thrown at [/scratch/jenkins/workspace/8-2-build-linux-amd64/jdk8u331/2416/hotspot/src/share/vm/pri
Event: 0.161 Thread 0x00007fed1400a800 Exception <a 'java/lang/NoSuchFieldError': method resolution failed> (0x00000000d7602fc8) thrown at [/scratch/jenkins/workspace/8-2-build-linux-amd64/jdk8u331/2416/hotspot/src/share/vm/prims/methodHandles.cpp, line 1169]
Event: 0.162 Thread 0x00007fed1400a800 Exception <a 'java/lang/NoSuchFieldError': method resolution failed> (0x00000000d76103f8) thrown at [/scratch/jenkins/workspace/8-2-build-linux-amd64/jdk8u331/2416/hotspot/src/share/vm/prims/methodHandles.cpp, line 1169]

Events (10 events):
Event: 0.172 loading class java/lang/invoke/MethodHandleInfo done
Event: 0.172 loading class java/lang/invoke/InfoFromMemberName done
Event: 0.172 loading class java/lang/invoke/InnerClassLambdaMetafactory$ForwardingMethodGenerator
Event: 0.172 loading class java/lang/invoke/TypeConvertingMethodAdapter
Event: 0.172 loading class java/lang/invoke/TypeConvertingMethodAdapter done
Event: 0.172 loading class java/lang/invoke/InnerClassLambdaMetafactory$ForwardingMethodGenerator done
Event: 4.057 Executing VM operation: EnableBiasedLocking
Event: 4.057 Executing VM operation: EnableBiasedLocking done
Event: 4.640 Executing VM operation: ParallelGCSystemGC
Event: 4.654 Executing VM operation: ParallelGCSystemGC done


Dynamic libraries:
85a00000-8ad00000 rw-p 00000000 00:00 0 
8ad00000-d7380000 ---p 00000000 00:00 0 
d7380000-d9c80000 rw-p 00000000 00:00 0 
d9c80000-100000000 ---p 00000000 00:00 0 
100000000-100080000 rw-p 00000000 00:00 0 
100080000-140000000 ---p 00000000 00:00 0 
55d62c800000-55d62c801000 r-xp 00000000 08:02 5248844                    /home/user/software/jdk1.8.0_331/bin/java
55d62ca00000-55d62ca01000 r--p 00000000 08:02 5248844                    /home/user/software/jdk1.8.0_331/bin/java
55d62ca01000-55d62ca02000 rw-p 00001000 08:02 5248844                    /home/user/software/jdk1.8.0_331/bin/java
55d62ca02000-55d62ca23000 rw-p 00000000 00:00 0                          [heap]
7fecc0000000-7fecc0021000 rw-p 00000000 00:00 0 
7fecc0021000-7fecc4000000 ---p 00000000 00:00 0 
7fecc8000000-7fecc8021000 rw-p 00000000 00:00 0 
7fecc8021000-7feccc000000 ---p 00000000 00:00 0 
7feccd7ac000-7feccd7ad000 ---p 00000000 00:00 0 
7feccd7ad000-7feccdfad000 rw-p 00000000 00:00 0 
7feccdfad000-7feccdfae000 ---p 00000000 00:00 0 
7feccdfae000-7fecce7ae000 rw-p 00000000 00:00 0 
7fecce7ae000-7fecce7ce000 r--p 00000000 08:02 1449217                    /usr/lib/x86_64-linux-gnu/libdb-5.3.so
7fecce7ce000-7fecce910000 r-xp 00020000 08:02 1449217                    /usr/lib/x86_64-linux-gnu/libdb-5.3.so
7fecce910000-7fecce955000 r--p 00162000 08:02 1449217                    /usr/lib/x86_64-linux-gnu/libdb-5.3.so
7fecce955000-7fecce95c000 r--p 001a6000 08:02 1449217                    /usr/lib/x86_64-linux-gnu/libdb-5.3.so
7fecce95c000-7fecce95d000 rw-p 001ad000 08:02 1449217                    /usr/lib/x86_64-linux-gnu/libdb-5.3.so
7fecce95d000-7fecce963000 r--p 00000000 08:02 1442494                    /usr/lib/x86_64-linux-gnu/libjack.so.0.0.28
7fecce963000-7fecce96f000 r-xp 00006000 08:02 1442494                    /usr/lib/x86_64-linux-gnu/libjack.so.0.0.28
7fecce96f000-7fecce974000 r--p 00012000 08:02 1442494                    /usr/lib/x86_64-linux-gnu/libjack.so.0.0.28
7fecce974000-7fecce975000 r--p 00016000 08:02 1442494                    /usr/lib/x86_64-linux-gnu/libjack.so.0.0.28
7fecce975000-7fecce976000 rw-p 00017000 08:02 1442494                    /usr/lib/x86_64-linux-gnu/libjack.so.0.0.28
7fecce976000-7fecce980000 rw-p 00000000 00:00 0 
7fecce991000-7fecce993000 r--p 00000000 08:02 2097964                    /usr/lib/x86_64-linux-gnu/alsa-lib/libasound_module_ctl_pulse.so
7fecce993000-7fecce996000 r-xp 00002000 08:02 2097964                    /usr/lib/x86_64-linux-gnu/alsa-lib/libasound_module_ctl_pulse.so
7fecce996000-7fecce997000 r--p 00005000 08:02 2097964                    /usr/lib/x86_64-linux-gnu/alsa-lib/libasound_module_ctl_pulse.so
7fecce997000-7fecce998000 r--p 00005000 08:02 2097964                    /usr/lib/x86_64-linux-gnu/alsa-lib/libasound_module_ctl_pulse.so
7fecce998000-7fecce999000 rw-p 00006000 08:02 2097964                    /usr/lib/x86_64-linux-gnu/alsa-lib/libasound_module_ctl_pulse.so
7fecce999000-7fecceb04000 r-xp 00000000 08:02 1450125                    /usr/lib/x86_64-linux-gnu/libsamplerate.so.0.1.8
7fecceb04000-7fecced03000 ---p 0016b000 08:02 1450125                    /usr/lib/x86_64-linux-gnu/libsamplerate.so.0.1.8
7fecced03000-7fecced04000 r--p 0016a000 08:02 1450125                    /usr/lib/x86_64-linux-gnu/libsamplerate.so.0.1.8
7fecced04000-7fecced05000 rw-p 0016b000 08:02 1450125                    /usr/lib/x86_64-linux-gnu/libsamplerate.so.0.1.8
7fecced0b000-7fecced0c000 r--p 00000000 08:02 2097968                    /usr/lib/x86_64-linux-gnu/alsa-lib/libasound_module_pcm_upmix.so
7fecced0c000-7fecced0e000 r-xp 00001000 08:02 2097968                    /usr/lib/x86_64-linux-gnu/alsa-lib/libasound_module_pcm_upmix.so
7fecced0e000-7fecced0f000 r--p 00003000 08:02 2097968                    /usr/lib/x86_64-linux-gnu/alsa-lib/libasound_module_pcm_upmix.so
7fecced0f000-7fecced10000 r--p 00003000 08:02 2097968                    /usr/lib/x86_64-linux-gnu/alsa-lib/libasound_module_pcm_upmix.so
7fecced10000-7fecced11000 rw-p 00004000 08:02 2097968                    /usr/lib/x86_64-linux-gnu/alsa-lib/libasound_module_pcm_upmix.so
7fecced11000-7fecced12000 r--p 00000000 08:02 2097966                    /usr/lib/x86_64-linux-gnu/alsa-lib/libasound_module_pcm_oss.so
7fecced12000-7fecced14000 r-xp 00001000 08:02 2097966                    /usr/lib/x86_64-linux-gnu/alsa-lib/libasound_module_pcm_oss.so
7fecced14000-7fecced15000 r--p 00003000 08:02 2097966                    /usr/lib/x86_64-linux-gnu/alsa-lib/libasound_module_pcm_oss.so
7fecced15000-7fecced16000 r--p 00003000 08:02 2097966                    /usr/lib/x86_64-linux-gnu/alsa-lib/libasound_module_pcm_oss.so
7fecced16000-7fecced17000 rw-p 00004000 08:02 2097966                    /usr/lib/x86_64-linux-gnu/alsa-lib/libasound_module_pcm_oss.so
7fecced17000-7fecced19000 r--p 00000000 08:02 2097965                    /usr/lib/x86_64-linux-gnu/alsa-lib/libasound_module_pcm_jack.so
7fecced19000-7fecced1b000 r-xp 00002000 08:02 2097965                    /usr/lib/x86_64-linux-gnu/alsa-lib/libasound_module_pcm_jack.so
7fecced1b000-7fecced1c000 r--p 00004000 08:02 2097965                    /usr/lib/x86_64-linux-gnu/alsa-lib/libasound_module_pcm_jack.so
7fecced1c000-7fecced1d000 r--p 00004000 08:02 2097965                    /usr/lib/x86_64-linux-gnu/alsa-lib/libasound_module_pcm_jack.so
7fecced1d000-7fecced1e000 rw-p 00005000 08:02 2097965                    /usr/lib/x86_64-linux-gnu/alsa-lib/libasound_module_pcm_jack.so
7fecced1e000-7fecced1f000 ---p 00000000 00:00 0 
7fecced1f000-7feccf51f000 rw-p 00000000 00:00 0 
7feccf51f000-7feccf523000 r--p 00000000 08:02 1449497                    /usr/lib/x86_64-linux-gnu/libgpg-error.so.0.28.0
7feccf523000-7feccf536000 r-xp 00004000 08:02 1449497                    /usr/lib/x86_64-linux-gnu/libgpg-error.so.0.28.0
7feccf536000-7feccf540000 r--p 00017000 08:02 1449497                    /usr/lib/x86_64-linux-gnu/libgpg-error.so.0.28.0
7feccf540000-7feccf541000 r--p 00020000 08:02 1449497                    /usr/lib/x86_64-linux-gnu/libgpg-error.so.0.28.0
7feccf541000-7feccf542000 rw-p 00021000 08:02 1449497                    /usr/lib/x86_64-linux-gnu/libgpg-error.so.0.28.0
7feccf542000-7feccf546000 r--p 00000000 08:02 1449109                    /usr/lib/x86_64-linux-gnu/libbsd.so.0.10.0
7feccf546000-7feccf555000 r-xp 00004000 08:02 1449109                    /usr/lib/x86_64-linux-gnu/libbsd.so.0.10.0
7feccf555000-7feccf558000 r--p 00013000 08:02 1449109                    /usr/lib/x86_64-linux-gnu/libbsd.so.0.10.0
7feccf558000-7feccf559000 ---p 00016000 08:02 1449109                    /usr/lib/x86_64-linux-gnu/libbsd.so.0.10.0
7feccf559000-7feccf55a000 r--p 00016000 08:02 1449109                    /usr/lib/x86_64-linux-gnu/libbsd.so.0.10.0
7feccf55a000-7feccf55b000 rw-p 00017000 08:02 1449109                    /usr/lib/x86_64-linux-gnu/libbsd.so.0.10.0
7feccf55b000-7feccf55c000 rw-p 00000000 00:00 0 
7feccf55c000-7feccf560000 r--p 00000000 08:02 1445806                    /usr/lib/x86_64-linux-gnu/libresolv-2.31.so
7feccf560000-7feccf570000 r-xp 00004000 08:02 1445806                    /usr/lib/x86_64-linux-gnu/libresolv-2.31.so
7feccf570000-7feccf574000 r--p 00014000 08:02 1445806                    /usr/lib/x86_64-linux-gnu/libresolv-2.31.so
7feccf574000-7feccf575000 r--p 00017000 08:02 1445806                    /usr/lib/x86_64-linux-gnu/libresolv-2.31.so
7feccf575000-7feccf576000 rw-p 00018000 08:02 1445806                    /usr/lib/x86_64-linux-gnu/libresolv-2.31.so
7feccf576000-7feccf578000 rw-p 00000000 00:00 0 
7feccf578000-7feccf58c000 r--p 00000000 08:02 1450341                    /usr/lib/x86_64-linux-gnu/libvorbisenc.so.2.0.11
7feccf58c000-7feccf58f000 r-xp 00014000 08:02 1450341                    /usr/lib/x86_64-linux-gnu/libvorbisenc.so.2.0.11
7feccf58f000-7feccf606000 r--p 00017000 08:02 1450341                    /usr/lib/x86_64-linux-gnu/libvorbisenc.so.2.0.11
7feccf606000-7feccf622000 r--p 0008d000 08:02 1450341                    /usr/lib/x86_64-linux-gnu/libvorbisenc.so.2.0.11
7feccf622000-7feccf623000 rw-p 000a9000 08:02 1450341                    /usr/lib/x86_64-linux-gnu/libvorbisenc.so.2.0.11
7feccf623000-7feccf626000 r--p 00000000 08:02 1450339                    /usr/lib/x86_64-linux-gnu/libvorbis.so.0.4.8
7feccf626000-7feccf63d000 r-xp 00003000 08:02 1450339                    /usr/lib/x86_64-linux-gnu/libvorbis.so.0.4.8
7feccf63d000-7feccf64e000 r--p 0001a000 08:02 1450339                    /usr/lib/x86_64-linux-gnu/libvorbis.so.0.4.8
7feccf64e000-7feccf64f000 ---p 0002b000 08:02 1450339                    /usr/lib/x86_64-linux-gnu/libvorbis.so.0.4.8
7feccf64f000-7feccf650000 r--p 0002b000 08:02 1450339                    /usr/lib/x86_64-linux-gnu/libvorbis.so.0.4.8
7feccf650000-7feccf651000 rw-p 0002c000 08:02 1450339                    /usr/lib/x86_64-linux-gnu/libvorbis.so.0.4.8
7feccf651000-7feccf653000 r--p 00000000 08:02 1449917                    /usr/lib/x86_64-linux-gnu/libogg.so.0.8.4
7feccf653000-7feccf658000 r-xp 00002000 08:02 1449917                    /usr/lib/x86_64-linux-gnu/libogg.so.0.8.4
7feccf658000-7feccf65b000 r--p 00007000 08:02 1449917                    /usr/lib/x86_64-linux-gnu/libogg.so.0.8.4
7feccf65b000-7feccf65c000 ---p 0000a000 08:02 1449917                    /usr/lib/x86_64-linux-gnu/libogg.so.0.8.4
7feccf65c000-7feccf65d000 r--p 0000a000 08:02 1449917                    /usr/lib/x86_64-linux-gnu/libogg.so.0.8.4
7feccf65d000-7feccf65e000 rw-p 0000b000 08:02 1449917                    /usr/lib/x86_64-linux-gnu/libogg.so.0.8.4
7feccf65e000-7feccf666000 r--p 00000000 08:02 1448904                    /usr/lib/x86_64-linux-gnu/libFLAC.so.8.3.0
7feccf666000-7feccf68f000 r-xp 00008000 08:02 1448904                    /usr/lib/x86_64-linux-gnu/libFLAC.so.8.3.0
7feccf68f000-7feccf699000 r--p 00031000 08:02 1448904                    /usr/lib/x86_64-linux-gnu/libFLAC.so.8.3.0
7feccf699000-7feccf69a000 ---p 0003b000 08:02 1448904                    /usr/lib/x86_64-linux-gnu/libFLAC.so.8.3.0
7feccf69a000-7feccf69b000 r--p 0003b000 08:02 1448904                    /usr/lib/x86_64-linux-gnu/libFLAC.so.8.3.0
7feccf69b000-7feccf69c000 rw-p 0003c000 08:02 1448904                    /usr/lib/x86_64-linux-gnu/libFLAC.so.8.3.0
7feccf69c000-7feccf6a0000 r--p 00000000 08:02 1445797                    /usr/lib/x86_64-linux-gnu/libnsl-2.31.so
7feccf6a0000-7feccf6b0000 r-xp 00004000 08:02 1445797                    /usr/lib/x86_64-linux-gnu/libnsl-2.31.so
7feccf6b0000-7feccf6b5000 r--p 00014000 08:02 1445797                    /usr/lib/x86_64-linux-gnu/libnsl-2.31.so
7feccf6b5000-7feccf6b6000 r--p 00018000 08:02 1445797                    /usr/lib/x86_64-linux-gnu/libnsl-2.31.so
7feccf6b6000-7feccf6b7000 rw-p 00019000 08:02 1445797                    /usr/lib/x86_64-linux-gnu/libnsl-2.31.so
7feccf6b7000-7feccf6b9000 rw-p 00000000 00:00 0 
7feccf6b9000-7feccf6c5000 r--p 00000000 08:02 1447651                    /usr/lib/x86_64-linux-gnu/libgcrypt.so.20.2.5
7feccf6c5000-7feccf793000 r-xp 0000c000 08:02 1447651                    /usr/lib/x86_64-linux-gnu/libgcrypt.so.20.2.5
7feccf793000-7feccf7d0000 r--p 000da000 08:02 1447651                    /usr/lib/x86_64-linux-gnu/libgcrypt.so.20.2.5
7feccf7d0000-7feccf7d2000 r--p 00116000 08:02 1447651                    /usr/lib/x86_64-linux-gnu/libgcrypt.so.20.2.5
7feccf7d2000-7feccf7d7000 rw-p 00118000 08:02 1447651                    /usr/lib/x86_64-linux-gnu/libgcrypt.so.20.2.5
7feccf7d7000-7feccf7d9000 r--p 00000000 08:02 1449762                    /usr/lib/x86_64-linux-gnu/liblz4.so.1.9.2
7feccf7d9000-7feccf7f3000 r-xp 00002000 08:02 1449762                    /usr/lib/x86_64-linux-gnu/liblz4.so.1.9.2
7feccf7f3000-7feccf7f6000 r--p 0001c000 08:02 1449762                    /usr/lib/x86_64-linux-gnu/liblz4.so.1.9.2
7feccf7f6000-7feccf7f7000 r--p 0001e000 08:02 1449762                    /usr/lib/x86_64-linux-gnu/liblz4.so.1.9.2
7feccf7f7000-7feccf7f8000 rw-p 0001f000 08:02 1449762                    /usr/lib/x86_64-linux-gnu/liblz4.so.1.9.2
7feccf7f8000-7feccf7fb000 r--p 00000000 08:02 1443497                    /usr/lib/x86_64-linux-gnu/liblzma.so.5.2.4
7feccf7fb000-7feccf813000 r-xp 00003000 08:02 1443497                    /usr/lib/x86_64-linux-gnu/liblzma.so.5.2.4
7feccf813000-7feccf81e000 r--p 0001b000 08:02 1443497                    /usr/lib/x86_64-linux-gnu/liblzma.so.5.2.4
7feccf81e000-7feccf81f000 ---p 00026000 08:02 1443497                    /usr/lib/x86_64-linux-gnu/liblzma.so.5.2.4
7feccf81f000-7feccf820000 r--p 00026000 08:02 1443497                    /usr/lib/x86_64-linux-gnu/liblzma.so.5.2.4
7feccf820000-7feccf821000 rw-p 00027000 08:02 1443497                    /usr/lib/x86_64-linux-gnu/liblzma.so.5.2.4
7feccf821000-7feccf823000 r--p 00000000 08:02 1448951                    /usr/lib/x86_64-linux-gnu/libXdmcp.so.6.0.0
7feccf823000-7feccf825000 r-xp 00002000 08:02 1448951                    /usr/lib/x86_64-linux-gnu/libXdmcp.so.6.0.0
7feccf825000-7feccf827000 r--p 00004000 08:02 1448951                    /usr/lib/x86_64-linux-gnu/libXdmcp.so.6.0.0
7feccf827000-7feccf828000 r--p 00005000 08:02 1448951                    /usr/lib/x86_64-linux-gnu/libXdmcp.so.6.0.0
7feccf828000-7feccf829000 rw-p 00006000 08:02 1448951                    /usr/lib/x86_64-linux-gnu/libXdmcp.so.6.0.0
7feccf829000-7feccf82e000 r-xp 00000000 08:02 1449028                    /usr/lib/x86_64-linux-gnu/libasyncns.so.0.3.1
7feccf82e000-7feccfa2d000 ---p 00005000 08:02 1449028                    /usr/lib/x86_64-linux-gnu/libasyncns.so.0.3.1
7feccfa2d000-7feccfa2e000 r--p 00004000 08:02 1449028                    /usr/lib/x86_64-linux-gnu/libasyncns.so.0.3.1
7feccfa2e000-7feccfa2f000 rw-p 00005000 08:02 1449028                    /usr/lib/x86_64-linux-gnu/libasyncns.so.0.3.1
7feccfa2f000-7feccfa36000 r--p 00000000 08:02 1450170                    /usr/lib/x86_64-linux-gnu/libsndfile.so.1.0.28
7feccfa36000-7feccfa89000 r-xp 00007000 08:02 1450170                    /usr/lib/x86_64-linux-gnu/libsndfile.so.1.0.28
7feccfa89000-7feccfaa6000 r--p 0005a000 08:02 1450170                    /usr/lib/x86_64-linux-gnu/libsndfile.so.1.0.28
7feccfaa6000-7feccfaa7000 ---p 00077000 08:02 1450170                    /usr/lib/x86_64-linux-gnu/libsndfile.so.1.0.28
7feccfaa7000-7feccfaaa000 r--p 00077000 08:02 1450170                    /usr/lib/x86_64-linux-gnu/libsndfile.so.1.0.28
7feccfaaa000-7feccfaab000 rw-p 0007a000 08:02 1450170                    /usr/lib/x86_64-linux-gnu/libsndfile.so.1.0.28
7feccfaab000-7feccfaad000 rw-p 00000000 00:00 0 
7feccfaad000-7feccfabd000 r--p 00000000 08:02 1446018                    /usr/lib/x86_64-linux-gnu/libsystemd.so.0.28.0
7feccfabd000-7feccfb32000 r-xp 00010000 08:02 1446018                    /usr/lib/x86_64-linux-gnu/libsystemd.so.0.28.0
7feccfb32000-7feccfb57000 r--p 00085000 08:02 1446018                    /usr/lib/x86_64-linux-gnu/libsystemd.so.0.28.0
7feccfb57000-7feccfb5a000 r--p 000a9000 08:02 1446018                    /usr/lib/x86_64-linux-gnu/libsystemd.so.0.28.0
7feccfb5a000-7feccfb5b000 rw-p 000ac000 08:02 1446018                    /usr/lib/x86_64-linux-gnu/libsystemd.so.0.28.0
7feccfb5b000-7feccfb5c000 rw-p 00000000 00:00 0 
7feccfb5c000-7feccfb67000 r--p 00000000 08:02 1442000                    /usr/lib/x86_64-linux-gnu/libdbus-1.so.3.19.11
7feccfb67000-7feccfb95000 r-xp 0000b000 08:02 1442000                    /usr/lib/x86_64-linux-gnu/libdbus-1.so.3.19.11
7feccfb95000-7feccfbaa000 r--p 00039000 08:02 1442000                    /usr/lib/x86_64-linux-gnu/libdbus-1.so.3.19.11
7feccfbaa000-7feccfbab000 ---p 0004e000 08:02 1442000                    /usr/lib/x86_64-linux-gnu/libdbus-1.so.3.19.11
7feccfbab000-7feccfbac000 r--p 0004e000 08:02 1442000                    /usr/lib/x86_64-linux-gnu/libdbus-1.so.3.19.11
7feccfbac000-7feccfbad000 rw-p 0004f000 08:02 1442000                    /usr/lib/x86_64-linux-gnu/libdbus-1.so.3.19.11
7feccfbad000-7feccfbbe000 r--p 00000000 08:02 2097637                    /usr/lib/x86_64-linux-gnu/pulseaudio/libpulsecommon-13.99.so
7feccfbbe000-7feccfc06000 r-xp 00011000 08:02 2097637                    /usr/lib/x86_64-linux-gnu/pulseaudio/libpulsecommon-13.99.so
7feccfc06000-7feccfc2b000 r--p 00059000 08:02 2097637                    /usr/lib/x86_64-linux-gnu/pulseaudio/libpulsecommon-13.99.so
7feccfc2b000-7feccfc2c000 ---p 0007e000 08:02 2097637                    /usr/lib/x86_64-linux-gnu/pulseaudio/libpulsecommon-13.99.so
7feccfc2c000-7feccfc2e000 r--p 0007e000 08:02 2097637                    /usr/lib/x86_64-linux-gnu/pulseaudio/libpulsecommon-13.99.so
7feccfc2e000-7feccfc2f000 rw-p 00080000 08:02 2097637                    /usr/lib/x86_64-linux-gnu/pulseaudio/libpulsecommon-13.99.so
7feccfc2f000-7feccfc59000 r--p 00000000 08:02 1442673                    /usr/lib/x86_64-linux-gnu/libasound.so.2.0.0
7feccfc59000-7feccfce8000 r-xp 0002a000 08:02 1442673                    /usr/lib/x86_64-linux-gnu/libasound.so.2.0.0
7feccfce8000-7feccfd22000 r--p 000b9000 08:02 1442673                    /usr/lib/x86_64-linux-gnu/libasound.so.2.0.0
7feccfd22000-7feccfd29000 r--p 000f2000 08:02 1442673                    /usr/lib/x86_64-linux-gnu/libasound.so.2.0.0
7feccfd29000-7feccfd2a000 rw-p 000f9000 08:02 1442673                    /usr/lib/x86_64-linux-gnu/libasound.so.2.0.0
7feccfd2a000-7feccfda2000 r--p 00000000 08:02 1442325                    /usr/lib/x86_64-linux-gnu/libcrypto.so.1.1
7feccfda2000-7feccff3d000 r-xp 00078000 08:02 1442325                    /usr/lib/x86_64-linux-gnu/libcrypto.so.1.1
7feccff3d000-7feccffce000 r--p 00213000 08:02 1442325                    /usr/lib/x86_64-linux-gnu/libcrypto.so.1.1
7feccffce000-7feccfffa000 r--p 002a3000 08:02 1442325                    /usr/lib/x86_64-linux-gnu/libcrypto.so.1.1
7feccfffa000-7feccfffc000 rw-p 002cf000 08:02 1442325                    /usr/lib/x86_64-linux-gnu/libcrypto.so.1.1
7feccfffc000-7fecd0000000 rw-p 00000000 00:00 0 
7fecd0000000-7fecd01a3000 rw-p 00000000 00:00 0 
7fecd01a3000-7fecd4000000 ---p 00000000 00:00 0 
7fecd4000000-7fecd4021000 rw-p 00000000 00:00 0 
7fecd4021000-7fecd8000000 ---p 00000000 00:00 0 
7fecd8000000-7fecd80a7000 rw-p 00000000 00:00 0 
7fecd80a7000-7fecdc000000 ---p 00000000 00:00 0 
7fecdc000000-7fecdc08b000 rw-p 00000000 00:00 0 
7fecdc08b000-7fece0000000 ---p 00000000 00:00 0 
7fece0000000-7fece0021000 rw-p 00000000 00:00 0 
7fece0021000-7fece4000000 ---p 00000000 00:00 0 
7fece4000000-7fece4021000 rw-p 00000000 00:00 0 
7fece4021000-7fece8000000 ---p 00000000 00:00 0 
7fece8000000-7fece8021000 rw-p 00000000 00:00 0 
7fece8021000-7fecec000000 ---p 00000000 00:00 0 
7fecec000000-7fecec021000 rw-p 00000000 00:00 0 
7fecec021000-7fecf0000000 ---p 00000000 00:00 0 
7fecf0000000-7fecf0021000 rw-p 00000000 00:00 0 
7fecf0021000-7fecf4000000 ---p 00000000 00:00 0 
7fecf4000000-7fecf4021000 rw-p 00000000 00:00 0 
7fecf4021000-7fecf8000000 ---p 00000000 00:00 0 
7fecf8000000-7fecf8021000 rw-p 00000000 00:00 0 
7fecf8021000-7fecfc000000 ---p 00000000 00:00 0 
7fecfc000000-7fecfc001000 r--p 00000000 08:02 2097970                    /usr/lib/x86_64-linux-gnu/alsa-lib/libasound_module_pcm_vdownmix.so
7fecfc001000-7fecfc002000 r-xp 00001000 08:02 2097970                    /usr/lib/x86_64-linux-gnu/alsa-lib/libasound_module_pcm_vdownmix.so
7fecfc002000-7fecfc003000 r--p 00002000 08:02 2097970                    /usr/lib/x86_64-linux-gnu/alsa-lib/libasound_module_pcm_vdownmix.so
7fecfc003000-7fecfc004000 r--p 00002000 08:02 2097970                    /usr/lib/x86_64-linux-gnu/alsa-lib/libasound_module_pcm_vdownmix.so
7fecfc004000-7fecfc005000 rw-p 00003000 08:02 2097970                    /usr/lib/x86_64-linux-gnu/alsa-lib/libasound_module_pcm_vdownmix.so
7fecfc005000-7fecfc008000 r--p 00000000 08:02 1449007                    /usr/lib/x86_64-linux-gnu/libapparmor.so.1.6.1
7fecfc008000-7fecfc011000 r-xp 00003000 08:02 1449007                    /usr/lib/x86_64-linux-gnu/libapparmor.so.1.6.1
7fecfc011000-7fecfc018000 r--p 0000c000 08:02 1449007                    /usr/lib/x86_64-linux-gnu/libapparmor.so.1.6.1
7fecfc018000-7fecfc019000 r--p 00012000 08:02 1449007                    /usr/lib/x86_64-linux-gnu/libapparmor.so.1.6.1
7fecfc019000-7fecfc01a000 rw-p 00013000 08:02 1449007                    /usr/lib/x86_64-linux-gnu/libapparmor.so.1.6.1
7fecfc01a000-7fecfc025000 r--p 00000000 08:02 1450442                    /usr/lib/x86_64-linux-gnu/libxcb.so.1.1.0
7fecfc025000-7fecfc039000 r-xp 0000b000 08:02 1450442                    /usr/lib/x86_64-linux-gnu/libxcb.so.1.1.0
7fecfc039000-7fecfc042000 r--p 0001f000 08:02 1450442                    /usr/lib/x86_64-linux-gnu/libxcb.so.1.1.0
7fecfc042000-7fecfc043000 r--p 00027000 08:02 1450442                    /usr/lib/x86_64-linux-gnu/libxcb.so.1.1.0
7fecfc043000-7fecfc044000 rw-p 00028000 08:02 1450442                    /usr/lib/x86_64-linux-gnu/libxcb.so.1.1.0
7fecfc044000-7fecfc050000 r--p 00000000 08:02 1442666                    /usr/lib/x86_64-linux-gnu/libpulse.so.0.21.2
7fecfc050000-7fecfc080000 r-xp 0000c000 08:02 1442666                    /usr/lib/x86_64-linux-gnu/libpulse.so.0.21.2
7fecfc080000-7fecfc096000 r--p 0003c000 08:02 1442666                    /usr/lib/x86_64-linux-gnu/libpulse.so.0.21.2
7fecfc096000-7fecfc098000 r--p 00051000 08:02 1442666                    /usr/lib/x86_64-linux-gnu/libpulse.so.0.21.2
7fecfc098000-7fecfc099000 rw-p 00053000 08:02 1442666                    /usr/lib/x86_64-linux-gnu/libpulse.so.0.21.2
7fecfc09b000-7fecfc09c000 r--p 00000000 08:02 2097976                    /usr/lib/x86_64-linux-gnu/alsa-lib/libasound_module_rate_speexrate.so
7fecfc09c000-7fecfc09f000 r-xp 00001000 08:02 2097976                    /usr/lib/x86_64-linux-gnu/alsa-lib/libasound_module_rate_speexrate.so
7fecfc09f000-7fecfc0a0000 r--p 00004000 08:02 2097976                    /usr/lib/x86_64-linux-gnu/alsa-lib/libasound_module_rate_speexrate.so
7fecfc0a0000-7fecfc0a1000 r--p 00004000 08:02 2097976                    /usr/lib/x86_64-linux-gnu/alsa-lib/libasound_module_rate_speexrate.so
7fecfc0a1000-7fecfc0a2000 rw-p 00005000 08:02 2097976                    /usr/lib/x86_64-linux-gnu/alsa-lib/libasound_module_rate_speexrate.so
7fecfc0a2000-7fecfc0a4000 r--p 00000000 08:02 2097967                    /usr/lib/x86_64-linux-gnu/alsa-lib/libasound_module_pcm_pulse.so
7fecfc0a4000-7fecfc0a7000 r-xp 00002000 08:02 2097967                    /usr/lib/x86_64-linux-gnu/alsa-lib/libasound_module_pcm_pulse.so
7fecfc0a7000-7fecfc0a8000 r--p 00005000 08:02 2097967                    /usr/lib/x86_64-linux-gnu/alsa-lib/libasound_module_pcm_pulse.so
7fecfc0a8000-7fecfc0a9000 ---p 00006000 08:02 2097967                    /usr/lib/x86_64-linux-gnu/alsa-lib/libasound_module_pcm_pulse.so
7fecfc0a9000-7fecfc0aa000 r--p 00006000 08:02 2097967                    /usr/lib/x86_64-linux-gnu/alsa-lib/libasound_module_pcm_pulse.so
7fecfc0aa000-7fecfc0ab000 rw-p 00007000 08:02 2097967                    /usr/lib/x86_64-linux-gnu/alsa-lib/libasound_module_pcm_pulse.so
7fecfc0ab000-7fecfc0b2000 r--s 00000000 08:02 2102563                    /usr/lib/x86_64-linux-gnu/gconv/gconv-modules.cache
7fecfc0b2000-7fecfc0b4000 r--p 00000000 08:02 2234013                    /usr/local/lib/libilbccodec.so.2
7fecfc0b4000-7fecfc0be000 r-xp 00002000 08:02 2234013                    /usr/local/lib/libilbccodec.so.2
7fecfc0be000-7fecfc0c0000 r--p 0000c000 08:02 2234013                    /usr/local/lib/libilbccodec.so.2
7fecfc0c0000-7fecfc0c1000 r--p 0000d000 08:02 2234013                    /usr/local/lib/libilbccodec.so.2
7fecfc0c1000-7fecfc0c3000 rw-p 0000e000 08:02 2234013                    /usr/local/lib/libilbccodec.so.2
7fecfc0c3000-7fecfc0c4000 r--p 00000000 08:02 2234009                    /usr/local/lib/libgsmcodec.so.2
7fecfc0c4000-7fecfc0cc000 r-xp 00001000 08:02 2234009                    /usr/local/lib/libgsmcodec.so.2
7fecfc0cc000-7fecfc0cd000 r--p 00009000 08:02 2234009                    /usr/local/lib/libgsmcodec.so.2
7fecfc0cd000-7fecfc0ce000 r--p 00009000 08:02 2234009                    /usr/local/lib/libgsmcodec.so.2
7fecfc0ce000-7fecfc0cf000 rw-p 0000a000 08:02 2234009                    /usr/local/lib/libgsmcodec.so.2
7fecfc0cf000-7fecfc0d1000 r--p 00000000 08:02 1442187                    /usr/lib/x86_64-linux-gnu/libuuid.so.1.3.0
7fecfc0d1000-7fecfc0d5000 r-xp 00002000 08:02 1442187                    /usr/lib/x86_64-linux-gnu/libuuid.so.1.3.0
7fecfc0d5000-7fecfc0d6000 r--p 00006000 08:02 1442187                    /usr/lib/x86_64-linux-gnu/libuuid.so.1.3.0
7fecfc0d6000-7fecfc0d7000 r--p 00006000 08:02 1442187                    /usr/lib/x86_64-linux-gnu/libuuid.so.1.3.0
7fecfc0d7000-7fecfc0d8000 rw-p 00007000 08:02 1442187                    /usr/lib/x86_64-linux-gnu/libuuid.so.1.3.0
7fecfc0d8000-7fecfc0f4000 r--p 00000000 08:02 1444253                    /usr/lib/x86_64-linux-gnu/libssl.so.1.1
7fecfc0f4000-7fecfc143000 r-xp 0001c000 08:02 1444253                    /usr/lib/x86_64-linux-gnu/libssl.so.1.1
7fecfc143000-7fecfc15d000 r--p 0006b000 08:02 1444253                    /usr/lib/x86_64-linux-gnu/libssl.so.1.1
7fecfc15d000-7fecfc15e000 ---p 00085000 08:02 1444253                    /usr/lib/x86_64-linux-gnu/libssl.so.1.1
7fecfc15e000-7fecfc167000 r--p 00085000 08:02 1444253                    /usr/lib/x86_64-linux-gnu/libssl.so.1.1
7fecfc167000-7fecfc16b000 rw-p 0008e000 08:02 1444253                    /usr/lib/x86_64-linux-gnu/libssl.so.1.1
7fecfc16b000-7fecfc171000 r--p 00000000 08:02 2234019                    /usr/local/lib/libwebrtc.so.2
7fecfc171000-7fecfc18a000 r-xp 00006000 08:02 2234019                    /usr/local/lib/libwebrtc.so.2
7fecfc18a000-7fecfc192000 r--p 0001f000 08:02 2234019                    /usr/local/lib/libwebrtc.so.2
7fecfc192000-7fecfc193000 r--p 00026000 08:02 2234019                    /usr/local/lib/libwebrtc.so.2
7fecfc193000-7fecfc194000 rw-p 00027000 08:02 2234019                    /usr/local/lib/libwebrtc.so.2
7fecfc194000-7fecfc19a000 r--p 00000000 08:02 2234011                    /usr/local/lib/libspeex.so.2
7fecfc19a000-7fecfc1b8000 r-xp 00006000 08:02 2234011                    /usr/local/lib/libspeex.so.2
7fecfc1b8000-7fecfc1c0000 r--p 00024000 08:02 2234011                    /usr/local/lib/libspeex.so.2
7fecfc1c0000-7fecfc1c1000 ---p 0002c000 08:02 2234011                    /usr/local/lib/libspeex.so.2
7fecfc1c1000-7fecfc1c2000 r--p 0002c000 08:02 2234011                    /usr/local/lib/libspeex.so.2
7fecfc1c2000-7fecfc1c3000 rw-p 0002d000 08:02 2234011                    /usr/local/lib/libspeex.so.2
7fecfc1c3000-7fecfc1c8000 r--p 00000000 08:02 2234005                    /usr/local/lib/libsrtp.so.2
7fecfc1c8000-7fecfc1d3000 r-xp 00005000 08:02 2234005                    /usr/local/lib/libsrtp.so.2
7fecfc1d3000-7fecfc1d7000 r--p 00010000 08:02 2234005                    /usr/local/lib/libsrtp.so.2
7fecfc1d7000-7fecfc1d8000 r--p 00013000 08:02 2234005                    /usr/local/lib/libsrtp.so.2
7fecfc1d8000-7fecfc1d9000 rw-p 00014000 08:02 2234005                    /usr/local/lib/libsrtp.so.2
7fecfc1d9000-7fecfc1e1000 r--p 00000000 08:02 2234039                    /usr/local/lib/libpjnath.so.2
7fecfc1e1000-7fecfc1ff000 r-xp 00008000 08:02 2234039                    /usr/local/lib/libpjnath.so.2
7fecfc1ff000-7fecfc20b000 r--p 00026000 08:02 2234039                    /usr/local/lib/libpjnath.so.2
7fecfc20b000-7fecfc20c000 r--p 00031000 08:02 2234039                    /usr/local/lib/libpjnath.so.2
7fecfc20c000-7fecfc20e000 rw-p 00032000 08:02 2234039                    /usr/local/lib/libpjnath.so.2
7fecfc20e000-7fecfc214000 r--p 00000000 08:02 2234025                    /usr/local/lib/libpjsip-ua.so.2
7fecfc214000-7fecfc226000 r-xp 00006000 08:02 2234025                    /usr/local/lib/libpjsip-ua.so.2
7fecfc226000-7fecfc22c000 r--p 00018000 08:02 2234025                    /usr/local/lib/libpjsip-ua.so.2
7fecfc22c000-7fecfc22d000 r--p 0001d000 08:02 2234025                    /usr/local/lib/libpjsip-ua.so.2
7fecfc22d000-7fecfc22e000 rw-p 0001e000 08:02 2234025                    /usr/local/lib/libpjsip-ua.so.2
7fecfc22e000-7fecfc23a000 r--p 00000000 08:02 2234043                    /usr/local/lib/libpj.so.2
7fecfc23a000-7fecfc258000 r-xp 0000c000 08:02 2234043                    /usr/local/lib/libpj.so.2
7fecfc258000-7fecfc263000 r--p 0002a000 08:02 2234043                    /usr/local/lib/libpj.so.2
7fecfc263000-7fecfc264000 ---p 00035000 08:02 2234043                    /usr/local/lib/libpj.so.2
7fecfc264000-7fecfc265000 r--p 00035000 08:02 2234043                    /usr/local/lib/libpj.so.2
7fecfc265000-7fecfc266000 rw-p 00036000 08:02 2234043                    /usr/local/lib/libpj.so.2
7fecfc266000-7fecfc268000 rw-p 00000000 00:00 0 
7fecfc268000-7fecfc276000 r--p 00000000 08:02 2234035                    /usr/local/lib/libpjmedia.so.2
7fecfc276000-7fecfc2ae000 r-xp 0000e000 08:02 2234035                    /usr/local/lib/libpjmedia.so.2
7fecfc2ae000-7fecfc2cb000 r--p 00046000 08:02 2234035                    /usr/local/lib/libpjmedia.so.2
7fecfc2cb000-7fecfc2cc000 ---p 00063000 08:02 2234035                    /usr/local/lib/libpjmedia.so.2
7fecfc2cc000-7fecfc2cd000 r--p 00063000 08:02 2234035                    /usr/local/lib/libpjmedia.so.2
7fecfc2cd000-7fecfc2cf000 rw-p 00064000 08:02 2234035                    /usr/local/lib/libpjmedia.so.2
7fecfc2cf000-7fed00000000 rw-p 00000000 00:00 0 
7fed00000000-7fed00021000 rw-p 00000000 00:00 0 
7fed00021000-7fed04000000 ---p 00000000 00:00 0 
7fed04004000-7fed04005000 r--p 00000000 08:02 2234007                    /usr/local/lib/libresample.so.2
7fed04005000-7fed04006000 r-xp 00001000 08:02 2234007                    /usr/local/lib/libresample.so.2
7fed04006000-7fed04011000 r--p 00002000 08:02 2234007                    /usr/local/lib/libresample.so.2
7fed04011000-7fed04012000 r--p 0000c000 08:02 2234007                    /usr/local/lib/libresample.so.2
7fed04012000-7fed04013000 rw-p 0000d000 08:02 2234007                    /usr/local/lib/libresample.so.2
7fed04013000-7fed04021000 r--p 00000000 08:02 2234029                    /usr/local/lib/libpjsip.so.2
7fed04021000-7fed04051000 r-xp 0000e000 08:02 2234029                    /usr/local/lib/libpjsip.so.2
7fed04051000-7fed04062000 r--p 0003e000 08:02 2234029                    /usr/local/lib/libpjsip.so.2
7fed04062000-7fed04064000 r--p 0004e000 08:02 2234029                    /usr/local/lib/libpjsip.so.2
7fed04064000-7fed04066000 rw-p 00050000 08:02 2234029                    /usr/local/lib/libpjsip.so.2
7fed04066000-7fed0406b000 rw-p 00000000 00:00 0 
7fed0406b000-7fed04079000 r--p 00000000 08:02 2234023                    /usr/local/lib/libpjsua.so.2
7fed04079000-7fed040ae000 r-xp 0000e000 08:02 2234023                    /usr/local/lib/libpjsua.so.2
7fed040ae000-7fed040bb000 r--p 00043000 08:02 2234023                    /usr/local/lib/libpjsua.so.2
7fed040bb000-7fed040bc000 r--p 0004f000 08:02 2234023                    /usr/local/lib/libpjsua.so.2
7fed040bc000-7fed040be000 rw-p 00050000 08:02 2234023                    /usr/local/lib/libpjsua.so.2
7fed040be000-7fed041a0000 rw-p 00000000 00:00 0 
7fed041a0000-7fed041bc000 r--p 00000000 08:02 2234021                    /usr/local/lib/libpjsua2.so.2
7fed041bc000-7fed04210000 r-xp 0001c000 08:02 2234021                    /usr/local/lib/libpjsua2.so.2
7fed04210000-7fed04225000 r--p 00070000 08:02 2234021                    /usr/local/lib/libpjsua2.so.2
7fed04225000-7fed04227000 r--p 00084000 08:02 2234021                    /usr/local/lib/libpjsua2.so.2
7fed04227000-7fed04229000 rw-p 00086000 08:02 2234021                    /usr/local/lib/libpjsua2.so.2
7fed04229000-7fed04278000 r--p 00000000 08:02 3415529                    /home/user/NetBeansProjects/pjsuaCall/src/pjsuacall/dynamicLib/libpjsua2.so
7fed04278000-7fed04304000 r-xp 0004f000 08:02 3415529                    /home/user/NetBeansProjects/pjsuaCall/src/pjsuacall/dynamicLib/libpjsua2.so
7fed04304000-7fed0433a000 r--p 000db000 08:02 3415529                    /home/user/NetBeansProjects/pjsuaCall/src/pjsuacall/dynamicLib/libpjsua2.so
7fed0433a000-7fed0433b000 ---p 00111000 08:02 3415529                    /home/user/NetBeansProjects/pjsuaCall/src/pjsuacall/dynamicLib/libpjsua2.so
7fed0433b000-7fed0433c000 r--p 00111000 08:02 3415529                    /home/user/NetBeansProjects/pjsuaCall/src/pjsuacall/dynamicLib/libpjsua2.so
7fed0433c000-7fed0433e000 rw-p 00112000 08:02 3415529                    /home/user/NetBeansProjects/pjsuaCall/src/pjsuacall/dynamicLib/libpjsua2.so
7fed0433e000-7fed043d4000 r--p 00000000 08:02 1450209                    /usr/lib/x86_64-linux-gnu/libstdc++.so.6.0.28
7fed043d4000-7fed044c5000 r-xp 00096000 08:02 1450209                    /usr/lib/x86_64-linux-gnu/libstdc++.so.6.0.28
7fed044c5000-7fed0450e000 r--p 00187000 08:02 1450209                    /usr/lib/x86_64-linux-gnu/libstdc++.so.6.0.28
7fed0450e000-7fed0450f000 ---p 001d0000 08:02 1450209                    /usr/lib/x86_64-linux-gnu/libstdc++.so.6.0.28
7fed0450f000-7fed0451a000 r--p 001d0000 08:02 1450209                    /usr/lib/x86_64-linux-gnu/libstdc++.so.6.0.28
7fed0451a000-7fed0451d000 rw-p 001db000 08:02 1450209                    /usr/lib/x86_64-linux-gnu/libstdc++.so.6.0.28
7fed0451d000-7fed04520000 rw-p 00000000 00:00 0 
7fed04520000-7fed04689000 r-xp 00000000 08:02 3415530                    /home/user/NetBeansProjects/pjsuaCall/src/pjsuacall/dynamicLib/libopenh264.so
7fed04689000-7fed04889000 ---p 00169000 08:02 3415530                    /home/user/NetBeansProjects/pjsuaCall/src/pjsuacall/dynamicLib/libopenh264.so
7fed04889000-7fed0488c000 r--p 00169000 08:02 3415530                    /home/user/NetBeansProjects/pjsuaCall/src/pjsuacall/dynamicLib/libopenh264.so
7fed0488c000-7fed0488e000 rw-p 0016c000 08:02 3415530                    /home/user/NetBeansProjects/pjsuaCall/src/pjsuacall/dynamicLib/libopenh264.so
7fed0488e000-7fed0488f000 ---p 00000000 00:00 0 
7fed0488f000-7fed0498f000 rw-p 00000000 00:00 0 
7fed0498f000-7fed04992000 ---p 00000000 00:00 0 
7fed04992000-7fed04a90000 rw-p 00000000 00:00 0 
7fed04a90000-7fed05000000 r--p 00000000 08:02 1444832                    /usr/lib/locale/locale-archive
7fed05000000-7fed05270000 rwxp 00000000 00:00 0 
7fed05270000-7fed14000000 ---p 00000000 00:00 0 
7fed14000000-7fed142c8000 rw-p 00000000 00:00 0 
7fed142c8000-7fed18000000 ---p 00000000 00:00 0 
7fed18000000-7fed18003000 r--p 00000000 08:02 2234031                    /usr/local/lib/libpjmedia-codec.so.2
7fed18003000-7fed1800b000 r-xp 00003000 08:02 2234031                    /usr/local/lib/libpjmedia-codec.so.2
7fed1800b000-7fed1800e000 r--p 0000b000 08:02 2234031                    /usr/local/lib/libpjmedia-codec.so.2
7fed1800e000-7fed1800f000 r--p 0000d000 08:02 2234031                    /usr/local/lib/libpjmedia-codec.so.2
7fed1800f000-7fed18010000 rw-p 0000e000 08:02 2234031                    /usr/local/lib/libpjmedia-codec.so.2
7fed18010000-7fed18012000 r--p 00000000 08:02 2234037                    /usr/local/lib/libpjmedia-audiodev.so.2
7fed18012000-7fed18016000 r-xp 00002000 08:02 2234037                    /usr/local/lib/libpjmedia-audiodev.so.2
7fed18016000-7fed18017000 r--p 00006000 08:02 2234037                    /usr/local/lib/libpjmedia-audiodev.so.2
7fed18017000-7fed18018000 ---p 00007000 08:02 2234037                    /usr/local/lib/libpjmedia-audiodev.so.2
7fed18018000-7fed18019000 r--p 00007000 08:02 2234037                    /usr/local/lib/libpjmedia-audiodev.so.2
7fed18019000-7fed1801a000 rw-p 00008000 08:02 2234037                    /usr/local/lib/libpjmedia-audiodev.so.2
7fed1801a000-7fed18021000 r--p 00000000 08:02 2234041                    /usr/local/lib/libpjlib-util.so.2
7fed18021000-7fed1803b000 r-xp 00007000 08:02 2234041                    /usr/local/lib/libpjlib-util.so.2
7fed1803b000-7fed18043000 r--p 00021000 08:02 2234041                    /usr/local/lib/libpjlib-util.so.2
7fed18043000-7fed18044000 r--p 00028000 08:02 2234041                    /usr/local/lib/libpjlib-util.so.2
7fed18044000-7fed18045000 rw-p 00029000 08:02 2234041                    /usr/local/lib/libpjlib-util.so.2
7fed18045000-7fed1804b000 r--p 00000000 08:02 2234027                    /usr/local/lib/libpjsip-simple.so.2
7fed1804b000-7fed18056000 r-xp 00006000 08:02 2234027                    /usr/local/lib/libpjsip-simple.so.2
7fed18056000-7fed1805a000 r--p 00011000 08:02 2234027                    /usr/local/lib/libpjsip-simple.so.2
7fed1805a000-7fed1805b000 ---p 00015000 08:02 2234027                    /usr/local/lib/libpjsip-simple.so.2
7fed1805b000-7fed1805c000 r--p 00015000 08:02 2234027                    /usr/local/lib/libpjsip-simple.so.2
7fed1805c000-7fed1805d000 rw-p 00016000 08:02 2234027                    /usr/local/lib/libpjsip-simple.so.2
7fed1805d000-7fed18060000 r--p 00000000 08:02 1449406                    /usr/lib/x86_64-linux-gnu/libgcc_s.so.1
7fed18060000-7fed18072000 r-xp 00003000 08:02 1449406                    /usr/lib/x86_64-linux-gnu/libgcc_s.so.1
7fed18072000-7fed18076000 r--p 00015000 08:02 1449406                    /usr/lib/x86_64-linux-gnu/libgcc_s.so.1
7fed18076000-7fed18077000 r--p 00018000 08:02 1449406                    /usr/lib/x86_64-linux-gnu/libgcc_s.so.1
7fed18077000-7fed18078000 rw-p 00019000 08:02 1449406                    /usr/lib/x86_64-linux-gnu/libgcc_s.so.1
7fed1807a000-7fed1807b000 r--p 00000000 08:02 1448940                    /usr/lib/x86_64-linux-gnu/libXau.so.6.0.0
7fed1807b000-7fed1807d000 r-xp 00001000 08:02 1448940                    /usr/lib/x86_64-linux-gnu/libXau.so.6.0.0
7fed1807d000-7fed1807e000 r--p 00003000 08:02 1448940                    /usr/lib/x86_64-linux-gnu/libXau.so.6.0.0
7fed1807e000-7fed1807f000 r--p 00003000 08:02 1448940                    /usr/lib/x86_64-linux-gnu/libXau.so.6.0.0
7fed1807f000-7fed18080000 rw-p 00004000 08:02 1448940                    /usr/lib/x86_64-linux-gnu/libXau.so.6.0.0
7fed18080000-7fed18083000 r--p 00000000 08:02 1450402                    /usr/lib/x86_64-linux-gnu/libwrap.so.0.7.6
7fed18083000-7fed18088000 r-xp 00003000 08:02 1450402                    /usr/lib/x86_64-linux-gnu/libwrap.so.0.7.6
7fed18088000-7fed1808a000 r--p 00008000 08:02 1450402                    /usr/lib/x86_64-linux-gnu/libwrap.so.0.7.6
7fed1808a000-7fed1808b000 r--p 00009000 08:02 1450402                    /usr/lib/x86_64-linux-gnu/libwrap.so.0.7.6
7fed1808b000-7fed1808c000 rw-p 0000a000 08:02 1450402                    /usr/lib/x86_64-linux-gnu/libwrap.so.0.7.6
7fed1808c000-7fed1808d000 r--p 00000000 08:02 2097971                    /usr/lib/x86_64-linux-gnu/alsa-lib/libasound_module_rate_samplerate.so
7fed1808d000-7fed1808e000 r-xp 00001000 08:02 2097971                    /usr/lib/x86_64-linux-gnu/alsa-lib/libasound_module_rate_samplerate.so
7fed1808e000-7fed1808f000 r--p 00002000 08:02 2097971                    /usr/lib/x86_64-linux-gnu/alsa-lib/libasound_module_rate_samplerate.so
7fed1808f000-7fed18090000 r--p 00002000 08:02 2097971                    /usr/lib/x86_64-linux-gnu/alsa-lib/libasound_module_rate_samplerate.so
7fed18090000-7fed18091000 rw-p 00003000 08:02 2097971                    /usr/lib/x86_64-linux-gnu/alsa-lib/libasound_module_rate_samplerate.so
7fed18091000-7fed18092000 ---p 00000000 00:00 0 
7fed18092000-7fed18095000 ---p 00000000 00:00 0 
7fed18095000-7fed18192000 rw-p 00000000 00:00 0 
7fed18192000-7fed18193000 ---p 00000000 00:00 0 
7fed18193000-7fed18196000 ---p 00000000 00:00 0 
7fed18196000-7fed18293000 rw-p 00000000 00:00 0 
7fed18293000-7fed18294000 ---p 00000000 00:00 0 
7fed18294000-7fed18297000 ---p 00000000 00:00 0 
7fed18297000-7fed18394000 rw-p 00000000 00:00 0 
7fed18394000-7fed18397000 ---p 00000000 00:00 0 
7fed18397000-7fed18495000 rw-p 00000000 00:00 0 
7fed18495000-7fed18498000 ---p 00000000 00:00 0 
7fed18498000-7fed18596000 rw-p 00000000 00:00 0 
7fed18596000-7fed18599000 ---p 00000000 00:00 0 
7fed18599000-7fed18697000 rw-p 00000000 00:00 0 
7fed18697000-7fed18698000 ---p 00000000 00:00 0 
7fed18698000-7fed1979c000 rw-p 00000000 00:00 0 
7fed1979c000-7fed1997c000 r--s 03ea1000 08:02 5380617                    /home/user/software/jdk1.8.0_331/jre/lib/rt.jar
7fed1997c000-7fed19f35000 rw-p 00000000 00:00 0 
7fed19f35000-7fed1a275000 ---p 00000000 00:00 0 
7fed1a275000-7fed1a66f000 rw-p 00000000 00:00 0 
7fed1a66f000-7fed1a670000 ---p 00000000 00:00 0 
7fed1a670000-7fed1a770000 rw-p 00000000 00:00 0 
7fed1a770000-7fed1a771000 ---p 00000000 00:00 0 
7fed1a771000-7fed1a871000 rw-p 00000000 00:00 0 
7fed1a871000-7fed1a872000 ---p 00000000 00:00 0 
7fed1a872000-7fed1a972000 rw-p 00000000 00:00 0 
7fed1a972000-7fed1a973000 ---p 00000000 00:00 0 
7fed1a973000-7fed1aa9d000 rw-p 00000000 00:00 0 
7fed1aa9d000-7fed1ad00000 ---p 00000000 00:00 0 
7fed1ad00000-7fed1ad2a000 rw-p 00000000 00:00 0 
7fed1ad2a000-7fed1af8c000 ---p 00000000 00:00 0 
7fed1af8c000-7fed1afa2000 rw-p 00000000 00:00 0 
7fed1afa2000-7fed1b0d3000 ---p 00000000 00:00 0 
7fed1b0d3000-7fed1b0de000 rw-p 00000000 00:00 0 
7fed1b0de000-7fed1b494000 ---p 00000000 00:00 0 
7fed1b494000-7fed1b4af000 r-xp 00000000 08:02 5380501                    /home/user/software/jdk1.8.0_331/jre/lib/amd64/libzip.so
7fed1b4af000-7fed1b6ae000 ---p 0001b000 08:02 5380501                    /home/user/software/jdk1.8.0_331/jre/lib/amd64/libzip.so
7fed1b6ae000-7fed1b6af000 r--p 0001a000 08:02 5380501                    /home/user/software/jdk1.8.0_331/jre/lib/amd64/libzip.so
7fed1b6af000-7fed1b6b0000 rw-p 0001b000 08:02 5380501                    /home/user/software/jdk1.8.0_331/jre/lib/amd64/libzip.so
7fed1b6b0000-7fed1b6b8000 rw-s 00000000 08:02 9313932                    /tmp/hsperfdata_user/32627
7fed1b6b8000-7fed1b6e5000 r-xp 00000000 08:02 5380498                    /home/user/software/jdk1.8.0_331/jre/lib/amd64/libjava.so
7fed1b6e5000-7fed1b8e4000 ---p 0002d000 08:02 5380498                    /home/user/software/jdk1.8.0_331/jre/lib/amd64/libjava.so
7fed1b8e4000-7fed1b8e5000 r--p 0002c000 08:02 5380498                    /home/user/software/jdk1.8.0_331/jre/lib/amd64/libjava.so
7fed1b8e5000-7fed1b8e7000 rw-p 0002d000 08:02 5380498                    /home/user/software/jdk1.8.0_331/jre/lib/amd64/libjava.so
7fed1b8e7000-7fed1b8f4000 r-xp 00000000 08:02 5380487                    /home/user/software/jdk1.8.0_331/jre/lib/amd64/libverify.so
7fed1b8f4000-7fed1baf3000 ---p 0000d000 08:02 5380487                    /home/user/software/jdk1.8.0_331/jre/lib/amd64/libverify.so
7fed1baf3000-7fed1baf5000 r--p 0000c000 08:02 5380487                    /home/user/software/jdk1.8.0_331/jre/lib/amd64/libverify.so
7fed1baf5000-7fed1baf6000 rw-p 0000e000 08:02 5380487                    /home/user/software/jdk1.8.0_331/jre/lib/amd64/libverify.so
7fed1baf6000-7fed1baf8000 r--p 00000000 08:02 1445807                    /usr/lib/x86_64-linux-gnu/librt-2.31.so
7fed1baf8000-7fed1bafc000 r-xp 00002000 08:02 1445807                    /usr/lib/x86_64-linux-gnu/librt-2.31.so
7fed1bafc000-7fed1bafe000 r--p 00006000 08:02 1445807                    /usr/lib/x86_64-linux-gnu/librt-2.31.so
7fed1bafe000-7fed1baff000 r--p 00007000 08:02 1445807                    /usr/lib/x86_64-linux-gnu/librt-2.31.so
7fed1baff000-7fed1bb00000 rw-p 00008000 08:02 1445807                    /usr/lib/x86_64-linux-gnu/librt-2.31.so
7fed1bb00000-7fed1bb01000 ---p 00000000 00:00 0 
7fed1bb01000-7fed1bb04000 ---p 00000000 00:00 0 
7fed1bb04000-7fed1bc01000 rw-p 00000000 00:00 0 
7fed1bc01000-7fed1bc0e000 r--p 00000000 08:02 1445794                    /usr/lib/x86_64-linux-gnu/libm-2.31.so
7fed1bc0e000-7fed1bcb5000 r-xp 0000d000 08:02 1445794                    /usr/lib/x86_64-linux-gnu/libm-2.31.so
7fed1bcb5000-7fed1bd4e000 r--p 000b4000 08:02 1445794                    /usr/lib/x86_64-linux-gnu/libm-2.31.so
7fed1bd4e000-7fed1bd4f000 r--p 0014c000 08:02 1445794                    /usr/lib/x86_64-linux-gnu/libm-2.31.so
7fed1bd4f000-7fed1bd50000 rw-p 0014d000 08:02 1445794                    /usr/lib/x86_64-linux-gnu/libm-2.31.so
7fed1bd50000-7fed1ca48000 r-xp 00000000 08:02 5380480                    /home/user/software/jdk1.8.0_331/jre/lib/amd64/server/libjvm.so
7fed1ca48000-7fed1cc47000 ---p 00cf8000 08:02 5380480                    /home/user/software/jdk1.8.0_331/jre/lib/amd64/server/libjvm.so
7fed1cc47000-7fed1ccdd000 r--p 00cf7000 08:02 5380480                    /home/user/software/jdk1.8.0_331/jre/lib/amd64/server/libjvm.so
7fed1ccdd000-7fed1cd0e000 rw-p 00d8d000 08:02 5380480                    /home/user/software/jdk1.8.0_331/jre/lib/amd64/server/libjvm.so
7fed1cd0e000-7fed1cd4b000 rw-p 00000000 00:00 0 
7fed1cd4b000-7fed1cd6d000 r--p 00000000 08:02 1445792                    /usr/lib/x86_64-linux-gnu/libc-2.31.so
7fed1cd6d000-7fed1cee5000 r-xp 00022000 08:02 1445792                    /usr/lib/x86_64-linux-gnu/libc-2.31.so
7fed1cee5000-7fed1cf33000 r--p 0019a000 08:02 1445792                    /usr/lib/x86_64-linux-gnu/libc-2.31.so
7fed1cf33000-7fed1cf37000 r--p 001e7000 08:02 1445792                    /usr/lib/x86_64-linux-gnu/libc-2.31.so
7fed1cf37000-7fed1cf39000 rw-p 001eb000 08:02 1445792                    /usr/lib/x86_64-linux-gnu/libc-2.31.so
7fed1cf39000-7fed1cf3d000 rw-p 00000000 00:00 0 
7fed1cf3d000-7fed1cf3e000 r--p 00000000 08:02 1445793                    /usr/lib/x86_64-linux-gnu/libdl-2.31.so
7fed1cf3e000-7fed1cf40000 r-xp 00001000 08:02 1445793                    /usr/lib/x86_64-linux-gnu/libdl-2.31.so
7fed1cf40000-7fed1cf41000 r--p 00003000 08:02 1445793                    /usr/lib/x86_64-linux-gnu/libdl-2.31.so
7fed1cf41000-7fed1cf42000 r--p 00003000 08:02 1445793                    /usr/lib/x86_64-linux-gnu/libdl-2.31.so
7fed1cf42000-7fed1cf43000 rw-p 00004000 08:02 1445793                    /usr/lib/x86_64-linux-gnu/libdl-2.31.so
7fed1cf43000-7fed1cf5a000 r-xp 00000000 08:02 9965144                    /home/user/software/jdk1.8.0_331/lib/amd64/jli/libjli.so
7fed1cf5a000-7fed1d159000 ---p 00017000 08:02 9965144                    /home/user/software/jdk1.8.0_331/lib/amd64/jli/libjli.so
7fed1d159000-7fed1d15a000 r--p 00016000 08:02 9965144                    /home/user/software/jdk1.8.0_331/lib/amd64/jli/libjli.so
7fed1d15a000-7fed1d15b000 rw-p 00017000 08:02 9965144                    /home/user/software/jdk1.8.0_331/lib/amd64/jli/libjli.so
7fed1d15b000-7fed1d161000 r--p 00000000 08:02 1445805                    /usr/lib/x86_64-linux-gnu/libpthread-2.31.so
7fed1d161000-7fed1d172000 r-xp 00006000 08:02 1445805                    /usr/lib/x86_64-linux-gnu/libpthread-2.31.so
7fed1d172000-7fed1d178000 r--p 00017000 08:02 1445805                    /usr/lib/x86_64-linux-gnu/libpthread-2.31.so
7fed1d178000-7fed1d179000 r--p 0001c000 08:02 1445805                    /usr/lib/x86_64-linux-gnu/libpthread-2.31.so
7fed1d179000-7fed1d17a000 rw-p 0001d000 08:02 1445805                    /usr/lib/x86_64-linux-gnu/libpthread-2.31.so
7fed1d17a000-7fed1d17e000 rw-p 00000000 00:00 0 
7fed1d182000-7fed1d185000 r--p 00000000 08:02 1445800                    /usr/lib/x86_64-linux-gnu/libnss_files-2.31.so
7fed1d185000-7fed1d18c000 r-xp 00003000 08:02 1445800                    /usr/lib/x86_64-linux-gnu/libnss_files-2.31.so
7fed1d18c000-7fed1d18e000 r--p 0000a000 08:02 1445800                    /usr/lib/x86_64-linux-gnu/libnss_files-2.31.so
7fed1d18e000-7fed1d18f000 r--p 0000b000 08:02 1445800                    /usr/lib/x86_64-linux-gnu/libnss_files-2.31.so
7fed1d18f000-7fed1d190000 rw-p 0000c000 08:02 1445800                    /usr/lib/x86_64-linux-gnu/libnss_files-2.31.so
7fed1d190000-7fed1d199000 rw-p 00000000 00:00 0 
7fed1d199000-7fed1d19a000 r--p 00000000 08:02 1445788                    /usr/lib/x86_64-linux-gnu/ld-2.31.so
7fed1d19a000-7fed1d1bd000 r-xp 00001000 08:02 1445788                    /usr/lib/x86_64-linux-gnu/ld-2.31.so
7fed1d1bd000-7fed1d1c5000 r--p 00024000 08:02 1445788                    /usr/lib/x86_64-linux-gnu/ld-2.31.so
7fed1d1c5000-7fed1d1c6000 r--p 00000000 00:00 0 
7fed1d1c6000-7fed1d1c7000 r--p 0002c000 08:02 1445788                    /usr/lib/x86_64-linux-gnu/ld-2.31.so
7fed1d1c7000-7fed1d1c8000 rw-p 0002d000 08:02 1445788                    /usr/lib/x86_64-linux-gnu/ld-2.31.so
7fed1d1c8000-7fed1d1c9000 rw-p 00000000 00:00 0 
7ffcd4641000-7ffcd4662000 rw-p 00000000 00:00 0                          [stack]
7ffcd47bb000-7ffcd47bf000 r--p 00000000 00:00 0                          [vvar]
7ffcd47bf000-7ffcd47c1000 r-xp 00000000 00:00 0                          [vdso]
ffffffffff600000-ffffffffff601000 --xp 00000000 00:00 0                  [vsyscall]

VM Arguments:
jvm_args: -Dfile.encoding=UTF-8 -Djava.library.path=/home/user/NetBeansProjects/pjsuaCall/src/pjsuacall/dynamicLib 
java_command: pjsuacall.MainClass
java_class_path (initial): /home/user/Downloads/pjproject-2.12.1/pjsip-apps/src/swig/java/output:/home/user/NetBeansProjects/pjsuaCall/build/classes
Launcher Type: SUN_STANDARD

Environment Variables:
PATH=/home/user/.local/bin:/usr/local/sbin:/usr/local/bin:/usr/sbin:/usr/bin:/sbin:/bin:/usr/games:/usr/local/games:/snap/bin
USERNAME=user
SHELL=/bin/bash
DISPLAY=:0

Signal Handlers:
SIGSEGV: [libjvm.so+0xae0f60], sa_mask[0]=11111111011111111101111111111110, sa_flags=SA_RESTART|SA_SIGINFO
SIGBUS: [libjvm.so+0xae0f60], sa_mask[0]=11111111011111111101111111111110, sa_flags=SA_RESTART|SA_SIGINFO
SIGFPE: [libjvm.so+0xae0f60], sa_mask[0]=11111111011111111101111111111110, sa_flags=SA_RESTART|SA_SIGINFO
SIGPIPE: [libjvm.so+0x915120], sa_mask[0]=11111111011111111101111111111110, sa_flags=SA_RESTART|SA_SIGINFO
SIGXFSZ: [libjvm.so+0x915120], sa_mask[0]=11111111011111111101111111111110, sa_flags=SA_RESTART|SA_SIGINFO
SIGILL: [libjvm.so+0xae0f60], sa_mask[0]=11111111011111111101111111111110, sa_flags=SA_RESTART|SA_SIGINFO
SIGUSR1: SIG_DFL, sa_mask[0]=00000000000000000000000000000000, sa_flags=none
SIGUSR2: [libjvm.so+0x914ff0], sa_mask[0]=00100000000000000000000000000000, sa_flags=SA_RESTART|SA_SIGINFO
SIGHUP: [libjvm.so+0x915610], sa_mask[0]=11111111011111111101111111111110, sa_flags=SA_RESTART|SA_SIGINFO
SIGINT: SIG_IGN, sa_mask[0]=00000000000000000000000000000000, sa_flags=none
SIGTERM: [libjvm.so+0x915610], sa_mask[0]=11111111011111111101111111111110, sa_flags=SA_RESTART|SA_SIGINFO
SIGQUIT: [libjvm.so+0x915610], sa_mask[0]=11111111011111111101111111111110, sa_flags=SA_RESTART|SA_SIGINFO


---------------  S Y S T E M  ---------------

OS:DISTRIB_ID=Ubuntu
DISTRIB_RELEASE=20.04
DISTRIB_CODENAME=focal
DISTRIB_DESCRIPTION="Ubuntu 20.04.4 LTS"

uname:Linux 5.13.0-44-generic #49~20.04.1-Ubuntu SMP Wed May 18 18:44:28 UTC 2022 x86_64
libc:glibc 2.31 NPTL 2.31 
rlimit: STACK 8192k, CORE 0k, NPROC 31039, NOFILE 1048576, AS infinity
load average:0.59 0.70 0.71

/proc/meminfo:
MemTotal:        8017192 kB
MemFree:          414216 kB
MemAvailable:    3070368 kB
Buffers:          374516 kB
Cached:          2823944 kB
SwapCached:           12 kB
Active:          1850340 kB
Inactive:        5108248 kB
Active(anon):     201960 kB
Inactive(anon):  4089760 kB
Active(file):    1648380 kB
Inactive(file):  1018488 kB
Unevictable:       88316 kB
Mlocked:              16 kB
SwapTotal:       3999740 kB
SwapFree:        3997680 kB
Dirty:               696 kB
Writeback:             0 kB
AnonPages:       3848440 kB
Mapped:           690992 kB
Shmem:            541004 kB
KReclaimable:     293348 kB
Slab:             438248 kB
SReclaimable:     293348 kB
SUnreclaim:       144900 kB
KernelStack:       15872 kB
PageTables:        32000 kB
NFS_Unstable:          0 kB
Bounce:                0 kB
WritebackTmp:          0 kB
CommitLimit:     8008336 kB
Committed_AS:    9341652 kB
VmallocTotal:   34359738367 kB
VmallocUsed:       41672 kB
VmallocChunk:          0 kB
Percpu:             4960 kB
HardwareCorrupted:     0 kB
AnonHugePages:      2048 kB
ShmemHugePages:        0 kB
ShmemPmdMapped:        0 kB
FileHugePages:         0 kB
FilePmdMapped:         0 kB
HugePages_Total:       0
HugePages_Free:        0
HugePages_Rsvd:        0
HugePages_Surp:        0
Hugepagesize:       2048 kB
Hugetlb:               0 kB
DirectMap4k:      326048 kB
DirectMap2M:     7938048 kB
DirectMap1G:           0 kB

container (cgroup) information:
container_type: cgroupv1
cpu_cpuset_cpus: 0-3
cpu_memory_nodes: 0
active_processor_count: 4
cpu_quota: -1
cpu_period: 100000
cpu_shares: -1
memory_limit_in_bytes: -1
memory_and_swap_limit_in_bytes: -1
memory_soft_limit_in_bytes: -1
memory_usage_in_bytes: 5198020608
memory_max_usage_in_bytes: 5394137088


CPU:total 4 (initial active 4) (4 cores per cpu, 1 threads per core) family 6 model 158 stepping 9, cmov, cx8, fxsr, mmx, sse, sse2, sse3, ssse3, sse4.1, sse4.2, popcnt, avx, avx2, aes, clmul, erms, rtm, 3dnowpref, lzcnt, tsc, tscinvbit, bmi1, bmi2, adx

/proc/cpuinfo:
processor	: 0
vendor_id	: GenuineIntel
cpu family	: 6
model		: 158
model name	: Intel(R) Core(TM) i5-7500 CPU @ 3.40GHz
stepping	: 9
microcode	: 0xec
cpu MHz		: 3554.269
cache size	: 6144 KB
physical id	: 0
siblings	: 4
core id		: 0
cpu cores	: 4
apicid		: 0
initial apicid	: 0
fpu		: yes
fpu_exception	: yes
cpuid level	: 22
wp		: yes
flags		: fpu vme de pse tsc msr pae mce cx8 apic sep mtrr pge mca cmov pat pse36 clflush dts acpi mmx fxsr sse sse2 ss ht tm pbe syscall nx pdpe1gb rdtscp lm constant_tsc art arch_perfmon pebs bts rep_good nopl xtopology nonstop_tsc cpuid aperfmperf pni pclmulqdq dtes64 monitor ds_cpl vmx smx est tm2 ssse3 sdbg fma cx16 xtpr pdcm pcid sse4_1 sse4_2 x2apic movbe popcnt tsc_deadline_timer aes xsave avx f16c rdrand lahf_lm abm 3dnowprefetch cpuid_fault epb invpcid_single pti ssbd ibrs ibpb stibp tpr_shadow vnmi flexpriority ept vpid ept_ad fsgsbase tsc_adjust bmi1 hle avx2 smep bmi2 erms invpcid rtm mpx rdseed adx smap clflushopt intel_pt xsaveopt xsavec xgetbv1 xsaves dtherm ida arat pln pts hwp hwp_notify hwp_act_window hwp_epp md_clear flush_l1d arch_capabilities
vmx flags	: vnmi preemption_timer invvpid ept_x_only ept_ad ept_1gb flexpriority tsc_offset vtpr mtf vapic ept vpid unrestricted_guest ple shadow_vmcs pml ept_mode_based_exec
bugs		: cpu_meltdown spectre_v1 spectre_v2 spec_store_bypass l1tf mds swapgs taa itlb_multihit srbds
bogomips	: 6799.81
clflush size	: 64
cache_alignment	: 64
address sizes	: 39 bits physical, 48 bits virtual
power management:

processor	: 1
vendor_id	: GenuineIntel
cpu family	: 6
model		: 158
model name	: Intel(R) Core(TM) i5-7500 CPU @ 3.40GHz
stepping	: 9
microcode	: 0xec
cpu MHz		: 3600.013
cache size	: 6144 KB
physical id	: 0
siblings	: 4
core id		: 1
cpu cores	: 4
apicid		: 2
initial apicid	: 2
fpu		: yes
fpu_exception	: yes
cpuid level	: 22
wp		: yes
flags		: fpu vme de pse tsc msr pae mce cx8 apic sep mtrr pge mca cmov pat pse36 clflush dts acpi mmx fxsr sse sse2 ss ht tm pbe syscall nx pdpe1gb rdtscp lm constant_tsc art arch_perfmon pebs bts rep_good nopl xtopology nonstop_tsc cpuid aperfmperf pni pclmulqdq dtes64 monitor ds_cpl vmx smx est tm2 ssse3 sdbg fma cx16 xtpr pdcm pcid sse4_1 sse4_2 x2apic movbe popcnt tsc_deadline_timer aes xsave avx f16c rdrand lahf_lm abm 3dnowprefetch cpuid_fault epb invpcid_single pti ssbd ibrs ibpb stibp tpr_shadow vnmi flexpriority ept vpid ept_ad fsgsbase tsc_adjust bmi1 hle avx2 smep bmi2 erms invpcid rtm mpx rdseed adx smap clflushopt intel_pt xsaveopt xsavec xgetbv1 xsaves dtherm ida arat pln pts hwp hwp_notify hwp_act_window hwp_epp md_clear flush_l1d arch_capabilities
vmx flags	: vnmi preemption_timer invvpid ept_x_only ept_ad ept_1gb flexpriority tsc_offset vtpr mtf vapic ept vpid unrestricted_guest ple shadow_vmcs pml ept_mode_based_exec
bugs		: cpu_meltdown spectre_v1 spectre_v2 spec_store_bypass l1tf mds swapgs taa itlb_multihit srbds
bogomips	: 6799.81
clflush size	: 64
cache_alignment	: 64
address sizes	: 39 bits physical, 48 bits virtual
power management:

processor	: 2
vendor_id	: GenuineIntel
cpu family	: 6
model		: 158
model name	: Intel(R) Core(TM) i5-7500 CPU @ 3.40GHz
stepping	: 9
microcode	: 0xec
cpu MHz		: 3599.986
cache size	: 6144 KB
physical id	: 0
siblings	: 4
core id		: 2
cpu cores	: 4
apicid		: 4
initial apicid	: 4
fpu		: yes
fpu_exception	: yes
cpuid level	: 22
wp		: yes
flags		: fpu vme de pse tsc msr pae mce cx8 apic sep mtrr pge mca cmov pat pse36 clflush dts acpi mmx fxsr sse sse2 ss ht tm pbe syscall nx pdpe1gb rdtscp lm constant_tsc art arch_perfmon pebs bts rep_good nopl xtopology nonstop_tsc cpuid aperfmperf pni pclmulqdq dtes64 monitor ds_cpl vmx smx est tm2 ssse3 sdbg fma cx16 xtpr pdcm pcid sse4_1 sse4_2 x2apic movbe popcnt tsc_deadline_timer aes xsave avx f16c rdrand lahf_lm abm 3dnowprefetch cpuid_fault epb invpcid_single pti ssbd ibrs ibpb stibp tpr_shadow vnmi flexpriority ept vpid ept_ad fsgsbase tsc_adjust bmi1 hle avx2 smep bmi2 erms invpcid rtm mpx rdseed adx smap clflushopt intel_pt xsaveopt xsavec xgetbv1 xsaves dtherm ida arat pln pts hwp hwp_notify hwp_act_window hwp_epp md_clear flush_l1d arch_capabilities
vmx flags	: vnmi preemption_timer invvpid ept_x_only ept_ad ept_1gb flexpriority tsc_offset vtpr mtf vapic ept vpid unrestricted_guest ple shadow_vmcs pml ept_mode_based_exec
bugs		: cpu_meltdown spectre_v1 spectre_v2 spec_store_bypass l1tf mds swapgs taa itlb_multihit srbds
bogomips	: 6799.81
clflush size	: 64
cache_alignment	: 64
address sizes	: 39 bits physical, 48 bits virtual
power management:

processor	: 3
vendor_id	: GenuineIntel
cpu family	: 6
model		: 158
model name	: Intel(R) Core(TM) i5-7500 CPU @ 3.40GHz
stepping	: 9
microcode	: 0xec
cpu MHz		: 3600.094
cache size	: 6144 KB
physical id	: 0
siblings	: 4
core id		: 3
cpu cores	: 4
apicid		: 6
initial apicid	: 6
fpu		: yes
fpu_exception	: yes
cpuid level	: 22
wp		: yes
flags		: fpu vme de pse tsc msr pae mce cx8 apic sep mtrr pge mca cmov pat pse36 clflush dts acpi mmx fxsr sse sse2 ss ht tm pbe syscall nx pdpe1gb rdtscp lm constant_tsc art arch_perfmon pebs bts rep_good nopl xtopology nonstop_tsc cpuid aperfmperf pni pclmulqdq dtes64 monitor ds_cpl vmx smx est tm2 ssse3 sdbg fma cx16 xtpr pdcm pcid sse4_1 sse4_2 x2apic movbe popcnt tsc_deadline_timer aes xsave avx f16c rdrand lahf_lm abm 3dnowprefetch cpuid_fault epb invpcid_single pti ssbd ibrs ibpb stibp tpr_shadow vnmi flexpriority ept vpid ept_ad fsgsbase tsc_adjust bmi1 hle avx2 smep bmi2 erms invpcid rtm mpx rdseed adx smap clflushopt intel_pt xsaveopt xsavec xgetbv1 xsaves dtherm ida arat pln pts hwp hwp_notify hwp_act_window hwp_epp md_clear flush_l1d arch_capabilities
vmx flags	: vnmi preemption_timer invvpid ept_x_only ept_ad ept_1gb flexpriority tsc_offset vtpr mtf vapic ept vpid unrestricted_guest ple shadow_vmcs pml ept_mode_based_exec
bugs		: cpu_meltdown spectre_v1 spectre_v2 spec_store_bypass l1tf mds swapgs taa itlb_multihit srbds
bogomips	: 6799.81
clflush size	: 64
cache_alignment	: 64
address sizes	: 39 bits physical, 48 bits virtual
power management:



Memory: 4k page, physical 8017192k(414216k free), swap 3999740k(3997680k free)

vm_info: Java HotSpot(TM) 64-Bit Server VM (25.331-b09) for linux-amd64 JRE (1.8.0_331-b09), built on Mar 10 2022 11:12:57 by "java_re" with gcc 7.3.0

time: Tue Jun  7 11:50:24 2022
timezone: IST
elapsed time: 4.676625 seconds (0d 0h 0m 4s)

