#
# A fatal error has been detected by the Java Runtime Environment:
#
#  SIGSEGV (0xb) at pc=0x00007fd24856ae17, pid=33509, tid=0x00007fd263f09700
#
# JRE version: Java(TM) SE Runtime Environment (8.0_331-b09) (build 1.8.0_331-b09)
# Java VM: Java HotSpot(TM) 64-Bit Server VM (25.331-b09 mixed mode linux-amd64 compressed oops)
# Problematic frame:
# C  [libpj.so.2+0x19e17]  pj_list_insert_after+0x7
#
# Failed to write core dump. Core dumps have been disabled. To enable core dumping, try "ulimit -c unlimited" before starting Java again
#
# If you would like to submit a bug report, please visit:
#   http://bugreport.java.com/bugreport/crash.jsp
# The crash happened outside the Java Virtual Machine in native code.
# See problematic frame for where to report the bug.
#

---------------  T H R E A D  ---------------

Current thread (0x00007fd25c00a800):  JavaThread "main" [_thread_in_native, id=33513, stack(0x00007fd263e0a000,0x00007fd263f0a000)]

siginfo: si_signo: 11 (SIGSEGV), si_code: 1 (SEGV_MAPERR), si_addr: 0x0000000000000008

Registers:
RAX=0x00007fd25c1ba6f8, RBX=0x00007fd263f08730, RCX=0x00007fd25c0008ee, RDX=0x0000000000000050
RSP=0x00007fd263f084c8, RBP=0x0000000000000000, RSI=0x00007fd25c2521b8, RDI=0x0000000000000000
R8 =0x00007fd25c1ba6f8, R9 =0x0000000000000062, R10=0xfffffffffffff285, R11=0x00007fd24856ae30
R12=0x00007fd25c2521b8, R13=0x0000000000000000, R14=0x0000000000000000, R15=0x0000000000000000
RIP=0x00007fd24856ae17, EFLAGS=0x0000000000010202, CSGSFS=0x002b000000000033, ERR=0x0000000000000004
  TRAPNO=0x000000000000000e

Top of Stack: (sp=0x00007fd263f084c8)
0x00007fd263f084c8:   00007fd2486ae942 00007fd263f08500
0x00007fd263f084d8:   00007fd264a47837 00007fd2486edcd0
0x00007fd263f084e8:   00007fd25c288a48 00007fd25c1630e0
0x00007fd263f084f8:   bc581a0a11af4400 5f6c6c61435f494e
0x00007fd263f08508:   00007fd25c22f510 00007fd204007060
0x00007fd263f08518:   0000000000000000 00007fd2621e65e0
0x00007fd263f08528:   00007fd263f088e8 00007fd25c00a800
0x00007fd263f08538:   00007fd24881f6e3 2f6c6c6143617573
0x00007fd263f08548:   75736a702f637273 6f7250736e616542
0x00007fd263f08558:   6a702f737463656a 00315f64616f6c61
0x00007fd263f08568:   00325f64616f6c61 0000000000000000
0x00007fd263f08578:   0000000000000000 0000000000000000
0x00007fd263f08588:   0000000000000000 bfd3c6ef6cc094cb
0x00007fd263f08598:   0000000000000000 3ec718be416adb9b
0x00007fd263f085a8:   0000000000000000 3f5b2faeef4b9f00
0x00007fd263f085b8:   0000000000000000 3fd41b2faeef4b9f
0x00007fd263f085c8:   0000000000000000 3f59de9bca3ef199
0x00007fd263f085d8:   0000000000000000 00007fd263f086b0
0x00007fd263f085e8:   00007fd264933f14 00007fd264f5c700
0x00007fd263f085f8:   00007fd25c135150 0000000000000039
0x00007fd263f08608:   00007fd2648348ea 000000000152d2dd
0x00007fd263f08618:   00007fd200000015 00007fd2621e65e8
0x00007fd263f08628:   00007fd25c00a800 00007fd2621e65e8
0x00007fd263f08638:   00007fd25c00a800 0000000000000002
0x00007fd263f08648:   800000000000000e 0000000000000000
0x00007fd263f08658:   0000000000000000 0000000000000000
0x00007fd263f08668:   0000000000000000 0000000000000000
0x00007fd263f08678:   0000000000000000 00007fd263f086a0
0x00007fd263f08688:   00007fd25c009a90 00007fd25c00a800
0x00007fd263f08698:   00007fd263f08770 00007fd263f08700
0x00007fd263f086a8:   00007fd25c009a50 00007fd263f08740
0x00007fd263f086b8:   00007fd264935014 00007fd262210438 

Instructions: (pc=0x00007fd24856ae17)
0x00007fd24856adf7:   8b a5 f8 fe ff ff e9 41 fe ff ff e8 19 4f ff ff
0x00007fd24856ae07:   66 0f 1f 84 00 00 00 00 00 f3 0f 1e fa 48 89 3e
0x00007fd24856ae17:   48 8b 47 08 48 89 46 08 48 89 30 48 89 77 08 c3
0x00007fd24856ae27:   66 0f 1f 84 00 00 00 00 00 f3 0f 1e fa 48 8b 3f 

Register to memory mapping:

RAX=0x00007fd25c1ba6f8 is an unknown value
RBX=0x00007fd263f08730 is pointing into the stack for thread: 0x00007fd25c00a800
RCX=0x00007fd25c0008ee is an unknown value
RDX=0x0000000000000050 is an unknown value
RSP=0x00007fd263f084c8 is pointing into the stack for thread: 0x00007fd25c00a800
RBP=0x0000000000000000 is an unknown value
RSI=0x00007fd25c2521b8 is an unknown value
RDI=0x0000000000000000 is an unknown value
R8 =0x00007fd25c1ba6f8 is an unknown value
R9 =0x0000000000000062 is an unknown value
R10=0xfffffffffffff285 is an unknown value
R11=0x00007fd24856ae30: pj_list_insert_before+0 in /usr/local/lib/libpj.so.2 at 0x00007fd248551000
R12=0x00007fd25c2521b8 is an unknown value
R13=0x0000000000000000 is an unknown value
R14=0x0000000000000000 is an unknown value
R15=0x0000000000000000 is an unknown value


Stack: [0x00007fd263e0a000,0x00007fd263f0a000],  sp=0x00007fd263f084c8,  free space=1017k
Native frames: (J=compiled Java code, j=interpreted, Vv=VM code, C=native code)
C  [libpj.so.2+0x19e17]  pj_list_insert_after+0x7

Java frames: (J=compiled Java code, j=interpreted, Vv=VM code)
j  org.pjsip.pjsua2.pjsua2JNI.Call_answer(JLorg/pjsip/pjsua2/Call;JLorg/pjsip/pjsua2/CallOpParam;)V+0
j  org.pjsip.pjsua2.Call.answer(Lorg/pjsip/pjsua2/CallOpParam;)V+10
j  pjsuacall.PjsuaCall.main([Ljava/lang/String;)V+178
v  ~StubRoutines::call_stub

---------------  P R O C E S S  ---------------

Java Threads: ( => current thread )
  0x00007fd25c0cb000 JavaThread "Service Thread" daemon [_thread_blocked, id=33525, stack(0x00007fd248fcd000,0x00007fd2490ce000)]
  0x00007fd25c0c0000 JavaThread "C1 CompilerThread2" daemon [_thread_blocked, id=33524, stack(0x00007fd2490cf000,0x00007fd2491cf000)]
  0x00007fd25c0be000 JavaThread "C2 CompilerThread1" daemon [_thread_blocked, id=33523, stack(0x00007fd2491d0000,0x00007fd2492d0000)]
  0x00007fd25c0bb800 JavaThread "C2 CompilerThread0" daemon [_thread_blocked, id=33522, stack(0x00007fd26002d000,0x00007fd26012d000)]
  0x00007fd25c0b7800 JavaThread "Signal Dispatcher" daemon [_thread_blocked, id=33521, stack(0x00007fd26012d000,0x00007fd26022e000)]
  0x00007fd25c087000 JavaThread "Finalizer" daemon [_thread_blocked, id=33520, stack(0x00007fd26079e000,0x00007fd26089f000)]
  0x00007fd25c082800 JavaThread "Reference Handler" daemon [_thread_blocked, id=33519, stack(0x00007fd26089f000,0x00007fd2609a0000)]
=>0x00007fd25c00a800 JavaThread "main" [_thread_in_native, id=33513, stack(0x00007fd263e0a000,0x00007fd263f0a000)]

Other Threads:
  0x00007fd25c079000 VMThread [stack: 0x00007fd2609a1000,0x00007fd260aa1000] [id=33518]
  0x00007fd25c0d0000 WatcherThread [stack: 0x00007fd248ecd000,0x00007fd248fcd000] [id=33526]

VM state:not at safepoint (normal execution)

VM Mutex/Monitor currently owned by a thread: None

heap address: 0x0000000085a00000, size: 1958 MB, Compressed Oops mode: 32-bit
Narrow klass base: 0x0000000000000000, Narrow klass shift: 3
Compressed class space size: 1073741824 Address: 0x0000000100000000

Heap:
 PSYoungGen      total 36864K, used 2209K [0x00000000d7380000, 0x00000000d9c80000, 0x0000000100000000)
  eden space 31744K, 6% used [0x00000000d7380000,0x00000000d75a85e0,0x00000000d9280000)
  from space 5120K, 0% used [0x00000000d9780000,0x00000000d9780000,0x00000000d9c80000)
  to   space 5120K, 0% used [0x00000000d9280000,0x00000000d9280000,0x00000000d9780000)
 ParOldGen       total 84992K, used 0K [0x0000000085a00000, 0x000000008ad00000, 0x00000000d7380000)
  object space 84992K, 0% used [0x0000000085a00000,0x0000000085a00000,0x000000008ad00000)
 Metaspace       used 3108K, capacity 5168K, committed 5376K, reserved 1056768K
  class space    used 277K, capacity 424K, committed 512K, reserved 1048576K

Card table byte_map: [0x00007fd263009000,0x00007fd2633dd000] byte_map_base: 0x00007fd262bdc000

Marking Bits: (ParMarkBitMap*) 0x00007fd265035220
 Begin Bits: [0x00007fd2492d0000, 0x00007fd24b168000)
 End Bits:   [0x00007fd24b168000, 0x00007fd24d000000)

Polling page: 0x00007fd2654ce000

CodeCache: size=245760Kb used=1124Kb max_used=1124Kb free=244635Kb
 bounds [0x00007fd24d000000, 0x00007fd24d270000, 0x00007fd25c000000]
 total_blobs=286 nmethods=29 adapters=172
 compilation: enabled

Compilation events (10 events):
Event: 0.138 Thread 0x00007fd25c0c0000   25       1       java.net.URL::getProtocol (5 bytes)
Event: 0.139 Thread 0x00007fd25c0c0000 nmethod 25 0x00007fd24d1171d0 code [0x00007fd24d117320, 0x00007fd24d117430]
Event: 0.147 Thread 0x00007fd25c0c0000   26       3       sun.nio.cs.UTF_8$Encoder::encode (359 bytes)
Event: 0.148 Thread 0x00007fd25c0c0000 nmethod 26 0x00007fd24d117490 code [0x00007fd24d117680, 0x00007fd24d118198]
Event: 0.149 Thread 0x00007fd25c0c0000   27       3       java.lang.AbstractStringBuilder::newCapacity (39 bytes)
Event: 0.149 Thread 0x00007fd25c0c0000 nmethod 27 0x00007fd24d118810 code [0x00007fd24d1189a0, 0x00007fd24d118d88]
Event: 0.149 Thread 0x00007fd25c0c0000   28       1       java.net.URL::getHost (5 bytes)
Event: 0.149 Thread 0x00007fd25c0c0000 nmethod 28 0x00007fd24d118ed0 code [0x00007fd24d119020, 0x00007fd24d119130]
Event: 0.150 Thread 0x00007fd25c0c0000   29       1       java.net.URL::getPath (5 bytes)
Event: 0.150 Thread 0x00007fd25c0c0000 nmethod 29 0x00007fd24d119190 code [0x00007fd24d1192e0, 0x00007fd24d1193f0]

GC Heap History (0 events):
No events

Deoptimization events (0 events):
No events

Classes redefined (0 events):
No events

Internal exceptions (2 events):
Event: 0.033 Thread 0x00007fd25c00a800 Exception <a 'java/lang/NoSuchMethodError': Method sun.misc.Unsafe.defineClass(Ljava/lang/String;[BII)Ljava/lang/Class; name or signature does not match> (0x00000000d7387cc0) thrown at [/scratch/jenkins/workspace/8-2-build-linux-amd64/jdk8u331/2416/hotspo
Event: 0.033 Thread 0x00007fd25c00a800 Exception <a 'java/lang/NoSuchMethodError': Method sun.misc.Unsafe.prefetchRead(Ljava/lang/Object;J)V name or signature does not match> (0x00000000d7387fa8) thrown at [/scratch/jenkins/workspace/8-2-build-linux-amd64/jdk8u331/2416/hotspot/src/share/vm/pri

Events (10 events):
Event: 0.138 loading class org/pjsip/pjsua2/AccountSipConfig
Event: 0.138 loading class org/pjsip/pjsua2/AccountSipConfig done
Event: 0.139 loading class org/pjsip/pjsua2/AuthCredInfoVector
Event: 0.139 loading class org/pjsip/pjsua2/AuthCredInfoVector done
Event: 0.146 loading class org/pjsip/pjsua2/Account
Event: 0.146 loading class org/pjsip/pjsua2/Account done
Event: 0.148 loading class org/pjsip/pjsua2/Call
Event: 0.148 loading class org/pjsip/pjsua2/Call done
Event: 0.150 loading class org/pjsip/pjsua2/CallOpParam
Event: 0.150 loading class org/pjsip/pjsua2/CallOpParam done


Dynamic libraries:
85a00000-8ad00000 rw-p 00000000 00:00 0 
8ad00000-d7380000 ---p 00000000 00:00 0 
d7380000-d9c80000 rw-p 00000000 00:00 0 
d9c80000-100000000 ---p 00000000 00:00 0 
100000000-100080000 rw-p 00000000 00:00 0 
100080000-140000000 ---p 00000000 00:00 0 
55a892c00000-55a892c01000 r-xp 00000000 08:02 5248844                    /home/user/software/jdk1.8.0_331/bin/java
55a892e00000-55a892e01000 r--p 00000000 08:02 5248844                    /home/user/software/jdk1.8.0_331/bin/java
55a892e01000-55a892e02000 rw-p 00001000 08:02 5248844                    /home/user/software/jdk1.8.0_331/bin/java
55a8933e2000-55a893403000 rw-p 00000000 00:00 0                          [heap]
7fd1e0000000-7fd1e0021000 rw-p 00000000 00:00 0 
7fd1e0021000-7fd1e4000000 ---p 00000000 00:00 0 
7fd1e8000000-7fd1ec000000 rw-s 00000000 00:01 9371                       /memfd:pulseaudio (deleted)
7fd1ec000000-7fd1f0000000 rw-s 00000000 00:01 1029                       /memfd:pulseaudio (deleted)
7fd1f0000000-7fd1f4000000 rw-s 00000000 00:01 8173                       /memfd:pulseaudio (deleted)
7fd1f4000000-7fd1f4021000 rw-p 00000000 00:00 0 
7fd1f4021000-7fd1f8000000 ---p 00000000 00:00 0 
7fd1f8000000-7fd1fc000000 rw-s 00000000 00:01 8173                       /memfd:pulseaudio (deleted)
7fd1fc000000-7fd200000000 rw-s 00000000 00:01 9370                       /memfd:pulseaudio (deleted)
7fd200000000-7fd204000000 rw-s 00000000 00:01 1029                       /memfd:pulseaudio (deleted)
7fd204000000-7fd204021000 rw-p 00000000 00:00 0 
7fd204021000-7fd208000000 ---p 00000000 00:00 0 
7fd208000000-7fd20c000000 rw-s 00000000 00:01 10288                      /memfd:pulseaudio (deleted)
7fd20c000000-7fd20c021000 rw-p 00000000 00:00 0 
7fd20c021000-7fd210000000 ---p 00000000 00:00 0 
7fd210000000-7fd210021000 rw-p 00000000 00:00 0 
7fd210021000-7fd214000000 ---p 00000000 00:00 0 
7fd214000000-7fd214021000 rw-p 00000000 00:00 0 
7fd214021000-7fd218000000 ---p 00000000 00:00 0 
7fd218000000-7fd21802e000 rw-p 00000000 00:00 0 
7fd21802e000-7fd21c000000 ---p 00000000 00:00 0 
7fd21c000000-7fd21c021000 rw-p 00000000 00:00 0 
7fd21c021000-7fd220000000 ---p 00000000 00:00 0 
7fd220000000-7fd22003e000 rw-p 00000000 00:00 0 
7fd22003e000-7fd224000000 ---p 00000000 00:00 0 
7fd224000000-7fd224021000 rw-p 00000000 00:00 0 
7fd224021000-7fd228000000 ---p 00000000 00:00 0 
7fd228000000-7fd228021000 rw-p 00000000 00:00 0 
7fd228021000-7fd22c000000 ---p 00000000 00:00 0 
7fd22c000000-7fd22c021000 rw-p 00000000 00:00 0 
7fd22c021000-7fd230000000 ---p 00000000 00:00 0 
7fd230000000-7fd230021000 rw-p 00000000 00:00 0 
7fd230021000-7fd234000000 ---p 00000000 00:00 0 
7fd234000000-7fd234021000 rw-p 00000000 00:00 0 
7fd234021000-7fd238000000 ---p 00000000 00:00 0 
7fd238000000-7fd23c000000 rw-s 00000000 00:01 10288                      /memfd:pulseaudio (deleted)
7fd23c000000-7fd23c021000 rw-p 00000000 00:00 0 
7fd23c021000-7fd240000000 ---p 00000000 00:00 0 
7fd2402b8000-7fd2402b9000 ---p 00000000 00:00 0 
7fd2402b9000-7fd240ab9000 rw-p 00000000 00:00 0 
7fd240ab9000-7fd240aba000 ---p 00000000 00:00 0 
7fd240aba000-7fd2412ba000 rw-p 00000000 00:00 0 
7fd2412ba000-7fd2412bb000 ---p 00000000 00:00 0 
7fd2412bb000-7fd241abb000 rw-p 00000000 00:00 0 
7fd241abb000-7fd241abc000 ---p 00000000 00:00 0 
7fd241abc000-7fd2422bc000 rw-p 00000000 00:00 0 
7fd2422bc000-7fd2422bd000 ---p 00000000 00:00 0 
7fd2422bd000-7fd242abd000 rw-p 00000000 00:00 0 
7fd242abd000-7fd242add000 r--p 00000000 08:02 1449217                    /usr/lib/x86_64-linux-gnu/libdb-5.3.so
7fd242add000-7fd242c1f000 r-xp 00020000 08:02 1449217                    /usr/lib/x86_64-linux-gnu/libdb-5.3.so
7fd242c1f000-7fd242c64000 r--p 00162000 08:02 1449217                    /usr/lib/x86_64-linux-gnu/libdb-5.3.so
7fd242c64000-7fd242c6b000 r--p 001a6000 08:02 1449217                    /usr/lib/x86_64-linux-gnu/libdb-5.3.so
7fd242c6b000-7fd242c6c000 rw-p 001ad000 08:02 1449217                    /usr/lib/x86_64-linux-gnu/libdb-5.3.so
7fd242c6c000-7fd242c72000 r--p 00000000 08:02 1442494                    /usr/lib/x86_64-linux-gnu/libjack.so.0.0.28
7fd242c72000-7fd242c7e000 r-xp 00006000 08:02 1442494                    /usr/lib/x86_64-linux-gnu/libjack.so.0.0.28
7fd242c7e000-7fd242c83000 r--p 00012000 08:02 1442494                    /usr/lib/x86_64-linux-gnu/libjack.so.0.0.28
7fd242c83000-7fd242c84000 r--p 00016000 08:02 1442494                    /usr/lib/x86_64-linux-gnu/libjack.so.0.0.28
7fd242c84000-7fd242c85000 rw-p 00017000 08:02 1442494                    /usr/lib/x86_64-linux-gnu/libjack.so.0.0.28
7fd242c85000-7fd242c8f000 rw-p 00000000 00:00 0 
7fd242ca0000-7fd242ca2000 r--p 00000000 08:02 2097964                    /usr/lib/x86_64-linux-gnu/alsa-lib/libasound_module_ctl_pulse.so
7fd242ca2000-7fd242ca5000 r-xp 00002000 08:02 2097964                    /usr/lib/x86_64-linux-gnu/alsa-lib/libasound_module_ctl_pulse.so
7fd242ca5000-7fd242ca6000 r--p 00005000 08:02 2097964                    /usr/lib/x86_64-linux-gnu/alsa-lib/libasound_module_ctl_pulse.so
7fd242ca6000-7fd242ca7000 r--p 00005000 08:02 2097964                    /usr/lib/x86_64-linux-gnu/alsa-lib/libasound_module_ctl_pulse.so
7fd242ca7000-7fd242ca8000 rw-p 00006000 08:02 2097964                    /usr/lib/x86_64-linux-gnu/alsa-lib/libasound_module_ctl_pulse.so
7fd242ca8000-7fd242e13000 r-xp 00000000 08:02 1450125                    /usr/lib/x86_64-linux-gnu/libsamplerate.so.0.1.8
7fd242e13000-7fd243012000 ---p 0016b000 08:02 1450125                    /usr/lib/x86_64-linux-gnu/libsamplerate.so.0.1.8
7fd243012000-7fd243013000 r--p 0016a000 08:02 1450125                    /usr/lib/x86_64-linux-gnu/libsamplerate.so.0.1.8
7fd243013000-7fd243014000 rw-p 0016b000 08:02 1450125                    /usr/lib/x86_64-linux-gnu/libsamplerate.so.0.1.8
7fd243015000-7fd243016000 r--p 00000000 08:02 2097970                    /usr/lib/x86_64-linux-gnu/alsa-lib/libasound_module_pcm_vdownmix.so
7fd243016000-7fd243017000 r-xp 00001000 08:02 2097970                    /usr/lib/x86_64-linux-gnu/alsa-lib/libasound_module_pcm_vdownmix.so
7fd243017000-7fd243018000 r--p 00002000 08:02 2097970                    /usr/lib/x86_64-linux-gnu/alsa-lib/libasound_module_pcm_vdownmix.so
7fd243018000-7fd243019000 r--p 00002000 08:02 2097970                    /usr/lib/x86_64-linux-gnu/alsa-lib/libasound_module_pcm_vdownmix.so
7fd243019000-7fd24301a000 rw-p 00003000 08:02 2097970                    /usr/lib/x86_64-linux-gnu/alsa-lib/libasound_module_pcm_vdownmix.so
7fd24301a000-7fd24301b000 r--p 00000000 08:02 2097968                    /usr/lib/x86_64-linux-gnu/alsa-lib/libasound_module_pcm_upmix.so
7fd24301b000-7fd24301d000 r-xp 00001000 08:02 2097968                    /usr/lib/x86_64-linux-gnu/alsa-lib/libasound_module_pcm_upmix.so
7fd24301d000-7fd24301e000 r--p 00003000 08:02 2097968                    /usr/lib/x86_64-linux-gnu/alsa-lib/libasound_module_pcm_upmix.so
7fd24301e000-7fd24301f000 r--p 00003000 08:02 2097968                    /usr/lib/x86_64-linux-gnu/alsa-lib/libasound_module_pcm_upmix.so
7fd24301f000-7fd243020000 rw-p 00004000 08:02 2097968                    /usr/lib/x86_64-linux-gnu/alsa-lib/libasound_module_pcm_upmix.so
7fd243020000-7fd243021000 r--p 00000000 08:02 2097966                    /usr/lib/x86_64-linux-gnu/alsa-lib/libasound_module_pcm_oss.so
7fd243021000-7fd243023000 r-xp 00001000 08:02 2097966                    /usr/lib/x86_64-linux-gnu/alsa-lib/libasound_module_pcm_oss.so
7fd243023000-7fd243024000 r--p 00003000 08:02 2097966                    /usr/lib/x86_64-linux-gnu/alsa-lib/libasound_module_pcm_oss.so
7fd243024000-7fd243025000 r--p 00003000 08:02 2097966                    /usr/lib/x86_64-linux-gnu/alsa-lib/libasound_module_pcm_oss.so
7fd243025000-7fd243026000 rw-p 00004000 08:02 2097966                    /usr/lib/x86_64-linux-gnu/alsa-lib/libasound_module_pcm_oss.so
7fd243026000-7fd243028000 r--p 00000000 08:02 2097965                    /usr/lib/x86_64-linux-gnu/alsa-lib/libasound_module_pcm_jack.so
7fd243028000-7fd24302a000 r-xp 00002000 08:02 2097965                    /usr/lib/x86_64-linux-gnu/alsa-lib/libasound_module_pcm_jack.so
7fd24302a000-7fd24302b000 r--p 00004000 08:02 2097965                    /usr/lib/x86_64-linux-gnu/alsa-lib/libasound_module_pcm_jack.so
7fd24302b000-7fd24302c000 r--p 00004000 08:02 2097965                    /usr/lib/x86_64-linux-gnu/alsa-lib/libasound_module_pcm_jack.so
7fd24302c000-7fd24302d000 rw-p 00005000 08:02 2097965                    /usr/lib/x86_64-linux-gnu/alsa-lib/libasound_module_pcm_jack.so
7fd24302d000-7fd24302e000 ---p 00000000 00:00 0 
7fd24302e000-7fd24382e000 rw-p 00000000 00:00 0 
7fd24382e000-7fd243832000 r--p 00000000 08:02 1449497                    /usr/lib/x86_64-linux-gnu/libgpg-error.so.0.28.0
7fd243832000-7fd243845000 r-xp 00004000 08:02 1449497                    /usr/lib/x86_64-linux-gnu/libgpg-error.so.0.28.0
7fd243845000-7fd24384f000 r--p 00017000 08:02 1449497                    /usr/lib/x86_64-linux-gnu/libgpg-error.so.0.28.0
7fd24384f000-7fd243850000 r--p 00020000 08:02 1449497                    /usr/lib/x86_64-linux-gnu/libgpg-error.so.0.28.0
7fd243850000-7fd243851000 rw-p 00021000 08:02 1449497                    /usr/lib/x86_64-linux-gnu/libgpg-error.so.0.28.0
7fd243851000-7fd243855000 r--p 00000000 08:02 1449109                    /usr/lib/x86_64-linux-gnu/libbsd.so.0.10.0
7fd243855000-7fd243864000 r-xp 00004000 08:02 1449109                    /usr/lib/x86_64-linux-gnu/libbsd.so.0.10.0
7fd243864000-7fd243867000 r--p 00013000 08:02 1449109                    /usr/lib/x86_64-linux-gnu/libbsd.so.0.10.0
7fd243867000-7fd243868000 ---p 00016000 08:02 1449109                    /usr/lib/x86_64-linux-gnu/libbsd.so.0.10.0
7fd243868000-7fd243869000 r--p 00016000 08:02 1449109                    /usr/lib/x86_64-linux-gnu/libbsd.so.0.10.0
7fd243869000-7fd24386a000 rw-p 00017000 08:02 1449109                    /usr/lib/x86_64-linux-gnu/libbsd.so.0.10.0
7fd24386a000-7fd24386b000 rw-p 00000000 00:00 0 
7fd24386b000-7fd24386f000 r--p 00000000 08:02 1445806                    /usr/lib/x86_64-linux-gnu/libresolv-2.31.so
7fd24386f000-7fd24387f000 r-xp 00004000 08:02 1445806                    /usr/lib/x86_64-linux-gnu/libresolv-2.31.so
7fd24387f000-7fd243883000 r--p 00014000 08:02 1445806                    /usr/lib/x86_64-linux-gnu/libresolv-2.31.so
7fd243883000-7fd243884000 r--p 00017000 08:02 1445806                    /usr/lib/x86_64-linux-gnu/libresolv-2.31.so
7fd243884000-7fd243885000 rw-p 00018000 08:02 1445806                    /usr/lib/x86_64-linux-gnu/libresolv-2.31.so
7fd243885000-7fd243887000 rw-p 00000000 00:00 0 
7fd243887000-7fd24389b000 r--p 00000000 08:02 1450341                    /usr/lib/x86_64-linux-gnu/libvorbisenc.so.2.0.11
7fd24389b000-7fd24389e000 r-xp 00014000 08:02 1450341                    /usr/lib/x86_64-linux-gnu/libvorbisenc.so.2.0.11
7fd24389e000-7fd243915000 r--p 00017000 08:02 1450341                    /usr/lib/x86_64-linux-gnu/libvorbisenc.so.2.0.11
7fd243915000-7fd243931000 r--p 0008d000 08:02 1450341                    /usr/lib/x86_64-linux-gnu/libvorbisenc.so.2.0.11
7fd243931000-7fd243932000 rw-p 000a9000 08:02 1450341                    /usr/lib/x86_64-linux-gnu/libvorbisenc.so.2.0.11
7fd243932000-7fd243935000 r--p 00000000 08:02 1450339                    /usr/lib/x86_64-linux-gnu/libvorbis.so.0.4.8
7fd243935000-7fd24394c000 r-xp 00003000 08:02 1450339                    /usr/lib/x86_64-linux-gnu/libvorbis.so.0.4.8
7fd24394c000-7fd24395d000 r--p 0001a000 08:02 1450339                    /usr/lib/x86_64-linux-gnu/libvorbis.so.0.4.8
7fd24395d000-7fd24395e000 ---p 0002b000 08:02 1450339                    /usr/lib/x86_64-linux-gnu/libvorbis.so.0.4.8
7fd24395e000-7fd24395f000 r--p 0002b000 08:02 1450339                    /usr/lib/x86_64-linux-gnu/libvorbis.so.0.4.8
7fd24395f000-7fd243960000 rw-p 0002c000 08:02 1450339                    /usr/lib/x86_64-linux-gnu/libvorbis.so.0.4.8
7fd243960000-7fd243962000 r--p 00000000 08:02 1449917                    /usr/lib/x86_64-linux-gnu/libogg.so.0.8.4
7fd243962000-7fd243967000 r-xp 00002000 08:02 1449917                    /usr/lib/x86_64-linux-gnu/libogg.so.0.8.4
7fd243967000-7fd24396a000 r--p 00007000 08:02 1449917                    /usr/lib/x86_64-linux-gnu/libogg.so.0.8.4
7fd24396a000-7fd24396b000 ---p 0000a000 08:02 1449917                    /usr/lib/x86_64-linux-gnu/libogg.so.0.8.4
7fd24396b000-7fd24396c000 r--p 0000a000 08:02 1449917                    /usr/lib/x86_64-linux-gnu/libogg.so.0.8.4
7fd24396c000-7fd24396d000 rw-p 0000b000 08:02 1449917                    /usr/lib/x86_64-linux-gnu/libogg.so.0.8.4
7fd24396d000-7fd243975000 r--p 00000000 08:02 1448904                    /usr/lib/x86_64-linux-gnu/libFLAC.so.8.3.0
7fd243975000-7fd24399e000 r-xp 00008000 08:02 1448904                    /usr/lib/x86_64-linux-gnu/libFLAC.so.8.3.0
7fd24399e000-7fd2439a8000 r--p 00031000 08:02 1448904                    /usr/lib/x86_64-linux-gnu/libFLAC.so.8.3.0
7fd2439a8000-7fd2439a9000 ---p 0003b000 08:02 1448904                    /usr/lib/x86_64-linux-gnu/libFLAC.so.8.3.0
7fd2439a9000-7fd2439aa000 r--p 0003b000 08:02 1448904                    /usr/lib/x86_64-linux-gnu/libFLAC.so.8.3.0
7fd2439aa000-7fd2439ab000 rw-p 0003c000 08:02 1448904                    /usr/lib/x86_64-linux-gnu/libFLAC.so.8.3.0
7fd2439ab000-7fd2439af000 r--p 00000000 08:02 1445797                    /usr/lib/x86_64-linux-gnu/libnsl-2.31.so
7fd2439af000-7fd2439bf000 r-xp 00004000 08:02 1445797                    /usr/lib/x86_64-linux-gnu/libnsl-2.31.so
7fd2439bf000-7fd2439c4000 r--p 00014000 08:02 1445797                    /usr/lib/x86_64-linux-gnu/libnsl-2.31.so
7fd2439c4000-7fd2439c5000 r--p 00018000 08:02 1445797                    /usr/lib/x86_64-linux-gnu/libnsl-2.31.so
7fd2439c5000-7fd2439c6000 rw-p 00019000 08:02 1445797                    /usr/lib/x86_64-linux-gnu/libnsl-2.31.so
7fd2439c6000-7fd2439c8000 rw-p 00000000 00:00 0 
7fd2439c8000-7fd2439d4000 r--p 00000000 08:02 1447651                    /usr/lib/x86_64-linux-gnu/libgcrypt.so.20.2.5
7fd2439d4000-7fd243aa2000 r-xp 0000c000 08:02 1447651                    /usr/lib/x86_64-linux-gnu/libgcrypt.so.20.2.5
7fd243aa2000-7fd243adf000 r--p 000da000 08:02 1447651                    /usr/lib/x86_64-linux-gnu/libgcrypt.so.20.2.5
7fd243adf000-7fd243ae1000 r--p 00116000 08:02 1447651                    /usr/lib/x86_64-linux-gnu/libgcrypt.so.20.2.5
7fd243ae1000-7fd243ae6000 rw-p 00118000 08:02 1447651                    /usr/lib/x86_64-linux-gnu/libgcrypt.so.20.2.5
7fd243ae6000-7fd243ae8000 r--p 00000000 08:02 1449762                    /usr/lib/x86_64-linux-gnu/liblz4.so.1.9.2
7fd243ae8000-7fd243b02000 r-xp 00002000 08:02 1449762                    /usr/lib/x86_64-linux-gnu/liblz4.so.1.9.2
7fd243b02000-7fd243b05000 r--p 0001c000 08:02 1449762                    /usr/lib/x86_64-linux-gnu/liblz4.so.1.9.2
7fd243b05000-7fd243b06000 r--p 0001e000 08:02 1449762                    /usr/lib/x86_64-linux-gnu/liblz4.so.1.9.2
7fd243b06000-7fd243b07000 rw-p 0001f000 08:02 1449762                    /usr/lib/x86_64-linux-gnu/liblz4.so.1.9.2
7fd243b07000-7fd243b0a000 r--p 00000000 08:02 1443497                    /usr/lib/x86_64-linux-gnu/liblzma.so.5.2.4
7fd243b0a000-7fd243b22000 r-xp 00003000 08:02 1443497                    /usr/lib/x86_64-linux-gnu/liblzma.so.5.2.4
7fd243b22000-7fd243b2d000 r--p 0001b000 08:02 1443497                    /usr/lib/x86_64-linux-gnu/liblzma.so.5.2.4
7fd243b2d000-7fd243b2e000 ---p 00026000 08:02 1443497                    /usr/lib/x86_64-linux-gnu/liblzma.so.5.2.4
7fd243b2e000-7fd243b2f000 r--p 00026000 08:02 1443497                    /usr/lib/x86_64-linux-gnu/liblzma.so.5.2.4
7fd243b2f000-7fd243b30000 rw-p 00027000 08:02 1443497                    /usr/lib/x86_64-linux-gnu/liblzma.so.5.2.4
7fd243b30000-7fd243b33000 r--p 00000000 08:02 1449007                    /usr/lib/x86_64-linux-gnu/libapparmor.so.1.6.1
7fd243b33000-7fd243b3c000 r-xp 00003000 08:02 1449007                    /usr/lib/x86_64-linux-gnu/libapparmor.so.1.6.1
7fd243b3c000-7fd243b43000 r--p 0000c000 08:02 1449007                    /usr/lib/x86_64-linux-gnu/libapparmor.so.1.6.1
7fd243b43000-7fd243b44000 r--p 00012000 08:02 1449007                    /usr/lib/x86_64-linux-gnu/libapparmor.so.1.6.1
7fd243b44000-7fd243b45000 rw-p 00013000 08:02 1449007                    /usr/lib/x86_64-linux-gnu/libapparmor.so.1.6.1
7fd243b45000-7fd243b4a000 r-xp 00000000 08:02 1449028                    /usr/lib/x86_64-linux-gnu/libasyncns.so.0.3.1
7fd243b4a000-7fd243d49000 ---p 00005000 08:02 1449028                    /usr/lib/x86_64-linux-gnu/libasyncns.so.0.3.1
7fd243d49000-7fd243d4a000 r--p 00004000 08:02 1449028                    /usr/lib/x86_64-linux-gnu/libasyncns.so.0.3.1
7fd243d4a000-7fd243d4b000 rw-p 00005000 08:02 1449028                    /usr/lib/x86_64-linux-gnu/libasyncns.so.0.3.1
7fd243d4b000-7fd243d52000 r--p 00000000 08:02 1450170                    /usr/lib/x86_64-linux-gnu/libsndfile.so.1.0.28
7fd243d52000-7fd243da5000 r-xp 00007000 08:02 1450170                    /usr/lib/x86_64-linux-gnu/libsndfile.so.1.0.28
7fd243da5000-7fd243dc2000 r--p 0005a000 08:02 1450170                    /usr/lib/x86_64-linux-gnu/libsndfile.so.1.0.28
7fd243dc2000-7fd243dc3000 ---p 00077000 08:02 1450170                    /usr/lib/x86_64-linux-gnu/libsndfile.so.1.0.28
7fd243dc3000-7fd243dc6000 r--p 00077000 08:02 1450170                    /usr/lib/x86_64-linux-gnu/libsndfile.so.1.0.28
7fd243dc6000-7fd243dc7000 rw-p 0007a000 08:02 1450170                    /usr/lib/x86_64-linux-gnu/libsndfile.so.1.0.28
7fd243dc7000-7fd243dc9000 rw-p 00000000 00:00 0 
7fd243dc9000-7fd243dd9000 r--p 00000000 08:02 1446018                    /usr/lib/x86_64-linux-gnu/libsystemd.so.0.28.0
7fd243dd9000-7fd243e4e000 r-xp 00010000 08:02 1446018                    /usr/lib/x86_64-linux-gnu/libsystemd.so.0.28.0
7fd243e4e000-7fd243e73000 r--p 00085000 08:02 1446018                    /usr/lib/x86_64-linux-gnu/libsystemd.so.0.28.0
7fd243e73000-7fd243e76000 r--p 000a9000 08:02 1446018                    /usr/lib/x86_64-linux-gnu/libsystemd.so.0.28.0
7fd243e76000-7fd243e77000 rw-p 000ac000 08:02 1446018                    /usr/lib/x86_64-linux-gnu/libsystemd.so.0.28.0
7fd243e77000-7fd243e78000 rw-p 00000000 00:00 0 
7fd243e78000-7fd243e83000 r--p 00000000 08:02 1450442                    /usr/lib/x86_64-linux-gnu/libxcb.so.1.1.0
7fd243e83000-7fd243e97000 r-xp 0000b000 08:02 1450442                    /usr/lib/x86_64-linux-gnu/libxcb.so.1.1.0
7fd243e97000-7fd243ea0000 r--p 0001f000 08:02 1450442                    /usr/lib/x86_64-linux-gnu/libxcb.so.1.1.0
7fd243ea0000-7fd243ea1000 r--p 00027000 08:02 1450442                    /usr/lib/x86_64-linux-gnu/libxcb.so.1.1.0
7fd243ea1000-7fd243ea2000 rw-p 00028000 08:02 1450442                    /usr/lib/x86_64-linux-gnu/libxcb.so.1.1.0
7fd243ea2000-7fd243ead000 r--p 00000000 08:02 1442000                    /usr/lib/x86_64-linux-gnu/libdbus-1.so.3.19.11
7fd243ead000-7fd243edb000 r-xp 0000b000 08:02 1442000                    /usr/lib/x86_64-linux-gnu/libdbus-1.so.3.19.11
7fd243edb000-7fd243ef0000 r--p 00039000 08:02 1442000                    /usr/lib/x86_64-linux-gnu/libdbus-1.so.3.19.11
7fd243ef0000-7fd243ef1000 ---p 0004e000 08:02 1442000                    /usr/lib/x86_64-linux-gnu/libdbus-1.so.3.19.11
7fd243ef1000-7fd243ef2000 r--p 0004e000 08:02 1442000                    /usr/lib/x86_64-linux-gnu/libdbus-1.so.3.19.11
7fd243ef2000-7fd243ef3000 rw-p 0004f000 08:02 1442000                    /usr/lib/x86_64-linux-gnu/libdbus-1.so.3.19.11
7fd243ef3000-7fd243f04000 r--p 00000000 08:02 2097637                    /usr/lib/x86_64-linux-gnu/pulseaudio/libpulsecommon-13.99.so
7fd243f04000-7fd243f4c000 r-xp 00011000 08:02 2097637                    /usr/lib/x86_64-linux-gnu/pulseaudio/libpulsecommon-13.99.so
7fd243f4c000-7fd243f71000 r--p 00059000 08:02 2097637                    /usr/lib/x86_64-linux-gnu/pulseaudio/libpulsecommon-13.99.so
7fd243f71000-7fd243f72000 ---p 0007e000 08:02 2097637                    /usr/lib/x86_64-linux-gnu/pulseaudio/libpulsecommon-13.99.so
7fd243f72000-7fd243f74000 r--p 0007e000 08:02 2097637                    /usr/lib/x86_64-linux-gnu/pulseaudio/libpulsecommon-13.99.so
7fd243f74000-7fd243f75000 rw-p 00080000 08:02 2097637                    /usr/lib/x86_64-linux-gnu/pulseaudio/libpulsecommon-13.99.so
7fd243f75000-7fd243f81000 r--p 00000000 08:02 1442666                    /usr/lib/x86_64-linux-gnu/libpulse.so.0.21.2
7fd243f81000-7fd243fb1000 r-xp 0000c000 08:02 1442666                    /usr/lib/x86_64-linux-gnu/libpulse.so.0.21.2
7fd243fb1000-7fd243fc7000 r--p 0003c000 08:02 1442666                    /usr/lib/x86_64-linux-gnu/libpulse.so.0.21.2
7fd243fc7000-7fd243fc9000 r--p 00051000 08:02 1442666                    /usr/lib/x86_64-linux-gnu/libpulse.so.0.21.2
7fd243fc9000-7fd243fca000 rw-p 00053000 08:02 1442666                    /usr/lib/x86_64-linux-gnu/libpulse.so.0.21.2
7fd243fcc000-7fd243fcd000 r--p 00000000 08:02 2097976                    /usr/lib/x86_64-linux-gnu/alsa-lib/libasound_module_rate_speexrate.so
7fd243fcd000-7fd243fd0000 r-xp 00001000 08:02 2097976                    /usr/lib/x86_64-linux-gnu/alsa-lib/libasound_module_rate_speexrate.so
7fd243fd0000-7fd243fd1000 r--p 00004000 08:02 2097976                    /usr/lib/x86_64-linux-gnu/alsa-lib/libasound_module_rate_speexrate.so
7fd243fd1000-7fd243fd2000 r--p 00004000 08:02 2097976                    /usr/lib/x86_64-linux-gnu/alsa-lib/libasound_module_rate_speexrate.so
7fd243fd2000-7fd243fd3000 rw-p 00005000 08:02 2097976                    /usr/lib/x86_64-linux-gnu/alsa-lib/libasound_module_rate_speexrate.so
7fd243fd3000-7fd243fd5000 r--p 00000000 08:02 2097967                    /usr/lib/x86_64-linux-gnu/alsa-lib/libasound_module_pcm_pulse.so
7fd243fd5000-7fd243fd8000 r-xp 00002000 08:02 2097967                    /usr/lib/x86_64-linux-gnu/alsa-lib/libasound_module_pcm_pulse.so
7fd243fd8000-7fd243fd9000 r--p 00005000 08:02 2097967                    /usr/lib/x86_64-linux-gnu/alsa-lib/libasound_module_pcm_pulse.so
7fd243fd9000-7fd243fda000 ---p 00006000 08:02 2097967                    /usr/lib/x86_64-linux-gnu/alsa-lib/libasound_module_pcm_pulse.so
7fd243fda000-7fd243fdb000 r--p 00006000 08:02 2097967                    /usr/lib/x86_64-linux-gnu/alsa-lib/libasound_module_pcm_pulse.so
7fd243fdb000-7fd243fdc000 rw-p 00007000 08:02 2097967                    /usr/lib/x86_64-linux-gnu/alsa-lib/libasound_module_pcm_pulse.so
7fd243fdc000-7fd243fe3000 r--s 00000000 08:02 2102563                    /usr/lib/x86_64-linux-gnu/gconv/gconv-modules.cache
7fd243fe3000-7fd243fe5000 r--p 00000000 08:02 2234013                    /usr/local/lib/libilbccodec.so.2
7fd243fe5000-7fd243fef000 r-xp 00002000 08:02 2234013                    /usr/local/lib/libilbccodec.so.2
7fd243fef000-7fd243ff1000 r--p 0000c000 08:02 2234013                    /usr/local/lib/libilbccodec.so.2
7fd243ff1000-7fd243ff2000 r--p 0000d000 08:02 2234013                    /usr/local/lib/libilbccodec.so.2
7fd243ff2000-7fd243ff4000 rw-p 0000e000 08:02 2234013                    /usr/local/lib/libilbccodec.so.2
7fd243ff4000-7fd243ff5000 r--p 00000000 08:02 2234009                    /usr/local/lib/libgsmcodec.so.2
7fd243ff5000-7fd243ffd000 r-xp 00001000 08:02 2234009                    /usr/local/lib/libgsmcodec.so.2
7fd243ffd000-7fd243ffe000 r--p 00009000 08:02 2234009                    /usr/local/lib/libgsmcodec.so.2
7fd243ffe000-7fd243fff000 r--p 00009000 08:02 2234009                    /usr/local/lib/libgsmcodec.so.2
7fd243fff000-7fd244000000 rw-p 0000a000 08:02 2234009                    /usr/local/lib/libgsmcodec.so.2
7fd244000000-7fd244021000 rw-p 00000000 00:00 0 
7fd244021000-7fd248000000 ---p 00000000 00:00 0 
7fd248003000-7fd248005000 r--p 00000000 08:02 1448951                    /usr/lib/x86_64-linux-gnu/libXdmcp.so.6.0.0
7fd248005000-7fd248007000 r-xp 00002000 08:02 1448951                    /usr/lib/x86_64-linux-gnu/libXdmcp.so.6.0.0
7fd248007000-7fd248009000 r--p 00004000 08:02 1448951                    /usr/lib/x86_64-linux-gnu/libXdmcp.so.6.0.0
7fd248009000-7fd24800a000 r--p 00005000 08:02 1448951                    /usr/lib/x86_64-linux-gnu/libXdmcp.so.6.0.0
7fd24800a000-7fd24800b000 rw-p 00006000 08:02 1448951                    /usr/lib/x86_64-linux-gnu/libXdmcp.so.6.0.0
7fd24800b000-7fd248035000 r--p 00000000 08:02 1442673                    /usr/lib/x86_64-linux-gnu/libasound.so.2.0.0
7fd248035000-7fd2480c4000 r-xp 0002a000 08:02 1442673                    /usr/lib/x86_64-linux-gnu/libasound.so.2.0.0
7fd2480c4000-7fd2480fe000 r--p 000b9000 08:02 1442673                    /usr/lib/x86_64-linux-gnu/libasound.so.2.0.0
7fd2480fe000-7fd248105000 r--p 000f2000 08:02 1442673                    /usr/lib/x86_64-linux-gnu/libasound.so.2.0.0
7fd248105000-7fd248106000 rw-p 000f9000 08:02 1442673                    /usr/lib/x86_64-linux-gnu/libasound.so.2.0.0
7fd248106000-7fd248122000 r--p 00000000 08:02 1444253                    /usr/lib/x86_64-linux-gnu/libssl.so.1.1
7fd248122000-7fd248171000 r-xp 0001c000 08:02 1444253                    /usr/lib/x86_64-linux-gnu/libssl.so.1.1
7fd248171000-7fd24818b000 r--p 0006b000 08:02 1444253                    /usr/lib/x86_64-linux-gnu/libssl.so.1.1
7fd24818b000-7fd24818c000 ---p 00085000 08:02 1444253                    /usr/lib/x86_64-linux-gnu/libssl.so.1.1
7fd24818c000-7fd248195000 r--p 00085000 08:02 1444253                    /usr/lib/x86_64-linux-gnu/libssl.so.1.1
7fd248195000-7fd248199000 rw-p 0008e000 08:02 1444253                    /usr/lib/x86_64-linux-gnu/libssl.so.1.1
7fd248199000-7fd24819f000 r--p 00000000 08:02 2234019                    /usr/local/lib/libwebrtc.so.2
7fd24819f000-7fd2481b8000 r-xp 00006000 08:02 2234019                    /usr/local/lib/libwebrtc.so.2
7fd2481b8000-7fd2481c0000 r--p 0001f000 08:02 2234019                    /usr/local/lib/libwebrtc.so.2
7fd2481c0000-7fd2481c1000 r--p 00026000 08:02 2234019                    /usr/local/lib/libwebrtc.so.2
7fd2481c1000-7fd2481c2000 rw-p 00027000 08:02 2234019                    /usr/local/lib/libwebrtc.so.2
7fd2481c2000-7fd2481c8000 r--p 00000000 08:02 2234011                    /usr/local/lib/libspeex.so.2
7fd2481c8000-7fd2481e6000 r-xp 00006000 08:02 2234011                    /usr/local/lib/libspeex.so.2
7fd2481e6000-7fd2481ee000 r--p 00024000 08:02 2234011                    /usr/local/lib/libspeex.so.2
7fd2481ee000-7fd2481ef000 ---p 0002c000 08:02 2234011                    /usr/local/lib/libspeex.so.2
7fd2481ef000-7fd2481f0000 r--p 0002c000 08:02 2234011                    /usr/local/lib/libspeex.so.2
7fd2481f0000-7fd2481f1000 rw-p 0002d000 08:02 2234011                    /usr/local/lib/libspeex.so.2
7fd2481f1000-7fd2481f2000 r--p 00000000 08:02 2234007                    /usr/local/lib/libresample.so.2
7fd2481f2000-7fd2481f3000 r-xp 00001000 08:02 2234007                    /usr/local/lib/libresample.so.2
7fd2481f3000-7fd2481fe000 r--p 00002000 08:02 2234007                    /usr/local/lib/libresample.so.2
7fd2481fe000-7fd2481ff000 r--p 0000c000 08:02 2234007                    /usr/local/lib/libresample.so.2
7fd2481ff000-7fd248200000 rw-p 0000d000 08:02 2234007                    /usr/local/lib/libresample.so.2
7fd248200000-7fd248205000 r--p 00000000 08:02 2234005                    /usr/local/lib/libsrtp.so.2
7fd248205000-7fd248210000 r-xp 00005000 08:02 2234005                    /usr/local/lib/libsrtp.so.2
7fd248210000-7fd248214000 r--p 00010000 08:02 2234005                    /usr/local/lib/libsrtp.so.2
7fd248214000-7fd248215000 r--p 00013000 08:02 2234005                    /usr/local/lib/libsrtp.so.2
7fd248215000-7fd248216000 rw-p 00014000 08:02 2234005                    /usr/local/lib/libsrtp.so.2
7fd248216000-7fd24828e000 r--p 00000000 08:02 1442325                    /usr/lib/x86_64-linux-gnu/libcrypto.so.1.1
7fd24828e000-7fd248429000 r-xp 00078000 08:02 1442325                    /usr/lib/x86_64-linux-gnu/libcrypto.so.1.1
7fd248429000-7fd2484ba000 r--p 00213000 08:02 1442325                    /usr/lib/x86_64-linux-gnu/libcrypto.so.1.1
7fd2484ba000-7fd2484e6000 r--p 002a3000 08:02 1442325                    /usr/lib/x86_64-linux-gnu/libcrypto.so.1.1
7fd2484e6000-7fd2484e8000 rw-p 002cf000 08:02 1442325                    /usr/lib/x86_64-linux-gnu/libcrypto.so.1.1
7fd2484e8000-7fd2484ec000 rw-p 00000000 00:00 0 
7fd2484ec000-7fd2484f4000 r--p 00000000 08:02 2234039                    /usr/local/lib/libpjnath.so.2
7fd2484f4000-7fd248512000 r-xp 00008000 08:02 2234039                    /usr/local/lib/libpjnath.so.2
7fd248512000-7fd24851e000 r--p 00026000 08:02 2234039                    /usr/local/lib/libpjnath.so.2
7fd24851e000-7fd24851f000 r--p 00031000 08:02 2234039                    /usr/local/lib/libpjnath.so.2
7fd24851f000-7fd248521000 rw-p 00032000 08:02 2234039                    /usr/local/lib/libpjnath.so.2
7fd248521000-7fd248524000 r--p 00000000 08:02 2234031                    /usr/local/lib/libpjmedia-codec.so.2
7fd248524000-7fd24852c000 r-xp 00003000 08:02 2234031                    /usr/local/lib/libpjmedia-codec.so.2
7fd24852c000-7fd24852f000 r--p 0000b000 08:02 2234031                    /usr/local/lib/libpjmedia-codec.so.2
7fd24852f000-7fd248530000 r--p 0000d000 08:02 2234031                    /usr/local/lib/libpjmedia-codec.so.2
7fd248530000-7fd248531000 rw-p 0000e000 08:02 2234031                    /usr/local/lib/libpjmedia-codec.so.2
7fd248531000-7fd248537000 r--p 00000000 08:02 2234025                    /usr/local/lib/libpjsip-ua.so.2
7fd248537000-7fd248549000 r-xp 00006000 08:02 2234025                    /usr/local/lib/libpjsip-ua.so.2
7fd248549000-7fd24854f000 r--p 00018000 08:02 2234025                    /usr/local/lib/libpjsip-ua.so.2
7fd24854f000-7fd248550000 r--p 0001d000 08:02 2234025                    /usr/local/lib/libpjsip-ua.so.2
7fd248550000-7fd248551000 rw-p 0001e000 08:02 2234025                    /usr/local/lib/libpjsip-ua.so.2
7fd248551000-7fd24855d000 r--p 00000000 08:02 2234043                    /usr/local/lib/libpj.so.2
7fd24855d000-7fd24857b000 r-xp 0000c000 08:02 2234043                    /usr/local/lib/libpj.so.2
7fd24857b000-7fd248586000 r--p 0002a000 08:02 2234043                    /usr/local/lib/libpj.so.2
7fd248586000-7fd248587000 ---p 00035000 08:02 2234043                    /usr/local/lib/libpj.so.2
7fd248587000-7fd248588000 r--p 00035000 08:02 2234043                    /usr/local/lib/libpj.so.2
7fd248588000-7fd248589000 rw-p 00036000 08:02 2234043                    /usr/local/lib/libpj.so.2
7fd248589000-7fd24858b000 rw-p 00000000 00:00 0 
7fd24858b000-7fd248592000 r--p 00000000 08:02 2234041                    /usr/local/lib/libpjlib-util.so.2
7fd248592000-7fd2485ac000 r-xp 00007000 08:02 2234041                    /usr/local/lib/libpjlib-util.so.2
7fd2485ac000-7fd2485b4000 r--p 00021000 08:02 2234041                    /usr/local/lib/libpjlib-util.so.2
7fd2485b4000-7fd2485b5000 r--p 00028000 08:02 2234041                    /usr/local/lib/libpjlib-util.so.2
7fd2485b5000-7fd2485b6000 rw-p 00029000 08:02 2234041                    /usr/local/lib/libpjlib-util.so.2
7fd2485b6000-7fd2485c4000 r--p 00000000 08:02 2234035                    /usr/local/lib/libpjmedia.so.2
7fd2485c4000-7fd2485fc000 r-xp 0000e000 08:02 2234035                    /usr/local/lib/libpjmedia.so.2
7fd2485fc000-7fd248619000 r--p 00046000 08:02 2234035                    /usr/local/lib/libpjmedia.so.2
7fd248619000-7fd24861a000 ---p 00063000 08:02 2234035                    /usr/local/lib/libpjmedia.so.2
7fd24861a000-7fd24861b000 r--p 00063000 08:02 2234035                    /usr/local/lib/libpjmedia.so.2
7fd24861b000-7fd24861d000 rw-p 00064000 08:02 2234035                    /usr/local/lib/libpjmedia.so.2
7fd24861d000-7fd24861e000 rw-p 00000000 00:00 0 
7fd24861e000-7fd24862c000 r--p 00000000 08:02 2234029                    /usr/local/lib/libpjsip.so.2
7fd24862c000-7fd24865c000 r-xp 0000e000 08:02 2234029                    /usr/local/lib/libpjsip.so.2
7fd24865c000-7fd24866d000 r--p 0003e000 08:02 2234029                    /usr/local/lib/libpjsip.so.2
7fd24866d000-7fd24866f000 r--p 0004e000 08:02 2234029                    /usr/local/lib/libpjsip.so.2
7fd24866f000-7fd248671000 rw-p 00050000 08:02 2234029                    /usr/local/lib/libpjsip.so.2
7fd248671000-7fd248676000 rw-p 00000000 00:00 0 
7fd248676000-7fd24867c000 r--p 00000000 08:02 2234027                    /usr/local/lib/libpjsip-simple.so.2
7fd24867c000-7fd248687000 r-xp 00006000 08:02 2234027                    /usr/local/lib/libpjsip-simple.so.2
7fd248687000-7fd24868b000 r--p 00011000 08:02 2234027                    /usr/local/lib/libpjsip-simple.so.2
7fd24868b000-7fd24868c000 ---p 00015000 08:02 2234027                    /usr/local/lib/libpjsip-simple.so.2
7fd24868c000-7fd24868d000 r--p 00015000 08:02 2234027                    /usr/local/lib/libpjsip-simple.so.2
7fd24868d000-7fd24868e000 rw-p 00016000 08:02 2234027                    /usr/local/lib/libpjsip-simple.so.2
7fd24868e000-7fd24869c000 r--p 00000000 08:02 2234023                    /usr/local/lib/libpjsua.so.2
7fd24869c000-7fd2486d1000 r-xp 0000e000 08:02 2234023                    /usr/local/lib/libpjsua.so.2
7fd2486d1000-7fd2486de000 r--p 00043000 08:02 2234023                    /usr/local/lib/libpjsua.so.2
7fd2486de000-7fd2486df000 r--p 0004f000 08:02 2234023                    /usr/local/lib/libpjsua.so.2
7fd2486df000-7fd2486e1000 rw-p 00050000 08:02 2234023                    /usr/local/lib/libpjsua.so.2
7fd2486e1000-7fd2487c3000 rw-p 00000000 00:00 0 
7fd2487c3000-7fd2487df000 r--p 00000000 08:02 2234021                    /usr/local/lib/libpjsua2.so.2
7fd2487df000-7fd248833000 r-xp 0001c000 08:02 2234021                    /usr/local/lib/libpjsua2.so.2
7fd248833000-7fd248848000 r--p 00070000 08:02 2234021                    /usr/local/lib/libpjsua2.so.2
7fd248848000-7fd24884a000 r--p 00084000 08:02 2234021                    /usr/local/lib/libpjsua2.so.2
7fd24884a000-7fd24884c000 rw-p 00086000 08:02 2234021                    /usr/local/lib/libpjsua2.so.2
7fd24884c000-7fd24889b000 r--p 00000000 08:02 3415529                    /home/user/NetBeansProjects/pjsuaCall/src/pjsuacall/dynamicLib/libpjsua2.so
7fd24889b000-7fd248927000 r-xp 0004f000 08:02 3415529                    /home/user/NetBeansProjects/pjsuaCall/src/pjsuacall/dynamicLib/libpjsua2.so
7fd248927000-7fd24895d000 r--p 000db000 08:02 3415529                    /home/user/NetBeansProjects/pjsuaCall/src/pjsuacall/dynamicLib/libpjsua2.so
7fd24895d000-7fd24895e000 ---p 00111000 08:02 3415529                    /home/user/NetBeansProjects/pjsuaCall/src/pjsuacall/dynamicLib/libpjsua2.so
7fd24895e000-7fd24895f000 r--p 00111000 08:02 3415529                    /home/user/NetBeansProjects/pjsuaCall/src/pjsuacall/dynamicLib/libpjsua2.so
7fd24895f000-7fd248961000 rw-p 00112000 08:02 3415529                    /home/user/NetBeansProjects/pjsuaCall/src/pjsuacall/dynamicLib/libpjsua2.so
7fd248961000-7fd248964000 r--p 00000000 08:02 1449406                    /usr/lib/x86_64-linux-gnu/libgcc_s.so.1
7fd248964000-7fd248976000 r-xp 00003000 08:02 1449406                    /usr/lib/x86_64-linux-gnu/libgcc_s.so.1
7fd248976000-7fd24897a000 r--p 00015000 08:02 1449406                    /usr/lib/x86_64-linux-gnu/libgcc_s.so.1
7fd24897a000-7fd24897b000 r--p 00018000 08:02 1449406                    /usr/lib/x86_64-linux-gnu/libgcc_s.so.1
7fd24897b000-7fd24897c000 rw-p 00019000 08:02 1449406                    /usr/lib/x86_64-linux-gnu/libgcc_s.so.1
7fd24897c000-7fd248a12000 r--p 00000000 08:02 1450209                    /usr/lib/x86_64-linux-gnu/libstdc++.so.6.0.28
7fd248a12000-7fd248b03000 r-xp 00096000 08:02 1450209                    /usr/lib/x86_64-linux-gnu/libstdc++.so.6.0.28
7fd248b03000-7fd248b4c000 r--p 00187000 08:02 1450209                    /usr/lib/x86_64-linux-gnu/libstdc++.so.6.0.28
7fd248b4c000-7fd248b4d000 ---p 001d0000 08:02 1450209                    /usr/lib/x86_64-linux-gnu/libstdc++.so.6.0.28
7fd248b4d000-7fd248b58000 r--p 001d0000 08:02 1450209                    /usr/lib/x86_64-linux-gnu/libstdc++.so.6.0.28
7fd248b58000-7fd248b5b000 rw-p 001db000 08:02 1450209                    /usr/lib/x86_64-linux-gnu/libstdc++.so.6.0.28
7fd248b5b000-7fd248b5e000 rw-p 00000000 00:00 0 
7fd248b5e000-7fd248cc7000 r-xp 00000000 08:02 3415530                    /home/user/NetBeansProjects/pjsuaCall/src/pjsuacall/dynamicLib/libopenh264.so
7fd248cc7000-7fd248ec7000 ---p 00169000 08:02 3415530                    /home/user/NetBeansProjects/pjsuaCall/src/pjsuacall/dynamicLib/libopenh264.so
7fd248ec7000-7fd248eca000 r--p 00169000 08:02 3415530                    /home/user/NetBeansProjects/pjsuaCall/src/pjsuacall/dynamicLib/libopenh264.so
7fd248eca000-7fd248ecc000 rw-p 0016c000 08:02 3415530                    /home/user/NetBeansProjects/pjsuaCall/src/pjsuacall/dynamicLib/libopenh264.so
7fd248ecc000-7fd248ecd000 ---p 00000000 00:00 0 
7fd248ecd000-7fd248fcd000 rw-p 00000000 00:00 0 
7fd248fcd000-7fd248fd0000 ---p 00000000 00:00 0 
7fd248fd0000-7fd2490ce000 rw-p 00000000 00:00 0 
7fd2490ce000-7fd2490cf000 ---p 00000000 00:00 0 
7fd2490cf000-7fd2490d2000 ---p 00000000 00:00 0 
7fd2490d2000-7fd2491cf000 rw-p 00000000 00:00 0 
7fd2491cf000-7fd2491d0000 ---p 00000000 00:00 0 
7fd2491d0000-7fd2491d3000 ---p 00000000 00:00 0 
7fd2491d3000-7fd24d000000 rw-p 00000000 00:00 0 
7fd24d000000-7fd24d270000 rwxp 00000000 00:00 0 
7fd24d270000-7fd25c000000 ---p 00000000 00:00 0 
7fd25c000000-7fd25c298000 rw-p 00000000 00:00 0 
7fd25c298000-7fd260000000 ---p 00000000 00:00 0 
7fd260000000-7fd260002000 r--p 00000000 08:02 1442187                    /usr/lib/x86_64-linux-gnu/libuuid.so.1.3.0
7fd260002000-7fd260006000 r-xp 00002000 08:02 1442187                    /usr/lib/x86_64-linux-gnu/libuuid.so.1.3.0
7fd260006000-7fd260007000 r--p 00006000 08:02 1442187                    /usr/lib/x86_64-linux-gnu/libuuid.so.1.3.0
7fd260007000-7fd260008000 r--p 00006000 08:02 1442187                    /usr/lib/x86_64-linux-gnu/libuuid.so.1.3.0
7fd260008000-7fd260009000 rw-p 00007000 08:02 1442187                    /usr/lib/x86_64-linux-gnu/libuuid.so.1.3.0
7fd260009000-7fd26000b000 r--p 00000000 08:02 2234037                    /usr/local/lib/libpjmedia-audiodev.so.2
7fd26000b000-7fd26000f000 r-xp 00002000 08:02 2234037                    /usr/local/lib/libpjmedia-audiodev.so.2
7fd26000f000-7fd260010000 r--p 00006000 08:02 2234037                    /usr/local/lib/libpjmedia-audiodev.so.2
7fd260010000-7fd260011000 ---p 00007000 08:02 2234037                    /usr/local/lib/libpjmedia-audiodev.so.2
7fd260011000-7fd260012000 r--p 00007000 08:02 2234037                    /usr/local/lib/libpjmedia-audiodev.so.2
7fd260012000-7fd260013000 rw-p 00008000 08:02 2234037                    /usr/local/lib/libpjmedia-audiodev.so.2
7fd260015000-7fd260016000 r--p 00000000 08:02 1448940                    /usr/lib/x86_64-linux-gnu/libXau.so.6.0.0
7fd260016000-7fd260018000 r-xp 00001000 08:02 1448940                    /usr/lib/x86_64-linux-gnu/libXau.so.6.0.0
7fd260018000-7fd260019000 r--p 00003000 08:02 1448940                    /usr/lib/x86_64-linux-gnu/libXau.so.6.0.0
7fd260019000-7fd26001a000 r--p 00003000 08:02 1448940                    /usr/lib/x86_64-linux-gnu/libXau.so.6.0.0
7fd26001a000-7fd26001b000 rw-p 00004000 08:02 1448940                    /usr/lib/x86_64-linux-gnu/libXau.so.6.0.0
7fd26001b000-7fd26001e000 r--p 00000000 08:02 1450402                    /usr/lib/x86_64-linux-gnu/libwrap.so.0.7.6
7fd26001e000-7fd260023000 r-xp 00003000 08:02 1450402                    /usr/lib/x86_64-linux-gnu/libwrap.so.0.7.6
7fd260023000-7fd260025000 r--p 00008000 08:02 1450402                    /usr/lib/x86_64-linux-gnu/libwrap.so.0.7.6
7fd260025000-7fd260026000 r--p 00009000 08:02 1450402                    /usr/lib/x86_64-linux-gnu/libwrap.so.0.7.6
7fd260026000-7fd260027000 rw-p 0000a000 08:02 1450402                    /usr/lib/x86_64-linux-gnu/libwrap.so.0.7.6
7fd260027000-7fd260028000 r--p 00000000 08:02 2097971                    /usr/lib/x86_64-linux-gnu/alsa-lib/libasound_module_rate_samplerate.so
7fd260028000-7fd260029000 r-xp 00001000 08:02 2097971                    /usr/lib/x86_64-linux-gnu/alsa-lib/libasound_module_rate_samplerate.so
7fd260029000-7fd26002a000 r--p 00002000 08:02 2097971                    /usr/lib/x86_64-linux-gnu/alsa-lib/libasound_module_rate_samplerate.so
7fd26002a000-7fd26002b000 r--p 00002000 08:02 2097971                    /usr/lib/x86_64-linux-gnu/alsa-lib/libasound_module_rate_samplerate.so
7fd26002b000-7fd26002c000 rw-p 00003000 08:02 2097971                    /usr/lib/x86_64-linux-gnu/alsa-lib/libasound_module_rate_samplerate.so
7fd26002c000-7fd26002d000 ---p 00000000 00:00 0 
7fd26002d000-7fd260030000 ---p 00000000 00:00 0 
7fd260030000-7fd26012d000 rw-p 00000000 00:00 0 
7fd26012d000-7fd260130000 ---p 00000000 00:00 0 
7fd260130000-7fd26022e000 rw-p 00000000 00:00 0 
7fd26022e000-7fd26079e000 r--p 00000000 08:02 1444832                    /usr/lib/locale/locale-archive
7fd26079e000-7fd2607a1000 ---p 00000000 00:00 0 
7fd2607a1000-7fd26089f000 rw-p 00000000 00:00 0 
7fd26089f000-7fd2608a2000 ---p 00000000 00:00 0 
7fd2608a2000-7fd2609a0000 rw-p 00000000 00:00 0 
7fd2609a0000-7fd2609a1000 ---p 00000000 00:00 0 
7fd2609a1000-7fd261aa5000 rw-p 00000000 00:00 0 
7fd261aa5000-7fd261c85000 r--s 03ea1000 08:02 5380617                    /home/user/software/jdk1.8.0_331/jre/lib/rt.jar
7fd261c85000-7fd26223e000 rw-p 00000000 00:00 0 
7fd26223e000-7fd26257e000 ---p 00000000 00:00 0 
7fd26257e000-7fd262978000 rw-p 00000000 00:00 0 
7fd262978000-7fd262979000 ---p 00000000 00:00 0 
7fd262979000-7fd262a79000 rw-p 00000000 00:00 0 
7fd262a79000-7fd262a7a000 ---p 00000000 00:00 0 
7fd262a7a000-7fd262b7a000 rw-p 00000000 00:00 0 
7fd262b7a000-7fd262b7b000 ---p 00000000 00:00 0 
7fd262b7b000-7fd262c7b000 rw-p 00000000 00:00 0 
7fd262c7b000-7fd262c7c000 ---p 00000000 00:00 0 
7fd262c7c000-7fd262da6000 rw-p 00000000 00:00 0 
7fd262da6000-7fd263009000 ---p 00000000 00:00 0 
7fd263009000-7fd263033000 rw-p 00000000 00:00 0 
7fd263033000-7fd263295000 ---p 00000000 00:00 0 
7fd263295000-7fd2632ab000 rw-p 00000000 00:00 0 
7fd2632ab000-7fd2633dc000 ---p 00000000 00:00 0 
7fd2633dc000-7fd2633e7000 rw-p 00000000 00:00 0 
7fd2633e7000-7fd26379d000 ---p 00000000 00:00 0 
7fd26379d000-7fd2637b8000 r-xp 00000000 08:02 5380501                    /home/user/software/jdk1.8.0_331/jre/lib/amd64/libzip.so
7fd2637b8000-7fd2639b7000 ---p 0001b000 08:02 5380501                    /home/user/software/jdk1.8.0_331/jre/lib/amd64/libzip.so
7fd2639b7000-7fd2639b8000 r--p 0001a000 08:02 5380501                    /home/user/software/jdk1.8.0_331/jre/lib/amd64/libzip.so
7fd2639b8000-7fd2639b9000 rw-p 0001b000 08:02 5380501                    /home/user/software/jdk1.8.0_331/jre/lib/amd64/libzip.so
7fd2639b9000-7fd2639c1000 rw-s 00000000 08:02 9445673                    /tmp/hsperfdata_user/33509
7fd2639c1000-7fd2639ee000 r-xp 00000000 08:02 5380498                    /home/user/software/jdk1.8.0_331/jre/lib/amd64/libjava.so
7fd2639ee000-7fd263bed000 ---p 0002d000 08:02 5380498                    /home/user/software/jdk1.8.0_331/jre/lib/amd64/libjava.so
7fd263bed000-7fd263bee000 r--p 0002c000 08:02 5380498                    /home/user/software/jdk1.8.0_331/jre/lib/amd64/libjava.so
7fd263bee000-7fd263bf0000 rw-p 0002d000 08:02 5380498                    /home/user/software/jdk1.8.0_331/jre/lib/amd64/libjava.so
7fd263bf0000-7fd263bfd000 r-xp 00000000 08:02 5380487                    /home/user/software/jdk1.8.0_331/jre/lib/amd64/libverify.so
7fd263bfd000-7fd263dfc000 ---p 0000d000 08:02 5380487                    /home/user/software/jdk1.8.0_331/jre/lib/amd64/libverify.so
7fd263dfc000-7fd263dfe000 r--p 0000c000 08:02 5380487                    /home/user/software/jdk1.8.0_331/jre/lib/amd64/libverify.so
7fd263dfe000-7fd263dff000 rw-p 0000e000 08:02 5380487                    /home/user/software/jdk1.8.0_331/jre/lib/amd64/libverify.so
7fd263dff000-7fd263e01000 r--p 00000000 08:02 1445807                    /usr/lib/x86_64-linux-gnu/librt-2.31.so
7fd263e01000-7fd263e05000 r-xp 00002000 08:02 1445807                    /usr/lib/x86_64-linux-gnu/librt-2.31.so
7fd263e05000-7fd263e07000 r--p 00006000 08:02 1445807                    /usr/lib/x86_64-linux-gnu/librt-2.31.so
7fd263e07000-7fd263e08000 r--p 00007000 08:02 1445807                    /usr/lib/x86_64-linux-gnu/librt-2.31.so
7fd263e08000-7fd263e09000 rw-p 00008000 08:02 1445807                    /usr/lib/x86_64-linux-gnu/librt-2.31.so
7fd263e09000-7fd263e0a000 ---p 00000000 00:00 0 
7fd263e0a000-7fd263e0d000 ---p 00000000 00:00 0 
7fd263e0d000-7fd263f0a000 rw-p 00000000 00:00 0 
7fd263f0a000-7fd263f17000 r--p 00000000 08:02 1445794                    /usr/lib/x86_64-linux-gnu/libm-2.31.so
7fd263f17000-7fd263fbe000 r-xp 0000d000 08:02 1445794                    /usr/lib/x86_64-linux-gnu/libm-2.31.so
7fd263fbe000-7fd264057000 r--p 000b4000 08:02 1445794                    /usr/lib/x86_64-linux-gnu/libm-2.31.so
7fd264057000-7fd264058000 r--p 0014c000 08:02 1445794                    /usr/lib/x86_64-linux-gnu/libm-2.31.so
7fd264058000-7fd264059000 rw-p 0014d000 08:02 1445794                    /usr/lib/x86_64-linux-gnu/libm-2.31.so
7fd264059000-7fd264d51000 r-xp 00000000 08:02 5380480                    /home/user/software/jdk1.8.0_331/jre/lib/amd64/server/libjvm.so
7fd264d51000-7fd264f50000 ---p 00cf8000 08:02 5380480                    /home/user/software/jdk1.8.0_331/jre/lib/amd64/server/libjvm.so
7fd264f50000-7fd264fe6000 r--p 00cf7000 08:02 5380480                    /home/user/software/jdk1.8.0_331/jre/lib/amd64/server/libjvm.so
7fd264fe6000-7fd265017000 rw-p 00d8d000 08:02 5380480                    /home/user/software/jdk1.8.0_331/jre/lib/amd64/server/libjvm.so
7fd265017000-7fd265054000 rw-p 00000000 00:00 0 
7fd265054000-7fd265076000 r--p 00000000 08:02 1445792                    /usr/lib/x86_64-linux-gnu/libc-2.31.so
7fd265076000-7fd2651ee000 r-xp 00022000 08:02 1445792                    /usr/lib/x86_64-linux-gnu/libc-2.31.so
7fd2651ee000-7fd26523c000 r--p 0019a000 08:02 1445792                    /usr/lib/x86_64-linux-gnu/libc-2.31.so
7fd26523c000-7fd265240000 r--p 001e7000 08:02 1445792                    /usr/lib/x86_64-linux-gnu/libc-2.31.so
7fd265240000-7fd265242000 rw-p 001eb000 08:02 1445792                    /usr/lib/x86_64-linux-gnu/libc-2.31.so
7fd265242000-7fd265246000 rw-p 00000000 00:00 0 
7fd265246000-7fd265247000 r--p 00000000 08:02 1445793                    /usr/lib/x86_64-linux-gnu/libdl-2.31.so
7fd265247000-7fd265249000 r-xp 00001000 08:02 1445793                    /usr/lib/x86_64-linux-gnu/libdl-2.31.so
7fd265249000-7fd26524a000 r--p 00003000 08:02 1445793                    /usr/lib/x86_64-linux-gnu/libdl-2.31.so
7fd26524a000-7fd26524b000 r--p 00003000 08:02 1445793                    /usr/lib/x86_64-linux-gnu/libdl-2.31.so
7fd26524b000-7fd26524c000 rw-p 00004000 08:02 1445793                    /usr/lib/x86_64-linux-gnu/libdl-2.31.so
7fd26524c000-7fd265263000 r-xp 00000000 08:02 9965144                    /home/user/software/jdk1.8.0_331/lib/amd64/jli/libjli.so
7fd265263000-7fd265462000 ---p 00017000 08:02 9965144                    /home/user/software/jdk1.8.0_331/lib/amd64/jli/libjli.so
7fd265462000-7fd265463000 r--p 00016000 08:02 9965144                    /home/user/software/jdk1.8.0_331/lib/amd64/jli/libjli.so
7fd265463000-7fd265464000 rw-p 00017000 08:02 9965144                    /home/user/software/jdk1.8.0_331/lib/amd64/jli/libjli.so
7fd265464000-7fd26546a000 r--p 00000000 08:02 1445805                    /usr/lib/x86_64-linux-gnu/libpthread-2.31.so
7fd26546a000-7fd26547b000 r-xp 00006000 08:02 1445805                    /usr/lib/x86_64-linux-gnu/libpthread-2.31.so
7fd26547b000-7fd265481000 r--p 00017000 08:02 1445805                    /usr/lib/x86_64-linux-gnu/libpthread-2.31.so
7fd265481000-7fd265482000 r--p 0001c000 08:02 1445805                    /usr/lib/x86_64-linux-gnu/libpthread-2.31.so
7fd265482000-7fd265483000 rw-p 0001d000 08:02 1445805                    /usr/lib/x86_64-linux-gnu/libpthread-2.31.so
7fd265483000-7fd265487000 rw-p 00000000 00:00 0 
7fd26548b000-7fd26548e000 r--p 00000000 08:02 1445800                    /usr/lib/x86_64-linux-gnu/libnss_files-2.31.so
7fd26548e000-7fd265495000 r-xp 00003000 08:02 1445800                    /usr/lib/x86_64-linux-gnu/libnss_files-2.31.so
7fd265495000-7fd265497000 r--p 0000a000 08:02 1445800                    /usr/lib/x86_64-linux-gnu/libnss_files-2.31.so
7fd265497000-7fd265498000 r--p 0000b000 08:02 1445800                    /usr/lib/x86_64-linux-gnu/libnss_files-2.31.so
7fd265498000-7fd265499000 rw-p 0000c000 08:02 1445800                    /usr/lib/x86_64-linux-gnu/libnss_files-2.31.so
7fd265499000-7fd2654a2000 rw-p 00000000 00:00 0 
7fd2654a2000-7fd2654a3000 r--p 00000000 08:02 1445788                    /usr/lib/x86_64-linux-gnu/ld-2.31.so
7fd2654a3000-7fd2654c6000 r-xp 00001000 08:02 1445788                    /usr/lib/x86_64-linux-gnu/ld-2.31.so
7fd2654c6000-7fd2654ce000 r--p 00024000 08:02 1445788                    /usr/lib/x86_64-linux-gnu/ld-2.31.so
7fd2654ce000-7fd2654cf000 r--p 00000000 00:00 0 
7fd2654cf000-7fd2654d0000 r--p 0002c000 08:02 1445788                    /usr/lib/x86_64-linux-gnu/ld-2.31.so
7fd2654d0000-7fd2654d1000 rw-p 0002d000 08:02 1445788                    /usr/lib/x86_64-linux-gnu/ld-2.31.so
7fd2654d1000-7fd2654d2000 rw-p 00000000 00:00 0 
7ffcece14000-7ffcece35000 rw-p 00000000 00:00 0                          [stack]
7ffcecfcb000-7ffcecfcf000 r--p 00000000 00:00 0                          [vvar]
7ffcecfcf000-7ffcecfd1000 r-xp 00000000 00:00 0                          [vdso]
ffffffffff600000-ffffffffff601000 --xp 00000000 00:00 0                  [vsyscall]

VM Arguments:
jvm_args: -Dfile.encoding=UTF-8 -Djava.library.path=/home/user/NetBeansProjects/pjsuaCall/src/pjsuacall/dynamicLib 
java_command: pjsuacall.PjsuaCall
java_class_path (initial): /home/user/Downloads/pjproject-2.12.1/pjsip-apps/src/swig/java/output:/home/user/NetBeansProjects/pjsuaCall/build/classes
Launcher Type: SUN_STANDARD

Environment Variables:
PATH=/home/user/.local/bin:/usr/local/sbin:/usr/local/bin:/usr/sbin:/usr/bin:/sbin:/bin:/usr/games:/usr/local/games:/snap/bin
USERNAME=user
SHELL=/bin/bash
DISPLAY=:0

Signal Handlers:
SIGSEGV: [libjvm.so+0xae0f60], sa_mask[0]=11111111011111111101111111111110, sa_flags=SA_RESTART|SA_SIGINFO
SIGBUS: [libjvm.so+0xae0f60], sa_mask[0]=11111111011111111101111111111110, sa_flags=SA_RESTART|SA_SIGINFO
SIGFPE: [libjvm.so+0xae0f60], sa_mask[0]=11111111011111111101111111111110, sa_flags=SA_RESTART|SA_SIGINFO
SIGPIPE: [libjvm.so+0x915120], sa_mask[0]=11111111011111111101111111111110, sa_flags=SA_RESTART|SA_SIGINFO
SIGXFSZ: [libjvm.so+0x915120], sa_mask[0]=11111111011111111101111111111110, sa_flags=SA_RESTART|SA_SIGINFO
SIGILL: [libjvm.so+0xae0f60], sa_mask[0]=11111111011111111101111111111110, sa_flags=SA_RESTART|SA_SIGINFO
SIGUSR1: SIG_DFL, sa_mask[0]=00000000000000000000000000000000, sa_flags=none
SIGUSR2: [libjvm.so+0x914ff0], sa_mask[0]=00100000000000000000000000000000, sa_flags=SA_RESTART|SA_SIGINFO
SIGHUP: [libjvm.so+0x915610], sa_mask[0]=11111111011111111101111111111110, sa_flags=SA_RESTART|SA_SIGINFO
SIGINT: SIG_IGN, sa_mask[0]=00000000000000000000000000000000, sa_flags=none
SIGTERM: [libjvm.so+0x915610], sa_mask[0]=11111111011111111101111111111110, sa_flags=SA_RESTART|SA_SIGINFO
SIGQUIT: [libjvm.so+0x915610], sa_mask[0]=11111111011111111101111111111110, sa_flags=SA_RESTART|SA_SIGINFO


---------------  S Y S T E M  ---------------

OS:DISTRIB_ID=Ubuntu
DISTRIB_RELEASE=20.04
DISTRIB_CODENAME=focal
DISTRIB_DESCRIPTION="Ubuntu 20.04.4 LTS"

uname:Linux 5.13.0-44-generic #49~20.04.1-Ubuntu SMP Wed May 18 18:44:28 UTC 2022 x86_64
libc:glibc 2.31 NPTL 2.31 
rlimit: STACK 8192k, CORE 0k, NPROC 31039, NOFILE 1048576, AS infinity
load average:0.91 0.60 0.57

/proc/meminfo:
MemTotal:        8017192 kB
MemFree:          347952 kB
MemAvailable:    2078304 kB
Buffers:          310100 kB
Cached:          2040452 kB
SwapCached:          944 kB
Active:          1559384 kB
Inactive:        5427404 kB
Active(anon):     206956 kB
Inactive(anon):  4967212 kB
Active(file):    1352428 kB
Inactive(file):   460192 kB
Unevictable:      176520 kB
Mlocked:              16 kB
SwapTotal:       3999740 kB
SwapFree:        3962048 kB
Dirty:              1540 kB
Writeback:           244 kB
AnonPages:       4811160 kB
Mapped:           597064 kB
Shmem:            541556 kB
KReclaimable:     221796 kB
Slab:             373692 kB
SReclaimable:     221796 kB
SUnreclaim:       151896 kB
KernelStack:       19540 kB
PageTables:        41136 kB
NFS_Unstable:          0 kB
Bounce:                0 kB
WritebackTmp:          0 kB
CommitLimit:     8008336 kB
Committed_AS:   11166280 kB
VmallocTotal:   34359738367 kB
VmallocUsed:       45504 kB
VmallocChunk:          0 kB
Percpu:             5152 kB
HardwareCorrupted:     0 kB
AnonHugePages:         0 kB
ShmemHugePages:        0 kB
ShmemPmdMapped:        0 kB
FileHugePages:         0 kB
FilePmdMapped:         0 kB
HugePages_Total:       0
HugePages_Free:        0
HugePages_Rsvd:        0
HugePages_Surp:        0
Hugepagesize:       2048 kB
Hugetlb:               0 kB
DirectMap4k:      381344 kB
DirectMap2M:     7882752 kB
DirectMap1G:           0 kB

container (cgroup) information:
container_type: cgroupv1
cpu_cpuset_cpus: 0-3
cpu_memory_nodes: 0
active_processor_count: 4
cpu_quota: -1
cpu_period: 100000
cpu_shares: -1
memory_limit_in_bytes: -1
memory_and_swap_limit_in_bytes: -1
memory_soft_limit_in_bytes: -1
memory_usage_in_bytes: 5876850688
memory_max_usage_in_bytes: 6090948608


CPU:total 4 (initial active 4) (4 cores per cpu, 1 threads per core) family 6 model 158 stepping 9, cmov, cx8, fxsr, mmx, sse, sse2, sse3, ssse3, sse4.1, sse4.2, popcnt, avx, avx2, aes, clmul, erms, rtm, 3dnowpref, lzcnt, tsc, tscinvbit, bmi1, bmi2, adx

/proc/cpuinfo:
processor	: 0
vendor_id	: GenuineIntel
cpu family	: 6
model		: 158
model name	: Intel(R) Core(TM) i5-7500 CPU @ 3.40GHz
stepping	: 9
microcode	: 0xec
cpu MHz		: 2535.725
cache size	: 6144 KB
physical id	: 0
siblings	: 4
core id		: 0
cpu cores	: 4
apicid		: 0
initial apicid	: 0
fpu		: yes
fpu_exception	: yes
cpuid level	: 22
wp		: yes
flags		: fpu vme de pse tsc msr pae mce cx8 apic sep mtrr pge mca cmov pat pse36 clflush dts acpi mmx fxsr sse sse2 ss ht tm pbe syscall nx pdpe1gb rdtscp lm constant_tsc art arch_perfmon pebs bts rep_good nopl xtopology nonstop_tsc cpuid aperfmperf pni pclmulqdq dtes64 monitor ds_cpl vmx smx est tm2 ssse3 sdbg fma cx16 xtpr pdcm pcid sse4_1 sse4_2 x2apic movbe popcnt tsc_deadline_timer aes xsave avx f16c rdrand lahf_lm abm 3dnowprefetch cpuid_fault epb invpcid_single pti ssbd ibrs ibpb stibp tpr_shadow vnmi flexpriority ept vpid ept_ad fsgsbase tsc_adjust bmi1 hle avx2 smep bmi2 erms invpcid rtm mpx rdseed adx smap clflushopt intel_pt xsaveopt xsavec xgetbv1 xsaves dtherm ida arat pln pts hwp hwp_notify hwp_act_window hwp_epp md_clear flush_l1d arch_capabilities
vmx flags	: vnmi preemption_timer invvpid ept_x_only ept_ad ept_1gb flexpriority tsc_offset vtpr mtf vapic ept vpid unrestricted_guest ple shadow_vmcs pml ept_mode_based_exec
bugs		: cpu_meltdown spectre_v1 spectre_v2 spec_store_bypass l1tf mds swapgs taa itlb_multihit srbds
bogomips	: 6799.81
clflush size	: 64
cache_alignment	: 64
address sizes	: 39 bits physical, 48 bits virtual
power management:

processor	: 1
vendor_id	: GenuineIntel
cpu family	: 6
model		: 158
model name	: Intel(R) Core(TM) i5-7500 CPU @ 3.40GHz
stepping	: 9
microcode	: 0xec
cpu MHz		: 2697.282
cache size	: 6144 KB
physical id	: 0
siblings	: 4
core id		: 1
cpu cores	: 4
apicid		: 2
initial apicid	: 2
fpu		: yes
fpu_exception	: yes
cpuid level	: 22
wp		: yes
flags		: fpu vme de pse tsc msr pae mce cx8 apic sep mtrr pge mca cmov pat pse36 clflush dts acpi mmx fxsr sse sse2 ss ht tm pbe syscall nx pdpe1gb rdtscp lm constant_tsc art arch_perfmon pebs bts rep_good nopl xtopology nonstop_tsc cpuid aperfmperf pni pclmulqdq dtes64 monitor ds_cpl vmx smx est tm2 ssse3 sdbg fma cx16 xtpr pdcm pcid sse4_1 sse4_2 x2apic movbe popcnt tsc_deadline_timer aes xsave avx f16c rdrand lahf_lm abm 3dnowprefetch cpuid_fault epb invpcid_single pti ssbd ibrs ibpb stibp tpr_shadow vnmi flexpriority ept vpid ept_ad fsgsbase tsc_adjust bmi1 hle avx2 smep bmi2 erms invpcid rtm mpx rdseed adx smap clflushopt intel_pt xsaveopt xsavec xgetbv1 xsaves dtherm ida arat pln pts hwp hwp_notify hwp_act_window hwp_epp md_clear flush_l1d arch_capabilities
vmx flags	: vnmi preemption_timer invvpid ept_x_only ept_ad ept_1gb flexpriority tsc_offset vtpr mtf vapic ept vpid unrestricted_guest ple shadow_vmcs pml ept_mode_based_exec
bugs		: cpu_meltdown spectre_v1 spectre_v2 spec_store_bypass l1tf mds swapgs taa itlb_multihit srbds
bogomips	: 6799.81
clflush size	: 64
cache_alignment	: 64
address sizes	: 39 bits physical, 48 bits virtual
power management:

processor	: 2
vendor_id	: GenuineIntel
cpu family	: 6
model		: 158
model name	: Intel(R) Core(TM) i5-7500 CPU @ 3.40GHz
stepping	: 9
microcode	: 0xec
cpu MHz		: 2414.231
cache size	: 6144 KB
physical id	: 0
siblings	: 4
core id		: 2
cpu cores	: 4
apicid		: 4
initial apicid	: 4
fpu		: yes
fpu_exception	: yes
cpuid level	: 22
wp		: yes
flags		: fpu vme de pse tsc msr pae mce cx8 apic sep mtrr pge mca cmov pat pse36 clflush dts acpi mmx fxsr sse sse2 ss ht tm pbe syscall nx pdpe1gb rdtscp lm constant_tsc art arch_perfmon pebs bts rep_good nopl xtopology nonstop_tsc cpuid aperfmperf pni pclmulqdq dtes64 monitor ds_cpl vmx smx est tm2 ssse3 sdbg fma cx16 xtpr pdcm pcid sse4_1 sse4_2 x2apic movbe popcnt tsc_deadline_timer aes xsave avx f16c rdrand lahf_lm abm 3dnowprefetch cpuid_fault epb invpcid_single pti ssbd ibrs ibpb stibp tpr_shadow vnmi flexpriority ept vpid ept_ad fsgsbase tsc_adjust bmi1 hle avx2 smep bmi2 erms invpcid rtm mpx rdseed adx smap clflushopt intel_pt xsaveopt xsavec xgetbv1 xsaves dtherm ida arat pln pts hwp hwp_notify hwp_act_window hwp_epp md_clear flush_l1d arch_capabilities
vmx flags	: vnmi preemption_timer invvpid ept_x_only ept_ad ept_1gb flexpriority tsc_offset vtpr mtf vapic ept vpid unrestricted_guest ple shadow_vmcs pml ept_mode_based_exec
bugs		: cpu_meltdown spectre_v1 spectre_v2 spec_store_bypass l1tf mds swapgs taa itlb_multihit srbds
bogomips	: 6799.81
clflush size	: 64
cache_alignment	: 64
address sizes	: 39 bits physical, 48 bits virtual
power management:

processor	: 3
vendor_id	: GenuineIntel
cpu family	: 6
model		: 158
model name	: Intel(R) Core(TM) i5-7500 CPU @ 3.40GHz
stepping	: 9
microcode	: 0xec
cpu MHz		: 2550.325
cache size	: 6144 KB
physical id	: 0
siblings	: 4
core id		: 3
cpu cores	: 4
apicid		: 6
initial apicid	: 6
fpu		: yes
fpu_exception	: yes
cpuid level	: 22
wp		: yes
flags		: fpu vme de pse tsc msr pae mce cx8 apic sep mtrr pge mca cmov pat pse36 clflush dts acpi mmx fxsr sse sse2 ss ht tm pbe syscall nx pdpe1gb rdtscp lm constant_tsc art arch_perfmon pebs bts rep_good nopl xtopology nonstop_tsc cpuid aperfmperf pni pclmulqdq dtes64 monitor ds_cpl vmx smx est tm2 ssse3 sdbg fma cx16 xtpr pdcm pcid sse4_1 sse4_2 x2apic movbe popcnt tsc_deadline_timer aes xsave avx f16c rdrand lahf_lm abm 3dnowprefetch cpuid_fault epb invpcid_single pti ssbd ibrs ibpb stibp tpr_shadow vnmi flexpriority ept vpid ept_ad fsgsbase tsc_adjust bmi1 hle avx2 smep bmi2 erms invpcid rtm mpx rdseed adx smap clflushopt intel_pt xsaveopt xsavec xgetbv1 xsaves dtherm ida arat pln pts hwp hwp_notify hwp_act_window hwp_epp md_clear flush_l1d arch_capabilities
vmx flags	: vnmi preemption_timer invvpid ept_x_only ept_ad ept_1gb flexpriority tsc_offset vtpr mtf vapic ept vpid unrestricted_guest ple shadow_vmcs pml ept_mode_based_exec
bugs		: cpu_meltdown spectre_v1 spectre_v2 spec_store_bypass l1tf mds swapgs taa itlb_multihit srbds
bogomips	: 6799.81
clflush size	: 64
cache_alignment	: 64
address sizes	: 39 bits physical, 48 bits virtual
power management:



Memory: 4k page, physical 8017192k(347952k free), swap 3999740k(3962048k free)

vm_info: Java HotSpot(TM) 64-Bit Server VM (25.331-b09) for linux-amd64 JRE (1.8.0_331-b09), built on Mar 10 2022 11:12:57 by "java_re" with gcc 7.3.0

time: Wed Jun  1 16:13:48 2022
timezone: IST
elapsed time: 0.198397 seconds (0d 0h 0m 0s)

