#
# A fatal error has been detected by the Java Runtime Environment:
#
#  SIGSEGV (0xb) at pc=0x00007fd1d4f69e17, pid=33258, tid=0x00007fd1f8bd4700
#
# JRE version: Java(TM) SE Runtime Environment (8.0_331-b09) (build 1.8.0_331-b09)
# Java VM: Java HotSpot(TM) 64-Bit Server VM (25.331-b09 mixed mode linux-amd64 compressed oops)
# Problematic frame:
# C  [libpj.so.2+0x19e17]  pj_list_insert_after+0x7
#
# Failed to write core dump. Core dumps have been disabled. To enable core dumping, try "ulimit -c unlimited" before starting Java again
#
# If you would like to submit a bug report, please visit:
#   http://bugreport.java.com/bugreport/crash.jsp
# The crash happened outside the Java Virtual Machine in native code.
# See problematic frame for where to report the bug.
#

---------------  T H R E A D  ---------------

Current thread (0x00007fd1f400a800):  JavaThread "main" [_thread_in_native, id=33262, stack(0x00007fd1f8ad5000,0x00007fd1f8bd5000)]

siginfo: si_signo: 11 (SIGSEGV), si_code: 1 (SEGV_MAPERR), si_addr: 0x0000000000000008

Registers:
RAX=0x00007fd1f41c4088, RBX=0x00007fd1f8bd3730, RCX=0x00007fd1f40008ee, RDX=0x0000000000000050
RSP=0x00007fd1f8bd34c8, RBP=0x0000000000000000, RSI=0x00007fd1f41c4238, RDI=0x0000000000000000
R8 =0x00007fd1f41c4088, R9 =0x0000000000000062, R10=0xfffffffffffff285, R11=0x00007fd1d4f69e30
R12=0x00007fd1f41c4238, R13=0x0000000000000000, R14=0x0000000000000000, R15=0x0000000000000000
RIP=0x00007fd1d4f69e17, EFLAGS=0x0000000000010202, CSGSFS=0x002b000000000033, ERR=0x0000000000000004
  TRAPNO=0x000000000000000e

Top of Stack: (sp=0x00007fd1f8bd34c8)
0x00007fd1f8bd34c8:   00007fd1d5095942 00007fd1f8bd3500
0x00007fd1f8bd34d8:   00007fd1f9712837 00007fd1d50d4cd0
0x00007fd1f8bd34e8:   00007fd1f4280768 00007fd1f415b180
0x00007fd1f8bd34f8:   49f69060b8d9a700 5f6c6c61435f494e
0x00007fd1f8bd3508:   00007fd1f428efe0 00007fd19c007060
0x00007fd1f8bd3518:   0000000000000000 00007fd1d7c685e0
0x00007fd1f8bd3528:   00007fd1f8bd38e8 00007fd1f400a800
0x00007fd1f8bd3538:   00007fd1d52066e3 2f6c6c6143617573
0x00007fd1f8bd3548:   75736a702f637273 6f7250736e616542
0x00007fd1f8bd3558:   6a702f737463656a 00315f64616f6c61
0x00007fd1f8bd3568:   00325f64616f6c61 0000000000000000
0x00007fd1f8bd3578:   0000000000000000 0000000000000000
0x00007fd1f8bd3588:   0000000000000000 bfd3c6ef6cc094cb
0x00007fd1f8bd3598:   0000000000000000 3ec718be416adb9b
0x00007fd1f8bd35a8:   0000000000000000 3f5b2faeef4b9f00
0x00007fd1f8bd35b8:   0000000000000000 3fd41b2faeef4b9f
0x00007fd1f8bd35c8:   0000000000000000 3f59de9bca3ef199
0x00007fd1f8bd35d8:   0000000000000000 00007fd1f8bd36b0
0x00007fd1f8bd35e8:   00007fd1f95fef14 00007fd1f9c27700
0x00007fd1f8bd35f8:   00007fd1f412d1f0 0000000000000039
0x00007fd1f8bd3608:   00007fd1f94ff8ea 000000000152d2dd
0x00007fd1f8bd3618:   00007fd100000015 00007fd1d7c685e8
0x00007fd1f8bd3628:   00007fd1f400a800 00007fd1d7c685e8
0x00007fd1f8bd3638:   00007fd1f400a800 0000000000000002
0x00007fd1f8bd3648:   800000000000000e 0000000000000000
0x00007fd1f8bd3658:   0000000000000000 0000000000000000
0x00007fd1f8bd3668:   0000000000000000 0000000000000000
0x00007fd1f8bd3678:   0000000000000000 00007fd1f8bd36a0
0x00007fd1f8bd3688:   00007fd1f4009a90 00007fd1f400a800
0x00007fd1f8bd3698:   00007fd1f8bd3770 00007fd1f8bd3700
0x00007fd1f8bd36a8:   00007fd1f4009a50 00007fd1f8bd3740
0x00007fd1f8bd36b8:   00007fd1f9600014 00007fd1d7c92438 

Instructions: (pc=0x00007fd1d4f69e17)
0x00007fd1d4f69df7:   8b a5 f8 fe ff ff e9 41 fe ff ff e8 19 4f ff ff
0x00007fd1d4f69e07:   66 0f 1f 84 00 00 00 00 00 f3 0f 1e fa 48 89 3e
0x00007fd1d4f69e17:   48 8b 47 08 48 89 46 08 48 89 30 48 89 77 08 c3
0x00007fd1d4f69e27:   66 0f 1f 84 00 00 00 00 00 f3 0f 1e fa 48 8b 3f 

Register to memory mapping:

RAX=0x00007fd1f41c4088 is an unknown value
RBX=0x00007fd1f8bd3730 is pointing into the stack for thread: 0x00007fd1f400a800
RCX=0x00007fd1f40008ee is an unknown value
RDX=0x0000000000000050 is an unknown value
RSP=0x00007fd1f8bd34c8 is pointing into the stack for thread: 0x00007fd1f400a800
RBP=0x0000000000000000 is an unknown value
RSI=0x00007fd1f41c4238 is an unknown value
RDI=0x0000000000000000 is an unknown value
R8 =0x00007fd1f41c4088 is an unknown value
R9 =0x0000000000000062 is an unknown value
R10=0xfffffffffffff285 is an unknown value
R11=0x00007fd1d4f69e30: pj_list_insert_before+0 in /usr/local/lib/libpj.so.2 at 0x00007fd1d4f50000
R12=0x00007fd1f41c4238 is an unknown value
R13=0x0000000000000000 is an unknown value
R14=0x0000000000000000 is an unknown value
R15=0x0000000000000000 is an unknown value


Stack: [0x00007fd1f8ad5000,0x00007fd1f8bd5000],  sp=0x00007fd1f8bd34c8,  free space=1017k
Native frames: (J=compiled Java code, j=interpreted, Vv=VM code, C=native code)
C  [libpj.so.2+0x19e17]  pj_list_insert_after+0x7

Java frames: (J=compiled Java code, j=interpreted, Vv=VM code)
j  org.pjsip.pjsua2.pjsua2JNI.Call_answer(JLorg/pjsip/pjsua2/Call;JLorg/pjsip/pjsua2/CallOpParam;)V+0
j  org.pjsip.pjsua2.Call.answer(Lorg/pjsip/pjsua2/CallOpParam;)V+10
j  pjsuacall.PjsuaCall.main([Ljava/lang/String;)V+207
v  ~StubRoutines::call_stub

---------------  P R O C E S S  ---------------

Java Threads: ( => current thread )
  0x00007fd1f40cb000 JavaThread "Service Thread" daemon [_thread_blocked, id=33274, stack(0x00007fd1d5999000,0x00007fd1d5a9a000)]
  0x00007fd1f40c0000 JavaThread "C1 CompilerThread2" daemon [_thread_blocked, id=33273, stack(0x00007fd1d5a9b000,0x00007fd1d5b9b000)]
  0x00007fd1f40be000 JavaThread "C2 CompilerThread1" daemon [_thread_blocked, id=33272, stack(0x00007fd1d5b9c000,0x00007fd1d5c9c000)]
  0x00007fd1f40bb800 JavaThread "C2 CompilerThread0" daemon [_thread_blocked, id=33271, stack(0x00007fd1d5c9d000,0x00007fd1d5d9d000)]
  0x00007fd1f40b7800 JavaThread "Signal Dispatcher" daemon [_thread_blocked, id=33270, stack(0x00007fd1d5d9d000,0x00007fd1d5e9e000)]
  0x00007fd1f4087000 JavaThread "Finalizer" daemon [_thread_blocked, id=33269, stack(0x00007fd1d640e000,0x00007fd1d650f000)]
  0x00007fd1f4082800 JavaThread "Reference Handler" daemon [_thread_blocked, id=33268, stack(0x00007fd1d650f000,0x00007fd1d6610000)]
=>0x00007fd1f400a800 JavaThread "main" [_thread_in_native, id=33262, stack(0x00007fd1f8ad5000,0x00007fd1f8bd5000)]

Other Threads:
  0x00007fd1f4079000 VMThread [stack: 0x00007fd1d6611000,0x00007fd1d6711000] [id=33267]
  0x00007fd1f40d0000 WatcherThread [stack: 0x00007fd1d5899000,0x00007fd1d5999000] [id=33275]

VM state:not at safepoint (normal execution)

VM Mutex/Monitor currently owned by a thread: None

heap address: 0x0000000085a00000, size: 1958 MB, Compressed Oops mode: 32-bit
Narrow klass base: 0x0000000000000000, Narrow klass shift: 3
Compressed class space size: 1073741824 Address: 0x0000000100000000

Heap:
 PSYoungGen      total 36864K, used 2209K [0x00000000d7380000, 0x00000000d9c80000, 0x0000000100000000)
  eden space 31744K, 6% used [0x00000000d7380000,0x00000000d75a85e0,0x00000000d9280000)
  from space 5120K, 0% used [0x00000000d9780000,0x00000000d9780000,0x00000000d9c80000)
  to   space 5120K, 0% used [0x00000000d9280000,0x00000000d9280000,0x00000000d9780000)
 ParOldGen       total 84992K, used 0K [0x0000000085a00000, 0x000000008ad00000, 0x00000000d7380000)
  object space 84992K, 0% used [0x0000000085a00000,0x0000000085a00000,0x000000008ad00000)
 Metaspace       used 3110K, capacity 5168K, committed 5376K, reserved 1056768K
  class space    used 277K, capacity 424K, committed 512K, reserved 1048576K

Card table byte_map: [0x00007fd1e4c2c000,0x00007fd1e5000000] byte_map_base: 0x00007fd1e47ff000

Marking Bits: (ParMarkBitMap*) 0x00007fd1f9d00220
 Begin Bits: [0x00007fd1cc2d0000, 0x00007fd1ce168000)
 End Bits:   [0x00007fd1ce168000, 0x00007fd1d0000000)

Polling page: 0x00007fd1fa199000

CodeCache: size=245760Kb used=1127Kb max_used=1127Kb free=244633Kb
 bounds [0x00007fd1e5000000, 0x00007fd1e5270000, 0x00007fd1f4000000]
 total_blobs=288 nmethods=31 adapters=172
 compilation: enabled

Compilation events (10 events):
Event: 0.169 Thread 0x00007fd1f40c0000   26       3       sun.nio.cs.UTF_8$Encoder::encode (359 bytes)
Event: 0.171 Thread 0x00007fd1f40c0000 nmethod 26 0x00007fd1e5117610 code [0x00007fd1e5117800, 0x00007fd1e5118318]
Event: 0.171 Thread 0x00007fd1f40c0000   27       3       java.lang.AbstractStringBuilder::newCapacity (39 bytes)
Event: 0.172 Thread 0x00007fd1f40c0000 nmethod 27 0x00007fd1e5118990 code [0x00007fd1e5118b20, 0x00007fd1e5118f08]
Event: 0.172 Thread 0x00007fd1f40c0000   28       1       java.net.URL::getHost (5 bytes)
Event: 0.172 Thread 0x00007fd1f40c0000 nmethod 28 0x00007fd1e5119050 code [0x00007fd1e51191a0, 0x00007fd1e51192b0]
Event: 0.173 Thread 0x00007fd1f40c0000   29       1       java.net.URL::getPath (5 bytes)
Event: 0.173 Thread 0x00007fd1f40c0000 nmethod 29 0x00007fd1e5119310 code [0x00007fd1e5119460, 0x00007fd1e5119570]
Event: 0.180 Thread 0x00007fd1f40c0000   30       3       java.util.concurrent.ConcurrentHashMap::tabAt (21 bytes)
Event: 0.181 Thread 0x00007fd1f40c0000 nmethod 30 0x00007fd1e5119990 code [0x00007fd1e5119b00, 0x00007fd1e5119d30]

GC Heap History (0 events):
No events

Deoptimization events (0 events):
No events

Classes redefined (0 events):
No events

Internal exceptions (2 events):
Event: 0.037 Thread 0x00007fd1f400a800 Exception <a 'java/lang/NoSuchMethodError': Method sun.misc.Unsafe.defineClass(Ljava/lang/String;[BII)Ljava/lang/Class; name or signature does not match> (0x00000000d7387cc0) thrown at [/scratch/jenkins/workspace/8-2-build-linux-amd64/jdk8u331/2416/hotspo
Event: 0.038 Thread 0x00007fd1f400a800 Exception <a 'java/lang/NoSuchMethodError': Method sun.misc.Unsafe.prefetchRead(Ljava/lang/Object;J)V name or signature does not match> (0x00000000d7387fa8) thrown at [/scratch/jenkins/workspace/8-2-build-linux-amd64/jdk8u331/2416/hotspot/src/share/vm/pri

Events (10 events):
Event: 0.162 loading class org/pjsip/pjsua2/AccountSipConfig
Event: 0.162 loading class org/pjsip/pjsua2/AccountSipConfig done
Event: 0.163 loading class org/pjsip/pjsua2/AuthCredInfoVector
Event: 0.163 loading class org/pjsip/pjsua2/AuthCredInfoVector done
Event: 0.169 loading class org/pjsip/pjsua2/Account
Event: 0.169 loading class org/pjsip/pjsua2/Account done
Event: 0.171 loading class org/pjsip/pjsua2/Call
Event: 0.171 loading class org/pjsip/pjsua2/Call done
Event: 0.173 loading class org/pjsip/pjsua2/CallOpParam
Event: 0.173 loading class org/pjsip/pjsua2/CallOpParam done


Dynamic libraries:
85a00000-8ad00000 rw-p 00000000 00:00 0 
8ad00000-d7380000 ---p 00000000 00:00 0 
d7380000-d9c80000 rw-p 00000000 00:00 0 
d9c80000-100000000 ---p 00000000 00:00 0 
100000000-100080000 rw-p 00000000 00:00 0 
100080000-140000000 ---p 00000000 00:00 0 
565243e00000-565243e01000 r-xp 00000000 08:02 5248844                    /home/user/software/jdk1.8.0_331/bin/java
565244000000-565244001000 r--p 00000000 08:02 5248844                    /home/user/software/jdk1.8.0_331/bin/java
565244001000-565244002000 rw-p 00001000 08:02 5248844                    /home/user/software/jdk1.8.0_331/bin/java
56524523a000-56524525b000 rw-p 00000000 00:00 0                          [heap]
7fd174000000-7fd174021000 rw-p 00000000 00:00 0 
7fd174021000-7fd178000000 ---p 00000000 00:00 0 
7fd178000000-7fd17c000000 rw-s 00000000 00:01 9336                       /memfd:pulseaudio (deleted)
7fd17c000000-7fd180000000 rw-s 00000000 00:01 1029                       /memfd:pulseaudio (deleted)
7fd180000000-7fd180021000 rw-p 00000000 00:00 0 
7fd180021000-7fd184000000 ---p 00000000 00:00 0 
7fd184000000-7fd188000000 rw-s 00000000 00:01 10255                      /memfd:pulseaudio (deleted)
7fd188000000-7fd18c000000 rw-s 00000000 00:01 10255                      /memfd:pulseaudio (deleted)
7fd18c000000-7fd190000000 rw-s 00000000 00:01 9335                       /memfd:pulseaudio (deleted)
7fd190000000-7fd194000000 rw-s 00000000 00:01 1029                       /memfd:pulseaudio (deleted)
7fd194000000-7fd198000000 rw-s 00000000 00:01 8350                       /memfd:pulseaudio (deleted)
7fd198000000-7fd19c000000 rw-s 00000000 00:01 8350                       /memfd:pulseaudio (deleted)
7fd19c000000-7fd19c021000 rw-p 00000000 00:00 0 
7fd19c021000-7fd1a0000000 ---p 00000000 00:00 0 
7fd1a37ff000-7fd1a3800000 ---p 00000000 00:00 0 
7fd1a3800000-7fd1a4000000 rw-p 00000000 00:00 0 
7fd1a548f000-7fd1a5490000 ---p 00000000 00:00 0 
7fd1a5490000-7fd1a5c90000 rw-p 00000000 00:00 0 
7fd1a5c90000-7fd1a5c91000 ---p 00000000 00:00 0 
7fd1a5c91000-7fd1a6491000 rw-p 00000000 00:00 0 
7fd1a6491000-7fd1a6492000 ---p 00000000 00:00 0 
7fd1a6492000-7fd1a6c92000 rw-p 00000000 00:00 0 
7fd1a6c92000-7fd1a6c93000 ---p 00000000 00:00 0 
7fd1a6c93000-7fd1a7493000 rw-p 00000000 00:00 0 
7fd1a7493000-7fd1a7494000 ---p 00000000 00:00 0 
7fd1a7494000-7fd1a7c94000 rw-p 00000000 00:00 0 
7fd1a7c94000-7fd1a7dff000 r-xp 00000000 08:02 1450125                    /usr/lib/x86_64-linux-gnu/libsamplerate.so.0.1.8
7fd1a7dff000-7fd1a7ffe000 ---p 0016b000 08:02 1450125                    /usr/lib/x86_64-linux-gnu/libsamplerate.so.0.1.8
7fd1a7ffe000-7fd1a7fff000 r--p 0016a000 08:02 1450125                    /usr/lib/x86_64-linux-gnu/libsamplerate.so.0.1.8
7fd1a7fff000-7fd1a8000000 rw-p 0016b000 08:02 1450125                    /usr/lib/x86_64-linux-gnu/libsamplerate.so.0.1.8
7fd1a8000000-7fd1a8021000 rw-p 00000000 00:00 0 
7fd1a8021000-7fd1ac000000 ---p 00000000 00:00 0 
7fd1ac000000-7fd1ac021000 rw-p 00000000 00:00 0 
7fd1ac021000-7fd1b0000000 ---p 00000000 00:00 0 
7fd1b0000000-7fd1b0021000 rw-p 00000000 00:00 0 
7fd1b0021000-7fd1b4000000 ---p 00000000 00:00 0 
7fd1b4000000-7fd1b4026000 rw-p 00000000 00:00 0 
7fd1b4026000-7fd1b8000000 ---p 00000000 00:00 0 
7fd1b8000000-7fd1b8021000 rw-p 00000000 00:00 0 
7fd1b8021000-7fd1bc000000 ---p 00000000 00:00 0 
7fd1bc000000-7fd1bc04e000 rw-p 00000000 00:00 0 
7fd1bc04e000-7fd1c0000000 ---p 00000000 00:00 0 
7fd1c0000000-7fd1c0021000 rw-p 00000000 00:00 0 
7fd1c0021000-7fd1c4000000 ---p 00000000 00:00 0 
7fd1c4000000-7fd1c4021000 rw-p 00000000 00:00 0 
7fd1c4021000-7fd1c8000000 ---p 00000000 00:00 0 
7fd1c8000000-7fd1c8021000 rw-p 00000000 00:00 0 
7fd1c8021000-7fd1cc000000 ---p 00000000 00:00 0 
7fd1cc2d0000-7fd1d0000000 rw-p 00000000 00:00 0 
7fd1d0000000-7fd1d0021000 rw-p 00000000 00:00 0 
7fd1d0021000-7fd1d4000000 ---p 00000000 00:00 0 
7fd1d4034000-7fd1d4054000 r--p 00000000 08:02 1449217                    /usr/lib/x86_64-linux-gnu/libdb-5.3.so
7fd1d4054000-7fd1d4196000 r-xp 00020000 08:02 1449217                    /usr/lib/x86_64-linux-gnu/libdb-5.3.so
7fd1d4196000-7fd1d41db000 r--p 00162000 08:02 1449217                    /usr/lib/x86_64-linux-gnu/libdb-5.3.so
7fd1d41db000-7fd1d41e2000 r--p 001a6000 08:02 1449217                    /usr/lib/x86_64-linux-gnu/libdb-5.3.so
7fd1d41e2000-7fd1d41e3000 rw-p 001ad000 08:02 1449217                    /usr/lib/x86_64-linux-gnu/libdb-5.3.so
7fd1d41e3000-7fd1d41e9000 r--p 00000000 08:02 1442494                    /usr/lib/x86_64-linux-gnu/libjack.so.0.0.28
7fd1d41e9000-7fd1d41f5000 r-xp 00006000 08:02 1442494                    /usr/lib/x86_64-linux-gnu/libjack.so.0.0.28
7fd1d41f5000-7fd1d41fa000 r--p 00012000 08:02 1442494                    /usr/lib/x86_64-linux-gnu/libjack.so.0.0.28
7fd1d41fa000-7fd1d41fb000 r--p 00016000 08:02 1442494                    /usr/lib/x86_64-linux-gnu/libjack.so.0.0.28
7fd1d41fb000-7fd1d41fc000 rw-p 00017000 08:02 1442494                    /usr/lib/x86_64-linux-gnu/libjack.so.0.0.28
7fd1d41fc000-7fd1d4206000 rw-p 00000000 00:00 0 
7fd1d420c000-7fd1d420e000 r--p 00000000 08:02 2097964                    /usr/lib/x86_64-linux-gnu/alsa-lib/libasound_module_ctl_pulse.so
7fd1d420e000-7fd1d4211000 r-xp 00002000 08:02 2097964                    /usr/lib/x86_64-linux-gnu/alsa-lib/libasound_module_ctl_pulse.so
7fd1d4211000-7fd1d4212000 r--p 00005000 08:02 2097964                    /usr/lib/x86_64-linux-gnu/alsa-lib/libasound_module_ctl_pulse.so
7fd1d4212000-7fd1d4213000 r--p 00005000 08:02 2097964                    /usr/lib/x86_64-linux-gnu/alsa-lib/libasound_module_ctl_pulse.so
7fd1d4213000-7fd1d4214000 rw-p 00006000 08:02 2097964                    /usr/lib/x86_64-linux-gnu/alsa-lib/libasound_module_ctl_pulse.so
7fd1d4214000-7fd1d4215000 r--p 00000000 08:02 2097970                    /usr/lib/x86_64-linux-gnu/alsa-lib/libasound_module_pcm_vdownmix.so
7fd1d4215000-7fd1d4216000 r-xp 00001000 08:02 2097970                    /usr/lib/x86_64-linux-gnu/alsa-lib/libasound_module_pcm_vdownmix.so
7fd1d4216000-7fd1d4217000 r--p 00002000 08:02 2097970                    /usr/lib/x86_64-linux-gnu/alsa-lib/libasound_module_pcm_vdownmix.so
7fd1d4217000-7fd1d4218000 r--p 00002000 08:02 2097970                    /usr/lib/x86_64-linux-gnu/alsa-lib/libasound_module_pcm_vdownmix.so
7fd1d4218000-7fd1d4219000 rw-p 00003000 08:02 2097970                    /usr/lib/x86_64-linux-gnu/alsa-lib/libasound_module_pcm_vdownmix.so
7fd1d4219000-7fd1d421a000 r--p 00000000 08:02 2097968                    /usr/lib/x86_64-linux-gnu/alsa-lib/libasound_module_pcm_upmix.so
7fd1d421a000-7fd1d421c000 r-xp 00001000 08:02 2097968                    /usr/lib/x86_64-linux-gnu/alsa-lib/libasound_module_pcm_upmix.so
7fd1d421c000-7fd1d421d000 r--p 00003000 08:02 2097968                    /usr/lib/x86_64-linux-gnu/alsa-lib/libasound_module_pcm_upmix.so
7fd1d421d000-7fd1d421e000 r--p 00003000 08:02 2097968                    /usr/lib/x86_64-linux-gnu/alsa-lib/libasound_module_pcm_upmix.so
7fd1d421e000-7fd1d421f000 rw-p 00004000 08:02 2097968                    /usr/lib/x86_64-linux-gnu/alsa-lib/libasound_module_pcm_upmix.so
7fd1d421f000-7fd1d4221000 r--p 00000000 08:02 2097965                    /usr/lib/x86_64-linux-gnu/alsa-lib/libasound_module_pcm_jack.so
7fd1d4221000-7fd1d4223000 r-xp 00002000 08:02 2097965                    /usr/lib/x86_64-linux-gnu/alsa-lib/libasound_module_pcm_jack.so
7fd1d4223000-7fd1d4224000 r--p 00004000 08:02 2097965                    /usr/lib/x86_64-linux-gnu/alsa-lib/libasound_module_pcm_jack.so
7fd1d4224000-7fd1d4225000 r--p 00004000 08:02 2097965                    /usr/lib/x86_64-linux-gnu/alsa-lib/libasound_module_pcm_jack.so
7fd1d4225000-7fd1d4226000 rw-p 00005000 08:02 2097965                    /usr/lib/x86_64-linux-gnu/alsa-lib/libasound_module_pcm_jack.so
7fd1d4226000-7fd1d422a000 r--p 00000000 08:02 1449497                    /usr/lib/x86_64-linux-gnu/libgpg-error.so.0.28.0
7fd1d422a000-7fd1d423d000 r-xp 00004000 08:02 1449497                    /usr/lib/x86_64-linux-gnu/libgpg-error.so.0.28.0
7fd1d423d000-7fd1d4247000 r--p 00017000 08:02 1449497                    /usr/lib/x86_64-linux-gnu/libgpg-error.so.0.28.0
7fd1d4247000-7fd1d4248000 r--p 00020000 08:02 1449497                    /usr/lib/x86_64-linux-gnu/libgpg-error.so.0.28.0
7fd1d4248000-7fd1d4249000 rw-p 00021000 08:02 1449497                    /usr/lib/x86_64-linux-gnu/libgpg-error.so.0.28.0
7fd1d4249000-7fd1d424d000 r--p 00000000 08:02 1449109                    /usr/lib/x86_64-linux-gnu/libbsd.so.0.10.0
7fd1d424d000-7fd1d425c000 r-xp 00004000 08:02 1449109                    /usr/lib/x86_64-linux-gnu/libbsd.so.0.10.0
7fd1d425c000-7fd1d425f000 r--p 00013000 08:02 1449109                    /usr/lib/x86_64-linux-gnu/libbsd.so.0.10.0
7fd1d425f000-7fd1d4260000 ---p 00016000 08:02 1449109                    /usr/lib/x86_64-linux-gnu/libbsd.so.0.10.0
7fd1d4260000-7fd1d4261000 r--p 00016000 08:02 1449109                    /usr/lib/x86_64-linux-gnu/libbsd.so.0.10.0
7fd1d4261000-7fd1d4262000 rw-p 00017000 08:02 1449109                    /usr/lib/x86_64-linux-gnu/libbsd.so.0.10.0
7fd1d4262000-7fd1d4263000 rw-p 00000000 00:00 0 
7fd1d4263000-7fd1d4267000 r--p 00000000 08:02 1445806                    /usr/lib/x86_64-linux-gnu/libresolv-2.31.so
7fd1d4267000-7fd1d4277000 r-xp 00004000 08:02 1445806                    /usr/lib/x86_64-linux-gnu/libresolv-2.31.so
7fd1d4277000-7fd1d427b000 r--p 00014000 08:02 1445806                    /usr/lib/x86_64-linux-gnu/libresolv-2.31.so
7fd1d427b000-7fd1d427c000 r--p 00017000 08:02 1445806                    /usr/lib/x86_64-linux-gnu/libresolv-2.31.so
7fd1d427c000-7fd1d427d000 rw-p 00018000 08:02 1445806                    /usr/lib/x86_64-linux-gnu/libresolv-2.31.so
7fd1d427d000-7fd1d427f000 rw-p 00000000 00:00 0 
7fd1d427f000-7fd1d4293000 r--p 00000000 08:02 1450341                    /usr/lib/x86_64-linux-gnu/libvorbisenc.so.2.0.11
7fd1d4293000-7fd1d4296000 r-xp 00014000 08:02 1450341                    /usr/lib/x86_64-linux-gnu/libvorbisenc.so.2.0.11
7fd1d4296000-7fd1d430d000 r--p 00017000 08:02 1450341                    /usr/lib/x86_64-linux-gnu/libvorbisenc.so.2.0.11
7fd1d430d000-7fd1d4329000 r--p 0008d000 08:02 1450341                    /usr/lib/x86_64-linux-gnu/libvorbisenc.so.2.0.11
7fd1d4329000-7fd1d432a000 rw-p 000a9000 08:02 1450341                    /usr/lib/x86_64-linux-gnu/libvorbisenc.so.2.0.11
7fd1d432a000-7fd1d432d000 r--p 00000000 08:02 1450339                    /usr/lib/x86_64-linux-gnu/libvorbis.so.0.4.8
7fd1d432d000-7fd1d4344000 r-xp 00003000 08:02 1450339                    /usr/lib/x86_64-linux-gnu/libvorbis.so.0.4.8
7fd1d4344000-7fd1d4355000 r--p 0001a000 08:02 1450339                    /usr/lib/x86_64-linux-gnu/libvorbis.so.0.4.8
7fd1d4355000-7fd1d4356000 ---p 0002b000 08:02 1450339                    /usr/lib/x86_64-linux-gnu/libvorbis.so.0.4.8
7fd1d4356000-7fd1d4357000 r--p 0002b000 08:02 1450339                    /usr/lib/x86_64-linux-gnu/libvorbis.so.0.4.8
7fd1d4357000-7fd1d4358000 rw-p 0002c000 08:02 1450339                    /usr/lib/x86_64-linux-gnu/libvorbis.so.0.4.8
7fd1d4358000-7fd1d435a000 r--p 00000000 08:02 1449917                    /usr/lib/x86_64-linux-gnu/libogg.so.0.8.4
7fd1d435a000-7fd1d435f000 r-xp 00002000 08:02 1449917                    /usr/lib/x86_64-linux-gnu/libogg.so.0.8.4
7fd1d435f000-7fd1d4362000 r--p 00007000 08:02 1449917                    /usr/lib/x86_64-linux-gnu/libogg.so.0.8.4
7fd1d4362000-7fd1d4363000 ---p 0000a000 08:02 1449917                    /usr/lib/x86_64-linux-gnu/libogg.so.0.8.4
7fd1d4363000-7fd1d4364000 r--p 0000a000 08:02 1449917                    /usr/lib/x86_64-linux-gnu/libogg.so.0.8.4
7fd1d4364000-7fd1d4365000 rw-p 0000b000 08:02 1449917                    /usr/lib/x86_64-linux-gnu/libogg.so.0.8.4
7fd1d4365000-7fd1d436d000 r--p 00000000 08:02 1448904                    /usr/lib/x86_64-linux-gnu/libFLAC.so.8.3.0
7fd1d436d000-7fd1d4396000 r-xp 00008000 08:02 1448904                    /usr/lib/x86_64-linux-gnu/libFLAC.so.8.3.0
7fd1d4396000-7fd1d43a0000 r--p 00031000 08:02 1448904                    /usr/lib/x86_64-linux-gnu/libFLAC.so.8.3.0
7fd1d43a0000-7fd1d43a1000 ---p 0003b000 08:02 1448904                    /usr/lib/x86_64-linux-gnu/libFLAC.so.8.3.0
7fd1d43a1000-7fd1d43a2000 r--p 0003b000 08:02 1448904                    /usr/lib/x86_64-linux-gnu/libFLAC.so.8.3.0
7fd1d43a2000-7fd1d43a3000 rw-p 0003c000 08:02 1448904                    /usr/lib/x86_64-linux-gnu/libFLAC.so.8.3.0
7fd1d43a3000-7fd1d43a7000 r--p 00000000 08:02 1445797                    /usr/lib/x86_64-linux-gnu/libnsl-2.31.so
7fd1d43a7000-7fd1d43b7000 r-xp 00004000 08:02 1445797                    /usr/lib/x86_64-linux-gnu/libnsl-2.31.so
7fd1d43b7000-7fd1d43bc000 r--p 00014000 08:02 1445797                    /usr/lib/x86_64-linux-gnu/libnsl-2.31.so
7fd1d43bc000-7fd1d43bd000 r--p 00018000 08:02 1445797                    /usr/lib/x86_64-linux-gnu/libnsl-2.31.so
7fd1d43bd000-7fd1d43be000 rw-p 00019000 08:02 1445797                    /usr/lib/x86_64-linux-gnu/libnsl-2.31.so
7fd1d43be000-7fd1d43c0000 rw-p 00000000 00:00 0 
7fd1d43c0000-7fd1d43cc000 r--p 00000000 08:02 1447651                    /usr/lib/x86_64-linux-gnu/libgcrypt.so.20.2.5
7fd1d43cc000-7fd1d449a000 r-xp 0000c000 08:02 1447651                    /usr/lib/x86_64-linux-gnu/libgcrypt.so.20.2.5
7fd1d449a000-7fd1d44d7000 r--p 000da000 08:02 1447651                    /usr/lib/x86_64-linux-gnu/libgcrypt.so.20.2.5
7fd1d44d7000-7fd1d44d9000 r--p 00116000 08:02 1447651                    /usr/lib/x86_64-linux-gnu/libgcrypt.so.20.2.5
7fd1d44d9000-7fd1d44de000 rw-p 00118000 08:02 1447651                    /usr/lib/x86_64-linux-gnu/libgcrypt.so.20.2.5
7fd1d44de000-7fd1d44e0000 r--p 00000000 08:02 1449762                    /usr/lib/x86_64-linux-gnu/liblz4.so.1.9.2
7fd1d44e0000-7fd1d44fa000 r-xp 00002000 08:02 1449762                    /usr/lib/x86_64-linux-gnu/liblz4.so.1.9.2
7fd1d44fa000-7fd1d44fd000 r--p 0001c000 08:02 1449762                    /usr/lib/x86_64-linux-gnu/liblz4.so.1.9.2
7fd1d44fd000-7fd1d44fe000 r--p 0001e000 08:02 1449762                    /usr/lib/x86_64-linux-gnu/liblz4.so.1.9.2
7fd1d44fe000-7fd1d44ff000 rw-p 0001f000 08:02 1449762                    /usr/lib/x86_64-linux-gnu/liblz4.so.1.9.2
7fd1d44ff000-7fd1d4502000 r--p 00000000 08:02 1443497                    /usr/lib/x86_64-linux-gnu/liblzma.so.5.2.4
7fd1d4502000-7fd1d451a000 r-xp 00003000 08:02 1443497                    /usr/lib/x86_64-linux-gnu/liblzma.so.5.2.4
7fd1d451a000-7fd1d4525000 r--p 0001b000 08:02 1443497                    /usr/lib/x86_64-linux-gnu/liblzma.so.5.2.4
7fd1d4525000-7fd1d4526000 ---p 00026000 08:02 1443497                    /usr/lib/x86_64-linux-gnu/liblzma.so.5.2.4
7fd1d4526000-7fd1d4527000 r--p 00026000 08:02 1443497                    /usr/lib/x86_64-linux-gnu/liblzma.so.5.2.4
7fd1d4527000-7fd1d4528000 rw-p 00027000 08:02 1443497                    /usr/lib/x86_64-linux-gnu/liblzma.so.5.2.4
7fd1d4528000-7fd1d452a000 r--p 00000000 08:02 1448951                    /usr/lib/x86_64-linux-gnu/libXdmcp.so.6.0.0
7fd1d452a000-7fd1d452c000 r-xp 00002000 08:02 1448951                    /usr/lib/x86_64-linux-gnu/libXdmcp.so.6.0.0
7fd1d452c000-7fd1d452e000 r--p 00004000 08:02 1448951                    /usr/lib/x86_64-linux-gnu/libXdmcp.so.6.0.0
7fd1d452e000-7fd1d452f000 r--p 00005000 08:02 1448951                    /usr/lib/x86_64-linux-gnu/libXdmcp.so.6.0.0
7fd1d452f000-7fd1d4530000 rw-p 00006000 08:02 1448951                    /usr/lib/x86_64-linux-gnu/libXdmcp.so.6.0.0
7fd1d4530000-7fd1d4533000 r--p 00000000 08:02 1449007                    /usr/lib/x86_64-linux-gnu/libapparmor.so.1.6.1
7fd1d4533000-7fd1d453c000 r-xp 00003000 08:02 1449007                    /usr/lib/x86_64-linux-gnu/libapparmor.so.1.6.1
7fd1d453c000-7fd1d4543000 r--p 0000c000 08:02 1449007                    /usr/lib/x86_64-linux-gnu/libapparmor.so.1.6.1
7fd1d4543000-7fd1d4544000 r--p 00012000 08:02 1449007                    /usr/lib/x86_64-linux-gnu/libapparmor.so.1.6.1
7fd1d4544000-7fd1d4545000 rw-p 00013000 08:02 1449007                    /usr/lib/x86_64-linux-gnu/libapparmor.so.1.6.1
7fd1d4545000-7fd1d454a000 r-xp 00000000 08:02 1449028                    /usr/lib/x86_64-linux-gnu/libasyncns.so.0.3.1
7fd1d454a000-7fd1d4749000 ---p 00005000 08:02 1449028                    /usr/lib/x86_64-linux-gnu/libasyncns.so.0.3.1
7fd1d4749000-7fd1d474a000 r--p 00004000 08:02 1449028                    /usr/lib/x86_64-linux-gnu/libasyncns.so.0.3.1
7fd1d474a000-7fd1d474b000 rw-p 00005000 08:02 1449028                    /usr/lib/x86_64-linux-gnu/libasyncns.so.0.3.1
7fd1d474b000-7fd1d4752000 r--p 00000000 08:02 1450170                    /usr/lib/x86_64-linux-gnu/libsndfile.so.1.0.28
7fd1d4752000-7fd1d47a5000 r-xp 00007000 08:02 1450170                    /usr/lib/x86_64-linux-gnu/libsndfile.so.1.0.28
7fd1d47a5000-7fd1d47c2000 r--p 0005a000 08:02 1450170                    /usr/lib/x86_64-linux-gnu/libsndfile.so.1.0.28
7fd1d47c2000-7fd1d47c3000 ---p 00077000 08:02 1450170                    /usr/lib/x86_64-linux-gnu/libsndfile.so.1.0.28
7fd1d47c3000-7fd1d47c6000 r--p 00077000 08:02 1450170                    /usr/lib/x86_64-linux-gnu/libsndfile.so.1.0.28
7fd1d47c6000-7fd1d47c7000 rw-p 0007a000 08:02 1450170                    /usr/lib/x86_64-linux-gnu/libsndfile.so.1.0.28
7fd1d47c7000-7fd1d47c9000 rw-p 00000000 00:00 0 
7fd1d47c9000-7fd1d47d9000 r--p 00000000 08:02 1446018                    /usr/lib/x86_64-linux-gnu/libsystemd.so.0.28.0
7fd1d47d9000-7fd1d484e000 r-xp 00010000 08:02 1446018                    /usr/lib/x86_64-linux-gnu/libsystemd.so.0.28.0
7fd1d484e000-7fd1d4873000 r--p 00085000 08:02 1446018                    /usr/lib/x86_64-linux-gnu/libsystemd.so.0.28.0
7fd1d4873000-7fd1d4876000 r--p 000a9000 08:02 1446018                    /usr/lib/x86_64-linux-gnu/libsystemd.so.0.28.0
7fd1d4876000-7fd1d4877000 rw-p 000ac000 08:02 1446018                    /usr/lib/x86_64-linux-gnu/libsystemd.so.0.28.0
7fd1d4877000-7fd1d4878000 rw-p 00000000 00:00 0 
7fd1d4878000-7fd1d4883000 r--p 00000000 08:02 1450442                    /usr/lib/x86_64-linux-gnu/libxcb.so.1.1.0
7fd1d4883000-7fd1d4897000 r-xp 0000b000 08:02 1450442                    /usr/lib/x86_64-linux-gnu/libxcb.so.1.1.0
7fd1d4897000-7fd1d48a0000 r--p 0001f000 08:02 1450442                    /usr/lib/x86_64-linux-gnu/libxcb.so.1.1.0
7fd1d48a0000-7fd1d48a1000 r--p 00027000 08:02 1450442                    /usr/lib/x86_64-linux-gnu/libxcb.so.1.1.0
7fd1d48a1000-7fd1d48a2000 rw-p 00028000 08:02 1450442                    /usr/lib/x86_64-linux-gnu/libxcb.so.1.1.0
7fd1d48a2000-7fd1d48ad000 r--p 00000000 08:02 1442000                    /usr/lib/x86_64-linux-gnu/libdbus-1.so.3.19.11
7fd1d48ad000-7fd1d48db000 r-xp 0000b000 08:02 1442000                    /usr/lib/x86_64-linux-gnu/libdbus-1.so.3.19.11
7fd1d48db000-7fd1d48f0000 r--p 00039000 08:02 1442000                    /usr/lib/x86_64-linux-gnu/libdbus-1.so.3.19.11
7fd1d48f0000-7fd1d48f1000 ---p 0004e000 08:02 1442000                    /usr/lib/x86_64-linux-gnu/libdbus-1.so.3.19.11
7fd1d48f1000-7fd1d48f2000 r--p 0004e000 08:02 1442000                    /usr/lib/x86_64-linux-gnu/libdbus-1.so.3.19.11
7fd1d48f2000-7fd1d48f3000 rw-p 0004f000 08:02 1442000                    /usr/lib/x86_64-linux-gnu/libdbus-1.so.3.19.11
7fd1d48f3000-7fd1d4904000 r--p 00000000 08:02 2097637                    /usr/lib/x86_64-linux-gnu/pulseaudio/libpulsecommon-13.99.so
7fd1d4904000-7fd1d494c000 r-xp 00011000 08:02 2097637                    /usr/lib/x86_64-linux-gnu/pulseaudio/libpulsecommon-13.99.so
7fd1d494c000-7fd1d4971000 r--p 00059000 08:02 2097637                    /usr/lib/x86_64-linux-gnu/pulseaudio/libpulsecommon-13.99.so
7fd1d4971000-7fd1d4972000 ---p 0007e000 08:02 2097637                    /usr/lib/x86_64-linux-gnu/pulseaudio/libpulsecommon-13.99.so
7fd1d4972000-7fd1d4974000 r--p 0007e000 08:02 2097637                    /usr/lib/x86_64-linux-gnu/pulseaudio/libpulsecommon-13.99.so
7fd1d4974000-7fd1d4975000 rw-p 00080000 08:02 2097637                    /usr/lib/x86_64-linux-gnu/pulseaudio/libpulsecommon-13.99.so
7fd1d4975000-7fd1d4981000 r--p 00000000 08:02 1442666                    /usr/lib/x86_64-linux-gnu/libpulse.so.0.21.2
7fd1d4981000-7fd1d49b1000 r-xp 0000c000 08:02 1442666                    /usr/lib/x86_64-linux-gnu/libpulse.so.0.21.2
7fd1d49b1000-7fd1d49c7000 r--p 0003c000 08:02 1442666                    /usr/lib/x86_64-linux-gnu/libpulse.so.0.21.2
7fd1d49c7000-7fd1d49c9000 r--p 00051000 08:02 1442666                    /usr/lib/x86_64-linux-gnu/libpulse.so.0.21.2
7fd1d49c9000-7fd1d49ca000 rw-p 00053000 08:02 1442666                    /usr/lib/x86_64-linux-gnu/libpulse.so.0.21.2
7fd1d49cc000-7fd1d49cd000 r--p 00000000 08:02 2097976                    /usr/lib/x86_64-linux-gnu/alsa-lib/libasound_module_rate_speexrate.so
7fd1d49cd000-7fd1d49d0000 r-xp 00001000 08:02 2097976                    /usr/lib/x86_64-linux-gnu/alsa-lib/libasound_module_rate_speexrate.so
7fd1d49d0000-7fd1d49d1000 r--p 00004000 08:02 2097976                    /usr/lib/x86_64-linux-gnu/alsa-lib/libasound_module_rate_speexrate.so
7fd1d49d1000-7fd1d49d2000 r--p 00004000 08:02 2097976                    /usr/lib/x86_64-linux-gnu/alsa-lib/libasound_module_rate_speexrate.so
7fd1d49d2000-7fd1d49d3000 rw-p 00005000 08:02 2097976                    /usr/lib/x86_64-linux-gnu/alsa-lib/libasound_module_rate_speexrate.so
7fd1d49d3000-7fd1d49d5000 r--p 00000000 08:02 2097967                    /usr/lib/x86_64-linux-gnu/alsa-lib/libasound_module_pcm_pulse.so
7fd1d49d5000-7fd1d49d8000 r-xp 00002000 08:02 2097967                    /usr/lib/x86_64-linux-gnu/alsa-lib/libasound_module_pcm_pulse.so
7fd1d49d8000-7fd1d49d9000 r--p 00005000 08:02 2097967                    /usr/lib/x86_64-linux-gnu/alsa-lib/libasound_module_pcm_pulse.so
7fd1d49d9000-7fd1d49da000 ---p 00006000 08:02 2097967                    /usr/lib/x86_64-linux-gnu/alsa-lib/libasound_module_pcm_pulse.so
7fd1d49da000-7fd1d49db000 r--p 00006000 08:02 2097967                    /usr/lib/x86_64-linux-gnu/alsa-lib/libasound_module_pcm_pulse.so
7fd1d49db000-7fd1d49dc000 rw-p 00007000 08:02 2097967                    /usr/lib/x86_64-linux-gnu/alsa-lib/libasound_module_pcm_pulse.so
7fd1d49dc000-7fd1d49e3000 r--s 00000000 08:02 2102563                    /usr/lib/x86_64-linux-gnu/gconv/gconv-modules.cache
7fd1d49e3000-7fd1d49e5000 r--p 00000000 08:02 2234013                    /usr/local/lib/libilbccodec.so.2
7fd1d49e5000-7fd1d49ef000 r-xp 00002000 08:02 2234013                    /usr/local/lib/libilbccodec.so.2
7fd1d49ef000-7fd1d49f1000 r--p 0000c000 08:02 2234013                    /usr/local/lib/libilbccodec.so.2
7fd1d49f1000-7fd1d49f2000 r--p 0000d000 08:02 2234013                    /usr/local/lib/libilbccodec.so.2
7fd1d49f2000-7fd1d49f4000 rw-p 0000e000 08:02 2234013                    /usr/local/lib/libilbccodec.so.2
7fd1d49f4000-7fd1d49f5000 r--p 00000000 08:02 2234009                    /usr/local/lib/libgsmcodec.so.2
7fd1d49f5000-7fd1d49fd000 r-xp 00001000 08:02 2234009                    /usr/local/lib/libgsmcodec.so.2
7fd1d49fd000-7fd1d49fe000 r--p 00009000 08:02 2234009                    /usr/local/lib/libgsmcodec.so.2
7fd1d49fe000-7fd1d49ff000 r--p 00009000 08:02 2234009                    /usr/local/lib/libgsmcodec.so.2
7fd1d49ff000-7fd1d4a00000 rw-p 0000a000 08:02 2234009                    /usr/local/lib/libgsmcodec.so.2
7fd1d4a00000-7fd1d4a2a000 r--p 00000000 08:02 1442673                    /usr/lib/x86_64-linux-gnu/libasound.so.2.0.0
7fd1d4a2a000-7fd1d4ab9000 r-xp 0002a000 08:02 1442673                    /usr/lib/x86_64-linux-gnu/libasound.so.2.0.0
7fd1d4ab9000-7fd1d4af3000 r--p 000b9000 08:02 1442673                    /usr/lib/x86_64-linux-gnu/libasound.so.2.0.0
7fd1d4af3000-7fd1d4afa000 r--p 000f2000 08:02 1442673                    /usr/lib/x86_64-linux-gnu/libasound.so.2.0.0
7fd1d4afa000-7fd1d4afb000 rw-p 000f9000 08:02 1442673                    /usr/lib/x86_64-linux-gnu/libasound.so.2.0.0
7fd1d4afb000-7fd1d4b17000 r--p 00000000 08:02 1444253                    /usr/lib/x86_64-linux-gnu/libssl.so.1.1
7fd1d4b17000-7fd1d4b66000 r-xp 0001c000 08:02 1444253                    /usr/lib/x86_64-linux-gnu/libssl.so.1.1
7fd1d4b66000-7fd1d4b80000 r--p 0006b000 08:02 1444253                    /usr/lib/x86_64-linux-gnu/libssl.so.1.1
7fd1d4b80000-7fd1d4b81000 ---p 00085000 08:02 1444253                    /usr/lib/x86_64-linux-gnu/libssl.so.1.1
7fd1d4b81000-7fd1d4b8a000 r--p 00085000 08:02 1444253                    /usr/lib/x86_64-linux-gnu/libssl.so.1.1
7fd1d4b8a000-7fd1d4b8e000 rw-p 0008e000 08:02 1444253                    /usr/lib/x86_64-linux-gnu/libssl.so.1.1
7fd1d4b8e000-7fd1d4b94000 r--p 00000000 08:02 2234019                    /usr/local/lib/libwebrtc.so.2
7fd1d4b94000-7fd1d4bad000 r-xp 00006000 08:02 2234019                    /usr/local/lib/libwebrtc.so.2
7fd1d4bad000-7fd1d4bb5000 r--p 0001f000 08:02 2234019                    /usr/local/lib/libwebrtc.so.2
7fd1d4bb5000-7fd1d4bb6000 r--p 00026000 08:02 2234019                    /usr/local/lib/libwebrtc.so.2
7fd1d4bb6000-7fd1d4bb7000 rw-p 00027000 08:02 2234019                    /usr/local/lib/libwebrtc.so.2
7fd1d4bb7000-7fd1d4bbd000 r--p 00000000 08:02 2234011                    /usr/local/lib/libspeex.so.2
7fd1d4bbd000-7fd1d4bdb000 r-xp 00006000 08:02 2234011                    /usr/local/lib/libspeex.so.2
7fd1d4bdb000-7fd1d4be3000 r--p 00024000 08:02 2234011                    /usr/local/lib/libspeex.so.2
7fd1d4be3000-7fd1d4be4000 ---p 0002c000 08:02 2234011                    /usr/local/lib/libspeex.so.2
7fd1d4be4000-7fd1d4be5000 r--p 0002c000 08:02 2234011                    /usr/local/lib/libspeex.so.2
7fd1d4be5000-7fd1d4be6000 rw-p 0002d000 08:02 2234011                    /usr/local/lib/libspeex.so.2
7fd1d4be6000-7fd1d4be7000 r--p 00000000 08:02 2234007                    /usr/local/lib/libresample.so.2
7fd1d4be7000-7fd1d4be8000 r-xp 00001000 08:02 2234007                    /usr/local/lib/libresample.so.2
7fd1d4be8000-7fd1d4bf3000 r--p 00002000 08:02 2234007                    /usr/local/lib/libresample.so.2
7fd1d4bf3000-7fd1d4bf4000 r--p 0000c000 08:02 2234007                    /usr/local/lib/libresample.so.2
7fd1d4bf4000-7fd1d4bf5000 rw-p 0000d000 08:02 2234007                    /usr/local/lib/libresample.so.2
7fd1d4bf5000-7fd1d4bfa000 r--p 00000000 08:02 2234005                    /usr/local/lib/libsrtp.so.2
7fd1d4bfa000-7fd1d4c05000 r-xp 00005000 08:02 2234005                    /usr/local/lib/libsrtp.so.2
7fd1d4c05000-7fd1d4c09000 r--p 00010000 08:02 2234005                    /usr/local/lib/libsrtp.so.2
7fd1d4c09000-7fd1d4c0a000 r--p 00013000 08:02 2234005                    /usr/local/lib/libsrtp.so.2
7fd1d4c0a000-7fd1d4c0b000 rw-p 00014000 08:02 2234005                    /usr/local/lib/libsrtp.so.2
7fd1d4c0b000-7fd1d4c83000 r--p 00000000 08:02 1442325                    /usr/lib/x86_64-linux-gnu/libcrypto.so.1.1
7fd1d4c83000-7fd1d4e1e000 r-xp 00078000 08:02 1442325                    /usr/lib/x86_64-linux-gnu/libcrypto.so.1.1
7fd1d4e1e000-7fd1d4eaf000 r--p 00213000 08:02 1442325                    /usr/lib/x86_64-linux-gnu/libcrypto.so.1.1
7fd1d4eaf000-7fd1d4edb000 r--p 002a3000 08:02 1442325                    /usr/lib/x86_64-linux-gnu/libcrypto.so.1.1
7fd1d4edb000-7fd1d4edd000 rw-p 002cf000 08:02 1442325                    /usr/lib/x86_64-linux-gnu/libcrypto.so.1.1
7fd1d4edd000-7fd1d4ee1000 rw-p 00000000 00:00 0 
7fd1d4ee1000-7fd1d4ee9000 r--p 00000000 08:02 2234039                    /usr/local/lib/libpjnath.so.2
7fd1d4ee9000-7fd1d4f07000 r-xp 00008000 08:02 2234039                    /usr/local/lib/libpjnath.so.2
7fd1d4f07000-7fd1d4f13000 r--p 00026000 08:02 2234039                    /usr/local/lib/libpjnath.so.2
7fd1d4f13000-7fd1d4f14000 r--p 00031000 08:02 2234039                    /usr/local/lib/libpjnath.so.2
7fd1d4f14000-7fd1d4f16000 rw-p 00032000 08:02 2234039                    /usr/local/lib/libpjnath.so.2
7fd1d4f16000-7fd1d4f19000 r--p 00000000 08:02 2234031                    /usr/local/lib/libpjmedia-codec.so.2
7fd1d4f19000-7fd1d4f21000 r-xp 00003000 08:02 2234031                    /usr/local/lib/libpjmedia-codec.so.2
7fd1d4f21000-7fd1d4f24000 r--p 0000b000 08:02 2234031                    /usr/local/lib/libpjmedia-codec.so.2
7fd1d4f24000-7fd1d4f25000 r--p 0000d000 08:02 2234031                    /usr/local/lib/libpjmedia-codec.so.2
7fd1d4f25000-7fd1d4f26000 rw-p 0000e000 08:02 2234031                    /usr/local/lib/libpjmedia-codec.so.2
7fd1d4f26000-7fd1d4f28000 r--p 00000000 08:02 2234037                    /usr/local/lib/libpjmedia-audiodev.so.2
7fd1d4f28000-7fd1d4f2c000 r-xp 00002000 08:02 2234037                    /usr/local/lib/libpjmedia-audiodev.so.2
7fd1d4f2c000-7fd1d4f2d000 r--p 00006000 08:02 2234037                    /usr/local/lib/libpjmedia-audiodev.so.2
7fd1d4f2d000-7fd1d4f2e000 ---p 00007000 08:02 2234037                    /usr/local/lib/libpjmedia-audiodev.so.2
7fd1d4f2e000-7fd1d4f2f000 r--p 00007000 08:02 2234037                    /usr/local/lib/libpjmedia-audiodev.so.2
7fd1d4f2f000-7fd1d4f30000 rw-p 00008000 08:02 2234037                    /usr/local/lib/libpjmedia-audiodev.so.2
7fd1d4f30000-7fd1d4f36000 r--p 00000000 08:02 2234025                    /usr/local/lib/libpjsip-ua.so.2
7fd1d4f36000-7fd1d4f48000 r-xp 00006000 08:02 2234025                    /usr/local/lib/libpjsip-ua.so.2
7fd1d4f48000-7fd1d4f4e000 r--p 00018000 08:02 2234025                    /usr/local/lib/libpjsip-ua.so.2
7fd1d4f4e000-7fd1d4f4f000 r--p 0001d000 08:02 2234025                    /usr/local/lib/libpjsip-ua.so.2
7fd1d4f4f000-7fd1d4f50000 rw-p 0001e000 08:02 2234025                    /usr/local/lib/libpjsip-ua.so.2
7fd1d4f50000-7fd1d4f5c000 r--p 00000000 08:02 2234043                    /usr/local/lib/libpj.so.2
7fd1d4f5c000-7fd1d4f7a000 r-xp 0000c000 08:02 2234043                    /usr/local/lib/libpj.so.2
7fd1d4f7a000-7fd1d4f85000 r--p 0002a000 08:02 2234043                    /usr/local/lib/libpj.so.2
7fd1d4f85000-7fd1d4f86000 ---p 00035000 08:02 2234043                    /usr/local/lib/libpj.so.2
7fd1d4f86000-7fd1d4f87000 r--p 00035000 08:02 2234043                    /usr/local/lib/libpj.so.2
7fd1d4f87000-7fd1d4f88000 rw-p 00036000 08:02 2234043                    /usr/local/lib/libpj.so.2
7fd1d4f88000-7fd1d4f8a000 rw-p 00000000 00:00 0 
7fd1d4f8a000-7fd1d4f91000 r--p 00000000 08:02 2234041                    /usr/local/lib/libpjlib-util.so.2
7fd1d4f91000-7fd1d4fab000 r-xp 00007000 08:02 2234041                    /usr/local/lib/libpjlib-util.so.2
7fd1d4fab000-7fd1d4fb3000 r--p 00021000 08:02 2234041                    /usr/local/lib/libpjlib-util.so.2
7fd1d4fb3000-7fd1d4fb4000 r--p 00028000 08:02 2234041                    /usr/local/lib/libpjlib-util.so.2
7fd1d4fb4000-7fd1d4fb5000 rw-p 00029000 08:02 2234041                    /usr/local/lib/libpjlib-util.so.2
7fd1d4fb5000-7fd1d4fc3000 r--p 00000000 08:02 2234035                    /usr/local/lib/libpjmedia.so.2
7fd1d4fc3000-7fd1d4ffb000 r-xp 0000e000 08:02 2234035                    /usr/local/lib/libpjmedia.so.2
7fd1d4ffb000-7fd1d5018000 r--p 00046000 08:02 2234035                    /usr/local/lib/libpjmedia.so.2
7fd1d5018000-7fd1d5019000 ---p 00063000 08:02 2234035                    /usr/local/lib/libpjmedia.so.2
7fd1d5019000-7fd1d501a000 r--p 00063000 08:02 2234035                    /usr/local/lib/libpjmedia.so.2
7fd1d501a000-7fd1d501c000 rw-p 00064000 08:02 2234035                    /usr/local/lib/libpjmedia.so.2
7fd1d501c000-7fd1d501d000 rw-p 00000000 00:00 0 
7fd1d501d000-7fd1d502b000 r--p 00000000 08:02 2234029                    /usr/local/lib/libpjsip.so.2
7fd1d502b000-7fd1d505b000 r-xp 0000e000 08:02 2234029                    /usr/local/lib/libpjsip.so.2
7fd1d505b000-7fd1d506c000 r--p 0003e000 08:02 2234029                    /usr/local/lib/libpjsip.so.2
7fd1d506c000-7fd1d506e000 r--p 0004e000 08:02 2234029                    /usr/local/lib/libpjsip.so.2
7fd1d506e000-7fd1d5070000 rw-p 00050000 08:02 2234029                    /usr/local/lib/libpjsip.so.2
7fd1d5070000-7fd1d5075000 rw-p 00000000 00:00 0 
7fd1d5075000-7fd1d5083000 r--p 00000000 08:02 2234023                    /usr/local/lib/libpjsua.so.2
7fd1d5083000-7fd1d50b8000 r-xp 0000e000 08:02 2234023                    /usr/local/lib/libpjsua.so.2
7fd1d50b8000-7fd1d50c5000 r--p 00043000 08:02 2234023                    /usr/local/lib/libpjsua.so.2
7fd1d50c5000-7fd1d50c6000 r--p 0004f000 08:02 2234023                    /usr/local/lib/libpjsua.so.2
7fd1d50c6000-7fd1d50c8000 rw-p 00050000 08:02 2234023                    /usr/local/lib/libpjsua.so.2
7fd1d50c8000-7fd1d51aa000 rw-p 00000000 00:00 0 
7fd1d51aa000-7fd1d51c6000 r--p 00000000 08:02 2234021                    /usr/local/lib/libpjsua2.so.2
7fd1d51c6000-7fd1d521a000 r-xp 0001c000 08:02 2234021                    /usr/local/lib/libpjsua2.so.2
7fd1d521a000-7fd1d522f000 r--p 00070000 08:02 2234021                    /usr/local/lib/libpjsua2.so.2
7fd1d522f000-7fd1d5231000 r--p 00084000 08:02 2234021                    /usr/local/lib/libpjsua2.so.2
7fd1d5231000-7fd1d5233000 rw-p 00086000 08:02 2234021                    /usr/local/lib/libpjsua2.so.2
7fd1d5233000-7fd1d5282000 r--p 00000000 08:02 3415529                    /home/user/NetBeansProjects/pjsuaCall/src/pjsuacall/dynamicLib/libpjsua2.so
7fd1d5282000-7fd1d530e000 r-xp 0004f000 08:02 3415529                    /home/user/NetBeansProjects/pjsuaCall/src/pjsuacall/dynamicLib/libpjsua2.so
7fd1d530e000-7fd1d5344000 r--p 000db000 08:02 3415529                    /home/user/NetBeansProjects/pjsuaCall/src/pjsuacall/dynamicLib/libpjsua2.so
7fd1d5344000-7fd1d5345000 ---p 00111000 08:02 3415529                    /home/user/NetBeansProjects/pjsuaCall/src/pjsuacall/dynamicLib/libpjsua2.so
7fd1d5345000-7fd1d5346000 r--p 00111000 08:02 3415529                    /home/user/NetBeansProjects/pjsuaCall/src/pjsuacall/dynamicLib/libpjsua2.so
7fd1d5346000-7fd1d5348000 rw-p 00112000 08:02 3415529                    /home/user/NetBeansProjects/pjsuaCall/src/pjsuacall/dynamicLib/libpjsua2.so
7fd1d5348000-7fd1d53de000 r--p 00000000 08:02 1450209                    /usr/lib/x86_64-linux-gnu/libstdc++.so.6.0.28
7fd1d53de000-7fd1d54cf000 r-xp 00096000 08:02 1450209                    /usr/lib/x86_64-linux-gnu/libstdc++.so.6.0.28
7fd1d54cf000-7fd1d5518000 r--p 00187000 08:02 1450209                    /usr/lib/x86_64-linux-gnu/libstdc++.so.6.0.28
7fd1d5518000-7fd1d5519000 ---p 001d0000 08:02 1450209                    /usr/lib/x86_64-linux-gnu/libstdc++.so.6.0.28
7fd1d5519000-7fd1d5524000 r--p 001d0000 08:02 1450209                    /usr/lib/x86_64-linux-gnu/libstdc++.so.6.0.28
7fd1d5524000-7fd1d5527000 rw-p 001db000 08:02 1450209                    /usr/lib/x86_64-linux-gnu/libstdc++.so.6.0.28
7fd1d5527000-7fd1d552a000 rw-p 00000000 00:00 0 
7fd1d552a000-7fd1d5693000 r-xp 00000000 08:02 3415530                    /home/user/NetBeansProjects/pjsuaCall/src/pjsuacall/dynamicLib/libopenh264.so
7fd1d5693000-7fd1d5893000 ---p 00169000 08:02 3415530                    /home/user/NetBeansProjects/pjsuaCall/src/pjsuacall/dynamicLib/libopenh264.so
7fd1d5893000-7fd1d5896000 r--p 00169000 08:02 3415530                    /home/user/NetBeansProjects/pjsuaCall/src/pjsuacall/dynamicLib/libopenh264.so
7fd1d5896000-7fd1d5898000 rw-p 0016c000 08:02 3415530                    /home/user/NetBeansProjects/pjsuaCall/src/pjsuacall/dynamicLib/libopenh264.so
7fd1d5898000-7fd1d5899000 ---p 00000000 00:00 0 
7fd1d5899000-7fd1d5999000 rw-p 00000000 00:00 0 
7fd1d5999000-7fd1d599c000 ---p 00000000 00:00 0 
7fd1d599c000-7fd1d5a9a000 rw-p 00000000 00:00 0 
7fd1d5a9a000-7fd1d5a9b000 ---p 00000000 00:00 0 
7fd1d5a9b000-7fd1d5a9e000 ---p 00000000 00:00 0 
7fd1d5a9e000-7fd1d5b9b000 rw-p 00000000 00:00 0 
7fd1d5b9b000-7fd1d5b9c000 ---p 00000000 00:00 0 
7fd1d5b9c000-7fd1d5b9f000 ---p 00000000 00:00 0 
7fd1d5b9f000-7fd1d5c9c000 rw-p 00000000 00:00 0 
7fd1d5c9c000-7fd1d5c9d000 ---p 00000000 00:00 0 
7fd1d5c9d000-7fd1d5ca0000 ---p 00000000 00:00 0 
7fd1d5ca0000-7fd1d5d9d000 rw-p 00000000 00:00 0 
7fd1d5d9d000-7fd1d5da0000 ---p 00000000 00:00 0 
7fd1d5da0000-7fd1d5e9e000 rw-p 00000000 00:00 0 
7fd1d5e9e000-7fd1d640e000 r--p 00000000 08:02 1444832                    /usr/lib/locale/locale-archive
7fd1d640e000-7fd1d6411000 ---p 00000000 00:00 0 
7fd1d6411000-7fd1d650f000 rw-p 00000000 00:00 0 
7fd1d650f000-7fd1d6512000 ---p 00000000 00:00 0 
7fd1d6512000-7fd1d6610000 rw-p 00000000 00:00 0 
7fd1d6610000-7fd1d6611000 ---p 00000000 00:00 0 
7fd1d6611000-7fd1d7620000 rw-p 00000000 00:00 0 
7fd1d7620000-7fd1d7800000 r--s 03ea1000 08:02 5380617                    /home/user/software/jdk1.8.0_331/jre/lib/rt.jar
7fd1d7800000-7fd1d7cc0000 rw-p 00000000 00:00 0 
7fd1d7cc0000-7fd1d8000000 ---p 00000000 00:00 0 
7fd1d8000000-7fd1d8021000 rw-p 00000000 00:00 0 
7fd1d8021000-7fd1dc000000 ---p 00000000 00:00 0 
7fd1dc000000-7fd1dc021000 rw-p 00000000 00:00 0 
7fd1dc021000-7fd1e0000000 ---p 00000000 00:00 0 
7fd1e0000000-7fd1e0021000 rw-p 00000000 00:00 0 
7fd1e0021000-7fd1e4000000 ---p 00000000 00:00 0 
7fd1e4000000-7fd1e4001000 r--p 00000000 08:02 2097966                    /usr/lib/x86_64-linux-gnu/alsa-lib/libasound_module_pcm_oss.so
7fd1e4001000-7fd1e4003000 r-xp 00001000 08:02 2097966                    /usr/lib/x86_64-linux-gnu/alsa-lib/libasound_module_pcm_oss.so
7fd1e4003000-7fd1e4004000 r--p 00003000 08:02 2097966                    /usr/lib/x86_64-linux-gnu/alsa-lib/libasound_module_pcm_oss.so
7fd1e4004000-7fd1e4005000 r--p 00003000 08:02 2097966                    /usr/lib/x86_64-linux-gnu/alsa-lib/libasound_module_pcm_oss.so
7fd1e4005000-7fd1e4006000 rw-p 00004000 08:02 2097966                    /usr/lib/x86_64-linux-gnu/alsa-lib/libasound_module_pcm_oss.so
7fd1e4006000-7fd1e400c000 r--p 00000000 08:02 2234027                    /usr/local/lib/libpjsip-simple.so.2
7fd1e400c000-7fd1e4017000 r-xp 00006000 08:02 2234027                    /usr/local/lib/libpjsip-simple.so.2
7fd1e4017000-7fd1e401b000 r--p 00011000 08:02 2234027                    /usr/local/lib/libpjsip-simple.so.2
7fd1e401b000-7fd1e401c000 ---p 00015000 08:02 2234027                    /usr/local/lib/libpjsip-simple.so.2
7fd1e401c000-7fd1e401d000 r--p 00015000 08:02 2234027                    /usr/local/lib/libpjsip-simple.so.2
7fd1e401d000-7fd1e401e000 rw-p 00016000 08:02 2234027                    /usr/local/lib/libpjsip-simple.so.2
7fd1e401e000-7fd1e4021000 r--p 00000000 08:02 1449406                    /usr/lib/x86_64-linux-gnu/libgcc_s.so.1
7fd1e4021000-7fd1e4033000 r-xp 00003000 08:02 1449406                    /usr/lib/x86_64-linux-gnu/libgcc_s.so.1
7fd1e4033000-7fd1e4037000 r--p 00015000 08:02 1449406                    /usr/lib/x86_64-linux-gnu/libgcc_s.so.1
7fd1e4037000-7fd1e4038000 r--p 00018000 08:02 1449406                    /usr/lib/x86_64-linux-gnu/libgcc_s.so.1
7fd1e4038000-7fd1e4039000 rw-p 00019000 08:02 1449406                    /usr/lib/x86_64-linux-gnu/libgcc_s.so.1
7fd1e403b000-7fd1e403c000 r--p 00000000 08:02 1448940                    /usr/lib/x86_64-linux-gnu/libXau.so.6.0.0
7fd1e403c000-7fd1e403e000 r-xp 00001000 08:02 1448940                    /usr/lib/x86_64-linux-gnu/libXau.so.6.0.0
7fd1e403e000-7fd1e403f000 r--p 00003000 08:02 1448940                    /usr/lib/x86_64-linux-gnu/libXau.so.6.0.0
7fd1e403f000-7fd1e4040000 r--p 00003000 08:02 1448940                    /usr/lib/x86_64-linux-gnu/libXau.so.6.0.0
7fd1e4040000-7fd1e4041000 rw-p 00004000 08:02 1448940                    /usr/lib/x86_64-linux-gnu/libXau.so.6.0.0
7fd1e4041000-7fd1e4044000 r--p 00000000 08:02 1450402                    /usr/lib/x86_64-linux-gnu/libwrap.so.0.7.6
7fd1e4044000-7fd1e4049000 r-xp 00003000 08:02 1450402                    /usr/lib/x86_64-linux-gnu/libwrap.so.0.7.6
7fd1e4049000-7fd1e404b000 r--p 00008000 08:02 1450402                    /usr/lib/x86_64-linux-gnu/libwrap.so.0.7.6
7fd1e404b000-7fd1e404c000 r--p 00009000 08:02 1450402                    /usr/lib/x86_64-linux-gnu/libwrap.so.0.7.6
7fd1e404c000-7fd1e404d000 rw-p 0000a000 08:02 1450402                    /usr/lib/x86_64-linux-gnu/libwrap.so.0.7.6
7fd1e404d000-7fd1e404e000 r--p 00000000 08:02 2097971                    /usr/lib/x86_64-linux-gnu/alsa-lib/libasound_module_rate_samplerate.so
7fd1e404e000-7fd1e404f000 r-xp 00001000 08:02 2097971                    /usr/lib/x86_64-linux-gnu/alsa-lib/libasound_module_rate_samplerate.so
7fd1e404f000-7fd1e4050000 r--p 00002000 08:02 2097971                    /usr/lib/x86_64-linux-gnu/alsa-lib/libasound_module_rate_samplerate.so
7fd1e4050000-7fd1e4051000 r--p 00002000 08:02 2097971                    /usr/lib/x86_64-linux-gnu/alsa-lib/libasound_module_rate_samplerate.so
7fd1e4051000-7fd1e4052000 rw-p 00003000 08:02 2097971                    /usr/lib/x86_64-linux-gnu/alsa-lib/libasound_module_rate_samplerate.so
7fd1e4052000-7fd1e459b000 rw-p 00000000 00:00 0 
7fd1e459b000-7fd1e459c000 ---p 00000000 00:00 0 
7fd1e459c000-7fd1e469c000 rw-p 00000000 00:00 0 
7fd1e469c000-7fd1e469d000 ---p 00000000 00:00 0 
7fd1e469d000-7fd1e479d000 rw-p 00000000 00:00 0 
7fd1e479d000-7fd1e479e000 ---p 00000000 00:00 0 
7fd1e479e000-7fd1e489e000 rw-p 00000000 00:00 0 
7fd1e489e000-7fd1e489f000 ---p 00000000 00:00 0 
7fd1e489f000-7fd1e49c9000 rw-p 00000000 00:00 0 
7fd1e49c9000-7fd1e4c2c000 ---p 00000000 00:00 0 
7fd1e4c2c000-7fd1e4c56000 rw-p 00000000 00:00 0 
7fd1e4c56000-7fd1e4eb8000 ---p 00000000 00:00 0 
7fd1e4eb8000-7fd1e4ece000 rw-p 00000000 00:00 0 
7fd1e4ece000-7fd1e4fff000 ---p 00000000 00:00 0 
7fd1e4fff000-7fd1e5000000 rw-p 00000000 00:00 0 
7fd1e5000000-7fd1e5270000 rwxp 00000000 00:00 0 
7fd1e5270000-7fd1f4000000 ---p 00000000 00:00 0 
7fd1f4000000-7fd1f4290000 rw-p 00000000 00:00 0 
7fd1f4290000-7fd1f8000000 ---p 00000000 00:00 0 
7fd1f8000000-7fd1f8002000 r--p 00000000 08:02 1442187                    /usr/lib/x86_64-linux-gnu/libuuid.so.1.3.0
7fd1f8002000-7fd1f8006000 r-xp 00002000 08:02 1442187                    /usr/lib/x86_64-linux-gnu/libuuid.so.1.3.0
7fd1f8006000-7fd1f8007000 r--p 00006000 08:02 1442187                    /usr/lib/x86_64-linux-gnu/libuuid.so.1.3.0
7fd1f8007000-7fd1f8008000 r--p 00006000 08:02 1442187                    /usr/lib/x86_64-linux-gnu/libuuid.so.1.3.0
7fd1f8008000-7fd1f8009000 rw-p 00007000 08:02 1442187                    /usr/lib/x86_64-linux-gnu/libuuid.so.1.3.0
7fd1f8009000-7fd1f80b2000 rw-p 00000000 00:00 0 
7fd1f80b2000-7fd1f8468000 ---p 00000000 00:00 0 
7fd1f8468000-7fd1f8483000 r-xp 00000000 08:02 5380501                    /home/user/software/jdk1.8.0_331/jre/lib/amd64/libzip.so
7fd1f8483000-7fd1f8682000 ---p 0001b000 08:02 5380501                    /home/user/software/jdk1.8.0_331/jre/lib/amd64/libzip.so
7fd1f8682000-7fd1f8683000 r--p 0001a000 08:02 5380501                    /home/user/software/jdk1.8.0_331/jre/lib/amd64/libzip.so
7fd1f8683000-7fd1f8684000 rw-p 0001b000 08:02 5380501                    /home/user/software/jdk1.8.0_331/jre/lib/amd64/libzip.so
7fd1f8684000-7fd1f868c000 rw-s 00000000 08:02 9445673                    /tmp/hsperfdata_user/33258
7fd1f868c000-7fd1f86b9000 r-xp 00000000 08:02 5380498                    /home/user/software/jdk1.8.0_331/jre/lib/amd64/libjava.so
7fd1f86b9000-7fd1f88b8000 ---p 0002d000 08:02 5380498                    /home/user/software/jdk1.8.0_331/jre/lib/amd64/libjava.so
7fd1f88b8000-7fd1f88b9000 r--p 0002c000 08:02 5380498                    /home/user/software/jdk1.8.0_331/jre/lib/amd64/libjava.so
7fd1f88b9000-7fd1f88bb000 rw-p 0002d000 08:02 5380498                    /home/user/software/jdk1.8.0_331/jre/lib/amd64/libjava.so
7fd1f88bb000-7fd1f88c8000 r-xp 00000000 08:02 5380487                    /home/user/software/jdk1.8.0_331/jre/lib/amd64/libverify.so
7fd1f88c8000-7fd1f8ac7000 ---p 0000d000 08:02 5380487                    /home/user/software/jdk1.8.0_331/jre/lib/amd64/libverify.so
7fd1f8ac7000-7fd1f8ac9000 r--p 0000c000 08:02 5380487                    /home/user/software/jdk1.8.0_331/jre/lib/amd64/libverify.so
7fd1f8ac9000-7fd1f8aca000 rw-p 0000e000 08:02 5380487                    /home/user/software/jdk1.8.0_331/jre/lib/amd64/libverify.so
7fd1f8aca000-7fd1f8acc000 r--p 00000000 08:02 1445807                    /usr/lib/x86_64-linux-gnu/librt-2.31.so
7fd1f8acc000-7fd1f8ad0000 r-xp 00002000 08:02 1445807                    /usr/lib/x86_64-linux-gnu/librt-2.31.so
7fd1f8ad0000-7fd1f8ad2000 r--p 00006000 08:02 1445807                    /usr/lib/x86_64-linux-gnu/librt-2.31.so
7fd1f8ad2000-7fd1f8ad3000 r--p 00007000 08:02 1445807                    /usr/lib/x86_64-linux-gnu/librt-2.31.so
7fd1f8ad3000-7fd1f8ad4000 rw-p 00008000 08:02 1445807                    /usr/lib/x86_64-linux-gnu/librt-2.31.so
7fd1f8ad4000-7fd1f8ad5000 ---p 00000000 00:00 0 
7fd1f8ad5000-7fd1f8ad8000 ---p 00000000 00:00 0 
7fd1f8ad8000-7fd1f8bd5000 rw-p 00000000 00:00 0 
7fd1f8bd5000-7fd1f8be2000 r--p 00000000 08:02 1445794                    /usr/lib/x86_64-linux-gnu/libm-2.31.so
7fd1f8be2000-7fd1f8c89000 r-xp 0000d000 08:02 1445794                    /usr/lib/x86_64-linux-gnu/libm-2.31.so
7fd1f8c89000-7fd1f8d22000 r--p 000b4000 08:02 1445794                    /usr/lib/x86_64-linux-gnu/libm-2.31.so
7fd1f8d22000-7fd1f8d23000 r--p 0014c000 08:02 1445794                    /usr/lib/x86_64-linux-gnu/libm-2.31.so
7fd1f8d23000-7fd1f8d24000 rw-p 0014d000 08:02 1445794                    /usr/lib/x86_64-linux-gnu/libm-2.31.so
7fd1f8d24000-7fd1f9a1c000 r-xp 00000000 08:02 5380480                    /home/user/software/jdk1.8.0_331/jre/lib/amd64/server/libjvm.so
7fd1f9a1c000-7fd1f9c1b000 ---p 00cf8000 08:02 5380480                    /home/user/software/jdk1.8.0_331/jre/lib/amd64/server/libjvm.so
7fd1f9c1b000-7fd1f9cb1000 r--p 00cf7000 08:02 5380480                    /home/user/software/jdk1.8.0_331/jre/lib/amd64/server/libjvm.so
7fd1f9cb1000-7fd1f9ce2000 rw-p 00d8d000 08:02 5380480                    /home/user/software/jdk1.8.0_331/jre/lib/amd64/server/libjvm.so
7fd1f9ce2000-7fd1f9d1f000 rw-p 00000000 00:00 0 
7fd1f9d1f000-7fd1f9d41000 r--p 00000000 08:02 1445792                    /usr/lib/x86_64-linux-gnu/libc-2.31.so
7fd1f9d41000-7fd1f9eb9000 r-xp 00022000 08:02 1445792                    /usr/lib/x86_64-linux-gnu/libc-2.31.so
7fd1f9eb9000-7fd1f9f07000 r--p 0019a000 08:02 1445792                    /usr/lib/x86_64-linux-gnu/libc-2.31.so
7fd1f9f07000-7fd1f9f0b000 r--p 001e7000 08:02 1445792                    /usr/lib/x86_64-linux-gnu/libc-2.31.so
7fd1f9f0b000-7fd1f9f0d000 rw-p 001eb000 08:02 1445792                    /usr/lib/x86_64-linux-gnu/libc-2.31.so
7fd1f9f0d000-7fd1f9f11000 rw-p 00000000 00:00 0 
7fd1f9f11000-7fd1f9f12000 r--p 00000000 08:02 1445793                    /usr/lib/x86_64-linux-gnu/libdl-2.31.so
7fd1f9f12000-7fd1f9f14000 r-xp 00001000 08:02 1445793                    /usr/lib/x86_64-linux-gnu/libdl-2.31.so
7fd1f9f14000-7fd1f9f15000 r--p 00003000 08:02 1445793                    /usr/lib/x86_64-linux-gnu/libdl-2.31.so
7fd1f9f15000-7fd1f9f16000 r--p 00003000 08:02 1445793                    /usr/lib/x86_64-linux-gnu/libdl-2.31.so
7fd1f9f16000-7fd1f9f17000 rw-p 00004000 08:02 1445793                    /usr/lib/x86_64-linux-gnu/libdl-2.31.so
7fd1f9f17000-7fd1f9f2e000 r-xp 00000000 08:02 9965144                    /home/user/software/jdk1.8.0_331/lib/amd64/jli/libjli.so
7fd1f9f2e000-7fd1fa12d000 ---p 00017000 08:02 9965144                    /home/user/software/jdk1.8.0_331/lib/amd64/jli/libjli.so
7fd1fa12d000-7fd1fa12e000 r--p 00016000 08:02 9965144                    /home/user/software/jdk1.8.0_331/lib/amd64/jli/libjli.so
7fd1fa12e000-7fd1fa12f000 rw-p 00017000 08:02 9965144                    /home/user/software/jdk1.8.0_331/lib/amd64/jli/libjli.so
7fd1fa12f000-7fd1fa135000 r--p 00000000 08:02 1445805                    /usr/lib/x86_64-linux-gnu/libpthread-2.31.so
7fd1fa135000-7fd1fa146000 r-xp 00006000 08:02 1445805                    /usr/lib/x86_64-linux-gnu/libpthread-2.31.so
7fd1fa146000-7fd1fa14c000 r--p 00017000 08:02 1445805                    /usr/lib/x86_64-linux-gnu/libpthread-2.31.so
7fd1fa14c000-7fd1fa14d000 r--p 0001c000 08:02 1445805                    /usr/lib/x86_64-linux-gnu/libpthread-2.31.so
7fd1fa14d000-7fd1fa14e000 rw-p 0001d000 08:02 1445805                    /usr/lib/x86_64-linux-gnu/libpthread-2.31.so
7fd1fa14e000-7fd1fa152000 rw-p 00000000 00:00 0 
7fd1fa156000-7fd1fa159000 r--p 00000000 08:02 1445800                    /usr/lib/x86_64-linux-gnu/libnss_files-2.31.so
7fd1fa159000-7fd1fa160000 r-xp 00003000 08:02 1445800                    /usr/lib/x86_64-linux-gnu/libnss_files-2.31.so
7fd1fa160000-7fd1fa162000 r--p 0000a000 08:02 1445800                    /usr/lib/x86_64-linux-gnu/libnss_files-2.31.so
7fd1fa162000-7fd1fa163000 r--p 0000b000 08:02 1445800                    /usr/lib/x86_64-linux-gnu/libnss_files-2.31.so
7fd1fa163000-7fd1fa164000 rw-p 0000c000 08:02 1445800                    /usr/lib/x86_64-linux-gnu/libnss_files-2.31.so
7fd1fa164000-7fd1fa16d000 rw-p 00000000 00:00 0 
7fd1fa16d000-7fd1fa16e000 r--p 00000000 08:02 1445788                    /usr/lib/x86_64-linux-gnu/ld-2.31.so
7fd1fa16e000-7fd1fa191000 r-xp 00001000 08:02 1445788                    /usr/lib/x86_64-linux-gnu/ld-2.31.so
7fd1fa191000-7fd1fa199000 r--p 00024000 08:02 1445788                    /usr/lib/x86_64-linux-gnu/ld-2.31.so
7fd1fa199000-7fd1fa19a000 r--p 00000000 00:00 0 
7fd1fa19a000-7fd1fa19b000 r--p 0002c000 08:02 1445788                    /usr/lib/x86_64-linux-gnu/ld-2.31.so
7fd1fa19b000-7fd1fa19c000 rw-p 0002d000 08:02 1445788                    /usr/lib/x86_64-linux-gnu/ld-2.31.so
7fd1fa19c000-7fd1fa19d000 rw-p 00000000 00:00 0 
7ffc76ff0000-7ffc77011000 rw-p 00000000 00:00 0                          [stack]
7ffc77069000-7ffc7706d000 r--p 00000000 00:00 0                          [vvar]
7ffc7706d000-7ffc7706f000 r-xp 00000000 00:00 0                          [vdso]
ffffffffff600000-ffffffffff601000 --xp 00000000 00:00 0                  [vsyscall]

VM Arguments:
jvm_args: -Dfile.encoding=UTF-8 -Djava.library.path=/home/user/NetBeansProjects/pjsuaCall/src/pjsuacall/dynamicLib 
java_command: pjsuacall.PjsuaCall
java_class_path (initial): /home/user/Downloads/pjproject-2.12.1/pjsip-apps/src/swig/java/output:/home/user/NetBeansProjects/pjsuaCall/build/classes
Launcher Type: SUN_STANDARD

Environment Variables:
PATH=/home/user/.local/bin:/usr/local/sbin:/usr/local/bin:/usr/sbin:/usr/bin:/sbin:/bin:/usr/games:/usr/local/games:/snap/bin
USERNAME=user
SHELL=/bin/bash
DISPLAY=:0

Signal Handlers:
SIGSEGV: [libjvm.so+0xae0f60], sa_mask[0]=11111111011111111101111111111110, sa_flags=SA_RESTART|SA_SIGINFO
SIGBUS: [libjvm.so+0xae0f60], sa_mask[0]=11111111011111111101111111111110, sa_flags=SA_RESTART|SA_SIGINFO
SIGFPE: [libjvm.so+0xae0f60], sa_mask[0]=11111111011111111101111111111110, sa_flags=SA_RESTART|SA_SIGINFO
SIGPIPE: [libjvm.so+0x915120], sa_mask[0]=11111111011111111101111111111110, sa_flags=SA_RESTART|SA_SIGINFO
SIGXFSZ: [libjvm.so+0x915120], sa_mask[0]=11111111011111111101111111111110, sa_flags=SA_RESTART|SA_SIGINFO
SIGILL: [libjvm.so+0xae0f60], sa_mask[0]=11111111011111111101111111111110, sa_flags=SA_RESTART|SA_SIGINFO
SIGUSR1: SIG_DFL, sa_mask[0]=00000000000000000000000000000000, sa_flags=none
SIGUSR2: [libjvm.so+0x914ff0], sa_mask[0]=00100000000000000000000000000000, sa_flags=SA_RESTART|SA_SIGINFO
SIGHUP: [libjvm.so+0x915610], sa_mask[0]=11111111011111111101111111111110, sa_flags=SA_RESTART|SA_SIGINFO
SIGINT: SIG_IGN, sa_mask[0]=00000000000000000000000000000000, sa_flags=none
SIGTERM: [libjvm.so+0x915610], sa_mask[0]=11111111011111111101111111111110, sa_flags=SA_RESTART|SA_SIGINFO
SIGQUIT: [libjvm.so+0x915610], sa_mask[0]=11111111011111111101111111111110, sa_flags=SA_RESTART|SA_SIGINFO


---------------  S Y S T E M  ---------------

OS:DISTRIB_ID=Ubuntu
DISTRIB_RELEASE=20.04
DISTRIB_CODENAME=focal
DISTRIB_DESCRIPTION="Ubuntu 20.04.4 LTS"

uname:Linux 5.13.0-44-generic #49~20.04.1-Ubuntu SMP Wed May 18 18:44:28 UTC 2022 x86_64
libc:glibc 2.31 NPTL 2.31 
rlimit: STACK 8192k, CORE 0k, NPROC 31039, NOFILE 1048576, AS infinity
load average:0.59 0.50 0.54

/proc/meminfo:
MemTotal:        8017192 kB
MemFree:          366428 kB
MemAvailable:    2095184 kB
Buffers:          309044 kB
Cached:          2037860 kB
SwapCached:          944 kB
Active:          1558252 kB
Inactive:        5411164 kB
Active(anon):     206920 kB
Inactive(anon):  4951456 kB
Active(file):    1351332 kB
Inactive(file):   459708 kB
Unevictable:      174480 kB
Mlocked:              16 kB
SwapTotal:       3999740 kB
SwapFree:        3962048 kB
Dirty:              1268 kB
Writeback:           212 kB
AnonPages:       4795772 kB
Mapped:           597044 kB
Shmem:            539660 kB
KReclaimable:     221780 kB
Slab:             373584 kB
SReclaimable:     221780 kB
SUnreclaim:       151804 kB
KernelStack:       19168 kB
PageTables:        40528 kB
NFS_Unstable:          0 kB
Bounce:                0 kB
WritebackTmp:          0 kB
CommitLimit:     8008336 kB
Committed_AS:   11122840 kB
VmallocTotal:   34359738367 kB
VmallocUsed:       45120 kB
VmallocChunk:          0 kB
Percpu:             5152 kB
HardwareCorrupted:     0 kB
AnonHugePages:         0 kB
ShmemHugePages:        0 kB
ShmemPmdMapped:        0 kB
FileHugePages:         0 kB
FilePmdMapped:         0 kB
HugePages_Total:       0
HugePages_Free:        0
HugePages_Rsvd:        0
HugePages_Surp:        0
Hugepagesize:       2048 kB
Hugetlb:               0 kB
DirectMap4k:      381344 kB
DirectMap2M:     7882752 kB
DirectMap1G:           0 kB

container (cgroup) information:
container_type: cgroupv1
cpu_cpuset_cpus: 0-3
cpu_memory_nodes: 0
active_processor_count: 4
cpu_quota: -1
cpu_period: 100000
cpu_shares: -1
memory_limit_in_bytes: -1
memory_and_swap_limit_in_bytes: -1
memory_soft_limit_in_bytes: -1
memory_usage_in_bytes: 5857726464
memory_max_usage_in_bytes: 6090948608


CPU:total 4 (initial active 4) (4 cores per cpu, 1 threads per core) family 6 model 158 stepping 9, cmov, cx8, fxsr, mmx, sse, sse2, sse3, ssse3, sse4.1, sse4.2, popcnt, avx, avx2, aes, clmul, erms, rtm, 3dnowpref, lzcnt, tsc, tscinvbit, bmi1, bmi2, adx

/proc/cpuinfo:
processor	: 0
vendor_id	: GenuineIntel
cpu family	: 6
model		: 158
model name	: Intel(R) Core(TM) i5-7500 CPU @ 3.40GHz
stepping	: 9
microcode	: 0xec
cpu MHz		: 2975.717
cache size	: 6144 KB
physical id	: 0
siblings	: 4
core id		: 0
cpu cores	: 4
apicid		: 0
initial apicid	: 0
fpu		: yes
fpu_exception	: yes
cpuid level	: 22
wp		: yes
flags		: fpu vme de pse tsc msr pae mce cx8 apic sep mtrr pge mca cmov pat pse36 clflush dts acpi mmx fxsr sse sse2 ss ht tm pbe syscall nx pdpe1gb rdtscp lm constant_tsc art arch_perfmon pebs bts rep_good nopl xtopology nonstop_tsc cpuid aperfmperf pni pclmulqdq dtes64 monitor ds_cpl vmx smx est tm2 ssse3 sdbg fma cx16 xtpr pdcm pcid sse4_1 sse4_2 x2apic movbe popcnt tsc_deadline_timer aes xsave avx f16c rdrand lahf_lm abm 3dnowprefetch cpuid_fault epb invpcid_single pti ssbd ibrs ibpb stibp tpr_shadow vnmi flexpriority ept vpid ept_ad fsgsbase tsc_adjust bmi1 hle avx2 smep bmi2 erms invpcid rtm mpx rdseed adx smap clflushopt intel_pt xsaveopt xsavec xgetbv1 xsaves dtherm ida arat pln pts hwp hwp_notify hwp_act_window hwp_epp md_clear flush_l1d arch_capabilities
vmx flags	: vnmi preemption_timer invvpid ept_x_only ept_ad ept_1gb flexpriority tsc_offset vtpr mtf vapic ept vpid unrestricted_guest ple shadow_vmcs pml ept_mode_based_exec
bugs		: cpu_meltdown spectre_v1 spectre_v2 spec_store_bypass l1tf mds swapgs taa itlb_multihit srbds
bogomips	: 6799.81
clflush size	: 64
cache_alignment	: 64
address sizes	: 39 bits physical, 48 bits virtual
power management:

processor	: 1
vendor_id	: GenuineIntel
cpu family	: 6
model		: 158
model name	: Intel(R) Core(TM) i5-7500 CPU @ 3.40GHz
stepping	: 9
microcode	: 0xec
cpu MHz		: 2636.655
cache size	: 6144 KB
physical id	: 0
siblings	: 4
core id		: 1
cpu cores	: 4
apicid		: 2
initial apicid	: 2
fpu		: yes
fpu_exception	: yes
cpuid level	: 22
wp		: yes
flags		: fpu vme de pse tsc msr pae mce cx8 apic sep mtrr pge mca cmov pat pse36 clflush dts acpi mmx fxsr sse sse2 ss ht tm pbe syscall nx pdpe1gb rdtscp lm constant_tsc art arch_perfmon pebs bts rep_good nopl xtopology nonstop_tsc cpuid aperfmperf pni pclmulqdq dtes64 monitor ds_cpl vmx smx est tm2 ssse3 sdbg fma cx16 xtpr pdcm pcid sse4_1 sse4_2 x2apic movbe popcnt tsc_deadline_timer aes xsave avx f16c rdrand lahf_lm abm 3dnowprefetch cpuid_fault epb invpcid_single pti ssbd ibrs ibpb stibp tpr_shadow vnmi flexpriority ept vpid ept_ad fsgsbase tsc_adjust bmi1 hle avx2 smep bmi2 erms invpcid rtm mpx rdseed adx smap clflushopt intel_pt xsaveopt xsavec xgetbv1 xsaves dtherm ida arat pln pts hwp hwp_notify hwp_act_window hwp_epp md_clear flush_l1d arch_capabilities
vmx flags	: vnmi preemption_timer invvpid ept_x_only ept_ad ept_1gb flexpriority tsc_offset vtpr mtf vapic ept vpid unrestricted_guest ple shadow_vmcs pml ept_mode_based_exec
bugs		: cpu_meltdown spectre_v1 spectre_v2 spec_store_bypass l1tf mds swapgs taa itlb_multihit srbds
bogomips	: 6799.81
clflush size	: 64
cache_alignment	: 64
address sizes	: 39 bits physical, 48 bits virtual
power management:

processor	: 2
vendor_id	: GenuineIntel
cpu family	: 6
model		: 158
model name	: Intel(R) Core(TM) i5-7500 CPU @ 3.40GHz
stepping	: 9
microcode	: 0xec
cpu MHz		: 2511.479
cache size	: 6144 KB
physical id	: 0
siblings	: 4
core id		: 2
cpu cores	: 4
apicid		: 4
initial apicid	: 4
fpu		: yes
fpu_exception	: yes
cpuid level	: 22
wp		: yes
flags		: fpu vme de pse tsc msr pae mce cx8 apic sep mtrr pge mca cmov pat pse36 clflush dts acpi mmx fxsr sse sse2 ss ht tm pbe syscall nx pdpe1gb rdtscp lm constant_tsc art arch_perfmon pebs bts rep_good nopl xtopology nonstop_tsc cpuid aperfmperf pni pclmulqdq dtes64 monitor ds_cpl vmx smx est tm2 ssse3 sdbg fma cx16 xtpr pdcm pcid sse4_1 sse4_2 x2apic movbe popcnt tsc_deadline_timer aes xsave avx f16c rdrand lahf_lm abm 3dnowprefetch cpuid_fault epb invpcid_single pti ssbd ibrs ibpb stibp tpr_shadow vnmi flexpriority ept vpid ept_ad fsgsbase tsc_adjust bmi1 hle avx2 smep bmi2 erms invpcid rtm mpx rdseed adx smap clflushopt intel_pt xsaveopt xsavec xgetbv1 xsaves dtherm ida arat pln pts hwp hwp_notify hwp_act_window hwp_epp md_clear flush_l1d arch_capabilities
vmx flags	: vnmi preemption_timer invvpid ept_x_only ept_ad ept_1gb flexpriority tsc_offset vtpr mtf vapic ept vpid unrestricted_guest ple shadow_vmcs pml ept_mode_based_exec
bugs		: cpu_meltdown spectre_v1 spectre_v2 spec_store_bypass l1tf mds swapgs taa itlb_multihit srbds
bogomips	: 6799.81
clflush size	: 64
cache_alignment	: 64
address sizes	: 39 bits physical, 48 bits virtual
power management:

processor	: 3
vendor_id	: GenuineIntel
cpu family	: 6
model		: 158
model name	: Intel(R) Core(TM) i5-7500 CPU @ 3.40GHz
stepping	: 9
microcode	: 0xec
cpu MHz		: 2876.095
cache size	: 6144 KB
physical id	: 0
siblings	: 4
core id		: 3
cpu cores	: 4
apicid		: 6
initial apicid	: 6
fpu		: yes
fpu_exception	: yes
cpuid level	: 22
wp		: yes
flags		: fpu vme de pse tsc msr pae mce cx8 apic sep mtrr pge mca cmov pat pse36 clflush dts acpi mmx fxsr sse sse2 ss ht tm pbe syscall nx pdpe1gb rdtscp lm constant_tsc art arch_perfmon pebs bts rep_good nopl xtopology nonstop_tsc cpuid aperfmperf pni pclmulqdq dtes64 monitor ds_cpl vmx smx est tm2 ssse3 sdbg fma cx16 xtpr pdcm pcid sse4_1 sse4_2 x2apic movbe popcnt tsc_deadline_timer aes xsave avx f16c rdrand lahf_lm abm 3dnowprefetch cpuid_fault epb invpcid_single pti ssbd ibrs ibpb stibp tpr_shadow vnmi flexpriority ept vpid ept_ad fsgsbase tsc_adjust bmi1 hle avx2 smep bmi2 erms invpcid rtm mpx rdseed adx smap clflushopt intel_pt xsaveopt xsavec xgetbv1 xsaves dtherm ida arat pln pts hwp hwp_notify hwp_act_window hwp_epp md_clear flush_l1d arch_capabilities
vmx flags	: vnmi preemption_timer invvpid ept_x_only ept_ad ept_1gb flexpriority tsc_offset vtpr mtf vapic ept vpid unrestricted_guest ple shadow_vmcs pml ept_mode_based_exec
bugs		: cpu_meltdown spectre_v1 spectre_v2 spec_store_bypass l1tf mds swapgs taa itlb_multihit srbds
bogomips	: 6799.81
clflush size	: 64
cache_alignment	: 64
address sizes	: 39 bits physical, 48 bits virtual
power management:



Memory: 4k page, physical 8017192k(366428k free), swap 3999740k(3962048k free)

vm_info: Java HotSpot(TM) 64-Bit Server VM (25.331-b09) for linux-amd64 JRE (1.8.0_331-b09), built on Mar 10 2022 11:12:57 by "java_re" with gcc 7.3.0

time: Wed Jun  1 16:12:13 2022
timezone: IST
elapsed time: 0.215355 seconds (0d 0h 0m 0s)

