#
# A fatal error has been detected by the Java Runtime Environment:
#
#  SIGSEGV (0xb) at pc=0x00007f54ef936e17, pid=33605, tid=0x00007f550f301700
#
# JRE version: Java(TM) SE Runtime Environment (8.0_331-b09) (build 1.8.0_331-b09)
# Java VM: Java HotSpot(TM) 64-Bit Server VM (25.331-b09 mixed mode linux-amd64 compressed oops)
# Problematic frame:
# C  [libpj.so.2+0x19e17]  pj_list_insert_after+0x7
#
# Failed to write core dump. Core dumps have been disabled. To enable core dumping, try "ulimit -c unlimited" before starting Java again
#
# If you would like to submit a bug report, please visit:
#   http://bugreport.java.com/bugreport/crash.jsp
# The crash happened outside the Java Virtual Machine in native code.
# See problematic frame for where to report the bug.
#

---------------  T H R E A D  ---------------

Current thread (0x00007f550800a800):  JavaThread "main" [_thread_in_native, id=33609, stack(0x00007f550f202000,0x00007f550f302000)]

siginfo: si_signo: 11 (SIGSEGV), si_code: 1 (SEGV_MAPERR), si_addr: 0x0000000000000008

Registers:
RAX=0x00007f550826bc48, RBX=0x00007f550f300720, RCX=0x00007f55080008ee, RDX=0x0000000000000050
RSP=0x00007f550f3004b8, RBP=0x0000000000000000, RSI=0x00007f5508237e58, RDI=0x0000000000000000
R8 =0x00007f550826bc48, R9 =0x0000000000000062, R10=0xfffffffffffff285, R11=0x00007f54ef936e30
R12=0x00007f5508237e58, R13=0x0000000000000000, R14=0x0000000000000000, R15=0x0000000000000000
RIP=0x00007f54ef936e17, EFLAGS=0x0000000000010206, CSGSFS=0x002b000000000033, ERR=0x0000000000000004
  TRAPNO=0x000000000000000e

Top of Stack: (sp=0x00007f550f3004b8)
0x00007f550f3004b8:   00007f54ef9df942 5f6c6c61435f494e
0x00007f550f3004c8:   00726577736e6131 00007f54efa1ecd0
0x00007f550f3004d8:   00007f55082988c8 6e61315f6c6c6143
0x00007f550f3004e8:   16e09f38f87cc600 79642f6c6c616361
0x00007f550f3004f8:   00007f55081e9330 00007f54b4007060
0x00007f550f300508:   0000000000000000 00007f550d5de5e0
0x00007f550f300518:   00007f550f3008e0 00007f550800a800
0x00007f550f300528:   00007f54efb506e3 0000000000000000
0x00007f550f300538:   0000000000000000 0000000000000000
0x00007f550f300548:   0000000000000000 bfd3c6ef6cc094cb
0x00007f550f300558:   0000000000000000 3ec718be416adb9b
0x00007f550f300568:   0000000000000000 3f5b2faeef4b9f00
0x00007f550f300578:   0000000000000000 3fd41b2faeef4b9f
0x00007f550f300588:   0000000000000000 3f59de9bca3ef199
0x00007f550f300598:   0000000000000000 0000000000000000
0x00007f550f3005a8:   00007f550f3006f0 00007f550f300620
0x00007f550f3005b8:   00007f550800a800 00007f5508009ba0
0x00007f550f3005c8:   00007f550f3007c7 00007f550f3006a0
0x00007f550f3005d8:   00007f550fd2bf14 00007f5510354700
0x00007f550f3005e8:   00007f5508145440 0000000000000039
0x00007f550f3005f8:   00007f550fc2c73c 0000000000000002
0x00007f550f300608:   800000000000000e 0000000000000000
0x00007f550f300618:   0000000000000000 0000000000000000
0x00007f550f300628:   0000000000000000 0000000000000000
0x00007f550f300638:   0000000000000000 00007f550d5de5e8
0x00007f550f300648:   00007f550800a800 00007f550d5de5e8
0x00007f550f300658:   00007f550800a800 00007f550d5de5e8
0x00007f550f300668:   00007f550800a800 00007f550d603040
0x00007f550f300678:   00007f5508009a90 00007f550800a800
0x00007f550f300688:   00007f550f300760 00007f550f3006f0
0x00007f550f300698:   00007f5508009a50 00007f550f300730
0x00007f550f3006a8:   00007f550fd2d014 00007f550f3006e0 

Instructions: (pc=0x00007f54ef936e17)
0x00007f54ef936df7:   8b a5 f8 fe ff ff e9 41 fe ff ff e8 19 4f ff ff
0x00007f54ef936e07:   66 0f 1f 84 00 00 00 00 00 f3 0f 1e fa 48 89 3e
0x00007f54ef936e17:   48 8b 47 08 48 89 46 08 48 89 30 48 89 77 08 c3
0x00007f54ef936e27:   66 0f 1f 84 00 00 00 00 00 f3 0f 1e fa 48 8b 3f 

Register to memory mapping:

RAX=0x00007f550826bc48 is an unknown value
RBX=0x00007f550f300720 is pointing into the stack for thread: 0x00007f550800a800
RCX=0x00007f55080008ee is an unknown value
RDX=0x0000000000000050 is an unknown value
RSP=0x00007f550f3004b8 is pointing into the stack for thread: 0x00007f550800a800
RBP=0x0000000000000000 is an unknown value
RSI=0x00007f5508237e58 is an unknown value
RDI=0x0000000000000000 is an unknown value
R8 =0x00007f550826bc48 is an unknown value
R9 =0x0000000000000062 is an unknown value
R10=0xfffffffffffff285 is an unknown value
R11=0x00007f54ef936e30: pj_list_insert_before+0 in /usr/local/lib/libpj.so.2 at 0x00007f54ef91d000
R12=0x00007f5508237e58 is an unknown value
R13=0x0000000000000000 is an unknown value
R14=0x0000000000000000 is an unknown value
R15=0x0000000000000000 is an unknown value


Stack: [0x00007f550f202000,0x00007f550f302000],  sp=0x00007f550f3004b8,  free space=1017k
Native frames: (J=compiled Java code, j=interpreted, Vv=VM code, C=native code)
C  [libpj.so.2+0x19e17]  pj_list_insert_after+0x7

Java frames: (J=compiled Java code, j=interpreted, Vv=VM code)
j  org.pjsip.pjsua2.pjsua2JNI.Call_answer(JLorg/pjsip/pjsua2/Call;JLorg/pjsip/pjsua2/CallOpParam;)V+0
j  org.pjsip.pjsua2.Call.answer(Lorg/pjsip/pjsua2/CallOpParam;)V+10
j  pjsuacall.PjsuaCall.main([Ljava/lang/String;)V+188
v  ~StubRoutines::call_stub

---------------  P R O C E S S  ---------------

Java Threads: ( => current thread )
  0x00007f55080eb000 JavaThread "Service Thread" daemon [_thread_blocked, id=33621, stack(0x00007f54f4356000,0x00007f54f4457000)]
  0x00007f55080c0000 JavaThread "C1 CompilerThread2" daemon [_thread_blocked, id=33620, stack(0x00007f54f4458000,0x00007f54f4558000)]
  0x00007f55080be000 JavaThread "C2 CompilerThread1" daemon [_thread_blocked, id=33619, stack(0x00007f54f4559000,0x00007f54f4659000)]
  0x00007f55080bb800 JavaThread "C2 CompilerThread0" daemon [_thread_blocked, id=33618, stack(0x00007f54f465a000,0x00007f54f475a000)]
  0x00007f55080b7800 JavaThread "Signal Dispatcher" daemon [_thread_blocked, id=33617, stack(0x00007f54f475a000,0x00007f54f485b000)]
  0x00007f5508087000 JavaThread "Finalizer" daemon [_thread_blocked, id=33616, stack(0x00007f54f4dcb000,0x00007f54f4ecc000)]
  0x00007f5508082800 JavaThread "Reference Handler" daemon [_thread_blocked, id=33615, stack(0x00007f54f4ecc000,0x00007f54f4fcd000)]
=>0x00007f550800a800 JavaThread "main" [_thread_in_native, id=33609, stack(0x00007f550f202000,0x00007f550f302000)]

Other Threads:
  0x00007f5508079000 VMThread [stack: 0x00007f54f4fce000,0x00007f54f50ce000] [id=33614]
  0x00007f55080f0000 WatcherThread [stack: 0x00007f54f4256000,0x00007f54f4356000] [id=33622]

VM state:not at safepoint (normal execution)

VM Mutex/Monitor currently owned by a thread: None

heap address: 0x0000000085a00000, size: 1958 MB, Compressed Oops mode: 32-bit
Narrow klass base: 0x0000000000000000, Narrow klass shift: 3
Compressed class space size: 1073741824 Address: 0x0000000100000000

Heap:
 PSYoungGen      total 36864K, used 2209K [0x00000000d7380000, 0x00000000d9c80000, 0x0000000100000000)
  eden space 31744K, 6% used [0x00000000d7380000,0x00000000d75a85e0,0x00000000d9280000)
  from space 5120K, 0% used [0x00000000d9780000,0x00000000d9780000,0x00000000d9c80000)
  to   space 5120K, 0% used [0x00000000d9280000,0x00000000d9280000,0x00000000d9780000)
 ParOldGen       total 84992K, used 0K [0x0000000085a00000, 0x000000008ad00000, 0x00000000d7380000)
  object space 84992K, 0% used [0x0000000085a00000,0x0000000085a00000,0x000000008ad00000)
 Metaspace       used 3110K, capacity 5168K, committed 5376K, reserved 1056768K
  class space    used 277K, capacity 424K, committed 512K, reserved 1048576K

Card table byte_map: [0x00007f550e401000,0x00007f550e7d5000] byte_map_base: 0x00007f550dfd4000

Marking Bits: (ParMarkBitMap*) 0x00007f551042d220
 Begin Bits: [0x00007f54f52d0000, 0x00007f54f7168000)
 End Bits:   [0x00007f54f7168000, 0x00007f54f9000000)

Polling page: 0x00007f55108c6000

CodeCache: size=245760Kb used=1125Kb max_used=1125Kb free=244634Kb
 bounds [0x00007f54f9000000, 0x00007f54f9270000, 0x00007f5508000000]
 total_blobs=287 nmethods=30 adapters=172
 compilation: enabled

Compilation events (10 events):
Event: 0.137 Thread 0x00007f55080c0000   25       3       sun.nio.cs.UTF_8$Encoder::encode (359 bytes)
Event: 0.138 Thread 0x00007f55080c0000 nmethod 25 0x00007f54f9116fd0 code [0x00007f54f91171c0, 0x00007f54f9117cd8]
Event: 0.138 Thread 0x00007f55080c0000   26       3       java.lang.AbstractStringBuilder::newCapacity (39 bytes)
Event: 0.139 Thread 0x00007f55080c0000 nmethod 26 0x00007f54f9118350 code [0x00007f54f91184e0, 0x00007f54f91188c8]
Event: 0.139 Thread 0x00007f55080c0000   27       1       java.net.URL::getHost (5 bytes)
Event: 0.139 Thread 0x00007f55080c0000 nmethod 27 0x00007f54f9118a10 code [0x00007f54f9118b60, 0x00007f54f9118c70]
Event: 0.140 Thread 0x00007f55080c0000   28       1       java.net.URL::getPath (5 bytes)
Event: 0.140 Thread 0x00007f55080c0000 nmethod 28 0x00007f54f9118cd0 code [0x00007f54f9118e20, 0x00007f54f9118f30]
Event: 0.140 Thread 0x00007f55080c0000   29       3       java.util.concurrent.ConcurrentHashMap::tabAt (21 bytes)
Event: 0.140 Thread 0x00007f55080c0000 nmethod 29 0x00007f54f9119350 code [0x00007f54f91194c0, 0x00007f54f91196f0]

GC Heap History (0 events):
No events

Deoptimization events (0 events):
No events

Classes redefined (0 events):
No events

Internal exceptions (2 events):
Event: 0.018 Thread 0x00007f550800a800 Exception <a 'java/lang/NoSuchMethodError': Method sun.misc.Unsafe.defineClass(Ljava/lang/String;[BII)Ljava/lang/Class; name or signature does not match> (0x00000000d7387cc0) thrown at [/scratch/jenkins/workspace/8-2-build-linux-amd64/jdk8u331/2416/hotspo
Event: 0.018 Thread 0x00007f550800a800 Exception <a 'java/lang/NoSuchMethodError': Method sun.misc.Unsafe.prefetchRead(Ljava/lang/Object;J)V name or signature does not match> (0x00000000d7387fa8) thrown at [/scratch/jenkins/workspace/8-2-build-linux-amd64/jdk8u331/2416/hotspot/src/share/vm/pri

Events (10 events):
Event: 0.130 loading class org/pjsip/pjsua2/AccountSipConfig
Event: 0.130 loading class org/pjsip/pjsua2/AccountSipConfig done
Event: 0.130 loading class org/pjsip/pjsua2/AuthCredInfoVector
Event: 0.130 loading class org/pjsip/pjsua2/AuthCredInfoVector done
Event: 0.137 loading class org/pjsip/pjsua2/Account
Event: 0.137 loading class org/pjsip/pjsua2/Account done
Event: 0.138 loading class org/pjsip/pjsua2/Call
Event: 0.138 loading class org/pjsip/pjsua2/Call done
Event: 0.139 loading class org/pjsip/pjsua2/CallOpParam
Event: 0.139 loading class org/pjsip/pjsua2/CallOpParam done


Dynamic libraries:
85a00000-8ad00000 rw-p 00000000 00:00 0 
8ad00000-d7380000 ---p 00000000 00:00 0 
d7380000-d9c80000 rw-p 00000000 00:00 0 
d9c80000-100000000 ---p 00000000 00:00 0 
100000000-100080000 rw-p 00000000 00:00 0 
100080000-140000000 ---p 00000000 00:00 0 
55b592400000-55b592401000 r-xp 00000000 08:02 5248844                    /home/user/software/jdk1.8.0_331/bin/java
55b592600000-55b592601000 r--p 00000000 08:02 5248844                    /home/user/software/jdk1.8.0_331/bin/java
55b592601000-55b592602000 rw-p 00001000 08:02 5248844                    /home/user/software/jdk1.8.0_331/bin/java
55b592c6d000-55b592c8e000 rw-p 00000000 00:00 0                          [heap]
7f5484000000-7f5484021000 rw-p 00000000 00:00 0 
7f5484021000-7f5488000000 ---p 00000000 00:00 0 
7f548c000000-7f548c021000 rw-p 00000000 00:00 0 
7f548c021000-7f5490000000 ---p 00000000 00:00 0 
7f5492ffe000-7f5492fff000 ---p 00000000 00:00 0 
7f5492fff000-7f54937ff000 rw-p 00000000 00:00 0 
7f54937ff000-7f5493800000 ---p 00000000 00:00 0 
7f5493800000-7f5494000000 rw-p 00000000 00:00 0 
7f5494000000-7f5498000000 rw-s 00000000 00:01 8377                       /memfd:pulseaudio (deleted)
7f5498000000-7f549c000000 rw-s 00000000 00:01 1029                       /memfd:pulseaudio (deleted)
7f549c000000-7f549c021000 rw-p 00000000 00:00 0 
7f549c021000-7f54a0000000 ---p 00000000 00:00 0 
7f54a0000000-7f54a4000000 rw-s 00000000 00:01 8179                       /memfd:pulseaudio (deleted)
7f54a4000000-7f54a8000000 rw-s 00000000 00:01 8179                       /memfd:pulseaudio (deleted)
7f54a8000000-7f54ac000000 rw-s 00000000 00:01 8376                       /memfd:pulseaudio (deleted)
7f54ac000000-7f54b0000000 rw-s 00000000 00:01 1029                       /memfd:pulseaudio (deleted)
7f54b0000000-7f54b4000000 rw-s 00000000 00:01 9387                       /memfd:pulseaudio (deleted)
7f54b4000000-7f54b4021000 rw-p 00000000 00:00 0 
7f54b4021000-7f54b8000000 ---p 00000000 00:00 0 
7f54b8000000-7f54b8021000 rw-p 00000000 00:00 0 
7f54b8021000-7f54bc000000 ---p 00000000 00:00 0 
7f54bc000000-7f54c0000000 rw-s 00000000 00:01 9387                       /memfd:pulseaudio (deleted)
7f54c0000000-7f54c0021000 rw-p 00000000 00:00 0 
7f54c0021000-7f54c4000000 ---p 00000000 00:00 0 
7f54c4000000-7f54c4021000 rw-p 00000000 00:00 0 
7f54c4021000-7f54c8000000 ---p 00000000 00:00 0 
7f54c8000000-7f54c803d000 rw-p 00000000 00:00 0 
7f54c803d000-7f54cc000000 ---p 00000000 00:00 0 
7f54cc000000-7f54cc021000 rw-p 00000000 00:00 0 
7f54cc021000-7f54d0000000 ---p 00000000 00:00 0 
7f54d0000000-7f54d0021000 rw-p 00000000 00:00 0 
7f54d0021000-7f54d4000000 ---p 00000000 00:00 0 
7f54d4000000-7f54d4021000 rw-p 00000000 00:00 0 
7f54d4021000-7f54d8000000 ---p 00000000 00:00 0 
7f54d8000000-7f54d8021000 rw-p 00000000 00:00 0 
7f54d8021000-7f54dc000000 ---p 00000000 00:00 0 
7f54dc000000-7f54dc021000 rw-p 00000000 00:00 0 
7f54dc021000-7f54e0000000 ---p 00000000 00:00 0 
7f54e0000000-7f54e0021000 rw-p 00000000 00:00 0 
7f54e0021000-7f54e4000000 ---p 00000000 00:00 0 
7f54e4000000-7f54e4021000 rw-p 00000000 00:00 0 
7f54e4021000-7f54e8000000 ---p 00000000 00:00 0 
7f54e8000000-7f54e8021000 rw-p 00000000 00:00 0 
7f54e8021000-7f54ec000000 ---p 00000000 00:00 0 
7f54ec6b0000-7f54ec6b1000 ---p 00000000 00:00 0 
7f54ec6b1000-7f54eceb1000 rw-p 00000000 00:00 0 
7f54eceb1000-7f54eceb2000 ---p 00000000 00:00 0 
7f54eceb2000-7f54ed6b2000 rw-p 00000000 00:00 0 
7f54ed6b2000-7f54ed6b3000 ---p 00000000 00:00 0 
7f54ed6b3000-7f54edeb3000 rw-p 00000000 00:00 0 
7f54edeb3000-7f54eded3000 r--p 00000000 08:02 1449217                    /usr/lib/x86_64-linux-gnu/libdb-5.3.so
7f54eded3000-7f54ee015000 r-xp 00020000 08:02 1449217                    /usr/lib/x86_64-linux-gnu/libdb-5.3.so
7f54ee015000-7f54ee05a000 r--p 00162000 08:02 1449217                    /usr/lib/x86_64-linux-gnu/libdb-5.3.so
7f54ee05a000-7f54ee061000 r--p 001a6000 08:02 1449217                    /usr/lib/x86_64-linux-gnu/libdb-5.3.so
7f54ee061000-7f54ee062000 rw-p 001ad000 08:02 1449217                    /usr/lib/x86_64-linux-gnu/libdb-5.3.so
7f54ee062000-7f54ee068000 r--p 00000000 08:02 1442494                    /usr/lib/x86_64-linux-gnu/libjack.so.0.0.28
7f54ee068000-7f54ee074000 r-xp 00006000 08:02 1442494                    /usr/lib/x86_64-linux-gnu/libjack.so.0.0.28
7f54ee074000-7f54ee079000 r--p 00012000 08:02 1442494                    /usr/lib/x86_64-linux-gnu/libjack.so.0.0.28
7f54ee079000-7f54ee07a000 r--p 00016000 08:02 1442494                    /usr/lib/x86_64-linux-gnu/libjack.so.0.0.28
7f54ee07a000-7f54ee07b000 rw-p 00017000 08:02 1442494                    /usr/lib/x86_64-linux-gnu/libjack.so.0.0.28
7f54ee07b000-7f54ee085000 rw-p 00000000 00:00 0 
7f54ee096000-7f54ee098000 r--p 00000000 08:02 2097964                    /usr/lib/x86_64-linux-gnu/alsa-lib/libasound_module_ctl_pulse.so
7f54ee098000-7f54ee09b000 r-xp 00002000 08:02 2097964                    /usr/lib/x86_64-linux-gnu/alsa-lib/libasound_module_ctl_pulse.so
7f54ee09b000-7f54ee09c000 r--p 00005000 08:02 2097964                    /usr/lib/x86_64-linux-gnu/alsa-lib/libasound_module_ctl_pulse.so
7f54ee09c000-7f54ee09d000 r--p 00005000 08:02 2097964                    /usr/lib/x86_64-linux-gnu/alsa-lib/libasound_module_ctl_pulse.so
7f54ee09d000-7f54ee09e000 rw-p 00006000 08:02 2097964                    /usr/lib/x86_64-linux-gnu/alsa-lib/libasound_module_ctl_pulse.so
7f54ee09e000-7f54ee209000 r-xp 00000000 08:02 1450125                    /usr/lib/x86_64-linux-gnu/libsamplerate.so.0.1.8
7f54ee209000-7f54ee408000 ---p 0016b000 08:02 1450125                    /usr/lib/x86_64-linux-gnu/libsamplerate.so.0.1.8
7f54ee408000-7f54ee409000 r--p 0016a000 08:02 1450125                    /usr/lib/x86_64-linux-gnu/libsamplerate.so.0.1.8
7f54ee409000-7f54ee40a000 rw-p 0016b000 08:02 1450125                    /usr/lib/x86_64-linux-gnu/libsamplerate.so.0.1.8
7f54ee40b000-7f54ee40c000 r--p 00000000 08:02 2097970                    /usr/lib/x86_64-linux-gnu/alsa-lib/libasound_module_pcm_vdownmix.so
7f54ee40c000-7f54ee40d000 r-xp 00001000 08:02 2097970                    /usr/lib/x86_64-linux-gnu/alsa-lib/libasound_module_pcm_vdownmix.so
7f54ee40d000-7f54ee40e000 r--p 00002000 08:02 2097970                    /usr/lib/x86_64-linux-gnu/alsa-lib/libasound_module_pcm_vdownmix.so
7f54ee40e000-7f54ee40f000 r--p 00002000 08:02 2097970                    /usr/lib/x86_64-linux-gnu/alsa-lib/libasound_module_pcm_vdownmix.so
7f54ee40f000-7f54ee410000 rw-p 00003000 08:02 2097970                    /usr/lib/x86_64-linux-gnu/alsa-lib/libasound_module_pcm_vdownmix.so
7f54ee410000-7f54ee411000 r--p 00000000 08:02 2097968                    /usr/lib/x86_64-linux-gnu/alsa-lib/libasound_module_pcm_upmix.so
7f54ee411000-7f54ee413000 r-xp 00001000 08:02 2097968                    /usr/lib/x86_64-linux-gnu/alsa-lib/libasound_module_pcm_upmix.so
7f54ee413000-7f54ee414000 r--p 00003000 08:02 2097968                    /usr/lib/x86_64-linux-gnu/alsa-lib/libasound_module_pcm_upmix.so
7f54ee414000-7f54ee415000 r--p 00003000 08:02 2097968                    /usr/lib/x86_64-linux-gnu/alsa-lib/libasound_module_pcm_upmix.so
7f54ee415000-7f54ee416000 rw-p 00004000 08:02 2097968                    /usr/lib/x86_64-linux-gnu/alsa-lib/libasound_module_pcm_upmix.so
7f54ee416000-7f54ee417000 r--p 00000000 08:02 2097966                    /usr/lib/x86_64-linux-gnu/alsa-lib/libasound_module_pcm_oss.so
7f54ee417000-7f54ee419000 r-xp 00001000 08:02 2097966                    /usr/lib/x86_64-linux-gnu/alsa-lib/libasound_module_pcm_oss.so
7f54ee419000-7f54ee41a000 r--p 00003000 08:02 2097966                    /usr/lib/x86_64-linux-gnu/alsa-lib/libasound_module_pcm_oss.so
7f54ee41a000-7f54ee41b000 r--p 00003000 08:02 2097966                    /usr/lib/x86_64-linux-gnu/alsa-lib/libasound_module_pcm_oss.so
7f54ee41b000-7f54ee41c000 rw-p 00004000 08:02 2097966                    /usr/lib/x86_64-linux-gnu/alsa-lib/libasound_module_pcm_oss.so
7f54ee41c000-7f54ee41e000 r--p 00000000 08:02 2097965                    /usr/lib/x86_64-linux-gnu/alsa-lib/libasound_module_pcm_jack.so
7f54ee41e000-7f54ee420000 r-xp 00002000 08:02 2097965                    /usr/lib/x86_64-linux-gnu/alsa-lib/libasound_module_pcm_jack.so
7f54ee420000-7f54ee421000 r--p 00004000 08:02 2097965                    /usr/lib/x86_64-linux-gnu/alsa-lib/libasound_module_pcm_jack.so
7f54ee421000-7f54ee422000 r--p 00004000 08:02 2097965                    /usr/lib/x86_64-linux-gnu/alsa-lib/libasound_module_pcm_jack.so
7f54ee422000-7f54ee423000 rw-p 00005000 08:02 2097965                    /usr/lib/x86_64-linux-gnu/alsa-lib/libasound_module_pcm_jack.so
7f54ee423000-7f54ee424000 ---p 00000000 00:00 0 
7f54ee424000-7f54eec24000 rw-p 00000000 00:00 0 
7f54eec24000-7f54eec28000 r--p 00000000 08:02 1449497                    /usr/lib/x86_64-linux-gnu/libgpg-error.so.0.28.0
7f54eec28000-7f54eec3b000 r-xp 00004000 08:02 1449497                    /usr/lib/x86_64-linux-gnu/libgpg-error.so.0.28.0
7f54eec3b000-7f54eec45000 r--p 00017000 08:02 1449497                    /usr/lib/x86_64-linux-gnu/libgpg-error.so.0.28.0
7f54eec45000-7f54eec46000 r--p 00020000 08:02 1449497                    /usr/lib/x86_64-linux-gnu/libgpg-error.so.0.28.0
7f54eec46000-7f54eec47000 rw-p 00021000 08:02 1449497                    /usr/lib/x86_64-linux-gnu/libgpg-error.so.0.28.0
7f54eec47000-7f54eec4b000 r--p 00000000 08:02 1449109                    /usr/lib/x86_64-linux-gnu/libbsd.so.0.10.0
7f54eec4b000-7f54eec5a000 r-xp 00004000 08:02 1449109                    /usr/lib/x86_64-linux-gnu/libbsd.so.0.10.0
7f54eec5a000-7f54eec5d000 r--p 00013000 08:02 1449109                    /usr/lib/x86_64-linux-gnu/libbsd.so.0.10.0
7f54eec5d000-7f54eec5e000 ---p 00016000 08:02 1449109                    /usr/lib/x86_64-linux-gnu/libbsd.so.0.10.0
7f54eec5e000-7f54eec5f000 r--p 00016000 08:02 1449109                    /usr/lib/x86_64-linux-gnu/libbsd.so.0.10.0
7f54eec5f000-7f54eec60000 rw-p 00017000 08:02 1449109                    /usr/lib/x86_64-linux-gnu/libbsd.so.0.10.0
7f54eec60000-7f54eec61000 rw-p 00000000 00:00 0 
7f54eec61000-7f54eec65000 r--p 00000000 08:02 1445806                    /usr/lib/x86_64-linux-gnu/libresolv-2.31.so
7f54eec65000-7f54eec75000 r-xp 00004000 08:02 1445806                    /usr/lib/x86_64-linux-gnu/libresolv-2.31.so
7f54eec75000-7f54eec79000 r--p 00014000 08:02 1445806                    /usr/lib/x86_64-linux-gnu/libresolv-2.31.so
7f54eec79000-7f54eec7a000 r--p 00017000 08:02 1445806                    /usr/lib/x86_64-linux-gnu/libresolv-2.31.so
7f54eec7a000-7f54eec7b000 rw-p 00018000 08:02 1445806                    /usr/lib/x86_64-linux-gnu/libresolv-2.31.so
7f54eec7b000-7f54eec7d000 rw-p 00000000 00:00 0 
7f54eec7d000-7f54eec91000 r--p 00000000 08:02 1450341                    /usr/lib/x86_64-linux-gnu/libvorbisenc.so.2.0.11
7f54eec91000-7f54eec94000 r-xp 00014000 08:02 1450341                    /usr/lib/x86_64-linux-gnu/libvorbisenc.so.2.0.11
7f54eec94000-7f54eed0b000 r--p 00017000 08:02 1450341                    /usr/lib/x86_64-linux-gnu/libvorbisenc.so.2.0.11
7f54eed0b000-7f54eed27000 r--p 0008d000 08:02 1450341                    /usr/lib/x86_64-linux-gnu/libvorbisenc.so.2.0.11
7f54eed27000-7f54eed28000 rw-p 000a9000 08:02 1450341                    /usr/lib/x86_64-linux-gnu/libvorbisenc.so.2.0.11
7f54eed28000-7f54eed2b000 r--p 00000000 08:02 1450339                    /usr/lib/x86_64-linux-gnu/libvorbis.so.0.4.8
7f54eed2b000-7f54eed42000 r-xp 00003000 08:02 1450339                    /usr/lib/x86_64-linux-gnu/libvorbis.so.0.4.8
7f54eed42000-7f54eed53000 r--p 0001a000 08:02 1450339                    /usr/lib/x86_64-linux-gnu/libvorbis.so.0.4.8
7f54eed53000-7f54eed54000 ---p 0002b000 08:02 1450339                    /usr/lib/x86_64-linux-gnu/libvorbis.so.0.4.8
7f54eed54000-7f54eed55000 r--p 0002b000 08:02 1450339                    /usr/lib/x86_64-linux-gnu/libvorbis.so.0.4.8
7f54eed55000-7f54eed56000 rw-p 0002c000 08:02 1450339                    /usr/lib/x86_64-linux-gnu/libvorbis.so.0.4.8
7f54eed56000-7f54eed58000 r--p 00000000 08:02 1449917                    /usr/lib/x86_64-linux-gnu/libogg.so.0.8.4
7f54eed58000-7f54eed5d000 r-xp 00002000 08:02 1449917                    /usr/lib/x86_64-linux-gnu/libogg.so.0.8.4
7f54eed5d000-7f54eed60000 r--p 00007000 08:02 1449917                    /usr/lib/x86_64-linux-gnu/libogg.so.0.8.4
7f54eed60000-7f54eed61000 ---p 0000a000 08:02 1449917                    /usr/lib/x86_64-linux-gnu/libogg.so.0.8.4
7f54eed61000-7f54eed62000 r--p 0000a000 08:02 1449917                    /usr/lib/x86_64-linux-gnu/libogg.so.0.8.4
7f54eed62000-7f54eed63000 rw-p 0000b000 08:02 1449917                    /usr/lib/x86_64-linux-gnu/libogg.so.0.8.4
7f54eed63000-7f54eed6b000 r--p 00000000 08:02 1448904                    /usr/lib/x86_64-linux-gnu/libFLAC.so.8.3.0
7f54eed6b000-7f54eed94000 r-xp 00008000 08:02 1448904                    /usr/lib/x86_64-linux-gnu/libFLAC.so.8.3.0
7f54eed94000-7f54eed9e000 r--p 00031000 08:02 1448904                    /usr/lib/x86_64-linux-gnu/libFLAC.so.8.3.0
7f54eed9e000-7f54eed9f000 ---p 0003b000 08:02 1448904                    /usr/lib/x86_64-linux-gnu/libFLAC.so.8.3.0
7f54eed9f000-7f54eeda0000 r--p 0003b000 08:02 1448904                    /usr/lib/x86_64-linux-gnu/libFLAC.so.8.3.0
7f54eeda0000-7f54eeda1000 rw-p 0003c000 08:02 1448904                    /usr/lib/x86_64-linux-gnu/libFLAC.so.8.3.0
7f54eeda1000-7f54eeda5000 r--p 00000000 08:02 1445797                    /usr/lib/x86_64-linux-gnu/libnsl-2.31.so
7f54eeda5000-7f54eedb5000 r-xp 00004000 08:02 1445797                    /usr/lib/x86_64-linux-gnu/libnsl-2.31.so
7f54eedb5000-7f54eedba000 r--p 00014000 08:02 1445797                    /usr/lib/x86_64-linux-gnu/libnsl-2.31.so
7f54eedba000-7f54eedbb000 r--p 00018000 08:02 1445797                    /usr/lib/x86_64-linux-gnu/libnsl-2.31.so
7f54eedbb000-7f54eedbc000 rw-p 00019000 08:02 1445797                    /usr/lib/x86_64-linux-gnu/libnsl-2.31.so
7f54eedbc000-7f54eedbe000 rw-p 00000000 00:00 0 
7f54eedbe000-7f54eedca000 r--p 00000000 08:02 1447651                    /usr/lib/x86_64-linux-gnu/libgcrypt.so.20.2.5
7f54eedca000-7f54eee98000 r-xp 0000c000 08:02 1447651                    /usr/lib/x86_64-linux-gnu/libgcrypt.so.20.2.5
7f54eee98000-7f54eeed5000 r--p 000da000 08:02 1447651                    /usr/lib/x86_64-linux-gnu/libgcrypt.so.20.2.5
7f54eeed5000-7f54eeed7000 r--p 00116000 08:02 1447651                    /usr/lib/x86_64-linux-gnu/libgcrypt.so.20.2.5
7f54eeed7000-7f54eeedc000 rw-p 00118000 08:02 1447651                    /usr/lib/x86_64-linux-gnu/libgcrypt.so.20.2.5
7f54eeedc000-7f54eeede000 r--p 00000000 08:02 1449762                    /usr/lib/x86_64-linux-gnu/liblz4.so.1.9.2
7f54eeede000-7f54eeef8000 r-xp 00002000 08:02 1449762                    /usr/lib/x86_64-linux-gnu/liblz4.so.1.9.2
7f54eeef8000-7f54eeefb000 r--p 0001c000 08:02 1449762                    /usr/lib/x86_64-linux-gnu/liblz4.so.1.9.2
7f54eeefb000-7f54eeefc000 r--p 0001e000 08:02 1449762                    /usr/lib/x86_64-linux-gnu/liblz4.so.1.9.2
7f54eeefc000-7f54eeefd000 rw-p 0001f000 08:02 1449762                    /usr/lib/x86_64-linux-gnu/liblz4.so.1.9.2
7f54eeefd000-7f54eef00000 r--p 00000000 08:02 1443497                    /usr/lib/x86_64-linux-gnu/liblzma.so.5.2.4
7f54eef00000-7f54eef18000 r-xp 00003000 08:02 1443497                    /usr/lib/x86_64-linux-gnu/liblzma.so.5.2.4
7f54eef18000-7f54eef23000 r--p 0001b000 08:02 1443497                    /usr/lib/x86_64-linux-gnu/liblzma.so.5.2.4
7f54eef23000-7f54eef24000 ---p 00026000 08:02 1443497                    /usr/lib/x86_64-linux-gnu/liblzma.so.5.2.4
7f54eef24000-7f54eef25000 r--p 00026000 08:02 1443497                    /usr/lib/x86_64-linux-gnu/liblzma.so.5.2.4
7f54eef25000-7f54eef26000 rw-p 00027000 08:02 1443497                    /usr/lib/x86_64-linux-gnu/liblzma.so.5.2.4
7f54eef26000-7f54eef28000 r--p 00000000 08:02 1448951                    /usr/lib/x86_64-linux-gnu/libXdmcp.so.6.0.0
7f54eef28000-7f54eef2a000 r-xp 00002000 08:02 1448951                    /usr/lib/x86_64-linux-gnu/libXdmcp.so.6.0.0
7f54eef2a000-7f54eef2c000 r--p 00004000 08:02 1448951                    /usr/lib/x86_64-linux-gnu/libXdmcp.so.6.0.0
7f54eef2c000-7f54eef2d000 r--p 00005000 08:02 1448951                    /usr/lib/x86_64-linux-gnu/libXdmcp.so.6.0.0
7f54eef2d000-7f54eef2e000 rw-p 00006000 08:02 1448951                    /usr/lib/x86_64-linux-gnu/libXdmcp.so.6.0.0
7f54eef2e000-7f54eef31000 r--p 00000000 08:02 1449007                    /usr/lib/x86_64-linux-gnu/libapparmor.so.1.6.1
7f54eef31000-7f54eef3a000 r-xp 00003000 08:02 1449007                    /usr/lib/x86_64-linux-gnu/libapparmor.so.1.6.1
7f54eef3a000-7f54eef41000 r--p 0000c000 08:02 1449007                    /usr/lib/x86_64-linux-gnu/libapparmor.so.1.6.1
7f54eef41000-7f54eef42000 r--p 00012000 08:02 1449007                    /usr/lib/x86_64-linux-gnu/libapparmor.so.1.6.1
7f54eef42000-7f54eef43000 rw-p 00013000 08:02 1449007                    /usr/lib/x86_64-linux-gnu/libapparmor.so.1.6.1
7f54eef43000-7f54eef48000 r-xp 00000000 08:02 1449028                    /usr/lib/x86_64-linux-gnu/libasyncns.so.0.3.1
7f54eef48000-7f54ef147000 ---p 00005000 08:02 1449028                    /usr/lib/x86_64-linux-gnu/libasyncns.so.0.3.1
7f54ef147000-7f54ef148000 r--p 00004000 08:02 1449028                    /usr/lib/x86_64-linux-gnu/libasyncns.so.0.3.1
7f54ef148000-7f54ef149000 rw-p 00005000 08:02 1449028                    /usr/lib/x86_64-linux-gnu/libasyncns.so.0.3.1
7f54ef149000-7f54ef150000 r--p 00000000 08:02 1450170                    /usr/lib/x86_64-linux-gnu/libsndfile.so.1.0.28
7f54ef150000-7f54ef1a3000 r-xp 00007000 08:02 1450170                    /usr/lib/x86_64-linux-gnu/libsndfile.so.1.0.28
7f54ef1a3000-7f54ef1c0000 r--p 0005a000 08:02 1450170                    /usr/lib/x86_64-linux-gnu/libsndfile.so.1.0.28
7f54ef1c0000-7f54ef1c1000 ---p 00077000 08:02 1450170                    /usr/lib/x86_64-linux-gnu/libsndfile.so.1.0.28
7f54ef1c1000-7f54ef1c4000 r--p 00077000 08:02 1450170                    /usr/lib/x86_64-linux-gnu/libsndfile.so.1.0.28
7f54ef1c4000-7f54ef1c5000 rw-p 0007a000 08:02 1450170                    /usr/lib/x86_64-linux-gnu/libsndfile.so.1.0.28
7f54ef1c5000-7f54ef1c7000 rw-p 00000000 00:00 0 
7f54ef1c7000-7f54ef1d7000 r--p 00000000 08:02 1446018                    /usr/lib/x86_64-linux-gnu/libsystemd.so.0.28.0
7f54ef1d7000-7f54ef24c000 r-xp 00010000 08:02 1446018                    /usr/lib/x86_64-linux-gnu/libsystemd.so.0.28.0
7f54ef24c000-7f54ef271000 r--p 00085000 08:02 1446018                    /usr/lib/x86_64-linux-gnu/libsystemd.so.0.28.0
7f54ef271000-7f54ef274000 r--p 000a9000 08:02 1446018                    /usr/lib/x86_64-linux-gnu/libsystemd.so.0.28.0
7f54ef274000-7f54ef275000 rw-p 000ac000 08:02 1446018                    /usr/lib/x86_64-linux-gnu/libsystemd.so.0.28.0
7f54ef275000-7f54ef276000 rw-p 00000000 00:00 0 
7f54ef276000-7f54ef281000 r--p 00000000 08:02 1450442                    /usr/lib/x86_64-linux-gnu/libxcb.so.1.1.0
7f54ef281000-7f54ef295000 r-xp 0000b000 08:02 1450442                    /usr/lib/x86_64-linux-gnu/libxcb.so.1.1.0
7f54ef295000-7f54ef29e000 r--p 0001f000 08:02 1450442                    /usr/lib/x86_64-linux-gnu/libxcb.so.1.1.0
7f54ef29e000-7f54ef29f000 r--p 00027000 08:02 1450442                    /usr/lib/x86_64-linux-gnu/libxcb.so.1.1.0
7f54ef29f000-7f54ef2a0000 rw-p 00028000 08:02 1450442                    /usr/lib/x86_64-linux-gnu/libxcb.so.1.1.0
7f54ef2a0000-7f54ef2ab000 r--p 00000000 08:02 1442000                    /usr/lib/x86_64-linux-gnu/libdbus-1.so.3.19.11
7f54ef2ab000-7f54ef2d9000 r-xp 0000b000 08:02 1442000                    /usr/lib/x86_64-linux-gnu/libdbus-1.so.3.19.11
7f54ef2d9000-7f54ef2ee000 r--p 00039000 08:02 1442000                    /usr/lib/x86_64-linux-gnu/libdbus-1.so.3.19.11
7f54ef2ee000-7f54ef2ef000 ---p 0004e000 08:02 1442000                    /usr/lib/x86_64-linux-gnu/libdbus-1.so.3.19.11
7f54ef2ef000-7f54ef2f0000 r--p 0004e000 08:02 1442000                    /usr/lib/x86_64-linux-gnu/libdbus-1.so.3.19.11
7f54ef2f0000-7f54ef2f1000 rw-p 0004f000 08:02 1442000                    /usr/lib/x86_64-linux-gnu/libdbus-1.so.3.19.11
7f54ef2f1000-7f54ef302000 r--p 00000000 08:02 2097637                    /usr/lib/x86_64-linux-gnu/pulseaudio/libpulsecommon-13.99.so
7f54ef302000-7f54ef34a000 r-xp 00011000 08:02 2097637                    /usr/lib/x86_64-linux-gnu/pulseaudio/libpulsecommon-13.99.so
7f54ef34a000-7f54ef36f000 r--p 00059000 08:02 2097637                    /usr/lib/x86_64-linux-gnu/pulseaudio/libpulsecommon-13.99.so
7f54ef36f000-7f54ef370000 ---p 0007e000 08:02 2097637                    /usr/lib/x86_64-linux-gnu/pulseaudio/libpulsecommon-13.99.so
7f54ef370000-7f54ef372000 r--p 0007e000 08:02 2097637                    /usr/lib/x86_64-linux-gnu/pulseaudio/libpulsecommon-13.99.so
7f54ef372000-7f54ef373000 rw-p 00080000 08:02 2097637                    /usr/lib/x86_64-linux-gnu/pulseaudio/libpulsecommon-13.99.so
7f54ef373000-7f54ef37f000 r--p 00000000 08:02 1442666                    /usr/lib/x86_64-linux-gnu/libpulse.so.0.21.2
7f54ef37f000-7f54ef3af000 r-xp 0000c000 08:02 1442666                    /usr/lib/x86_64-linux-gnu/libpulse.so.0.21.2
7f54ef3af000-7f54ef3c5000 r--p 0003c000 08:02 1442666                    /usr/lib/x86_64-linux-gnu/libpulse.so.0.21.2
7f54ef3c5000-7f54ef3c7000 r--p 00051000 08:02 1442666                    /usr/lib/x86_64-linux-gnu/libpulse.so.0.21.2
7f54ef3c7000-7f54ef3c8000 rw-p 00053000 08:02 1442666                    /usr/lib/x86_64-linux-gnu/libpulse.so.0.21.2
7f54ef3ca000-7f54ef3cb000 r--p 00000000 08:02 2097976                    /usr/lib/x86_64-linux-gnu/alsa-lib/libasound_module_rate_speexrate.so
7f54ef3cb000-7f54ef3ce000 r-xp 00001000 08:02 2097976                    /usr/lib/x86_64-linux-gnu/alsa-lib/libasound_module_rate_speexrate.so
7f54ef3ce000-7f54ef3cf000 r--p 00004000 08:02 2097976                    /usr/lib/x86_64-linux-gnu/alsa-lib/libasound_module_rate_speexrate.so
7f54ef3cf000-7f54ef3d0000 r--p 00004000 08:02 2097976                    /usr/lib/x86_64-linux-gnu/alsa-lib/libasound_module_rate_speexrate.so
7f54ef3d0000-7f54ef3d1000 rw-p 00005000 08:02 2097976                    /usr/lib/x86_64-linux-gnu/alsa-lib/libasound_module_rate_speexrate.so
7f54ef3d1000-7f54ef3d3000 r--p 00000000 08:02 2097967                    /usr/lib/x86_64-linux-gnu/alsa-lib/libasound_module_pcm_pulse.so
7f54ef3d3000-7f54ef3d6000 r-xp 00002000 08:02 2097967                    /usr/lib/x86_64-linux-gnu/alsa-lib/libasound_module_pcm_pulse.so
7f54ef3d6000-7f54ef3d7000 r--p 00005000 08:02 2097967                    /usr/lib/x86_64-linux-gnu/alsa-lib/libasound_module_pcm_pulse.so
7f54ef3d7000-7f54ef3d8000 ---p 00006000 08:02 2097967                    /usr/lib/x86_64-linux-gnu/alsa-lib/libasound_module_pcm_pulse.so
7f54ef3d8000-7f54ef3d9000 r--p 00006000 08:02 2097967                    /usr/lib/x86_64-linux-gnu/alsa-lib/libasound_module_pcm_pulse.so
7f54ef3d9000-7f54ef3da000 rw-p 00007000 08:02 2097967                    /usr/lib/x86_64-linux-gnu/alsa-lib/libasound_module_pcm_pulse.so
7f54ef3da000-7f54ef3e1000 r--s 00000000 08:02 2102563                    /usr/lib/x86_64-linux-gnu/gconv/gconv-modules.cache
7f54ef3e1000-7f54ef3e3000 r--p 00000000 08:02 2234013                    /usr/local/lib/libilbccodec.so.2
7f54ef3e3000-7f54ef3ed000 r-xp 00002000 08:02 2234013                    /usr/local/lib/libilbccodec.so.2
7f54ef3ed000-7f54ef3ef000 r--p 0000c000 08:02 2234013                    /usr/local/lib/libilbccodec.so.2
7f54ef3ef000-7f54ef3f0000 r--p 0000d000 08:02 2234013                    /usr/local/lib/libilbccodec.so.2
7f54ef3f0000-7f54ef3f2000 rw-p 0000e000 08:02 2234013                    /usr/local/lib/libilbccodec.so.2
7f54ef3f2000-7f54ef3f3000 r--p 00000000 08:02 2234009                    /usr/local/lib/libgsmcodec.so.2
7f54ef3f3000-7f54ef3fb000 r-xp 00001000 08:02 2234009                    /usr/local/lib/libgsmcodec.so.2
7f54ef3fb000-7f54ef3fc000 r--p 00009000 08:02 2234009                    /usr/local/lib/libgsmcodec.so.2
7f54ef3fc000-7f54ef3fd000 r--p 00009000 08:02 2234009                    /usr/local/lib/libgsmcodec.so.2
7f54ef3fd000-7f54ef3fe000 rw-p 0000a000 08:02 2234009                    /usr/local/lib/libgsmcodec.so.2
7f54ef3fe000-7f54ef428000 r--p 00000000 08:02 1442673                    /usr/lib/x86_64-linux-gnu/libasound.so.2.0.0
7f54ef428000-7f54ef4b7000 r-xp 0002a000 08:02 1442673                    /usr/lib/x86_64-linux-gnu/libasound.so.2.0.0
7f54ef4b7000-7f54ef4f1000 r--p 000b9000 08:02 1442673                    /usr/lib/x86_64-linux-gnu/libasound.so.2.0.0
7f54ef4f1000-7f54ef4f8000 r--p 000f2000 08:02 1442673                    /usr/lib/x86_64-linux-gnu/libasound.so.2.0.0
7f54ef4f8000-7f54ef4f9000 rw-p 000f9000 08:02 1442673                    /usr/lib/x86_64-linux-gnu/libasound.so.2.0.0
7f54ef4f9000-7f54ef4fb000 r--p 00000000 08:02 1442187                    /usr/lib/x86_64-linux-gnu/libuuid.so.1.3.0
7f54ef4fb000-7f54ef4ff000 r-xp 00002000 08:02 1442187                    /usr/lib/x86_64-linux-gnu/libuuid.so.1.3.0
7f54ef4ff000-7f54ef500000 r--p 00006000 08:02 1442187                    /usr/lib/x86_64-linux-gnu/libuuid.so.1.3.0
7f54ef500000-7f54ef501000 r--p 00006000 08:02 1442187                    /usr/lib/x86_64-linux-gnu/libuuid.so.1.3.0
7f54ef501000-7f54ef502000 rw-p 00007000 08:02 1442187                    /usr/lib/x86_64-linux-gnu/libuuid.so.1.3.0
7f54ef502000-7f54ef51e000 r--p 00000000 08:02 1444253                    /usr/lib/x86_64-linux-gnu/libssl.so.1.1
7f54ef51e000-7f54ef56d000 r-xp 0001c000 08:02 1444253                    /usr/lib/x86_64-linux-gnu/libssl.so.1.1
7f54ef56d000-7f54ef587000 r--p 0006b000 08:02 1444253                    /usr/lib/x86_64-linux-gnu/libssl.so.1.1
7f54ef587000-7f54ef588000 ---p 00085000 08:02 1444253                    /usr/lib/x86_64-linux-gnu/libssl.so.1.1
7f54ef588000-7f54ef591000 r--p 00085000 08:02 1444253                    /usr/lib/x86_64-linux-gnu/libssl.so.1.1
7f54ef591000-7f54ef595000 rw-p 0008e000 08:02 1444253                    /usr/lib/x86_64-linux-gnu/libssl.so.1.1
7f54ef595000-7f54ef59b000 r--p 00000000 08:02 2234019                    /usr/local/lib/libwebrtc.so.2
7f54ef59b000-7f54ef5b4000 r-xp 00006000 08:02 2234019                    /usr/local/lib/libwebrtc.so.2
7f54ef5b4000-7f54ef5bc000 r--p 0001f000 08:02 2234019                    /usr/local/lib/libwebrtc.so.2
7f54ef5bc000-7f54ef5bd000 r--p 00026000 08:02 2234019                    /usr/local/lib/libwebrtc.so.2
7f54ef5bd000-7f54ef5be000 rw-p 00027000 08:02 2234019                    /usr/local/lib/libwebrtc.so.2
7f54ef5be000-7f54ef5c4000 r--p 00000000 08:02 2234011                    /usr/local/lib/libspeex.so.2
7f54ef5c4000-7f54ef5e2000 r-xp 00006000 08:02 2234011                    /usr/local/lib/libspeex.so.2
7f54ef5e2000-7f54ef5ea000 r--p 00024000 08:02 2234011                    /usr/local/lib/libspeex.so.2
7f54ef5ea000-7f54ef5eb000 ---p 0002c000 08:02 2234011                    /usr/local/lib/libspeex.so.2
7f54ef5eb000-7f54ef5ec000 r--p 0002c000 08:02 2234011                    /usr/local/lib/libspeex.so.2
7f54ef5ec000-7f54ef5ed000 rw-p 0002d000 08:02 2234011                    /usr/local/lib/libspeex.so.2
7f54ef5ed000-7f54ef5ee000 r--p 00000000 08:02 2234007                    /usr/local/lib/libresample.so.2
7f54ef5ee000-7f54ef5ef000 r-xp 00001000 08:02 2234007                    /usr/local/lib/libresample.so.2
7f54ef5ef000-7f54ef5fa000 r--p 00002000 08:02 2234007                    /usr/local/lib/libresample.so.2
7f54ef5fa000-7f54ef5fb000 r--p 0000c000 08:02 2234007                    /usr/local/lib/libresample.so.2
7f54ef5fb000-7f54ef5fc000 rw-p 0000d000 08:02 2234007                    /usr/local/lib/libresample.so.2
7f54ef5fc000-7f54ef601000 r--p 00000000 08:02 2234005                    /usr/local/lib/libsrtp.so.2
7f54ef601000-7f54ef60c000 r-xp 00005000 08:02 2234005                    /usr/local/lib/libsrtp.so.2
7f54ef60c000-7f54ef610000 r--p 00010000 08:02 2234005                    /usr/local/lib/libsrtp.so.2
7f54ef610000-7f54ef611000 r--p 00013000 08:02 2234005                    /usr/local/lib/libsrtp.so.2
7f54ef611000-7f54ef612000 rw-p 00014000 08:02 2234005                    /usr/local/lib/libsrtp.so.2
7f54ef612000-7f54ef68a000 r--p 00000000 08:02 1442325                    /usr/lib/x86_64-linux-gnu/libcrypto.so.1.1
7f54ef68a000-7f54ef825000 r-xp 00078000 08:02 1442325                    /usr/lib/x86_64-linux-gnu/libcrypto.so.1.1
7f54ef825000-7f54ef8b6000 r--p 00213000 08:02 1442325                    /usr/lib/x86_64-linux-gnu/libcrypto.so.1.1
7f54ef8b6000-7f54ef8e2000 r--p 002a3000 08:02 1442325                    /usr/lib/x86_64-linux-gnu/libcrypto.so.1.1
7f54ef8e2000-7f54ef8e4000 rw-p 002cf000 08:02 1442325                    /usr/lib/x86_64-linux-gnu/libcrypto.so.1.1
7f54ef8e4000-7f54ef8e8000 rw-p 00000000 00:00 0 
7f54ef8e8000-7f54ef8f0000 r--p 00000000 08:02 2234039                    /usr/local/lib/libpjnath.so.2
7f54ef8f0000-7f54ef90e000 r-xp 00008000 08:02 2234039                    /usr/local/lib/libpjnath.so.2
7f54ef90e000-7f54ef91a000 r--p 00026000 08:02 2234039                    /usr/local/lib/libpjnath.so.2
7f54ef91a000-7f54ef91b000 r--p 00031000 08:02 2234039                    /usr/local/lib/libpjnath.so.2
7f54ef91b000-7f54ef91d000 rw-p 00032000 08:02 2234039                    /usr/local/lib/libpjnath.so.2
7f54ef91d000-7f54ef929000 r--p 00000000 08:02 2234043                    /usr/local/lib/libpj.so.2
7f54ef929000-7f54ef947000 r-xp 0000c000 08:02 2234043                    /usr/local/lib/libpj.so.2
7f54ef947000-7f54ef952000 r--p 0002a000 08:02 2234043                    /usr/local/lib/libpj.so.2
7f54ef952000-7f54ef953000 ---p 00035000 08:02 2234043                    /usr/local/lib/libpj.so.2
7f54ef953000-7f54ef954000 r--p 00035000 08:02 2234043                    /usr/local/lib/libpj.so.2
7f54ef954000-7f54ef955000 rw-p 00036000 08:02 2234043                    /usr/local/lib/libpj.so.2
7f54ef955000-7f54ef957000 rw-p 00000000 00:00 0 
7f54ef957000-7f54ef965000 r--p 00000000 08:02 2234035                    /usr/local/lib/libpjmedia.so.2
7f54ef965000-7f54ef99d000 r-xp 0000e000 08:02 2234035                    /usr/local/lib/libpjmedia.so.2
7f54ef99d000-7f54ef9ba000 r--p 00046000 08:02 2234035                    /usr/local/lib/libpjmedia.so.2
7f54ef9ba000-7f54ef9bb000 ---p 00063000 08:02 2234035                    /usr/local/lib/libpjmedia.so.2
7f54ef9bb000-7f54ef9bc000 r--p 00063000 08:02 2234035                    /usr/local/lib/libpjmedia.so.2
7f54ef9bc000-7f54ef9be000 rw-p 00064000 08:02 2234035                    /usr/local/lib/libpjmedia.so.2
7f54ef9be000-7f54ef9bf000 rw-p 00000000 00:00 0 
7f54ef9bf000-7f54ef9cd000 r--p 00000000 08:02 2234023                    /usr/local/lib/libpjsua.so.2
7f54ef9cd000-7f54efa02000 r-xp 0000e000 08:02 2234023                    /usr/local/lib/libpjsua.so.2
7f54efa02000-7f54efa0f000 r--p 00043000 08:02 2234023                    /usr/local/lib/libpjsua.so.2
7f54efa0f000-7f54efa10000 r--p 0004f000 08:02 2234023                    /usr/local/lib/libpjsua.so.2
7f54efa10000-7f54efa12000 rw-p 00050000 08:02 2234023                    /usr/local/lib/libpjsua.so.2
7f54efa12000-7f54efaf4000 rw-p 00000000 00:00 0 
7f54efaf4000-7f54efb10000 r--p 00000000 08:02 2234021                    /usr/local/lib/libpjsua2.so.2
7f54efb10000-7f54efb64000 r-xp 0001c000 08:02 2234021                    /usr/local/lib/libpjsua2.so.2
7f54efb64000-7f54efb79000 r--p 00070000 08:02 2234021                    /usr/local/lib/libpjsua2.so.2
7f54efb79000-7f54efb7b000 r--p 00084000 08:02 2234021                    /usr/local/lib/libpjsua2.so.2
7f54efb7b000-7f54efb7d000 rw-p 00086000 08:02 2234021                    /usr/local/lib/libpjsua2.so.2
7f54efb7d000-7f54efbcc000 r--p 00000000 08:02 3415529                    /home/user/NetBeansProjects/pjsuaCall/src/pjsuacall/dynamicLib/libpjsua2.so
7f54efbcc000-7f54efc58000 r-xp 0004f000 08:02 3415529                    /home/user/NetBeansProjects/pjsuaCall/src/pjsuacall/dynamicLib/libpjsua2.so
7f54efc58000-7f54efc8e000 r--p 000db000 08:02 3415529                    /home/user/NetBeansProjects/pjsuaCall/src/pjsuacall/dynamicLib/libpjsua2.so
7f54efc8e000-7f54efc8f000 ---p 00111000 08:02 3415529                    /home/user/NetBeansProjects/pjsuaCall/src/pjsuacall/dynamicLib/libpjsua2.so
7f54efc8f000-7f54efc90000 r--p 00111000 08:02 3415529                    /home/user/NetBeansProjects/pjsuaCall/src/pjsuacall/dynamicLib/libpjsua2.so
7f54efc90000-7f54efc92000 rw-p 00112000 08:02 3415529                    /home/user/NetBeansProjects/pjsuaCall/src/pjsuacall/dynamicLib/libpjsua2.so
7f54efc92000-7f54efdfb000 r-xp 00000000 08:02 3415530                    /home/user/NetBeansProjects/pjsuaCall/src/pjsuacall/dynamicLib/libopenh264.so
7f54efdfb000-7f54efffb000 ---p 00169000 08:02 3415530                    /home/user/NetBeansProjects/pjsuaCall/src/pjsuacall/dynamicLib/libopenh264.so
7f54efffb000-7f54efffe000 r--p 00169000 08:02 3415530                    /home/user/NetBeansProjects/pjsuaCall/src/pjsuacall/dynamicLib/libopenh264.so
7f54efffe000-7f54f0000000 rw-p 0016c000 08:02 3415530                    /home/user/NetBeansProjects/pjsuaCall/src/pjsuacall/dynamicLib/libopenh264.so
7f54f0000000-7f54f0021000 rw-p 00000000 00:00 0 
7f54f0021000-7f54f4000000 ---p 00000000 00:00 0 
7f54f4001000-7f54f4004000 r--p 00000000 08:02 2234031                    /usr/local/lib/libpjmedia-codec.so.2
7f54f4004000-7f54f400c000 r-xp 00003000 08:02 2234031                    /usr/local/lib/libpjmedia-codec.so.2
7f54f400c000-7f54f400f000 r--p 0000b000 08:02 2234031                    /usr/local/lib/libpjmedia-codec.so.2
7f54f400f000-7f54f4010000 r--p 0000d000 08:02 2234031                    /usr/local/lib/libpjmedia-codec.so.2
7f54f4010000-7f54f4011000 rw-p 0000e000 08:02 2234031                    /usr/local/lib/libpjmedia-codec.so.2
7f54f4011000-7f54f4013000 r--p 00000000 08:02 2234037                    /usr/local/lib/libpjmedia-audiodev.so.2
7f54f4013000-7f54f4017000 r-xp 00002000 08:02 2234037                    /usr/local/lib/libpjmedia-audiodev.so.2
7f54f4017000-7f54f4018000 r--p 00006000 08:02 2234037                    /usr/local/lib/libpjmedia-audiodev.so.2
7f54f4018000-7f54f4019000 ---p 00007000 08:02 2234037                    /usr/local/lib/libpjmedia-audiodev.so.2
7f54f4019000-7f54f401a000 r--p 00007000 08:02 2234037                    /usr/local/lib/libpjmedia-audiodev.so.2
7f54f401a000-7f54f401b000 rw-p 00008000 08:02 2234037                    /usr/local/lib/libpjmedia-audiodev.so.2
7f54f401b000-7f54f4029000 r--p 00000000 08:02 2234029                    /usr/local/lib/libpjsip.so.2
7f54f4029000-7f54f4059000 r-xp 0000e000 08:02 2234029                    /usr/local/lib/libpjsip.so.2
7f54f4059000-7f54f406a000 r--p 0003e000 08:02 2234029                    /usr/local/lib/libpjsip.so.2
7f54f406a000-7f54f406c000 r--p 0004e000 08:02 2234029                    /usr/local/lib/libpjsip.so.2
7f54f406c000-7f54f406e000 rw-p 00050000 08:02 2234029                    /usr/local/lib/libpjsip.so.2
7f54f406e000-7f54f4073000 rw-p 00000000 00:00 0 
7f54f4073000-7f54f4109000 r--p 00000000 08:02 1450209                    /usr/lib/x86_64-linux-gnu/libstdc++.so.6.0.28
7f54f4109000-7f54f41fa000 r-xp 00096000 08:02 1450209                    /usr/lib/x86_64-linux-gnu/libstdc++.so.6.0.28
7f54f41fa000-7f54f4243000 r--p 00187000 08:02 1450209                    /usr/lib/x86_64-linux-gnu/libstdc++.so.6.0.28
7f54f4243000-7f54f4244000 ---p 001d0000 08:02 1450209                    /usr/lib/x86_64-linux-gnu/libstdc++.so.6.0.28
7f54f4244000-7f54f424f000 r--p 001d0000 08:02 1450209                    /usr/lib/x86_64-linux-gnu/libstdc++.so.6.0.28
7f54f424f000-7f54f4252000 rw-p 001db000 08:02 1450209                    /usr/lib/x86_64-linux-gnu/libstdc++.so.6.0.28
7f54f4252000-7f54f4255000 rw-p 00000000 00:00 0 
7f54f4255000-7f54f4256000 ---p 00000000 00:00 0 
7f54f4256000-7f54f4356000 rw-p 00000000 00:00 0 
7f54f4356000-7f54f4359000 ---p 00000000 00:00 0 
7f54f4359000-7f54f4457000 rw-p 00000000 00:00 0 
7f54f4457000-7f54f4458000 ---p 00000000 00:00 0 
7f54f4458000-7f54f445b000 ---p 00000000 00:00 0 
7f54f445b000-7f54f4558000 rw-p 00000000 00:00 0 
7f54f4558000-7f54f4559000 ---p 00000000 00:00 0 
7f54f4559000-7f54f455c000 ---p 00000000 00:00 0 
7f54f455c000-7f54f4659000 rw-p 00000000 00:00 0 
7f54f4659000-7f54f465a000 ---p 00000000 00:00 0 
7f54f465a000-7f54f465d000 ---p 00000000 00:00 0 
7f54f465d000-7f54f475a000 rw-p 00000000 00:00 0 
7f54f475a000-7f54f475d000 ---p 00000000 00:00 0 
7f54f475d000-7f54f485b000 rw-p 00000000 00:00 0 
7f54f485b000-7f54f4dcb000 r--p 00000000 08:02 1444832                    /usr/lib/locale/locale-archive
7f54f4dcb000-7f54f4dce000 ---p 00000000 00:00 0 
7f54f4dce000-7f54f4ecc000 rw-p 00000000 00:00 0 
7f54f4ecc000-7f54f4ecf000 ---p 00000000 00:00 0 
7f54f4ecf000-7f54f4fcd000 rw-p 00000000 00:00 0 
7f54f4fcd000-7f54f4fce000 ---p 00000000 00:00 0 
7f54f4fce000-7f54f9000000 rw-p 00000000 00:00 0 
7f54f9000000-7f54f9270000 rwxp 00000000 00:00 0 
7f54f9270000-7f5508000000 ---p 00000000 00:00 0 
7f5508000000-7f55082a8000 rw-p 00000000 00:00 0 
7f55082a8000-7f550c000000 ---p 00000000 00:00 0 
7f550c004000-7f550c00a000 r--p 00000000 08:02 2234025                    /usr/local/lib/libpjsip-ua.so.2
7f550c00a000-7f550c01c000 r-xp 00006000 08:02 2234025                    /usr/local/lib/libpjsip-ua.so.2
7f550c01c000-7f550c022000 r--p 00018000 08:02 2234025                    /usr/local/lib/libpjsip-ua.so.2
7f550c022000-7f550c023000 r--p 0001d000 08:02 2234025                    /usr/local/lib/libpjsip-ua.so.2
7f550c023000-7f550c024000 rw-p 0001e000 08:02 2234025                    /usr/local/lib/libpjsip-ua.so.2
7f550c024000-7f550c02b000 r--p 00000000 08:02 2234041                    /usr/local/lib/libpjlib-util.so.2
7f550c02b000-7f550c045000 r-xp 00007000 08:02 2234041                    /usr/local/lib/libpjlib-util.so.2
7f550c045000-7f550c04d000 r--p 00021000 08:02 2234041                    /usr/local/lib/libpjlib-util.so.2
7f550c04d000-7f550c04e000 r--p 00028000 08:02 2234041                    /usr/local/lib/libpjlib-util.so.2
7f550c04e000-7f550c04f000 rw-p 00029000 08:02 2234041                    /usr/local/lib/libpjlib-util.so.2
7f550c04f000-7f550c055000 r--p 00000000 08:02 2234027                    /usr/local/lib/libpjsip-simple.so.2
7f550c055000-7f550c060000 r-xp 00006000 08:02 2234027                    /usr/local/lib/libpjsip-simple.so.2
7f550c060000-7f550c064000 r--p 00011000 08:02 2234027                    /usr/local/lib/libpjsip-simple.so.2
7f550c064000-7f550c065000 ---p 00015000 08:02 2234027                    /usr/local/lib/libpjsip-simple.so.2
7f550c065000-7f550c066000 r--p 00015000 08:02 2234027                    /usr/local/lib/libpjsip-simple.so.2
7f550c066000-7f550c067000 rw-p 00016000 08:02 2234027                    /usr/local/lib/libpjsip-simple.so.2
7f550c067000-7f550c06a000 r--p 00000000 08:02 1449406                    /usr/lib/x86_64-linux-gnu/libgcc_s.so.1
7f550c06a000-7f550c07c000 r-xp 00003000 08:02 1449406                    /usr/lib/x86_64-linux-gnu/libgcc_s.so.1
7f550c07c000-7f550c080000 r--p 00015000 08:02 1449406                    /usr/lib/x86_64-linux-gnu/libgcc_s.so.1
7f550c080000-7f550c081000 r--p 00018000 08:02 1449406                    /usr/lib/x86_64-linux-gnu/libgcc_s.so.1
7f550c081000-7f550c082000 rw-p 00019000 08:02 1449406                    /usr/lib/x86_64-linux-gnu/libgcc_s.so.1
7f550c084000-7f550c085000 r--p 00000000 08:02 1448940                    /usr/lib/x86_64-linux-gnu/libXau.so.6.0.0
7f550c085000-7f550c087000 r-xp 00001000 08:02 1448940                    /usr/lib/x86_64-linux-gnu/libXau.so.6.0.0
7f550c087000-7f550c088000 r--p 00003000 08:02 1448940                    /usr/lib/x86_64-linux-gnu/libXau.so.6.0.0
7f550c088000-7f550c089000 r--p 00003000 08:02 1448940                    /usr/lib/x86_64-linux-gnu/libXau.so.6.0.0
7f550c089000-7f550c08a000 rw-p 00004000 08:02 1448940                    /usr/lib/x86_64-linux-gnu/libXau.so.6.0.0
7f550c08a000-7f550c08d000 r--p 00000000 08:02 1450402                    /usr/lib/x86_64-linux-gnu/libwrap.so.0.7.6
7f550c08d000-7f550c092000 r-xp 00003000 08:02 1450402                    /usr/lib/x86_64-linux-gnu/libwrap.so.0.7.6
7f550c092000-7f550c094000 r--p 00008000 08:02 1450402                    /usr/lib/x86_64-linux-gnu/libwrap.so.0.7.6
7f550c094000-7f550c095000 r--p 00009000 08:02 1450402                    /usr/lib/x86_64-linux-gnu/libwrap.so.0.7.6
7f550c095000-7f550c096000 rw-p 0000a000 08:02 1450402                    /usr/lib/x86_64-linux-gnu/libwrap.so.0.7.6
7f550c096000-7f550c097000 r--p 00000000 08:02 2097971                    /usr/lib/x86_64-linux-gnu/alsa-lib/libasound_module_rate_samplerate.so
7f550c097000-7f550c098000 r-xp 00001000 08:02 2097971                    /usr/lib/x86_64-linux-gnu/alsa-lib/libasound_module_rate_samplerate.so
7f550c098000-7f550c099000 r--p 00002000 08:02 2097971                    /usr/lib/x86_64-linux-gnu/alsa-lib/libasound_module_rate_samplerate.so
7f550c099000-7f550c09a000 r--p 00002000 08:02 2097971                    /usr/lib/x86_64-linux-gnu/alsa-lib/libasound_module_rate_samplerate.so
7f550c09a000-7f550c09b000 rw-p 00003000 08:02 2097971                    /usr/lib/x86_64-linux-gnu/alsa-lib/libasound_module_rate_samplerate.so
7f550c09b000-7f550ce9d000 rw-p 00000000 00:00 0 
7f550ce9d000-7f550d07d000 r--s 03ea1000 08:02 5380617                    /home/user/software/jdk1.8.0_331/jre/lib/rt.jar
7f550d07d000-7f550d636000 rw-p 00000000 00:00 0 
7f550d636000-7f550d976000 ---p 00000000 00:00 0 
7f550d976000-7f550dd70000 rw-p 00000000 00:00 0 
7f550dd70000-7f550dd71000 ---p 00000000 00:00 0 
7f550dd71000-7f550de71000 rw-p 00000000 00:00 0 
7f550de71000-7f550de72000 ---p 00000000 00:00 0 
7f550de72000-7f550df72000 rw-p 00000000 00:00 0 
7f550df72000-7f550df73000 ---p 00000000 00:00 0 
7f550df73000-7f550e073000 rw-p 00000000 00:00 0 
7f550e073000-7f550e074000 ---p 00000000 00:00 0 
7f550e074000-7f550e19e000 rw-p 00000000 00:00 0 
7f550e19e000-7f550e401000 ---p 00000000 00:00 0 
7f550e401000-7f550e42b000 rw-p 00000000 00:00 0 
7f550e42b000-7f550e68d000 ---p 00000000 00:00 0 
7f550e68d000-7f550e6a3000 rw-p 00000000 00:00 0 
7f550e6a3000-7f550e7d4000 ---p 00000000 00:00 0 
7f550e7d4000-7f550e7df000 rw-p 00000000 00:00 0 
7f550e7df000-7f550eb95000 ---p 00000000 00:00 0 
7f550eb95000-7f550ebb0000 r-xp 00000000 08:02 5380501                    /home/user/software/jdk1.8.0_331/jre/lib/amd64/libzip.so
7f550ebb0000-7f550edaf000 ---p 0001b000 08:02 5380501                    /home/user/software/jdk1.8.0_331/jre/lib/amd64/libzip.so
7f550edaf000-7f550edb0000 r--p 0001a000 08:02 5380501                    /home/user/software/jdk1.8.0_331/jre/lib/amd64/libzip.so
7f550edb0000-7f550edb1000 rw-p 0001b000 08:02 5380501                    /home/user/software/jdk1.8.0_331/jre/lib/amd64/libzip.so
7f550edb1000-7f550edb9000 rw-s 00000000 08:02 9445673                    /tmp/hsperfdata_user/33605
7f550edb9000-7f550ede6000 r-xp 00000000 08:02 5380498                    /home/user/software/jdk1.8.0_331/jre/lib/amd64/libjava.so
7f550ede6000-7f550efe5000 ---p 0002d000 08:02 5380498                    /home/user/software/jdk1.8.0_331/jre/lib/amd64/libjava.so
7f550efe5000-7f550efe6000 r--p 0002c000 08:02 5380498                    /home/user/software/jdk1.8.0_331/jre/lib/amd64/libjava.so
7f550efe6000-7f550efe8000 rw-p 0002d000 08:02 5380498                    /home/user/software/jdk1.8.0_331/jre/lib/amd64/libjava.so
7f550efe8000-7f550eff5000 r-xp 00000000 08:02 5380487                    /home/user/software/jdk1.8.0_331/jre/lib/amd64/libverify.so
7f550eff5000-7f550f1f4000 ---p 0000d000 08:02 5380487                    /home/user/software/jdk1.8.0_331/jre/lib/amd64/libverify.so
7f550f1f4000-7f550f1f6000 r--p 0000c000 08:02 5380487                    /home/user/software/jdk1.8.0_331/jre/lib/amd64/libverify.so
7f550f1f6000-7f550f1f7000 rw-p 0000e000 08:02 5380487                    /home/user/software/jdk1.8.0_331/jre/lib/amd64/libverify.so
7f550f1f7000-7f550f1f9000 r--p 00000000 08:02 1445807                    /usr/lib/x86_64-linux-gnu/librt-2.31.so
7f550f1f9000-7f550f1fd000 r-xp 00002000 08:02 1445807                    /usr/lib/x86_64-linux-gnu/librt-2.31.so
7f550f1fd000-7f550f1ff000 r--p 00006000 08:02 1445807                    /usr/lib/x86_64-linux-gnu/librt-2.31.so
7f550f1ff000-7f550f200000 r--p 00007000 08:02 1445807                    /usr/lib/x86_64-linux-gnu/librt-2.31.so
7f550f200000-7f550f201000 rw-p 00008000 08:02 1445807                    /usr/lib/x86_64-linux-gnu/librt-2.31.so
7f550f201000-7f550f202000 ---p 00000000 00:00 0 
7f550f202000-7f550f205000 ---p 00000000 00:00 0 
7f550f205000-7f550f302000 rw-p 00000000 00:00 0 
7f550f302000-7f550f30f000 r--p 00000000 08:02 1445794                    /usr/lib/x86_64-linux-gnu/libm-2.31.so
7f550f30f000-7f550f3b6000 r-xp 0000d000 08:02 1445794                    /usr/lib/x86_64-linux-gnu/libm-2.31.so
7f550f3b6000-7f550f44f000 r--p 000b4000 08:02 1445794                    /usr/lib/x86_64-linux-gnu/libm-2.31.so
7f550f44f000-7f550f450000 r--p 0014c000 08:02 1445794                    /usr/lib/x86_64-linux-gnu/libm-2.31.so
7f550f450000-7f550f451000 rw-p 0014d000 08:02 1445794                    /usr/lib/x86_64-linux-gnu/libm-2.31.so
7f550f451000-7f5510149000 r-xp 00000000 08:02 5380480                    /home/user/software/jdk1.8.0_331/jre/lib/amd64/server/libjvm.so
7f5510149000-7f5510348000 ---p 00cf8000 08:02 5380480                    /home/user/software/jdk1.8.0_331/jre/lib/amd64/server/libjvm.so
7f5510348000-7f55103de000 r--p 00cf7000 08:02 5380480                    /home/user/software/jdk1.8.0_331/jre/lib/amd64/server/libjvm.so
7f55103de000-7f551040f000 rw-p 00d8d000 08:02 5380480                    /home/user/software/jdk1.8.0_331/jre/lib/amd64/server/libjvm.so
7f551040f000-7f551044c000 rw-p 00000000 00:00 0 
7f551044c000-7f551046e000 r--p 00000000 08:02 1445792                    /usr/lib/x86_64-linux-gnu/libc-2.31.so
7f551046e000-7f55105e6000 r-xp 00022000 08:02 1445792                    /usr/lib/x86_64-linux-gnu/libc-2.31.so
7f55105e6000-7f5510634000 r--p 0019a000 08:02 1445792                    /usr/lib/x86_64-linux-gnu/libc-2.31.so
7f5510634000-7f5510638000 r--p 001e7000 08:02 1445792                    /usr/lib/x86_64-linux-gnu/libc-2.31.so
7f5510638000-7f551063a000 rw-p 001eb000 08:02 1445792                    /usr/lib/x86_64-linux-gnu/libc-2.31.so
7f551063a000-7f551063e000 rw-p 00000000 00:00 0 
7f551063e000-7f551063f000 r--p 00000000 08:02 1445793                    /usr/lib/x86_64-linux-gnu/libdl-2.31.so
7f551063f000-7f5510641000 r-xp 00001000 08:02 1445793                    /usr/lib/x86_64-linux-gnu/libdl-2.31.so
7f5510641000-7f5510642000 r--p 00003000 08:02 1445793                    /usr/lib/x86_64-linux-gnu/libdl-2.31.so
7f5510642000-7f5510643000 r--p 00003000 08:02 1445793                    /usr/lib/x86_64-linux-gnu/libdl-2.31.so
7f5510643000-7f5510644000 rw-p 00004000 08:02 1445793                    /usr/lib/x86_64-linux-gnu/libdl-2.31.so
7f5510644000-7f551065b000 r-xp 00000000 08:02 9965144                    /home/user/software/jdk1.8.0_331/lib/amd64/jli/libjli.so
7f551065b000-7f551085a000 ---p 00017000 08:02 9965144                    /home/user/software/jdk1.8.0_331/lib/amd64/jli/libjli.so
7f551085a000-7f551085b000 r--p 00016000 08:02 9965144                    /home/user/software/jdk1.8.0_331/lib/amd64/jli/libjli.so
7f551085b000-7f551085c000 rw-p 00017000 08:02 9965144                    /home/user/software/jdk1.8.0_331/lib/amd64/jli/libjli.so
7f551085c000-7f5510862000 r--p 00000000 08:02 1445805                    /usr/lib/x86_64-linux-gnu/libpthread-2.31.so
7f5510862000-7f5510873000 r-xp 00006000 08:02 1445805                    /usr/lib/x86_64-linux-gnu/libpthread-2.31.so
7f5510873000-7f5510879000 r--p 00017000 08:02 1445805                    /usr/lib/x86_64-linux-gnu/libpthread-2.31.so
7f5510879000-7f551087a000 r--p 0001c000 08:02 1445805                    /usr/lib/x86_64-linux-gnu/libpthread-2.31.so
7f551087a000-7f551087b000 rw-p 0001d000 08:02 1445805                    /usr/lib/x86_64-linux-gnu/libpthread-2.31.so
7f551087b000-7f551087f000 rw-p 00000000 00:00 0 
7f5510883000-7f5510886000 r--p 00000000 08:02 1445800                    /usr/lib/x86_64-linux-gnu/libnss_files-2.31.so
7f5510886000-7f551088d000 r-xp 00003000 08:02 1445800                    /usr/lib/x86_64-linux-gnu/libnss_files-2.31.so
7f551088d000-7f551088f000 r--p 0000a000 08:02 1445800                    /usr/lib/x86_64-linux-gnu/libnss_files-2.31.so
7f551088f000-7f5510890000 r--p 0000b000 08:02 1445800                    /usr/lib/x86_64-linux-gnu/libnss_files-2.31.so
7f5510890000-7f5510891000 rw-p 0000c000 08:02 1445800                    /usr/lib/x86_64-linux-gnu/libnss_files-2.31.so
7f5510891000-7f551089a000 rw-p 00000000 00:00 0 
7f551089a000-7f551089b000 r--p 00000000 08:02 1445788                    /usr/lib/x86_64-linux-gnu/ld-2.31.so
7f551089b000-7f55108be000 r-xp 00001000 08:02 1445788                    /usr/lib/x86_64-linux-gnu/ld-2.31.so
7f55108be000-7f55108c6000 r--p 00024000 08:02 1445788                    /usr/lib/x86_64-linux-gnu/ld-2.31.so
7f55108c6000-7f55108c7000 r--p 00000000 00:00 0 
7f55108c7000-7f55108c8000 r--p 0002c000 08:02 1445788                    /usr/lib/x86_64-linux-gnu/ld-2.31.so
7f55108c8000-7f55108c9000 rw-p 0002d000 08:02 1445788                    /usr/lib/x86_64-linux-gnu/ld-2.31.so
7f55108c9000-7f55108ca000 rw-p 00000000 00:00 0 
7ffcc9e1c000-7ffcc9e3d000 rw-p 00000000 00:00 0                          [stack]
7ffcc9faa000-7ffcc9fae000 r--p 00000000 00:00 0                          [vvar]
7ffcc9fae000-7ffcc9fb0000 r-xp 00000000 00:00 0                          [vdso]
ffffffffff600000-ffffffffff601000 --xp 00000000 00:00 0                  [vsyscall]

VM Arguments:
jvm_args: -Dfile.encoding=UTF-8 -Djava.library.path=/home/user/NetBeansProjects/pjsuaCall/src/pjsuacall/dynamicLib 
java_command: pjsuacall.PjsuaCall
java_class_path (initial): /home/user/Downloads/pjproject-2.12.1/pjsip-apps/src/swig/java/output:/home/user/NetBeansProjects/pjsuaCall/build/classes
Launcher Type: SUN_STANDARD

Environment Variables:
PATH=/home/user/.local/bin:/usr/local/sbin:/usr/local/bin:/usr/sbin:/usr/bin:/sbin:/bin:/usr/games:/usr/local/games:/snap/bin
USERNAME=user
SHELL=/bin/bash
DISPLAY=:0

Signal Handlers:
SIGSEGV: [libjvm.so+0xae0f60], sa_mask[0]=11111111011111111101111111111110, sa_flags=SA_RESTART|SA_SIGINFO
SIGBUS: [libjvm.so+0xae0f60], sa_mask[0]=11111111011111111101111111111110, sa_flags=SA_RESTART|SA_SIGINFO
SIGFPE: [libjvm.so+0xae0f60], sa_mask[0]=11111111011111111101111111111110, sa_flags=SA_RESTART|SA_SIGINFO
SIGPIPE: [libjvm.so+0x915120], sa_mask[0]=11111111011111111101111111111110, sa_flags=SA_RESTART|SA_SIGINFO
SIGXFSZ: [libjvm.so+0x915120], sa_mask[0]=11111111011111111101111111111110, sa_flags=SA_RESTART|SA_SIGINFO
SIGILL: [libjvm.so+0xae0f60], sa_mask[0]=11111111011111111101111111111110, sa_flags=SA_RESTART|SA_SIGINFO
SIGUSR1: SIG_DFL, sa_mask[0]=00000000000000000000000000000000, sa_flags=none
SIGUSR2: [libjvm.so+0x914ff0], sa_mask[0]=00100000000000000000000000000000, sa_flags=SA_RESTART|SA_SIGINFO
SIGHUP: [libjvm.so+0x915610], sa_mask[0]=11111111011111111101111111111110, sa_flags=SA_RESTART|SA_SIGINFO
SIGINT: SIG_IGN, sa_mask[0]=00000000000000000000000000000000, sa_flags=none
SIGTERM: [libjvm.so+0x915610], sa_mask[0]=11111111011111111101111111111110, sa_flags=SA_RESTART|SA_SIGINFO
SIGQUIT: [libjvm.so+0x915610], sa_mask[0]=11111111011111111101111111111110, sa_flags=SA_RESTART|SA_SIGINFO


---------------  S Y S T E M  ---------------

OS:DISTRIB_ID=Ubuntu
DISTRIB_RELEASE=20.04
DISTRIB_CODENAME=focal
DISTRIB_DESCRIPTION="Ubuntu 20.04.4 LTS"

uname:Linux 5.13.0-44-generic #49~20.04.1-Ubuntu SMP Wed May 18 18:44:28 UTC 2022 x86_64
libc:glibc 2.31 NPTL 2.31 
rlimit: STACK 8192k, CORE 0k, NPROC 31039, NOFILE 1048576, AS infinity
load average:0.86 0.63 0.57

/proc/meminfo:
MemTotal:        8017192 kB
MemFree:          343852 kB
MemAvailable:    2075020 kB
Buffers:          310640 kB
Cached:          2042868 kB
SwapCached:          944 kB
Active:          1559932 kB
Inactive:        5428508 kB
Active(anon):     206952 kB
Inactive(anon):  4968088 kB
Active(file):    1352980 kB
Inactive(file):   460420 kB
Unevictable:      178376 kB
Mlocked:              16 kB
SwapTotal:       3999740 kB
SwapFree:        3962048 kB
Dirty:               824 kB
Writeback:             0 kB
AnonPages:       4812376 kB
Mapped:           597072 kB
Shmem:            543904 kB
KReclaimable:     221832 kB
Slab:             373700 kB
SReclaimable:     221832 kB
SUnreclaim:       151868 kB
KernelStack:       19504 kB
PageTables:        40904 kB
NFS_Unstable:          0 kB
Bounce:                0 kB
WritebackTmp:          0 kB
CommitLimit:     8008336 kB
Committed_AS:   11168768 kB
VmallocTotal:   34359738367 kB
VmallocUsed:       45504 kB
VmallocChunk:          0 kB
Percpu:             5152 kB
HardwareCorrupted:     0 kB
AnonHugePages:         0 kB
ShmemHugePages:        0 kB
ShmemPmdMapped:        0 kB
FileHugePages:         0 kB
FilePmdMapped:         0 kB
HugePages_Total:       0
HugePages_Free:        0
HugePages_Rsvd:        0
HugePages_Surp:        0
Hugepagesize:       2048 kB
Hugetlb:               0 kB
DirectMap4k:      381344 kB
DirectMap2M:     7882752 kB
DirectMap1G:           0 kB

container (cgroup) information:
container_type: cgroupv1
cpu_cpuset_cpus: 0-3
cpu_memory_nodes: 0
active_processor_count: 4
cpu_quota: -1
cpu_period: 100000
cpu_shares: -1
memory_limit_in_bytes: -1
memory_and_swap_limit_in_bytes: -1
memory_soft_limit_in_bytes: -1
memory_usage_in_bytes: 5877792768
memory_max_usage_in_bytes: 6090948608


CPU:total 4 (initial active 4) (4 cores per cpu, 1 threads per core) family 6 model 158 stepping 9, cmov, cx8, fxsr, mmx, sse, sse2, sse3, ssse3, sse4.1, sse4.2, popcnt, avx, avx2, aes, clmul, erms, rtm, 3dnowpref, lzcnt, tsc, tscinvbit, bmi1, bmi2, adx

/proc/cpuinfo:
processor	: 0
vendor_id	: GenuineIntel
cpu family	: 6
model		: 158
model name	: Intel(R) Core(TM) i5-7500 CPU @ 3.40GHz
stepping	: 9
microcode	: 0xec
cpu MHz		: 1994.362
cache size	: 6144 KB
physical id	: 0
siblings	: 4
core id		: 0
cpu cores	: 4
apicid		: 0
initial apicid	: 0
fpu		: yes
fpu_exception	: yes
cpuid level	: 22
wp		: yes
flags		: fpu vme de pse tsc msr pae mce cx8 apic sep mtrr pge mca cmov pat pse36 clflush dts acpi mmx fxsr sse sse2 ss ht tm pbe syscall nx pdpe1gb rdtscp lm constant_tsc art arch_perfmon pebs bts rep_good nopl xtopology nonstop_tsc cpuid aperfmperf pni pclmulqdq dtes64 monitor ds_cpl vmx smx est tm2 ssse3 sdbg fma cx16 xtpr pdcm pcid sse4_1 sse4_2 x2apic movbe popcnt tsc_deadline_timer aes xsave avx f16c rdrand lahf_lm abm 3dnowprefetch cpuid_fault epb invpcid_single pti ssbd ibrs ibpb stibp tpr_shadow vnmi flexpriority ept vpid ept_ad fsgsbase tsc_adjust bmi1 hle avx2 smep bmi2 erms invpcid rtm mpx rdseed adx smap clflushopt intel_pt xsaveopt xsavec xgetbv1 xsaves dtherm ida arat pln pts hwp hwp_notify hwp_act_window hwp_epp md_clear flush_l1d arch_capabilities
vmx flags	: vnmi preemption_timer invvpid ept_x_only ept_ad ept_1gb flexpriority tsc_offset vtpr mtf vapic ept vpid unrestricted_guest ple shadow_vmcs pml ept_mode_based_exec
bugs		: cpu_meltdown spectre_v1 spectre_v2 spec_store_bypass l1tf mds swapgs taa itlb_multihit srbds
bogomips	: 6799.81
clflush size	: 64
cache_alignment	: 64
address sizes	: 39 bits physical, 48 bits virtual
power management:

processor	: 1
vendor_id	: GenuineIntel
cpu family	: 6
model		: 158
model name	: Intel(R) Core(TM) i5-7500 CPU @ 3.40GHz
stepping	: 9
microcode	: 0xec
cpu MHz		: 2017.010
cache size	: 6144 KB
physical id	: 0
siblings	: 4
core id		: 1
cpu cores	: 4
apicid		: 2
initial apicid	: 2
fpu		: yes
fpu_exception	: yes
cpuid level	: 22
wp		: yes
flags		: fpu vme de pse tsc msr pae mce cx8 apic sep mtrr pge mca cmov pat pse36 clflush dts acpi mmx fxsr sse sse2 ss ht tm pbe syscall nx pdpe1gb rdtscp lm constant_tsc art arch_perfmon pebs bts rep_good nopl xtopology nonstop_tsc cpuid aperfmperf pni pclmulqdq dtes64 monitor ds_cpl vmx smx est tm2 ssse3 sdbg fma cx16 xtpr pdcm pcid sse4_1 sse4_2 x2apic movbe popcnt tsc_deadline_timer aes xsave avx f16c rdrand lahf_lm abm 3dnowprefetch cpuid_fault epb invpcid_single pti ssbd ibrs ibpb stibp tpr_shadow vnmi flexpriority ept vpid ept_ad fsgsbase tsc_adjust bmi1 hle avx2 smep bmi2 erms invpcid rtm mpx rdseed adx smap clflushopt intel_pt xsaveopt xsavec xgetbv1 xsaves dtherm ida arat pln pts hwp hwp_notify hwp_act_window hwp_epp md_clear flush_l1d arch_capabilities
vmx flags	: vnmi preemption_timer invvpid ept_x_only ept_ad ept_1gb flexpriority tsc_offset vtpr mtf vapic ept vpid unrestricted_guest ple shadow_vmcs pml ept_mode_based_exec
bugs		: cpu_meltdown spectre_v1 spectre_v2 spec_store_bypass l1tf mds swapgs taa itlb_multihit srbds
bogomips	: 6799.81
clflush size	: 64
cache_alignment	: 64
address sizes	: 39 bits physical, 48 bits virtual
power management:

processor	: 2
vendor_id	: GenuineIntel
cpu family	: 6
model		: 158
model name	: Intel(R) Core(TM) i5-7500 CPU @ 3.40GHz
stepping	: 9
microcode	: 0xec
cpu MHz		: 3400.000
cache size	: 6144 KB
physical id	: 0
siblings	: 4
core id		: 2
cpu cores	: 4
apicid		: 4
initial apicid	: 4
fpu		: yes
fpu_exception	: yes
cpuid level	: 22
wp		: yes
flags		: fpu vme de pse tsc msr pae mce cx8 apic sep mtrr pge mca cmov pat pse36 clflush dts acpi mmx fxsr sse sse2 ss ht tm pbe syscall nx pdpe1gb rdtscp lm constant_tsc art arch_perfmon pebs bts rep_good nopl xtopology nonstop_tsc cpuid aperfmperf pni pclmulqdq dtes64 monitor ds_cpl vmx smx est tm2 ssse3 sdbg fma cx16 xtpr pdcm pcid sse4_1 sse4_2 x2apic movbe popcnt tsc_deadline_timer aes xsave avx f16c rdrand lahf_lm abm 3dnowprefetch cpuid_fault epb invpcid_single pti ssbd ibrs ibpb stibp tpr_shadow vnmi flexpriority ept vpid ept_ad fsgsbase tsc_adjust bmi1 hle avx2 smep bmi2 erms invpcid rtm mpx rdseed adx smap clflushopt intel_pt xsaveopt xsavec xgetbv1 xsaves dtherm ida arat pln pts hwp hwp_notify hwp_act_window hwp_epp md_clear flush_l1d arch_capabilities
vmx flags	: vnmi preemption_timer invvpid ept_x_only ept_ad ept_1gb flexpriority tsc_offset vtpr mtf vapic ept vpid unrestricted_guest ple shadow_vmcs pml ept_mode_based_exec
bugs		: cpu_meltdown spectre_v1 spectre_v2 spec_store_bypass l1tf mds swapgs taa itlb_multihit srbds
bogomips	: 6799.81
clflush size	: 64
cache_alignment	: 64
address sizes	: 39 bits physical, 48 bits virtual
power management:

processor	: 3
vendor_id	: GenuineIntel
cpu family	: 6
model		: 158
model name	: Intel(R) Core(TM) i5-7500 CPU @ 3.40GHz
stepping	: 9
microcode	: 0xec
cpu MHz		: 2157.902
cache size	: 6144 KB
physical id	: 0
siblings	: 4
core id		: 3
cpu cores	: 4
apicid		: 6
initial apicid	: 6
fpu		: yes
fpu_exception	: yes
cpuid level	: 22
wp		: yes
flags		: fpu vme de pse tsc msr pae mce cx8 apic sep mtrr pge mca cmov pat pse36 clflush dts acpi mmx fxsr sse sse2 ss ht tm pbe syscall nx pdpe1gb rdtscp lm constant_tsc art arch_perfmon pebs bts rep_good nopl xtopology nonstop_tsc cpuid aperfmperf pni pclmulqdq dtes64 monitor ds_cpl vmx smx est tm2 ssse3 sdbg fma cx16 xtpr pdcm pcid sse4_1 sse4_2 x2apic movbe popcnt tsc_deadline_timer aes xsave avx f16c rdrand lahf_lm abm 3dnowprefetch cpuid_fault epb invpcid_single pti ssbd ibrs ibpb stibp tpr_shadow vnmi flexpriority ept vpid ept_ad fsgsbase tsc_adjust bmi1 hle avx2 smep bmi2 erms invpcid rtm mpx rdseed adx smap clflushopt intel_pt xsaveopt xsavec xgetbv1 xsaves dtherm ida arat pln pts hwp hwp_notify hwp_act_window hwp_epp md_clear flush_l1d arch_capabilities
vmx flags	: vnmi preemption_timer invvpid ept_x_only ept_ad ept_1gb flexpriority tsc_offset vtpr mtf vapic ept vpid unrestricted_guest ple shadow_vmcs pml ept_mode_based_exec
bugs		: cpu_meltdown spectre_v1 spectre_v2 spec_store_bypass l1tf mds swapgs taa itlb_multihit srbds
bogomips	: 6799.81
clflush size	: 64
cache_alignment	: 64
address sizes	: 39 bits physical, 48 bits virtual
power management:



Memory: 4k page, physical 8017192k(343600k free), swap 3999740k(3962048k free)

vm_info: Java HotSpot(TM) 64-Bit Server VM (25.331-b09) for linux-amd64 JRE (1.8.0_331-b09), built on Mar 10 2022 11:12:57 by "java_re" with gcc 7.3.0

time: Wed Jun  1 16:15:35 2022
timezone: IST
elapsed time: 0.176956 seconds (0d 0h 0m 0s)

