#
# A fatal error has been detected by the Java Runtime Environment:
#
#  SIGSEGV (0xb) at pc=0x00007fcddc01ae17, pid=33202, tid=0x00007fce01da2700
#
# JRE version: Java(TM) SE Runtime Environment (8.0_331-b09) (build 1.8.0_331-b09)
# Java VM: Java HotSpot(TM) 64-Bit Server VM (25.331-b09 mixed mode linux-amd64 compressed oops)
# Problematic frame:
# C  [libpj.so.2+0x19e17]  pj_list_insert_after+0x7
#
# Failed to write core dump. Core dumps have been disabled. To enable core dumping, try "ulimit -c unlimited" before starting Java again
#
# If you would like to submit a bug report, please visit:
#   http://bugreport.java.com/bugreport/crash.jsp
# The crash happened outside the Java Virtual Machine in native code.
# See problematic frame for where to report the bug.
#

---------------  T H R E A D  ---------------

Current thread (0x00007fcdfc00a800):  JavaThread "main" [_thread_in_native, id=33206, stack(0x00007fce01ca3000,0x00007fce01da3000)]

siginfo: si_signo: 11 (SIGSEGV), si_code: 1 (SEGV_MAPERR), si_addr: 0x0000000000000008

Registers:
RAX=0x00007fcdfc252e58, RBX=0x00007fce01da1730, RCX=0x00007fcdfc0008ee, RDX=0x0000000000000050
RSP=0x00007fce01da14c8, RBP=0x0000000000000000, RSI=0x00007fcdfc2433b8, RDI=0x0000000000000000
R8 =0x00007fcdfc252e58, R9 =0x0000000000000062, R10=0xfffffffffffff285, R11=0x00007fcddc01ae30
R12=0x00007fcdfc2433b8, R13=0x0000000000000000, R14=0x0000000000000000, R15=0x0000000000000000
RIP=0x00007fcddc01ae17, EFLAGS=0x0000000000010202, CSGSFS=0x002b000000000033, ERR=0x0000000000000004
  TRAPNO=0x000000000000000e

Top of Stack: (sp=0x00007fce01da14c8)
0x00007fce01da14c8:   00007fcdd6407942 00007fce01da1500
0x00007fce01da14d8:   00007fce028e0837 00007fcdd6446cd0
0x00007fce01da14e8:   00007fcdfc280ed8 00007fcdfc15ad90
0x00007fce01da14f8:   faf9c14027716b00 5f6c6c61435f494e
0x00007fce01da1508:   00007fcdfc2279d0 00007fcda4007060
0x00007fce01da1518:   0000000000000000 00007fcdecc685e0
0x00007fce01da1528:   00007fce01da18e8 00007fcdfc00a800
0x00007fce01da1538:   00007fcdec0cc6e3 2f6c6c6143617573
0x00007fce01da1548:   75736a702f637273 6f7250736e616542
0x00007fce01da1558:   6a702f737463656a 00315f64616f6c61
0x00007fce01da1568:   00325f64616f6c61 0000000000000000
0x00007fce01da1578:   0000000000000000 0000000000000000
0x00007fce01da1588:   0000000000000000 bfd3c6ef6cc094cb
0x00007fce01da1598:   0000000000000000 3ec718be416adb9b
0x00007fce01da15a8:   0000000000000000 3f5b2faeef4b9f00
0x00007fce01da15b8:   0000000000000000 3fd41b2faeef4b9f
0x00007fce01da15c8:   0000000000000000 3f59de9bca3ef199
0x00007fce01da15d8:   0000000000000000 00007fce01da16b0
0x00007fce01da15e8:   00007fce027ccf14 00007fce02df5700
0x00007fce01da15f8:   00007fcdfc12ce00 0000000000000039
0x00007fce01da1608:   00007fce026cd8ea 000000000152d2dd
0x00007fce01da1618:   00007fcd00000015 00007fcdecc685e8
0x00007fce01da1628:   00007fcdfc00a800 00007fcdecc685e8
0x00007fce01da1638:   00007fcdfc00a800 0000000000000002
0x00007fce01da1648:   800000000000000e 0000000000000000
0x00007fce01da1658:   0000000000000000 0000000000000000
0x00007fce01da1668:   0000000000000000 0000000000000000
0x00007fce01da1678:   0000000000000000 00007fce01da16a0
0x00007fce01da1688:   00007fcdfc009a90 00007fcdfc00a800
0x00007fce01da1698:   00007fce01da1770 00007fce01da1700
0x00007fce01da16a8:   00007fcdfc009a50 00007fce01da1740
0x00007fce01da16b8:   00007fce027ce014 00007fcdecc92438 

Instructions: (pc=0x00007fcddc01ae17)
0x00007fcddc01adf7:   8b a5 f8 fe ff ff e9 41 fe ff ff e8 19 4f ff ff
0x00007fcddc01ae07:   66 0f 1f 84 00 00 00 00 00 f3 0f 1e fa 48 89 3e
0x00007fcddc01ae17:   48 8b 47 08 48 89 46 08 48 89 30 48 89 77 08 c3
0x00007fcddc01ae27:   66 0f 1f 84 00 00 00 00 00 f3 0f 1e fa 48 8b 3f 

Register to memory mapping:

RAX=0x00007fcdfc252e58 is an unknown value
RBX=0x00007fce01da1730 is pointing into the stack for thread: 0x00007fcdfc00a800
RCX=0x00007fcdfc0008ee is an unknown value
RDX=0x0000000000000050 is an unknown value
RSP=0x00007fce01da14c8 is pointing into the stack for thread: 0x00007fcdfc00a800
RBP=0x0000000000000000 is an unknown value
RSI=0x00007fcdfc2433b8 is an unknown value
RDI=0x0000000000000000 is an unknown value
R8 =0x00007fcdfc252e58 is an unknown value
R9 =0x0000000000000062 is an unknown value
R10=0xfffffffffffff285 is an unknown value
R11=0x00007fcddc01ae30: pj_list_insert_before+0 in /usr/local/lib/libpj.so.2 at 0x00007fcddc001000
R12=0x00007fcdfc2433b8 is an unknown value
R13=0x0000000000000000 is an unknown value
R14=0x0000000000000000 is an unknown value
R15=0x0000000000000000 is an unknown value


Stack: [0x00007fce01ca3000,0x00007fce01da3000],  sp=0x00007fce01da14c8,  free space=1017k
Native frames: (J=compiled Java code, j=interpreted, Vv=VM code, C=native code)
C  [libpj.so.2+0x19e17]  pj_list_insert_after+0x7

Java frames: (J=compiled Java code, j=interpreted, Vv=VM code)
j  org.pjsip.pjsua2.pjsua2JNI.Call_answer(JLorg/pjsip/pjsua2/Call;JLorg/pjsip/pjsua2/CallOpParam;)V+0
j  org.pjsip.pjsua2.Call.answer(Lorg/pjsip/pjsua2/CallOpParam;)V+10
j  pjsuacall.PjsuaCall.main([Ljava/lang/String;)V+207
v  ~StubRoutines::call_stub

---------------  P R O C E S S  ---------------

Java Threads: ( => current thread )
  0x00007fcdfc0cb000 JavaThread "Service Thread" daemon [_thread_blocked, id=33218, stack(0x00007fcdd6c82000,0x00007fcdd6d83000)]
  0x00007fcdfc0c0000 JavaThread "C1 CompilerThread2" daemon [_thread_blocked, id=33217, stack(0x00007fcdd6d84000,0x00007fcdd6e84000)]
  0x00007fcdfc0be000 JavaThread "C2 CompilerThread1" daemon [_thread_blocked, id=33216, stack(0x00007fcdd6e85000,0x00007fcdd6f85000)]
  0x00007fcdfc0bb800 JavaThread "C2 CompilerThread0" daemon [_thread_blocked, id=33215, stack(0x00007fcdd6f86000,0x00007fcdd7086000)]
  0x00007fcdfc0b7800 JavaThread "Signal Dispatcher" daemon [_thread_blocked, id=33214, stack(0x00007fcdd7086000,0x00007fcdd7187000)]
  0x00007fcdfc087000 JavaThread "Finalizer" daemon [_thread_blocked, id=33213, stack(0x00007fcdd76f7000,0x00007fcdd77f8000)]
  0x00007fcdfc082800 JavaThread "Reference Handler" daemon [_thread_blocked, id=33212, stack(0x00007fcdd77f8000,0x00007fcdd78f9000)]
=>0x00007fcdfc00a800 JavaThread "main" [_thread_in_native, id=33206, stack(0x00007fce01ca3000,0x00007fce01da3000)]

Other Threads:
  0x00007fcdfc079000 VMThread [stack: 0x00007fcdd78fa000,0x00007fcdd79fa000] [id=33211]
  0x00007fcdfc0d0000 WatcherThread [stack: 0x00007fcdd6b82000,0x00007fcdd6c82000] [id=33219]

VM state:not at safepoint (normal execution)

VM Mutex/Monitor currently owned by a thread: None

heap address: 0x0000000085a00000, size: 1958 MB, Compressed Oops mode: 32-bit
Narrow klass base: 0x0000000000000000, Narrow klass shift: 3
Compressed class space size: 1073741824 Address: 0x0000000100000000

Heap:
 PSYoungGen      total 36864K, used 2209K [0x00000000d7380000, 0x00000000d9c80000, 0x0000000100000000)
  eden space 31744K, 6% used [0x00000000d7380000,0x00000000d75a85e0,0x00000000d9280000)
  from space 5120K, 0% used [0x00000000d9780000,0x00000000d9780000,0x00000000d9c80000)
  to   space 5120K, 0% used [0x00000000d9280000,0x00000000d9280000,0x00000000d9780000)
 ParOldGen       total 84992K, used 0K [0x0000000085a00000, 0x000000008ad00000, 0x00000000d7380000)
  object space 84992K, 0% used [0x0000000085a00000,0x0000000085a00000,0x000000008ad00000)
 Metaspace       used 3110K, capacity 5168K, committed 5376K, reserved 1056768K
  class space    used 277K, capacity 424K, committed 512K, reserved 1048576K

Card table byte_map: [0x00007fce00ea2000,0x00007fce01276000] byte_map_base: 0x00007fce00a75000

Marking Bits: (ParMarkBitMap*) 0x00007fce02ece220
 Begin Bits: [0x00007fcddc2d0000, 0x00007fcdde168000)
 End Bits:   [0x00007fcdde168000, 0x00007fcde0000000)

Polling page: 0x00007fce03367000

CodeCache: size=245760Kb used=1127Kb max_used=1127Kb free=244632Kb
 bounds [0x00007fcded000000, 0x00007fcded270000, 0x00007fcdfc000000]
 total_blobs=288 nmethods=31 adapters=172
 compilation: enabled

Compilation events (10 events):
Event: 0.144 Thread 0x00007fcdfc0c0000   25       1       java.net.URL::getProtocol (5 bytes)
Event: 0.145 Thread 0x00007fcdfc0c0000 nmethod 25 0x00007fcded1172d0 code [0x00007fcded117420, 0x00007fcded117530]
Event: 0.150 Thread 0x00007fcdfc0c0000   26       3       sun.nio.cs.UTF_8$Encoder::encode (359 bytes)
Event: 0.152 Thread 0x00007fcdfc0c0000 nmethod 26 0x00007fcded117590 code [0x00007fcded117780, 0x00007fcded118298]
Event: 0.152 Thread 0x00007fcdfc0c0000   27       3       java.lang.AbstractStringBuilder::newCapacity (39 bytes)
Event: 0.153 Thread 0x00007fcdfc0c0000 nmethod 27 0x00007fcded118910 code [0x00007fcded118aa0, 0x00007fcded118e88]
Event: 0.153 Thread 0x00007fcdfc0c0000   28       1       java.net.URL::getHost (5 bytes)
Event: 0.153 Thread 0x00007fcdfc0c0000 nmethod 28 0x00007fcded118fd0 code [0x00007fcded119120, 0x00007fcded119230]
Event: 0.154 Thread 0x00007fcdfc0c0000   29       1       java.net.URL::getPath (5 bytes)
Event: 0.154 Thread 0x00007fcdfc0c0000 nmethod 29 0x00007fcded119290 code [0x00007fcded1193e0, 0x00007fcded1194f0]

GC Heap History (0 events):
No events

Deoptimization events (0 events):
No events

Classes redefined (0 events):
No events

Internal exceptions (2 events):
Event: 0.018 Thread 0x00007fcdfc00a800 Exception <a 'java/lang/NoSuchMethodError': Method sun.misc.Unsafe.defineClass(Ljava/lang/String;[BII)Ljava/lang/Class; name or signature does not match> (0x00000000d7387cc0) thrown at [/scratch/jenkins/workspace/8-2-build-linux-amd64/jdk8u331/2416/hotspo
Event: 0.018 Thread 0x00007fcdfc00a800 Exception <a 'java/lang/NoSuchMethodError': Method sun.misc.Unsafe.prefetchRead(Ljava/lang/Object;J)V name or signature does not match> (0x00000000d7387fa8) thrown at [/scratch/jenkins/workspace/8-2-build-linux-amd64/jdk8u331/2416/hotspot/src/share/vm/pri

Events (10 events):
Event: 0.144 loading class org/pjsip/pjsua2/AccountSipConfig
Event: 0.144 loading class org/pjsip/pjsua2/AccountSipConfig done
Event: 0.145 loading class org/pjsip/pjsua2/AuthCredInfoVector
Event: 0.145 loading class org/pjsip/pjsua2/AuthCredInfoVector done
Event: 0.150 loading class org/pjsip/pjsua2/Account
Event: 0.150 loading class org/pjsip/pjsua2/Account done
Event: 0.152 loading class org/pjsip/pjsua2/Call
Event: 0.152 loading class org/pjsip/pjsua2/Call done
Event: 0.154 loading class org/pjsip/pjsua2/CallOpParam
Event: 0.154 loading class org/pjsip/pjsua2/CallOpParam done


Dynamic libraries:
85a00000-8ad00000 rw-p 00000000 00:00 0 
8ad00000-d7380000 ---p 00000000 00:00 0 
d7380000-d9c80000 rw-p 00000000 00:00 0 
d9c80000-100000000 ---p 00000000 00:00 0 
100000000-100080000 rw-p 00000000 00:00 0 
100080000-140000000 ---p 00000000 00:00 0 
55e100c00000-55e100c01000 r-xp 00000000 08:02 5248844                    /home/user/software/jdk1.8.0_331/bin/java
55e100e00000-55e100e01000 r--p 00000000 08:02 5248844                    /home/user/software/jdk1.8.0_331/bin/java
55e100e01000-55e100e02000 rw-p 00001000 08:02 5248844                    /home/user/software/jdk1.8.0_331/bin/java
55e100f70000-55e100f91000 rw-p 00000000 00:00 0                          [heap]
7fcd7c000000-7fcd7c021000 rw-p 00000000 00:00 0 
7fcd7c021000-7fcd80000000 ---p 00000000 00:00 0 
7fcd80000000-7fcd80021000 rw-p 00000000 00:00 0 
7fcd80021000-7fcd84000000 ---p 00000000 00:00 0 
7fcd84000000-7fcd88000000 rw-s 00000000 00:01 10253                      /memfd:pulseaudio (deleted)
7fcd88000000-7fcd8c000000 rw-s 00000000 00:01 1029                       /memfd:pulseaudio (deleted)
7fcd8c000000-7fcd90000000 rw-s 00000000 00:01 8334                       /memfd:pulseaudio (deleted)
7fcd90000000-7fcd90021000 rw-p 00000000 00:00 0 
7fcd90021000-7fcd94000000 ---p 00000000 00:00 0 
7fcd94000000-7fcd98000000 rw-s 00000000 00:01 8334                       /memfd:pulseaudio (deleted)
7fcd98000000-7fcd9c000000 rw-s 00000000 00:01 8333                       /memfd:pulseaudio (deleted)
7fcd9c000000-7fcda0000000 rw-s 00000000 00:01 1029                       /memfd:pulseaudio (deleted)
7fcda0000000-7fcda4000000 rw-s 00000000 00:01 8149                       /memfd:pulseaudio (deleted)
7fcda4000000-7fcda4021000 rw-p 00000000 00:00 0 
7fcda4021000-7fcda8000000 ---p 00000000 00:00 0 
7fcda9ffc000-7fcda9ffd000 ---p 00000000 00:00 0 
7fcda9ffd000-7fcdaa7fd000 rw-p 00000000 00:00 0 
7fcdaa7fd000-7fcdaa7fe000 ---p 00000000 00:00 0 
7fcdaa7fe000-7fcdaaffe000 rw-p 00000000 00:00 0 
7fcdaaffe000-7fcdaafff000 ---p 00000000 00:00 0 
7fcdaafff000-7fcdab7ff000 rw-p 00000000 00:00 0 
7fcdab7ff000-7fcdaf7ff000 rw-s 00000000 00:01 8149                       /memfd:pulseaudio (deleted)
7fcdaf7ff000-7fcdaf800000 ---p 00000000 00:00 0 
7fcdaf800000-7fcdb0000000 rw-p 00000000 00:00 0 
7fcdb0000000-7fcdb0021000 rw-p 00000000 00:00 0 
7fcdb0021000-7fcdb4000000 ---p 00000000 00:00 0 
7fcdb4000000-7fcdb4021000 rw-p 00000000 00:00 0 
7fcdb4021000-7fcdb8000000 ---p 00000000 00:00 0 
7fcdb8000000-7fcdb8021000 rw-p 00000000 00:00 0 
7fcdb8021000-7fcdbc000000 ---p 00000000 00:00 0 
7fcdbc000000-7fcdbc02e000 rw-p 00000000 00:00 0 
7fcdbc02e000-7fcdc0000000 ---p 00000000 00:00 0 
7fcdc0000000-7fcdc0021000 rw-p 00000000 00:00 0 
7fcdc0021000-7fcdc4000000 ---p 00000000 00:00 0 
7fcdc4000000-7fcdc4046000 rw-p 00000000 00:00 0 
7fcdc4046000-7fcdc8000000 ---p 00000000 00:00 0 
7fcdc8000000-7fcdc8021000 rw-p 00000000 00:00 0 
7fcdc8021000-7fcdcc000000 ---p 00000000 00:00 0 
7fcdcc000000-7fcdcc021000 rw-p 00000000 00:00 0 
7fcdcc021000-7fcdd0000000 ---p 00000000 00:00 0 
7fcdd0000000-7fcdd0021000 rw-p 00000000 00:00 0 
7fcdd0021000-7fcdd4000000 ---p 00000000 00:00 0 
7fcdd4155000-7fcdd4156000 ---p 00000000 00:00 0 
7fcdd4156000-7fcdd4956000 rw-p 00000000 00:00 0 
7fcdd4956000-7fcdd4976000 r--p 00000000 08:02 1449217                    /usr/lib/x86_64-linux-gnu/libdb-5.3.so
7fcdd4976000-7fcdd4ab8000 r-xp 00020000 08:02 1449217                    /usr/lib/x86_64-linux-gnu/libdb-5.3.so
7fcdd4ab8000-7fcdd4afd000 r--p 00162000 08:02 1449217                    /usr/lib/x86_64-linux-gnu/libdb-5.3.so
7fcdd4afd000-7fcdd4b04000 r--p 001a6000 08:02 1449217                    /usr/lib/x86_64-linux-gnu/libdb-5.3.so
7fcdd4b04000-7fcdd4b05000 rw-p 001ad000 08:02 1449217                    /usr/lib/x86_64-linux-gnu/libdb-5.3.so
7fcdd4b05000-7fcdd4b0b000 r--p 00000000 08:02 1442494                    /usr/lib/x86_64-linux-gnu/libjack.so.0.0.28
7fcdd4b0b000-7fcdd4b17000 r-xp 00006000 08:02 1442494                    /usr/lib/x86_64-linux-gnu/libjack.so.0.0.28
7fcdd4b17000-7fcdd4b1c000 r--p 00012000 08:02 1442494                    /usr/lib/x86_64-linux-gnu/libjack.so.0.0.28
7fcdd4b1c000-7fcdd4b1d000 r--p 00016000 08:02 1442494                    /usr/lib/x86_64-linux-gnu/libjack.so.0.0.28
7fcdd4b1d000-7fcdd4b1e000 rw-p 00017000 08:02 1442494                    /usr/lib/x86_64-linux-gnu/libjack.so.0.0.28
7fcdd4b1e000-7fcdd4b28000 rw-p 00000000 00:00 0 
7fcdd4b39000-7fcdd4b3b000 r--p 00000000 08:02 2097964                    /usr/lib/x86_64-linux-gnu/alsa-lib/libasound_module_ctl_pulse.so
7fcdd4b3b000-7fcdd4b3e000 r-xp 00002000 08:02 2097964                    /usr/lib/x86_64-linux-gnu/alsa-lib/libasound_module_ctl_pulse.so
7fcdd4b3e000-7fcdd4b3f000 r--p 00005000 08:02 2097964                    /usr/lib/x86_64-linux-gnu/alsa-lib/libasound_module_ctl_pulse.so
7fcdd4b3f000-7fcdd4b40000 r--p 00005000 08:02 2097964                    /usr/lib/x86_64-linux-gnu/alsa-lib/libasound_module_ctl_pulse.so
7fcdd4b40000-7fcdd4b41000 rw-p 00006000 08:02 2097964                    /usr/lib/x86_64-linux-gnu/alsa-lib/libasound_module_ctl_pulse.so
7fcdd4b41000-7fcdd4cac000 r-xp 00000000 08:02 1450125                    /usr/lib/x86_64-linux-gnu/libsamplerate.so.0.1.8
7fcdd4cac000-7fcdd4eab000 ---p 0016b000 08:02 1450125                    /usr/lib/x86_64-linux-gnu/libsamplerate.so.0.1.8
7fcdd4eab000-7fcdd4eac000 r--p 0016a000 08:02 1450125                    /usr/lib/x86_64-linux-gnu/libsamplerate.so.0.1.8
7fcdd4eac000-7fcdd4ead000 rw-p 0016b000 08:02 1450125                    /usr/lib/x86_64-linux-gnu/libsamplerate.so.0.1.8
7fcdd4eae000-7fcdd4eaf000 r--p 00000000 08:02 2097970                    /usr/lib/x86_64-linux-gnu/alsa-lib/libasound_module_pcm_vdownmix.so
7fcdd4eaf000-7fcdd4eb0000 r-xp 00001000 08:02 2097970                    /usr/lib/x86_64-linux-gnu/alsa-lib/libasound_module_pcm_vdownmix.so
7fcdd4eb0000-7fcdd4eb1000 r--p 00002000 08:02 2097970                    /usr/lib/x86_64-linux-gnu/alsa-lib/libasound_module_pcm_vdownmix.so
7fcdd4eb1000-7fcdd4eb2000 r--p 00002000 08:02 2097970                    /usr/lib/x86_64-linux-gnu/alsa-lib/libasound_module_pcm_vdownmix.so
7fcdd4eb2000-7fcdd4eb3000 rw-p 00003000 08:02 2097970                    /usr/lib/x86_64-linux-gnu/alsa-lib/libasound_module_pcm_vdownmix.so
7fcdd4eb3000-7fcdd4eb4000 r--p 00000000 08:02 2097968                    /usr/lib/x86_64-linux-gnu/alsa-lib/libasound_module_pcm_upmix.so
7fcdd4eb4000-7fcdd4eb6000 r-xp 00001000 08:02 2097968                    /usr/lib/x86_64-linux-gnu/alsa-lib/libasound_module_pcm_upmix.so
7fcdd4eb6000-7fcdd4eb7000 r--p 00003000 08:02 2097968                    /usr/lib/x86_64-linux-gnu/alsa-lib/libasound_module_pcm_upmix.so
7fcdd4eb7000-7fcdd4eb8000 r--p 00003000 08:02 2097968                    /usr/lib/x86_64-linux-gnu/alsa-lib/libasound_module_pcm_upmix.so
7fcdd4eb8000-7fcdd4eb9000 rw-p 00004000 08:02 2097968                    /usr/lib/x86_64-linux-gnu/alsa-lib/libasound_module_pcm_upmix.so
7fcdd4eb9000-7fcdd4eba000 r--p 00000000 08:02 2097966                    /usr/lib/x86_64-linux-gnu/alsa-lib/libasound_module_pcm_oss.so
7fcdd4eba000-7fcdd4ebc000 r-xp 00001000 08:02 2097966                    /usr/lib/x86_64-linux-gnu/alsa-lib/libasound_module_pcm_oss.so
7fcdd4ebc000-7fcdd4ebd000 r--p 00003000 08:02 2097966                    /usr/lib/x86_64-linux-gnu/alsa-lib/libasound_module_pcm_oss.so
7fcdd4ebd000-7fcdd4ebe000 r--p 00003000 08:02 2097966                    /usr/lib/x86_64-linux-gnu/alsa-lib/libasound_module_pcm_oss.so
7fcdd4ebe000-7fcdd4ebf000 rw-p 00004000 08:02 2097966                    /usr/lib/x86_64-linux-gnu/alsa-lib/libasound_module_pcm_oss.so
7fcdd4ebf000-7fcdd4ec1000 r--p 00000000 08:02 2097965                    /usr/lib/x86_64-linux-gnu/alsa-lib/libasound_module_pcm_jack.so
7fcdd4ec1000-7fcdd4ec3000 r-xp 00002000 08:02 2097965                    /usr/lib/x86_64-linux-gnu/alsa-lib/libasound_module_pcm_jack.so
7fcdd4ec3000-7fcdd4ec4000 r--p 00004000 08:02 2097965                    /usr/lib/x86_64-linux-gnu/alsa-lib/libasound_module_pcm_jack.so
7fcdd4ec4000-7fcdd4ec5000 r--p 00004000 08:02 2097965                    /usr/lib/x86_64-linux-gnu/alsa-lib/libasound_module_pcm_jack.so
7fcdd4ec5000-7fcdd4ec6000 rw-p 00005000 08:02 2097965                    /usr/lib/x86_64-linux-gnu/alsa-lib/libasound_module_pcm_jack.so
7fcdd4ec6000-7fcdd4ec7000 ---p 00000000 00:00 0 
7fcdd4ec7000-7fcdd56c7000 rw-p 00000000 00:00 0 
7fcdd56c7000-7fcdd56cb000 r--p 00000000 08:02 1449497                    /usr/lib/x86_64-linux-gnu/libgpg-error.so.0.28.0
7fcdd56cb000-7fcdd56de000 r-xp 00004000 08:02 1449497                    /usr/lib/x86_64-linux-gnu/libgpg-error.so.0.28.0
7fcdd56de000-7fcdd56e8000 r--p 00017000 08:02 1449497                    /usr/lib/x86_64-linux-gnu/libgpg-error.so.0.28.0
7fcdd56e8000-7fcdd56e9000 r--p 00020000 08:02 1449497                    /usr/lib/x86_64-linux-gnu/libgpg-error.so.0.28.0
7fcdd56e9000-7fcdd56ea000 rw-p 00021000 08:02 1449497                    /usr/lib/x86_64-linux-gnu/libgpg-error.so.0.28.0
7fcdd56ea000-7fcdd56ee000 r--p 00000000 08:02 1449109                    /usr/lib/x86_64-linux-gnu/libbsd.so.0.10.0
7fcdd56ee000-7fcdd56fd000 r-xp 00004000 08:02 1449109                    /usr/lib/x86_64-linux-gnu/libbsd.so.0.10.0
7fcdd56fd000-7fcdd5700000 r--p 00013000 08:02 1449109                    /usr/lib/x86_64-linux-gnu/libbsd.so.0.10.0
7fcdd5700000-7fcdd5701000 ---p 00016000 08:02 1449109                    /usr/lib/x86_64-linux-gnu/libbsd.so.0.10.0
7fcdd5701000-7fcdd5702000 r--p 00016000 08:02 1449109                    /usr/lib/x86_64-linux-gnu/libbsd.so.0.10.0
7fcdd5702000-7fcdd5703000 rw-p 00017000 08:02 1449109                    /usr/lib/x86_64-linux-gnu/libbsd.so.0.10.0
7fcdd5703000-7fcdd5704000 rw-p 00000000 00:00 0 
7fcdd5704000-7fcdd5708000 r--p 00000000 08:02 1445806                    /usr/lib/x86_64-linux-gnu/libresolv-2.31.so
7fcdd5708000-7fcdd5718000 r-xp 00004000 08:02 1445806                    /usr/lib/x86_64-linux-gnu/libresolv-2.31.so
7fcdd5718000-7fcdd571c000 r--p 00014000 08:02 1445806                    /usr/lib/x86_64-linux-gnu/libresolv-2.31.so
7fcdd571c000-7fcdd571d000 r--p 00017000 08:02 1445806                    /usr/lib/x86_64-linux-gnu/libresolv-2.31.so
7fcdd571d000-7fcdd571e000 rw-p 00018000 08:02 1445806                    /usr/lib/x86_64-linux-gnu/libresolv-2.31.so
7fcdd571e000-7fcdd5720000 rw-p 00000000 00:00 0 
7fcdd5720000-7fcdd5734000 r--p 00000000 08:02 1450341                    /usr/lib/x86_64-linux-gnu/libvorbisenc.so.2.0.11
7fcdd5734000-7fcdd5737000 r-xp 00014000 08:02 1450341                    /usr/lib/x86_64-linux-gnu/libvorbisenc.so.2.0.11
7fcdd5737000-7fcdd57ae000 r--p 00017000 08:02 1450341                    /usr/lib/x86_64-linux-gnu/libvorbisenc.so.2.0.11
7fcdd57ae000-7fcdd57ca000 r--p 0008d000 08:02 1450341                    /usr/lib/x86_64-linux-gnu/libvorbisenc.so.2.0.11
7fcdd57ca000-7fcdd57cb000 rw-p 000a9000 08:02 1450341                    /usr/lib/x86_64-linux-gnu/libvorbisenc.so.2.0.11
7fcdd57cb000-7fcdd57ce000 r--p 00000000 08:02 1450339                    /usr/lib/x86_64-linux-gnu/libvorbis.so.0.4.8
7fcdd57ce000-7fcdd57e5000 r-xp 00003000 08:02 1450339                    /usr/lib/x86_64-linux-gnu/libvorbis.so.0.4.8
7fcdd57e5000-7fcdd57f6000 r--p 0001a000 08:02 1450339                    /usr/lib/x86_64-linux-gnu/libvorbis.so.0.4.8
7fcdd57f6000-7fcdd57f7000 ---p 0002b000 08:02 1450339                    /usr/lib/x86_64-linux-gnu/libvorbis.so.0.4.8
7fcdd57f7000-7fcdd57f8000 r--p 0002b000 08:02 1450339                    /usr/lib/x86_64-linux-gnu/libvorbis.so.0.4.8
7fcdd57f8000-7fcdd57f9000 rw-p 0002c000 08:02 1450339                    /usr/lib/x86_64-linux-gnu/libvorbis.so.0.4.8
7fcdd57f9000-7fcdd57fb000 r--p 00000000 08:02 1449917                    /usr/lib/x86_64-linux-gnu/libogg.so.0.8.4
7fcdd57fb000-7fcdd5800000 r-xp 00002000 08:02 1449917                    /usr/lib/x86_64-linux-gnu/libogg.so.0.8.4
7fcdd5800000-7fcdd5803000 r--p 00007000 08:02 1449917                    /usr/lib/x86_64-linux-gnu/libogg.so.0.8.4
7fcdd5803000-7fcdd5804000 ---p 0000a000 08:02 1449917                    /usr/lib/x86_64-linux-gnu/libogg.so.0.8.4
7fcdd5804000-7fcdd5805000 r--p 0000a000 08:02 1449917                    /usr/lib/x86_64-linux-gnu/libogg.so.0.8.4
7fcdd5805000-7fcdd5806000 rw-p 0000b000 08:02 1449917                    /usr/lib/x86_64-linux-gnu/libogg.so.0.8.4
7fcdd5806000-7fcdd580e000 r--p 00000000 08:02 1448904                    /usr/lib/x86_64-linux-gnu/libFLAC.so.8.3.0
7fcdd580e000-7fcdd5837000 r-xp 00008000 08:02 1448904                    /usr/lib/x86_64-linux-gnu/libFLAC.so.8.3.0
7fcdd5837000-7fcdd5841000 r--p 00031000 08:02 1448904                    /usr/lib/x86_64-linux-gnu/libFLAC.so.8.3.0
7fcdd5841000-7fcdd5842000 ---p 0003b000 08:02 1448904                    /usr/lib/x86_64-linux-gnu/libFLAC.so.8.3.0
7fcdd5842000-7fcdd5843000 r--p 0003b000 08:02 1448904                    /usr/lib/x86_64-linux-gnu/libFLAC.so.8.3.0
7fcdd5843000-7fcdd5844000 rw-p 0003c000 08:02 1448904                    /usr/lib/x86_64-linux-gnu/libFLAC.so.8.3.0
7fcdd5844000-7fcdd5848000 r--p 00000000 08:02 1445797                    /usr/lib/x86_64-linux-gnu/libnsl-2.31.so
7fcdd5848000-7fcdd5858000 r-xp 00004000 08:02 1445797                    /usr/lib/x86_64-linux-gnu/libnsl-2.31.so
7fcdd5858000-7fcdd585d000 r--p 00014000 08:02 1445797                    /usr/lib/x86_64-linux-gnu/libnsl-2.31.so
7fcdd585d000-7fcdd585e000 r--p 00018000 08:02 1445797                    /usr/lib/x86_64-linux-gnu/libnsl-2.31.so
7fcdd585e000-7fcdd585f000 rw-p 00019000 08:02 1445797                    /usr/lib/x86_64-linux-gnu/libnsl-2.31.so
7fcdd585f000-7fcdd5861000 rw-p 00000000 00:00 0 
7fcdd5861000-7fcdd586d000 r--p 00000000 08:02 1447651                    /usr/lib/x86_64-linux-gnu/libgcrypt.so.20.2.5
7fcdd586d000-7fcdd593b000 r-xp 0000c000 08:02 1447651                    /usr/lib/x86_64-linux-gnu/libgcrypt.so.20.2.5
7fcdd593b000-7fcdd5978000 r--p 000da000 08:02 1447651                    /usr/lib/x86_64-linux-gnu/libgcrypt.so.20.2.5
7fcdd5978000-7fcdd597a000 r--p 00116000 08:02 1447651                    /usr/lib/x86_64-linux-gnu/libgcrypt.so.20.2.5
7fcdd597a000-7fcdd597f000 rw-p 00118000 08:02 1447651                    /usr/lib/x86_64-linux-gnu/libgcrypt.so.20.2.5
7fcdd597f000-7fcdd5981000 r--p 00000000 08:02 1449762                    /usr/lib/x86_64-linux-gnu/liblz4.so.1.9.2
7fcdd5981000-7fcdd599b000 r-xp 00002000 08:02 1449762                    /usr/lib/x86_64-linux-gnu/liblz4.so.1.9.2
7fcdd599b000-7fcdd599e000 r--p 0001c000 08:02 1449762                    /usr/lib/x86_64-linux-gnu/liblz4.so.1.9.2
7fcdd599e000-7fcdd599f000 r--p 0001e000 08:02 1449762                    /usr/lib/x86_64-linux-gnu/liblz4.so.1.9.2
7fcdd599f000-7fcdd59a0000 rw-p 0001f000 08:02 1449762                    /usr/lib/x86_64-linux-gnu/liblz4.so.1.9.2
7fcdd59a0000-7fcdd59a3000 r--p 00000000 08:02 1443497                    /usr/lib/x86_64-linux-gnu/liblzma.so.5.2.4
7fcdd59a3000-7fcdd59bb000 r-xp 00003000 08:02 1443497                    /usr/lib/x86_64-linux-gnu/liblzma.so.5.2.4
7fcdd59bb000-7fcdd59c6000 r--p 0001b000 08:02 1443497                    /usr/lib/x86_64-linux-gnu/liblzma.so.5.2.4
7fcdd59c6000-7fcdd59c7000 ---p 00026000 08:02 1443497                    /usr/lib/x86_64-linux-gnu/liblzma.so.5.2.4
7fcdd59c7000-7fcdd59c8000 r--p 00026000 08:02 1443497                    /usr/lib/x86_64-linux-gnu/liblzma.so.5.2.4
7fcdd59c8000-7fcdd59c9000 rw-p 00027000 08:02 1443497                    /usr/lib/x86_64-linux-gnu/liblzma.so.5.2.4
7fcdd59c9000-7fcdd59cb000 r--p 00000000 08:02 1448951                    /usr/lib/x86_64-linux-gnu/libXdmcp.so.6.0.0
7fcdd59cb000-7fcdd59cd000 r-xp 00002000 08:02 1448951                    /usr/lib/x86_64-linux-gnu/libXdmcp.so.6.0.0
7fcdd59cd000-7fcdd59cf000 r--p 00004000 08:02 1448951                    /usr/lib/x86_64-linux-gnu/libXdmcp.so.6.0.0
7fcdd59cf000-7fcdd59d0000 r--p 00005000 08:02 1448951                    /usr/lib/x86_64-linux-gnu/libXdmcp.so.6.0.0
7fcdd59d0000-7fcdd59d1000 rw-p 00006000 08:02 1448951                    /usr/lib/x86_64-linux-gnu/libXdmcp.so.6.0.0
7fcdd59d1000-7fcdd59d4000 r--p 00000000 08:02 1449007                    /usr/lib/x86_64-linux-gnu/libapparmor.so.1.6.1
7fcdd59d4000-7fcdd59dd000 r-xp 00003000 08:02 1449007                    /usr/lib/x86_64-linux-gnu/libapparmor.so.1.6.1
7fcdd59dd000-7fcdd59e4000 r--p 0000c000 08:02 1449007                    /usr/lib/x86_64-linux-gnu/libapparmor.so.1.6.1
7fcdd59e4000-7fcdd59e5000 r--p 00012000 08:02 1449007                    /usr/lib/x86_64-linux-gnu/libapparmor.so.1.6.1
7fcdd59e5000-7fcdd59e6000 rw-p 00013000 08:02 1449007                    /usr/lib/x86_64-linux-gnu/libapparmor.so.1.6.1
7fcdd59e6000-7fcdd59eb000 r-xp 00000000 08:02 1449028                    /usr/lib/x86_64-linux-gnu/libasyncns.so.0.3.1
7fcdd59eb000-7fcdd5bea000 ---p 00005000 08:02 1449028                    /usr/lib/x86_64-linux-gnu/libasyncns.so.0.3.1
7fcdd5bea000-7fcdd5beb000 r--p 00004000 08:02 1449028                    /usr/lib/x86_64-linux-gnu/libasyncns.so.0.3.1
7fcdd5beb000-7fcdd5bec000 rw-p 00005000 08:02 1449028                    /usr/lib/x86_64-linux-gnu/libasyncns.so.0.3.1
7fcdd5bec000-7fcdd5bf3000 r--p 00000000 08:02 1450170                    /usr/lib/x86_64-linux-gnu/libsndfile.so.1.0.28
7fcdd5bf3000-7fcdd5c46000 r-xp 00007000 08:02 1450170                    /usr/lib/x86_64-linux-gnu/libsndfile.so.1.0.28
7fcdd5c46000-7fcdd5c63000 r--p 0005a000 08:02 1450170                    /usr/lib/x86_64-linux-gnu/libsndfile.so.1.0.28
7fcdd5c63000-7fcdd5c64000 ---p 00077000 08:02 1450170                    /usr/lib/x86_64-linux-gnu/libsndfile.so.1.0.28
7fcdd5c64000-7fcdd5c67000 r--p 00077000 08:02 1450170                    /usr/lib/x86_64-linux-gnu/libsndfile.so.1.0.28
7fcdd5c67000-7fcdd5c68000 rw-p 0007a000 08:02 1450170                    /usr/lib/x86_64-linux-gnu/libsndfile.so.1.0.28
7fcdd5c68000-7fcdd5c6a000 rw-p 00000000 00:00 0 
7fcdd5c6a000-7fcdd5c7a000 r--p 00000000 08:02 1446018                    /usr/lib/x86_64-linux-gnu/libsystemd.so.0.28.0
7fcdd5c7a000-7fcdd5cef000 r-xp 00010000 08:02 1446018                    /usr/lib/x86_64-linux-gnu/libsystemd.so.0.28.0
7fcdd5cef000-7fcdd5d14000 r--p 00085000 08:02 1446018                    /usr/lib/x86_64-linux-gnu/libsystemd.so.0.28.0
7fcdd5d14000-7fcdd5d17000 r--p 000a9000 08:02 1446018                    /usr/lib/x86_64-linux-gnu/libsystemd.so.0.28.0
7fcdd5d17000-7fcdd5d18000 rw-p 000ac000 08:02 1446018                    /usr/lib/x86_64-linux-gnu/libsystemd.so.0.28.0
7fcdd5d18000-7fcdd5d19000 rw-p 00000000 00:00 0 
7fcdd5d19000-7fcdd5d24000 r--p 00000000 08:02 1450442                    /usr/lib/x86_64-linux-gnu/libxcb.so.1.1.0
7fcdd5d24000-7fcdd5d38000 r-xp 0000b000 08:02 1450442                    /usr/lib/x86_64-linux-gnu/libxcb.so.1.1.0
7fcdd5d38000-7fcdd5d41000 r--p 0001f000 08:02 1450442                    /usr/lib/x86_64-linux-gnu/libxcb.so.1.1.0
7fcdd5d41000-7fcdd5d42000 r--p 00027000 08:02 1450442                    /usr/lib/x86_64-linux-gnu/libxcb.so.1.1.0
7fcdd5d42000-7fcdd5d43000 rw-p 00028000 08:02 1450442                    /usr/lib/x86_64-linux-gnu/libxcb.so.1.1.0
7fcdd5d43000-7fcdd5d4e000 r--p 00000000 08:02 1442000                    /usr/lib/x86_64-linux-gnu/libdbus-1.so.3.19.11
7fcdd5d4e000-7fcdd5d7c000 r-xp 0000b000 08:02 1442000                    /usr/lib/x86_64-linux-gnu/libdbus-1.so.3.19.11
7fcdd5d7c000-7fcdd5d91000 r--p 00039000 08:02 1442000                    /usr/lib/x86_64-linux-gnu/libdbus-1.so.3.19.11
7fcdd5d91000-7fcdd5d92000 ---p 0004e000 08:02 1442000                    /usr/lib/x86_64-linux-gnu/libdbus-1.so.3.19.11
7fcdd5d92000-7fcdd5d93000 r--p 0004e000 08:02 1442000                    /usr/lib/x86_64-linux-gnu/libdbus-1.so.3.19.11
7fcdd5d93000-7fcdd5d94000 rw-p 0004f000 08:02 1442000                    /usr/lib/x86_64-linux-gnu/libdbus-1.so.3.19.11
7fcdd5d94000-7fcdd5da5000 r--p 00000000 08:02 2097637                    /usr/lib/x86_64-linux-gnu/pulseaudio/libpulsecommon-13.99.so
7fcdd5da5000-7fcdd5ded000 r-xp 00011000 08:02 2097637                    /usr/lib/x86_64-linux-gnu/pulseaudio/libpulsecommon-13.99.so
7fcdd5ded000-7fcdd5e12000 r--p 00059000 08:02 2097637                    /usr/lib/x86_64-linux-gnu/pulseaudio/libpulsecommon-13.99.so
7fcdd5e12000-7fcdd5e13000 ---p 0007e000 08:02 2097637                    /usr/lib/x86_64-linux-gnu/pulseaudio/libpulsecommon-13.99.so
7fcdd5e13000-7fcdd5e15000 r--p 0007e000 08:02 2097637                    /usr/lib/x86_64-linux-gnu/pulseaudio/libpulsecommon-13.99.so
7fcdd5e15000-7fcdd5e16000 rw-p 00080000 08:02 2097637                    /usr/lib/x86_64-linux-gnu/pulseaudio/libpulsecommon-13.99.so
7fcdd5e16000-7fcdd5e22000 r--p 00000000 08:02 1442666                    /usr/lib/x86_64-linux-gnu/libpulse.so.0.21.2
7fcdd5e22000-7fcdd5e52000 r-xp 0000c000 08:02 1442666                    /usr/lib/x86_64-linux-gnu/libpulse.so.0.21.2
7fcdd5e52000-7fcdd5e68000 r--p 0003c000 08:02 1442666                    /usr/lib/x86_64-linux-gnu/libpulse.so.0.21.2
7fcdd5e68000-7fcdd5e6a000 r--p 00051000 08:02 1442666                    /usr/lib/x86_64-linux-gnu/libpulse.so.0.21.2
7fcdd5e6a000-7fcdd5e6b000 rw-p 00053000 08:02 1442666                    /usr/lib/x86_64-linux-gnu/libpulse.so.0.21.2
7fcdd5e6d000-7fcdd5e6e000 r--p 00000000 08:02 2097976                    /usr/lib/x86_64-linux-gnu/alsa-lib/libasound_module_rate_speexrate.so
7fcdd5e6e000-7fcdd5e71000 r-xp 00001000 08:02 2097976                    /usr/lib/x86_64-linux-gnu/alsa-lib/libasound_module_rate_speexrate.so
7fcdd5e71000-7fcdd5e72000 r--p 00004000 08:02 2097976                    /usr/lib/x86_64-linux-gnu/alsa-lib/libasound_module_rate_speexrate.so
7fcdd5e72000-7fcdd5e73000 r--p 00004000 08:02 2097976                    /usr/lib/x86_64-linux-gnu/alsa-lib/libasound_module_rate_speexrate.so
7fcdd5e73000-7fcdd5e74000 rw-p 00005000 08:02 2097976                    /usr/lib/x86_64-linux-gnu/alsa-lib/libasound_module_rate_speexrate.so
7fcdd5e74000-7fcdd5e76000 r--p 00000000 08:02 2097967                    /usr/lib/x86_64-linux-gnu/alsa-lib/libasound_module_pcm_pulse.so
7fcdd5e76000-7fcdd5e79000 r-xp 00002000 08:02 2097967                    /usr/lib/x86_64-linux-gnu/alsa-lib/libasound_module_pcm_pulse.so
7fcdd5e79000-7fcdd5e7a000 r--p 00005000 08:02 2097967                    /usr/lib/x86_64-linux-gnu/alsa-lib/libasound_module_pcm_pulse.so
7fcdd5e7a000-7fcdd5e7b000 ---p 00006000 08:02 2097967                    /usr/lib/x86_64-linux-gnu/alsa-lib/libasound_module_pcm_pulse.so
7fcdd5e7b000-7fcdd5e7c000 r--p 00006000 08:02 2097967                    /usr/lib/x86_64-linux-gnu/alsa-lib/libasound_module_pcm_pulse.so
7fcdd5e7c000-7fcdd5e7d000 rw-p 00007000 08:02 2097967                    /usr/lib/x86_64-linux-gnu/alsa-lib/libasound_module_pcm_pulse.so
7fcdd5e7d000-7fcdd5e84000 r--s 00000000 08:02 2102563                    /usr/lib/x86_64-linux-gnu/gconv/gconv-modules.cache
7fcdd5e84000-7fcdd5e86000 r--p 00000000 08:02 2234013                    /usr/local/lib/libilbccodec.so.2
7fcdd5e86000-7fcdd5e90000 r-xp 00002000 08:02 2234013                    /usr/local/lib/libilbccodec.so.2
7fcdd5e90000-7fcdd5e92000 r--p 0000c000 08:02 2234013                    /usr/local/lib/libilbccodec.so.2
7fcdd5e92000-7fcdd5e93000 r--p 0000d000 08:02 2234013                    /usr/local/lib/libilbccodec.so.2
7fcdd5e93000-7fcdd5e95000 rw-p 0000e000 08:02 2234013                    /usr/local/lib/libilbccodec.so.2
7fcdd5e95000-7fcdd5e96000 r--p 00000000 08:02 2234009                    /usr/local/lib/libgsmcodec.so.2
7fcdd5e96000-7fcdd5e9e000 r-xp 00001000 08:02 2234009                    /usr/local/lib/libgsmcodec.so.2
7fcdd5e9e000-7fcdd5e9f000 r--p 00009000 08:02 2234009                    /usr/local/lib/libgsmcodec.so.2
7fcdd5e9f000-7fcdd5ea0000 r--p 00009000 08:02 2234009                    /usr/local/lib/libgsmcodec.so.2
7fcdd5ea0000-7fcdd5ea1000 rw-p 0000a000 08:02 2234009                    /usr/local/lib/libgsmcodec.so.2
7fcdd5ea1000-7fcdd5ecb000 r--p 00000000 08:02 1442673                    /usr/lib/x86_64-linux-gnu/libasound.so.2.0.0
7fcdd5ecb000-7fcdd5f5a000 r-xp 0002a000 08:02 1442673                    /usr/lib/x86_64-linux-gnu/libasound.so.2.0.0
7fcdd5f5a000-7fcdd5f94000 r--p 000b9000 08:02 1442673                    /usr/lib/x86_64-linux-gnu/libasound.so.2.0.0
7fcdd5f94000-7fcdd5f9b000 r--p 000f2000 08:02 1442673                    /usr/lib/x86_64-linux-gnu/libasound.so.2.0.0
7fcdd5f9b000-7fcdd5f9c000 rw-p 000f9000 08:02 1442673                    /usr/lib/x86_64-linux-gnu/libasound.so.2.0.0
7fcdd5f9c000-7fcdd5fb8000 r--p 00000000 08:02 1444253                    /usr/lib/x86_64-linux-gnu/libssl.so.1.1
7fcdd5fb8000-7fcdd6007000 r-xp 0001c000 08:02 1444253                    /usr/lib/x86_64-linux-gnu/libssl.so.1.1
7fcdd6007000-7fcdd6021000 r--p 0006b000 08:02 1444253                    /usr/lib/x86_64-linux-gnu/libssl.so.1.1
7fcdd6021000-7fcdd6022000 ---p 00085000 08:02 1444253                    /usr/lib/x86_64-linux-gnu/libssl.so.1.1
7fcdd6022000-7fcdd602b000 r--p 00085000 08:02 1444253                    /usr/lib/x86_64-linux-gnu/libssl.so.1.1
7fcdd602b000-7fcdd602f000 rw-p 0008e000 08:02 1444253                    /usr/lib/x86_64-linux-gnu/libssl.so.1.1
7fcdd602f000-7fcdd6035000 r--p 00000000 08:02 2234019                    /usr/local/lib/libwebrtc.so.2
7fcdd6035000-7fcdd604e000 r-xp 00006000 08:02 2234019                    /usr/local/lib/libwebrtc.so.2
7fcdd604e000-7fcdd6056000 r--p 0001f000 08:02 2234019                    /usr/local/lib/libwebrtc.so.2
7fcdd6056000-7fcdd6057000 r--p 00026000 08:02 2234019                    /usr/local/lib/libwebrtc.so.2
7fcdd6057000-7fcdd6058000 rw-p 00027000 08:02 2234019                    /usr/local/lib/libwebrtc.so.2
7fcdd6058000-7fcdd605e000 r--p 00000000 08:02 2234011                    /usr/local/lib/libspeex.so.2
7fcdd605e000-7fcdd607c000 r-xp 00006000 08:02 2234011                    /usr/local/lib/libspeex.so.2
7fcdd607c000-7fcdd6084000 r--p 00024000 08:02 2234011                    /usr/local/lib/libspeex.so.2
7fcdd6084000-7fcdd6085000 ---p 0002c000 08:02 2234011                    /usr/local/lib/libspeex.so.2
7fcdd6085000-7fcdd6086000 r--p 0002c000 08:02 2234011                    /usr/local/lib/libspeex.so.2
7fcdd6086000-7fcdd6087000 rw-p 0002d000 08:02 2234011                    /usr/local/lib/libspeex.so.2
7fcdd6087000-7fcdd6088000 r--p 00000000 08:02 2234007                    /usr/local/lib/libresample.so.2
7fcdd6088000-7fcdd6089000 r-xp 00001000 08:02 2234007                    /usr/local/lib/libresample.so.2
7fcdd6089000-7fcdd6094000 r--p 00002000 08:02 2234007                    /usr/local/lib/libresample.so.2
7fcdd6094000-7fcdd6095000 r--p 0000c000 08:02 2234007                    /usr/local/lib/libresample.so.2
7fcdd6095000-7fcdd6096000 rw-p 0000d000 08:02 2234007                    /usr/local/lib/libresample.so.2
7fcdd6096000-7fcdd609b000 r--p 00000000 08:02 2234005                    /usr/local/lib/libsrtp.so.2
7fcdd609b000-7fcdd60a6000 r-xp 00005000 08:02 2234005                    /usr/local/lib/libsrtp.so.2
7fcdd60a6000-7fcdd60aa000 r--p 00010000 08:02 2234005                    /usr/local/lib/libsrtp.so.2
7fcdd60aa000-7fcdd60ab000 r--p 00013000 08:02 2234005                    /usr/local/lib/libsrtp.so.2
7fcdd60ab000-7fcdd60ac000 rw-p 00014000 08:02 2234005                    /usr/local/lib/libsrtp.so.2
7fcdd60ac000-7fcdd6124000 r--p 00000000 08:02 1442325                    /usr/lib/x86_64-linux-gnu/libcrypto.so.1.1
7fcdd6124000-7fcdd62bf000 r-xp 00078000 08:02 1442325                    /usr/lib/x86_64-linux-gnu/libcrypto.so.1.1
7fcdd62bf000-7fcdd6350000 r--p 00213000 08:02 1442325                    /usr/lib/x86_64-linux-gnu/libcrypto.so.1.1
7fcdd6350000-7fcdd637c000 r--p 002a3000 08:02 1442325                    /usr/lib/x86_64-linux-gnu/libcrypto.so.1.1
7fcdd637c000-7fcdd637e000 rw-p 002cf000 08:02 1442325                    /usr/lib/x86_64-linux-gnu/libcrypto.so.1.1
7fcdd637e000-7fcdd6382000 rw-p 00000000 00:00 0 
7fcdd6382000-7fcdd638a000 r--p 00000000 08:02 2234039                    /usr/local/lib/libpjnath.so.2
7fcdd638a000-7fcdd63a8000 r-xp 00008000 08:02 2234039                    /usr/local/lib/libpjnath.so.2
7fcdd63a8000-7fcdd63b4000 r--p 00026000 08:02 2234039                    /usr/local/lib/libpjnath.so.2
7fcdd63b4000-7fcdd63b5000 r--p 00031000 08:02 2234039                    /usr/local/lib/libpjnath.so.2
7fcdd63b5000-7fcdd63b7000 rw-p 00032000 08:02 2234039                    /usr/local/lib/libpjnath.so.2
7fcdd63b7000-7fcdd63ba000 r--p 00000000 08:02 2234031                    /usr/local/lib/libpjmedia-codec.so.2
7fcdd63ba000-7fcdd63c2000 r-xp 00003000 08:02 2234031                    /usr/local/lib/libpjmedia-codec.so.2
7fcdd63c2000-7fcdd63c5000 r--p 0000b000 08:02 2234031                    /usr/local/lib/libpjmedia-codec.so.2
7fcdd63c5000-7fcdd63c6000 r--p 0000d000 08:02 2234031                    /usr/local/lib/libpjmedia-codec.so.2
7fcdd63c6000-7fcdd63c7000 rw-p 0000e000 08:02 2234031                    /usr/local/lib/libpjmedia-codec.so.2
7fcdd63c7000-7fcdd63cd000 r--p 00000000 08:02 2234025                    /usr/local/lib/libpjsip-ua.so.2
7fcdd63cd000-7fcdd63df000 r-xp 00006000 08:02 2234025                    /usr/local/lib/libpjsip-ua.so.2
7fcdd63df000-7fcdd63e5000 r--p 00018000 08:02 2234025                    /usr/local/lib/libpjsip-ua.so.2
7fcdd63e5000-7fcdd63e6000 r--p 0001d000 08:02 2234025                    /usr/local/lib/libpjsip-ua.so.2
7fcdd63e6000-7fcdd63e7000 rw-p 0001e000 08:02 2234025                    /usr/local/lib/libpjsip-ua.so.2
7fcdd63e7000-7fcdd63f5000 r--p 00000000 08:02 2234023                    /usr/local/lib/libpjsua.so.2
7fcdd63f5000-7fcdd642a000 r-xp 0000e000 08:02 2234023                    /usr/local/lib/libpjsua.so.2
7fcdd642a000-7fcdd6437000 r--p 00043000 08:02 2234023                    /usr/local/lib/libpjsua.so.2
7fcdd6437000-7fcdd6438000 r--p 0004f000 08:02 2234023                    /usr/local/lib/libpjsua.so.2
7fcdd6438000-7fcdd643a000 rw-p 00050000 08:02 2234023                    /usr/local/lib/libpjsua.so.2
7fcdd643a000-7fcdd651c000 rw-p 00000000 00:00 0 
7fcdd651c000-7fcdd656b000 r--p 00000000 08:02 3415529                    /home/user/NetBeansProjects/pjsuaCall/src/pjsuacall/dynamicLib/libpjsua2.so
7fcdd656b000-7fcdd65f7000 r-xp 0004f000 08:02 3415529                    /home/user/NetBeansProjects/pjsuaCall/src/pjsuacall/dynamicLib/libpjsua2.so
7fcdd65f7000-7fcdd662d000 r--p 000db000 08:02 3415529                    /home/user/NetBeansProjects/pjsuaCall/src/pjsuacall/dynamicLib/libpjsua2.so
7fcdd662d000-7fcdd662e000 ---p 00111000 08:02 3415529                    /home/user/NetBeansProjects/pjsuaCall/src/pjsuacall/dynamicLib/libpjsua2.so
7fcdd662e000-7fcdd662f000 r--p 00111000 08:02 3415529                    /home/user/NetBeansProjects/pjsuaCall/src/pjsuacall/dynamicLib/libpjsua2.so
7fcdd662f000-7fcdd6631000 rw-p 00112000 08:02 3415529                    /home/user/NetBeansProjects/pjsuaCall/src/pjsuacall/dynamicLib/libpjsua2.so
7fcdd6631000-7fcdd66c7000 r--p 00000000 08:02 1450209                    /usr/lib/x86_64-linux-gnu/libstdc++.so.6.0.28
7fcdd66c7000-7fcdd67b8000 r-xp 00096000 08:02 1450209                    /usr/lib/x86_64-linux-gnu/libstdc++.so.6.0.28
7fcdd67b8000-7fcdd6801000 r--p 00187000 08:02 1450209                    /usr/lib/x86_64-linux-gnu/libstdc++.so.6.0.28
7fcdd6801000-7fcdd6802000 ---p 001d0000 08:02 1450209                    /usr/lib/x86_64-linux-gnu/libstdc++.so.6.0.28
7fcdd6802000-7fcdd680d000 r--p 001d0000 08:02 1450209                    /usr/lib/x86_64-linux-gnu/libstdc++.so.6.0.28
7fcdd680d000-7fcdd6810000 rw-p 001db000 08:02 1450209                    /usr/lib/x86_64-linux-gnu/libstdc++.so.6.0.28
7fcdd6810000-7fcdd6813000 rw-p 00000000 00:00 0 
7fcdd6813000-7fcdd697c000 r-xp 00000000 08:02 3415530                    /home/user/NetBeansProjects/pjsuaCall/src/pjsuacall/dynamicLib/libopenh264.so
7fcdd697c000-7fcdd6b7c000 ---p 00169000 08:02 3415530                    /home/user/NetBeansProjects/pjsuaCall/src/pjsuacall/dynamicLib/libopenh264.so
7fcdd6b7c000-7fcdd6b7f000 r--p 00169000 08:02 3415530                    /home/user/NetBeansProjects/pjsuaCall/src/pjsuacall/dynamicLib/libopenh264.so
7fcdd6b7f000-7fcdd6b81000 rw-p 0016c000 08:02 3415530                    /home/user/NetBeansProjects/pjsuaCall/src/pjsuacall/dynamicLib/libopenh264.so
7fcdd6b81000-7fcdd6b82000 ---p 00000000 00:00 0 
7fcdd6b82000-7fcdd6c82000 rw-p 00000000 00:00 0 
7fcdd6c82000-7fcdd6c85000 ---p 00000000 00:00 0 
7fcdd6c85000-7fcdd6d83000 rw-p 00000000 00:00 0 
7fcdd6d83000-7fcdd6d84000 ---p 00000000 00:00 0 
7fcdd6d84000-7fcdd6d87000 ---p 00000000 00:00 0 
7fcdd6d87000-7fcdd6e84000 rw-p 00000000 00:00 0 
7fcdd6e84000-7fcdd6e85000 ---p 00000000 00:00 0 
7fcdd6e85000-7fcdd6e88000 ---p 00000000 00:00 0 
7fcdd6e88000-7fcdd6f85000 rw-p 00000000 00:00 0 
7fcdd6f85000-7fcdd6f86000 ---p 00000000 00:00 0 
7fcdd6f86000-7fcdd6f89000 ---p 00000000 00:00 0 
7fcdd6f89000-7fcdd7086000 rw-p 00000000 00:00 0 
7fcdd7086000-7fcdd7089000 ---p 00000000 00:00 0 
7fcdd7089000-7fcdd7187000 rw-p 00000000 00:00 0 
7fcdd7187000-7fcdd76f7000 r--p 00000000 08:02 1444832                    /usr/lib/locale/locale-archive
7fcdd76f7000-7fcdd76fa000 ---p 00000000 00:00 0 
7fcdd76fa000-7fcdd77f8000 rw-p 00000000 00:00 0 
7fcdd77f8000-7fcdd77fb000 ---p 00000000 00:00 0 
7fcdd77fb000-7fcdd78f9000 rw-p 00000000 00:00 0 
7fcdd78f9000-7fcdd78fa000 ---p 00000000 00:00 0 
7fcdd78fa000-7fcdd8000000 rw-p 00000000 00:00 0 
7fcdd8000000-7fcdd8021000 rw-p 00000000 00:00 0 
7fcdd8021000-7fcddc000000 ---p 00000000 00:00 0 
7fcddc001000-7fcddc00d000 r--p 00000000 08:02 2234043                    /usr/local/lib/libpj.so.2
7fcddc00d000-7fcddc02b000 r-xp 0000c000 08:02 2234043                    /usr/local/lib/libpj.so.2
7fcddc02b000-7fcddc036000 r--p 0002a000 08:02 2234043                    /usr/local/lib/libpj.so.2
7fcddc036000-7fcddc037000 ---p 00035000 08:02 2234043                    /usr/local/lib/libpj.so.2
7fcddc037000-7fcddc038000 r--p 00035000 08:02 2234043                    /usr/local/lib/libpj.so.2
7fcddc038000-7fcddc039000 rw-p 00036000 08:02 2234043                    /usr/local/lib/libpj.so.2
7fcddc039000-7fcddc03b000 rw-p 00000000 00:00 0 
7fcddc03b000-7fcddc042000 r--p 00000000 08:02 2234041                    /usr/local/lib/libpjlib-util.so.2
7fcddc042000-7fcddc05c000 r-xp 00007000 08:02 2234041                    /usr/local/lib/libpjlib-util.so.2
7fcddc05c000-7fcddc064000 r--p 00021000 08:02 2234041                    /usr/local/lib/libpjlib-util.so.2
7fcddc064000-7fcddc065000 r--p 00028000 08:02 2234041                    /usr/local/lib/libpjlib-util.so.2
7fcddc065000-7fcddc066000 rw-p 00029000 08:02 2234041                    /usr/local/lib/libpjlib-util.so.2
7fcddc066000-7fcddc074000 r--p 00000000 08:02 2234035                    /usr/local/lib/libpjmedia.so.2
7fcddc074000-7fcddc0ac000 r-xp 0000e000 08:02 2234035                    /usr/local/lib/libpjmedia.so.2
7fcddc0ac000-7fcddc0c9000 r--p 00046000 08:02 2234035                    /usr/local/lib/libpjmedia.so.2
7fcddc0c9000-7fcddc0ca000 ---p 00063000 08:02 2234035                    /usr/local/lib/libpjmedia.so.2
7fcddc0ca000-7fcddc0cb000 r--p 00063000 08:02 2234035                    /usr/local/lib/libpjmedia.so.2
7fcddc0cb000-7fcddc0cd000 rw-p 00064000 08:02 2234035                    /usr/local/lib/libpjmedia.so.2
7fcddc0cd000-7fcde0000000 rw-p 00000000 00:00 0 
7fcde0000000-7fcde0021000 rw-p 00000000 00:00 0 
7fcde0021000-7fcde4000000 ---p 00000000 00:00 0 
7fcde4000000-7fcde4021000 rw-p 00000000 00:00 0 
7fcde4021000-7fcde8000000 ---p 00000000 00:00 0 
7fcde8000000-7fcde8021000 rw-p 00000000 00:00 0 
7fcde8021000-7fcdec000000 ---p 00000000 00:00 0 
7fcdec000000-7fcdec00e000 r--p 00000000 08:02 2234029                    /usr/local/lib/libpjsip.so.2
7fcdec00e000-7fcdec03e000 r-xp 0000e000 08:02 2234029                    /usr/local/lib/libpjsip.so.2
7fcdec03e000-7fcdec04f000 r--p 0003e000 08:02 2234029                    /usr/local/lib/libpjsip.so.2
7fcdec04f000-7fcdec051000 r--p 0004e000 08:02 2234029                    /usr/local/lib/libpjsip.so.2
7fcdec051000-7fcdec053000 rw-p 00050000 08:02 2234029                    /usr/local/lib/libpjsip.so.2
7fcdec053000-7fcdec058000 rw-p 00000000 00:00 0 
7fcdec058000-7fcdec05e000 r--p 00000000 08:02 2234027                    /usr/local/lib/libpjsip-simple.so.2
7fcdec05e000-7fcdec069000 r-xp 00006000 08:02 2234027                    /usr/local/lib/libpjsip-simple.so.2
7fcdec069000-7fcdec06d000 r--p 00011000 08:02 2234027                    /usr/local/lib/libpjsip-simple.so.2
7fcdec06d000-7fcdec06e000 ---p 00015000 08:02 2234027                    /usr/local/lib/libpjsip-simple.so.2
7fcdec06e000-7fcdec06f000 r--p 00015000 08:02 2234027                    /usr/local/lib/libpjsip-simple.so.2
7fcdec06f000-7fcdec070000 rw-p 00016000 08:02 2234027                    /usr/local/lib/libpjsip-simple.so.2
7fcdec070000-7fcdec08c000 r--p 00000000 08:02 2234021                    /usr/local/lib/libpjsua2.so.2
7fcdec08c000-7fcdec0e0000 r-xp 0001c000 08:02 2234021                    /usr/local/lib/libpjsua2.so.2
7fcdec0e0000-7fcdec0f5000 r--p 00070000 08:02 2234021                    /usr/local/lib/libpjsua2.so.2
7fcdec0f5000-7fcdec0f7000 r--p 00084000 08:02 2234021                    /usr/local/lib/libpjsua2.so.2
7fcdec0f7000-7fcdec0f9000 rw-p 00086000 08:02 2234021                    /usr/local/lib/libpjsua2.so.2
7fcdec0f9000-7fcdeccc0000 rw-p 00000000 00:00 0 
7fcdeccc0000-7fcded000000 ---p 00000000 00:00 0 
7fcded000000-7fcded270000 rwxp 00000000 00:00 0 
7fcded270000-7fcdfc000000 ---p 00000000 00:00 0 
7fcdfc000000-7fcdfc28f000 rw-p 00000000 00:00 0 
7fcdfc28f000-7fce00000000 ---p 00000000 00:00 0 
7fce00002000-7fce00004000 r--p 00000000 08:02 1442187                    /usr/lib/x86_64-linux-gnu/libuuid.so.1.3.0
7fce00004000-7fce00008000 r-xp 00002000 08:02 1442187                    /usr/lib/x86_64-linux-gnu/libuuid.so.1.3.0
7fce00008000-7fce00009000 r--p 00006000 08:02 1442187                    /usr/lib/x86_64-linux-gnu/libuuid.so.1.3.0
7fce00009000-7fce0000a000 r--p 00006000 08:02 1442187                    /usr/lib/x86_64-linux-gnu/libuuid.so.1.3.0
7fce0000a000-7fce0000b000 rw-p 00007000 08:02 1442187                    /usr/lib/x86_64-linux-gnu/libuuid.so.1.3.0
7fce0000b000-7fce0000d000 r--p 00000000 08:02 2234037                    /usr/local/lib/libpjmedia-audiodev.so.2
7fce0000d000-7fce00011000 r-xp 00002000 08:02 2234037                    /usr/local/lib/libpjmedia-audiodev.so.2
7fce00011000-7fce00012000 r--p 00006000 08:02 2234037                    /usr/local/lib/libpjmedia-audiodev.so.2
7fce00012000-7fce00013000 ---p 00007000 08:02 2234037                    /usr/local/lib/libpjmedia-audiodev.so.2
7fce00013000-7fce00014000 r--p 00007000 08:02 2234037                    /usr/local/lib/libpjmedia-audiodev.so.2
7fce00014000-7fce00015000 rw-p 00008000 08:02 2234037                    /usr/local/lib/libpjmedia-audiodev.so.2
7fce00015000-7fce00018000 r--p 00000000 08:02 1449406                    /usr/lib/x86_64-linux-gnu/libgcc_s.so.1
7fce00018000-7fce0002a000 r-xp 00003000 08:02 1449406                    /usr/lib/x86_64-linux-gnu/libgcc_s.so.1
7fce0002a000-7fce0002e000 r--p 00015000 08:02 1449406                    /usr/lib/x86_64-linux-gnu/libgcc_s.so.1
7fce0002e000-7fce0002f000 r--p 00018000 08:02 1449406                    /usr/lib/x86_64-linux-gnu/libgcc_s.so.1
7fce0002f000-7fce00030000 rw-p 00019000 08:02 1449406                    /usr/lib/x86_64-linux-gnu/libgcc_s.so.1
7fce00032000-7fce00033000 r--p 00000000 08:02 1448940                    /usr/lib/x86_64-linux-gnu/libXau.so.6.0.0
7fce00033000-7fce00035000 r-xp 00001000 08:02 1448940                    /usr/lib/x86_64-linux-gnu/libXau.so.6.0.0
7fce00035000-7fce00036000 r--p 00003000 08:02 1448940                    /usr/lib/x86_64-linux-gnu/libXau.so.6.0.0
7fce00036000-7fce00037000 r--p 00003000 08:02 1448940                    /usr/lib/x86_64-linux-gnu/libXau.so.6.0.0
7fce00037000-7fce00038000 rw-p 00004000 08:02 1448940                    /usr/lib/x86_64-linux-gnu/libXau.so.6.0.0
7fce00038000-7fce0003b000 r--p 00000000 08:02 1450402                    /usr/lib/x86_64-linux-gnu/libwrap.so.0.7.6
7fce0003b000-7fce00040000 r-xp 00003000 08:02 1450402                    /usr/lib/x86_64-linux-gnu/libwrap.so.0.7.6
7fce00040000-7fce00042000 r--p 00008000 08:02 1450402                    /usr/lib/x86_64-linux-gnu/libwrap.so.0.7.6
7fce00042000-7fce00043000 r--p 00009000 08:02 1450402                    /usr/lib/x86_64-linux-gnu/libwrap.so.0.7.6
7fce00043000-7fce00044000 rw-p 0000a000 08:02 1450402                    /usr/lib/x86_64-linux-gnu/libwrap.so.0.7.6
7fce00044000-7fce00045000 r--p 00000000 08:02 2097971                    /usr/lib/x86_64-linux-gnu/alsa-lib/libasound_module_rate_samplerate.so
7fce00045000-7fce00046000 r-xp 00001000 08:02 2097971                    /usr/lib/x86_64-linux-gnu/alsa-lib/libasound_module_rate_samplerate.so
7fce00046000-7fce00047000 r--p 00002000 08:02 2097971                    /usr/lib/x86_64-linux-gnu/alsa-lib/libasound_module_rate_samplerate.so
7fce00047000-7fce00048000 r--p 00002000 08:02 2097971                    /usr/lib/x86_64-linux-gnu/alsa-lib/libasound_module_rate_samplerate.so
7fce00048000-7fce00049000 rw-p 00003000 08:02 2097971                    /usr/lib/x86_64-linux-gnu/alsa-lib/libasound_module_rate_samplerate.so
7fce00049000-7fce0013e000 rw-p 00000000 00:00 0 
7fce0013e000-7fce0031e000 r--s 03ea1000 08:02 5380617                    /home/user/software/jdk1.8.0_331/jre/lib/rt.jar
7fce0031e000-7fce00811000 rw-p 00000000 00:00 0 
7fce00811000-7fce00812000 ---p 00000000 00:00 0 
7fce00812000-7fce00912000 rw-p 00000000 00:00 0 
7fce00912000-7fce00913000 ---p 00000000 00:00 0 
7fce00913000-7fce00a13000 rw-p 00000000 00:00 0 
7fce00a13000-7fce00a14000 ---p 00000000 00:00 0 
7fce00a14000-7fce00b14000 rw-p 00000000 00:00 0 
7fce00b14000-7fce00b15000 ---p 00000000 00:00 0 
7fce00b15000-7fce00c3f000 rw-p 00000000 00:00 0 
7fce00c3f000-7fce00ea2000 ---p 00000000 00:00 0 
7fce00ea2000-7fce00ecc000 rw-p 00000000 00:00 0 
7fce00ecc000-7fce0112e000 ---p 00000000 00:00 0 
7fce0112e000-7fce01144000 rw-p 00000000 00:00 0 
7fce01144000-7fce01275000 ---p 00000000 00:00 0 
7fce01275000-7fce01280000 rw-p 00000000 00:00 0 
7fce01280000-7fce01636000 ---p 00000000 00:00 0 
7fce01636000-7fce01651000 r-xp 00000000 08:02 5380501                    /home/user/software/jdk1.8.0_331/jre/lib/amd64/libzip.so
7fce01651000-7fce01850000 ---p 0001b000 08:02 5380501                    /home/user/software/jdk1.8.0_331/jre/lib/amd64/libzip.so
7fce01850000-7fce01851000 r--p 0001a000 08:02 5380501                    /home/user/software/jdk1.8.0_331/jre/lib/amd64/libzip.so
7fce01851000-7fce01852000 rw-p 0001b000 08:02 5380501                    /home/user/software/jdk1.8.0_331/jre/lib/amd64/libzip.so
7fce01852000-7fce0185a000 rw-s 00000000 08:02 9445673                    /tmp/hsperfdata_user/33202
7fce0185a000-7fce01887000 r-xp 00000000 08:02 5380498                    /home/user/software/jdk1.8.0_331/jre/lib/amd64/libjava.so
7fce01887000-7fce01a86000 ---p 0002d000 08:02 5380498                    /home/user/software/jdk1.8.0_331/jre/lib/amd64/libjava.so
7fce01a86000-7fce01a87000 r--p 0002c000 08:02 5380498                    /home/user/software/jdk1.8.0_331/jre/lib/amd64/libjava.so
7fce01a87000-7fce01a89000 rw-p 0002d000 08:02 5380498                    /home/user/software/jdk1.8.0_331/jre/lib/amd64/libjava.so
7fce01a89000-7fce01a96000 r-xp 00000000 08:02 5380487                    /home/user/software/jdk1.8.0_331/jre/lib/amd64/libverify.so
7fce01a96000-7fce01c95000 ---p 0000d000 08:02 5380487                    /home/user/software/jdk1.8.0_331/jre/lib/amd64/libverify.so
7fce01c95000-7fce01c97000 r--p 0000c000 08:02 5380487                    /home/user/software/jdk1.8.0_331/jre/lib/amd64/libverify.so
7fce01c97000-7fce01c98000 rw-p 0000e000 08:02 5380487                    /home/user/software/jdk1.8.0_331/jre/lib/amd64/libverify.so
7fce01c98000-7fce01c9a000 r--p 00000000 08:02 1445807                    /usr/lib/x86_64-linux-gnu/librt-2.31.so
7fce01c9a000-7fce01c9e000 r-xp 00002000 08:02 1445807                    /usr/lib/x86_64-linux-gnu/librt-2.31.so
7fce01c9e000-7fce01ca0000 r--p 00006000 08:02 1445807                    /usr/lib/x86_64-linux-gnu/librt-2.31.so
7fce01ca0000-7fce01ca1000 r--p 00007000 08:02 1445807                    /usr/lib/x86_64-linux-gnu/librt-2.31.so
7fce01ca1000-7fce01ca2000 rw-p 00008000 08:02 1445807                    /usr/lib/x86_64-linux-gnu/librt-2.31.so
7fce01ca2000-7fce01ca3000 ---p 00000000 00:00 0 
7fce01ca3000-7fce01ca6000 ---p 00000000 00:00 0 
7fce01ca6000-7fce01da3000 rw-p 00000000 00:00 0 
7fce01da3000-7fce01db0000 r--p 00000000 08:02 1445794                    /usr/lib/x86_64-linux-gnu/libm-2.31.so
7fce01db0000-7fce01e57000 r-xp 0000d000 08:02 1445794                    /usr/lib/x86_64-linux-gnu/libm-2.31.so
7fce01e57000-7fce01ef0000 r--p 000b4000 08:02 1445794                    /usr/lib/x86_64-linux-gnu/libm-2.31.so
7fce01ef0000-7fce01ef1000 r--p 0014c000 08:02 1445794                    /usr/lib/x86_64-linux-gnu/libm-2.31.so
7fce01ef1000-7fce01ef2000 rw-p 0014d000 08:02 1445794                    /usr/lib/x86_64-linux-gnu/libm-2.31.so
7fce01ef2000-7fce02bea000 r-xp 00000000 08:02 5380480                    /home/user/software/jdk1.8.0_331/jre/lib/amd64/server/libjvm.so
7fce02bea000-7fce02de9000 ---p 00cf8000 08:02 5380480                    /home/user/software/jdk1.8.0_331/jre/lib/amd64/server/libjvm.so
7fce02de9000-7fce02e7f000 r--p 00cf7000 08:02 5380480                    /home/user/software/jdk1.8.0_331/jre/lib/amd64/server/libjvm.so
7fce02e7f000-7fce02eb0000 rw-p 00d8d000 08:02 5380480                    /home/user/software/jdk1.8.0_331/jre/lib/amd64/server/libjvm.so
7fce02eb0000-7fce02eed000 rw-p 00000000 00:00 0 
7fce02eed000-7fce02f0f000 r--p 00000000 08:02 1445792                    /usr/lib/x86_64-linux-gnu/libc-2.31.so
7fce02f0f000-7fce03087000 r-xp 00022000 08:02 1445792                    /usr/lib/x86_64-linux-gnu/libc-2.31.so
7fce03087000-7fce030d5000 r--p 0019a000 08:02 1445792                    /usr/lib/x86_64-linux-gnu/libc-2.31.so
7fce030d5000-7fce030d9000 r--p 001e7000 08:02 1445792                    /usr/lib/x86_64-linux-gnu/libc-2.31.so
7fce030d9000-7fce030db000 rw-p 001eb000 08:02 1445792                    /usr/lib/x86_64-linux-gnu/libc-2.31.so
7fce030db000-7fce030df000 rw-p 00000000 00:00 0 
7fce030df000-7fce030e0000 r--p 00000000 08:02 1445793                    /usr/lib/x86_64-linux-gnu/libdl-2.31.so
7fce030e0000-7fce030e2000 r-xp 00001000 08:02 1445793                    /usr/lib/x86_64-linux-gnu/libdl-2.31.so
7fce030e2000-7fce030e3000 r--p 00003000 08:02 1445793                    /usr/lib/x86_64-linux-gnu/libdl-2.31.so
7fce030e3000-7fce030e4000 r--p 00003000 08:02 1445793                    /usr/lib/x86_64-linux-gnu/libdl-2.31.so
7fce030e4000-7fce030e5000 rw-p 00004000 08:02 1445793                    /usr/lib/x86_64-linux-gnu/libdl-2.31.so
7fce030e5000-7fce030fc000 r-xp 00000000 08:02 9965144                    /home/user/software/jdk1.8.0_331/lib/amd64/jli/libjli.so
7fce030fc000-7fce032fb000 ---p 00017000 08:02 9965144                    /home/user/software/jdk1.8.0_331/lib/amd64/jli/libjli.so
7fce032fb000-7fce032fc000 r--p 00016000 08:02 9965144                    /home/user/software/jdk1.8.0_331/lib/amd64/jli/libjli.so
7fce032fc000-7fce032fd000 rw-p 00017000 08:02 9965144                    /home/user/software/jdk1.8.0_331/lib/amd64/jli/libjli.so
7fce032fd000-7fce03303000 r--p 00000000 08:02 1445805                    /usr/lib/x86_64-linux-gnu/libpthread-2.31.so
7fce03303000-7fce03314000 r-xp 00006000 08:02 1445805                    /usr/lib/x86_64-linux-gnu/libpthread-2.31.so
7fce03314000-7fce0331a000 r--p 00017000 08:02 1445805                    /usr/lib/x86_64-linux-gnu/libpthread-2.31.so
7fce0331a000-7fce0331b000 r--p 0001c000 08:02 1445805                    /usr/lib/x86_64-linux-gnu/libpthread-2.31.so
7fce0331b000-7fce0331c000 rw-p 0001d000 08:02 1445805                    /usr/lib/x86_64-linux-gnu/libpthread-2.31.so
7fce0331c000-7fce03320000 rw-p 00000000 00:00 0 
7fce03324000-7fce03327000 r--p 00000000 08:02 1445800                    /usr/lib/x86_64-linux-gnu/libnss_files-2.31.so
7fce03327000-7fce0332e000 r-xp 00003000 08:02 1445800                    /usr/lib/x86_64-linux-gnu/libnss_files-2.31.so
7fce0332e000-7fce03330000 r--p 0000a000 08:02 1445800                    /usr/lib/x86_64-linux-gnu/libnss_files-2.31.so
7fce03330000-7fce03331000 r--p 0000b000 08:02 1445800                    /usr/lib/x86_64-linux-gnu/libnss_files-2.31.so
7fce03331000-7fce03332000 rw-p 0000c000 08:02 1445800                    /usr/lib/x86_64-linux-gnu/libnss_files-2.31.so
7fce03332000-7fce0333b000 rw-p 00000000 00:00 0 
7fce0333b000-7fce0333c000 r--p 00000000 08:02 1445788                    /usr/lib/x86_64-linux-gnu/ld-2.31.so
7fce0333c000-7fce0335f000 r-xp 00001000 08:02 1445788                    /usr/lib/x86_64-linux-gnu/ld-2.31.so
7fce0335f000-7fce03367000 r--p 00024000 08:02 1445788                    /usr/lib/x86_64-linux-gnu/ld-2.31.so
7fce03367000-7fce03368000 r--p 00000000 00:00 0 
7fce03368000-7fce03369000 r--p 0002c000 08:02 1445788                    /usr/lib/x86_64-linux-gnu/ld-2.31.so
7fce03369000-7fce0336a000 rw-p 0002d000 08:02 1445788                    /usr/lib/x86_64-linux-gnu/ld-2.31.so
7fce0336a000-7fce0336b000 rw-p 00000000 00:00 0 
7ffe061cd000-7ffe061ee000 rw-p 00000000 00:00 0                          [stack]
7ffe061f6000-7ffe061fa000 r--p 00000000 00:00 0                          [vvar]
7ffe061fa000-7ffe061fc000 r-xp 00000000 00:00 0                          [vdso]
ffffffffff600000-ffffffffff601000 --xp 00000000 00:00 0                  [vsyscall]

VM Arguments:
jvm_args: -Dfile.encoding=UTF-8 -Djava.library.path=/home/user/NetBeansProjects/pjsuaCall/src/pjsuacall/dynamicLib 
java_command: pjsuacall.PjsuaCall
java_class_path (initial): /home/user/Downloads/pjproject-2.12.1/pjsip-apps/src/swig/java/output:/home/user/NetBeansProjects/pjsuaCall/build/classes
Launcher Type: SUN_STANDARD

Environment Variables:
PATH=/home/user/.local/bin:/usr/local/sbin:/usr/local/bin:/usr/sbin:/usr/bin:/sbin:/bin:/usr/games:/usr/local/games:/snap/bin
USERNAME=user
SHELL=/bin/bash
DISPLAY=:0

Signal Handlers:
SIGSEGV: [libjvm.so+0xae0f60], sa_mask[0]=11111111011111111101111111111110, sa_flags=SA_RESTART|SA_SIGINFO
SIGBUS: [libjvm.so+0xae0f60], sa_mask[0]=11111111011111111101111111111110, sa_flags=SA_RESTART|SA_SIGINFO
SIGFPE: [libjvm.so+0xae0f60], sa_mask[0]=11111111011111111101111111111110, sa_flags=SA_RESTART|SA_SIGINFO
SIGPIPE: [libjvm.so+0x915120], sa_mask[0]=11111111011111111101111111111110, sa_flags=SA_RESTART|SA_SIGINFO
SIGXFSZ: [libjvm.so+0x915120], sa_mask[0]=11111111011111111101111111111110, sa_flags=SA_RESTART|SA_SIGINFO
SIGILL: [libjvm.so+0xae0f60], sa_mask[0]=11111111011111111101111111111110, sa_flags=SA_RESTART|SA_SIGINFO
SIGUSR1: SIG_DFL, sa_mask[0]=00000000000000000000000000000000, sa_flags=none
SIGUSR2: [libjvm.so+0x914ff0], sa_mask[0]=00100000000000000000000000000000, sa_flags=SA_RESTART|SA_SIGINFO
SIGHUP: [libjvm.so+0x915610], sa_mask[0]=11111111011111111101111111111110, sa_flags=SA_RESTART|SA_SIGINFO
SIGINT: SIG_IGN, sa_mask[0]=00000000000000000000000000000000, sa_flags=none
SIGTERM: [libjvm.so+0x915610], sa_mask[0]=11111111011111111101111111111110, sa_flags=SA_RESTART|SA_SIGINFO
SIGQUIT: [libjvm.so+0x915610], sa_mask[0]=11111111011111111101111111111110, sa_flags=SA_RESTART|SA_SIGINFO


---------------  S Y S T E M  ---------------

OS:DISTRIB_ID=Ubuntu
DISTRIB_RELEASE=20.04
DISTRIB_CODENAME=focal
DISTRIB_DESCRIPTION="Ubuntu 20.04.4 LTS"

uname:Linux 5.13.0-44-generic #49~20.04.1-Ubuntu SMP Wed May 18 18:44:28 UTC 2022 x86_64
libc:glibc 2.31 NPTL 2.31 
rlimit: STACK 8192k, CORE 0k, NPROC 31039, NOFILE 1048576, AS infinity
load average:0.69 0.52 0.54

/proc/meminfo:
MemTotal:        8017192 kB
MemFree:          364740 kB
MemAvailable:    2093388 kB
Buffers:          309008 kB
Cached:          2040404 kB
SwapCached:          944 kB
Active:          1558176 kB
Inactive:        5410784 kB
Active(anon):     206908 kB
Inactive(anon):  4951120 kB
Active(file):    1351268 kB
Inactive(file):   459664 kB
Unevictable:      176588 kB
Mlocked:              20 kB
SwapTotal:       3999740 kB
SwapFree:        3962048 kB
Dirty:               860 kB
Writeback:             0 kB
AnonPages:       4795572 kB
Mapped:           597120 kB
Shmem:            542104 kB
KReclaimable:     221780 kB
Slab:             373608 kB
SReclaimable:     221780 kB
SUnreclaim:       151828 kB
KernelStack:       19128 kB
PageTables:        40636 kB
NFS_Unstable:          0 kB
Bounce:                0 kB
WritebackTmp:          0 kB
CommitLimit:     8008336 kB
Committed_AS:   11125264 kB
VmallocTotal:   34359738367 kB
VmallocUsed:       45088 kB
VmallocChunk:          0 kB
Percpu:             5152 kB
HardwareCorrupted:     0 kB
AnonHugePages:         0 kB
ShmemHugePages:        0 kB
ShmemPmdMapped:        0 kB
FileHugePages:         0 kB
FilePmdMapped:         0 kB
HugePages_Total:       0
HugePages_Free:        0
HugePages_Rsvd:        0
HugePages_Surp:        0
Hugepagesize:       2048 kB
Hugetlb:               0 kB
DirectMap4k:      381344 kB
DirectMap2M:     7882752 kB
DirectMap1G:           0 kB

container (cgroup) information:
container_type: cgroupv1
cpu_cpuset_cpus: 0-3
cpu_memory_nodes: 0
active_processor_count: 4
cpu_quota: -1
cpu_period: 100000
cpu_shares: -1
memory_limit_in_bytes: -1
memory_and_swap_limit_in_bytes: -1
memory_soft_limit_in_bytes: -1
memory_usage_in_bytes: 5858009088
memory_max_usage_in_bytes: 6090948608


CPU:total 4 (initial active 4) (4 cores per cpu, 1 threads per core) family 6 model 158 stepping 9, cmov, cx8, fxsr, mmx, sse, sse2, sse3, ssse3, sse4.1, sse4.2, popcnt, avx, avx2, aes, clmul, erms, rtm, 3dnowpref, lzcnt, tsc, tscinvbit, bmi1, bmi2, adx

/proc/cpuinfo:
processor	: 0
vendor_id	: GenuineIntel
cpu family	: 6
model		: 158
model name	: Intel(R) Core(TM) i5-7500 CPU @ 3.40GHz
stepping	: 9
microcode	: 0xec
cpu MHz		: 2061.867
cache size	: 6144 KB
physical id	: 0
siblings	: 4
core id		: 0
cpu cores	: 4
apicid		: 0
initial apicid	: 0
fpu		: yes
fpu_exception	: yes
cpuid level	: 22
wp		: yes
flags		: fpu vme de pse tsc msr pae mce cx8 apic sep mtrr pge mca cmov pat pse36 clflush dts acpi mmx fxsr sse sse2 ss ht tm pbe syscall nx pdpe1gb rdtscp lm constant_tsc art arch_perfmon pebs bts rep_good nopl xtopology nonstop_tsc cpuid aperfmperf pni pclmulqdq dtes64 monitor ds_cpl vmx smx est tm2 ssse3 sdbg fma cx16 xtpr pdcm pcid sse4_1 sse4_2 x2apic movbe popcnt tsc_deadline_timer aes xsave avx f16c rdrand lahf_lm abm 3dnowprefetch cpuid_fault epb invpcid_single pti ssbd ibrs ibpb stibp tpr_shadow vnmi flexpriority ept vpid ept_ad fsgsbase tsc_adjust bmi1 hle avx2 smep bmi2 erms invpcid rtm mpx rdseed adx smap clflushopt intel_pt xsaveopt xsavec xgetbv1 xsaves dtherm ida arat pln pts hwp hwp_notify hwp_act_window hwp_epp md_clear flush_l1d arch_capabilities
vmx flags	: vnmi preemption_timer invvpid ept_x_only ept_ad ept_1gb flexpriority tsc_offset vtpr mtf vapic ept vpid unrestricted_guest ple shadow_vmcs pml ept_mode_based_exec
bugs		: cpu_meltdown spectre_v1 spectre_v2 spec_store_bypass l1tf mds swapgs taa itlb_multihit srbds
bogomips	: 6799.81
clflush size	: 64
cache_alignment	: 64
address sizes	: 39 bits physical, 48 bits virtual
power management:

processor	: 1
vendor_id	: GenuineIntel
cpu family	: 6
model		: 158
model name	: Intel(R) Core(TM) i5-7500 CPU @ 3.40GHz
stepping	: 9
microcode	: 0xec
cpu MHz		: 1289.913
cache size	: 6144 KB
physical id	: 0
siblings	: 4
core id		: 1
cpu cores	: 4
apicid		: 2
initial apicid	: 2
fpu		: yes
fpu_exception	: yes
cpuid level	: 22
wp		: yes
flags		: fpu vme de pse tsc msr pae mce cx8 apic sep mtrr pge mca cmov pat pse36 clflush dts acpi mmx fxsr sse sse2 ss ht tm pbe syscall nx pdpe1gb rdtscp lm constant_tsc art arch_perfmon pebs bts rep_good nopl xtopology nonstop_tsc cpuid aperfmperf pni pclmulqdq dtes64 monitor ds_cpl vmx smx est tm2 ssse3 sdbg fma cx16 xtpr pdcm pcid sse4_1 sse4_2 x2apic movbe popcnt tsc_deadline_timer aes xsave avx f16c rdrand lahf_lm abm 3dnowprefetch cpuid_fault epb invpcid_single pti ssbd ibrs ibpb stibp tpr_shadow vnmi flexpriority ept vpid ept_ad fsgsbase tsc_adjust bmi1 hle avx2 smep bmi2 erms invpcid rtm mpx rdseed adx smap clflushopt intel_pt xsaveopt xsavec xgetbv1 xsaves dtherm ida arat pln pts hwp hwp_notify hwp_act_window hwp_epp md_clear flush_l1d arch_capabilities
vmx flags	: vnmi preemption_timer invvpid ept_x_only ept_ad ept_1gb flexpriority tsc_offset vtpr mtf vapic ept vpid unrestricted_guest ple shadow_vmcs pml ept_mode_based_exec
bugs		: cpu_meltdown spectre_v1 spectre_v2 spec_store_bypass l1tf mds swapgs taa itlb_multihit srbds
bogomips	: 6799.81
clflush size	: 64
cache_alignment	: 64
address sizes	: 39 bits physical, 48 bits virtual
power management:

processor	: 2
vendor_id	: GenuineIntel
cpu family	: 6
model		: 158
model name	: Intel(R) Core(TM) i5-7500 CPU @ 3.40GHz
stepping	: 9
microcode	: 0xec
cpu MHz		: 3400.000
cache size	: 6144 KB
physical id	: 0
siblings	: 4
core id		: 2
cpu cores	: 4
apicid		: 4
initial apicid	: 4
fpu		: yes
fpu_exception	: yes
cpuid level	: 22
wp		: yes
flags		: fpu vme de pse tsc msr pae mce cx8 apic sep mtrr pge mca cmov pat pse36 clflush dts acpi mmx fxsr sse sse2 ss ht tm pbe syscall nx pdpe1gb rdtscp lm constant_tsc art arch_perfmon pebs bts rep_good nopl xtopology nonstop_tsc cpuid aperfmperf pni pclmulqdq dtes64 monitor ds_cpl vmx smx est tm2 ssse3 sdbg fma cx16 xtpr pdcm pcid sse4_1 sse4_2 x2apic movbe popcnt tsc_deadline_timer aes xsave avx f16c rdrand lahf_lm abm 3dnowprefetch cpuid_fault epb invpcid_single pti ssbd ibrs ibpb stibp tpr_shadow vnmi flexpriority ept vpid ept_ad fsgsbase tsc_adjust bmi1 hle avx2 smep bmi2 erms invpcid rtm mpx rdseed adx smap clflushopt intel_pt xsaveopt xsavec xgetbv1 xsaves dtherm ida arat pln pts hwp hwp_notify hwp_act_window hwp_epp md_clear flush_l1d arch_capabilities
vmx flags	: vnmi preemption_timer invvpid ept_x_only ept_ad ept_1gb flexpriority tsc_offset vtpr mtf vapic ept vpid unrestricted_guest ple shadow_vmcs pml ept_mode_based_exec
bugs		: cpu_meltdown spectre_v1 spectre_v2 spec_store_bypass l1tf mds swapgs taa itlb_multihit srbds
bogomips	: 6799.81
clflush size	: 64
cache_alignment	: 64
address sizes	: 39 bits physical, 48 bits virtual
power management:

processor	: 3
vendor_id	: GenuineIntel
cpu family	: 6
model		: 158
model name	: Intel(R) Core(TM) i5-7500 CPU @ 3.40GHz
stepping	: 9
microcode	: 0xec
cpu MHz		: 2226.975
cache size	: 6144 KB
physical id	: 0
siblings	: 4
core id		: 3
cpu cores	: 4
apicid		: 6
initial apicid	: 6
fpu		: yes
fpu_exception	: yes
cpuid level	: 22
wp		: yes
flags		: fpu vme de pse tsc msr pae mce cx8 apic sep mtrr pge mca cmov pat pse36 clflush dts acpi mmx fxsr sse sse2 ss ht tm pbe syscall nx pdpe1gb rdtscp lm constant_tsc art arch_perfmon pebs bts rep_good nopl xtopology nonstop_tsc cpuid aperfmperf pni pclmulqdq dtes64 monitor ds_cpl vmx smx est tm2 ssse3 sdbg fma cx16 xtpr pdcm pcid sse4_1 sse4_2 x2apic movbe popcnt tsc_deadline_timer aes xsave avx f16c rdrand lahf_lm abm 3dnowprefetch cpuid_fault epb invpcid_single pti ssbd ibrs ibpb stibp tpr_shadow vnmi flexpriority ept vpid ept_ad fsgsbase tsc_adjust bmi1 hle avx2 smep bmi2 erms invpcid rtm mpx rdseed adx smap clflushopt intel_pt xsaveopt xsavec xgetbv1 xsaves dtherm ida arat pln pts hwp hwp_notify hwp_act_window hwp_epp md_clear flush_l1d arch_capabilities
vmx flags	: vnmi preemption_timer invvpid ept_x_only ept_ad ept_1gb flexpriority tsc_offset vtpr mtf vapic ept vpid unrestricted_guest ple shadow_vmcs pml ept_mode_based_exec
bugs		: cpu_meltdown spectre_v1 spectre_v2 spec_store_bypass l1tf mds swapgs taa itlb_multihit srbds
bogomips	: 6799.81
clflush size	: 64
cache_alignment	: 64
address sizes	: 39 bits physical, 48 bits virtual
power management:



Memory: 4k page, physical 8017192k(364664k free), swap 3999740k(3962048k free)

vm_info: Java HotSpot(TM) 64-Bit Server VM (25.331-b09) for linux-amd64 JRE (1.8.0_331-b09), built on Mar 10 2022 11:12:57 by "java_re" with gcc 7.3.0

time: Wed Jun  1 16:12:03 2022
timezone: IST
elapsed time: 0.204058 seconds (0d 0h 0m 0s)

