#
# A fatal error has been detected by the Java Runtime Environment:
#
#  SIGSEGV (0xb) at pc=0x00007f1526bcee17, pid=33809, tid=0x00007f155a5a1700
#
# JRE version: Java(TM) SE Runtime Environment (8.0_331-b09) (build 1.8.0_331-b09)
# Java VM: Java HotSpot(TM) 64-Bit Server VM (25.331-b09 mixed mode linux-amd64 compressed oops)
# Problematic frame:
# C  [libpj.so.2+0x19e17]  pj_list_insert_after+0x7
#
# Failed to write core dump. Core dumps have been disabled. To enable core dumping, try "ulimit -c unlimited" before starting Java again
#
# If you would like to submit a bug report, please visit:
#   http://bugreport.java.com/bugreport/crash.jsp
# The crash happened outside the Java Virtual Machine in native code.
# See problematic frame for where to report the bug.
#

---------------  T H R E A D  ---------------

Current thread (0x00007f155400a800):  JavaThread "main" [_thread_in_native, id=33813, stack(0x00007f155a4a2000,0x00007f155a5a2000)]

siginfo: si_signo: 11 (SIGSEGV), si_code: 1 (SEGV_MAPERR), si_addr: 0x0000000000000008

Registers:
RAX=0x00007f15541d1aa8, RBX=0x00007f155a5a0720, RCX=0x00007f15540008ee, RDX=0x0000000000000050
RSP=0x00007f155a5a04b8, RBP=0x0000000000000000, RSI=0x00007f1554243708, RDI=0x0000000000000000
R8 =0x00007f15541d1aa8, R9 =0x0000000000000062, R10=0xfffffffffffff285, R11=0x00007f1526bcee30
R12=0x00007f1554243708, R13=0x0000000000000000, R14=0x0000000000000000, R15=0x0000000000000000
RIP=0x00007f1526bcee17, EFLAGS=0x0000000000010206, CSGSFS=0x002b000000000033, ERR=0x0000000000000004
  TRAPNO=0x000000000000000e

Top of Stack: (sp=0x00007f155a5a04b8)
0x00007f155a5a04b8:   00007f1526c0f942 5f6c6c61435f494e
0x00007f155a5a04c8:   00726577736e6131 00007f1526c4ecd0
0x00007f155a5a04d8:   00007f1554280dd8 6e61315f6c6c6143
0x00007f155a5a04e8:   5bf3a5ad178b4400 79642f6c6c616361
0x00007f155a5a04f8:   00007f15541d11a0 00007f14fc007060
0x00007f155a5a0508:   0000000000000000 00007f155887e5e0
0x00007f155a5a0518:   00007f155a5a08e0 00007f155400a800
0x00007f155a5a0528:   00007f15440c46e3 0000000000000000
0x00007f155a5a0538:   0000000000000000 0000000000000000
0x00007f155a5a0548:   0000000000000000 bfd3c6ef6cc094cb
0x00007f155a5a0558:   0000000000000000 3ec718be416adb9b
0x00007f155a5a0568:   0000000000000000 3f5b2faeef4b9f00
0x00007f155a5a0578:   0000000000000000 3fd41b2faeef4b9f
0x00007f155a5a0588:   0000000000000000 3f59de9bca3ef199
0x00007f155a5a0598:   0000000000000000 0000000000000000
0x00007f155a5a05a8:   00007f155a5a06f0 00007f155a5a0620
0x00007f155a5a05b8:   00007f155400a800 00007f1554009ba0
0x00007f155a5a05c8:   00007f155a5a07c7 00007f155a5a06a0
0x00007f155a5a05d8:   00007f155afcbf14 00007f155b5f4700
0x00007f155a5a05e8:   00007f155412d2b0 0000000000000039
0x00007f155a5a05f8:   00007f155aecc73c 0000000000000002
0x00007f155a5a0608:   800000000000000e 0000000000000000
0x00007f155a5a0618:   0000000000000000 0000000000000000
0x00007f155a5a0628:   0000000000000000 0000000000000000
0x00007f155a5a0638:   0000000000000000 00007f155887e5e8
0x00007f155a5a0648:   00007f155400a800 00007f155887e5e8
0x00007f155a5a0658:   00007f155400a800 00007f155887e5e8
0x00007f155a5a0668:   00007f155400a800 00007f15588a3040
0x00007f155a5a0678:   00007f1554009a90 00007f155400a800
0x00007f155a5a0688:   00007f155a5a0760 00007f155a5a06f0
0x00007f155a5a0698:   00007f1554009a50 00007f155a5a0730
0x00007f155a5a06a8:   00007f155afcd014 00007f155a5a06e0 

Instructions: (pc=0x00007f1526bcee17)
0x00007f1526bcedf7:   8b a5 f8 fe ff ff e9 41 fe ff ff e8 19 4f ff ff
0x00007f1526bcee07:   66 0f 1f 84 00 00 00 00 00 f3 0f 1e fa 48 89 3e
0x00007f1526bcee17:   48 8b 47 08 48 89 46 08 48 89 30 48 89 77 08 c3
0x00007f1526bcee27:   66 0f 1f 84 00 00 00 00 00 f3 0f 1e fa 48 8b 3f 

Register to memory mapping:

RAX=0x00007f15541d1aa8 is an unknown value
RBX=0x00007f155a5a0720 is pointing into the stack for thread: 0x00007f155400a800
RCX=0x00007f15540008ee is an unknown value
RDX=0x0000000000000050 is an unknown value
RSP=0x00007f155a5a04b8 is pointing into the stack for thread: 0x00007f155400a800
RBP=0x0000000000000000 is an unknown value
RSI=0x00007f1554243708 is an unknown value
RDI=0x0000000000000000 is an unknown value
R8 =0x00007f15541d1aa8 is an unknown value
R9 =0x0000000000000062 is an unknown value
R10=0xfffffffffffff285 is an unknown value
R11=0x00007f1526bcee30: pj_list_insert_before+0 in /usr/local/lib/libpj.so.2 at 0x00007f1526bb5000
R12=0x00007f1554243708 is an unknown value
R13=0x0000000000000000 is an unknown value
R14=0x0000000000000000 is an unknown value
R15=0x0000000000000000 is an unknown value


Stack: [0x00007f155a4a2000,0x00007f155a5a2000],  sp=0x00007f155a5a04b8,  free space=1017k
Native frames: (J=compiled Java code, j=interpreted, Vv=VM code, C=native code)
C  [libpj.so.2+0x19e17]  pj_list_insert_after+0x7

Java frames: (J=compiled Java code, j=interpreted, Vv=VM code)
j  org.pjsip.pjsua2.pjsua2JNI.Call_answer(JLorg/pjsip/pjsua2/Call;JLorg/pjsip/pjsua2/CallOpParam;)V+0
j  org.pjsip.pjsua2.Call.answer(Lorg/pjsip/pjsua2/CallOpParam;)V+10
j  pjsuacall.PjsuaCall.main([Ljava/lang/String;)V+188
v  ~StubRoutines::call_stub

---------------  P R O C E S S  ---------------

Java Threads: ( => current thread )
  0x00007f15540cb000 JavaThread "Service Thread" daemon [_thread_blocked, id=33825, stack(0x00007f152748a000,0x00007f152758b000)]
  0x00007f15540c0000 JavaThread "C1 CompilerThread2" daemon [_thread_blocked, id=33824, stack(0x00007f152758c000,0x00007f152768c000)]
  0x00007f15540be000 JavaThread "C2 CompilerThread1" daemon [_thread_blocked, id=33823, stack(0x00007f152768d000,0x00007f152778d000)]
  0x00007f15540bb800 JavaThread "C2 CompilerThread0" daemon [_thread_blocked, id=33822, stack(0x00007f152778e000,0x00007f152788e000)]
  0x00007f15540b7800 JavaThread "Signal Dispatcher" daemon [_thread_blocked, id=33821, stack(0x00007f152788e000,0x00007f152798f000)]
  0x00007f1554087000 JavaThread "Finalizer" daemon [_thread_blocked, id=33820, stack(0x00007f1527eff000,0x00007f1528000000)]
  0x00007f1554082800 JavaThread "Reference Handler" daemon [_thread_blocked, id=33819, stack(0x00007f153c0ce000,0x00007f153c1cf000)]
=>0x00007f155400a800 JavaThread "main" [_thread_in_native, id=33813, stack(0x00007f155a4a2000,0x00007f155a5a2000)]

Other Threads:
  0x00007f1554079000 VMThread [stack: 0x00007f153c1d0000,0x00007f153c2d0000] [id=33818]
  0x00007f15540d0000 WatcherThread [stack: 0x00007f152738a000,0x00007f152748a000] [id=33826]

VM state:not at safepoint (normal execution)

VM Mutex/Monitor currently owned by a thread: None

heap address: 0x0000000085a00000, size: 1958 MB, Compressed Oops mode: 32-bit
Narrow klass base: 0x0000000000000000, Narrow klass shift: 3
Compressed class space size: 1073741824 Address: 0x0000000100000000

Heap:
 PSYoungGen      total 36864K, used 2209K [0x00000000d7380000, 0x00000000d9c80000, 0x0000000100000000)
  eden space 31744K, 6% used [0x00000000d7380000,0x00000000d75a85e0,0x00000000d9280000)
  from space 5120K, 0% used [0x00000000d9780000,0x00000000d9780000,0x00000000d9c80000)
  to   space 5120K, 0% used [0x00000000d9280000,0x00000000d9280000,0x00000000d9780000)
 ParOldGen       total 84992K, used 0K [0x0000000085a00000, 0x000000008ad00000, 0x00000000d7380000)
  object space 84992K, 0% used [0x0000000085a00000,0x0000000085a00000,0x000000008ad00000)
 Metaspace       used 3109K, capacity 5168K, committed 5376K, reserved 1056768K
  class space    used 277K, capacity 424K, committed 512K, reserved 1048576K

Card table byte_map: [0x00007f15596a1000,0x00007f1559a75000] byte_map_base: 0x00007f1559274000

Marking Bits: (ParMarkBitMap*) 0x00007f155b6cd220
 Begin Bits: [0x00007f153c2d0000, 0x00007f153e168000)
 End Bits:   [0x00007f153e168000, 0x00007f1540000000)

Polling page: 0x00007f155bb66000

CodeCache: size=245760Kb used=1123Kb max_used=1123Kb free=244636Kb
 bounds [0x00007f1545000000, 0x00007f1545270000, 0x00007f1554000000]
 total_blobs=286 nmethods=29 adapters=172
 compilation: enabled

Compilation events (10 events):
Event: 0.148 Thread 0x00007f15540c0000   24       1       java.net.URL::getProtocol (5 bytes)
Event: 0.148 Thread 0x00007f15540c0000 nmethod 24 0x00007f1545116d90 code [0x00007f1545116ee0, 0x00007f1545116ff0]
Event: 0.157 Thread 0x00007f15540c0000   25       3       sun.nio.cs.UTF_8$Encoder::encode (359 bytes)
Event: 0.157 Thread 0x00007f15540c0000 nmethod 25 0x00007f1545117050 code [0x00007f1545117240, 0x00007f1545117d58]
Event: 0.157 Thread 0x00007f15540c0000   26       1       java.net.URL::getHost (5 bytes)
Event: 0.157 Thread 0x00007f15540c0000 nmethod 26 0x00007f15451183d0 code [0x00007f1545118520, 0x00007f1545118630]
Event: 0.158 Thread 0x00007f15540c0000   27       1       java.net.URL::getPath (5 bytes)
Event: 0.158 Thread 0x00007f15540c0000 nmethod 27 0x00007f1545118a50 code [0x00007f1545118ba0, 0x00007f1545118cb0]
Event: 0.158 Thread 0x00007f15540c0000   28       3       java.util.concurrent.ConcurrentHashMap::tabAt (21 bytes)
Event: 0.158 Thread 0x00007f15540c0000 nmethod 28 0x00007f1545118d10 code [0x00007f1545118e80, 0x00007f15451190b0]

GC Heap History (0 events):
No events

Deoptimization events (0 events):
No events

Classes redefined (0 events):
No events

Internal exceptions (2 events):
Event: 0.035 Thread 0x00007f155400a800 Exception <a 'java/lang/NoSuchMethodError': Method sun.misc.Unsafe.defineClass(Ljava/lang/String;[BII)Ljava/lang/Class; name or signature does not match> (0x00000000d7387cc0) thrown at [/scratch/jenkins/workspace/8-2-build-linux-amd64/jdk8u331/2416/hotspo
Event: 0.035 Thread 0x00007f155400a800 Exception <a 'java/lang/NoSuchMethodError': Method sun.misc.Unsafe.prefetchRead(Ljava/lang/Object;J)V name or signature does not match> (0x00000000d7387fa8) thrown at [/scratch/jenkins/workspace/8-2-build-linux-amd64/jdk8u331/2416/hotspot/src/share/vm/pri

Events (10 events):
Event: 0.148 loading class org/pjsip/pjsua2/AccountSipConfig
Event: 0.148 loading class org/pjsip/pjsua2/AccountSipConfig done
Event: 0.148 loading class org/pjsip/pjsua2/AuthCredInfoVector
Event: 0.148 loading class org/pjsip/pjsua2/AuthCredInfoVector done
Event: 0.156 loading class org/pjsip/pjsua2/Account
Event: 0.156 loading class org/pjsip/pjsua2/Account done
Event: 0.157 loading class org/pjsip/pjsua2/Call
Event: 0.157 loading class org/pjsip/pjsua2/Call done
Event: 0.158 loading class org/pjsip/pjsua2/CallOpParam
Event: 0.158 loading class org/pjsip/pjsua2/CallOpParam done


Dynamic libraries:
85a00000-8ad00000 rw-p 00000000 00:00 0 
8ad00000-d7380000 ---p 00000000 00:00 0 
d7380000-d9c80000 rw-p 00000000 00:00 0 
d9c80000-100000000 ---p 00000000 00:00 0 
100000000-100080000 rw-p 00000000 00:00 0 
100080000-140000000 ---p 00000000 00:00 0 
556f9e400000-556f9e401000 r-xp 00000000 08:02 5248844                    /home/user/software/jdk1.8.0_331/bin/java
556f9e600000-556f9e601000 r--p 00000000 08:02 5248844                    /home/user/software/jdk1.8.0_331/bin/java
556f9e601000-556f9e602000 rw-p 00001000 08:02 5248844                    /home/user/software/jdk1.8.0_331/bin/java
556f9f318000-556f9f339000 rw-p 00000000 00:00 0                          [heap]
7f14d4000000-7f14d4021000 rw-p 00000000 00:00 0 
7f14d4021000-7f14d8000000 ---p 00000000 00:00 0 
7f14d8000000-7f14d8021000 rw-p 00000000 00:00 0 
7f14d8021000-7f14dc000000 ---p 00000000 00:00 0 
7f14dc000000-7f14e0000000 rw-s 00000000 00:01 9416                       /memfd:pulseaudio (deleted)
7f14e0000000-7f14e4000000 rw-s 00000000 00:01 1029                       /memfd:pulseaudio (deleted)
7f14e4000000-7f14e8000000 rw-s 00000000 00:01 9415                       /memfd:pulseaudio (deleted)
7f14e8000000-7f14e8021000 rw-p 00000000 00:00 0 
7f14e8021000-7f14ec000000 ---p 00000000 00:00 0 
7f14ee7fd000-7f14ee7fe000 ---p 00000000 00:00 0 
7f14ee7fe000-7f14eeffe000 rw-p 00000000 00:00 0 
7f14eeffe000-7f14eefff000 ---p 00000000 00:00 0 
7f14eefff000-7f14ef7ff000 rw-p 00000000 00:00 0 
7f14ef7ff000-7f14ef800000 ---p 00000000 00:00 0 
7f14ef800000-7f14f0000000 rw-p 00000000 00:00 0 
7f14f0000000-7f14f4000000 rw-s 00000000 00:01 9415                       /memfd:pulseaudio (deleted)
7f14f4000000-7f14f8000000 rw-s 00000000 00:01 10321                      /memfd:pulseaudio (deleted)
7f14f8000000-7f14fc000000 rw-s 00000000 00:01 1029                       /memfd:pulseaudio (deleted)
7f14fc000000-7f14fc021000 rw-p 00000000 00:00 0 
7f14fc021000-7f1500000000 ---p 00000000 00:00 0 
7f1500000000-7f1504000000 rw-s 00000000 00:01 8414                       /memfd:pulseaudio (deleted)
7f1504000000-7f1508000000 rw-s 00000000 00:01 8414                       /memfd:pulseaudio (deleted)
7f1508000000-7f1508021000 rw-p 00000000 00:00 0 
7f1508021000-7f150c000000 ---p 00000000 00:00 0 
7f150c000000-7f150c021000 rw-p 00000000 00:00 0 
7f150c021000-7f1510000000 ---p 00000000 00:00 0 
7f1510000000-7f1510021000 rw-p 00000000 00:00 0 
7f1510021000-7f1514000000 ---p 00000000 00:00 0 
7f1514000000-7f1514021000 rw-p 00000000 00:00 0 
7f1514021000-7f1518000000 ---p 00000000 00:00 0 
7f1518000000-7f1518021000 rw-p 00000000 00:00 0 
7f1518021000-7f151c000000 ---p 00000000 00:00 0 
7f151c000000-7f151c05e000 rw-p 00000000 00:00 0 
7f151c05e000-7f1520000000 ---p 00000000 00:00 0 
7f1520000000-7f1520021000 rw-p 00000000 00:00 0 
7f1520021000-7f1524000000 ---p 00000000 00:00 0 
7f152414e000-7f152414f000 ---p 00000000 00:00 0 
7f152414f000-7f152494f000 rw-p 00000000 00:00 0 
7f152494f000-7f1524950000 ---p 00000000 00:00 0 
7f1524950000-7f1525150000 rw-p 00000000 00:00 0 
7f1525150000-7f1525170000 r--p 00000000 08:02 1449217                    /usr/lib/x86_64-linux-gnu/libdb-5.3.so
7f1525170000-7f15252b2000 r-xp 00020000 08:02 1449217                    /usr/lib/x86_64-linux-gnu/libdb-5.3.so
7f15252b2000-7f15252f7000 r--p 00162000 08:02 1449217                    /usr/lib/x86_64-linux-gnu/libdb-5.3.so
7f15252f7000-7f15252fe000 r--p 001a6000 08:02 1449217                    /usr/lib/x86_64-linux-gnu/libdb-5.3.so
7f15252fe000-7f15252ff000 rw-p 001ad000 08:02 1449217                    /usr/lib/x86_64-linux-gnu/libdb-5.3.so
7f15252ff000-7f1525305000 r--p 00000000 08:02 1442494                    /usr/lib/x86_64-linux-gnu/libjack.so.0.0.28
7f1525305000-7f1525311000 r-xp 00006000 08:02 1442494                    /usr/lib/x86_64-linux-gnu/libjack.so.0.0.28
7f1525311000-7f1525316000 r--p 00012000 08:02 1442494                    /usr/lib/x86_64-linux-gnu/libjack.so.0.0.28
7f1525316000-7f1525317000 r--p 00016000 08:02 1442494                    /usr/lib/x86_64-linux-gnu/libjack.so.0.0.28
7f1525317000-7f1525318000 rw-p 00017000 08:02 1442494                    /usr/lib/x86_64-linux-gnu/libjack.so.0.0.28
7f1525318000-7f1525322000 rw-p 00000000 00:00 0 
7f1525333000-7f1525335000 r--p 00000000 08:02 2097964                    /usr/lib/x86_64-linux-gnu/alsa-lib/libasound_module_ctl_pulse.so
7f1525335000-7f1525338000 r-xp 00002000 08:02 2097964                    /usr/lib/x86_64-linux-gnu/alsa-lib/libasound_module_ctl_pulse.so
7f1525338000-7f1525339000 r--p 00005000 08:02 2097964                    /usr/lib/x86_64-linux-gnu/alsa-lib/libasound_module_ctl_pulse.so
7f1525339000-7f152533a000 r--p 00005000 08:02 2097964                    /usr/lib/x86_64-linux-gnu/alsa-lib/libasound_module_ctl_pulse.so
7f152533a000-7f152533b000 rw-p 00006000 08:02 2097964                    /usr/lib/x86_64-linux-gnu/alsa-lib/libasound_module_ctl_pulse.so
7f152533b000-7f15254a6000 r-xp 00000000 08:02 1450125                    /usr/lib/x86_64-linux-gnu/libsamplerate.so.0.1.8
7f15254a6000-7f15256a5000 ---p 0016b000 08:02 1450125                    /usr/lib/x86_64-linux-gnu/libsamplerate.so.0.1.8
7f15256a5000-7f15256a6000 r--p 0016a000 08:02 1450125                    /usr/lib/x86_64-linux-gnu/libsamplerate.so.0.1.8
7f15256a6000-7f15256a7000 rw-p 0016b000 08:02 1450125                    /usr/lib/x86_64-linux-gnu/libsamplerate.so.0.1.8
7f15256ad000-7f15256ae000 r--p 00000000 08:02 2097968                    /usr/lib/x86_64-linux-gnu/alsa-lib/libasound_module_pcm_upmix.so
7f15256ae000-7f15256b0000 r-xp 00001000 08:02 2097968                    /usr/lib/x86_64-linux-gnu/alsa-lib/libasound_module_pcm_upmix.so
7f15256b0000-7f15256b1000 r--p 00003000 08:02 2097968                    /usr/lib/x86_64-linux-gnu/alsa-lib/libasound_module_pcm_upmix.so
7f15256b1000-7f15256b2000 r--p 00003000 08:02 2097968                    /usr/lib/x86_64-linux-gnu/alsa-lib/libasound_module_pcm_upmix.so
7f15256b2000-7f15256b3000 rw-p 00004000 08:02 2097968                    /usr/lib/x86_64-linux-gnu/alsa-lib/libasound_module_pcm_upmix.so
7f15256b3000-7f15256b4000 r--p 00000000 08:02 2097966                    /usr/lib/x86_64-linux-gnu/alsa-lib/libasound_module_pcm_oss.so
7f15256b4000-7f15256b6000 r-xp 00001000 08:02 2097966                    /usr/lib/x86_64-linux-gnu/alsa-lib/libasound_module_pcm_oss.so
7f15256b6000-7f15256b7000 r--p 00003000 08:02 2097966                    /usr/lib/x86_64-linux-gnu/alsa-lib/libasound_module_pcm_oss.so
7f15256b7000-7f15256b8000 r--p 00003000 08:02 2097966                    /usr/lib/x86_64-linux-gnu/alsa-lib/libasound_module_pcm_oss.so
7f15256b8000-7f15256b9000 rw-p 00004000 08:02 2097966                    /usr/lib/x86_64-linux-gnu/alsa-lib/libasound_module_pcm_oss.so
7f15256b9000-7f15256bb000 r--p 00000000 08:02 2097965                    /usr/lib/x86_64-linux-gnu/alsa-lib/libasound_module_pcm_jack.so
7f15256bb000-7f15256bd000 r-xp 00002000 08:02 2097965                    /usr/lib/x86_64-linux-gnu/alsa-lib/libasound_module_pcm_jack.so
7f15256bd000-7f15256be000 r--p 00004000 08:02 2097965                    /usr/lib/x86_64-linux-gnu/alsa-lib/libasound_module_pcm_jack.so
7f15256be000-7f15256bf000 r--p 00004000 08:02 2097965                    /usr/lib/x86_64-linux-gnu/alsa-lib/libasound_module_pcm_jack.so
7f15256bf000-7f15256c0000 rw-p 00005000 08:02 2097965                    /usr/lib/x86_64-linux-gnu/alsa-lib/libasound_module_pcm_jack.so
7f15256c0000-7f15256c1000 ---p 00000000 00:00 0 
7f15256c1000-7f1525ec1000 rw-p 00000000 00:00 0 
7f1525ec1000-7f1525ec5000 r--p 00000000 08:02 1449497                    /usr/lib/x86_64-linux-gnu/libgpg-error.so.0.28.0
7f1525ec5000-7f1525ed8000 r-xp 00004000 08:02 1449497                    /usr/lib/x86_64-linux-gnu/libgpg-error.so.0.28.0
7f1525ed8000-7f1525ee2000 r--p 00017000 08:02 1449497                    /usr/lib/x86_64-linux-gnu/libgpg-error.so.0.28.0
7f1525ee2000-7f1525ee3000 r--p 00020000 08:02 1449497                    /usr/lib/x86_64-linux-gnu/libgpg-error.so.0.28.0
7f1525ee3000-7f1525ee4000 rw-p 00021000 08:02 1449497                    /usr/lib/x86_64-linux-gnu/libgpg-error.so.0.28.0
7f1525ee4000-7f1525ee8000 r--p 00000000 08:02 1449109                    /usr/lib/x86_64-linux-gnu/libbsd.so.0.10.0
7f1525ee8000-7f1525ef7000 r-xp 00004000 08:02 1449109                    /usr/lib/x86_64-linux-gnu/libbsd.so.0.10.0
7f1525ef7000-7f1525efa000 r--p 00013000 08:02 1449109                    /usr/lib/x86_64-linux-gnu/libbsd.so.0.10.0
7f1525efa000-7f1525efb000 ---p 00016000 08:02 1449109                    /usr/lib/x86_64-linux-gnu/libbsd.so.0.10.0
7f1525efb000-7f1525efc000 r--p 00016000 08:02 1449109                    /usr/lib/x86_64-linux-gnu/libbsd.so.0.10.0
7f1525efc000-7f1525efd000 rw-p 00017000 08:02 1449109                    /usr/lib/x86_64-linux-gnu/libbsd.so.0.10.0
7f1525efd000-7f1525efe000 rw-p 00000000 00:00 0 
7f1525efe000-7f1525f02000 r--p 00000000 08:02 1445806                    /usr/lib/x86_64-linux-gnu/libresolv-2.31.so
7f1525f02000-7f1525f12000 r-xp 00004000 08:02 1445806                    /usr/lib/x86_64-linux-gnu/libresolv-2.31.so
7f1525f12000-7f1525f16000 r--p 00014000 08:02 1445806                    /usr/lib/x86_64-linux-gnu/libresolv-2.31.so
7f1525f16000-7f1525f17000 r--p 00017000 08:02 1445806                    /usr/lib/x86_64-linux-gnu/libresolv-2.31.so
7f1525f17000-7f1525f18000 rw-p 00018000 08:02 1445806                    /usr/lib/x86_64-linux-gnu/libresolv-2.31.so
7f1525f18000-7f1525f1a000 rw-p 00000000 00:00 0 
7f1525f1a000-7f1525f2e000 r--p 00000000 08:02 1450341                    /usr/lib/x86_64-linux-gnu/libvorbisenc.so.2.0.11
7f1525f2e000-7f1525f31000 r-xp 00014000 08:02 1450341                    /usr/lib/x86_64-linux-gnu/libvorbisenc.so.2.0.11
7f1525f31000-7f1525fa8000 r--p 00017000 08:02 1450341                    /usr/lib/x86_64-linux-gnu/libvorbisenc.so.2.0.11
7f1525fa8000-7f1525fc4000 r--p 0008d000 08:02 1450341                    /usr/lib/x86_64-linux-gnu/libvorbisenc.so.2.0.11
7f1525fc4000-7f1525fc5000 rw-p 000a9000 08:02 1450341                    /usr/lib/x86_64-linux-gnu/libvorbisenc.so.2.0.11
7f1525fc5000-7f1525fc8000 r--p 00000000 08:02 1450339                    /usr/lib/x86_64-linux-gnu/libvorbis.so.0.4.8
7f1525fc8000-7f1525fdf000 r-xp 00003000 08:02 1450339                    /usr/lib/x86_64-linux-gnu/libvorbis.so.0.4.8
7f1525fdf000-7f1525ff0000 r--p 0001a000 08:02 1450339                    /usr/lib/x86_64-linux-gnu/libvorbis.so.0.4.8
7f1525ff0000-7f1525ff1000 ---p 0002b000 08:02 1450339                    /usr/lib/x86_64-linux-gnu/libvorbis.so.0.4.8
7f1525ff1000-7f1525ff2000 r--p 0002b000 08:02 1450339                    /usr/lib/x86_64-linux-gnu/libvorbis.so.0.4.8
7f1525ff2000-7f1525ff3000 rw-p 0002c000 08:02 1450339                    /usr/lib/x86_64-linux-gnu/libvorbis.so.0.4.8
7f1525ff3000-7f1525ff5000 r--p 00000000 08:02 1449917                    /usr/lib/x86_64-linux-gnu/libogg.so.0.8.4
7f1525ff5000-7f1525ffa000 r-xp 00002000 08:02 1449917                    /usr/lib/x86_64-linux-gnu/libogg.so.0.8.4
7f1525ffa000-7f1525ffd000 r--p 00007000 08:02 1449917                    /usr/lib/x86_64-linux-gnu/libogg.so.0.8.4
7f1525ffd000-7f1525ffe000 ---p 0000a000 08:02 1449917                    /usr/lib/x86_64-linux-gnu/libogg.so.0.8.4
7f1525ffe000-7f1525fff000 r--p 0000a000 08:02 1449917                    /usr/lib/x86_64-linux-gnu/libogg.so.0.8.4
7f1525fff000-7f1526000000 rw-p 0000b000 08:02 1449917                    /usr/lib/x86_64-linux-gnu/libogg.so.0.8.4
7f1526000000-7f1526008000 r--p 00000000 08:02 1448904                    /usr/lib/x86_64-linux-gnu/libFLAC.so.8.3.0
7f1526008000-7f1526031000 r-xp 00008000 08:02 1448904                    /usr/lib/x86_64-linux-gnu/libFLAC.so.8.3.0
7f1526031000-7f152603b000 r--p 00031000 08:02 1448904                    /usr/lib/x86_64-linux-gnu/libFLAC.so.8.3.0
7f152603b000-7f152603c000 ---p 0003b000 08:02 1448904                    /usr/lib/x86_64-linux-gnu/libFLAC.so.8.3.0
7f152603c000-7f152603d000 r--p 0003b000 08:02 1448904                    /usr/lib/x86_64-linux-gnu/libFLAC.so.8.3.0
7f152603d000-7f152603e000 rw-p 0003c000 08:02 1448904                    /usr/lib/x86_64-linux-gnu/libFLAC.so.8.3.0
7f152603e000-7f1526042000 r--p 00000000 08:02 1445797                    /usr/lib/x86_64-linux-gnu/libnsl-2.31.so
7f1526042000-7f1526052000 r-xp 00004000 08:02 1445797                    /usr/lib/x86_64-linux-gnu/libnsl-2.31.so
7f1526052000-7f1526057000 r--p 00014000 08:02 1445797                    /usr/lib/x86_64-linux-gnu/libnsl-2.31.so
7f1526057000-7f1526058000 r--p 00018000 08:02 1445797                    /usr/lib/x86_64-linux-gnu/libnsl-2.31.so
7f1526058000-7f1526059000 rw-p 00019000 08:02 1445797                    /usr/lib/x86_64-linux-gnu/libnsl-2.31.so
7f1526059000-7f152605b000 rw-p 00000000 00:00 0 
7f152605b000-7f1526067000 r--p 00000000 08:02 1447651                    /usr/lib/x86_64-linux-gnu/libgcrypt.so.20.2.5
7f1526067000-7f1526135000 r-xp 0000c000 08:02 1447651                    /usr/lib/x86_64-linux-gnu/libgcrypt.so.20.2.5
7f1526135000-7f1526172000 r--p 000da000 08:02 1447651                    /usr/lib/x86_64-linux-gnu/libgcrypt.so.20.2.5
7f1526172000-7f1526174000 r--p 00116000 08:02 1447651                    /usr/lib/x86_64-linux-gnu/libgcrypt.so.20.2.5
7f1526174000-7f1526179000 rw-p 00118000 08:02 1447651                    /usr/lib/x86_64-linux-gnu/libgcrypt.so.20.2.5
7f1526179000-7f152617b000 r--p 00000000 08:02 1449762                    /usr/lib/x86_64-linux-gnu/liblz4.so.1.9.2
7f152617b000-7f1526195000 r-xp 00002000 08:02 1449762                    /usr/lib/x86_64-linux-gnu/liblz4.so.1.9.2
7f1526195000-7f1526198000 r--p 0001c000 08:02 1449762                    /usr/lib/x86_64-linux-gnu/liblz4.so.1.9.2
7f1526198000-7f1526199000 r--p 0001e000 08:02 1449762                    /usr/lib/x86_64-linux-gnu/liblz4.so.1.9.2
7f1526199000-7f152619a000 rw-p 0001f000 08:02 1449762                    /usr/lib/x86_64-linux-gnu/liblz4.so.1.9.2
7f152619a000-7f152619d000 r--p 00000000 08:02 1443497                    /usr/lib/x86_64-linux-gnu/liblzma.so.5.2.4
7f152619d000-7f15261b5000 r-xp 00003000 08:02 1443497                    /usr/lib/x86_64-linux-gnu/liblzma.so.5.2.4
7f15261b5000-7f15261c0000 r--p 0001b000 08:02 1443497                    /usr/lib/x86_64-linux-gnu/liblzma.so.5.2.4
7f15261c0000-7f15261c1000 ---p 00026000 08:02 1443497                    /usr/lib/x86_64-linux-gnu/liblzma.so.5.2.4
7f15261c1000-7f15261c2000 r--p 00026000 08:02 1443497                    /usr/lib/x86_64-linux-gnu/liblzma.so.5.2.4
7f15261c2000-7f15261c3000 rw-p 00027000 08:02 1443497                    /usr/lib/x86_64-linux-gnu/liblzma.so.5.2.4
7f15261c3000-7f15261c5000 r--p 00000000 08:02 1448951                    /usr/lib/x86_64-linux-gnu/libXdmcp.so.6.0.0
7f15261c5000-7f15261c7000 r-xp 00002000 08:02 1448951                    /usr/lib/x86_64-linux-gnu/libXdmcp.so.6.0.0
7f15261c7000-7f15261c9000 r--p 00004000 08:02 1448951                    /usr/lib/x86_64-linux-gnu/libXdmcp.so.6.0.0
7f15261c9000-7f15261ca000 r--p 00005000 08:02 1448951                    /usr/lib/x86_64-linux-gnu/libXdmcp.so.6.0.0
7f15261ca000-7f15261cb000 rw-p 00006000 08:02 1448951                    /usr/lib/x86_64-linux-gnu/libXdmcp.so.6.0.0
7f15261cb000-7f15261ce000 r--p 00000000 08:02 1449007                    /usr/lib/x86_64-linux-gnu/libapparmor.so.1.6.1
7f15261ce000-7f15261d7000 r-xp 00003000 08:02 1449007                    /usr/lib/x86_64-linux-gnu/libapparmor.so.1.6.1
7f15261d7000-7f15261de000 r--p 0000c000 08:02 1449007                    /usr/lib/x86_64-linux-gnu/libapparmor.so.1.6.1
7f15261de000-7f15261df000 r--p 00012000 08:02 1449007                    /usr/lib/x86_64-linux-gnu/libapparmor.so.1.6.1
7f15261df000-7f15261e0000 rw-p 00013000 08:02 1449007                    /usr/lib/x86_64-linux-gnu/libapparmor.so.1.6.1
7f15261e0000-7f15261e5000 r-xp 00000000 08:02 1449028                    /usr/lib/x86_64-linux-gnu/libasyncns.so.0.3.1
7f15261e5000-7f15263e4000 ---p 00005000 08:02 1449028                    /usr/lib/x86_64-linux-gnu/libasyncns.so.0.3.1
7f15263e4000-7f15263e5000 r--p 00004000 08:02 1449028                    /usr/lib/x86_64-linux-gnu/libasyncns.so.0.3.1
7f15263e5000-7f15263e6000 rw-p 00005000 08:02 1449028                    /usr/lib/x86_64-linux-gnu/libasyncns.so.0.3.1
7f15263e6000-7f15263ed000 r--p 00000000 08:02 1450170                    /usr/lib/x86_64-linux-gnu/libsndfile.so.1.0.28
7f15263ed000-7f1526440000 r-xp 00007000 08:02 1450170                    /usr/lib/x86_64-linux-gnu/libsndfile.so.1.0.28
7f1526440000-7f152645d000 r--p 0005a000 08:02 1450170                    /usr/lib/x86_64-linux-gnu/libsndfile.so.1.0.28
7f152645d000-7f152645e000 ---p 00077000 08:02 1450170                    /usr/lib/x86_64-linux-gnu/libsndfile.so.1.0.28
7f152645e000-7f1526461000 r--p 00077000 08:02 1450170                    /usr/lib/x86_64-linux-gnu/libsndfile.so.1.0.28
7f1526461000-7f1526462000 rw-p 0007a000 08:02 1450170                    /usr/lib/x86_64-linux-gnu/libsndfile.so.1.0.28
7f1526462000-7f1526464000 rw-p 00000000 00:00 0 
7f1526464000-7f1526474000 r--p 00000000 08:02 1446018                    /usr/lib/x86_64-linux-gnu/libsystemd.so.0.28.0
7f1526474000-7f15264e9000 r-xp 00010000 08:02 1446018                    /usr/lib/x86_64-linux-gnu/libsystemd.so.0.28.0
7f15264e9000-7f152650e000 r--p 00085000 08:02 1446018                    /usr/lib/x86_64-linux-gnu/libsystemd.so.0.28.0
7f152650e000-7f1526511000 r--p 000a9000 08:02 1446018                    /usr/lib/x86_64-linux-gnu/libsystemd.so.0.28.0
7f1526511000-7f1526512000 rw-p 000ac000 08:02 1446018                    /usr/lib/x86_64-linux-gnu/libsystemd.so.0.28.0
7f1526512000-7f1526513000 rw-p 00000000 00:00 0 
7f1526513000-7f152651e000 r--p 00000000 08:02 1450442                    /usr/lib/x86_64-linux-gnu/libxcb.so.1.1.0
7f152651e000-7f1526532000 r-xp 0000b000 08:02 1450442                    /usr/lib/x86_64-linux-gnu/libxcb.so.1.1.0
7f1526532000-7f152653b000 r--p 0001f000 08:02 1450442                    /usr/lib/x86_64-linux-gnu/libxcb.so.1.1.0
7f152653b000-7f152653c000 r--p 00027000 08:02 1450442                    /usr/lib/x86_64-linux-gnu/libxcb.so.1.1.0
7f152653c000-7f152653d000 rw-p 00028000 08:02 1450442                    /usr/lib/x86_64-linux-gnu/libxcb.so.1.1.0
7f152653d000-7f1526548000 r--p 00000000 08:02 1442000                    /usr/lib/x86_64-linux-gnu/libdbus-1.so.3.19.11
7f1526548000-7f1526576000 r-xp 0000b000 08:02 1442000                    /usr/lib/x86_64-linux-gnu/libdbus-1.so.3.19.11
7f1526576000-7f152658b000 r--p 00039000 08:02 1442000                    /usr/lib/x86_64-linux-gnu/libdbus-1.so.3.19.11
7f152658b000-7f152658c000 ---p 0004e000 08:02 1442000                    /usr/lib/x86_64-linux-gnu/libdbus-1.so.3.19.11
7f152658c000-7f152658d000 r--p 0004e000 08:02 1442000                    /usr/lib/x86_64-linux-gnu/libdbus-1.so.3.19.11
7f152658d000-7f152658e000 rw-p 0004f000 08:02 1442000                    /usr/lib/x86_64-linux-gnu/libdbus-1.so.3.19.11
7f152658e000-7f152659f000 r--p 00000000 08:02 2097637                    /usr/lib/x86_64-linux-gnu/pulseaudio/libpulsecommon-13.99.so
7f152659f000-7f15265e7000 r-xp 00011000 08:02 2097637                    /usr/lib/x86_64-linux-gnu/pulseaudio/libpulsecommon-13.99.so
7f15265e7000-7f152660c000 r--p 00059000 08:02 2097637                    /usr/lib/x86_64-linux-gnu/pulseaudio/libpulsecommon-13.99.so
7f152660c000-7f152660d000 ---p 0007e000 08:02 2097637                    /usr/lib/x86_64-linux-gnu/pulseaudio/libpulsecommon-13.99.so
7f152660d000-7f152660f000 r--p 0007e000 08:02 2097637                    /usr/lib/x86_64-linux-gnu/pulseaudio/libpulsecommon-13.99.so
7f152660f000-7f1526610000 rw-p 00080000 08:02 2097637                    /usr/lib/x86_64-linux-gnu/pulseaudio/libpulsecommon-13.99.so
7f1526610000-7f152661c000 r--p 00000000 08:02 1442666                    /usr/lib/x86_64-linux-gnu/libpulse.so.0.21.2
7f152661c000-7f152664c000 r-xp 0000c000 08:02 1442666                    /usr/lib/x86_64-linux-gnu/libpulse.so.0.21.2
7f152664c000-7f1526662000 r--p 0003c000 08:02 1442666                    /usr/lib/x86_64-linux-gnu/libpulse.so.0.21.2
7f1526662000-7f1526664000 r--p 00051000 08:02 1442666                    /usr/lib/x86_64-linux-gnu/libpulse.so.0.21.2
7f1526664000-7f1526665000 rw-p 00053000 08:02 1442666                    /usr/lib/x86_64-linux-gnu/libpulse.so.0.21.2
7f1526667000-7f1526668000 r--p 00000000 08:02 2097976                    /usr/lib/x86_64-linux-gnu/alsa-lib/libasound_module_rate_speexrate.so
7f1526668000-7f152666b000 r-xp 00001000 08:02 2097976                    /usr/lib/x86_64-linux-gnu/alsa-lib/libasound_module_rate_speexrate.so
7f152666b000-7f152666c000 r--p 00004000 08:02 2097976                    /usr/lib/x86_64-linux-gnu/alsa-lib/libasound_module_rate_speexrate.so
7f152666c000-7f152666d000 r--p 00004000 08:02 2097976                    /usr/lib/x86_64-linux-gnu/alsa-lib/libasound_module_rate_speexrate.so
7f152666d000-7f152666e000 rw-p 00005000 08:02 2097976                    /usr/lib/x86_64-linux-gnu/alsa-lib/libasound_module_rate_speexrate.so
7f152666e000-7f1526670000 r--p 00000000 08:02 2097967                    /usr/lib/x86_64-linux-gnu/alsa-lib/libasound_module_pcm_pulse.so
7f1526670000-7f1526673000 r-xp 00002000 08:02 2097967                    /usr/lib/x86_64-linux-gnu/alsa-lib/libasound_module_pcm_pulse.so
7f1526673000-7f1526674000 r--p 00005000 08:02 2097967                    /usr/lib/x86_64-linux-gnu/alsa-lib/libasound_module_pcm_pulse.so
7f1526674000-7f1526675000 ---p 00006000 08:02 2097967                    /usr/lib/x86_64-linux-gnu/alsa-lib/libasound_module_pcm_pulse.so
7f1526675000-7f1526676000 r--p 00006000 08:02 2097967                    /usr/lib/x86_64-linux-gnu/alsa-lib/libasound_module_pcm_pulse.so
7f1526676000-7f1526677000 rw-p 00007000 08:02 2097967                    /usr/lib/x86_64-linux-gnu/alsa-lib/libasound_module_pcm_pulse.so
7f1526677000-7f152667e000 r--s 00000000 08:02 2102563                    /usr/lib/x86_64-linux-gnu/gconv/gconv-modules.cache
7f152667e000-7f1526680000 r--p 00000000 08:02 2234013                    /usr/local/lib/libilbccodec.so.2
7f1526680000-7f152668a000 r-xp 00002000 08:02 2234013                    /usr/local/lib/libilbccodec.so.2
7f152668a000-7f152668c000 r--p 0000c000 08:02 2234013                    /usr/local/lib/libilbccodec.so.2
7f152668c000-7f152668d000 r--p 0000d000 08:02 2234013                    /usr/local/lib/libilbccodec.so.2
7f152668d000-7f152668f000 rw-p 0000e000 08:02 2234013                    /usr/local/lib/libilbccodec.so.2
7f152668f000-7f15266b9000 r--p 00000000 08:02 1442673                    /usr/lib/x86_64-linux-gnu/libasound.so.2.0.0
7f15266b9000-7f1526748000 r-xp 0002a000 08:02 1442673                    /usr/lib/x86_64-linux-gnu/libasound.so.2.0.0
7f1526748000-7f1526782000 r--p 000b9000 08:02 1442673                    /usr/lib/x86_64-linux-gnu/libasound.so.2.0.0
7f1526782000-7f1526789000 r--p 000f2000 08:02 1442673                    /usr/lib/x86_64-linux-gnu/libasound.so.2.0.0
7f1526789000-7f152678a000 rw-p 000f9000 08:02 1442673                    /usr/lib/x86_64-linux-gnu/libasound.so.2.0.0
7f152678a000-7f15267a6000 r--p 00000000 08:02 1444253                    /usr/lib/x86_64-linux-gnu/libssl.so.1.1
7f15267a6000-7f15267f5000 r-xp 0001c000 08:02 1444253                    /usr/lib/x86_64-linux-gnu/libssl.so.1.1
7f15267f5000-7f152680f000 r--p 0006b000 08:02 1444253                    /usr/lib/x86_64-linux-gnu/libssl.so.1.1
7f152680f000-7f1526810000 ---p 00085000 08:02 1444253                    /usr/lib/x86_64-linux-gnu/libssl.so.1.1
7f1526810000-7f1526819000 r--p 00085000 08:02 1444253                    /usr/lib/x86_64-linux-gnu/libssl.so.1.1
7f1526819000-7f152681d000 rw-p 0008e000 08:02 1444253                    /usr/lib/x86_64-linux-gnu/libssl.so.1.1
7f152681d000-7f1526823000 r--p 00000000 08:02 2234019                    /usr/local/lib/libwebrtc.so.2
7f1526823000-7f152683c000 r-xp 00006000 08:02 2234019                    /usr/local/lib/libwebrtc.so.2
7f152683c000-7f1526844000 r--p 0001f000 08:02 2234019                    /usr/local/lib/libwebrtc.so.2
7f1526844000-7f1526845000 r--p 00026000 08:02 2234019                    /usr/local/lib/libwebrtc.so.2
7f1526845000-7f1526846000 rw-p 00027000 08:02 2234019                    /usr/local/lib/libwebrtc.so.2
7f1526846000-7f152684c000 r--p 00000000 08:02 2234011                    /usr/local/lib/libspeex.so.2
7f152684c000-7f152686a000 r-xp 00006000 08:02 2234011                    /usr/local/lib/libspeex.so.2
7f152686a000-7f1526872000 r--p 00024000 08:02 2234011                    /usr/local/lib/libspeex.so.2
7f1526872000-7f1526873000 ---p 0002c000 08:02 2234011                    /usr/local/lib/libspeex.so.2
7f1526873000-7f1526874000 r--p 0002c000 08:02 2234011                    /usr/local/lib/libspeex.so.2
7f1526874000-7f1526875000 rw-p 0002d000 08:02 2234011                    /usr/local/lib/libspeex.so.2
7f1526875000-7f1526876000 r--p 00000000 08:02 2234007                    /usr/local/lib/libresample.so.2
7f1526876000-7f1526877000 r-xp 00001000 08:02 2234007                    /usr/local/lib/libresample.so.2
7f1526877000-7f1526882000 r--p 00002000 08:02 2234007                    /usr/local/lib/libresample.so.2
7f1526882000-7f1526883000 r--p 0000c000 08:02 2234007                    /usr/local/lib/libresample.so.2
7f1526883000-7f1526884000 rw-p 0000d000 08:02 2234007                    /usr/local/lib/libresample.so.2
7f1526884000-7f1526889000 r--p 00000000 08:02 2234005                    /usr/local/lib/libsrtp.so.2
7f1526889000-7f1526894000 r-xp 00005000 08:02 2234005                    /usr/local/lib/libsrtp.so.2
7f1526894000-7f1526898000 r--p 00010000 08:02 2234005                    /usr/local/lib/libsrtp.so.2
7f1526898000-7f1526899000 r--p 00013000 08:02 2234005                    /usr/local/lib/libsrtp.so.2
7f1526899000-7f152689a000 rw-p 00014000 08:02 2234005                    /usr/local/lib/libsrtp.so.2
7f152689a000-7f1526912000 r--p 00000000 08:02 1442325                    /usr/lib/x86_64-linux-gnu/libcrypto.so.1.1
7f1526912000-7f1526aad000 r-xp 00078000 08:02 1442325                    /usr/lib/x86_64-linux-gnu/libcrypto.so.1.1
7f1526aad000-7f1526b3e000 r--p 00213000 08:02 1442325                    /usr/lib/x86_64-linux-gnu/libcrypto.so.1.1
7f1526b3e000-7f1526b6a000 r--p 002a3000 08:02 1442325                    /usr/lib/x86_64-linux-gnu/libcrypto.so.1.1
7f1526b6a000-7f1526b6c000 rw-p 002cf000 08:02 1442325                    /usr/lib/x86_64-linux-gnu/libcrypto.so.1.1
7f1526b6c000-7f1526b70000 rw-p 00000000 00:00 0 
7f1526b70000-7f1526b78000 r--p 00000000 08:02 2234039                    /usr/local/lib/libpjnath.so.2
7f1526b78000-7f1526b96000 r-xp 00008000 08:02 2234039                    /usr/local/lib/libpjnath.so.2
7f1526b96000-7f1526ba2000 r--p 00026000 08:02 2234039                    /usr/local/lib/libpjnath.so.2
7f1526ba2000-7f1526ba3000 r--p 00031000 08:02 2234039                    /usr/local/lib/libpjnath.so.2
7f1526ba3000-7f1526ba5000 rw-p 00032000 08:02 2234039                    /usr/local/lib/libpjnath.so.2
7f1526ba5000-7f1526ba8000 r--p 00000000 08:02 2234031                    /usr/local/lib/libpjmedia-codec.so.2
7f1526ba8000-7f1526bb0000 r-xp 00003000 08:02 2234031                    /usr/local/lib/libpjmedia-codec.so.2
7f1526bb0000-7f1526bb3000 r--p 0000b000 08:02 2234031                    /usr/local/lib/libpjmedia-codec.so.2
7f1526bb3000-7f1526bb4000 r--p 0000d000 08:02 2234031                    /usr/local/lib/libpjmedia-codec.so.2
7f1526bb4000-7f1526bb5000 rw-p 0000e000 08:02 2234031                    /usr/local/lib/libpjmedia-codec.so.2
7f1526bb5000-7f1526bc1000 r--p 00000000 08:02 2234043                    /usr/local/lib/libpj.so.2
7f1526bc1000-7f1526bdf000 r-xp 0000c000 08:02 2234043                    /usr/local/lib/libpj.so.2
7f1526bdf000-7f1526bea000 r--p 0002a000 08:02 2234043                    /usr/local/lib/libpj.so.2
7f1526bea000-7f1526beb000 ---p 00035000 08:02 2234043                    /usr/local/lib/libpj.so.2
7f1526beb000-7f1526bec000 r--p 00035000 08:02 2234043                    /usr/local/lib/libpj.so.2
7f1526bec000-7f1526bed000 rw-p 00036000 08:02 2234043                    /usr/local/lib/libpj.so.2
7f1526bed000-7f1526bef000 rw-p 00000000 00:00 0 
7f1526bef000-7f1526bfd000 r--p 00000000 08:02 2234023                    /usr/local/lib/libpjsua.so.2
7f1526bfd000-7f1526c32000 r-xp 0000e000 08:02 2234023                    /usr/local/lib/libpjsua.so.2
7f1526c32000-7f1526c3f000 r--p 00043000 08:02 2234023                    /usr/local/lib/libpjsua.so.2
7f1526c3f000-7f1526c40000 r--p 0004f000 08:02 2234023                    /usr/local/lib/libpjsua.so.2
7f1526c40000-7f1526c42000 rw-p 00050000 08:02 2234023                    /usr/local/lib/libpjsua.so.2
7f1526c42000-7f1526d24000 rw-p 00000000 00:00 0 
7f1526d24000-7f1526d73000 r--p 00000000 08:02 3415529                    /home/user/NetBeansProjects/pjsuaCall/src/pjsuacall/dynamicLib/libpjsua2.so
7f1526d73000-7f1526dff000 r-xp 0004f000 08:02 3415529                    /home/user/NetBeansProjects/pjsuaCall/src/pjsuacall/dynamicLib/libpjsua2.so
7f1526dff000-7f1526e35000 r--p 000db000 08:02 3415529                    /home/user/NetBeansProjects/pjsuaCall/src/pjsuacall/dynamicLib/libpjsua2.so
7f1526e35000-7f1526e36000 ---p 00111000 08:02 3415529                    /home/user/NetBeansProjects/pjsuaCall/src/pjsuacall/dynamicLib/libpjsua2.so
7f1526e36000-7f1526e37000 r--p 00111000 08:02 3415529                    /home/user/NetBeansProjects/pjsuaCall/src/pjsuacall/dynamicLib/libpjsua2.so
7f1526e37000-7f1526e39000 rw-p 00112000 08:02 3415529                    /home/user/NetBeansProjects/pjsuaCall/src/pjsuacall/dynamicLib/libpjsua2.so
7f1526e39000-7f1526ecf000 r--p 00000000 08:02 1450209                    /usr/lib/x86_64-linux-gnu/libstdc++.so.6.0.28
7f1526ecf000-7f1526fc0000 r-xp 00096000 08:02 1450209                    /usr/lib/x86_64-linux-gnu/libstdc++.so.6.0.28
7f1526fc0000-7f1527009000 r--p 00187000 08:02 1450209                    /usr/lib/x86_64-linux-gnu/libstdc++.so.6.0.28
7f1527009000-7f152700a000 ---p 001d0000 08:02 1450209                    /usr/lib/x86_64-linux-gnu/libstdc++.so.6.0.28
7f152700a000-7f1527015000 r--p 001d0000 08:02 1450209                    /usr/lib/x86_64-linux-gnu/libstdc++.so.6.0.28
7f1527015000-7f1527018000 rw-p 001db000 08:02 1450209                    /usr/lib/x86_64-linux-gnu/libstdc++.so.6.0.28
7f1527018000-7f152701b000 rw-p 00000000 00:00 0 
7f152701b000-7f1527184000 r-xp 00000000 08:02 3415530                    /home/user/NetBeansProjects/pjsuaCall/src/pjsuacall/dynamicLib/libopenh264.so
7f1527184000-7f1527384000 ---p 00169000 08:02 3415530                    /home/user/NetBeansProjects/pjsuaCall/src/pjsuacall/dynamicLib/libopenh264.so
7f1527384000-7f1527387000 r--p 00169000 08:02 3415530                    /home/user/NetBeansProjects/pjsuaCall/src/pjsuacall/dynamicLib/libopenh264.so
7f1527387000-7f1527389000 rw-p 0016c000 08:02 3415530                    /home/user/NetBeansProjects/pjsuaCall/src/pjsuacall/dynamicLib/libopenh264.so
7f1527389000-7f152738a000 ---p 00000000 00:00 0 
7f152738a000-7f152748a000 rw-p 00000000 00:00 0 
7f152748a000-7f152748d000 ---p 00000000 00:00 0 
7f152748d000-7f152758b000 rw-p 00000000 00:00 0 
7f152758b000-7f152758c000 ---p 00000000 00:00 0 
7f152758c000-7f152758f000 ---p 00000000 00:00 0 
7f152758f000-7f152768c000 rw-p 00000000 00:00 0 
7f152768c000-7f152768d000 ---p 00000000 00:00 0 
7f152768d000-7f1527690000 ---p 00000000 00:00 0 
7f1527690000-7f152778d000 rw-p 00000000 00:00 0 
7f152778d000-7f152778e000 ---p 00000000 00:00 0 
7f152778e000-7f1527791000 ---p 00000000 00:00 0 
7f1527791000-7f152788e000 rw-p 00000000 00:00 0 
7f152788e000-7f1527891000 ---p 00000000 00:00 0 
7f1527891000-7f152798f000 rw-p 00000000 00:00 0 
7f152798f000-7f1527eff000 r--p 00000000 08:02 1444832                    /usr/lib/locale/locale-archive
7f1527eff000-7f1527f02000 ---p 00000000 00:00 0 
7f1527f02000-7f1528000000 rw-p 00000000 00:00 0 
7f1528000000-7f1528021000 rw-p 00000000 00:00 0 
7f1528021000-7f152c000000 ---p 00000000 00:00 0 
7f152c000000-7f152c021000 rw-p 00000000 00:00 0 
7f152c021000-7f1530000000 ---p 00000000 00:00 0 
7f1530000000-7f1530021000 rw-p 00000000 00:00 0 
7f1530021000-7f1534000000 ---p 00000000 00:00 0 
7f1534000000-7f1534021000 rw-p 00000000 00:00 0 
7f1534021000-7f1538000000 ---p 00000000 00:00 0 
7f1538000000-7f1538021000 rw-p 00000000 00:00 0 
7f1538021000-7f153c000000 ---p 00000000 00:00 0 
7f153c002000-7f153c003000 r--p 00000000 08:02 2234009                    /usr/local/lib/libgsmcodec.so.2
7f153c003000-7f153c00b000 r-xp 00001000 08:02 2234009                    /usr/local/lib/libgsmcodec.so.2
7f153c00b000-7f153c00c000 r--p 00009000 08:02 2234009                    /usr/local/lib/libgsmcodec.so.2
7f153c00c000-7f153c00d000 r--p 00009000 08:02 2234009                    /usr/local/lib/libgsmcodec.so.2
7f153c00d000-7f153c00e000 rw-p 0000a000 08:02 2234009                    /usr/local/lib/libgsmcodec.so.2
7f153c00e000-7f153c01c000 r--p 00000000 08:02 2234035                    /usr/local/lib/libpjmedia.so.2
7f153c01c000-7f153c054000 r-xp 0000e000 08:02 2234035                    /usr/local/lib/libpjmedia.so.2
7f153c054000-7f153c071000 r--p 00046000 08:02 2234035                    /usr/local/lib/libpjmedia.so.2
7f153c071000-7f153c072000 ---p 00063000 08:02 2234035                    /usr/local/lib/libpjmedia.so.2
7f153c072000-7f153c073000 r--p 00063000 08:02 2234035                    /usr/local/lib/libpjmedia.so.2
7f153c073000-7f153c075000 rw-p 00064000 08:02 2234035                    /usr/local/lib/libpjmedia.so.2
7f153c075000-7f153c076000 rw-p 00000000 00:00 0 
7f153c076000-7f153c084000 r--p 00000000 08:02 2234029                    /usr/local/lib/libpjsip.so.2
7f153c084000-7f153c0b4000 r-xp 0000e000 08:02 2234029                    /usr/local/lib/libpjsip.so.2
7f153c0b4000-7f153c0c5000 r--p 0003e000 08:02 2234029                    /usr/local/lib/libpjsip.so.2
7f153c0c5000-7f153c0c7000 r--p 0004e000 08:02 2234029                    /usr/local/lib/libpjsip.so.2
7f153c0c7000-7f153c0c9000 rw-p 00050000 08:02 2234029                    /usr/local/lib/libpjsip.so.2
7f153c0c9000-7f153c0ce000 rw-p 00000000 00:00 0 
7f153c0ce000-7f153c0d1000 ---p 00000000 00:00 0 
7f153c0d1000-7f153c1cf000 rw-p 00000000 00:00 0 
7f153c1cf000-7f153c1d0000 ---p 00000000 00:00 0 
7f153c1d0000-7f1540000000 rw-p 00000000 00:00 0 
7f1540000000-7f1540021000 rw-p 00000000 00:00 0 
7f1540021000-7f1544000000 ---p 00000000 00:00 0 
7f1544000000-7f1544001000 r--p 00000000 08:02 2097970                    /usr/lib/x86_64-linux-gnu/alsa-lib/libasound_module_pcm_vdownmix.so
7f1544001000-7f1544002000 r-xp 00001000 08:02 2097970                    /usr/lib/x86_64-linux-gnu/alsa-lib/libasound_module_pcm_vdownmix.so
7f1544002000-7f1544003000 r--p 00002000 08:02 2097970                    /usr/lib/x86_64-linux-gnu/alsa-lib/libasound_module_pcm_vdownmix.so
7f1544003000-7f1544004000 r--p 00002000 08:02 2097970                    /usr/lib/x86_64-linux-gnu/alsa-lib/libasound_module_pcm_vdownmix.so
7f1544004000-7f1544005000 rw-p 00003000 08:02 2097970                    /usr/lib/x86_64-linux-gnu/alsa-lib/libasound_module_pcm_vdownmix.so
7f1544005000-7f154400b000 r--p 00000000 08:02 2234025                    /usr/local/lib/libpjsip-ua.so.2
7f154400b000-7f154401d000 r-xp 00006000 08:02 2234025                    /usr/local/lib/libpjsip-ua.so.2
7f154401d000-7f1544023000 r--p 00018000 08:02 2234025                    /usr/local/lib/libpjsip-ua.so.2
7f1544023000-7f1544024000 r--p 0001d000 08:02 2234025                    /usr/local/lib/libpjsip-ua.so.2
7f1544024000-7f1544025000 rw-p 0001e000 08:02 2234025                    /usr/local/lib/libpjsip-ua.so.2
7f1544025000-7f154402c000 r--p 00000000 08:02 2234041                    /usr/local/lib/libpjlib-util.so.2
7f154402c000-7f1544046000 r-xp 00007000 08:02 2234041                    /usr/local/lib/libpjlib-util.so.2
7f1544046000-7f154404e000 r--p 00021000 08:02 2234041                    /usr/local/lib/libpjlib-util.so.2
7f154404e000-7f154404f000 r--p 00028000 08:02 2234041                    /usr/local/lib/libpjlib-util.so.2
7f154404f000-7f1544050000 rw-p 00029000 08:02 2234041                    /usr/local/lib/libpjlib-util.so.2
7f1544050000-7f1544056000 r--p 00000000 08:02 2234027                    /usr/local/lib/libpjsip-simple.so.2
7f1544056000-7f1544061000 r-xp 00006000 08:02 2234027                    /usr/local/lib/libpjsip-simple.so.2
7f1544061000-7f1544065000 r--p 00011000 08:02 2234027                    /usr/local/lib/libpjsip-simple.so.2
7f1544065000-7f1544066000 ---p 00015000 08:02 2234027                    /usr/local/lib/libpjsip-simple.so.2
7f1544066000-7f1544067000 r--p 00015000 08:02 2234027                    /usr/local/lib/libpjsip-simple.so.2
7f1544067000-7f1544068000 rw-p 00016000 08:02 2234027                    /usr/local/lib/libpjsip-simple.so.2
7f1544068000-7f1544084000 r--p 00000000 08:02 2234021                    /usr/local/lib/libpjsua2.so.2
7f1544084000-7f15440d8000 r-xp 0001c000 08:02 2234021                    /usr/local/lib/libpjsua2.so.2
7f15440d8000-7f15440ed000 r--p 00070000 08:02 2234021                    /usr/local/lib/libpjsua2.so.2
7f15440ed000-7f15440ef000 r--p 00084000 08:02 2234021                    /usr/local/lib/libpjsua2.so.2
7f15440ef000-7f15440f1000 rw-p 00086000 08:02 2234021                    /usr/local/lib/libpjsua2.so.2
7f15440f1000-7f1545000000 rw-p 00000000 00:00 0 
7f1545000000-7f1545270000 rwxp 00000000 00:00 0 
7f1545270000-7f1554000000 ---p 00000000 00:00 0 
7f1554000000-7f155428f000 rw-p 00000000 00:00 0 
7f155428f000-7f1558000000 ---p 00000000 00:00 0 
7f1558001000-7f1558003000 r--p 00000000 08:02 1442187                    /usr/lib/x86_64-linux-gnu/libuuid.so.1.3.0
7f1558003000-7f1558007000 r-xp 00002000 08:02 1442187                    /usr/lib/x86_64-linux-gnu/libuuid.so.1.3.0
7f1558007000-7f1558008000 r--p 00006000 08:02 1442187                    /usr/lib/x86_64-linux-gnu/libuuid.so.1.3.0
7f1558008000-7f1558009000 r--p 00006000 08:02 1442187                    /usr/lib/x86_64-linux-gnu/libuuid.so.1.3.0
7f1558009000-7f155800a000 rw-p 00007000 08:02 1442187                    /usr/lib/x86_64-linux-gnu/libuuid.so.1.3.0
7f155800a000-7f155800c000 r--p 00000000 08:02 2234037                    /usr/local/lib/libpjmedia-audiodev.so.2
7f155800c000-7f1558010000 r-xp 00002000 08:02 2234037                    /usr/local/lib/libpjmedia-audiodev.so.2
7f1558010000-7f1558011000 r--p 00006000 08:02 2234037                    /usr/local/lib/libpjmedia-audiodev.so.2
7f1558011000-7f1558012000 ---p 00007000 08:02 2234037                    /usr/local/lib/libpjmedia-audiodev.so.2
7f1558012000-7f1558013000 r--p 00007000 08:02 2234037                    /usr/local/lib/libpjmedia-audiodev.so.2
7f1558013000-7f1558014000 rw-p 00008000 08:02 2234037                    /usr/local/lib/libpjmedia-audiodev.so.2
7f1558014000-7f1558017000 r--p 00000000 08:02 1449406                    /usr/lib/x86_64-linux-gnu/libgcc_s.so.1
7f1558017000-7f1558029000 r-xp 00003000 08:02 1449406                    /usr/lib/x86_64-linux-gnu/libgcc_s.so.1
7f1558029000-7f155802d000 r--p 00015000 08:02 1449406                    /usr/lib/x86_64-linux-gnu/libgcc_s.so.1
7f155802d000-7f155802e000 r--p 00018000 08:02 1449406                    /usr/lib/x86_64-linux-gnu/libgcc_s.so.1
7f155802e000-7f155802f000 rw-p 00019000 08:02 1449406                    /usr/lib/x86_64-linux-gnu/libgcc_s.so.1
7f1558031000-7f1558032000 r--p 00000000 08:02 1448940                    /usr/lib/x86_64-linux-gnu/libXau.so.6.0.0
7f1558032000-7f1558034000 r-xp 00001000 08:02 1448940                    /usr/lib/x86_64-linux-gnu/libXau.so.6.0.0
7f1558034000-7f1558035000 r--p 00003000 08:02 1448940                    /usr/lib/x86_64-linux-gnu/libXau.so.6.0.0
7f1558035000-7f1558036000 r--p 00003000 08:02 1448940                    /usr/lib/x86_64-linux-gnu/libXau.so.6.0.0
7f1558036000-7f1558037000 rw-p 00004000 08:02 1448940                    /usr/lib/x86_64-linux-gnu/libXau.so.6.0.0
7f1558037000-7f155803a000 r--p 00000000 08:02 1450402                    /usr/lib/x86_64-linux-gnu/libwrap.so.0.7.6
7f155803a000-7f155803f000 r-xp 00003000 08:02 1450402                    /usr/lib/x86_64-linux-gnu/libwrap.so.0.7.6
7f155803f000-7f1558041000 r--p 00008000 08:02 1450402                    /usr/lib/x86_64-linux-gnu/libwrap.so.0.7.6
7f1558041000-7f1558042000 r--p 00009000 08:02 1450402                    /usr/lib/x86_64-linux-gnu/libwrap.so.0.7.6
7f1558042000-7f1558043000 rw-p 0000a000 08:02 1450402                    /usr/lib/x86_64-linux-gnu/libwrap.so.0.7.6
7f1558043000-7f1558044000 r--p 00000000 08:02 2097971                    /usr/lib/x86_64-linux-gnu/alsa-lib/libasound_module_rate_samplerate.so
7f1558044000-7f1558045000 r-xp 00001000 08:02 2097971                    /usr/lib/x86_64-linux-gnu/alsa-lib/libasound_module_rate_samplerate.so
7f1558045000-7f1558046000 r--p 00002000 08:02 2097971                    /usr/lib/x86_64-linux-gnu/alsa-lib/libasound_module_rate_samplerate.so
7f1558046000-7f1558047000 r--p 00002000 08:02 2097971                    /usr/lib/x86_64-linux-gnu/alsa-lib/libasound_module_rate_samplerate.so
7f1558047000-7f1558048000 rw-p 00003000 08:02 2097971                    /usr/lib/x86_64-linux-gnu/alsa-lib/libasound_module_rate_samplerate.so
7f1558048000-7f155813d000 rw-p 00000000 00:00 0 
7f155813d000-7f155831d000 r--s 03ea1000 08:02 5380617                    /home/user/software/jdk1.8.0_331/jre/lib/rt.jar
7f155831d000-7f15588d6000 rw-p 00000000 00:00 0 
7f15588d6000-7f1558c16000 ---p 00000000 00:00 0 
7f1558c16000-7f1559010000 rw-p 00000000 00:00 0 
7f1559010000-7f1559011000 ---p 00000000 00:00 0 
7f1559011000-7f1559111000 rw-p 00000000 00:00 0 
7f1559111000-7f1559112000 ---p 00000000 00:00 0 
7f1559112000-7f1559212000 rw-p 00000000 00:00 0 
7f1559212000-7f1559213000 ---p 00000000 00:00 0 
7f1559213000-7f1559313000 rw-p 00000000 00:00 0 
7f1559313000-7f1559314000 ---p 00000000 00:00 0 
7f1559314000-7f155943e000 rw-p 00000000 00:00 0 
7f155943e000-7f15596a1000 ---p 00000000 00:00 0 
7f15596a1000-7f15596cb000 rw-p 00000000 00:00 0 
7f15596cb000-7f155992d000 ---p 00000000 00:00 0 
7f155992d000-7f1559943000 rw-p 00000000 00:00 0 
7f1559943000-7f1559a74000 ---p 00000000 00:00 0 
7f1559a74000-7f1559a7f000 rw-p 00000000 00:00 0 
7f1559a7f000-7f1559e35000 ---p 00000000 00:00 0 
7f1559e35000-7f1559e50000 r-xp 00000000 08:02 5380501                    /home/user/software/jdk1.8.0_331/jre/lib/amd64/libzip.so
7f1559e50000-7f155a04f000 ---p 0001b000 08:02 5380501                    /home/user/software/jdk1.8.0_331/jre/lib/amd64/libzip.so
7f155a04f000-7f155a050000 r--p 0001a000 08:02 5380501                    /home/user/software/jdk1.8.0_331/jre/lib/amd64/libzip.so
7f155a050000-7f155a051000 rw-p 0001b000 08:02 5380501                    /home/user/software/jdk1.8.0_331/jre/lib/amd64/libzip.so
7f155a051000-7f155a059000 rw-s 00000000 08:02 9445673                    /tmp/hsperfdata_user/33809
7f155a059000-7f155a086000 r-xp 00000000 08:02 5380498                    /home/user/software/jdk1.8.0_331/jre/lib/amd64/libjava.so
7f155a086000-7f155a285000 ---p 0002d000 08:02 5380498                    /home/user/software/jdk1.8.0_331/jre/lib/amd64/libjava.so
7f155a285000-7f155a286000 r--p 0002c000 08:02 5380498                    /home/user/software/jdk1.8.0_331/jre/lib/amd64/libjava.so
7f155a286000-7f155a288000 rw-p 0002d000 08:02 5380498                    /home/user/software/jdk1.8.0_331/jre/lib/amd64/libjava.so
7f155a288000-7f155a295000 r-xp 00000000 08:02 5380487                    /home/user/software/jdk1.8.0_331/jre/lib/amd64/libverify.so
7f155a295000-7f155a494000 ---p 0000d000 08:02 5380487                    /home/user/software/jdk1.8.0_331/jre/lib/amd64/libverify.so
7f155a494000-7f155a496000 r--p 0000c000 08:02 5380487                    /home/user/software/jdk1.8.0_331/jre/lib/amd64/libverify.so
7f155a496000-7f155a497000 rw-p 0000e000 08:02 5380487                    /home/user/software/jdk1.8.0_331/jre/lib/amd64/libverify.so
7f155a497000-7f155a499000 r--p 00000000 08:02 1445807                    /usr/lib/x86_64-linux-gnu/librt-2.31.so
7f155a499000-7f155a49d000 r-xp 00002000 08:02 1445807                    /usr/lib/x86_64-linux-gnu/librt-2.31.so
7f155a49d000-7f155a49f000 r--p 00006000 08:02 1445807                    /usr/lib/x86_64-linux-gnu/librt-2.31.so
7f155a49f000-7f155a4a0000 r--p 00007000 08:02 1445807                    /usr/lib/x86_64-linux-gnu/librt-2.31.so
7f155a4a0000-7f155a4a1000 rw-p 00008000 08:02 1445807                    /usr/lib/x86_64-linux-gnu/librt-2.31.so
7f155a4a1000-7f155a4a2000 ---p 00000000 00:00 0 
7f155a4a2000-7f155a4a5000 ---p 00000000 00:00 0 
7f155a4a5000-7f155a5a2000 rw-p 00000000 00:00 0 
7f155a5a2000-7f155a5af000 r--p 00000000 08:02 1445794                    /usr/lib/x86_64-linux-gnu/libm-2.31.so
7f155a5af000-7f155a656000 r-xp 0000d000 08:02 1445794                    /usr/lib/x86_64-linux-gnu/libm-2.31.so
7f155a656000-7f155a6ef000 r--p 000b4000 08:02 1445794                    /usr/lib/x86_64-linux-gnu/libm-2.31.so
7f155a6ef000-7f155a6f0000 r--p 0014c000 08:02 1445794                    /usr/lib/x86_64-linux-gnu/libm-2.31.so
7f155a6f0000-7f155a6f1000 rw-p 0014d000 08:02 1445794                    /usr/lib/x86_64-linux-gnu/libm-2.31.so
7f155a6f1000-7f155b3e9000 r-xp 00000000 08:02 5380480                    /home/user/software/jdk1.8.0_331/jre/lib/amd64/server/libjvm.so
7f155b3e9000-7f155b5e8000 ---p 00cf8000 08:02 5380480                    /home/user/software/jdk1.8.0_331/jre/lib/amd64/server/libjvm.so
7f155b5e8000-7f155b67e000 r--p 00cf7000 08:02 5380480                    /home/user/software/jdk1.8.0_331/jre/lib/amd64/server/libjvm.so
7f155b67e000-7f155b6af000 rw-p 00d8d000 08:02 5380480                    /home/user/software/jdk1.8.0_331/jre/lib/amd64/server/libjvm.so
7f155b6af000-7f155b6ec000 rw-p 00000000 00:00 0 
7f155b6ec000-7f155b70e000 r--p 00000000 08:02 1445792                    /usr/lib/x86_64-linux-gnu/libc-2.31.so
7f155b70e000-7f155b886000 r-xp 00022000 08:02 1445792                    /usr/lib/x86_64-linux-gnu/libc-2.31.so
7f155b886000-7f155b8d4000 r--p 0019a000 08:02 1445792                    /usr/lib/x86_64-linux-gnu/libc-2.31.so
7f155b8d4000-7f155b8d8000 r--p 001e7000 08:02 1445792                    /usr/lib/x86_64-linux-gnu/libc-2.31.so
7f155b8d8000-7f155b8da000 rw-p 001eb000 08:02 1445792                    /usr/lib/x86_64-linux-gnu/libc-2.31.so
7f155b8da000-7f155b8de000 rw-p 00000000 00:00 0 
7f155b8de000-7f155b8df000 r--p 00000000 08:02 1445793                    /usr/lib/x86_64-linux-gnu/libdl-2.31.so
7f155b8df000-7f155b8e1000 r-xp 00001000 08:02 1445793                    /usr/lib/x86_64-linux-gnu/libdl-2.31.so
7f155b8e1000-7f155b8e2000 r--p 00003000 08:02 1445793                    /usr/lib/x86_64-linux-gnu/libdl-2.31.so
7f155b8e2000-7f155b8e3000 r--p 00003000 08:02 1445793                    /usr/lib/x86_64-linux-gnu/libdl-2.31.so
7f155b8e3000-7f155b8e4000 rw-p 00004000 08:02 1445793                    /usr/lib/x86_64-linux-gnu/libdl-2.31.so
7f155b8e4000-7f155b8fb000 r-xp 00000000 08:02 9965144                    /home/user/software/jdk1.8.0_331/lib/amd64/jli/libjli.so
7f155b8fb000-7f155bafa000 ---p 00017000 08:02 9965144                    /home/user/software/jdk1.8.0_331/lib/amd64/jli/libjli.so
7f155bafa000-7f155bafb000 r--p 00016000 08:02 9965144                    /home/user/software/jdk1.8.0_331/lib/amd64/jli/libjli.so
7f155bafb000-7f155bafc000 rw-p 00017000 08:02 9965144                    /home/user/software/jdk1.8.0_331/lib/amd64/jli/libjli.so
7f155bafc000-7f155bb02000 r--p 00000000 08:02 1445805                    /usr/lib/x86_64-linux-gnu/libpthread-2.31.so
7f155bb02000-7f155bb13000 r-xp 00006000 08:02 1445805                    /usr/lib/x86_64-linux-gnu/libpthread-2.31.so
7f155bb13000-7f155bb19000 r--p 00017000 08:02 1445805                    /usr/lib/x86_64-linux-gnu/libpthread-2.31.so
7f155bb19000-7f155bb1a000 r--p 0001c000 08:02 1445805                    /usr/lib/x86_64-linux-gnu/libpthread-2.31.so
7f155bb1a000-7f155bb1b000 rw-p 0001d000 08:02 1445805                    /usr/lib/x86_64-linux-gnu/libpthread-2.31.so
7f155bb1b000-7f155bb1f000 rw-p 00000000 00:00 0 
7f155bb23000-7f155bb26000 r--p 00000000 08:02 1445800                    /usr/lib/x86_64-linux-gnu/libnss_files-2.31.so
7f155bb26000-7f155bb2d000 r-xp 00003000 08:02 1445800                    /usr/lib/x86_64-linux-gnu/libnss_files-2.31.so
7f155bb2d000-7f155bb2f000 r--p 0000a000 08:02 1445800                    /usr/lib/x86_64-linux-gnu/libnss_files-2.31.so
7f155bb2f000-7f155bb30000 r--p 0000b000 08:02 1445800                    /usr/lib/x86_64-linux-gnu/libnss_files-2.31.so
7f155bb30000-7f155bb31000 rw-p 0000c000 08:02 1445800                    /usr/lib/x86_64-linux-gnu/libnss_files-2.31.so
7f155bb31000-7f155bb3a000 rw-p 00000000 00:00 0 
7f155bb3a000-7f155bb3b000 r--p 00000000 08:02 1445788                    /usr/lib/x86_64-linux-gnu/ld-2.31.so
7f155bb3b000-7f155bb5e000 r-xp 00001000 08:02 1445788                    /usr/lib/x86_64-linux-gnu/ld-2.31.so
7f155bb5e000-7f155bb66000 r--p 00024000 08:02 1445788                    /usr/lib/x86_64-linux-gnu/ld-2.31.so
7f155bb66000-7f155bb67000 r--p 00000000 00:00 0 
7f155bb67000-7f155bb68000 r--p 0002c000 08:02 1445788                    /usr/lib/x86_64-linux-gnu/ld-2.31.so
7f155bb68000-7f155bb69000 rw-p 0002d000 08:02 1445788                    /usr/lib/x86_64-linux-gnu/ld-2.31.so
7f155bb69000-7f155bb6a000 rw-p 00000000 00:00 0 
7fffa5150000-7fffa5171000 rw-p 00000000 00:00 0                          [stack]
7fffa5191000-7fffa5195000 r--p 00000000 00:00 0                          [vvar]
7fffa5195000-7fffa5197000 r-xp 00000000 00:00 0                          [vdso]
ffffffffff600000-ffffffffff601000 --xp 00000000 00:00 0                  [vsyscall]

VM Arguments:
jvm_args: -Dfile.encoding=UTF-8 -Djava.library.path=/home/user/NetBeansProjects/pjsuaCall/src/pjsuacall/dynamicLib 
java_command: pjsuacall.PjsuaCall
java_class_path (initial): /home/user/Downloads/pjproject-2.12.1/pjsip-apps/src/swig/java/output:/home/user/NetBeansProjects/pjsuaCall/build/classes
Launcher Type: SUN_STANDARD

Environment Variables:
PATH=/home/user/.local/bin:/usr/local/sbin:/usr/local/bin:/usr/sbin:/usr/bin:/sbin:/bin:/usr/games:/usr/local/games:/snap/bin
USERNAME=user
SHELL=/bin/bash
DISPLAY=:0

Signal Handlers:
SIGSEGV: [libjvm.so+0xae0f60], sa_mask[0]=11111111011111111101111111111110, sa_flags=SA_RESTART|SA_SIGINFO
SIGBUS: [libjvm.so+0xae0f60], sa_mask[0]=11111111011111111101111111111110, sa_flags=SA_RESTART|SA_SIGINFO
SIGFPE: [libjvm.so+0xae0f60], sa_mask[0]=11111111011111111101111111111110, sa_flags=SA_RESTART|SA_SIGINFO
SIGPIPE: [libjvm.so+0x915120], sa_mask[0]=11111111011111111101111111111110, sa_flags=SA_RESTART|SA_SIGINFO
SIGXFSZ: [libjvm.so+0x915120], sa_mask[0]=11111111011111111101111111111110, sa_flags=SA_RESTART|SA_SIGINFO
SIGILL: [libjvm.so+0xae0f60], sa_mask[0]=11111111011111111101111111111110, sa_flags=SA_RESTART|SA_SIGINFO
SIGUSR1: SIG_DFL, sa_mask[0]=00000000000000000000000000000000, sa_flags=none
SIGUSR2: [libjvm.so+0x914ff0], sa_mask[0]=00100000000000000000000000000000, sa_flags=SA_RESTART|SA_SIGINFO
SIGHUP: [libjvm.so+0x915610], sa_mask[0]=11111111011111111101111111111110, sa_flags=SA_RESTART|SA_SIGINFO
SIGINT: SIG_IGN, sa_mask[0]=00000000000000000000000000000000, sa_flags=none
SIGTERM: [libjvm.so+0x915610], sa_mask[0]=11111111011111111101111111111110, sa_flags=SA_RESTART|SA_SIGINFO
SIGQUIT: [libjvm.so+0x915610], sa_mask[0]=11111111011111111101111111111110, sa_flags=SA_RESTART|SA_SIGINFO


---------------  S Y S T E M  ---------------

OS:DISTRIB_ID=Ubuntu
DISTRIB_RELEASE=20.04
DISTRIB_CODENAME=focal
DISTRIB_DESCRIPTION="Ubuntu 20.04.4 LTS"

uname:Linux 5.13.0-44-generic #49~20.04.1-Ubuntu SMP Wed May 18 18:44:28 UTC 2022 x86_64
libc:glibc 2.31 NPTL 2.31 
rlimit: STACK 8192k, CORE 0k, NPROC 31039, NOFILE 1048576, AS infinity
load average:0.90 0.67 0.59

/proc/meminfo:
MemTotal:        8017192 kB
MemFree:          332672 kB
MemAvailable:    2067028 kB
Buffers:          311228 kB
Cached:          2047100 kB
SwapCached:          944 kB
Active:          1562048 kB
Inactive:        5434280 kB
Active(anon):     207048 kB
Inactive(anon):  4972680 kB
Active(file):    1355000 kB
Inactive(file):   461600 kB
Unevictable:      180328 kB
Mlocked:              16 kB
SwapTotal:       3999740 kB
SwapFree:        3962048 kB
Dirty:              1268 kB
Writeback:             0 kB
AnonPages:       4817236 kB
Mapped:           597336 kB
Shmem:            545524 kB
KReclaimable:     221820 kB
Slab:             373868 kB
SReclaimable:     221820 kB
SUnreclaim:       152048 kB
KernelStack:       19580 kB
PageTables:        41136 kB
NFS_Unstable:          0 kB
Bounce:                0 kB
WritebackTmp:          0 kB
CommitLimit:     8008336 kB
Committed_AS:   11173088 kB
VmallocTotal:   34359738367 kB
VmallocUsed:       45536 kB
VmallocChunk:          0 kB
Percpu:             5152 kB
HardwareCorrupted:     0 kB
AnonHugePages:         0 kB
ShmemHugePages:        0 kB
ShmemPmdMapped:        0 kB
FileHugePages:         0 kB
FilePmdMapped:         0 kB
HugePages_Total:       0
HugePages_Free:        0
HugePages_Rsvd:        0
HugePages_Surp:        0
Hugepagesize:       2048 kB
Hugetlb:               0 kB
DirectMap4k:      381344 kB
DirectMap2M:     7882752 kB
DirectMap1G:           0 kB

container (cgroup) information:
container_type: cgroupv1
cpu_cpuset_cpus: 0-3
cpu_memory_nodes: 0
active_processor_count: 4
cpu_quota: -1
cpu_period: 100000
cpu_shares: -1
memory_limit_in_bytes: -1
memory_and_swap_limit_in_bytes: -1
memory_soft_limit_in_bytes: -1
memory_usage_in_bytes: 5885018112
memory_max_usage_in_bytes: 6090948608


CPU:total 4 (initial active 4) (4 cores per cpu, 1 threads per core) family 6 model 158 stepping 9, cmov, cx8, fxsr, mmx, sse, sse2, sse3, ssse3, sse4.1, sse4.2, popcnt, avx, avx2, aes, clmul, erms, rtm, 3dnowpref, lzcnt, tsc, tscinvbit, bmi1, bmi2, adx

/proc/cpuinfo:
processor	: 0
vendor_id	: GenuineIntel
cpu family	: 6
model		: 158
model name	: Intel(R) Core(TM) i5-7500 CPU @ 3.40GHz
stepping	: 9
microcode	: 0xec
cpu MHz		: 3317.400
cache size	: 6144 KB
physical id	: 0
siblings	: 4
core id		: 0
cpu cores	: 4
apicid		: 0
initial apicid	: 0
fpu		: yes
fpu_exception	: yes
cpuid level	: 22
wp		: yes
flags		: fpu vme de pse tsc msr pae mce cx8 apic sep mtrr pge mca cmov pat pse36 clflush dts acpi mmx fxsr sse sse2 ss ht tm pbe syscall nx pdpe1gb rdtscp lm constant_tsc art arch_perfmon pebs bts rep_good nopl xtopology nonstop_tsc cpuid aperfmperf pni pclmulqdq dtes64 monitor ds_cpl vmx smx est tm2 ssse3 sdbg fma cx16 xtpr pdcm pcid sse4_1 sse4_2 x2apic movbe popcnt tsc_deadline_timer aes xsave avx f16c rdrand lahf_lm abm 3dnowprefetch cpuid_fault epb invpcid_single pti ssbd ibrs ibpb stibp tpr_shadow vnmi flexpriority ept vpid ept_ad fsgsbase tsc_adjust bmi1 hle avx2 smep bmi2 erms invpcid rtm mpx rdseed adx smap clflushopt intel_pt xsaveopt xsavec xgetbv1 xsaves dtherm ida arat pln pts hwp hwp_notify hwp_act_window hwp_epp md_clear flush_l1d arch_capabilities
vmx flags	: vnmi preemption_timer invvpid ept_x_only ept_ad ept_1gb flexpriority tsc_offset vtpr mtf vapic ept vpid unrestricted_guest ple shadow_vmcs pml ept_mode_based_exec
bugs		: cpu_meltdown spectre_v1 spectre_v2 spec_store_bypass l1tf mds swapgs taa itlb_multihit srbds
bogomips	: 6799.81
clflush size	: 64
cache_alignment	: 64
address sizes	: 39 bits physical, 48 bits virtual
power management:

processor	: 1
vendor_id	: GenuineIntel
cpu family	: 6
model		: 158
model name	: Intel(R) Core(TM) i5-7500 CPU @ 3.40GHz
stepping	: 9
microcode	: 0xec
cpu MHz		: 3317.926
cache size	: 6144 KB
physical id	: 0
siblings	: 4
core id		: 1
cpu cores	: 4
apicid		: 2
initial apicid	: 2
fpu		: yes
fpu_exception	: yes
cpuid level	: 22
wp		: yes
flags		: fpu vme de pse tsc msr pae mce cx8 apic sep mtrr pge mca cmov pat pse36 clflush dts acpi mmx fxsr sse sse2 ss ht tm pbe syscall nx pdpe1gb rdtscp lm constant_tsc art arch_perfmon pebs bts rep_good nopl xtopology nonstop_tsc cpuid aperfmperf pni pclmulqdq dtes64 monitor ds_cpl vmx smx est tm2 ssse3 sdbg fma cx16 xtpr pdcm pcid sse4_1 sse4_2 x2apic movbe popcnt tsc_deadline_timer aes xsave avx f16c rdrand lahf_lm abm 3dnowprefetch cpuid_fault epb invpcid_single pti ssbd ibrs ibpb stibp tpr_shadow vnmi flexpriority ept vpid ept_ad fsgsbase tsc_adjust bmi1 hle avx2 smep bmi2 erms invpcid rtm mpx rdseed adx smap clflushopt intel_pt xsaveopt xsavec xgetbv1 xsaves dtherm ida arat pln pts hwp hwp_notify hwp_act_window hwp_epp md_clear flush_l1d arch_capabilities
vmx flags	: vnmi preemption_timer invvpid ept_x_only ept_ad ept_1gb flexpriority tsc_offset vtpr mtf vapic ept vpid unrestricted_guest ple shadow_vmcs pml ept_mode_based_exec
bugs		: cpu_meltdown spectre_v1 spectre_v2 spec_store_bypass l1tf mds swapgs taa itlb_multihit srbds
bogomips	: 6799.81
clflush size	: 64
cache_alignment	: 64
address sizes	: 39 bits physical, 48 bits virtual
power management:

processor	: 2
vendor_id	: GenuineIntel
cpu family	: 6
model		: 158
model name	: Intel(R) Core(TM) i5-7500 CPU @ 3.40GHz
stepping	: 9
microcode	: 0xec
cpu MHz		: 3306.893
cache size	: 6144 KB
physical id	: 0
siblings	: 4
core id		: 2
cpu cores	: 4
apicid		: 4
initial apicid	: 4
fpu		: yes
fpu_exception	: yes
cpuid level	: 22
wp		: yes
flags		: fpu vme de pse tsc msr pae mce cx8 apic sep mtrr pge mca cmov pat pse36 clflush dts acpi mmx fxsr sse sse2 ss ht tm pbe syscall nx pdpe1gb rdtscp lm constant_tsc art arch_perfmon pebs bts rep_good nopl xtopology nonstop_tsc cpuid aperfmperf pni pclmulqdq dtes64 monitor ds_cpl vmx smx est tm2 ssse3 sdbg fma cx16 xtpr pdcm pcid sse4_1 sse4_2 x2apic movbe popcnt tsc_deadline_timer aes xsave avx f16c rdrand lahf_lm abm 3dnowprefetch cpuid_fault epb invpcid_single pti ssbd ibrs ibpb stibp tpr_shadow vnmi flexpriority ept vpid ept_ad fsgsbase tsc_adjust bmi1 hle avx2 smep bmi2 erms invpcid rtm mpx rdseed adx smap clflushopt intel_pt xsaveopt xsavec xgetbv1 xsaves dtherm ida arat pln pts hwp hwp_notify hwp_act_window hwp_epp md_clear flush_l1d arch_capabilities
vmx flags	: vnmi preemption_timer invvpid ept_x_only ept_ad ept_1gb flexpriority tsc_offset vtpr mtf vapic ept vpid unrestricted_guest ple shadow_vmcs pml ept_mode_based_exec
bugs		: cpu_meltdown spectre_v1 spectre_v2 spec_store_bypass l1tf mds swapgs taa itlb_multihit srbds
bogomips	: 6799.81
clflush size	: 64
cache_alignment	: 64
address sizes	: 39 bits physical, 48 bits virtual
power management:

processor	: 3
vendor_id	: GenuineIntel
cpu family	: 6
model		: 158
model name	: Intel(R) Core(TM) i5-7500 CPU @ 3.40GHz
stepping	: 9
microcode	: 0xec
cpu MHz		: 3340.683
cache size	: 6144 KB
physical id	: 0
siblings	: 4
core id		: 3
cpu cores	: 4
apicid		: 6
initial apicid	: 6
fpu		: yes
fpu_exception	: yes
cpuid level	: 22
wp		: yes
flags		: fpu vme de pse tsc msr pae mce cx8 apic sep mtrr pge mca cmov pat pse36 clflush dts acpi mmx fxsr sse sse2 ss ht tm pbe syscall nx pdpe1gb rdtscp lm constant_tsc art arch_perfmon pebs bts rep_good nopl xtopology nonstop_tsc cpuid aperfmperf pni pclmulqdq dtes64 monitor ds_cpl vmx smx est tm2 ssse3 sdbg fma cx16 xtpr pdcm pcid sse4_1 sse4_2 x2apic movbe popcnt tsc_deadline_timer aes xsave avx f16c rdrand lahf_lm abm 3dnowprefetch cpuid_fault epb invpcid_single pti ssbd ibrs ibpb stibp tpr_shadow vnmi flexpriority ept vpid ept_ad fsgsbase tsc_adjust bmi1 hle avx2 smep bmi2 erms invpcid rtm mpx rdseed adx smap clflushopt intel_pt xsaveopt xsavec xgetbv1 xsaves dtherm ida arat pln pts hwp hwp_notify hwp_act_window hwp_epp md_clear flush_l1d arch_capabilities
vmx flags	: vnmi preemption_timer invvpid ept_x_only ept_ad ept_1gb flexpriority tsc_offset vtpr mtf vapic ept vpid unrestricted_guest ple shadow_vmcs pml ept_mode_based_exec
bugs		: cpu_meltdown spectre_v1 spectre_v2 spec_store_bypass l1tf mds swapgs taa itlb_multihit srbds
bogomips	: 6799.81
clflush size	: 64
cache_alignment	: 64
address sizes	: 39 bits physical, 48 bits virtual
power management:



Memory: 4k page, physical 8017192k(332420k free), swap 3999740k(3962048k free)

vm_info: Java HotSpot(TM) 64-Bit Server VM (25.331-b09) for linux-amd64 JRE (1.8.0_331-b09), built on Mar 10 2022 11:12:57 by "java_re" with gcc 7.3.0

time: Wed Jun  1 16:16:37 2022
timezone: IST
elapsed time: 0.193930 seconds (0d 0h 0m 0s)

