#
# A fatal error has been detected by the Java Runtime Environment:
#
#  SIGSEGV (0xb) at pc=0x00007f5d4e5d8162, pid=47525, tid=47526
#
# JRE version: OpenJDK Runtime Environment (11.0.15+10) (build 11.0.15+10-Ubuntu-0ubuntu0.20.04.1)
# Java VM: OpenJDK 64-Bit Server VM (11.0.15+10-Ubuntu-0ubuntu0.20.04.1, mixed mode, sharing, tiered, compressed oops, g1 gc, linux-amd64)
# Problematic frame:
# C  [libpjsua2.so.2+0x5d162]  pj::Call::sendInstantMessage(pj::SendInstantMessageParam const&)+0x62
#
# Core dump will be written. Default location: Core dumps may be processed with "/usr/share/apport/apport -p%p -s%s -c%c -d%d -P%P -u%u -g%g -- %E" (or dumping to /home/user/NetBeansProjects/mypjsip/core.47525)
#
# If you would like to submit a bug report, please visit:
#   Unknown
# The crash happened outside the Java Virtual Machine in native code.
# See problematic frame for where to report the bug.
#

---------------  S U M M A R Y ------------

Command Line: com.zilogic.mypjsip.MyApp

Host: Intel(R) Core(TM) i5-7500 CPU @ 3.40GHz, 4 cores, 7G, Ubuntu 20.04.4 LTS
Time: Mon Jul 11 14:59:00 2022 IST elapsed time: 6.949041 seconds (0d 0h 0m 6s)

---------------  T H R E A D  ---------------

Current thread (0x00007f5d7c016000):  JavaThread "main" [_thread_in_native, id=47526, stack(0x00007f5d8344b000,0x00007f5d8354c000)]

Stack: [0x00007f5d8344b000,0x00007f5d8354c000],  sp=0x00007f5d8354a4f0,  free space=1021k
Native frames: (J=compiled Java code, A=aot compiled Java code, j=interpreted, Vv=VM code, C=native code)
C  [libpjsua2.so.2+0x5d162]  pj::Call::sendInstantMessage(pj::SendInstantMessageParam const&)+0x62

Java frames: (J=compiled Java code, j=interpreted, Vv=VM code)
j  org.pjsip.pjsua2.pjsua2JNI.Call_sendInstantMessage(JLorg/pjsip/pjsua2/Call;JLorg/pjsip/pjsua2/SendInstantMessageParam;)V+0
j  org.pjsip.pjsua2.Call.sendInstantMessage(Lorg/pjsip/pjsua2/SendInstantMessageParam;)V+10
j  com.zilogic.mypjsip.MyApp.main([Ljava/lang/String;)V+581
v  ~StubRoutines::call_stub

siginfo: si_signo: 11 (SIGSEGV), si_code: 1 (SEGV_MAPERR), si_addr: 0x0000000000000010

Register to memory mapping:

RAX=0x0000000000000001 is an unknown value
RBX=0x00007f5d7c22adc0 points into unknown readable memory: 0x00007f5d7c22add0 | d0 ad 22 7c 5d 7f 00 00
RCX=0x0000000000000016 is an unknown value
RDX=0x0 is NULL
RSP=0x00007f5d8354a4f0 is pointing into the stack for thread: 0x00007f5d7c016000
RBP=0x0 is NULL
RSI=0x00007f5d4e5eb736: <offset 0x0000000000070736> in /usr/local/lib/libpjsua2.so.2 at 0x00007f5d4e57b000
RDI=0x00007f5d4e5eb720: <offset 0x0000000000070720> in /usr/local/lib/libpjsua2.so.2 at 0x00007f5d4e57b000
R8 =0x00007f5d7c22adc0 points into unknown readable memory: 0x00007f5d7c22add0 | d0 ad 22 7c 5d 7f 00 00
R9 =0x00007f5d8354a8b0 is pointing into the stack for thread: 0x00007f5d7c016000
R10=0x00007f5d4e58c295: <offset 0x0000000000011295> in /usr/local/lib/libpjsua2.so.2 at 0x00007f5d4e57b000
R11=0x00007f5d4e5d5920: _ZN10call_paramC1ERKN2pj11SipTxOptionE+0x0000000000000000 in /usr/local/lib/libpjsua2.so.2 at 0x00007f5d4e57b000
R12=0x0 is NULL
R13=0x00007f5d4fc93a78 is pointing into metadata
R14=0x00007f5d8354a8d8 is pointing into the stack for thread: 0x00007f5d7c016000
R15=0x00007f5d7c016000 is a thread


Registers:
RAX=0x0000000000000001, RBX=0x00007f5d7c22adc0, RCX=0x0000000000000016, RDX=0x0000000000000000
RSP=0x00007f5d8354a4f0, RBP=0x0000000000000000, RSI=0x00007f5d4e5eb736, RDI=0x00007f5d4e5eb720
R8 =0x00007f5d7c22adc0, R9 =0x00007f5d8354a8b0, R10=0x00007f5d4e58c295, R11=0x00007f5d4e5d5920
R12=0x0000000000000000, R13=0x00007f5d4fc93a78, R14=0x00007f5d8354a8d8, R15=0x00007f5d7c016000
RIP=0x00007f5d4e5d8162, EFLAGS=0x0000000000010206, CSGSFS=0x002b000000000033, ERR=0x0000000000000004
  TRAPNO=0x000000000000000e

Top of Stack: (sp=0x00007f5d8354a4f0)
0x00007f5d8354a4f0:   00007f5d7c22add0 000000000000000a
0x00007f5d8354a500:   00007f5d7c22adf0 0000000000000008
0x00007f5d8354a510:   0000000100000001 0000000100000001
0x00007f5d8354a520:   0000000100000001 0000000100000001 

Instructions: (pc=0x00007f5d4e5d8162)
0x00007f5d4e5d8062:   48 8b 7c 24 60 48 8d 5c 24 70 48 39 df 74 05 e8
0x00007f5d4e5d8072:   5a 1f fc ff e8 65 24 fc ff 85 c0 0f 8e eb 93 fc
0x00007f5d4e5d8082:   ff 31 d2 4c 89 e6 4c 89 ef e8 a0 16 fc ff 48 8b
0x00007f5d4e5d8092:   54 24 60 48 8d 35 e5 2f 01 00 48 8d 3d b2 49 01
0x00007f5d4e5d80a2:   00 31 c0 e8 d6 1f fc ff 48 8b 7c 24 60 48 39 df
0x00007f5d4e5d80b2:   0f 84 b6 93 fc ff e8 13 1f fc ff e9 ac 93 fc ff
0x00007f5d4e5d80c2:   e8 39 21 fc ff f3 0f 1e fa 48 89 c5 e9 c9 93 fc
0x00007f5d4e5d80d2:   ff f3 0f 1e fa 48 89 c5 e9 d1 93 fc ff f3 0f 1e
0x00007f5d4e5d80e2:   fa 48 89 c5 e9 07 94 fc ff f3 0f 1e fa e9 eb 93
0x00007f5d4e5d80f2:   fc ff 66 66 2e 0f 1f 84 00 00 00 00 00 90 f3 0f
0x00007f5d4e5d8102:   1e fa 41 57 41 56 41 55 41 54 55 48 89 fd 53 48
0x00007f5d4e5d8112:   89 f3 48 83 c6 40 48 81 ec 98 02 00 00 48 8b 56
0x00007f5d4e5d8122:   c0 64 48 8b 04 25 28 00 00 00 48 89 84 24 88 02
0x00007f5d4e5d8132:   00 00 31 c0 48 8b 46 c8 48 8d bc 24 f0 00 00 00
0x00007f5d4e5d8142:   48 89 14 24 48 8b 56 e0 48 89 44 24 08 48 8b 46
0x00007f5d4e5d8152:   e8 48 89 54 24 10 48 89 44 24 18 e8 4e 2a fc ff
0x00007f5d4e5d8162:   8b 7d 10 48 8d 54 24 10 48 89 e6 4c 8b 83 10 01
0x00007f5d4e5d8172:   00 00 48 8b 8c 24 08 02 00 00 e8 8f 24 fc ff 85
0x00007f5d4e5d8182:   c0 75 29 48 8b 84 24 88 02 00 00 64 48 33 04 25
0x00007f5d4e5d8192:   28 00 00 00 0f 85 fc 00 00 00 48 81 c4 98 02 00
0x00007f5d4e5d81a2:   00 5b 5d 41 5c 41 5d 41 5e 41 5f c3 48 8d 6c 24
0x00007f5d4e5d81b2:   60 48 8d 35 8d 48 01 00 41 89 c7 48 89 ef 4c 8d
0x00007f5d4e5d81c2:   74 24 40 4c 8d 6c 24 30 e8 31 e1 ff ff 48 8d 35
0x00007f5d4e5d81d2:   ba 4b 01 00 4c 89 f7 4c 89 6c 24 20 48 c7 44 24
0x00007f5d4e5d81e2:   28 00 00 00 00 c6 44 24 30 00 e8 0f e1 ff ff 48
0x00007f5d4e5d81f2:   8d 4c 24 20 49 89 e8 4c 89 f2 44 89 fe 4c 8d a4
0x00007f5d4e5d8202:   24 80 00 00 00 41 b9 1d 03 00 00 4c 89 e7 e8 7b
0x00007f5d4e5d8212:   26 fc ff 48 8b 7c 24 40 48 8d 44 24 50 48 39 c7
0x00007f5d4e5d8222:   74 05 e8 a7 1d fc ff 48 8b 7c 24 20 4c 39 ef 74
0x00007f5d4e5d8232:   05 e8 98 1d fc ff 48 8b 7c 24 60 48 8d 5c 24 70
0x00007f5d4e5d8242:   48 39 df 74 05 e8 84 1d fc ff e8 8f 22 fc ff 85
0x00007f5d4e5d8252:   c0 0f 8e ab 92 fc ff 31 d2 4c 89 e6 48 89 ef e8 


Stack slot to memory mapping:
stack at sp + 0 slots: 0x00007f5d7c22add0 points into unknown readable memory: 0x616c702f74786574 | 74 65 78 74 2f 70 6c 61
stack at sp + 1 slots: 0x000000000000000a is an unknown value
stack at sp + 2 slots: 0x00007f5d7c22adf0 points into unknown readable memory: 0x616e756720696968 | 68 69 69 20 67 75 6e 61
stack at sp + 3 slots: 0x0000000000000008 is an unknown value
stack at sp + 4 slots: 0x0000000100000001 is an unknown value
stack at sp + 5 slots: 0x0000000100000001 is an unknown value
stack at sp + 6 slots: 0x0000000100000001 is an unknown value
stack at sp + 7 slots: 0x0000000100000001 is an unknown value


---------------  P R O C E S S  ---------------

Threads class SMR info:
_java_thread_list=0x00007f5d180266e0, length=9, elements={
0x00007f5d7c016000, 0x00007f5d7c10f000, 0x00007f5d7c111000, 0x00007f5d7c116800,
0x00007f5d7c118800, 0x00007f5d7c11a800, 0x00007f5d7c11c800, 0x00007f5d7c11e800,
0x00007f5d7c179800
}

Java Threads: ( => current thread )
=>0x00007f5d7c016000 JavaThread "main" [_thread_in_native, id=47526, stack(0x00007f5d8344b000,0x00007f5d8354c000)]
  0x00007f5d7c10f000 JavaThread "Reference Handler" daemon [_thread_blocked, id=47537, stack(0x00007f5d5c067000,0x00007f5d5c168000)]
  0x00007f5d7c111000 JavaThread "Finalizer" daemon [_thread_blocked, id=47538, stack(0x00007f5d4f6ff000,0x00007f5d4f800000)]
  0x00007f5d7c116800 JavaThread "Signal Dispatcher" daemon [_thread_blocked, id=47539, stack(0x00007f5d4f08e000,0x00007f5d4f18f000)]
  0x00007f5d7c118800 JavaThread "Service Thread" daemon [_thread_blocked, id=47540, stack(0x00007f5d4ef8d000,0x00007f5d4f08e000)]
  0x00007f5d7c11a800 JavaThread "C2 CompilerThread0" daemon [_thread_blocked, id=47541, stack(0x00007f5d4ee8c000,0x00007f5d4ef8d000)]
  0x00007f5d7c11c800 JavaThread "C1 CompilerThread0" daemon [_thread_blocked, id=47542, stack(0x00007f5d4ed8b000,0x00007f5d4ee8c000)]
  0x00007f5d7c11e800 JavaThread "Sweeper thread" daemon [_thread_blocked, id=47543, stack(0x00007f5d4ec8a000,0x00007f5d4ed8b000)]
  0x00007f5d7c179800 JavaThread "Common-Cleaner" daemon [_thread_blocked, id=47545, stack(0x00007f5d4ea87000,0x00007f5d4eb88000)]

Other Threads:
  0x00007f5d7c10c000 VMThread "VM Thread" [stack: 0x00007f5d6403a000,0x00007f5d6413a000] [id=47536]
  0x00007f5d7c177800 WatcherThread [stack: 0x00007f5d4eb8a000,0x00007f5d4ec8a000] [id=47544]
  0x00007f5d7c02e000 GCTaskThread "GC Thread#0" [stack: 0x00007f5d8310a000,0x00007f5d8320a000] [id=47531]
  0x00007f5d44001000 GCTaskThread "GC Thread#1" [stack: 0x00007f5d216fb000,0x00007f5d217fb000] [id=47584]
  0x00007f5d44002800 GCTaskThread "GC Thread#2" [stack: 0x00007f5d215f9000,0x00007f5d216f9000] [id=47585]
  0x00007f5d44004000 GCTaskThread "GC Thread#3" [stack: 0x00007f5d214f7000,0x00007f5d215f7000] [id=47586]
  0x00007f5d7c05f000 ConcurrentGCThread "G1 Main Marker" [stack: 0x00007f5d801b1000,0x00007f5d802b1000] [id=47532]
  0x00007f5d7c060800 ConcurrentGCThread "G1 Conc#0" [stack: 0x00007f5d800af000,0x00007f5d801af000] [id=47533]
  0x00007f5d7c0d9000 ConcurrentGCThread "G1 Refine#0" [stack: 0x00007f5d6431a000,0x00007f5d6441a000] [id=47534]
  0x00007f5d7c0da800 ConcurrentGCThread "G1 Young RemSet Sampling" [stack: 0x00007f5d64218000,0x00007f5d64318000] [id=47535]

Threads with active compile tasks:

VM state:not at safepoint (normal execution)

VM Mutex/Monitor currently owned by a thread: None

Heap address: 0x0000000085a00000, size: 1958 MB, Compressed Oops mode: 32-bit
Narrow klass base: 0x0000000800000000, Narrow klass shift: 3
Compressed class space size: 1073741824 Address: 0x0000000840000000

Heap:
 garbage-first heap   total 129024K, used 3597K [0x0000000085a00000, 0x0000000100000000)
  region size 1024K, 4 young (4096K), 1 survivors (1024K)
 Metaspace       used 1906K, capacity 5725K, committed 6016K, reserved 1056768K
  class space    used 150K, capacity 554K, committed 640K, reserved 1048576K
Heap Regions: E=young(eden), S=young(survivor), O=old, HS=humongous(starts), HC=humongous(continues), CS=collection set, F=free, A=archive, TAMS=top-at-mark-start (previous, next)
|   0|0x0000000085a00000, 0x0000000085a00000, 0x0000000085b00000|  0%| F|  |TAMS 0x0000000085a00000, 0x0000000085a00000| Untracked 
|   1|0x0000000085b00000, 0x0000000085b00000, 0x0000000085c00000|  0%| F|  |TAMS 0x0000000085b00000, 0x0000000085b00000| Untracked 
|   2|0x0000000085c00000, 0x0000000085c00000, 0x0000000085d00000|  0%| F|  |TAMS 0x0000000085c00000, 0x0000000085c00000| Untracked 
|   3|0x0000000085d00000, 0x0000000085d00000, 0x0000000085e00000|  0%| F|  |TAMS 0x0000000085d00000, 0x0000000085d00000| Untracked 
|   4|0x0000000085e00000, 0x0000000085e00000, 0x0000000085f00000|  0%| F|  |TAMS 0x0000000085e00000, 0x0000000085e00000| Untracked 
|   5|0x0000000085f00000, 0x0000000085f00000, 0x0000000086000000|  0%| F|  |TAMS 0x0000000085f00000, 0x0000000085f00000| Untracked 
|   6|0x0000000086000000, 0x0000000086000000, 0x0000000086100000|  0%| F|  |TAMS 0x0000000086000000, 0x0000000086000000| Untracked 
|   7|0x0000000086100000, 0x0000000086100000, 0x0000000086200000|  0%| F|  |TAMS 0x0000000086100000, 0x0000000086100000| Untracked 
|   8|0x0000000086200000, 0x0000000086200000, 0x0000000086300000|  0%| F|  |TAMS 0x0000000086200000, 0x0000000086200000| Untracked 
|   9|0x0000000086300000, 0x0000000086300000, 0x0000000086400000|  0%| F|  |TAMS 0x0000000086300000, 0x0000000086300000| Untracked 
|  10|0x0000000086400000, 0x0000000086400000, 0x0000000086500000|  0%| F|  |TAMS 0x0000000086400000, 0x0000000086400000| Untracked 
|  11|0x0000000086500000, 0x0000000086500000, 0x0000000086600000|  0%| F|  |TAMS 0x0000000086500000, 0x0000000086500000| Untracked 
|  12|0x0000000086600000, 0x0000000086600000, 0x0000000086700000|  0%| F|  |TAMS 0x0000000086600000, 0x0000000086600000| Untracked 
|  13|0x0000000086700000, 0x0000000086700000, 0x0000000086800000|  0%| F|  |TAMS 0x0000000086700000, 0x0000000086700000| Untracked 
|  14|0x0000000086800000, 0x0000000086800000, 0x0000000086900000|  0%| F|  |TAMS 0x0000000086800000, 0x0000000086800000| Untracked 
|  15|0x0000000086900000, 0x0000000086900000, 0x0000000086a00000|  0%| F|  |TAMS 0x0000000086900000, 0x0000000086900000| Untracked 
|  16|0x0000000086a00000, 0x0000000086a00000, 0x0000000086b00000|  0%| F|  |TAMS 0x0000000086a00000, 0x0000000086a00000| Untracked 
|  17|0x0000000086b00000, 0x0000000086b00000, 0x0000000086c00000|  0%| F|  |TAMS 0x0000000086b00000, 0x0000000086b00000| Untracked 
|  18|0x0000000086c00000, 0x0000000086c00000, 0x0000000086d00000|  0%| F|  |TAMS 0x0000000086c00000, 0x0000000086c00000| Untracked 
|  19|0x0000000086d00000, 0x0000000086d00000, 0x0000000086e00000|  0%| F|  |TAMS 0x0000000086d00000, 0x0000000086d00000| Untracked 
|  20|0x0000000086e00000, 0x0000000086e00000, 0x0000000086f00000|  0%| F|  |TAMS 0x0000000086e00000, 0x0000000086e00000| Untracked 
|  21|0x0000000086f00000, 0x0000000086f00000, 0x0000000087000000|  0%| F|  |TAMS 0x0000000086f00000, 0x0000000086f00000| Untracked 
|  22|0x0000000087000000, 0x0000000087000000, 0x0000000087100000|  0%| F|  |TAMS 0x0000000087000000, 0x0000000087000000| Untracked 
|  23|0x0000000087100000, 0x0000000087100000, 0x0000000087200000|  0%| F|  |TAMS 0x0000000087100000, 0x0000000087100000| Untracked 
|  24|0x0000000087200000, 0x0000000087200000, 0x0000000087300000|  0%| F|  |TAMS 0x0000000087200000, 0x0000000087200000| Untracked 
|  25|0x0000000087300000, 0x0000000087300000, 0x0000000087400000|  0%| F|  |TAMS 0x0000000087300000, 0x0000000087300000| Untracked 
|  26|0x0000000087400000, 0x0000000087400000, 0x0000000087500000|  0%| F|  |TAMS 0x0000000087400000, 0x0000000087400000| Untracked 
|  27|0x0000000087500000, 0x0000000087500000, 0x0000000087600000|  0%| F|  |TAMS 0x0000000087500000, 0x0000000087500000| Untracked 
|  28|0x0000000087600000, 0x0000000087600000, 0x0000000087700000|  0%| F|  |TAMS 0x0000000087600000, 0x0000000087600000| Untracked 
|  29|0x0000000087700000, 0x0000000087700000, 0x0000000087800000|  0%| F|  |TAMS 0x0000000087700000, 0x0000000087700000| Untracked 
|  30|0x0000000087800000, 0x0000000087800000, 0x0000000087900000|  0%| F|  |TAMS 0x0000000087800000, 0x0000000087800000| Untracked 
|  31|0x0000000087900000, 0x0000000087900000, 0x0000000087a00000|  0%| F|  |TAMS 0x0000000087900000, 0x0000000087900000| Untracked 
|  32|0x0000000087a00000, 0x0000000087a00000, 0x0000000087b00000|  0%| F|  |TAMS 0x0000000087a00000, 0x0000000087a00000| Untracked 
|  33|0x0000000087b00000, 0x0000000087b00000, 0x0000000087c00000|  0%| F|  |TAMS 0x0000000087b00000, 0x0000000087b00000| Untracked 
|  34|0x0000000087c00000, 0x0000000087c00000, 0x0000000087d00000|  0%| F|  |TAMS 0x0000000087c00000, 0x0000000087c00000| Untracked 
|  35|0x0000000087d00000, 0x0000000087d00000, 0x0000000087e00000|  0%| F|  |TAMS 0x0000000087d00000, 0x0000000087d00000| Untracked 
|  36|0x0000000087e00000, 0x0000000087e00000, 0x0000000087f00000|  0%| F|  |TAMS 0x0000000087e00000, 0x0000000087e00000| Untracked 
|  37|0x0000000087f00000, 0x0000000087f00000, 0x0000000088000000|  0%| F|  |TAMS 0x0000000087f00000, 0x0000000087f00000| Untracked 
|  38|0x0000000088000000, 0x0000000088000000, 0x0000000088100000|  0%| F|  |TAMS 0x0000000088000000, 0x0000000088000000| Untracked 
|  39|0x0000000088100000, 0x0000000088100000, 0x0000000088200000|  0%| F|  |TAMS 0x0000000088100000, 0x0000000088100000| Untracked 
|  40|0x0000000088200000, 0x0000000088200000, 0x0000000088300000|  0%| F|  |TAMS 0x0000000088200000, 0x0000000088200000| Untracked 
|  41|0x0000000088300000, 0x0000000088300000, 0x0000000088400000|  0%| F|  |TAMS 0x0000000088300000, 0x0000000088300000| Untracked 
|  42|0x0000000088400000, 0x0000000088400000, 0x0000000088500000|  0%| F|  |TAMS 0x0000000088400000, 0x0000000088400000| Untracked 
|  43|0x0000000088500000, 0x0000000088500000, 0x0000000088600000|  0%| F|  |TAMS 0x0000000088500000, 0x0000000088500000| Untracked 
|  44|0x0000000088600000, 0x0000000088600000, 0x0000000088700000|  0%| F|  |TAMS 0x0000000088600000, 0x0000000088600000| Untracked 
|  45|0x0000000088700000, 0x0000000088700000, 0x0000000088800000|  0%| F|  |TAMS 0x0000000088700000, 0x0000000088700000| Untracked 
|  46|0x0000000088800000, 0x0000000088800000, 0x0000000088900000|  0%| F|  |TAMS 0x0000000088800000, 0x0000000088800000| Untracked 
|  47|0x0000000088900000, 0x0000000088900000, 0x0000000088a00000|  0%| F|  |TAMS 0x0000000088900000, 0x0000000088900000| Untracked 
|  48|0x0000000088a00000, 0x0000000088a00000, 0x0000000088b00000|  0%| F|  |TAMS 0x0000000088a00000, 0x0000000088a00000| Untracked 
|  49|0x0000000088b00000, 0x0000000088b00000, 0x0000000088c00000|  0%| F|  |TAMS 0x0000000088b00000, 0x0000000088b00000| Untracked 
|  50|0x0000000088c00000, 0x0000000088c00000, 0x0000000088d00000|  0%| F|  |TAMS 0x0000000088c00000, 0x0000000088c00000| Untracked 
|  51|0x0000000088d00000, 0x0000000088d00000, 0x0000000088e00000|  0%| F|  |TAMS 0x0000000088d00000, 0x0000000088d00000| Untracked 
|  52|0x0000000088e00000, 0x0000000088e00000, 0x0000000088f00000|  0%| F|  |TAMS 0x0000000088e00000, 0x0000000088e00000| Untracked 
|  53|0x0000000088f00000, 0x0000000088f00000, 0x0000000089000000|  0%| F|  |TAMS 0x0000000088f00000, 0x0000000088f00000| Untracked 
|  54|0x0000000089000000, 0x0000000089000000, 0x0000000089100000|  0%| F|  |TAMS 0x0000000089000000, 0x0000000089000000| Untracked 
|  55|0x0000000089100000, 0x0000000089100000, 0x0000000089200000|  0%| F|  |TAMS 0x0000000089100000, 0x0000000089100000| Untracked 
|  56|0x0000000089200000, 0x0000000089200000, 0x0000000089300000|  0%| F|  |TAMS 0x0000000089200000, 0x0000000089200000| Untracked 
|  57|0x0000000089300000, 0x0000000089300000, 0x0000000089400000|  0%| F|  |TAMS 0x0000000089300000, 0x0000000089300000| Untracked 
|  58|0x0000000089400000, 0x0000000089400000, 0x0000000089500000|  0%| F|  |TAMS 0x0000000089400000, 0x0000000089400000| Untracked 
|  59|0x0000000089500000, 0x0000000089500000, 0x0000000089600000|  0%| F|  |TAMS 0x0000000089500000, 0x0000000089500000| Untracked 
|  60|0x0000000089600000, 0x0000000089600000, 0x0000000089700000|  0%| F|  |TAMS 0x0000000089600000, 0x0000000089600000| Untracked 
|  61|0x0000000089700000, 0x0000000089700000, 0x0000000089800000|  0%| F|  |TAMS 0x0000000089700000, 0x0000000089700000| Untracked 
|  62|0x0000000089800000, 0x0000000089800000, 0x0000000089900000|  0%| F|  |TAMS 0x0000000089800000, 0x0000000089800000| Untracked 
|  63|0x0000000089900000, 0x0000000089900000, 0x0000000089a00000|  0%| F|  |TAMS 0x0000000089900000, 0x0000000089900000| Untracked 
|  64|0x0000000089a00000, 0x0000000089a00000, 0x0000000089b00000|  0%| F|  |TAMS 0x0000000089a00000, 0x0000000089a00000| Untracked 
|  65|0x0000000089b00000, 0x0000000089b00000, 0x0000000089c00000|  0%| F|  |TAMS 0x0000000089b00000, 0x0000000089b00000| Untracked 
|  66|0x0000000089c00000, 0x0000000089c00000, 0x0000000089d00000|  0%| F|  |TAMS 0x0000000089c00000, 0x0000000089c00000| Untracked 
|  67|0x0000000089d00000, 0x0000000089d00000, 0x0000000089e00000|  0%| F|  |TAMS 0x0000000089d00000, 0x0000000089d00000| Untracked 
|  68|0x0000000089e00000, 0x0000000089e00000, 0x0000000089f00000|  0%| F|  |TAMS 0x0000000089e00000, 0x0000000089e00000| Untracked 
|  69|0x0000000089f00000, 0x0000000089f00000, 0x000000008a000000|  0%| F|  |TAMS 0x0000000089f00000, 0x0000000089f00000| Untracked 
|  70|0x000000008a000000, 0x000000008a000000, 0x000000008a100000|  0%| F|  |TAMS 0x000000008a000000, 0x000000008a000000| Untracked 
|  71|0x000000008a100000, 0x000000008a100000, 0x000000008a200000|  0%| F|  |TAMS 0x000000008a100000, 0x000000008a100000| Untracked 
|  72|0x000000008a200000, 0x000000008a200000, 0x000000008a300000|  0%| F|  |TAMS 0x000000008a200000, 0x000000008a200000| Untracked 
|  73|0x000000008a300000, 0x000000008a300000, 0x000000008a400000|  0%| F|  |TAMS 0x000000008a300000, 0x000000008a300000| Untracked 
|  74|0x000000008a400000, 0x000000008a400000, 0x000000008a500000|  0%| F|  |TAMS 0x000000008a400000, 0x000000008a400000| Untracked 
|  75|0x000000008a500000, 0x000000008a500000, 0x000000008a600000|  0%| F|  |TAMS 0x000000008a500000, 0x000000008a500000| Untracked 
|  76|0x000000008a600000, 0x000000008a600000, 0x000000008a700000|  0%| F|  |TAMS 0x000000008a600000, 0x000000008a600000| Untracked 
|  77|0x000000008a700000, 0x000000008a700000, 0x000000008a800000|  0%| F|  |TAMS 0x000000008a700000, 0x000000008a700000| Untracked 
|  78|0x000000008a800000, 0x000000008a800000, 0x000000008a900000|  0%| F|  |TAMS 0x000000008a800000, 0x000000008a800000| Untracked 
|  79|0x000000008a900000, 0x000000008a900000, 0x000000008aa00000|  0%| F|  |TAMS 0x000000008a900000, 0x000000008a900000| Untracked 
|  80|0x000000008aa00000, 0x000000008aa00000, 0x000000008ab00000|  0%| F|  |TAMS 0x000000008aa00000, 0x000000008aa00000| Untracked 
|  81|0x000000008ab00000, 0x000000008ab00000, 0x000000008ac00000|  0%| F|  |TAMS 0x000000008ab00000, 0x000000008ab00000| Untracked 
|  82|0x000000008ac00000, 0x000000008ac00000, 0x000000008ad00000|  0%| F|  |TAMS 0x000000008ac00000, 0x000000008ac00000| Untracked 
|  83|0x000000008ad00000, 0x000000008ad00000, 0x000000008ae00000|  0%| F|  |TAMS 0x000000008ad00000, 0x000000008ad00000| Untracked 
|  84|0x000000008ae00000, 0x000000008ae00000, 0x000000008af00000|  0%| F|  |TAMS 0x000000008ae00000, 0x000000008ae00000| Untracked 
|  85|0x000000008af00000, 0x000000008af00000, 0x000000008b000000|  0%| F|  |TAMS 0x000000008af00000, 0x000000008af00000| Untracked 
|  86|0x000000008b000000, 0x000000008b000000, 0x000000008b100000|  0%| F|  |TAMS 0x000000008b000000, 0x000000008b000000| Untracked 
|  87|0x000000008b100000, 0x000000008b100000, 0x000000008b200000|  0%| F|  |TAMS 0x000000008b100000, 0x000000008b100000| Untracked 
|  88|0x000000008b200000, 0x000000008b200000, 0x000000008b300000|  0%| F|  |TAMS 0x000000008b200000, 0x000000008b200000| Untracked 
|  89|0x000000008b300000, 0x000000008b300000, 0x000000008b400000|  0%| F|  |TAMS 0x000000008b300000, 0x000000008b300000| Untracked 
|  90|0x000000008b400000, 0x000000008b400000, 0x000000008b500000|  0%| F|  |TAMS 0x000000008b400000, 0x000000008b400000| Untracked 
|  91|0x000000008b500000, 0x000000008b500000, 0x000000008b600000|  0%| F|  |TAMS 0x000000008b500000, 0x000000008b500000| Untracked 
|  92|0x000000008b600000, 0x000000008b600000, 0x000000008b700000|  0%| F|  |TAMS 0x000000008b600000, 0x000000008b600000| Untracked 
|  93|0x000000008b700000, 0x000000008b700000, 0x000000008b800000|  0%| F|  |TAMS 0x000000008b700000, 0x000000008b700000| Untracked 
|  94|0x000000008b800000, 0x000000008b800000, 0x000000008b900000|  0%| F|  |TAMS 0x000000008b800000, 0x000000008b800000| Untracked 
|  95|0x000000008b900000, 0x000000008b900000, 0x000000008ba00000|  0%| F|  |TAMS 0x000000008b900000, 0x000000008b900000| Untracked 
|  96|0x000000008ba00000, 0x000000008ba00000, 0x000000008bb00000|  0%| F|  |TAMS 0x000000008ba00000, 0x000000008ba00000| Untracked 
|  97|0x000000008bb00000, 0x000000008bb00000, 0x000000008bc00000|  0%| F|  |TAMS 0x000000008bb00000, 0x000000008bb00000| Untracked 
|  98|0x000000008bc00000, 0x000000008bc00000, 0x000000008bd00000|  0%| F|  |TAMS 0x000000008bc00000, 0x000000008bc00000| Untracked 
|  99|0x000000008bd00000, 0x000000008bd00000, 0x000000008be00000|  0%| F|  |TAMS 0x000000008bd00000, 0x000000008bd00000| Untracked 
| 100|0x000000008be00000, 0x000000008be00000, 0x000000008bf00000|  0%| F|  |TAMS 0x000000008be00000, 0x000000008be00000| Untracked 
| 101|0x000000008bf00000, 0x000000008bf00000, 0x000000008c000000|  0%| F|  |TAMS 0x000000008bf00000, 0x000000008bf00000| Untracked 
| 102|0x000000008c000000, 0x000000008c000000, 0x000000008c100000|  0%| F|  |TAMS 0x000000008c000000, 0x000000008c000000| Untracked 
| 103|0x000000008c100000, 0x000000008c100000, 0x000000008c200000|  0%| F|  |TAMS 0x000000008c100000, 0x000000008c100000| Untracked 
| 104|0x000000008c200000, 0x000000008c200000, 0x000000008c300000|  0%| F|  |TAMS 0x000000008c200000, 0x000000008c200000| Untracked 
| 105|0x000000008c300000, 0x000000008c300000, 0x000000008c400000|  0%| F|  |TAMS 0x000000008c300000, 0x000000008c300000| Untracked 
| 106|0x000000008c400000, 0x000000008c400000, 0x000000008c500000|  0%| F|  |TAMS 0x000000008c400000, 0x000000008c400000| Untracked 
| 107|0x000000008c500000, 0x000000008c500000, 0x000000008c600000|  0%| F|  |TAMS 0x000000008c500000, 0x000000008c500000| Untracked 
| 108|0x000000008c600000, 0x000000008c600000, 0x000000008c700000|  0%| F|  |TAMS 0x000000008c600000, 0x000000008c600000| Untracked 
| 109|0x000000008c700000, 0x000000008c7d1648, 0x000000008c800000| 81%| S|CS|TAMS 0x000000008c700000, 0x000000008c700000| Complete 
| 110|0x000000008c800000, 0x000000008c800000, 0x000000008c900000|  0%| F|  |TAMS 0x000000008c800000, 0x000000008c800000| Untracked 
| 111|0x000000008c900000, 0x000000008c900000, 0x000000008ca00000|  0%| F|  |TAMS 0x000000008c900000, 0x000000008c900000| Untracked 
| 112|0x000000008ca00000, 0x000000008ca00000, 0x000000008cb00000|  0%| F|  |TAMS 0x000000008ca00000, 0x000000008ca00000| Untracked 
| 113|0x000000008cb00000, 0x000000008cb00000, 0x000000008cc00000|  0%| F|  |TAMS 0x000000008cb00000, 0x000000008cb00000| Untracked 
| 114|0x000000008cc00000, 0x000000008cc00000, 0x000000008cd00000|  0%| F|  |TAMS 0x000000008cc00000, 0x000000008cc00000| Untracked 
| 115|0x000000008cd00000, 0x000000008cd00000, 0x000000008ce00000|  0%| F|  |TAMS 0x000000008cd00000, 0x000000008cd00000| Untracked 
| 116|0x000000008ce00000, 0x000000008ce00000, 0x000000008cf00000|  0%| F|  |TAMS 0x000000008ce00000, 0x000000008ce00000| Untracked 
| 117|0x000000008cf00000, 0x000000008cf00000, 0x000000008d000000|  0%| F|  |TAMS 0x000000008cf00000, 0x000000008cf00000| Untracked 
| 118|0x000000008d000000, 0x000000008d000000, 0x000000008d100000|  0%| F|  |TAMS 0x000000008d000000, 0x000000008d000000| Untracked 
| 119|0x000000008d100000, 0x000000008d100000, 0x000000008d200000|  0%| F|  |TAMS 0x000000008d100000, 0x000000008d100000| Untracked 
| 120|0x000000008d200000, 0x000000008d200800, 0x000000008d300000|  0%| E|  |TAMS 0x000000008d200000, 0x000000008d200000| Complete 
| 121|0x000000008d300000, 0x000000008d400000, 0x000000008d400000|100%| E|CS|TAMS 0x000000008d300000, 0x000000008d300000| Complete 
| 122|0x000000008d400000, 0x000000008d500000, 0x000000008d500000|100%| E|CS|TAMS 0x000000008d400000, 0x000000008d400000| Complete 
| 123|0x000000008d500000, 0x000000008d600000, 0x000000008d600000|100%| E|CS|TAMS 0x000000008d500000, 0x000000008d500000| Complete 
|1956|0x00000000ffe00000, 0x00000000ffe47000, 0x00000000fff00000| 27%|OA|  |TAMS 0x00000000ffe00000, 0x00000000ffe00000| Untracked 
|1957|0x00000000fff00000, 0x00000000fff6b000, 0x0000000100000000| 41%|CA|  |TAMS 0x00000000fff00000, 0x00000000fff00000| Untracked 

Card table byte_map: [0x00007f5d8255e000,0x00007f5d82931000] _byte_map_base: 0x00007f5d82131000

Marking Bits (Prev, Next): (CMBitMap*) 0x00007f5d7c056388, (CMBitMap*) 0x00007f5d7c0563c0
 Prev Bits: [0x00007f5d802f3000, 0x00007f5d8218b000)
 Next Bits: [0x00007f5d5e168000, 0x00007f5d60000000)

Polling page: 0x00007f5d84d8d000

Metaspace:

Usage:
  Non-class:      5.05 MB capacity,     1.72 MB ( 34%) used,     3.32 MB ( 66%) free+waste,    15.31 KB ( <1%) overhead. 
      Class:    554.00 KB capacity,   150.64 KB ( 27%) used,   394.98 KB ( 71%) free+waste,     8.38 KB (  2%) overhead. 
       Both:      5.59 MB capacity,     1.86 MB ( 33%) used,     3.70 MB ( 66%) free+waste,    23.69 KB ( <1%) overhead. 

Virtual space:
  Non-class space:        8.00 MB reserved,       5.25 MB ( 66%) committed 
      Class space:        1.00 GB reserved,     640.00 KB ( <1%) committed 
             Both:        1.01 GB reserved,       5.88 MB ( <1%) committed 

Chunk freelists:
   Non-Class:  13.00 KB
       Class:  0 bytes
        Both:  13.00 KB

MaxMetaspaceSize: unlimited
CompressedClassSpaceSize: 1.00 GB
Initial GC threshold: 20.80 MB
Current GC threshold: 20.80 MB
CDS: on

CodeHeap 'non-profiled nmethods': size=120032Kb used=137Kb max_used=137Kb free=119894Kb
 bounds [0x00007f5d6c2e6000, 0x00007f5d6c556000, 0x00007f5d7381e000]
CodeHeap 'profiled nmethods': size=120032Kb used=703Kb max_used=703Kb free=119328Kb
 bounds [0x00007f5d64dae000, 0x00007f5d6501e000, 0x00007f5d6c2e6000]
CodeHeap 'non-nmethods': size=5696Kb used=1137Kb max_used=1151Kb free=4558Kb
 bounds [0x00007f5d6481e000, 0x00007f5d64a8e000, 0x00007f5d64dae000]
 total_blobs=850 nmethods=455 adapters=309
 compilation: enabled
              stopped_count=0, restarted_count=0
 full_count=0

Compilation events (20 events):
Event: 5.945 Thread 0x00007f5d7c11c800  434       1       java.lang.invoke.ClassSpecializer$SpeciesData::getterFunctions (5 bytes)
Event: 5.945 Thread 0x00007f5d7c11c800 nmethod 434 0x00007f5d6c307b10 code [0x00007f5d6c307cc0, 0x00007f5d6c307d90]
Event: 5.945 Thread 0x00007f5d7c11c800  445       3       java.nio.ByteBuffer::position (8 bytes)
Event: 5.945 Thread 0x00007f5d7c11c800 nmethod 445 0x00007f5d64e59190 code [0x00007f5d64e59340, 0x00007f5d64e594a0]
Event: 5.945 Thread 0x00007f5d7c11a800  444       4       java.lang.String::equals (65 bytes)
Event: 5.945 Thread 0x00007f5d7c11c800  446       3       java.lang.invoke.DirectMethodHandle$Holder::invokeStatic (15 bytes)
Event: 5.945 Thread 0x00007f5d7c11c800 nmethod 446 0x00007f5d64e59590 code [0x00007f5d64e59760, 0x00007f5d64e59c50]
Event: 5.946 Thread 0x00007f5d7c11a800 nmethod 444 0x00007f5d6c307e10 code [0x00007f5d6c307fa0, 0x00007f5d6c308198]
Event: 5.946 Thread 0x00007f5d7c11c800  447       3       java.nio.Buffer::limit (65 bytes)
Event: 5.946 Thread 0x00007f5d7c11c800 nmethod 447 0x00007f5d64e59d90 code [0x00007f5d64e59f60, 0x00007f5d64e5a220]
Event: 5.947 Thread 0x00007f5d7c11c800  448       3       java.lang.String::toString (2 bytes)
Event: 5.947 Thread 0x00007f5d7c11c800 nmethod 448 0x00007f5d64e5a310 code [0x00007f5d64e5a4c0, 0x00007f5d64e5a5d0]
Event: 5.948 Thread 0x00007f5d7c11c800  449       3       java.nio.ByteBuffer::array (35 bytes)
Event: 5.948 Thread 0x00007f5d7c11c800 nmethod 449 0x00007f5d64e5a690 code [0x00007f5d64e5a860, 0x00007f5d64e5aad0]
Event: 5.956 Thread 0x00007f5d7c11c800  451   !   3       java.lang.ref.ReferenceQueue::enqueue (119 bytes)
Event: 5.956 Thread 0x00007f5d7c11c800 nmethod 451 0x00007f5d64e5ac10 code [0x00007f5d64e5ae00, 0x00007f5d64e5b5e0]
Event: 5.956 Thread 0x00007f5d7c11c800  452       3       java.lang.String::valueOf (14 bytes)
Event: 5.956 Thread 0x00007f5d7c11c800 nmethod 452 0x00007f5d64e5b790 code [0x00007f5d64e5b960, 0x00007f5d64e5bb60]
Event: 5.956 Thread 0x00007f5d7c11c800  453       3       java.nio.Buffer::<init> (99 bytes)
Event: 5.957 Thread 0x00007f5d7c11c800 nmethod 453 0x00007f5d64e5bc10 code [0x00007f5d64e5bf00, 0x00007f5d64e5cc90]

GC Heap History (2 events):
Event: 5.948 GC heap before
{Heap before GC invocations=0 (full 0):
 garbage-first heap   total 129024K, used 15048K [0x0000000085a00000, 0x0000000100000000)
  region size 1024K, 14 young (14336K), 0 survivors (0K)
 Metaspace       used 1895K, capacity 5725K, committed 6016K, reserved 1056768K
  class space    used 150K, capacity 554K, committed 640K, reserved 1048576K
}
Event: 5.955 GC heap after
{Heap after GC invocations=1 (full 0):
 garbage-first heap   total 129024K, used 1549K [0x0000000085a00000, 0x0000000100000000)
  region size 1024K, 1 young (1024K), 1 survivors (1024K)
 Metaspace       used 1895K, capacity 5725K, committed 6016K, reserved 1056768K
  class space    used 150K, capacity 554K, committed 640K, reserved 1048576K
}

Deoptimization events (4 events):
Event: 0.165 Thread 0x00007f5d7c016000 Uncommon trap: trap_request=0xffffff4d fr.pc=0x00007f5d6c2ee79c relative=0x000000000000007c
Event: 0.165 Thread 0x00007f5d7c016000 Uncommon trap: reason=unstable_if action=reinterpret pc=0x00007f5d6c2ee79c method=java.lang.String.isLatin1()Z @ 10 c2
Event: 0.165 Thread 0x00007f5d7c016000 DEOPT PACKING pc=0x00007f5d6c2ee79c sp=0x00007f5d8354a220
Event: 0.165 Thread 0x00007f5d7c016000 DEOPT UNPACKING pc=0x00007f5d64867ea5 sp=0x00007f5d8354a180 mode 2

Classes redefined (0 events):
No events

Internal exceptions (1 events):
Event: 0.187 Thread 0x00007f5d7c016000 Exception <a 'java/lang/NoSuchMethodError'{0x000000008d06bc60}: 'int java.lang.invoke.DirectMethodHandle$Holder.invokeSpecialIFC(java.lang.Object, java.lang.Object, int)'> (0x000000008d06bc60) thrown at [src/hotspot/share/interpreter/linkResolver.cpp, line 772]

Events (20 events):
Event: 5.956 Protecting memory [0x00007f5d23801000,0x00007f5d23805000] with protection modes 0
Event: 5.956 Thread 0x00007f5d18013000 Thread added: 0x00007f5d18013000
Event: 5.956 Executing VM operation: RevokeBias
Event: 5.956 Executing VM operation: RevokeBias done
Event: 5.956 Thread 0x00007f5d18013000 Thread exited: 0x00007f5d18013000
Event: 5.956 Protecting memory [0x00007f5d23801000,0x00007f5d23805000] with protection modes 0
Event: 5.956 Thread 0x00007f5d18013000 Thread added: 0x00007f5d18013000
Event: 5.956 Executing VM operation: RevokeBias
Event: 5.956 Executing VM operation: RevokeBias done
Event: 5.956 Executing VM operation: RevokeBias
Event: 5.956 Executing VM operation: RevokeBias done
Event: 5.956 Thread 0x00007f5d18013000 Thread exited: 0x00007f5d18013000
Event: 5.956 Protecting memory [0x00007f5d23801000,0x00007f5d23805000] with protection modes 0
Event: 5.956 Thread 0x00007f5d18012000 Thread added: 0x00007f5d18012000
Event: 5.956 Thread 0x00007f5d18012000 Thread exited: 0x00007f5d18012000
Event: 5.956 Protecting memory [0x00007f5d23801000,0x00007f5d23805000] with protection modes 0
Event: 5.956 Thread 0x00007f5d18012000 Thread added: 0x00007f5d18012000
Event: 5.956 Thread 0x00007f5d18012000 Thread exited: 0x00007f5d18012000
Event: 6.928 loading class org/pjsip/pjsua2/SendInstantMessageParam
Event: 6.928 loading class org/pjsip/pjsua2/SendInstantMessageParam done


Dynamic libraries:
85a00000-8d600000 rw-p 00000000 00:00 0 
8d600000-ffe00000 ---p 00000000 00:00 0 
ffe00000-ffe47000 rw-p 01119000 08:02 1441990                            /usr/lib/jvm/java-11-openjdk-amd64/lib/server/classes.jsa
ffe47000-fff00000 rw-p 00000000 00:00 0 
fff00000-fff6b000 rw-p 010ae000 08:02 1441990                            /usr/lib/jvm/java-11-openjdk-amd64/lib/server/classes.jsa
fff6b000-100000000 rw-p 00000000 00:00 0 
800000000-800002000 rwxp 00001000 08:02 1441990                          /usr/lib/jvm/java-11-openjdk-amd64/lib/server/classes.jsa
800002000-8003cb000 rw-p 00003000 08:02 1441990                          /usr/lib/jvm/java-11-openjdk-amd64/lib/server/classes.jsa
8003cb000-800a9a000 r--p 003cc000 08:02 1441990                          /usr/lib/jvm/java-11-openjdk-amd64/lib/server/classes.jsa
800a9a000-800a9b000 rw-p 00a9b000 08:02 1441990                          /usr/lib/jvm/java-11-openjdk-amd64/lib/server/classes.jsa
800a9b000-8010ad000 r--p 00a9c000 08:02 1441990                          /usr/lib/jvm/java-11-openjdk-amd64/lib/server/classes.jsa
840000000-8400a0000 rw-p 00000000 00:00 0 
8400a0000-880000000 ---p 00000000 00:00 0 
55edb3b69000-55edb3b6a000 r--p 00000000 08:02 1445569                    /usr/lib/jvm/java-11-openjdk-amd64/bin/java
55edb3b6a000-55edb3b6b000 r-xp 00001000 08:02 1445569                    /usr/lib/jvm/java-11-openjdk-amd64/bin/java
55edb3b6b000-55edb3b6c000 r--p 00002000 08:02 1445569                    /usr/lib/jvm/java-11-openjdk-amd64/bin/java
55edb3b6c000-55edb3b6d000 r--p 00002000 08:02 1445569                    /usr/lib/jvm/java-11-openjdk-amd64/bin/java
55edb3b6d000-55edb3b6e000 rw-p 00003000 08:02 1445569                    /usr/lib/jvm/java-11-openjdk-amd64/bin/java
55edb4c14000-55edb4c35000 rw-p 00000000 00:00 0                          [heap]
7f5cd8000000-7f5cd8021000 rw-p 00000000 00:00 0 
7f5cd8021000-7f5cdc000000 ---p 00000000 00:00 0 
7f5ce0000000-7f5ce0021000 rw-p 00000000 00:00 0 
7f5ce0021000-7f5ce4000000 ---p 00000000 00:00 0 
7f5ce4000000-7f5ce4021000 rw-p 00000000 00:00 0 
7f5ce4021000-7f5ce8000000 ---p 00000000 00:00 0 
7f5ce8000000-7f5ce8021000 rw-p 00000000 00:00 0 
7f5ce8021000-7f5cec000000 ---p 00000000 00:00 0 
7f5cec000000-7f5cec021000 rw-p 00000000 00:00 0 
7f5cec021000-7f5cf0000000 ---p 00000000 00:00 0 
7f5cf0000000-7f5cf4000000 rw-s 00000000 00:01 9853                       /memfd:pulseaudio (deleted)
7f5cf4000000-7f5cf8000000 rw-s 00000000 00:01 2053                       /memfd:pulseaudio (deleted)
7f5cf8000000-7f5cfc000000 rw-s 00000000 00:01 11840                      /memfd:pulseaudio (deleted)
7f5cfc000000-7f5cfc021000 rw-p 00000000 00:00 0 
7f5cfc021000-7f5d00000000 ---p 00000000 00:00 0 
7f5d00000000-7f5d04000000 rw-s 00000000 00:01 11840                      /memfd:pulseaudio (deleted)
7f5d04000000-7f5d08000000 rw-s 00000000 00:01 9852                       /memfd:pulseaudio (deleted)
7f5d08000000-7f5d0c000000 rw-s 00000000 00:01 2053                       /memfd:pulseaudio (deleted)
7f5d0c000000-7f5d0c021000 rw-p 00000000 00:00 0 
7f5d0c021000-7f5d10000000 ---p 00000000 00:00 0 
7f5d10000000-7f5d14000000 rw-s 00000000 00:01 11839                      /memfd:pulseaudio (deleted)
7f5d14000000-7f5d18000000 rw-s 00000000 00:01 11839                      /memfd:pulseaudio (deleted)
7f5d18000000-7f5d18034000 rw-p 00000000 00:00 0 
7f5d18034000-7f5d1c000000 ---p 00000000 00:00 0 
7f5d1c000000-7f5d1c021000 rw-p 00000000 00:00 0 
7f5d1c021000-7f5d20000000 ---p 00000000 00:00 0 
7f5d214f5000-7f5d214f6000 ---p 00000000 00:00 0 
7f5d214f6000-7f5d215f7000 rw-p 00000000 00:00 0 
7f5d215f7000-7f5d215f8000 ---p 00000000 00:00 0 
7f5d215f8000-7f5d216f9000 rw-p 00000000 00:00 0 
7f5d216f9000-7f5d216fa000 ---p 00000000 00:00 0 
7f5d216fa000-7f5d217fb000 rw-p 00000000 00:00 0 
7f5d217fb000-7f5d217fc000 ---p 00000000 00:00 0 
7f5d217fc000-7f5d21ffc000 rw-p 00000000 00:00 0 
7f5d21ffc000-7f5d21ffd000 ---p 00000000 00:00 0 
7f5d21ffd000-7f5d21ffe000 rw-p 00000000 00:00 0 
7f5d21ffe000-7f5d22002000 ---p 00000000 00:00 0 
7f5d22002000-7f5d227fd000 rw-p 00000000 00:00 0 
7f5d227fd000-7f5d227fe000 ---p 00000000 00:00 0 
7f5d227fe000-7f5d22ffe000 rw-p 00000000 00:00 0 
7f5d22ffe000-7f5d22fff000 ---p 00000000 00:00 0 
7f5d22fff000-7f5d237ff000 rw-p 00000000 00:00 0 
7f5d237ff000-7f5d23800000 ---p 00000000 00:00 0 
7f5d23800000-7f5d23801000 rw-p 00000000 00:00 0 
7f5d23801000-7f5d23805000 ---p 00000000 00:00 0 
7f5d23805000-7f5d24000000 rw-p 00000000 00:00 0 
7f5d24000000-7f5d24021000 rw-p 00000000 00:00 0 
7f5d24021000-7f5d28000000 ---p 00000000 00:00 0 
7f5d28000000-7f5d28021000 rw-p 00000000 00:00 0 
7f5d28021000-7f5d2c000000 ---p 00000000 00:00 0 
7f5d2c000000-7f5d2c237000 rw-p 00000000 00:00 0 
7f5d2c237000-7f5d30000000 ---p 00000000 00:00 0 
7f5d30000000-7f5d3019b000 rw-p 00000000 00:00 0 
7f5d3019b000-7f5d34000000 ---p 00000000 00:00 0 
7f5d34000000-7f5d34021000 rw-p 00000000 00:00 0 
7f5d34021000-7f5d38000000 ---p 00000000 00:00 0 
7f5d38000000-7f5d38021000 rw-p 00000000 00:00 0 
7f5d38021000-7f5d3c000000 ---p 00000000 00:00 0 
7f5d3c000000-7f5d3c021000 rw-p 00000000 00:00 0 
7f5d3c021000-7f5d40000000 ---p 00000000 00:00 0 
7f5d40000000-7f5d40021000 rw-p 00000000 00:00 0 
7f5d40021000-7f5d44000000 ---p 00000000 00:00 0 
7f5d44000000-7f5d44021000 rw-p 00000000 00:00 0 
7f5d44021000-7f5d48000000 ---p 00000000 00:00 0 
7f5d48000000-7f5d48021000 rw-p 00000000 00:00 0 
7f5d48021000-7f5d4c000000 ---p 00000000 00:00 0 
7f5d4c097000-7f5d4c098000 ---p 00000000 00:00 0 
7f5d4c098000-7f5d4c898000 rw-p 00000000 00:00 0 
7f5d4c898000-7f5d4c8b8000 r--p 00000000 08:02 1449217                    /usr/lib/x86_64-linux-gnu/libdb-5.3.so
7f5d4c8b8000-7f5d4c9fa000 r-xp 00020000 08:02 1449217                    /usr/lib/x86_64-linux-gnu/libdb-5.3.so
7f5d4c9fa000-7f5d4ca3f000 r--p 00162000 08:02 1449217                    /usr/lib/x86_64-linux-gnu/libdb-5.3.so
7f5d4ca3f000-7f5d4ca46000 r--p 001a6000 08:02 1449217                    /usr/lib/x86_64-linux-gnu/libdb-5.3.so
7f5d4ca46000-7f5d4ca47000 rw-p 001ad000 08:02 1449217                    /usr/lib/x86_64-linux-gnu/libdb-5.3.so
7f5d4ca47000-7f5d4ca4d000 r--p 00000000 08:02 1442494                    /usr/lib/x86_64-linux-gnu/libjack.so.0.0.28
7f5d4ca4d000-7f5d4ca59000 r-xp 00006000 08:02 1442494                    /usr/lib/x86_64-linux-gnu/libjack.so.0.0.28
7f5d4ca59000-7f5d4ca5e000 r--p 00012000 08:02 1442494                    /usr/lib/x86_64-linux-gnu/libjack.so.0.0.28
7f5d4ca5e000-7f5d4ca5f000 r--p 00016000 08:02 1442494                    /usr/lib/x86_64-linux-gnu/libjack.so.0.0.28
7f5d4ca5f000-7f5d4ca60000 rw-p 00017000 08:02 1442494                    /usr/lib/x86_64-linux-gnu/libjack.so.0.0.28
7f5d4ca60000-7f5d4ca6a000 rw-p 00000000 00:00 0 
7f5d4ca6a000-7f5d4cbd5000 r-xp 00000000 08:02 1450125                    /usr/lib/x86_64-linux-gnu/libsamplerate.so.0.1.8
7f5d4cbd5000-7f5d4cdd4000 ---p 0016b000 08:02 1450125                    /usr/lib/x86_64-linux-gnu/libsamplerate.so.0.1.8
7f5d4cdd4000-7f5d4cdd5000 r--p 0016a000 08:02 1450125                    /usr/lib/x86_64-linux-gnu/libsamplerate.so.0.1.8
7f5d4cdd5000-7f5d4cdd6000 rw-p 0016b000 08:02 1450125                    /usr/lib/x86_64-linux-gnu/libsamplerate.so.0.1.8
7f5d4cde1000-7f5d4cde3000 r--p 00000000 08:02 2097964                    /usr/lib/x86_64-linux-gnu/alsa-lib/libasound_module_ctl_pulse.so
7f5d4cde3000-7f5d4cde6000 r-xp 00002000 08:02 2097964                    /usr/lib/x86_64-linux-gnu/alsa-lib/libasound_module_ctl_pulse.so
7f5d4cde6000-7f5d4cde7000 r--p 00005000 08:02 2097964                    /usr/lib/x86_64-linux-gnu/alsa-lib/libasound_module_ctl_pulse.so
7f5d4cde7000-7f5d4cde8000 r--p 00005000 08:02 2097964                    /usr/lib/x86_64-linux-gnu/alsa-lib/libasound_module_ctl_pulse.so
7f5d4cde8000-7f5d4cde9000 rw-p 00006000 08:02 2097964                    /usr/lib/x86_64-linux-gnu/alsa-lib/libasound_module_ctl_pulse.so
7f5d4cde9000-7f5d4cdea000 r--p 00000000 08:02 2097968                    /usr/lib/x86_64-linux-gnu/alsa-lib/libasound_module_pcm_upmix.so
7f5d4cdea000-7f5d4cdec000 r-xp 00001000 08:02 2097968                    /usr/lib/x86_64-linux-gnu/alsa-lib/libasound_module_pcm_upmix.so
7f5d4cdec000-7f5d4cded000 r--p 00003000 08:02 2097968                    /usr/lib/x86_64-linux-gnu/alsa-lib/libasound_module_pcm_upmix.so
7f5d4cded000-7f5d4cdee000 r--p 00003000 08:02 2097968                    /usr/lib/x86_64-linux-gnu/alsa-lib/libasound_module_pcm_upmix.so
7f5d4cdee000-7f5d4cdef000 rw-p 00004000 08:02 2097968                    /usr/lib/x86_64-linux-gnu/alsa-lib/libasound_module_pcm_upmix.so
7f5d4cdef000-7f5d4cdf0000 r--p 00000000 08:02 2097966                    /usr/lib/x86_64-linux-gnu/alsa-lib/libasound_module_pcm_oss.so
7f5d4cdf0000-7f5d4cdf2000 r-xp 00001000 08:02 2097966                    /usr/lib/x86_64-linux-gnu/alsa-lib/libasound_module_pcm_oss.so
7f5d4cdf2000-7f5d4cdf3000 r--p 00003000 08:02 2097966                    /usr/lib/x86_64-linux-gnu/alsa-lib/libasound_module_pcm_oss.so
7f5d4cdf3000-7f5d4cdf4000 r--p 00003000 08:02 2097966                    /usr/lib/x86_64-linux-gnu/alsa-lib/libasound_module_pcm_oss.so
7f5d4cdf4000-7f5d4cdf5000 rw-p 00004000 08:02 2097966                    /usr/lib/x86_64-linux-gnu/alsa-lib/libasound_module_pcm_oss.so
7f5d4cdf5000-7f5d4cdf6000 ---p 00000000 00:00 0 
7f5d4cdf6000-7f5d4d5f6000 rw-p 00000000 00:00 0 
7f5d4d5f6000-7f5d4d5fa000 r--p 00000000 08:02 1449497                    /usr/lib/x86_64-linux-gnu/libgpg-error.so.0.28.0
7f5d4d5fa000-7f5d4d60d000 r-xp 00004000 08:02 1449497                    /usr/lib/x86_64-linux-gnu/libgpg-error.so.0.28.0
7f5d4d60d000-7f5d4d617000 r--p 00017000 08:02 1449497                    /usr/lib/x86_64-linux-gnu/libgpg-error.so.0.28.0
7f5d4d617000-7f5d4d618000 r--p 00020000 08:02 1449497                    /usr/lib/x86_64-linux-gnu/libgpg-error.so.0.28.0
7f5d4d618000-7f5d4d619000 rw-p 00021000 08:02 1449497                    /usr/lib/x86_64-linux-gnu/libgpg-error.so.0.28.0
7f5d4d619000-7f5d4d61d000 r--p 00000000 08:02 1449109                    /usr/lib/x86_64-linux-gnu/libbsd.so.0.10.0
7f5d4d61d000-7f5d4d62c000 r-xp 00004000 08:02 1449109                    /usr/lib/x86_64-linux-gnu/libbsd.so.0.10.0
7f5d4d62c000-7f5d4d62f000 r--p 00013000 08:02 1449109                    /usr/lib/x86_64-linux-gnu/libbsd.so.0.10.0
7f5d4d62f000-7f5d4d630000 ---p 00016000 08:02 1449109                    /usr/lib/x86_64-linux-gnu/libbsd.so.0.10.0
7f5d4d630000-7f5d4d631000 r--p 00016000 08:02 1449109                    /usr/lib/x86_64-linux-gnu/libbsd.so.0.10.0
7f5d4d631000-7f5d4d632000 rw-p 00017000 08:02 1449109                    /usr/lib/x86_64-linux-gnu/libbsd.so.0.10.0
7f5d4d632000-7f5d4d633000 rw-p 00000000 00:00 0 
7f5d4d633000-7f5d4d637000 r--p 00000000 08:02 1445806                    /usr/lib/x86_64-linux-gnu/libresolv-2.31.so
7f5d4d637000-7f5d4d647000 r-xp 00004000 08:02 1445806                    /usr/lib/x86_64-linux-gnu/libresolv-2.31.so
7f5d4d647000-7f5d4d64b000 r--p 00014000 08:02 1445806                    /usr/lib/x86_64-linux-gnu/libresolv-2.31.so
7f5d4d64b000-7f5d4d64c000 r--p 00017000 08:02 1445806                    /usr/lib/x86_64-linux-gnu/libresolv-2.31.so
7f5d4d64c000-7f5d4d64d000 rw-p 00018000 08:02 1445806                    /usr/lib/x86_64-linux-gnu/libresolv-2.31.so
7f5d4d64d000-7f5d4d64f000 rw-p 00000000 00:00 0 
7f5d4d64f000-7f5d4d663000 r--p 00000000 08:02 1450341                    /usr/lib/x86_64-linux-gnu/libvorbisenc.so.2.0.11
7f5d4d663000-7f5d4d666000 r-xp 00014000 08:02 1450341                    /usr/lib/x86_64-linux-gnu/libvorbisenc.so.2.0.11
7f5d4d666000-7f5d4d6dd000 r--p 00017000 08:02 1450341                    /usr/lib/x86_64-linux-gnu/libvorbisenc.so.2.0.11
7f5d4d6dd000-7f5d4d6f9000 r--p 0008d000 08:02 1450341                    /usr/lib/x86_64-linux-gnu/libvorbisenc.so.2.0.11
7f5d4d6f9000-7f5d4d6fa000 rw-p 000a9000 08:02 1450341                    /usr/lib/x86_64-linux-gnu/libvorbisenc.so.2.0.11
7f5d4d6fa000-7f5d4d6fd000 r--p 00000000 08:02 1450339                    /usr/lib/x86_64-linux-gnu/libvorbis.so.0.4.8
7f5d4d6fd000-7f5d4d714000 r-xp 00003000 08:02 1450339                    /usr/lib/x86_64-linux-gnu/libvorbis.so.0.4.8
7f5d4d714000-7f5d4d725000 r--p 0001a000 08:02 1450339                    /usr/lib/x86_64-linux-gnu/libvorbis.so.0.4.8
7f5d4d725000-7f5d4d726000 ---p 0002b000 08:02 1450339                    /usr/lib/x86_64-linux-gnu/libvorbis.so.0.4.8
7f5d4d726000-7f5d4d727000 r--p 0002b000 08:02 1450339                    /usr/lib/x86_64-linux-gnu/libvorbis.so.0.4.8
7f5d4d727000-7f5d4d728000 rw-p 0002c000 08:02 1450339                    /usr/lib/x86_64-linux-gnu/libvorbis.so.0.4.8
7f5d4d728000-7f5d4d72a000 r--p 00000000 08:02 1449917                    /usr/lib/x86_64-linux-gnu/libogg.so.0.8.4
7f5d4d72a000-7f5d4d72f000 r-xp 00002000 08:02 1449917                    /usr/lib/x86_64-linux-gnu/libogg.so.0.8.4
7f5d4d72f000-7f5d4d732000 r--p 00007000 08:02 1449917                    /usr/lib/x86_64-linux-gnu/libogg.so.0.8.4
7f5d4d732000-7f5d4d733000 ---p 0000a000 08:02 1449917                    /usr/lib/x86_64-linux-gnu/libogg.so.0.8.4
7f5d4d733000-7f5d4d734000 r--p 0000a000 08:02 1449917                    /usr/lib/x86_64-linux-gnu/libogg.so.0.8.4
7f5d4d734000-7f5d4d735000 rw-p 0000b000 08:02 1449917                    /usr/lib/x86_64-linux-gnu/libogg.so.0.8.4
7f5d4d735000-7f5d4d73d000 r--p 00000000 08:02 1448904                    /usr/lib/x86_64-linux-gnu/libFLAC.so.8.3.0
7f5d4d73d000-7f5d4d766000 r-xp 00008000 08:02 1448904                    /usr/lib/x86_64-linux-gnu/libFLAC.so.8.3.0
7f5d4d766000-7f5d4d770000 r--p 00031000 08:02 1448904                    /usr/lib/x86_64-linux-gnu/libFLAC.so.8.3.0
7f5d4d770000-7f5d4d771000 ---p 0003b000 08:02 1448904                    /usr/lib/x86_64-linux-gnu/libFLAC.so.8.3.0
7f5d4d771000-7f5d4d772000 r--p 0003b000 08:02 1448904                    /usr/lib/x86_64-linux-gnu/libFLAC.so.8.3.0
7f5d4d772000-7f5d4d773000 rw-p 0003c000 08:02 1448904                    /usr/lib/x86_64-linux-gnu/libFLAC.so.8.3.0
7f5d4d773000-7f5d4d777000 r--p 00000000 08:02 1445797                    /usr/lib/x86_64-linux-gnu/libnsl-2.31.so
7f5d4d777000-7f5d4d787000 r-xp 00004000 08:02 1445797                    /usr/lib/x86_64-linux-gnu/libnsl-2.31.so
7f5d4d787000-7f5d4d78c000 r--p 00014000 08:02 1445797                    /usr/lib/x86_64-linux-gnu/libnsl-2.31.so
7f5d4d78c000-7f5d4d78d000 r--p 00018000 08:02 1445797                    /usr/lib/x86_64-linux-gnu/libnsl-2.31.so
7f5d4d78d000-7f5d4d78e000 rw-p 00019000 08:02 1445797                    /usr/lib/x86_64-linux-gnu/libnsl-2.31.so
7f5d4d78e000-7f5d4d790000 rw-p 00000000 00:00 0 
7f5d4d790000-7f5d4d79c000 r--p 00000000 08:02 1447651                    /usr/lib/x86_64-linux-gnu/libgcrypt.so.20.2.5
7f5d4d79c000-7f5d4d86a000 r-xp 0000c000 08:02 1447651                    /usr/lib/x86_64-linux-gnu/libgcrypt.so.20.2.5
7f5d4d86a000-7f5d4d8a7000 r--p 000da000 08:02 1447651                    /usr/lib/x86_64-linux-gnu/libgcrypt.so.20.2.5
7f5d4d8a7000-7f5d4d8a9000 r--p 00116000 08:02 1447651                    /usr/lib/x86_64-linux-gnu/libgcrypt.so.20.2.5
7f5d4d8a9000-7f5d4d8ae000 rw-p 00118000 08:02 1447651                    /usr/lib/x86_64-linux-gnu/libgcrypt.so.20.2.5
7f5d4d8ae000-7f5d4d8b0000 r--p 00000000 08:02 1449762                    /usr/lib/x86_64-linux-gnu/liblz4.so.1.9.2
7f5d4d8b0000-7f5d4d8ca000 r-xp 00002000 08:02 1449762                    /usr/lib/x86_64-linux-gnu/liblz4.so.1.9.2
7f5d4d8ca000-7f5d4d8cd000 r--p 0001c000 08:02 1449762                    /usr/lib/x86_64-linux-gnu/liblz4.so.1.9.2
7f5d4d8cd000-7f5d4d8ce000 r--p 0001e000 08:02 1449762                    /usr/lib/x86_64-linux-gnu/liblz4.so.1.9.2
7f5d4d8ce000-7f5d4d8cf000 rw-p 0001f000 08:02 1449762                    /usr/lib/x86_64-linux-gnu/liblz4.so.1.9.2
7f5d4d8cf000-7f5d4d8d2000 r--p 00000000 08:02 1443497                    /usr/lib/x86_64-linux-gnu/liblzma.so.5.2.4
7f5d4d8d2000-7f5d4d8ea000 r-xp 00003000 08:02 1443497                    /usr/lib/x86_64-linux-gnu/liblzma.so.5.2.4
7f5d4d8ea000-7f5d4d8f5000 r--p 0001b000 08:02 1443497                    /usr/lib/x86_64-linux-gnu/liblzma.so.5.2.4
7f5d4d8f5000-7f5d4d8f6000 ---p 00026000 08:02 1443497                    /usr/lib/x86_64-linux-gnu/liblzma.so.5.2.4
7f5d4d8f6000-7f5d4d8f7000 r--p 00026000 08:02 1443497                    /usr/lib/x86_64-linux-gnu/liblzma.so.5.2.4
7f5d4d8f7000-7f5d4d8f8000 rw-p 00027000 08:02 1443497                    /usr/lib/x86_64-linux-gnu/liblzma.so.5.2.4
7f5d4d8f8000-7f5d4d8fa000 r--p 00000000 08:02 1448951                    /usr/lib/x86_64-linux-gnu/libXdmcp.so.6.0.0
7f5d4d8fa000-7f5d4d8fc000 r-xp 00002000 08:02 1448951                    /usr/lib/x86_64-linux-gnu/libXdmcp.so.6.0.0
7f5d4d8fc000-7f5d4d8fe000 r--p 00004000 08:02 1448951                    /usr/lib/x86_64-linux-gnu/libXdmcp.so.6.0.0
7f5d4d8fe000-7f5d4d8ff000 r--p 00005000 08:02 1448951                    /usr/lib/x86_64-linux-gnu/libXdmcp.so.6.0.0
7f5d4d8ff000-7f5d4d900000 rw-p 00006000 08:02 1448951                    /usr/lib/x86_64-linux-gnu/libXdmcp.so.6.0.0
7f5d4d900000-7f5d4d901000 r--p 00000000 08:02 1448940                    /usr/lib/x86_64-linux-gnu/libXau.so.6.0.0
7f5d4d901000-7f5d4d903000 r-xp 00001000 08:02 1448940                    /usr/lib/x86_64-linux-gnu/libXau.so.6.0.0
7f5d4d903000-7f5d4d904000 r--p 00003000 08:02 1448940                    /usr/lib/x86_64-linux-gnu/libXau.so.6.0.0
7f5d4d904000-7f5d4d905000 r--p 00003000 08:02 1448940                    /usr/lib/x86_64-linux-gnu/libXau.so.6.0.0
7f5d4d905000-7f5d4d906000 rw-p 00004000 08:02 1448940                    /usr/lib/x86_64-linux-gnu/libXau.so.6.0.0
7f5d4d906000-7f5d4d909000 r--p 00000000 08:02 1449007                    /usr/lib/x86_64-linux-gnu/libapparmor.so.1.6.1
7f5d4d909000-7f5d4d912000 r-xp 00003000 08:02 1449007                    /usr/lib/x86_64-linux-gnu/libapparmor.so.1.6.1
7f5d4d912000-7f5d4d919000 r--p 0000c000 08:02 1449007                    /usr/lib/x86_64-linux-gnu/libapparmor.so.1.6.1
7f5d4d919000-7f5d4d91a000 r--p 00012000 08:02 1449007                    /usr/lib/x86_64-linux-gnu/libapparmor.so.1.6.1
7f5d4d91a000-7f5d4d91b000 rw-p 00013000 08:02 1449007                    /usr/lib/x86_64-linux-gnu/libapparmor.so.1.6.1
7f5d4d91b000-7f5d4d920000 r-xp 00000000 08:02 1449028                    /usr/lib/x86_64-linux-gnu/libasyncns.so.0.3.1
7f5d4d920000-7f5d4db1f000 ---p 00005000 08:02 1449028                    /usr/lib/x86_64-linux-gnu/libasyncns.so.0.3.1
7f5d4db1f000-7f5d4db20000 r--p 00004000 08:02 1449028                    /usr/lib/x86_64-linux-gnu/libasyncns.so.0.3.1
7f5d4db20000-7f5d4db21000 rw-p 00005000 08:02 1449028                    /usr/lib/x86_64-linux-gnu/libasyncns.so.0.3.1
7f5d4db21000-7f5d4db28000 r--p 00000000 08:02 1450170                    /usr/lib/x86_64-linux-gnu/libsndfile.so.1.0.28
7f5d4db28000-7f5d4db7b000 r-xp 00007000 08:02 1450170                    /usr/lib/x86_64-linux-gnu/libsndfile.so.1.0.28
7f5d4db7b000-7f5d4db98000 r--p 0005a000 08:02 1450170                    /usr/lib/x86_64-linux-gnu/libsndfile.so.1.0.28
7f5d4db98000-7f5d4db99000 ---p 00077000 08:02 1450170                    /usr/lib/x86_64-linux-gnu/libsndfile.so.1.0.28
7f5d4db99000-7f5d4db9c000 r--p 00077000 08:02 1450170                    /usr/lib/x86_64-linux-gnu/libsndfile.so.1.0.28
7f5d4db9c000-7f5d4db9d000 rw-p 0007a000 08:02 1450170                    /usr/lib/x86_64-linux-gnu/libsndfile.so.1.0.28
7f5d4db9d000-7f5d4db9f000 rw-p 00000000 00:00 0 
7f5d4db9f000-7f5d4dba2000 r--p 00000000 08:02 1450402                    /usr/lib/x86_64-linux-gnu/libwrap.so.0.7.6
7f5d4dba2000-7f5d4dba7000 r-xp 00003000 08:02 1450402                    /usr/lib/x86_64-linux-gnu/libwrap.so.0.7.6
7f5d4dba7000-7f5d4dba9000 r--p 00008000 08:02 1450402                    /usr/lib/x86_64-linux-gnu/libwrap.so.0.7.6
7f5d4dba9000-7f5d4dbaa000 r--p 00009000 08:02 1450402                    /usr/lib/x86_64-linux-gnu/libwrap.so.0.7.6
7f5d4dbaa000-7f5d4dbab000 rw-p 0000a000 08:02 1450402                    /usr/lib/x86_64-linux-gnu/libwrap.so.0.7.6
7f5d4dbab000-7f5d4dbbb000 r--p 00000000 08:02 1446018                    /usr/lib/x86_64-linux-gnu/libsystemd.so.0.28.0
7f5d4dbbb000-7f5d4dc30000 r-xp 00010000 08:02 1446018                    /usr/lib/x86_64-linux-gnu/libsystemd.so.0.28.0
7f5d4dc30000-7f5d4dc55000 r--p 00085000 08:02 1446018                    /usr/lib/x86_64-linux-gnu/libsystemd.so.0.28.0
7f5d4dc55000-7f5d4dc58000 r--p 000a9000 08:02 1446018                    /usr/lib/x86_64-linux-gnu/libsystemd.so.0.28.0
7f5d4dc58000-7f5d4dc59000 rw-p 000ac000 08:02 1446018                    /usr/lib/x86_64-linux-gnu/libsystemd.so.0.28.0
7f5d4dc59000-7f5d4dc5a000 rw-p 00000000 00:00 0 
7f5d4dc5a000-7f5d4dc65000 r--p 00000000 08:02 1450442                    /usr/lib/x86_64-linux-gnu/libxcb.so.1.1.0
7f5d4dc65000-7f5d4dc79000 r-xp 0000b000 08:02 1450442                    /usr/lib/x86_64-linux-gnu/libxcb.so.1.1.0
7f5d4dc79000-7f5d4dc82000 r--p 0001f000 08:02 1450442                    /usr/lib/x86_64-linux-gnu/libxcb.so.1.1.0
7f5d4dc82000-7f5d4dc83000 r--p 00027000 08:02 1450442                    /usr/lib/x86_64-linux-gnu/libxcb.so.1.1.0
7f5d4dc83000-7f5d4dc84000 rw-p 00028000 08:02 1450442                    /usr/lib/x86_64-linux-gnu/libxcb.so.1.1.0
7f5d4dc84000-7f5d4dc8f000 r--p 00000000 08:02 1442000                    /usr/lib/x86_64-linux-gnu/libdbus-1.so.3.19.11
7f5d4dc8f000-7f5d4dcbd000 r-xp 0000b000 08:02 1442000                    /usr/lib/x86_64-linux-gnu/libdbus-1.so.3.19.11
7f5d4dcbd000-7f5d4dcd2000 r--p 00039000 08:02 1442000                    /usr/lib/x86_64-linux-gnu/libdbus-1.so.3.19.11
7f5d4dcd2000-7f5d4dcd3000 ---p 0004e000 08:02 1442000                    /usr/lib/x86_64-linux-gnu/libdbus-1.so.3.19.11
7f5d4dcd3000-7f5d4dcd4000 r--p 0004e000 08:02 1442000                    /usr/lib/x86_64-linux-gnu/libdbus-1.so.3.19.11
7f5d4dcd4000-7f5d4dcd5000 rw-p 0004f000 08:02 1442000                    /usr/lib/x86_64-linux-gnu/libdbus-1.so.3.19.11
7f5d4dcd5000-7f5d4dce6000 r--p 00000000 08:02 2097637                    /usr/lib/x86_64-linux-gnu/pulseaudio/libpulsecommon-13.99.so
7f5d4dce6000-7f5d4dd2e000 r-xp 00011000 08:02 2097637                    /usr/lib/x86_64-linux-gnu/pulseaudio/libpulsecommon-13.99.so
7f5d4dd2e000-7f5d4dd53000 r--p 00059000 08:02 2097637                    /usr/lib/x86_64-linux-gnu/pulseaudio/libpulsecommon-13.99.so
7f5d4dd53000-7f5d4dd54000 ---p 0007e000 08:02 2097637                    /usr/lib/x86_64-linux-gnu/pulseaudio/libpulsecommon-13.99.so
7f5d4dd54000-7f5d4dd56000 r--p 0007e000 08:02 2097637                    /usr/lib/x86_64-linux-gnu/pulseaudio/libpulsecommon-13.99.so
7f5d4dd56000-7f5d4dd57000 rw-p 00080000 08:02 2097637                    /usr/lib/x86_64-linux-gnu/pulseaudio/libpulsecommon-13.99.so
7f5d4dd57000-7f5d4dd63000 r--p 00000000 08:02 1442666                    /usr/lib/x86_64-linux-gnu/libpulse.so.0.21.2
7f5d4dd63000-7f5d4dd93000 r-xp 0000c000 08:02 1442666                    /usr/lib/x86_64-linux-gnu/libpulse.so.0.21.2
7f5d4dd93000-7f5d4dda9000 r--p 0003c000 08:02 1442666                    /usr/lib/x86_64-linux-gnu/libpulse.so.0.21.2
7f5d4dda9000-7f5d4ddab000 r--p 00051000 08:02 1442666                    /usr/lib/x86_64-linux-gnu/libpulse.so.0.21.2
7f5d4ddab000-7f5d4ddac000 rw-p 00053000 08:02 1442666                    /usr/lib/x86_64-linux-gnu/libpulse.so.0.21.2
7f5d4ddac000-7f5d4dde9000 rw-p 00000000 00:00 0 
7f5d4dde9000-7f5d4ddeb000 r--p 00000000 08:02 2234013                    /usr/local/lib/libilbccodec.so.2
7f5d4ddeb000-7f5d4ddf5000 r-xp 00002000 08:02 2234013                    /usr/local/lib/libilbccodec.so.2
7f5d4ddf5000-7f5d4ddf7000 r--p 0000c000 08:02 2234013                    /usr/local/lib/libilbccodec.so.2
7f5d4ddf7000-7f5d4ddf8000 r--p 0000d000 08:02 2234013                    /usr/local/lib/libilbccodec.so.2
7f5d4ddf8000-7f5d4ddfa000 rw-p 0000e000 08:02 2234013                    /usr/local/lib/libilbccodec.so.2
7f5d4ddfa000-7f5d4ddfb000 r--p 00000000 08:02 2234009                    /usr/local/lib/libgsmcodec.so.2
7f5d4ddfb000-7f5d4de03000 r-xp 00001000 08:02 2234009                    /usr/local/lib/libgsmcodec.so.2
7f5d4de03000-7f5d4de04000 r--p 00009000 08:02 2234009                    /usr/local/lib/libgsmcodec.so.2
7f5d4de04000-7f5d4de05000 r--p 00009000 08:02 2234009                    /usr/local/lib/libgsmcodec.so.2
7f5d4de05000-7f5d4de06000 rw-p 0000a000 08:02 2234009                    /usr/local/lib/libgsmcodec.so.2
7f5d4de06000-7f5d4de30000 r--p 00000000 08:02 1442673                    /usr/lib/x86_64-linux-gnu/libasound.so.2.0.0
7f5d4de30000-7f5d4debf000 r-xp 0002a000 08:02 1442673                    /usr/lib/x86_64-linux-gnu/libasound.so.2.0.0
7f5d4debf000-7f5d4def9000 r--p 000b9000 08:02 1442673                    /usr/lib/x86_64-linux-gnu/libasound.so.2.0.0
7f5d4def9000-7f5d4df00000 r--p 000f2000 08:02 1442673                    /usr/lib/x86_64-linux-gnu/libasound.so.2.0.0
7f5d4df00000-7f5d4df01000 rw-p 000f9000 08:02 1442673                    /usr/lib/x86_64-linux-gnu/libasound.so.2.0.0
7f5d4df01000-7f5d4df1d000 r--p 00000000 08:02 1444741                    /usr/lib/x86_64-linux-gnu/libssl.so.1.1
7f5d4df1d000-7f5d4df6c000 r-xp 0001c000 08:02 1444741                    /usr/lib/x86_64-linux-gnu/libssl.so.1.1
7f5d4df6c000-7f5d4df86000 r--p 0006b000 08:02 1444741                    /usr/lib/x86_64-linux-gnu/libssl.so.1.1
7f5d4df86000-7f5d4df87000 ---p 00085000 08:02 1444741                    /usr/lib/x86_64-linux-gnu/libssl.so.1.1
7f5d4df87000-7f5d4df90000 r--p 00085000 08:02 1444741                    /usr/lib/x86_64-linux-gnu/libssl.so.1.1
7f5d4df90000-7f5d4df94000 rw-p 0008e000 08:02 1444741                    /usr/lib/x86_64-linux-gnu/libssl.so.1.1
7f5d4df94000-7f5d4df9a000 r--p 00000000 08:02 2234019                    /usr/local/lib/libwebrtc.so.2
7f5d4df9a000-7f5d4dfb3000 r-xp 00006000 08:02 2234019                    /usr/local/lib/libwebrtc.so.2
7f5d4dfb3000-7f5d4dfbb000 r--p 0001f000 08:02 2234019                    /usr/local/lib/libwebrtc.so.2
7f5d4dfbb000-7f5d4dfbc000 r--p 00026000 08:02 2234019                    /usr/local/lib/libwebrtc.so.2
7f5d4dfbc000-7f5d4dfbd000 rw-p 00027000 08:02 2234019                    /usr/local/lib/libwebrtc.so.2
7f5d4dfbd000-7f5d4dfc3000 r--p 00000000 08:02 2234011                    /usr/local/lib/libspeex.so.2
7f5d4dfc3000-7f5d4dfe1000 r-xp 00006000 08:02 2234011                    /usr/local/lib/libspeex.so.2
7f5d4dfe1000-7f5d4dfe9000 r--p 00024000 08:02 2234011                    /usr/local/lib/libspeex.so.2
7f5d4dfe9000-7f5d4dfea000 ---p 0002c000 08:02 2234011                    /usr/local/lib/libspeex.so.2
7f5d4dfea000-7f5d4dfeb000 r--p 0002c000 08:02 2234011                    /usr/local/lib/libspeex.so.2
7f5d4dfeb000-7f5d4dfec000 rw-p 0002d000 08:02 2234011                    /usr/local/lib/libspeex.so.2
7f5d4dfec000-7f5d4dfed000 r--p 00000000 08:02 2234007                    /usr/local/lib/libresample.so.2
7f5d4dfed000-7f5d4dfee000 r-xp 00001000 08:02 2234007                    /usr/local/lib/libresample.so.2
7f5d4dfee000-7f5d4dff9000 r--p 00002000 08:02 2234007                    /usr/local/lib/libresample.so.2
7f5d4dff9000-7f5d4dffa000 r--p 0000c000 08:02 2234007                    /usr/local/lib/libresample.so.2
7f5d4dffa000-7f5d4dffb000 rw-p 0000d000 08:02 2234007                    /usr/local/lib/libresample.so.2
7f5d4dffb000-7f5d4e000000 r--p 00000000 08:02 2234005                    /usr/local/lib/libsrtp.so.2
7f5d4e000000-7f5d4e00b000 r-xp 00005000 08:02 2234005                    /usr/local/lib/libsrtp.so.2
7f5d4e00b000-7f5d4e00f000 r--p 00010000 08:02 2234005                    /usr/local/lib/libsrtp.so.2
7f5d4e00f000-7f5d4e010000 r--p 00013000 08:02 2234005                    /usr/local/lib/libsrtp.so.2
7f5d4e010000-7f5d4e011000 rw-p 00014000 08:02 2234005                    /usr/local/lib/libsrtp.so.2
7f5d4e011000-7f5d4e089000 r--p 00000000 08:02 1442965                    /usr/lib/x86_64-linux-gnu/libcrypto.so.1.1
7f5d4e089000-7f5d4e224000 r-xp 00078000 08:02 1442965                    /usr/lib/x86_64-linux-gnu/libcrypto.so.1.1
7f5d4e224000-7f5d4e2b5000 r--p 00213000 08:02 1442965                    /usr/lib/x86_64-linux-gnu/libcrypto.so.1.1
7f5d4e2b5000-7f5d4e2e1000 r--p 002a3000 08:02 1442965                    /usr/lib/x86_64-linux-gnu/libcrypto.so.1.1
7f5d4e2e1000-7f5d4e2e3000 rw-p 002cf000 08:02 1442965                    /usr/lib/x86_64-linux-gnu/libcrypto.so.1.1
7f5d4e2e3000-7f5d4e2e7000 rw-p 00000000 00:00 0 
7f5d4e2e7000-7f5d4e2ef000 r--p 00000000 08:02 2234039                    /usr/local/lib/libpjnath.so.2
7f5d4e2ef000-7f5d4e30d000 r-xp 00008000 08:02 2234039                    /usr/local/lib/libpjnath.so.2
7f5d4e30d000-7f5d4e319000 r--p 00026000 08:02 2234039                    /usr/local/lib/libpjnath.so.2
7f5d4e319000-7f5d4e31a000 r--p 00031000 08:02 2234039                    /usr/local/lib/libpjnath.so.2
7f5d4e31a000-7f5d4e31c000 rw-p 00032000 08:02 2234039                    /usr/local/lib/libpjnath.so.2
7f5d4e31c000-7f5d4e31f000 r--p 00000000 08:02 2234031                    /usr/local/lib/libpjmedia-codec.so.2
7f5d4e31f000-7f5d4e327000 r-xp 00003000 08:02 2234031                    /usr/local/lib/libpjmedia-codec.so.2
7f5d4e327000-7f5d4e32a000 r--p 0000b000 08:02 2234031                    /usr/local/lib/libpjmedia-codec.so.2
7f5d4e32a000-7f5d4e32b000 r--p 0000d000 08:02 2234031                    /usr/local/lib/libpjmedia-codec.so.2
7f5d4e32b000-7f5d4e32c000 rw-p 0000e000 08:02 2234031                    /usr/local/lib/libpjmedia-codec.so.2
7f5d4e32c000-7f5d4e332000 r--p 00000000 08:02 2234025                    /usr/local/lib/libpjsip-ua.so.2
7f5d4e332000-7f5d4e344000 r-xp 00006000 08:02 2234025                    /usr/local/lib/libpjsip-ua.so.2
7f5d4e344000-7f5d4e34a000 r--p 00018000 08:02 2234025                    /usr/local/lib/libpjsip-ua.so.2
7f5d4e34a000-7f5d4e34b000 r--p 0001d000 08:02 2234025                    /usr/local/lib/libpjsip-ua.so.2
7f5d4e34b000-7f5d4e34c000 rw-p 0001e000 08:02 2234025                    /usr/local/lib/libpjsip-ua.so.2
7f5d4e34c000-7f5d4e358000 r--p 00000000 08:02 2234043                    /usr/local/lib/libpj.so.2
7f5d4e358000-7f5d4e376000 r-xp 0000c000 08:02 2234043                    /usr/local/lib/libpj.so.2
7f5d4e376000-7f5d4e381000 r--p 0002a000 08:02 2234043                    /usr/local/lib/libpj.so.2
7f5d4e381000-7f5d4e382000 ---p 00035000 08:02 2234043                    /usr/local/lib/libpj.so.2
7f5d4e382000-7f5d4e383000 r--p 00035000 08:02 2234043                    /usr/local/lib/libpj.so.2
7f5d4e383000-7f5d4e384000 rw-p 00036000 08:02 2234043                    /usr/local/lib/libpj.so.2
7f5d4e384000-7f5d4e386000 rw-p 00000000 00:00 0 
7f5d4e386000-7f5d4e394000 r--p 00000000 08:02 2234035                    /usr/local/lib/libpjmedia.so.2
7f5d4e394000-7f5d4e3cc000 r-xp 0000e000 08:02 2234035                    /usr/local/lib/libpjmedia.so.2
7f5d4e3cc000-7f5d4e3e9000 r--p 00046000 08:02 2234035                    /usr/local/lib/libpjmedia.so.2
7f5d4e3e9000-7f5d4e3ea000 ---p 00063000 08:02 2234035                    /usr/local/lib/libpjmedia.so.2
7f5d4e3ea000-7f5d4e3eb000 r--p 00063000 08:02 2234035                    /usr/local/lib/libpjmedia.so.2
7f5d4e3eb000-7f5d4e3ed000 rw-p 00064000 08:02 2234035                    /usr/local/lib/libpjmedia.so.2
7f5d4e3ed000-7f5d4e3ee000 rw-p 00000000 00:00 0 
7f5d4e3ee000-7f5d4e3fc000 r--p 00000000 08:02 2234029                    /usr/local/lib/libpjsip.so.2
7f5d4e3fc000-7f5d4e42c000 r-xp 0000e000 08:02 2234029                    /usr/local/lib/libpjsip.so.2
7f5d4e42c000-7f5d4e43d000 r--p 0003e000 08:02 2234029                    /usr/local/lib/libpjsip.so.2
7f5d4e43d000-7f5d4e43f000 r--p 0004e000 08:02 2234029                    /usr/local/lib/libpjsip.so.2
7f5d4e43f000-7f5d4e441000 rw-p 00050000 08:02 2234029                    /usr/local/lib/libpjsip.so.2
7f5d4e441000-7f5d4e446000 rw-p 00000000 00:00 0 
7f5d4e446000-7f5d4e454000 r--p 00000000 08:02 2234023                    /usr/local/lib/libpjsua.so.2
7f5d4e454000-7f5d4e489000 r-xp 0000e000 08:02 2234023                    /usr/local/lib/libpjsua.so.2
7f5d4e489000-7f5d4e496000 r--p 00043000 08:02 2234023                    /usr/local/lib/libpjsua.so.2
7f5d4e496000-7f5d4e497000 r--p 0004f000 08:02 2234023                    /usr/local/lib/libpjsua.so.2
7f5d4e497000-7f5d4e499000 rw-p 00050000 08:02 2234023                    /usr/local/lib/libpjsua.so.2
7f5d4e499000-7f5d4e57b000 rw-p 00000000 00:00 0 
7f5d4e57b000-7f5d4e597000 r--p 00000000 08:02 2234021                    /usr/local/lib/libpjsua2.so.2
7f5d4e597000-7f5d4e5eb000 r-xp 0001c000 08:02 2234021                    /usr/local/lib/libpjsua2.so.2
7f5d4e5eb000-7f5d4e600000 r--p 00070000 08:02 2234021                    /usr/local/lib/libpjsua2.so.2
7f5d4e600000-7f5d4e602000 r--p 00084000 08:02 2234021                    /usr/local/lib/libpjsua2.so.2
7f5d4e602000-7f5d4e604000 rw-p 00086000 08:02 2234021                    /usr/local/lib/libpjsua2.so.2
7f5d4e604000-7f5d4e653000 r--p 00000000 08:02 1444779                    /usr/lib/libpjsua2.so
7f5d4e653000-7f5d4e6df000 r-xp 0004f000 08:02 1444779                    /usr/lib/libpjsua2.so
7f5d4e6df000-7f5d4e715000 r--p 000db000 08:02 1444779                    /usr/lib/libpjsua2.so
7f5d4e715000-7f5d4e716000 ---p 00111000 08:02 1444779                    /usr/lib/libpjsua2.so
7f5d4e716000-7f5d4e717000 r--p 00111000 08:02 1444779                    /usr/lib/libpjsua2.so
7f5d4e717000-7f5d4e719000 rw-p 00112000 08:02 1444779                    /usr/lib/libpjsua2.so
7f5d4e719000-7f5d4e882000 r-xp 00000000 08:02 1444772                    /usr/lib/libopenh264.so
7f5d4e882000-7f5d4ea82000 ---p 00169000 08:02 1444772                    /usr/lib/libopenh264.so
7f5d4ea82000-7f5d4ea85000 r--p 00169000 08:02 1444772                    /usr/lib/libopenh264.so
7f5d4ea85000-7f5d4ea87000 rw-p 0016c000 08:02 1444772                    /usr/lib/libopenh264.so
7f5d4ea87000-7f5d4ea8b000 ---p 00000000 00:00 0 
7f5d4ea8b000-7f5d4eb88000 rw-p 00000000 00:00 0 
7f5d4eb88000-7f5d4eb89000 ---p 00000000 00:00 0 
7f5d4eb89000-7f5d4ec8a000 rw-p 00000000 00:00 0 
7f5d4ec8a000-7f5d4ec8e000 ---p 00000000 00:00 0 
7f5d4ec8e000-7f5d4ed8b000 rw-p 00000000 00:00 0 
7f5d4ed8b000-7f5d4ed8f000 ---p 00000000 00:00 0 
7f5d4ed8f000-7f5d4ee8c000 rw-p 00000000 00:00 0 
7f5d4ee8c000-7f5d4ee90000 ---p 00000000 00:00 0 
7f5d4ee90000-7f5d4ef8d000 rw-p 00000000 00:00 0 
7f5d4ef8d000-7f5d4ef91000 ---p 00000000 00:00 0 
7f5d4ef91000-7f5d4f08e000 rw-p 00000000 00:00 0 
7f5d4f08e000-7f5d4f092000 ---p 00000000 00:00 0 
7f5d4f092000-7f5d4f18f000 rw-p 00000000 00:00 0 
7f5d4f18f000-7f5d4f6ff000 r--p 00000000 08:02 1444832                    /usr/lib/locale/locale-archive
7f5d4f6ff000-7f5d4f703000 ---p 00000000 00:00 0 
7f5d4f703000-7f5d4fd40000 rw-p 00000000 00:00 0 
7f5d4fd40000-7f5d50000000 ---p 00000000 00:00 0 
7f5d50000000-7f5d50021000 rw-p 00000000 00:00 0 
7f5d50021000-7f5d54000000 ---p 00000000 00:00 0 
7f5d54000000-7f5d54021000 rw-p 00000000 00:00 0 
7f5d54021000-7f5d58000000 ---p 00000000 00:00 0 
7f5d58000000-7f5d58021000 rw-p 00000000 00:00 0 
7f5d58021000-7f5d5c000000 ---p 00000000 00:00 0 
7f5d5c000000-7f5d5c001000 r--p 00000000 08:02 2097970                    /usr/lib/x86_64-linux-gnu/alsa-lib/libasound_module_pcm_vdownmix.so
7f5d5c001000-7f5d5c002000 r-xp 00001000 08:02 2097970                    /usr/lib/x86_64-linux-gnu/alsa-lib/libasound_module_pcm_vdownmix.so
7f5d5c002000-7f5d5c003000 r--p 00002000 08:02 2097970                    /usr/lib/x86_64-linux-gnu/alsa-lib/libasound_module_pcm_vdownmix.so
7f5d5c003000-7f5d5c004000 r--p 00002000 08:02 2097970                    /usr/lib/x86_64-linux-gnu/alsa-lib/libasound_module_pcm_vdownmix.so
7f5d5c004000-7f5d5c005000 rw-p 00003000 08:02 2097970                    /usr/lib/x86_64-linux-gnu/alsa-lib/libasound_module_pcm_vdownmix.so
7f5d5c005000-7f5d5c00c000 r--p 00000000 08:02 2234041                    /usr/local/lib/libpjlib-util.so.2
7f5d5c00c000-7f5d5c026000 r-xp 00007000 08:02 2234041                    /usr/local/lib/libpjlib-util.so.2
7f5d5c026000-7f5d5c02e000 r--p 00021000 08:02 2234041                    /usr/local/lib/libpjlib-util.so.2
7f5d5c02e000-7f5d5c02f000 r--p 00028000 08:02 2234041                    /usr/local/lib/libpjlib-util.so.2
7f5d5c02f000-7f5d5c030000 rw-p 00029000 08:02 2234041                    /usr/local/lib/libpjlib-util.so.2
7f5d5c030000-7f5d5c036000 r--p 00000000 08:02 2234027                    /usr/local/lib/libpjsip-simple.so.2
7f5d5c036000-7f5d5c041000 r-xp 00006000 08:02 2234027                    /usr/local/lib/libpjsip-simple.so.2
7f5d5c041000-7f5d5c045000 r--p 00011000 08:02 2234027                    /usr/local/lib/libpjsip-simple.so.2
7f5d5c045000-7f5d5c046000 ---p 00015000 08:02 2234027                    /usr/local/lib/libpjsip-simple.so.2
7f5d5c046000-7f5d5c047000 r--p 00015000 08:02 2234027                    /usr/local/lib/libpjsip-simple.so.2
7f5d5c047000-7f5d5c048000 rw-p 00016000 08:02 2234027                    /usr/local/lib/libpjsip-simple.so.2
7f5d5c049000-7f5d5c04b000 r--p 00000000 08:02 2097965                    /usr/lib/x86_64-linux-gnu/alsa-lib/libasound_module_pcm_jack.so
7f5d5c04b000-7f5d5c04d000 r-xp 00002000 08:02 2097965                    /usr/lib/x86_64-linux-gnu/alsa-lib/libasound_module_pcm_jack.so
7f5d5c04d000-7f5d5c04e000 r--p 00004000 08:02 2097965                    /usr/lib/x86_64-linux-gnu/alsa-lib/libasound_module_pcm_jack.so
7f5d5c04e000-7f5d5c04f000 r--p 00004000 08:02 2097965                    /usr/lib/x86_64-linux-gnu/alsa-lib/libasound_module_pcm_jack.so
7f5d5c04f000-7f5d5c050000 rw-p 00005000 08:02 2097965                    /usr/lib/x86_64-linux-gnu/alsa-lib/libasound_module_pcm_jack.so
7f5d5c050000-7f5d5c051000 r--p 00000000 08:02 2097976                    /usr/lib/x86_64-linux-gnu/alsa-lib/libasound_module_rate_speexrate.so
7f5d5c051000-7f5d5c054000 r-xp 00001000 08:02 2097976                    /usr/lib/x86_64-linux-gnu/alsa-lib/libasound_module_rate_speexrate.so
7f5d5c054000-7f5d5c055000 r--p 00004000 08:02 2097976                    /usr/lib/x86_64-linux-gnu/alsa-lib/libasound_module_rate_speexrate.so
7f5d5c055000-7f5d5c056000 r--p 00004000 08:02 2097976                    /usr/lib/x86_64-linux-gnu/alsa-lib/libasound_module_rate_speexrate.so
7f5d5c056000-7f5d5c057000 rw-p 00005000 08:02 2097976                    /usr/lib/x86_64-linux-gnu/alsa-lib/libasound_module_rate_speexrate.so
7f5d5c057000-7f5d5c059000 r--p 00000000 08:02 2097967                    /usr/lib/x86_64-linux-gnu/alsa-lib/libasound_module_pcm_pulse.so
7f5d5c059000-7f5d5c05c000 r-xp 00002000 08:02 2097967                    /usr/lib/x86_64-linux-gnu/alsa-lib/libasound_module_pcm_pulse.so
7f5d5c05c000-7f5d5c05d000 r--p 00005000 08:02 2097967                    /usr/lib/x86_64-linux-gnu/alsa-lib/libasound_module_pcm_pulse.so
7f5d5c05d000-7f5d5c05e000 ---p 00006000 08:02 2097967                    /usr/lib/x86_64-linux-gnu/alsa-lib/libasound_module_pcm_pulse.so
7f5d5c05e000-7f5d5c05f000 r--p 00006000 08:02 2097967                    /usr/lib/x86_64-linux-gnu/alsa-lib/libasound_module_pcm_pulse.so
7f5d5c05f000-7f5d5c060000 rw-p 00007000 08:02 2097967                    /usr/lib/x86_64-linux-gnu/alsa-lib/libasound_module_pcm_pulse.so
7f5d5c060000-7f5d5c067000 r--s 00000000 08:02 2102563                    /usr/lib/x86_64-linux-gnu/gconv/gconv-modules.cache
7f5d5c067000-7f5d5c06b000 ---p 00000000 00:00 0 
7f5d5c06b000-7f5d5e358000 rw-p 00000000 00:00 0 
7f5d5e358000-7f5d5fff8000 ---p 00000000 00:00 0 
7f5d5fff8000-7f5d60000000 rw-p 00000000 00:00 0 
7f5d60000000-7f5d60021000 rw-p 00000000 00:00 0 
7f5d60021000-7f5d64000000 ---p 00000000 00:00 0 
7f5d64002000-7f5d64003000 r--p 00000000 08:02 2097971                    /usr/lib/x86_64-linux-gnu/alsa-lib/libasound_module_rate_samplerate.so
7f5d64003000-7f5d64004000 r-xp 00001000 08:02 2097971                    /usr/lib/x86_64-linux-gnu/alsa-lib/libasound_module_rate_samplerate.so
7f5d64004000-7f5d64005000 r--p 00002000 08:02 2097971                    /usr/lib/x86_64-linux-gnu/alsa-lib/libasound_module_rate_samplerate.so
7f5d64005000-7f5d64006000 r--p 00002000 08:02 2097971                    /usr/lib/x86_64-linux-gnu/alsa-lib/libasound_module_rate_samplerate.so
7f5d64006000-7f5d64007000 rw-p 00003000 08:02 2097971                    /usr/lib/x86_64-linux-gnu/alsa-lib/libasound_module_rate_samplerate.so
7f5d64007000-7f5d64038000 rw-p 00000000 00:00 0 
7f5d64038000-7f5d64039000 ---p 00000000 00:00 0 
7f5d64039000-7f5d64216000 rw-p 00000000 00:00 0 
7f5d64216000-7f5d64217000 ---p 00000000 00:00 0 
7f5d64217000-7f5d64318000 rw-p 00000000 00:00 0 
7f5d64318000-7f5d64319000 ---p 00000000 00:00 0 
7f5d64319000-7f5d6481e000 rw-p 00000000 00:00 0 
7f5d6481e000-7f5d64a8e000 rwxp 00000000 00:00 0 
7f5d64a8e000-7f5d64dae000 ---p 00000000 00:00 0 
7f5d64dae000-7f5d6501e000 rwxp 00000000 00:00 0 
7f5d6501e000-7f5d6c2e6000 ---p 00000000 00:00 0 
7f5d6c2e6000-7f5d6c556000 rwxp 00000000 00:00 0 
7f5d6c556000-7f5d7381e000 ---p 00000000 00:00 0 
7f5d7381e000-7f5d7c000000 r--s 00000000 08:02 1447911                    /usr/lib/jvm/java-11-openjdk-amd64/lib/modules
7f5d7c000000-7f5d7c30c000 rw-p 00000000 00:00 0 
7f5d7c30c000-7f5d80000000 ---p 00000000 00:00 0 
7f5d80004000-7f5d80006000 r--p 00000000 08:02 1442187                    /usr/lib/x86_64-linux-gnu/libuuid.so.1.3.0
7f5d80006000-7f5d8000a000 r-xp 00002000 08:02 1442187                    /usr/lib/x86_64-linux-gnu/libuuid.so.1.3.0
7f5d8000a000-7f5d8000b000 r--p 00006000 08:02 1442187                    /usr/lib/x86_64-linux-gnu/libuuid.so.1.3.0
7f5d8000b000-7f5d8000c000 r--p 00006000 08:02 1442187                    /usr/lib/x86_64-linux-gnu/libuuid.so.1.3.0
7f5d8000c000-7f5d8000d000 rw-p 00007000 08:02 1442187                    /usr/lib/x86_64-linux-gnu/libuuid.so.1.3.0
7f5d8000d000-7f5d8000f000 r--p 00000000 08:02 2234037                    /usr/local/lib/libpjmedia-audiodev.so.2
7f5d8000f000-7f5d80013000 r-xp 00002000 08:02 2234037                    /usr/local/lib/libpjmedia-audiodev.so.2
7f5d80013000-7f5d80014000 r--p 00006000 08:02 2234037                    /usr/local/lib/libpjmedia-audiodev.so.2
7f5d80014000-7f5d80015000 ---p 00007000 08:02 2234037                    /usr/local/lib/libpjmedia-audiodev.so.2
7f5d80015000-7f5d80016000 r--p 00007000 08:02 2234037                    /usr/local/lib/libpjmedia-audiodev.so.2
7f5d80016000-7f5d80017000 rw-p 00008000 08:02 2234037                    /usr/local/lib/libpjmedia-audiodev.so.2
7f5d80017000-7f5d8001b000 r--p 00000000 08:02 1447901                    /usr/lib/jvm/java-11-openjdk-amd64/lib/libnet.so
7f5d8001b000-7f5d80029000 r-xp 00004000 08:02 1447901                    /usr/lib/jvm/java-11-openjdk-amd64/lib/libnet.so
7f5d80029000-7f5d8002d000 r--p 00012000 08:02 1447901                    /usr/lib/jvm/java-11-openjdk-amd64/lib/libnet.so
7f5d8002d000-7f5d8002e000 r--p 00015000 08:02 1447901                    /usr/lib/jvm/java-11-openjdk-amd64/lib/libnet.so
7f5d8002e000-7f5d8002f000 rw-p 00016000 08:02 1447901                    /usr/lib/jvm/java-11-openjdk-amd64/lib/libnet.so
7f5d8002f000-7f5d80036000 r--p 00000000 08:02 1447902                    /usr/lib/jvm/java-11-openjdk-amd64/lib/libnio.so
7f5d80036000-7f5d8003e000 r-xp 00007000 08:02 1447902                    /usr/lib/jvm/java-11-openjdk-amd64/lib/libnio.so
7f5d8003e000-7f5d80041000 r--p 0000f000 08:02 1447902                    /usr/lib/jvm/java-11-openjdk-amd64/lib/libnio.so
7f5d80041000-7f5d80042000 r--p 00011000 08:02 1447902                    /usr/lib/jvm/java-11-openjdk-amd64/lib/libnio.so
7f5d80042000-7f5d80043000 rw-p 00012000 08:02 1447902                    /usr/lib/jvm/java-11-openjdk-amd64/lib/libnio.so
7f5d80043000-7f5d800ad000 rw-p 00000000 00:00 0 
7f5d800ad000-7f5d800ae000 ---p 00000000 00:00 0 
7f5d800ae000-7f5d801af000 rw-p 00000000 00:00 0 
7f5d801af000-7f5d801b0000 ---p 00000000 00:00 0 
7f5d801b0000-7f5d804e3000 rw-p 00000000 00:00 0 
7f5d804e3000-7f5d82183000 ---p 00000000 00:00 0 
7f5d82183000-7f5d821c9000 rw-p 00000000 00:00 0 
7f5d821c9000-7f5d8255d000 ---p 00000000 00:00 0 
7f5d8255d000-7f5d8259c000 rw-p 00000000 00:00 0 
7f5d8259c000-7f5d82930000 ---p 00000000 00:00 0 
7f5d82930000-7f5d8296f000 rw-p 00000000 00:00 0 
7f5d8296f000-7f5d82d03000 ---p 00000000 00:00 0 
7f5d82d03000-7f5d83108000 rw-p 00000000 00:00 0 
7f5d83108000-7f5d83109000 ---p 00000000 00:00 0 
7f5d83109000-7f5d8320f000 rw-p 00000000 00:00 0 
7f5d8320f000-7f5d832f5000 ---p 00000000 00:00 0 
7f5d832f5000-7f5d832fa000 rw-p 00000000 00:00 0 
7f5d832fa000-7f5d833e0000 ---p 00000000 00:00 0 
7f5d833e0000-7f5d833e3000 r--p 00000000 08:02 1445800                    /usr/lib/x86_64-linux-gnu/libnss_files-2.31.so
7f5d833e3000-7f5d833ea000 r-xp 00003000 08:02 1445800                    /usr/lib/x86_64-linux-gnu/libnss_files-2.31.so
7f5d833ea000-7f5d833ec000 r--p 0000a000 08:02 1445800                    /usr/lib/x86_64-linux-gnu/libnss_files-2.31.so
7f5d833ec000-7f5d833ed000 r--p 0000b000 08:02 1445800                    /usr/lib/x86_64-linux-gnu/libnss_files-2.31.so
7f5d833ed000-7f5d833ee000 rw-p 0000c000 08:02 1445800                    /usr/lib/x86_64-linux-gnu/libnss_files-2.31.so
7f5d833ee000-7f5d833f9000 rw-p 00000000 00:00 0 
7f5d833f9000-7f5d83400000 ---p 00000000 00:00 0 
7f5d83400000-7f5d83402000 r--p 00000000 08:02 1447910                    /usr/lib/jvm/java-11-openjdk-amd64/lib/libzip.so
7f5d83402000-7f5d83407000 r-xp 00002000 08:02 1447910                    /usr/lib/jvm/java-11-openjdk-amd64/lib/libzip.so
7f5d83407000-7f5d83409000 r--p 00007000 08:02 1447910                    /usr/lib/jvm/java-11-openjdk-amd64/lib/libzip.so
7f5d83409000-7f5d8340a000 r--p 00008000 08:02 1447910                    /usr/lib/jvm/java-11-openjdk-amd64/lib/libzip.so
7f5d8340a000-7f5d8340b000 rw-p 00009000 08:02 1447910                    /usr/lib/jvm/java-11-openjdk-amd64/lib/libzip.so
7f5d8340b000-7f5d83413000 rw-s 00000000 08:02 9446020                    /tmp/hsperfdata_user/47525
7f5d83413000-7f5d83421000 r--p 00000000 08:02 1447890                    /usr/lib/jvm/java-11-openjdk-amd64/lib/libjava.so
7f5d83421000-7f5d83437000 r-xp 0000e000 08:02 1447890                    /usr/lib/jvm/java-11-openjdk-amd64/lib/libjava.so
7f5d83437000-7f5d8343e000 r--p 00024000 08:02 1447890                    /usr/lib/jvm/java-11-openjdk-amd64/lib/libjava.so
7f5d8343e000-7f5d8343f000 r--p 0002a000 08:02 1447890                    /usr/lib/jvm/java-11-openjdk-amd64/lib/libjava.so
7f5d8343f000-7f5d83440000 rw-p 0002b000 08:02 1447890                    /usr/lib/jvm/java-11-openjdk-amd64/lib/libjava.so
7f5d83440000-7f5d83441000 rw-p 00000000 00:00 0 
7f5d83441000-7f5d83443000 r--p 00000000 08:02 1445807                    /usr/lib/x86_64-linux-gnu/librt-2.31.so
7f5d83443000-7f5d83447000 r-xp 00002000 08:02 1445807                    /usr/lib/x86_64-linux-gnu/librt-2.31.so
7f5d83447000-7f5d83449000 r--p 00006000 08:02 1445807                    /usr/lib/x86_64-linux-gnu/librt-2.31.so
7f5d83449000-7f5d8344a000 r--p 00007000 08:02 1445807                    /usr/lib/x86_64-linux-gnu/librt-2.31.so
7f5d8344a000-7f5d8344b000 rw-p 00008000 08:02 1445807                    /usr/lib/x86_64-linux-gnu/librt-2.31.so
7f5d8344b000-7f5d8344f000 ---p 00000000 00:00 0 
7f5d8344f000-7f5d8354c000 rw-p 00000000 00:00 0 
7f5d8354c000-7f5d8354f000 r--p 00000000 08:02 1449406                    /usr/lib/x86_64-linux-gnu/libgcc_s.so.1
7f5d8354f000-7f5d83561000 r-xp 00003000 08:02 1449406                    /usr/lib/x86_64-linux-gnu/libgcc_s.so.1
7f5d83561000-7f5d83565000 r--p 00015000 08:02 1449406                    /usr/lib/x86_64-linux-gnu/libgcc_s.so.1
7f5d83565000-7f5d83566000 r--p 00018000 08:02 1449406                    /usr/lib/x86_64-linux-gnu/libgcc_s.so.1
7f5d83566000-7f5d83567000 rw-p 00019000 08:02 1449406                    /usr/lib/x86_64-linux-gnu/libgcc_s.so.1
7f5d83567000-7f5d83574000 r--p 00000000 08:02 1445794                    /usr/lib/x86_64-linux-gnu/libm-2.31.so
7f5d83574000-7f5d8361b000 r-xp 0000d000 08:02 1445794                    /usr/lib/x86_64-linux-gnu/libm-2.31.so
7f5d8361b000-7f5d836b4000 r--p 000b4000 08:02 1445794                    /usr/lib/x86_64-linux-gnu/libm-2.31.so
7f5d836b4000-7f5d836b5000 r--p 0014c000 08:02 1445794                    /usr/lib/x86_64-linux-gnu/libm-2.31.so
7f5d836b5000-7f5d836b6000 rw-p 0014d000 08:02 1445794                    /usr/lib/x86_64-linux-gnu/libm-2.31.so
7f5d836b6000-7f5d8374c000 r--p 00000000 08:02 1450209                    /usr/lib/x86_64-linux-gnu/libstdc++.so.6.0.28
7f5d8374c000-7f5d8383d000 r-xp 00096000 08:02 1450209                    /usr/lib/x86_64-linux-gnu/libstdc++.so.6.0.28
7f5d8383d000-7f5d83886000 r--p 00187000 08:02 1450209                    /usr/lib/x86_64-linux-gnu/libstdc++.so.6.0.28
7f5d83886000-7f5d83887000 ---p 001d0000 08:02 1450209                    /usr/lib/x86_64-linux-gnu/libstdc++.so.6.0.28
7f5d83887000-7f5d83892000 r--p 001d0000 08:02 1450209                    /usr/lib/x86_64-linux-gnu/libstdc++.so.6.0.28
7f5d83892000-7f5d83895000 rw-p 001db000 08:02 1450209                    /usr/lib/x86_64-linux-gnu/libstdc++.so.6.0.28
7f5d83895000-7f5d83898000 rw-p 00000000 00:00 0 
7f5d83898000-7f5d83b1a000 r--p 00000000 08:02 1447914                    /usr/lib/jvm/java-11-openjdk-amd64/lib/server/libjvm.so
7f5d83b1a000-7f5d847a0000 r-xp 00282000 08:02 1447914                    /usr/lib/jvm/java-11-openjdk-amd64/lib/server/libjvm.so
7f5d847a0000-7f5d849fc000 r--p 00f08000 08:02 1447914                    /usr/lib/jvm/java-11-openjdk-amd64/lib/server/libjvm.so
7f5d849fc000-7f5d84ac0000 r--p 01163000 08:02 1447914                    /usr/lib/jvm/java-11-openjdk-amd64/lib/server/libjvm.so
7f5d84ac0000-7f5d84afb000 rw-p 01227000 08:02 1447914                    /usr/lib/jvm/java-11-openjdk-amd64/lib/server/libjvm.so
7f5d84afb000-7f5d84b54000 rw-p 00000000 00:00 0 
7f5d84b54000-7f5d84b5a000 r--p 00000000 08:02 1445805                    /usr/lib/x86_64-linux-gnu/libpthread-2.31.so
7f5d84b5a000-7f5d84b6b000 r-xp 00006000 08:02 1445805                    /usr/lib/x86_64-linux-gnu/libpthread-2.31.so
7f5d84b6b000-7f5d84b71000 r--p 00017000 08:02 1445805                    /usr/lib/x86_64-linux-gnu/libpthread-2.31.so
7f5d84b71000-7f5d84b72000 r--p 0001c000 08:02 1445805                    /usr/lib/x86_64-linux-gnu/libpthread-2.31.so
7f5d84b72000-7f5d84b73000 rw-p 0001d000 08:02 1445805                    /usr/lib/x86_64-linux-gnu/libpthread-2.31.so
7f5d84b73000-7f5d84b77000 rw-p 00000000 00:00 0 
7f5d84b77000-7f5d84b78000 r--p 00000000 08:02 1445793                    /usr/lib/x86_64-linux-gnu/libdl-2.31.so
7f5d84b78000-7f5d84b7a000 r-xp 00001000 08:02 1445793                    /usr/lib/x86_64-linux-gnu/libdl-2.31.so
7f5d84b7a000-7f5d84b7b000 r--p 00003000 08:02 1445793                    /usr/lib/x86_64-linux-gnu/libdl-2.31.so
7f5d84b7b000-7f5d84b7c000 r--p 00003000 08:02 1445793                    /usr/lib/x86_64-linux-gnu/libdl-2.31.so
7f5d84b7c000-7f5d84b7d000 rw-p 00004000 08:02 1445793                    /usr/lib/x86_64-linux-gnu/libdl-2.31.so
7f5d84b7d000-7f5d84b7f000 r--p 00000000 08:02 1445493                    /usr/lib/x86_64-linux-gnu/libz.so.1.2.11
7f5d84b7f000-7f5d84b90000 r-xp 00002000 08:02 1445493                    /usr/lib/x86_64-linux-gnu/libz.so.1.2.11
7f5d84b90000-7f5d84b96000 r--p 00013000 08:02 1445493                    /usr/lib/x86_64-linux-gnu/libz.so.1.2.11
7f5d84b96000-7f5d84b97000 ---p 00019000 08:02 1445493                    /usr/lib/x86_64-linux-gnu/libz.so.1.2.11
7f5d84b97000-7f5d84b98000 r--p 00019000 08:02 1445493                    /usr/lib/x86_64-linux-gnu/libz.so.1.2.11
7f5d84b98000-7f5d84b99000 rw-p 0001a000 08:02 1445493                    /usr/lib/x86_64-linux-gnu/libz.so.1.2.11
7f5d84b99000-7f5d84bbb000 r--p 00000000 08:02 1445792                    /usr/lib/x86_64-linux-gnu/libc-2.31.so
7f5d84bbb000-7f5d84d33000 r-xp 00022000 08:02 1445792                    /usr/lib/x86_64-linux-gnu/libc-2.31.so
7f5d84d33000-7f5d84d81000 r--p 0019a000 08:02 1445792                    /usr/lib/x86_64-linux-gnu/libc-2.31.so
7f5d84d81000-7f5d84d85000 r--p 001e7000 08:02 1445792                    /usr/lib/x86_64-linux-gnu/libc-2.31.so
7f5d84d85000-7f5d84d87000 rw-p 001eb000 08:02 1445792                    /usr/lib/x86_64-linux-gnu/libc-2.31.so
7f5d84d87000-7f5d84d8b000 rw-p 00000000 00:00 0 
7f5d84d8b000-7f5d84d8d000 r--s 0000c000 08:02 2235382                    /usr/share/java/java-atk-wrapper.jar
7f5d84d8d000-7f5d84d8e000 ---p 00000000 00:00 0 
7f5d84d8e000-7f5d84d8f000 r--p 00000000 00:00 0 
7f5d84d8f000-7f5d84d91000 r--p 00000000 08:02 1447893                    /usr/lib/jvm/java-11-openjdk-amd64/lib/libjimage.so
7f5d84d91000-7f5d84d94000 r-xp 00002000 08:02 1447893                    /usr/lib/jvm/java-11-openjdk-amd64/lib/libjimage.so
7f5d84d94000-7f5d84d95000 r--p 00005000 08:02 1447893                    /usr/lib/jvm/java-11-openjdk-amd64/lib/libjimage.so
7f5d84d95000-7f5d84d96000 ---p 00006000 08:02 1447893                    /usr/lib/jvm/java-11-openjdk-amd64/lib/libjimage.so
7f5d84d96000-7f5d84d97000 r--p 00006000 08:02 1447893                    /usr/lib/jvm/java-11-openjdk-amd64/lib/libjimage.so
7f5d84d97000-7f5d84d98000 rw-p 00007000 08:02 1447893                    /usr/lib/jvm/java-11-openjdk-amd64/lib/libjimage.so
7f5d84d98000-7f5d84d9d000 r--p 00000000 08:02 1447909                    /usr/lib/jvm/java-11-openjdk-amd64/lib/libverify.so
7f5d84d9d000-7f5d84da4000 r-xp 00005000 08:02 1447909                    /usr/lib/jvm/java-11-openjdk-amd64/lib/libverify.so
7f5d84da4000-7f5d84da6000 r--p 0000c000 08:02 1447909                    /usr/lib/jvm/java-11-openjdk-amd64/lib/libverify.so
7f5d84da6000-7f5d84da7000 ---p 0000e000 08:02 1447909                    /usr/lib/jvm/java-11-openjdk-amd64/lib/libverify.so
7f5d84da7000-7f5d84da9000 r--p 0000e000 08:02 1447909                    /usr/lib/jvm/java-11-openjdk-amd64/lib/libverify.so
7f5d84da9000-7f5d84daa000 rw-p 00010000 08:02 1447909                    /usr/lib/jvm/java-11-openjdk-amd64/lib/libverify.so
7f5d84daa000-7f5d84dad000 r--p 00000000 08:02 1447875                    /usr/lib/jvm/java-11-openjdk-amd64/lib/jli/libjli.so
7f5d84dad000-7f5d84db7000 r-xp 00003000 08:02 1447875                    /usr/lib/jvm/java-11-openjdk-amd64/lib/jli/libjli.so
7f5d84db7000-7f5d84dba000 r--p 0000d000 08:02 1447875                    /usr/lib/jvm/java-11-openjdk-amd64/lib/jli/libjli.so
7f5d84dba000-7f5d84dbb000 ---p 00010000 08:02 1447875                    /usr/lib/jvm/java-11-openjdk-amd64/lib/jli/libjli.so
7f5d84dbb000-7f5d84dbc000 r--p 00010000 08:02 1447875                    /usr/lib/jvm/java-11-openjdk-amd64/lib/jli/libjli.so
7f5d84dbc000-7f5d84dbd000 rw-p 00011000 08:02 1447875                    /usr/lib/jvm/java-11-openjdk-amd64/lib/jli/libjli.so
7f5d84dbd000-7f5d84dbf000 rw-p 00000000 00:00 0 
7f5d84dbf000-7f5d84dc0000 r--p 00000000 08:02 1445788                    /usr/lib/x86_64-linux-gnu/ld-2.31.so
7f5d84dc0000-7f5d84de3000 r-xp 00001000 08:02 1445788                    /usr/lib/x86_64-linux-gnu/ld-2.31.so
7f5d84de3000-7f5d84deb000 r--p 00024000 08:02 1445788                    /usr/lib/x86_64-linux-gnu/ld-2.31.so
7f5d84dec000-7f5d84ded000 r--p 0002c000 08:02 1445788                    /usr/lib/x86_64-linux-gnu/ld-2.31.so
7f5d84ded000-7f5d84dee000 rw-p 0002d000 08:02 1445788                    /usr/lib/x86_64-linux-gnu/ld-2.31.so
7f5d84dee000-7f5d84def000 rw-p 00000000 00:00 0 
7ffc46407000-7ffc46428000 rw-p 00000000 00:00 0                          [stack]
7ffc465e7000-7ffc465eb000 r--p 00000000 00:00 0                          [vvar]
7ffc465eb000-7ffc465ed000 r-xp 00000000 00:00 0                          [vdso]
ffffffffff600000-ffffffffff601000 --xp 00000000 00:00 0                  [vsyscall]


VM Arguments:
java_command: com.zilogic.mypjsip.MyApp
java_class_path (initial): /home/user/NetBeansProjects/mypjsip/target/classes:/home/user/.m2/repository/pjsip/pjsip/1.0/pjsip-1.0.jar
Launcher Type: SUN_STANDARD

[Global flags]
     intx CICompilerCount                          = 3                                         {product} {ergonomic}
     uint ConcGCThreads                            = 1                                         {product} {ergonomic}
     uint G1ConcRefinementThreads                  = 4                                         {product} {ergonomic}
   size_t G1HeapRegionSize                         = 1048576                                   {product} {ergonomic}
    uintx GCDrainStackTargetSize                   = 64                                        {product} {ergonomic}
   size_t InitialHeapSize                          = 130023424                                 {product} {ergonomic}
   size_t MarkStackSize                            = 4194304                                   {product} {ergonomic}
   size_t MaxHeapSize                              = 2053111808                                {product} {ergonomic}
   size_t MaxNewSize                               = 1231028224                                {product} {ergonomic}
   size_t MinHeapDeltaBytes                        = 1048576                                   {product} {ergonomic}
    uintx NonNMethodCodeHeapSize                   = 5830732                                {pd product} {ergonomic}
    uintx NonProfiledCodeHeapSize                  = 122913754                              {pd product} {ergonomic}
    uintx ProfiledCodeHeapSize                     = 122913754                              {pd product} {ergonomic}
    uintx ReservedCodeCacheSize                    = 251658240                              {pd product} {ergonomic}
     bool SegmentedCodeCache                       = true                                      {product} {ergonomic}
     bool UseCompressedClassPointers               = true                                 {lp64_product} {ergonomic}
     bool UseCompressedOops                        = true                                 {lp64_product} {ergonomic}
     bool UseG1GC                                  = true                                      {product} {ergonomic}

Logging:
Log output configuration:
 #0: stdout all=warning uptime,level,tags
 #1: stderr all=off uptime,level,tags

Environment Variables:
JAVA_HOME=/usr/lib/jvm/java-11-openjdk-amd64
PATH=/home/user/.local/bin:/usr/local/sbin:/usr/local/bin:/usr/sbin:/usr/bin:/sbin:/bin:/usr/games:/usr/local/games:/snap/bin
USERNAME=user
SHELL=/bin/bash
DISPLAY=:0
LANG=en_IN

Signal Handlers:
SIGSEGV: [libjvm.so+0xe95100], sa_mask[0]=11111111011111111101111111111110, sa_flags=SA_RESTART|SA_SIGINFO
SIGBUS: [libjvm.so+0xe95100], sa_mask[0]=11111111011111111101111111111110, sa_flags=SA_RESTART|SA_SIGINFO
SIGFPE: [libjvm.so+0xe95100], sa_mask[0]=11111111011111111101111111111110, sa_flags=SA_RESTART|SA_SIGINFO
SIGPIPE: [libjvm.so+0xbdca50], sa_mask[0]=11111111011111111101111111111110, sa_flags=SA_RESTART|SA_SIGINFO
SIGXFSZ: [libjvm.so+0xbdca50], sa_mask[0]=11111111011111111101111111111110, sa_flags=SA_RESTART|SA_SIGINFO
SIGILL: [libjvm.so+0xe95100], sa_mask[0]=11111111011111111101111111111110, sa_flags=SA_RESTART|SA_SIGINFO
SIGUSR2: [libjvm.so+0xbdc8f0], sa_mask[0]=00100000000000000000000000000000, sa_flags=SA_RESTART|SA_SIGINFO
SIGHUP: [libjvm.so+0xbdcd90], sa_mask[0]=11111111011111111101111111111110, sa_flags=SA_RESTART|SA_SIGINFO
SIGINT: SIG_IGN, sa_mask[0]=00000000000000000000000000000000, sa_flags=none
SIGTERM: [libjvm.so+0xbdcd90], sa_mask[0]=11111111011111111101111111111110, sa_flags=SA_RESTART|SA_SIGINFO
SIGQUIT: [libjvm.so+0xbdcd90], sa_mask[0]=11111111011111111101111111111110, sa_flags=SA_RESTART|SA_SIGINFO


---------------  S Y S T E M  ---------------

OS:DISTRIB_ID=Ubuntu
DISTRIB_RELEASE=20.04
DISTRIB_CODENAME=focal
DISTRIB_DESCRIPTION="Ubuntu 20.04.4 LTS"
uname:Linux 5.13.0-52-generic #59~20.04.1-Ubuntu SMP Thu Jun 16 21:21:28 UTC 2022 x86_64
OS uptime: 0 days 6:00 hours
libc:glibc 2.31 NPTL 2.31 
rlimit (soft/hard): STACK 8192k/infinity , CORE 0k/infinity , NPROC 31037/31037 , NOFILE 1048576/1048576 , AS infinity/infinity , CPU infinity/infinity , DATA infinity/infinity , FSIZE infinity/infinity , MEMLOCK 65536k/65536k
load average:1.31 1.12 0.86

/proc/meminfo:
MemTotal:        8017184 kB
MemFree:          347876 kB
MemAvailable:    2037248 kB
Buffers:          203048 kB
Cached:          2123556 kB
SwapCached:        44608 kB
Active:          1699044 kB
Inactive:        5302840 kB
Active(anon):     468504 kB
Inactive(anon):  4744236 kB
Active(file):    1230540 kB
Inactive(file):   558604 kB
Unevictable:      148248 kB
Mlocked:              32 kB
SwapTotal:       3999740 kB
SwapFree:        3322388 kB
Dirty:              1876 kB
Writeback:             0 kB
AnonPages:       4789104 kB
Mapped:           677528 kB
Shmem:            540548 kB
KReclaimable:     204464 kB
Slab:             365272 kB
SReclaimable:     204464 kB
SUnreclaim:       160808 kB
KernelStack:       23152 kB
PageTables:        56532 kB
NFS_Unstable:          0 kB
Bounce:                0 kB
WritebackTmp:          0 kB
CommitLimit:     8008332 kB
Committed_AS:   14678712 kB
VmallocTotal:   34359738367 kB
VmallocUsed:       48564 kB
VmallocChunk:          0 kB
Percpu:             4208 kB
HardwareCorrupted:     0 kB
AnonHugePages:         0 kB
ShmemHugePages:        0 kB
ShmemPmdMapped:        0 kB
FileHugePages:         0 kB
FilePmdMapped:         0 kB
HugePages_Total:       0
HugePages_Free:        0
HugePages_Rsvd:        0
HugePages_Surp:        0
Hugepagesize:       2048 kB
Hugetlb:               0 kB
DirectMap4k:      426400 kB
DirectMap2M:     7837696 kB
DirectMap1G:           0 kB

/sys/kernel/mm/transparent_hugepage/enabled:
always [madvise] never
/sys/kernel/mm/transparent_hugepage/defrag (defrag/compaction efforts parameter):
always defer defer+madvise [madvise] never

Process Memory:
Virtual Size: 5291304K (peak: 13435636K)
Resident Set Size: 59704K (peak: 59916K) (anon: 23144K, file: 36560K, shmem: 0K)
Swapped out: 0K
C-Heap outstanding allocations: 4420K

/proc/sys/kernel/threads-max (system-wide limit on the number of threads):
62075
/proc/sys/vm/max_map_count (maximum number of memory map areas a process may have):
65530
/proc/sys/kernel/pid_max (system-wide limit on number of process identifiers):
4194304

container (cgroup) information:
container_type: cgroupv1
cpu_cpuset_cpus: 0-3
cpu_memory_nodes: 0
active_processor_count: 4
cpu_quota: -1
cpu_period: 100000
cpu_shares: -1
memory_limit_in_bytes: -1
memory_and_swap_limit_in_bytes: -1
memory_soft_limit_in_bytes: -1
memory_usage_in_bytes: 6393524224
memory_max_usage_in_bytes: 6633541632

Steal ticks since vm start: 0
Steal ticks percentage since vm start:  0.000

CPU:total 4 (initial active 4) (4 cores per cpu, 1 threads per core) family 6 model 158 stepping 9 microcode 0xf0, cmov, cx8, fxsr, mmx, sse, sse2, sse3, ssse3, sse4.1, sse4.2, popcnt, avx, avx2, aes, clmul, erms, rtm, 3dnowpref, lzcnt, tsc, tscinvbit, bmi1, bmi2, adx, fma
CPU Model and flags from /proc/cpuinfo:
model name	: Intel(R) Core(TM) i5-7500 CPU @ 3.40GHz
flags		: fpu vme de pse tsc msr pae mce cx8 apic sep mtrr pge mca cmov pat pse36 clflush dts acpi mmx fxsr sse sse2 ss ht tm pbe syscall nx pdpe1gb rdtscp lm constant_tsc art arch_perfmon pebs bts rep_good nopl xtopology nonstop_tsc cpuid aperfmperf pni pclmulqdq dtes64 monitor ds_cpl vmx smx est tm2 ssse3 sdbg fma cx16 xtpr pdcm pcid sse4_1 sse4_2 x2apic movbe popcnt tsc_deadline_timer aes xsave avx f16c rdrand lahf_lm abm 3dnowprefetch cpuid_fault epb invpcid_single pti ssbd ibrs ibpb stibp tpr_shadow vnmi flexpriority ept vpid ept_ad fsgsbase tsc_adjust bmi1 hle avx2 smep bmi2 erms invpcid rtm mpx rdseed adx smap clflushopt intel_pt xsaveopt xsavec xgetbv1 xsaves dtherm ida arat pln pts hwp hwp_notify hwp_act_window hwp_epp md_clear flush_l1d arch_capabilities
Online cpus:
0-3
Offline cpus:

BIOS frequency limitation:
<Not Available>
Frequency switch latency (ns):
0
Available cpu frequencies:
<Not Available>
Current governor:
powersave
Core performance/turbo boost:
<Not Available>

Memory: 4k page, physical 8017184k(347876k free), swap 3999740k(3322388k free)

vm_info: OpenJDK 64-Bit Server VM (11.0.15+10-Ubuntu-0ubuntu0.20.04.1) for linux-amd64 JRE (11.0.15+10-Ubuntu-0ubuntu0.20.04.1), built on Apr 23 2022 13:02:10 by "unknown" with gcc 9.4.0

END.
