#
# A fatal error has been detected by the Java Runtime Environment:
#
#  SIGSEGV (0xb) at pc=0x00007fea5c469f30, pid=9073, tid=9074
#
# JRE version: OpenJDK Runtime Environment (11.0.15+10) (build 11.0.15+10-Ubuntu-0ubuntu0.20.04.1)
# Java VM: OpenJDK 64-Bit Server VM (11.0.15+10-Ubuntu-0ubuntu0.20.04.1, mixed mode, sharing, tiered, compressed oops, g1 gc, linux-amd64)
# Problematic frame:
# C  [libpjsua.so.2+0x23f30]  pjsua_call_send_im+0x160
#
# Core dump will be written. Default location: Core dumps may be processed with "/usr/share/apport/apport -p%p -s%s -c%c -d%d -P%P -u%u -g%g -- %E" (or dumping to /home/user/NetBeansProjects/mypjsip/core.9073)
#
# If you would like to submit a bug report, please visit:
#   Unknown
# The crash happened outside the Java Virtual Machine in native code.
# See problematic frame for where to report the bug.
#

---------------  S U M M A R Y ------------

Command Line: com.zilogic.mypjsip.MyApp

Host: Intel(R) Core(TM) i5-7500 CPU @ 3.40GHz, 4 cores, 7G, Ubuntu 20.04.4 LTS
Time: Mon Jul 11 09:31:34 2022 IST elapsed time: 10.466263 seconds (0d 0h 0m 10s)

---------------  T H R E A D  ---------------

Current thread (0x00007fea84016000):  JavaThread "main" [_thread_in_native, id=9074, stack(0x00007fea89462000,0x00007fea89563000)]

Stack: [0x00007fea89462000,0x00007fea89563000],  sp=0x00007fea89561410,  free space=1021k
Native frames: (J=compiled Java code, A=aot compiled Java code, j=interpreted, Vv=VM code, C=native code)
C  [libpjsua.so.2+0x23f30]  pjsua_call_send_im+0x160

Java frames: (J=compiled Java code, j=interpreted, Vv=VM code)
j  org.pjsip.pjsua2.pjsua2JNI.Call_sendInstantMessage(JLorg/pjsip/pjsua2/Call;JLorg/pjsip/pjsua2/SendInstantMessageParam;)V+0
j  org.pjsip.pjsua2.Call.sendInstantMessage(Lorg/pjsip/pjsua2/SendInstantMessageParam;)V+10
j  com.zilogic.mypjsip.MyApp.main([Ljava/lang/String;)V+586
v  ~StubRoutines::call_stub

siginfo: si_signo: 11 (SIGSEGV), si_code: 1 (SEGV_MAPERR), si_addr: 0x0000000000000070

Register to memory mapping:

RAX=0x0 is NULL
RBX=0x0 is NULL
RCX=0x00007fea89561438 is pointing into the stack for thread: 0x00007fea84016000
RDX=0x00000000ffffffff is an unallocated location in the heap
RSP=0x00007fea89561410 is pointing into the stack for thread: 0x00007fea84016000
RBP=0x0 is NULL
RSI=0x00007fea5c496d00: pjsip_message_method+0x0000000000000000 in /usr/local/lib/libpjsua.so.2 at 0x00007fea5c446000
RDI=0x00007fea842022e8 points into unknown readable memory: 0x0000000000000000 | 00 00 00 00 00 00 00 00
R8 =0x0 is NULL
R9 =0x00007ffc14328080 points into unknown readable memory: 0x00000001000e7e54 | 54 7e 0e 00 01 00 00 00
R10=0xfffffffffffff31a is an unknown value
R11=0x00007fea5c366840: pj_grp_lock_tryacquire+0x0000000000000000 in /usr/local/lib/libpj.so.2 at 0x00007fea5c34c000
R12=0x00007fea89561500 is pointing into the stack for thread: 0x00007fea84016000
R13=0x00007fea895614f0 is pointing into the stack for thread: 0x00007fea84016000
R14=0x0 is NULL
R15=0x0 is NULL


Registers:
RAX=0x0000000000000000, RBX=0x0000000000000000, RCX=0x00007fea89561438, RDX=0x00000000ffffffff
RSP=0x00007fea89561410, RBP=0x0000000000000000, RSI=0x00007fea5c496d00, RDI=0x00007fea842022e8
R8 =0x0000000000000000, R9 =0x00007ffc14328080, R10=0xfffffffffffff31a, R11=0x00007fea5c366840
R12=0x00007fea89561500, R13=0x00007fea895614f0, R14=0x0000000000000000, R15=0x0000000000000000
RIP=0x00007fea5c469f30, EFLAGS=0x0000000000010246, CSGSFS=0x002b000000000033, ERR=0x0000000000000004
  TRAPNO=0x000000000000000e

Top of Stack: (sp=0x00007fea89561410)
0x00007fea89561410:   00007fea89560000 0000ffff00001fa0
0x00007fea89561420:   00000008002dd5a8 00007fea5c4a5cd0
0x00007fea89561430:   00007fea84137798 00007fea84016000
0x00007fea89561440:   00007fea5c48bf91 000000000000000a 

Instructions: (pc=0x00007fea5c469f30)
0x00007fea5c469e30:   00 b8 01 00 00 00 74 48 85 db 78 52 48 8b 35 4d
0x00007fea5c469e40:   d1 02 00 39 9e 30 ca 00 00 7e 43 4d 85 e4 0f 85
0x00007fea5c469e50:   8c 00 00 00 85 c0 75 58 48 8d 0d e1 23 02 00 ba
0x00007fea5c469e60:   7d 0e 00 00 48 8d 35 23 1b 02 00 48 8d 3d 46 13
0x00007fea5c469e70:   02 00 e8 c9 d4 fe ff 66 0f 1f 84 00 00 00 00 00
0x00007fea5c469e80:   31 c0 48 83 7d 78 00 0f 95 c0 85 db 79 ae 48 8d
0x00007fea5c469e90:   0d ab 23 02 00 ba 79 0e 00 00 48 8d 35 ed 1a 02
0x00007fea5c469ea0:   00 48 8d 3d b0 0c 02 00 e8 93 d4 fe ff 0f 1f 00
0x00007fea5c469eb0:   4d 85 e4 75 2b e8 86 de fe ff 83 f8 03 7e 2f 89
0x00007fea5c469ec0:   da 48 8d 35 d4 20 02 00 48 8d 3d d0 1a 02 00 31
0x00007fea5c469ed0:   c0 e8 2a c9 fe ff eb 16 0f 1f 84 00 00 00 00 00
0x00007fea5c469ee0:   e8 5b de fe ff 83 f8 03 0f 8f 02 02 00 00 e8 9d
0x00007fea5c469ef0:   dd fe ff 48 8d 4c 24 20 89 de 48 8d 54 24 18 48
0x00007fea5c469f00:   8d 3d b0 20 02 00 e8 75 e0 fe ff 41 89 c7 85 c0
0x00007fea5c469f10:   0f 85 72 01 00 00 48 8b 44 24 18 48 8d 4c 24 28
0x00007fea5c469f20:   ba ff ff ff ff 48 8b 35 9c d0 02 00 48 8b 40 58
0x00007fea5c469f30:   48 8b 78 70 e8 d7 dd fe ff 41 89 c7 85 c0 0f 85
0x00007fea5c469f40:   8c 01 00 00 48 8b 44 24 28 48 8b 78 10 e8 8e d5
0x00007fea5c469f50:   fe ff 48 89 c6 48 8b 44 24 28 48 8b b8 88 01 00
0x00007fea5c469f60:   00 48 83 c7 28 e8 b6 ce fe ff 4d 85 e4 0f 84 9e
0x00007fea5c469f70:   01 00 00 4d 85 ed 48 8d 44 24 30 4c 8d 4c 24 40
0x00007fea5c469f80:   4c 0f 44 e8 48 8b 44 24 28 4c 89 ca 4c 89 4c 24
0x00007fea5c469f90:   08 48 8b 78 10 4c 89 ee e8 33 e3 fe ff 48 8b 44
0x00007fea5c469fa0:   24 28 4c 8b 4c 24 08 4c 89 e1 48 8d 54 24 50 48
0x00007fea5c469fb0:   8b 78 10 4c 89 ce 4c 8b a8 88 01 00 00 e8 fe e4
0x00007fea5c469fc0:   fe ff 48 8b 7c 24 28 49 89 45 68 48 8b 87 88 01
0x00007fea5c469fd0:   00 00 48 83 78 68 00 0f 84 89 01 00 00 48 89 ee
0x00007fea5c469fe0:   e8 3b e4 fe ff 48 8b 44 24 28 ba 30 00 00 00 be
0x00007fea5c469ff0:   01 00 00 00 48 8b 78 10 e8 23 ca fe ff 49 89 c5
0x00007fea5c46a000:   48 8b 44 24 18 49 8d 75 18 8b 90 c0 00 00 00 48
0x00007fea5c46a010:   8b 40 58 41 89 5d 04 48 8b 40 70 41 89 55 00 4c
0x00007fea5c46a020:   89 e2 f3 0f 6f 80 18 01 00 00 48 8b 44 24 28 48 


Stack slot to memory mapping:
stack at sp + 0 slots: 0x00007fea89560000 is pointing into the stack for thread: 0x00007fea84016000
stack at sp + 1 slots: 0x0000ffff00001fa0 is an unknown value
stack at sp + 2 slots: 0x00000008002dd5a8 is pointing into metadata
stack at sp + 3 slots: 0x00007fea5c4a5cd0: pjsua_var+0x000000000000d3f0 in /usr/local/lib/libpjsua.so.2 at 0x00007fea5c446000
stack at sp + 4 slots: 0x00007fea84137798 points into unknown readable memory: 0x00007fea84263718 | 18 37 26 84 ea 7f 00 00
stack at sp + 5 slots: 0x00007fea84016000 is a thread
stack at sp + 6 slots: 0x00007fea5c48bf91: <offset 0x0000000000045f91> in /usr/local/lib/libpjsua.so.2 at 0x00007fea5c446000
stack at sp + 7 slots: 0x000000000000000a is an unknown value


---------------  P R O C E S S  ---------------

Threads class SMR info:
_java_thread_list=0x00007fe9f0001da0, length=9, elements={
0x00007fea84016000, 0x00007fea8410f000, 0x00007fea84111000, 0x00007fea84116800,
0x00007fea84118800, 0x00007fea8411a800, 0x00007fea8411c800, 0x00007fea8411e800,
0x00007fea8417a000
}

Java Threads: ( => current thread )
=>0x00007fea84016000 JavaThread "main" [_thread_in_native, id=9074, stack(0x00007fea89462000,0x00007fea89563000)]
  0x00007fea8410f000 JavaThread "Reference Handler" daemon [_thread_blocked, id=9085, stack(0x00007fea640cd000,0x00007fea641ce000)]
  0x00007fea84111000 JavaThread "Finalizer" daemon [_thread_blocked, id=9086, stack(0x00007fea5d6ff000,0x00007fea5d800000)]
  0x00007fea84116800 JavaThread "Signal Dispatcher" daemon [_thread_blocked, id=9087, stack(0x00007fea5d08e000,0x00007fea5d18f000)]
  0x00007fea84118800 JavaThread "Service Thread" daemon [_thread_blocked, id=9088, stack(0x00007fea5cf8d000,0x00007fea5d08e000)]
  0x00007fea8411a800 JavaThread "C2 CompilerThread0" daemon [_thread_blocked, id=9089, stack(0x00007fea5ce8c000,0x00007fea5cf8d000)]
  0x00007fea8411c800 JavaThread "C1 CompilerThread0" daemon [_thread_blocked, id=9090, stack(0x00007fea5cd8b000,0x00007fea5ce8c000)]
  0x00007fea8411e800 JavaThread "Sweeper thread" daemon [_thread_blocked, id=9091, stack(0x00007fea5cc8a000,0x00007fea5cd8b000)]
  0x00007fea8417a000 JavaThread "Common-Cleaner" daemon [_thread_blocked, id=9093, stack(0x00007fea5ca87000,0x00007fea5cb88000)]

Other Threads:
  0x00007fea8410c000 VMThread "VM Thread" [stack: 0x00007fea641d0000,0x00007fea642d0000] [id=9084]
  0x00007fea84177800 WatcherThread [stack: 0x00007fea5cb8a000,0x00007fea5cc8a000] [id=9092]
  0x00007fea8402e000 GCTaskThread "GC Thread#0" [stack: 0x00007fea89121000,0x00007fea89221000] [id=9079]
  0x00007fea8405f000 ConcurrentGCThread "G1 Main Marker" [stack: 0x00007fea88060000,0x00007fea88160000] [id=9080]
  0x00007fea84060800 ConcurrentGCThread "G1 Conc#0" [stack: 0x00007fea6c71e000,0x00007fea6c81e000] [id=9081]
  0x00007fea840d9000 ConcurrentGCThread "G1 Refine#0" [stack: 0x00007fea6c218000,0x00007fea6c318000] [id=9082]
  0x00007fea840da800 ConcurrentGCThread "G1 Young RemSet Sampling" [stack: 0x00007fea6c116000,0x00007fea6c216000] [id=9083]

Threads with active compile tasks:

VM state:not at safepoint (normal execution)

VM Mutex/Monitor currently owned by a thread: None

Heap address: 0x0000000085a00000, size: 1958 MB, Compressed Oops mode: 32-bit
Narrow klass base: 0x0000000800000000, Narrow klass shift: 3
Compressed class space size: 1073741824 Address: 0x0000000840000000

Heap:
 garbage-first heap   total 129024K, used 13000K [0x0000000085a00000, 0x0000000100000000)
  region size 1024K, 13 young (13312K), 0 survivors (0K)
 Metaspace       used 1846K, capacity 5615K, committed 5760K, reserved 1056768K
  class space    used 141K, capacity 538K, committed 640K, reserved 1048576K
Heap Regions: E=young(eden), S=young(survivor), O=old, HS=humongous(starts), HC=humongous(continues), CS=collection set, F=free, A=archive, TAMS=top-at-mark-start (previous, next)
|   0|0x0000000085a00000, 0x0000000085a00000, 0x0000000085b00000|  0%| F|  |TAMS 0x0000000085a00000, 0x0000000085a00000| Untracked 
|   1|0x0000000085b00000, 0x0000000085b00000, 0x0000000085c00000|  0%| F|  |TAMS 0x0000000085b00000, 0x0000000085b00000| Untracked 
|   2|0x0000000085c00000, 0x0000000085c00000, 0x0000000085d00000|  0%| F|  |TAMS 0x0000000085c00000, 0x0000000085c00000| Untracked 
|   3|0x0000000085d00000, 0x0000000085d00000, 0x0000000085e00000|  0%| F|  |TAMS 0x0000000085d00000, 0x0000000085d00000| Untracked 
|   4|0x0000000085e00000, 0x0000000085e00000, 0x0000000085f00000|  0%| F|  |TAMS 0x0000000085e00000, 0x0000000085e00000| Untracked 
|   5|0x0000000085f00000, 0x0000000085f00000, 0x0000000086000000|  0%| F|  |TAMS 0x0000000085f00000, 0x0000000085f00000| Untracked 
|   6|0x0000000086000000, 0x0000000086000000, 0x0000000086100000|  0%| F|  |TAMS 0x0000000086000000, 0x0000000086000000| Untracked 
|   7|0x0000000086100000, 0x0000000086100000, 0x0000000086200000|  0%| F|  |TAMS 0x0000000086100000, 0x0000000086100000| Untracked 
|   8|0x0000000086200000, 0x0000000086200000, 0x0000000086300000|  0%| F|  |TAMS 0x0000000086200000, 0x0000000086200000| Untracked 
|   9|0x0000000086300000, 0x0000000086300000, 0x0000000086400000|  0%| F|  |TAMS 0x0000000086300000, 0x0000000086300000| Untracked 
|  10|0x0000000086400000, 0x0000000086400000, 0x0000000086500000|  0%| F|  |TAMS 0x0000000086400000, 0x0000000086400000| Untracked 
|  11|0x0000000086500000, 0x0000000086500000, 0x0000000086600000|  0%| F|  |TAMS 0x0000000086500000, 0x0000000086500000| Untracked 
|  12|0x0000000086600000, 0x0000000086600000, 0x0000000086700000|  0%| F|  |TAMS 0x0000000086600000, 0x0000000086600000| Untracked 
|  13|0x0000000086700000, 0x0000000086700000, 0x0000000086800000|  0%| F|  |TAMS 0x0000000086700000, 0x0000000086700000| Untracked 
|  14|0x0000000086800000, 0x0000000086800000, 0x0000000086900000|  0%| F|  |TAMS 0x0000000086800000, 0x0000000086800000| Untracked 
|  15|0x0000000086900000, 0x0000000086900000, 0x0000000086a00000|  0%| F|  |TAMS 0x0000000086900000, 0x0000000086900000| Untracked 
|  16|0x0000000086a00000, 0x0000000086a00000, 0x0000000086b00000|  0%| F|  |TAMS 0x0000000086a00000, 0x0000000086a00000| Untracked 
|  17|0x0000000086b00000, 0x0000000086b00000, 0x0000000086c00000|  0%| F|  |TAMS 0x0000000086b00000, 0x0000000086b00000| Untracked 
|  18|0x0000000086c00000, 0x0000000086c00000, 0x0000000086d00000|  0%| F|  |TAMS 0x0000000086c00000, 0x0000000086c00000| Untracked 
|  19|0x0000000086d00000, 0x0000000086d00000, 0x0000000086e00000|  0%| F|  |TAMS 0x0000000086d00000, 0x0000000086d00000| Untracked 
|  20|0x0000000086e00000, 0x0000000086e00000, 0x0000000086f00000|  0%| F|  |TAMS 0x0000000086e00000, 0x0000000086e00000| Untracked 
|  21|0x0000000086f00000, 0x0000000086f00000, 0x0000000087000000|  0%| F|  |TAMS 0x0000000086f00000, 0x0000000086f00000| Untracked 
|  22|0x0000000087000000, 0x0000000087000000, 0x0000000087100000|  0%| F|  |TAMS 0x0000000087000000, 0x0000000087000000| Untracked 
|  23|0x0000000087100000, 0x0000000087100000, 0x0000000087200000|  0%| F|  |TAMS 0x0000000087100000, 0x0000000087100000| Untracked 
|  24|0x0000000087200000, 0x0000000087200000, 0x0000000087300000|  0%| F|  |TAMS 0x0000000087200000, 0x0000000087200000| Untracked 
|  25|0x0000000087300000, 0x0000000087300000, 0x0000000087400000|  0%| F|  |TAMS 0x0000000087300000, 0x0000000087300000| Untracked 
|  26|0x0000000087400000, 0x0000000087400000, 0x0000000087500000|  0%| F|  |TAMS 0x0000000087400000, 0x0000000087400000| Untracked 
|  27|0x0000000087500000, 0x0000000087500000, 0x0000000087600000|  0%| F|  |TAMS 0x0000000087500000, 0x0000000087500000| Untracked 
|  28|0x0000000087600000, 0x0000000087600000, 0x0000000087700000|  0%| F|  |TAMS 0x0000000087600000, 0x0000000087600000| Untracked 
|  29|0x0000000087700000, 0x0000000087700000, 0x0000000087800000|  0%| F|  |TAMS 0x0000000087700000, 0x0000000087700000| Untracked 
|  30|0x0000000087800000, 0x0000000087800000, 0x0000000087900000|  0%| F|  |TAMS 0x0000000087800000, 0x0000000087800000| Untracked 
|  31|0x0000000087900000, 0x0000000087900000, 0x0000000087a00000|  0%| F|  |TAMS 0x0000000087900000, 0x0000000087900000| Untracked 
|  32|0x0000000087a00000, 0x0000000087a00000, 0x0000000087b00000|  0%| F|  |TAMS 0x0000000087a00000, 0x0000000087a00000| Untracked 
|  33|0x0000000087b00000, 0x0000000087b00000, 0x0000000087c00000|  0%| F|  |TAMS 0x0000000087b00000, 0x0000000087b00000| Untracked 
|  34|0x0000000087c00000, 0x0000000087c00000, 0x0000000087d00000|  0%| F|  |TAMS 0x0000000087c00000, 0x0000000087c00000| Untracked 
|  35|0x0000000087d00000, 0x0000000087d00000, 0x0000000087e00000|  0%| F|  |TAMS 0x0000000087d00000, 0x0000000087d00000| Untracked 
|  36|0x0000000087e00000, 0x0000000087e00000, 0x0000000087f00000|  0%| F|  |TAMS 0x0000000087e00000, 0x0000000087e00000| Untracked 
|  37|0x0000000087f00000, 0x0000000087f00000, 0x0000000088000000|  0%| F|  |TAMS 0x0000000087f00000, 0x0000000087f00000| Untracked 
|  38|0x0000000088000000, 0x0000000088000000, 0x0000000088100000|  0%| F|  |TAMS 0x0000000088000000, 0x0000000088000000| Untracked 
|  39|0x0000000088100000, 0x0000000088100000, 0x0000000088200000|  0%| F|  |TAMS 0x0000000088100000, 0x0000000088100000| Untracked 
|  40|0x0000000088200000, 0x0000000088200000, 0x0000000088300000|  0%| F|  |TAMS 0x0000000088200000, 0x0000000088200000| Untracked 
|  41|0x0000000088300000, 0x0000000088300000, 0x0000000088400000|  0%| F|  |TAMS 0x0000000088300000, 0x0000000088300000| Untracked 
|  42|0x0000000088400000, 0x0000000088400000, 0x0000000088500000|  0%| F|  |TAMS 0x0000000088400000, 0x0000000088400000| Untracked 
|  43|0x0000000088500000, 0x0000000088500000, 0x0000000088600000|  0%| F|  |TAMS 0x0000000088500000, 0x0000000088500000| Untracked 
|  44|0x0000000088600000, 0x0000000088600000, 0x0000000088700000|  0%| F|  |TAMS 0x0000000088600000, 0x0000000088600000| Untracked 
|  45|0x0000000088700000, 0x0000000088700000, 0x0000000088800000|  0%| F|  |TAMS 0x0000000088700000, 0x0000000088700000| Untracked 
|  46|0x0000000088800000, 0x0000000088800000, 0x0000000088900000|  0%| F|  |TAMS 0x0000000088800000, 0x0000000088800000| Untracked 
|  47|0x0000000088900000, 0x0000000088900000, 0x0000000088a00000|  0%| F|  |TAMS 0x0000000088900000, 0x0000000088900000| Untracked 
|  48|0x0000000088a00000, 0x0000000088a00000, 0x0000000088b00000|  0%| F|  |TAMS 0x0000000088a00000, 0x0000000088a00000| Untracked 
|  49|0x0000000088b00000, 0x0000000088b00000, 0x0000000088c00000|  0%| F|  |TAMS 0x0000000088b00000, 0x0000000088b00000| Untracked 
|  50|0x0000000088c00000, 0x0000000088c00000, 0x0000000088d00000|  0%| F|  |TAMS 0x0000000088c00000, 0x0000000088c00000| Untracked 
|  51|0x0000000088d00000, 0x0000000088d00000, 0x0000000088e00000|  0%| F|  |TAMS 0x0000000088d00000, 0x0000000088d00000| Untracked 
|  52|0x0000000088e00000, 0x0000000088e00000, 0x0000000088f00000|  0%| F|  |TAMS 0x0000000088e00000, 0x0000000088e00000| Untracked 
|  53|0x0000000088f00000, 0x0000000088f00000, 0x0000000089000000|  0%| F|  |TAMS 0x0000000088f00000, 0x0000000088f00000| Untracked 
|  54|0x0000000089000000, 0x0000000089000000, 0x0000000089100000|  0%| F|  |TAMS 0x0000000089000000, 0x0000000089000000| Untracked 
|  55|0x0000000089100000, 0x0000000089100000, 0x0000000089200000|  0%| F|  |TAMS 0x0000000089100000, 0x0000000089100000| Untracked 
|  56|0x0000000089200000, 0x0000000089200000, 0x0000000089300000|  0%| F|  |TAMS 0x0000000089200000, 0x0000000089200000| Untracked 
|  57|0x0000000089300000, 0x0000000089300000, 0x0000000089400000|  0%| F|  |TAMS 0x0000000089300000, 0x0000000089300000| Untracked 
|  58|0x0000000089400000, 0x0000000089400000, 0x0000000089500000|  0%| F|  |TAMS 0x0000000089400000, 0x0000000089400000| Untracked 
|  59|0x0000000089500000, 0x0000000089500000, 0x0000000089600000|  0%| F|  |TAMS 0x0000000089500000, 0x0000000089500000| Untracked 
|  60|0x0000000089600000, 0x0000000089600000, 0x0000000089700000|  0%| F|  |TAMS 0x0000000089600000, 0x0000000089600000| Untracked 
|  61|0x0000000089700000, 0x0000000089700000, 0x0000000089800000|  0%| F|  |TAMS 0x0000000089700000, 0x0000000089700000| Untracked 
|  62|0x0000000089800000, 0x0000000089800000, 0x0000000089900000|  0%| F|  |TAMS 0x0000000089800000, 0x0000000089800000| Untracked 
|  63|0x0000000089900000, 0x0000000089900000, 0x0000000089a00000|  0%| F|  |TAMS 0x0000000089900000, 0x0000000089900000| Untracked 
|  64|0x0000000089a00000, 0x0000000089a00000, 0x0000000089b00000|  0%| F|  |TAMS 0x0000000089a00000, 0x0000000089a00000| Untracked 
|  65|0x0000000089b00000, 0x0000000089b00000, 0x0000000089c00000|  0%| F|  |TAMS 0x0000000089b00000, 0x0000000089b00000| Untracked 
|  66|0x0000000089c00000, 0x0000000089c00000, 0x0000000089d00000|  0%| F|  |TAMS 0x0000000089c00000, 0x0000000089c00000| Untracked 
|  67|0x0000000089d00000, 0x0000000089d00000, 0x0000000089e00000|  0%| F|  |TAMS 0x0000000089d00000, 0x0000000089d00000| Untracked 
|  68|0x0000000089e00000, 0x0000000089e00000, 0x0000000089f00000|  0%| F|  |TAMS 0x0000000089e00000, 0x0000000089e00000| Untracked 
|  69|0x0000000089f00000, 0x0000000089f00000, 0x000000008a000000|  0%| F|  |TAMS 0x0000000089f00000, 0x0000000089f00000| Untracked 
|  70|0x000000008a000000, 0x000000008a000000, 0x000000008a100000|  0%| F|  |TAMS 0x000000008a000000, 0x000000008a000000| Untracked 
|  71|0x000000008a100000, 0x000000008a100000, 0x000000008a200000|  0%| F|  |TAMS 0x000000008a100000, 0x000000008a100000| Untracked 
|  72|0x000000008a200000, 0x000000008a200000, 0x000000008a300000|  0%| F|  |TAMS 0x000000008a200000, 0x000000008a200000| Untracked 
|  73|0x000000008a300000, 0x000000008a300000, 0x000000008a400000|  0%| F|  |TAMS 0x000000008a300000, 0x000000008a300000| Untracked 
|  74|0x000000008a400000, 0x000000008a400000, 0x000000008a500000|  0%| F|  |TAMS 0x000000008a400000, 0x000000008a400000| Untracked 
|  75|0x000000008a500000, 0x000000008a500000, 0x000000008a600000|  0%| F|  |TAMS 0x000000008a500000, 0x000000008a500000| Untracked 
|  76|0x000000008a600000, 0x000000008a600000, 0x000000008a700000|  0%| F|  |TAMS 0x000000008a600000, 0x000000008a600000| Untracked 
|  77|0x000000008a700000, 0x000000008a700000, 0x000000008a800000|  0%| F|  |TAMS 0x000000008a700000, 0x000000008a700000| Untracked 
|  78|0x000000008a800000, 0x000000008a800000, 0x000000008a900000|  0%| F|  |TAMS 0x000000008a800000, 0x000000008a800000| Untracked 
|  79|0x000000008a900000, 0x000000008a900000, 0x000000008aa00000|  0%| F|  |TAMS 0x000000008a900000, 0x000000008a900000| Untracked 
|  80|0x000000008aa00000, 0x000000008aa00000, 0x000000008ab00000|  0%| F|  |TAMS 0x000000008aa00000, 0x000000008aa00000| Untracked 
|  81|0x000000008ab00000, 0x000000008ab00000, 0x000000008ac00000|  0%| F|  |TAMS 0x000000008ab00000, 0x000000008ab00000| Untracked 
|  82|0x000000008ac00000, 0x000000008ac00000, 0x000000008ad00000|  0%| F|  |TAMS 0x000000008ac00000, 0x000000008ac00000| Untracked 
|  83|0x000000008ad00000, 0x000000008ad00000, 0x000000008ae00000|  0%| F|  |TAMS 0x000000008ad00000, 0x000000008ad00000| Untracked 
|  84|0x000000008ae00000, 0x000000008ae00000, 0x000000008af00000|  0%| F|  |TAMS 0x000000008ae00000, 0x000000008ae00000| Untracked 
|  85|0x000000008af00000, 0x000000008af00000, 0x000000008b000000|  0%| F|  |TAMS 0x000000008af00000, 0x000000008af00000| Untracked 
|  86|0x000000008b000000, 0x000000008b000000, 0x000000008b100000|  0%| F|  |TAMS 0x000000008b000000, 0x000000008b000000| Untracked 
|  87|0x000000008b100000, 0x000000008b100000, 0x000000008b200000|  0%| F|  |TAMS 0x000000008b100000, 0x000000008b100000| Untracked 
|  88|0x000000008b200000, 0x000000008b200000, 0x000000008b300000|  0%| F|  |TAMS 0x000000008b200000, 0x000000008b200000| Untracked 
|  89|0x000000008b300000, 0x000000008b300000, 0x000000008b400000|  0%| F|  |TAMS 0x000000008b300000, 0x000000008b300000| Untracked 
|  90|0x000000008b400000, 0x000000008b400000, 0x000000008b500000|  0%| F|  |TAMS 0x000000008b400000, 0x000000008b400000| Untracked 
|  91|0x000000008b500000, 0x000000008b500000, 0x000000008b600000|  0%| F|  |TAMS 0x000000008b500000, 0x000000008b500000| Untracked 
|  92|0x000000008b600000, 0x000000008b600000, 0x000000008b700000|  0%| F|  |TAMS 0x000000008b600000, 0x000000008b600000| Untracked 
|  93|0x000000008b700000, 0x000000008b700000, 0x000000008b800000|  0%| F|  |TAMS 0x000000008b700000, 0x000000008b700000| Untracked 
|  94|0x000000008b800000, 0x000000008b800000, 0x000000008b900000|  0%| F|  |TAMS 0x000000008b800000, 0x000000008b800000| Untracked 
|  95|0x000000008b900000, 0x000000008b900000, 0x000000008ba00000|  0%| F|  |TAMS 0x000000008b900000, 0x000000008b900000| Untracked 
|  96|0x000000008ba00000, 0x000000008ba00000, 0x000000008bb00000|  0%| F|  |TAMS 0x000000008ba00000, 0x000000008ba00000| Untracked 
|  97|0x000000008bb00000, 0x000000008bb00000, 0x000000008bc00000|  0%| F|  |TAMS 0x000000008bb00000, 0x000000008bb00000| Untracked 
|  98|0x000000008bc00000, 0x000000008bc00000, 0x000000008bd00000|  0%| F|  |TAMS 0x000000008bc00000, 0x000000008bc00000| Untracked 
|  99|0x000000008bd00000, 0x000000008bd00000, 0x000000008be00000|  0%| F|  |TAMS 0x000000008bd00000, 0x000000008bd00000| Untracked 
| 100|0x000000008be00000, 0x000000008be00000, 0x000000008bf00000|  0%| F|  |TAMS 0x000000008be00000, 0x000000008be00000| Untracked 
| 101|0x000000008bf00000, 0x000000008bf00000, 0x000000008c000000|  0%| F|  |TAMS 0x000000008bf00000, 0x000000008bf00000| Untracked 
| 102|0x000000008c000000, 0x000000008c000000, 0x000000008c100000|  0%| F|  |TAMS 0x000000008c000000, 0x000000008c000000| Untracked 
| 103|0x000000008c100000, 0x000000008c100000, 0x000000008c200000|  0%| F|  |TAMS 0x000000008c100000, 0x000000008c100000| Untracked 
| 104|0x000000008c200000, 0x000000008c200000, 0x000000008c300000|  0%| F|  |TAMS 0x000000008c200000, 0x000000008c200000| Untracked 
| 105|0x000000008c300000, 0x000000008c300000, 0x000000008c400000|  0%| F|  |TAMS 0x000000008c300000, 0x000000008c300000| Untracked 
| 106|0x000000008c400000, 0x000000008c400000, 0x000000008c500000|  0%| F|  |TAMS 0x000000008c400000, 0x000000008c400000| Untracked 
| 107|0x000000008c500000, 0x000000008c500000, 0x000000008c600000|  0%| F|  |TAMS 0x000000008c500000, 0x000000008c500000| Untracked 
| 108|0x000000008c600000, 0x000000008c600000, 0x000000008c700000|  0%| F|  |TAMS 0x000000008c600000, 0x000000008c600000| Untracked 
| 109|0x000000008c700000, 0x000000008c700000, 0x000000008c800000|  0%| F|  |TAMS 0x000000008c700000, 0x000000008c700000| Untracked 
| 110|0x000000008c800000, 0x000000008c800000, 0x000000008c900000|  0%| F|  |TAMS 0x000000008c800000, 0x000000008c800000| Untracked 
| 111|0x000000008c900000, 0x000000008c9d7cf0, 0x000000008ca00000| 84%| E|  |TAMS 0x000000008c900000, 0x000000008c900000| Complete 
| 112|0x000000008ca00000, 0x000000008cb00000, 0x000000008cb00000|100%| E|CS|TAMS 0x000000008ca00000, 0x000000008ca00000| Complete 
| 113|0x000000008cb00000, 0x000000008cc00000, 0x000000008cc00000|100%| E|CS|TAMS 0x000000008cb00000, 0x000000008cb00000| Complete 
| 114|0x000000008cc00000, 0x000000008cd00000, 0x000000008cd00000|100%| E|CS|TAMS 0x000000008cc00000, 0x000000008cc00000| Complete 
| 115|0x000000008cd00000, 0x000000008ce00000, 0x000000008ce00000|100%| E|CS|TAMS 0x000000008cd00000, 0x000000008cd00000| Complete 
| 116|0x000000008ce00000, 0x000000008cf00000, 0x000000008cf00000|100%| E|CS|TAMS 0x000000008ce00000, 0x000000008ce00000| Complete 
| 117|0x000000008cf00000, 0x000000008d000000, 0x000000008d000000|100%| E|CS|TAMS 0x000000008cf00000, 0x000000008cf00000| Complete 
| 118|0x000000008d000000, 0x000000008d100000, 0x000000008d100000|100%| E|CS|TAMS 0x000000008d000000, 0x000000008d000000| Complete 
| 119|0x000000008d100000, 0x000000008d200000, 0x000000008d200000|100%| E|CS|TAMS 0x000000008d100000, 0x000000008d100000| Complete 
| 120|0x000000008d200000, 0x000000008d300000, 0x000000008d300000|100%| E|CS|TAMS 0x000000008d200000, 0x000000008d200000| Complete 
| 121|0x000000008d300000, 0x000000008d400000, 0x000000008d400000|100%| E|CS|TAMS 0x000000008d300000, 0x000000008d300000| Complete 
| 122|0x000000008d400000, 0x000000008d500000, 0x000000008d500000|100%| E|CS|TAMS 0x000000008d400000, 0x000000008d400000| Complete 
| 123|0x000000008d500000, 0x000000008d600000, 0x000000008d600000|100%| E|CS|TAMS 0x000000008d500000, 0x000000008d500000| Complete 
|1956|0x00000000ffe00000, 0x00000000ffe47000, 0x00000000fff00000| 27%|OA|  |TAMS 0x00000000ffe00000, 0x00000000ffe00000| Untracked 
|1957|0x00000000fff00000, 0x00000000fff6b000, 0x0000000100000000| 41%|CA|  |TAMS 0x00000000fff00000, 0x00000000fff00000| Untracked 

Card table byte_map: [0x00007fea88575000,0x00007fea88948000] _byte_map_base: 0x00007fea88148000

Marking Bits (Prev, Next): (CMBitMap*) 0x00007fea84056388, (CMBitMap*) 0x00007fea840563c0
 Prev Bits: [0x00007fea66168000, 0x00007fea68000000)
 Next Bits: [0x00007fea642d0000, 0x00007fea66168000)

Polling page: 0x00007fea8ada4000

Metaspace:

Usage:
  Non-class:      4.96 MB capacity,     1.67 MB ( 34%) used,     3.28 MB ( 66%) free+waste,    13.38 KB ( <1%) overhead. 
      Class:    538.00 KB capacity,   141.03 KB ( 26%) used,   389.59 KB ( 72%) free+waste,     7.38 KB (  1%) overhead. 
       Both:      5.48 MB capacity,     1.80 MB ( 33%) used,     3.66 MB ( 67%) free+waste,    20.75 KB ( <1%) overhead. 

Virtual space:
  Non-class space:        8.00 MB reserved,       5.00 MB ( 62%) committed 
      Class space:        1.00 GB reserved,     640.00 KB ( <1%) committed 
             Both:        1.01 GB reserved,       5.62 MB ( <1%) committed 

Chunk freelists:
   Non-Class:  0 bytes
       Class:  0 bytes
        Both:  0 bytes

MaxMetaspaceSize: unlimited
CompressedClassSpaceSize: 1.00 GB
Initial GC threshold: 20.80 MB
Current GC threshold: 20.80 MB
CDS: on

CodeHeap 'non-profiled nmethods': size=120032Kb used=132Kb max_used=132Kb free=119899Kb
 bounds [0x00007fea742e6000, 0x00007fea74556000, 0x00007fea7b81e000]
CodeHeap 'profiled nmethods': size=120032Kb used=677Kb max_used=677Kb free=119355Kb
 bounds [0x00007fea6cdae000, 0x00007fea6d01e000, 0x00007fea742e6000]
CodeHeap 'non-nmethods': size=5696Kb used=1137Kb max_used=1151Kb free=4558Kb
 bounds [0x00007fea6c81e000, 0x00007fea6ca8e000, 0x00007fea6cdae000]
 total_blobs=839 nmethods=444 adapters=309
 compilation: enabled
              stopped_count=0, restarted_count=0
 full_count=0

Compilation events (20 events):
Event: 10.329 Thread 0x00007fea8411c800  433       3       java.lang.invoke.LambdaFormEditor$Transform::bval (26 bytes)
Event: 10.329 Thread 0x00007fea8411c800 nmethod 433 0x00007fea6ce54490 code [0x00007fea6ce54640, 0x00007fea6ce54730]
Event: 10.329 Thread 0x00007fea8411c800  432       3       java.nio.Buffer::remaining (20 bytes)
Event: 10.329 Thread 0x00007fea8411c800 nmethod 432 0x00007fea6ce54790 code [0x00007fea6ce54940, 0x00007fea6ce54ab0]
Event: 10.435 Thread 0x00007fea8411c800  435       3       java.nio.CharBuffer::limit (8 bytes)
Event: 10.436 Thread 0x00007fea8411c800 nmethod 435 0x00007fea6ce54b10 code [0x00007fea6ce54cc0, 0x00007fea6ce54e20]
Event: 10.436 Thread 0x00007fea8411c800  436       3       java.nio.ByteBuffer::position (6 bytes)
Event: 10.436 Thread 0x00007fea8411c800 nmethod 436 0x00007fea6ce54f10 code [0x00007fea6ce550c0, 0x00007fea6ce552a0]
Event: 10.436 Thread 0x00007fea8411c800  437       3       java.nio.CharBuffer::<init> (22 bytes)
Event: 10.438 Thread 0x00007fea8411c800 nmethod 437 0x00007fea6ce55390 code [0x00007fea6ce55540, 0x00007fea6ce55700]
Event: 10.438 Thread 0x00007fea8411c800  438       3       java.nio.CharBuffer::limit (6 bytes)
Event: 10.440 Thread 0x00007fea8411a800  441       4       java.lang.String::charAt (25 bytes)
Event: 10.442 Thread 0x00007fea8411c800 nmethod 438 0x00007fea6ce55810 code [0x00007fea6ce559e0, 0x00007fea6ce55ba0]
Event: 10.442 Thread 0x00007fea8411c800  439       3       java.nio.CharBuffer::hasArray (20 bytes)
Event: 10.442 Thread 0x00007fea8411c800 nmethod 439 0x00007fea6ce55c90 code [0x00007fea6ce55e40, 0x00007fea6ce55ff0]
Event: 10.442 Thread 0x00007fea8411c800  440       3       java.lang.StringConcatHelper::mixCoder (8 bytes)
Event: 10.442 Thread 0x00007fea8411a800 nmethod 441 0x00007fea74306f10 code [0x00007fea743070c0, 0x00007fea743071a8]
Event: 10.443 Thread 0x00007fea8411c800 nmethod 440 0x00007fea6ce56090 code [0x00007fea6ce56240, 0x00007fea6ce563b0]
Event: 10.444 Thread 0x00007fea8411c800  442       3       java.nio.ByteBuffer::position (8 bytes)
Event: 10.444 Thread 0x00007fea8411c800 nmethod 442 0x00007fea6ce56490 code [0x00007fea6ce56640, 0x00007fea6ce567a0]

GC Heap History (0 events):
No events

Deoptimization events (4 events):
Event: 0.370 Thread 0x00007fea84016000 Uncommon trap: trap_request=0xffffff4d fr.pc=0x00007fea742ee49c relative=0x000000000000007c
Event: 0.370 Thread 0x00007fea84016000 Uncommon trap: reason=unstable_if action=reinterpret pc=0x00007fea742ee49c method=java.lang.String.isLatin1()Z @ 10 c2
Event: 0.370 Thread 0x00007fea84016000 DEOPT PACKING pc=0x00007fea742ee49c sp=0x00007fea89561220
Event: 0.370 Thread 0x00007fea84016000 DEOPT UNPACKING pc=0x00007fea6c867ea5 sp=0x00007fea89561180 mode 2

Classes redefined (0 events):
No events

Internal exceptions (1 events):
Event: 0.404 Thread 0x00007fea84016000 Exception <a 'java/lang/NoSuchMethodError'{0x000000008ceb85d8}: 'int java.lang.invoke.DirectMethodHandle$Holder.invokeSpecialIFC(java.lang.Object, java.lang.Object, int)'> (0x000000008ceb85d8) thrown at [src/hotspot/share/interpreter/linkResolver.cpp, line 772]

Events (20 events):
Event: 5.332 Protecting memory [0x00007fea298b2000,0x00007fea298b6000] with protection modes 0
Event: 5.332 Thread 0x00007fea1c011800 Thread added: 0x00007fea1c011800
Event: 5.332 Thread 0x00007fea1c011800 Thread exited: 0x00007fea1c011800
Event: 5.332 Protecting memory [0x00007fea298b2000,0x00007fea298b6000] with protection modes 0
Event: 5.332 Thread 0x00007fea1c011800 Thread added: 0x00007fea1c011800
Event: 5.332 Thread 0x00007fea1c011800 Thread exited: 0x00007fea1c011800
Event: 7.221 loading class java/util/regex/Pattern$Curly
Event: 7.221 loading class java/util/regex/Pattern$Curly done
Event: 7.222 loading class java/util/regex/Pattern$GroupCurly
Event: 7.222 loading class java/util/regex/Pattern$GroupCurly done
Event: 10.327 loading class java/util/regex/Pattern$2
Event: 10.327 loading class java/util/regex/Pattern$2 done
Event: 10.437 Protecting memory [0x00007fe9f7801000,0x00007fe9f7805000] with protection modes 0
Event: 10.437 Thread 0x00007fe9e8001000 Thread added: 0x00007fe9e8001000
Event: 10.437 Thread 0x00007fe9e8001000 Thread exited: 0x00007fe9e8001000
Event: 10.437 Protecting memory [0x00007fe9f7801000,0x00007fe9f7805000] with protection modes 0
Event: 10.438 Thread 0x00007fe9e8002000 Thread added: 0x00007fe9e8002000
Event: 10.438 Thread 0x00007fe9e8002000 Thread exited: 0x00007fe9e8002000
Event: 10.440 loading class org/pjsip/pjsua2/SendInstantMessageParam
Event: 10.440 loading class org/pjsip/pjsua2/SendInstantMessageParam done


Dynamic libraries:
85a00000-8d600000 rw-p 00000000 00:00 0 
8d600000-ffe00000 ---p 00000000 00:00 0 
ffe00000-ffe47000 rw-p 01119000 08:02 1441990                            /usr/lib/jvm/java-11-openjdk-amd64/lib/server/classes.jsa
ffe47000-fff00000 rw-p 00000000 00:00 0 
fff00000-fff6b000 rw-p 010ae000 08:02 1441990                            /usr/lib/jvm/java-11-openjdk-amd64/lib/server/classes.jsa
fff6b000-100000000 rw-p 00000000 00:00 0 
800000000-800002000 rwxp 00001000 08:02 1441990                          /usr/lib/jvm/java-11-openjdk-amd64/lib/server/classes.jsa
800002000-8003cb000 rw-p 00003000 08:02 1441990                          /usr/lib/jvm/java-11-openjdk-amd64/lib/server/classes.jsa
8003cb000-800a9a000 r--p 003cc000 08:02 1441990                          /usr/lib/jvm/java-11-openjdk-amd64/lib/server/classes.jsa
800a9a000-800a9b000 rw-p 00a9b000 08:02 1441990                          /usr/lib/jvm/java-11-openjdk-amd64/lib/server/classes.jsa
800a9b000-8010ad000 r--p 00a9c000 08:02 1441990                          /usr/lib/jvm/java-11-openjdk-amd64/lib/server/classes.jsa
840000000-8400a0000 rw-p 00000000 00:00 0 
8400a0000-880000000 ---p 00000000 00:00 0 
55a250b73000-55a250b74000 r--p 00000000 08:02 1445569                    /usr/lib/jvm/java-11-openjdk-amd64/bin/java
55a250b74000-55a250b75000 r-xp 00001000 08:02 1445569                    /usr/lib/jvm/java-11-openjdk-amd64/bin/java
55a250b75000-55a250b76000 r--p 00002000 08:02 1445569                    /usr/lib/jvm/java-11-openjdk-amd64/bin/java
55a250b76000-55a250b77000 r--p 00002000 08:02 1445569                    /usr/lib/jvm/java-11-openjdk-amd64/bin/java
55a250b77000-55a250b78000 rw-p 00003000 08:02 1445569                    /usr/lib/jvm/java-11-openjdk-amd64/bin/java
55a251946000-55a251967000 rw-p 00000000 00:00 0                          [heap]
7fe9e8000000-7fe9e8021000 rw-p 00000000 00:00 0 
7fe9e8021000-7fe9ec000000 ---p 00000000 00:00 0 
7fe9f0000000-7fe9f0021000 rw-p 00000000 00:00 0 
7fe9f0021000-7fe9f4000000 ---p 00000000 00:00 0 
7fe9f77ff000-7fe9f7800000 ---p 00000000 00:00 0 
7fe9f7800000-7fe9f7801000 rw-p 00000000 00:00 0 
7fe9f7801000-7fe9f7805000 ---p 00000000 00:00 0 
7fe9f7805000-7fe9f8000000 rw-p 00000000 00:00 0 
7fe9f8000000-7fe9fc000000 rw-s 00000000 00:01 3426                       /memfd:pulseaudio (deleted)
7fe9fc000000-7fea00000000 rw-s 00000000 00:01 2053                       /memfd:pulseaudio (deleted)
7fea00000000-7fea04000000 rw-s 00000000 00:01 3425                       /memfd:pulseaudio (deleted)
7fea04000000-7fea04021000 rw-p 00000000 00:00 0 
7fea04021000-7fea08000000 ---p 00000000 00:00 0 
7fea08000000-7fea0c000000 rw-s 00000000 00:01 3425                       /memfd:pulseaudio (deleted)
7fea0c000000-7fea10000000 rw-s 00000000 00:01 1404                       /memfd:pulseaudio (deleted)
7fea10000000-7fea14000000 rw-s 00000000 00:01 2053                       /memfd:pulseaudio (deleted)
7fea14000000-7fea14021000 rw-p 00000000 00:00 0 
7fea14021000-7fea18000000 ---p 00000000 00:00 0 
7fea18000000-7fea1c000000 rw-s 00000000 00:01 2414                       /memfd:pulseaudio (deleted)
7fea1c000000-7fea1c021000 rw-p 00000000 00:00 0 
7fea1c021000-7fea20000000 ---p 00000000 00:00 0 
7fea20000000-7fea24000000 rw-s 00000000 00:01 2414                       /memfd:pulseaudio (deleted)
7fea24000000-7fea24021000 rw-p 00000000 00:00 0 
7fea24021000-7fea28000000 ---p 00000000 00:00 0 
7fea280ad000-7fea280ae000 ---p 00000000 00:00 0 
7fea280ae000-7fea280af000 rw-p 00000000 00:00 0 
7fea280af000-7fea280b3000 ---p 00000000 00:00 0 
7fea280b3000-7fea288ae000 rw-p 00000000 00:00 0 
7fea288ae000-7fea288af000 ---p 00000000 00:00 0 
7fea288af000-7fea290af000 rw-p 00000000 00:00 0 
7fea290af000-7fea290b0000 ---p 00000000 00:00 0 
7fea290b0000-7fea298b0000 rw-p 00000000 00:00 0 
7fea298b0000-7fea298b1000 ---p 00000000 00:00 0 
7fea298b1000-7fea298b2000 rw-p 00000000 00:00 0 
7fea298b2000-7fea298b6000 ---p 00000000 00:00 0 
7fea298b6000-7fea2a0b1000 rw-p 00000000 00:00 0 
7fea2a0b1000-7fea2a0b2000 ---p 00000000 00:00 0 
7fea2a0b2000-7fea2a8b2000 rw-p 00000000 00:00 0 
7fea2a8b2000-7fea2a8d2000 r--p 00000000 08:02 1449217                    /usr/lib/x86_64-linux-gnu/libdb-5.3.so
7fea2a8d2000-7fea2aa14000 r-xp 00020000 08:02 1449217                    /usr/lib/x86_64-linux-gnu/libdb-5.3.so
7fea2aa14000-7fea2aa59000 r--p 00162000 08:02 1449217                    /usr/lib/x86_64-linux-gnu/libdb-5.3.so
7fea2aa59000-7fea2aa60000 r--p 001a6000 08:02 1449217                    /usr/lib/x86_64-linux-gnu/libdb-5.3.so
7fea2aa60000-7fea2aa61000 rw-p 001ad000 08:02 1449217                    /usr/lib/x86_64-linux-gnu/libdb-5.3.so
7fea2aa61000-7fea2aa67000 r--p 00000000 08:02 1442494                    /usr/lib/x86_64-linux-gnu/libjack.so.0.0.28
7fea2aa67000-7fea2aa73000 r-xp 00006000 08:02 1442494                    /usr/lib/x86_64-linux-gnu/libjack.so.0.0.28
7fea2aa73000-7fea2aa78000 r--p 00012000 08:02 1442494                    /usr/lib/x86_64-linux-gnu/libjack.so.0.0.28
7fea2aa78000-7fea2aa79000 r--p 00016000 08:02 1442494                    /usr/lib/x86_64-linux-gnu/libjack.so.0.0.28
7fea2aa79000-7fea2aa7a000 rw-p 00017000 08:02 1442494                    /usr/lib/x86_64-linux-gnu/libjack.so.0.0.28
7fea2aa7a000-7fea2aa84000 rw-p 00000000 00:00 0 
7fea2aa84000-7fea2abef000 r-xp 00000000 08:02 1450125                    /usr/lib/x86_64-linux-gnu/libsamplerate.so.0.1.8
7fea2abef000-7fea2adee000 ---p 0016b000 08:02 1450125                    /usr/lib/x86_64-linux-gnu/libsamplerate.so.0.1.8
7fea2adee000-7fea2adef000 r--p 0016a000 08:02 1450125                    /usr/lib/x86_64-linux-gnu/libsamplerate.so.0.1.8
7fea2adef000-7fea2adf0000 rw-p 0016b000 08:02 1450125                    /usr/lib/x86_64-linux-gnu/libsamplerate.so.0.1.8
7fea2adf6000-7fea2adf8000 r--p 00000000 08:02 2097964                    /usr/lib/x86_64-linux-gnu/alsa-lib/libasound_module_ctl_pulse.so
7fea2adf8000-7fea2adfb000 r-xp 00002000 08:02 2097964                    /usr/lib/x86_64-linux-gnu/alsa-lib/libasound_module_ctl_pulse.so
7fea2adfb000-7fea2adfc000 r--p 00005000 08:02 2097964                    /usr/lib/x86_64-linux-gnu/alsa-lib/libasound_module_ctl_pulse.so
7fea2adfc000-7fea2adfd000 r--p 00005000 08:02 2097964                    /usr/lib/x86_64-linux-gnu/alsa-lib/libasound_module_ctl_pulse.so
7fea2adfd000-7fea2adfe000 rw-p 00006000 08:02 2097964                    /usr/lib/x86_64-linux-gnu/alsa-lib/libasound_module_ctl_pulse.so
7fea2adfe000-7fea2adff000 r--p 00000000 08:02 2097970                    /usr/lib/x86_64-linux-gnu/alsa-lib/libasound_module_pcm_vdownmix.so
7fea2adff000-7fea2ae00000 r-xp 00001000 08:02 2097970                    /usr/lib/x86_64-linux-gnu/alsa-lib/libasound_module_pcm_vdownmix.so
7fea2ae00000-7fea2ae01000 r--p 00002000 08:02 2097970                    /usr/lib/x86_64-linux-gnu/alsa-lib/libasound_module_pcm_vdownmix.so
7fea2ae01000-7fea2ae02000 r--p 00002000 08:02 2097970                    /usr/lib/x86_64-linux-gnu/alsa-lib/libasound_module_pcm_vdownmix.so
7fea2ae02000-7fea2ae03000 rw-p 00003000 08:02 2097970                    /usr/lib/x86_64-linux-gnu/alsa-lib/libasound_module_pcm_vdownmix.so
7fea2ae03000-7fea2ae04000 r--p 00000000 08:02 2097968                    /usr/lib/x86_64-linux-gnu/alsa-lib/libasound_module_pcm_upmix.so
7fea2ae04000-7fea2ae06000 r-xp 00001000 08:02 2097968                    /usr/lib/x86_64-linux-gnu/alsa-lib/libasound_module_pcm_upmix.so
7fea2ae06000-7fea2ae07000 r--p 00003000 08:02 2097968                    /usr/lib/x86_64-linux-gnu/alsa-lib/libasound_module_pcm_upmix.so
7fea2ae07000-7fea2ae08000 r--p 00003000 08:02 2097968                    /usr/lib/x86_64-linux-gnu/alsa-lib/libasound_module_pcm_upmix.so
7fea2ae08000-7fea2ae09000 rw-p 00004000 08:02 2097968                    /usr/lib/x86_64-linux-gnu/alsa-lib/libasound_module_pcm_upmix.so
7fea2ae09000-7fea2ae0a000 r--p 00000000 08:02 2097966                    /usr/lib/x86_64-linux-gnu/alsa-lib/libasound_module_pcm_oss.so
7fea2ae0a000-7fea2ae0c000 r-xp 00001000 08:02 2097966                    /usr/lib/x86_64-linux-gnu/alsa-lib/libasound_module_pcm_oss.so
7fea2ae0c000-7fea2ae0d000 r--p 00003000 08:02 2097966                    /usr/lib/x86_64-linux-gnu/alsa-lib/libasound_module_pcm_oss.so
7fea2ae0d000-7fea2ae0e000 r--p 00003000 08:02 2097966                    /usr/lib/x86_64-linux-gnu/alsa-lib/libasound_module_pcm_oss.so
7fea2ae0e000-7fea2ae0f000 rw-p 00004000 08:02 2097966                    /usr/lib/x86_64-linux-gnu/alsa-lib/libasound_module_pcm_oss.so
7fea2ae0f000-7fea2ae10000 ---p 00000000 00:00 0 
7fea2ae10000-7fea2b610000 rw-p 00000000 00:00 0 
7fea2b610000-7fea2b614000 r--p 00000000 08:02 1449497                    /usr/lib/x86_64-linux-gnu/libgpg-error.so.0.28.0
7fea2b614000-7fea2b627000 r-xp 00004000 08:02 1449497                    /usr/lib/x86_64-linux-gnu/libgpg-error.so.0.28.0
7fea2b627000-7fea2b631000 r--p 00017000 08:02 1449497                    /usr/lib/x86_64-linux-gnu/libgpg-error.so.0.28.0
7fea2b631000-7fea2b632000 r--p 00020000 08:02 1449497                    /usr/lib/x86_64-linux-gnu/libgpg-error.so.0.28.0
7fea2b632000-7fea2b633000 rw-p 00021000 08:02 1449497                    /usr/lib/x86_64-linux-gnu/libgpg-error.so.0.28.0
7fea2b633000-7fea2b637000 r--p 00000000 08:02 1449109                    /usr/lib/x86_64-linux-gnu/libbsd.so.0.10.0
7fea2b637000-7fea2b646000 r-xp 00004000 08:02 1449109                    /usr/lib/x86_64-linux-gnu/libbsd.so.0.10.0
7fea2b646000-7fea2b649000 r--p 00013000 08:02 1449109                    /usr/lib/x86_64-linux-gnu/libbsd.so.0.10.0
7fea2b649000-7fea2b64a000 ---p 00016000 08:02 1449109                    /usr/lib/x86_64-linux-gnu/libbsd.so.0.10.0
7fea2b64a000-7fea2b64b000 r--p 00016000 08:02 1449109                    /usr/lib/x86_64-linux-gnu/libbsd.so.0.10.0
7fea2b64b000-7fea2b64c000 rw-p 00017000 08:02 1449109                    /usr/lib/x86_64-linux-gnu/libbsd.so.0.10.0
7fea2b64c000-7fea2b64d000 rw-p 00000000 00:00 0 
7fea2b64d000-7fea2b651000 r--p 00000000 08:02 1445806                    /usr/lib/x86_64-linux-gnu/libresolv-2.31.so
7fea2b651000-7fea2b661000 r-xp 00004000 08:02 1445806                    /usr/lib/x86_64-linux-gnu/libresolv-2.31.so
7fea2b661000-7fea2b665000 r--p 00014000 08:02 1445806                    /usr/lib/x86_64-linux-gnu/libresolv-2.31.so
7fea2b665000-7fea2b666000 r--p 00017000 08:02 1445806                    /usr/lib/x86_64-linux-gnu/libresolv-2.31.so
7fea2b666000-7fea2b667000 rw-p 00018000 08:02 1445806                    /usr/lib/x86_64-linux-gnu/libresolv-2.31.so
7fea2b667000-7fea2b669000 rw-p 00000000 00:00 0 
7fea2b669000-7fea2b67d000 r--p 00000000 08:02 1450341                    /usr/lib/x86_64-linux-gnu/libvorbisenc.so.2.0.11
7fea2b67d000-7fea2b680000 r-xp 00014000 08:02 1450341                    /usr/lib/x86_64-linux-gnu/libvorbisenc.so.2.0.11
7fea2b680000-7fea2b6f7000 r--p 00017000 08:02 1450341                    /usr/lib/x86_64-linux-gnu/libvorbisenc.so.2.0.11
7fea2b6f7000-7fea2b713000 r--p 0008d000 08:02 1450341                    /usr/lib/x86_64-linux-gnu/libvorbisenc.so.2.0.11
7fea2b713000-7fea2b714000 rw-p 000a9000 08:02 1450341                    /usr/lib/x86_64-linux-gnu/libvorbisenc.so.2.0.11
7fea2b714000-7fea2b717000 r--p 00000000 08:02 1450339                    /usr/lib/x86_64-linux-gnu/libvorbis.so.0.4.8
7fea2b717000-7fea2b72e000 r-xp 00003000 08:02 1450339                    /usr/lib/x86_64-linux-gnu/libvorbis.so.0.4.8
7fea2b72e000-7fea2b73f000 r--p 0001a000 08:02 1450339                    /usr/lib/x86_64-linux-gnu/libvorbis.so.0.4.8
7fea2b73f000-7fea2b740000 ---p 0002b000 08:02 1450339                    /usr/lib/x86_64-linux-gnu/libvorbis.so.0.4.8
7fea2b740000-7fea2b741000 r--p 0002b000 08:02 1450339                    /usr/lib/x86_64-linux-gnu/libvorbis.so.0.4.8
7fea2b741000-7fea2b742000 rw-p 0002c000 08:02 1450339                    /usr/lib/x86_64-linux-gnu/libvorbis.so.0.4.8
7fea2b742000-7fea2b744000 r--p 00000000 08:02 1449917                    /usr/lib/x86_64-linux-gnu/libogg.so.0.8.4
7fea2b744000-7fea2b749000 r-xp 00002000 08:02 1449917                    /usr/lib/x86_64-linux-gnu/libogg.so.0.8.4
7fea2b749000-7fea2b74c000 r--p 00007000 08:02 1449917                    /usr/lib/x86_64-linux-gnu/libogg.so.0.8.4
7fea2b74c000-7fea2b74d000 ---p 0000a000 08:02 1449917                    /usr/lib/x86_64-linux-gnu/libogg.so.0.8.4
7fea2b74d000-7fea2b74e000 r--p 0000a000 08:02 1449917                    /usr/lib/x86_64-linux-gnu/libogg.so.0.8.4
7fea2b74e000-7fea2b74f000 rw-p 0000b000 08:02 1449917                    /usr/lib/x86_64-linux-gnu/libogg.so.0.8.4
7fea2b74f000-7fea2b757000 r--p 00000000 08:02 1448904                    /usr/lib/x86_64-linux-gnu/libFLAC.so.8.3.0
7fea2b757000-7fea2b780000 r-xp 00008000 08:02 1448904                    /usr/lib/x86_64-linux-gnu/libFLAC.so.8.3.0
7fea2b780000-7fea2b78a000 r--p 00031000 08:02 1448904                    /usr/lib/x86_64-linux-gnu/libFLAC.so.8.3.0
7fea2b78a000-7fea2b78b000 ---p 0003b000 08:02 1448904                    /usr/lib/x86_64-linux-gnu/libFLAC.so.8.3.0
7fea2b78b000-7fea2b78c000 r--p 0003b000 08:02 1448904                    /usr/lib/x86_64-linux-gnu/libFLAC.so.8.3.0
7fea2b78c000-7fea2b78d000 rw-p 0003c000 08:02 1448904                    /usr/lib/x86_64-linux-gnu/libFLAC.so.8.3.0
7fea2b78d000-7fea2b791000 r--p 00000000 08:02 1445797                    /usr/lib/x86_64-linux-gnu/libnsl-2.31.so
7fea2b791000-7fea2b7a1000 r-xp 00004000 08:02 1445797                    /usr/lib/x86_64-linux-gnu/libnsl-2.31.so
7fea2b7a1000-7fea2b7a6000 r--p 00014000 08:02 1445797                    /usr/lib/x86_64-linux-gnu/libnsl-2.31.so
7fea2b7a6000-7fea2b7a7000 r--p 00018000 08:02 1445797                    /usr/lib/x86_64-linux-gnu/libnsl-2.31.so
7fea2b7a7000-7fea2b7a8000 rw-p 00019000 08:02 1445797                    /usr/lib/x86_64-linux-gnu/libnsl-2.31.so
7fea2b7a8000-7fea2b7aa000 rw-p 00000000 00:00 0 
7fea2b7aa000-7fea2b7b6000 r--p 00000000 08:02 1447651                    /usr/lib/x86_64-linux-gnu/libgcrypt.so.20.2.5
7fea2b7b6000-7fea2b884000 r-xp 0000c000 08:02 1447651                    /usr/lib/x86_64-linux-gnu/libgcrypt.so.20.2.5
7fea2b884000-7fea2b8c1000 r--p 000da000 08:02 1447651                    /usr/lib/x86_64-linux-gnu/libgcrypt.so.20.2.5
7fea2b8c1000-7fea2b8c3000 r--p 00116000 08:02 1447651                    /usr/lib/x86_64-linux-gnu/libgcrypt.so.20.2.5
7fea2b8c3000-7fea2b8c8000 rw-p 00118000 08:02 1447651                    /usr/lib/x86_64-linux-gnu/libgcrypt.so.20.2.5
7fea2b8c8000-7fea2b8ca000 r--p 00000000 08:02 1449762                    /usr/lib/x86_64-linux-gnu/liblz4.so.1.9.2
7fea2b8ca000-7fea2b8e4000 r-xp 00002000 08:02 1449762                    /usr/lib/x86_64-linux-gnu/liblz4.so.1.9.2
7fea2b8e4000-7fea2b8e7000 r--p 0001c000 08:02 1449762                    /usr/lib/x86_64-linux-gnu/liblz4.so.1.9.2
7fea2b8e7000-7fea2b8e8000 r--p 0001e000 08:02 1449762                    /usr/lib/x86_64-linux-gnu/liblz4.so.1.9.2
7fea2b8e8000-7fea2b8e9000 rw-p 0001f000 08:02 1449762                    /usr/lib/x86_64-linux-gnu/liblz4.so.1.9.2
7fea2b8e9000-7fea2b8ec000 r--p 00000000 08:02 1443497                    /usr/lib/x86_64-linux-gnu/liblzma.so.5.2.4
7fea2b8ec000-7fea2b904000 r-xp 00003000 08:02 1443497                    /usr/lib/x86_64-linux-gnu/liblzma.so.5.2.4
7fea2b904000-7fea2b90f000 r--p 0001b000 08:02 1443497                    /usr/lib/x86_64-linux-gnu/liblzma.so.5.2.4
7fea2b90f000-7fea2b910000 ---p 00026000 08:02 1443497                    /usr/lib/x86_64-linux-gnu/liblzma.so.5.2.4
7fea2b910000-7fea2b911000 r--p 00026000 08:02 1443497                    /usr/lib/x86_64-linux-gnu/liblzma.so.5.2.4
7fea2b911000-7fea2b912000 rw-p 00027000 08:02 1443497                    /usr/lib/x86_64-linux-gnu/liblzma.so.5.2.4
7fea2b912000-7fea2b914000 r--p 00000000 08:02 1448951                    /usr/lib/x86_64-linux-gnu/libXdmcp.so.6.0.0
7fea2b914000-7fea2b916000 r-xp 00002000 08:02 1448951                    /usr/lib/x86_64-linux-gnu/libXdmcp.so.6.0.0
7fea2b916000-7fea2b918000 r--p 00004000 08:02 1448951                    /usr/lib/x86_64-linux-gnu/libXdmcp.so.6.0.0
7fea2b918000-7fea2b919000 r--p 00005000 08:02 1448951                    /usr/lib/x86_64-linux-gnu/libXdmcp.so.6.0.0
7fea2b919000-7fea2b91a000 rw-p 00006000 08:02 1448951                    /usr/lib/x86_64-linux-gnu/libXdmcp.so.6.0.0
7fea2b91a000-7fea2b91d000 r--p 00000000 08:02 1449007                    /usr/lib/x86_64-linux-gnu/libapparmor.so.1.6.1
7fea2b91d000-7fea2b926000 r-xp 00003000 08:02 1449007                    /usr/lib/x86_64-linux-gnu/libapparmor.so.1.6.1
7fea2b926000-7fea2b92d000 r--p 0000c000 08:02 1449007                    /usr/lib/x86_64-linux-gnu/libapparmor.so.1.6.1
7fea2b92d000-7fea2b92e000 r--p 00012000 08:02 1449007                    /usr/lib/x86_64-linux-gnu/libapparmor.so.1.6.1
7fea2b92e000-7fea2b92f000 rw-p 00013000 08:02 1449007                    /usr/lib/x86_64-linux-gnu/libapparmor.so.1.6.1
7fea2b92f000-7fea2b934000 r-xp 00000000 08:02 1449028                    /usr/lib/x86_64-linux-gnu/libasyncns.so.0.3.1
7fea2b934000-7fea2bb33000 ---p 00005000 08:02 1449028                    /usr/lib/x86_64-linux-gnu/libasyncns.so.0.3.1
7fea2bb33000-7fea2bb34000 r--p 00004000 08:02 1449028                    /usr/lib/x86_64-linux-gnu/libasyncns.so.0.3.1
7fea2bb34000-7fea2bb35000 rw-p 00005000 08:02 1449028                    /usr/lib/x86_64-linux-gnu/libasyncns.so.0.3.1
7fea2bb35000-7fea2bb3c000 r--p 00000000 08:02 1450170                    /usr/lib/x86_64-linux-gnu/libsndfile.so.1.0.28
7fea2bb3c000-7fea2bb8f000 r-xp 00007000 08:02 1450170                    /usr/lib/x86_64-linux-gnu/libsndfile.so.1.0.28
7fea2bb8f000-7fea2bbac000 r--p 0005a000 08:02 1450170                    /usr/lib/x86_64-linux-gnu/libsndfile.so.1.0.28
7fea2bbac000-7fea2bbad000 ---p 00077000 08:02 1450170                    /usr/lib/x86_64-linux-gnu/libsndfile.so.1.0.28
7fea2bbad000-7fea2bbb0000 r--p 00077000 08:02 1450170                    /usr/lib/x86_64-linux-gnu/libsndfile.so.1.0.28
7fea2bbb0000-7fea2bbb1000 rw-p 0007a000 08:02 1450170                    /usr/lib/x86_64-linux-gnu/libsndfile.so.1.0.28
7fea2bbb1000-7fea2bbb3000 rw-p 00000000 00:00 0 
7fea2bbb3000-7fea2bbb6000 r--p 00000000 08:02 1450402                    /usr/lib/x86_64-linux-gnu/libwrap.so.0.7.6
7fea2bbb6000-7fea2bbbb000 r-xp 00003000 08:02 1450402                    /usr/lib/x86_64-linux-gnu/libwrap.so.0.7.6
7fea2bbbb000-7fea2bbbd000 r--p 00008000 08:02 1450402                    /usr/lib/x86_64-linux-gnu/libwrap.so.0.7.6
7fea2bbbd000-7fea2bbbe000 r--p 00009000 08:02 1450402                    /usr/lib/x86_64-linux-gnu/libwrap.so.0.7.6
7fea2bbbe000-7fea2bbbf000 rw-p 0000a000 08:02 1450402                    /usr/lib/x86_64-linux-gnu/libwrap.so.0.7.6
7fea2bbbf000-7fea2bbcf000 r--p 00000000 08:02 1446018                    /usr/lib/x86_64-linux-gnu/libsystemd.so.0.28.0
7fea2bbcf000-7fea2bc44000 r-xp 00010000 08:02 1446018                    /usr/lib/x86_64-linux-gnu/libsystemd.so.0.28.0
7fea2bc44000-7fea2bc69000 r--p 00085000 08:02 1446018                    /usr/lib/x86_64-linux-gnu/libsystemd.so.0.28.0
7fea2bc69000-7fea2bc6c000 r--p 000a9000 08:02 1446018                    /usr/lib/x86_64-linux-gnu/libsystemd.so.0.28.0
7fea2bc6c000-7fea2bc6d000 rw-p 000ac000 08:02 1446018                    /usr/lib/x86_64-linux-gnu/libsystemd.so.0.28.0
7fea2bc6d000-7fea2bc6e000 rw-p 00000000 00:00 0 
7fea2bc6e000-7fea2bc79000 r--p 00000000 08:02 1450442                    /usr/lib/x86_64-linux-gnu/libxcb.so.1.1.0
7fea2bc79000-7fea2bc8d000 r-xp 0000b000 08:02 1450442                    /usr/lib/x86_64-linux-gnu/libxcb.so.1.1.0
7fea2bc8d000-7fea2bc96000 r--p 0001f000 08:02 1450442                    /usr/lib/x86_64-linux-gnu/libxcb.so.1.1.0
7fea2bc96000-7fea2bc97000 r--p 00027000 08:02 1450442                    /usr/lib/x86_64-linux-gnu/libxcb.so.1.1.0
7fea2bc97000-7fea2bc98000 rw-p 00028000 08:02 1450442                    /usr/lib/x86_64-linux-gnu/libxcb.so.1.1.0
7fea2bc98000-7fea2bca3000 r--p 00000000 08:02 1442000                    /usr/lib/x86_64-linux-gnu/libdbus-1.so.3.19.11
7fea2bca3000-7fea2bcd1000 r-xp 0000b000 08:02 1442000                    /usr/lib/x86_64-linux-gnu/libdbus-1.so.3.19.11
7fea2bcd1000-7fea2bce6000 r--p 00039000 08:02 1442000                    /usr/lib/x86_64-linux-gnu/libdbus-1.so.3.19.11
7fea2bce6000-7fea2bce7000 ---p 0004e000 08:02 1442000                    /usr/lib/x86_64-linux-gnu/libdbus-1.so.3.19.11
7fea2bce7000-7fea2bce8000 r--p 0004e000 08:02 1442000                    /usr/lib/x86_64-linux-gnu/libdbus-1.so.3.19.11
7fea2bce8000-7fea2bce9000 rw-p 0004f000 08:02 1442000                    /usr/lib/x86_64-linux-gnu/libdbus-1.so.3.19.11
7fea2bce9000-7fea2bcfa000 r--p 00000000 08:02 2097637                    /usr/lib/x86_64-linux-gnu/pulseaudio/libpulsecommon-13.99.so
7fea2bcfa000-7fea2bd42000 r-xp 00011000 08:02 2097637                    /usr/lib/x86_64-linux-gnu/pulseaudio/libpulsecommon-13.99.so
7fea2bd42000-7fea2bd67000 r--p 00059000 08:02 2097637                    /usr/lib/x86_64-linux-gnu/pulseaudio/libpulsecommon-13.99.so
7fea2bd67000-7fea2bd68000 ---p 0007e000 08:02 2097637                    /usr/lib/x86_64-linux-gnu/pulseaudio/libpulsecommon-13.99.so
7fea2bd68000-7fea2bd6a000 r--p 0007e000 08:02 2097637                    /usr/lib/x86_64-linux-gnu/pulseaudio/libpulsecommon-13.99.so
7fea2bd6a000-7fea2bd6b000 rw-p 00080000 08:02 2097637                    /usr/lib/x86_64-linux-gnu/pulseaudio/libpulsecommon-13.99.so
7fea2bd6b000-7fea2bd77000 r--p 00000000 08:02 1442666                    /usr/lib/x86_64-linux-gnu/libpulse.so.0.21.2
7fea2bd77000-7fea2bda7000 r-xp 0000c000 08:02 1442666                    /usr/lib/x86_64-linux-gnu/libpulse.so.0.21.2
7fea2bda7000-7fea2bdbd000 r--p 0003c000 08:02 1442666                    /usr/lib/x86_64-linux-gnu/libpulse.so.0.21.2
7fea2bdbd000-7fea2bdbf000 r--p 00051000 08:02 1442666                    /usr/lib/x86_64-linux-gnu/libpulse.so.0.21.2
7fea2bdbf000-7fea2bdc0000 rw-p 00053000 08:02 1442666                    /usr/lib/x86_64-linux-gnu/libpulse.so.0.21.2
7fea2bdc0000-7fea2bdfd000 rw-p 00000000 00:00 0 
7fea2bdfd000-7fea2bdff000 r--p 00000000 08:02 2234013                    /usr/local/lib/libilbccodec.so.2
7fea2bdff000-7fea2be09000 r-xp 00002000 08:02 2234013                    /usr/local/lib/libilbccodec.so.2
7fea2be09000-7fea2be0b000 r--p 0000c000 08:02 2234013                    /usr/local/lib/libilbccodec.so.2
7fea2be0b000-7fea2be0c000 r--p 0000d000 08:02 2234013                    /usr/local/lib/libilbccodec.so.2
7fea2be0c000-7fea2be0e000 rw-p 0000e000 08:02 2234013                    /usr/local/lib/libilbccodec.so.2
7fea2be0e000-7fea2be0f000 r--p 00000000 08:02 2234009                    /usr/local/lib/libgsmcodec.so.2
7fea2be0f000-7fea2be17000 r-xp 00001000 08:02 2234009                    /usr/local/lib/libgsmcodec.so.2
7fea2be17000-7fea2be18000 r--p 00009000 08:02 2234009                    /usr/local/lib/libgsmcodec.so.2
7fea2be18000-7fea2be19000 r--p 00009000 08:02 2234009                    /usr/local/lib/libgsmcodec.so.2
7fea2be19000-7fea2be1a000 rw-p 0000a000 08:02 2234009                    /usr/local/lib/libgsmcodec.so.2
7fea2be1a000-7fea2be44000 r--p 00000000 08:02 1442673                    /usr/lib/x86_64-linux-gnu/libasound.so.2.0.0
7fea2be44000-7fea2bed3000 r-xp 0002a000 08:02 1442673                    /usr/lib/x86_64-linux-gnu/libasound.so.2.0.0
7fea2bed3000-7fea2bf0d000 r--p 000b9000 08:02 1442673                    /usr/lib/x86_64-linux-gnu/libasound.so.2.0.0
7fea2bf0d000-7fea2bf14000 r--p 000f2000 08:02 1442673                    /usr/lib/x86_64-linux-gnu/libasound.so.2.0.0
7fea2bf14000-7fea2bf15000 rw-p 000f9000 08:02 1442673                    /usr/lib/x86_64-linux-gnu/libasound.so.2.0.0
7fea2bf15000-7fea2bf31000 r--p 00000000 08:02 1444741                    /usr/lib/x86_64-linux-gnu/libssl.so.1.1
7fea2bf31000-7fea2bf80000 r-xp 0001c000 08:02 1444741                    /usr/lib/x86_64-linux-gnu/libssl.so.1.1
7fea2bf80000-7fea2bf9a000 r--p 0006b000 08:02 1444741                    /usr/lib/x86_64-linux-gnu/libssl.so.1.1
7fea2bf9a000-7fea2bf9b000 ---p 00085000 08:02 1444741                    /usr/lib/x86_64-linux-gnu/libssl.so.1.1
7fea2bf9b000-7fea2bfa4000 r--p 00085000 08:02 1444741                    /usr/lib/x86_64-linux-gnu/libssl.so.1.1
7fea2bfa4000-7fea2bfa8000 rw-p 0008e000 08:02 1444741                    /usr/lib/x86_64-linux-gnu/libssl.so.1.1
7fea2bfa8000-7fea2bfae000 r--p 00000000 08:02 2234019                    /usr/local/lib/libwebrtc.so.2
7fea2bfae000-7fea2bfc7000 r-xp 00006000 08:02 2234019                    /usr/local/lib/libwebrtc.so.2
7fea2bfc7000-7fea2bfcf000 r--p 0001f000 08:02 2234019                    /usr/local/lib/libwebrtc.so.2
7fea2bfcf000-7fea2bfd0000 r--p 00026000 08:02 2234019                    /usr/local/lib/libwebrtc.so.2
7fea2bfd0000-7fea2bfd1000 rw-p 00027000 08:02 2234019                    /usr/local/lib/libwebrtc.so.2
7fea2bfd1000-7fea2bfd7000 r--p 00000000 08:02 2234011                    /usr/local/lib/libspeex.so.2
7fea2bfd7000-7fea2bff5000 r-xp 00006000 08:02 2234011                    /usr/local/lib/libspeex.so.2
7fea2bff5000-7fea2bffd000 r--p 00024000 08:02 2234011                    /usr/local/lib/libspeex.so.2
7fea2bffd000-7fea2bffe000 ---p 0002c000 08:02 2234011                    /usr/local/lib/libspeex.so.2
7fea2bffe000-7fea2bfff000 r--p 0002c000 08:02 2234011                    /usr/local/lib/libspeex.so.2
7fea2bfff000-7fea2c000000 rw-p 0002d000 08:02 2234011                    /usr/local/lib/libspeex.so.2
7fea2c000000-7fea2c021000 rw-p 00000000 00:00 0 
7fea2c021000-7fea30000000 ---p 00000000 00:00 0 
7fea30000000-7fea30021000 rw-p 00000000 00:00 0 
7fea30021000-7fea34000000 ---p 00000000 00:00 0 
7fea34000000-7fea34237000 rw-p 00000000 00:00 0 
7fea34237000-7fea38000000 ---p 00000000 00:00 0 
7fea38000000-7fea381aa000 rw-p 00000000 00:00 0 
7fea381aa000-7fea3c000000 ---p 00000000 00:00 0 
7fea3c000000-7fea3c021000 rw-p 00000000 00:00 0 
7fea3c021000-7fea40000000 ---p 00000000 00:00 0 
7fea40000000-7fea40021000 rw-p 00000000 00:00 0 
7fea40021000-7fea44000000 ---p 00000000 00:00 0 
7fea44000000-7fea44021000 rw-p 00000000 00:00 0 
7fea44021000-7fea48000000 ---p 00000000 00:00 0 
7fea48000000-7fea48021000 rw-p 00000000 00:00 0 
7fea48021000-7fea4c000000 ---p 00000000 00:00 0 
7fea4c000000-7fea4c021000 rw-p 00000000 00:00 0 
7fea4c021000-7fea50000000 ---p 00000000 00:00 0 
7fea50000000-7fea50021000 rw-p 00000000 00:00 0 
7fea50021000-7fea54000000 ---p 00000000 00:00 0 
7fea54000000-7fea54021000 rw-p 00000000 00:00 0 
7fea54021000-7fea58000000 ---p 00000000 00:00 0 
7fea58000000-7fea58021000 rw-p 00000000 00:00 0 
7fea58021000-7fea5c000000 ---p 00000000 00:00 0 
7fea5c003000-7fea5c005000 r--p 00000000 08:02 1442187                    /usr/lib/x86_64-linux-gnu/libuuid.so.1.3.0
7fea5c005000-7fea5c009000 r-xp 00002000 08:02 1442187                    /usr/lib/x86_64-linux-gnu/libuuid.so.1.3.0
7fea5c009000-7fea5c00a000 r--p 00006000 08:02 1442187                    /usr/lib/x86_64-linux-gnu/libuuid.so.1.3.0
7fea5c00a000-7fea5c00b000 r--p 00006000 08:02 1442187                    /usr/lib/x86_64-linux-gnu/libuuid.so.1.3.0
7fea5c00b000-7fea5c00c000 rw-p 00007000 08:02 1442187                    /usr/lib/x86_64-linux-gnu/libuuid.so.1.3.0
7fea5c00c000-7fea5c00d000 r--p 00000000 08:02 2234007                    /usr/local/lib/libresample.so.2
7fea5c00d000-7fea5c00e000 r-xp 00001000 08:02 2234007                    /usr/local/lib/libresample.so.2
7fea5c00e000-7fea5c019000 r--p 00002000 08:02 2234007                    /usr/local/lib/libresample.so.2
7fea5c019000-7fea5c01a000 r--p 0000c000 08:02 2234007                    /usr/local/lib/libresample.so.2
7fea5c01a000-7fea5c01b000 rw-p 0000d000 08:02 2234007                    /usr/local/lib/libresample.so.2
7fea5c01b000-7fea5c020000 r--p 00000000 08:02 2234005                    /usr/local/lib/libsrtp.so.2
7fea5c020000-7fea5c02b000 r-xp 00005000 08:02 2234005                    /usr/local/lib/libsrtp.so.2
7fea5c02b000-7fea5c02f000 r--p 00010000 08:02 2234005                    /usr/local/lib/libsrtp.so.2
7fea5c02f000-7fea5c030000 r--p 00013000 08:02 2234005                    /usr/local/lib/libsrtp.so.2
7fea5c030000-7fea5c031000 rw-p 00014000 08:02 2234005                    /usr/local/lib/libsrtp.so.2
7fea5c031000-7fea5c0a9000 r--p 00000000 08:02 1442965                    /usr/lib/x86_64-linux-gnu/libcrypto.so.1.1
7fea5c0a9000-7fea5c244000 r-xp 00078000 08:02 1442965                    /usr/lib/x86_64-linux-gnu/libcrypto.so.1.1
7fea5c244000-7fea5c2d5000 r--p 00213000 08:02 1442965                    /usr/lib/x86_64-linux-gnu/libcrypto.so.1.1
7fea5c2d5000-7fea5c301000 r--p 002a3000 08:02 1442965                    /usr/lib/x86_64-linux-gnu/libcrypto.so.1.1
7fea5c301000-7fea5c303000 rw-p 002cf000 08:02 1442965                    /usr/lib/x86_64-linux-gnu/libcrypto.so.1.1
7fea5c303000-7fea5c307000 rw-p 00000000 00:00 0 
7fea5c307000-7fea5c30f000 r--p 00000000 08:02 2234039                    /usr/local/lib/libpjnath.so.2
7fea5c30f000-7fea5c32d000 r-xp 00008000 08:02 2234039                    /usr/local/lib/libpjnath.so.2
7fea5c32d000-7fea5c339000 r--p 00026000 08:02 2234039                    /usr/local/lib/libpjnath.so.2
7fea5c339000-7fea5c33a000 r--p 00031000 08:02 2234039                    /usr/local/lib/libpjnath.so.2
7fea5c33a000-7fea5c33c000 rw-p 00032000 08:02 2234039                    /usr/local/lib/libpjnath.so.2
7fea5c33c000-7fea5c33f000 r--p 00000000 08:02 2234031                    /usr/local/lib/libpjmedia-codec.so.2
7fea5c33f000-7fea5c347000 r-xp 00003000 08:02 2234031                    /usr/local/lib/libpjmedia-codec.so.2
7fea5c347000-7fea5c34a000 r--p 0000b000 08:02 2234031                    /usr/local/lib/libpjmedia-codec.so.2
7fea5c34a000-7fea5c34b000 r--p 0000d000 08:02 2234031                    /usr/local/lib/libpjmedia-codec.so.2
7fea5c34b000-7fea5c34c000 rw-p 0000e000 08:02 2234031                    /usr/local/lib/libpjmedia-codec.so.2
7fea5c34c000-7fea5c358000 r--p 00000000 08:02 2234043                    /usr/local/lib/libpj.so.2
7fea5c358000-7fea5c376000 r-xp 0000c000 08:02 2234043                    /usr/local/lib/libpj.so.2
7fea5c376000-7fea5c381000 r--p 0002a000 08:02 2234043                    /usr/local/lib/libpj.so.2
7fea5c381000-7fea5c382000 ---p 00035000 08:02 2234043                    /usr/local/lib/libpj.so.2
7fea5c382000-7fea5c383000 r--p 00035000 08:02 2234043                    /usr/local/lib/libpj.so.2
7fea5c383000-7fea5c384000 rw-p 00036000 08:02 2234043                    /usr/local/lib/libpj.so.2
7fea5c384000-7fea5c386000 rw-p 00000000 00:00 0 
7fea5c386000-7fea5c394000 r--p 00000000 08:02 2234035                    /usr/local/lib/libpjmedia.so.2
7fea5c394000-7fea5c3cc000 r-xp 0000e000 08:02 2234035                    /usr/local/lib/libpjmedia.so.2
7fea5c3cc000-7fea5c3e9000 r--p 00046000 08:02 2234035                    /usr/local/lib/libpjmedia.so.2
7fea5c3e9000-7fea5c3ea000 ---p 00063000 08:02 2234035                    /usr/local/lib/libpjmedia.so.2
7fea5c3ea000-7fea5c3eb000 r--p 00063000 08:02 2234035                    /usr/local/lib/libpjmedia.so.2
7fea5c3eb000-7fea5c3ed000 rw-p 00064000 08:02 2234035                    /usr/local/lib/libpjmedia.so.2
7fea5c3ed000-7fea5c3ee000 rw-p 00000000 00:00 0 
7fea5c3ee000-7fea5c3fc000 r--p 00000000 08:02 2234029                    /usr/local/lib/libpjsip.so.2
7fea5c3fc000-7fea5c42c000 r-xp 0000e000 08:02 2234029                    /usr/local/lib/libpjsip.so.2
7fea5c42c000-7fea5c43d000 r--p 0003e000 08:02 2234029                    /usr/local/lib/libpjsip.so.2
7fea5c43d000-7fea5c43f000 r--p 0004e000 08:02 2234029                    /usr/local/lib/libpjsip.so.2
7fea5c43f000-7fea5c441000 rw-p 00050000 08:02 2234029                    /usr/local/lib/libpjsip.so.2
7fea5c441000-7fea5c446000 rw-p 00000000 00:00 0 
7fea5c446000-7fea5c454000 r--p 00000000 08:02 2234023                    /usr/local/lib/libpjsua.so.2
7fea5c454000-7fea5c489000 r-xp 0000e000 08:02 2234023                    /usr/local/lib/libpjsua.so.2
7fea5c489000-7fea5c496000 r--p 00043000 08:02 2234023                    /usr/local/lib/libpjsua.so.2
7fea5c496000-7fea5c497000 r--p 0004f000 08:02 2234023                    /usr/local/lib/libpjsua.so.2
7fea5c497000-7fea5c499000 rw-p 00050000 08:02 2234023                    /usr/local/lib/libpjsua.so.2
7fea5c499000-7fea5c57b000 rw-p 00000000 00:00 0 
7fea5c57b000-7fea5c597000 r--p 00000000 08:02 2234021                    /usr/local/lib/libpjsua2.so.2
7fea5c597000-7fea5c5eb000 r-xp 0001c000 08:02 2234021                    /usr/local/lib/libpjsua2.so.2
7fea5c5eb000-7fea5c600000 r--p 00070000 08:02 2234021                    /usr/local/lib/libpjsua2.so.2
7fea5c600000-7fea5c602000 r--p 00084000 08:02 2234021                    /usr/local/lib/libpjsua2.so.2
7fea5c602000-7fea5c604000 rw-p 00086000 08:02 2234021                    /usr/local/lib/libpjsua2.so.2
7fea5c604000-7fea5c653000 r--p 00000000 08:02 1444779                    /usr/lib/libpjsua2.so
7fea5c653000-7fea5c6df000 r-xp 0004f000 08:02 1444779                    /usr/lib/libpjsua2.so
7fea5c6df000-7fea5c715000 r--p 000db000 08:02 1444779                    /usr/lib/libpjsua2.so
7fea5c715000-7fea5c716000 ---p 00111000 08:02 1444779                    /usr/lib/libpjsua2.so
7fea5c716000-7fea5c717000 r--p 00111000 08:02 1444779                    /usr/lib/libpjsua2.so
7fea5c717000-7fea5c719000 rw-p 00112000 08:02 1444779                    /usr/lib/libpjsua2.so
7fea5c719000-7fea5c882000 r-xp 00000000 08:02 1444772                    /usr/lib/libopenh264.so
7fea5c882000-7fea5ca82000 ---p 00169000 08:02 1444772                    /usr/lib/libopenh264.so
7fea5ca82000-7fea5ca85000 r--p 00169000 08:02 1444772                    /usr/lib/libopenh264.so
7fea5ca85000-7fea5ca87000 rw-p 0016c000 08:02 1444772                    /usr/lib/libopenh264.so
7fea5ca87000-7fea5ca8b000 ---p 00000000 00:00 0 
7fea5ca8b000-7fea5cb88000 rw-p 00000000 00:00 0 
7fea5cb88000-7fea5cb89000 ---p 00000000 00:00 0 
7fea5cb89000-7fea5cc8a000 rw-p 00000000 00:00 0 
7fea5cc8a000-7fea5cc8e000 ---p 00000000 00:00 0 
7fea5cc8e000-7fea5cd8b000 rw-p 00000000 00:00 0 
7fea5cd8b000-7fea5cd8f000 ---p 00000000 00:00 0 
7fea5cd8f000-7fea5ce8c000 rw-p 00000000 00:00 0 
7fea5ce8c000-7fea5ce90000 ---p 00000000 00:00 0 
7fea5ce90000-7fea5cf8d000 rw-p 00000000 00:00 0 
7fea5cf8d000-7fea5cf91000 ---p 00000000 00:00 0 
7fea5cf91000-7fea5d08e000 rw-p 00000000 00:00 0 
7fea5d08e000-7fea5d092000 ---p 00000000 00:00 0 
7fea5d092000-7fea5d18f000 rw-p 00000000 00:00 0 
7fea5d18f000-7fea5d6ff000 r--p 00000000 08:02 1444832                    /usr/lib/locale/locale-archive
7fea5d6ff000-7fea5d703000 ---p 00000000 00:00 0 
7fea5d703000-7fea5dd00000 rw-p 00000000 00:00 0 
7fea5dd00000-7fea5e000000 ---p 00000000 00:00 0 
7fea5e000000-7fea60000000 rw-p 00000000 00:00 0 
7fea60000000-7fea60021000 rw-p 00000000 00:00 0 
7fea60021000-7fea64000000 ---p 00000000 00:00 0 
7fea64002000-7fea64008000 r--p 00000000 08:02 2234025                    /usr/local/lib/libpjsip-ua.so.2
7fea64008000-7fea6401a000 r-xp 00006000 08:02 2234025                    /usr/local/lib/libpjsip-ua.so.2
7fea6401a000-7fea64020000 r--p 00018000 08:02 2234025                    /usr/local/lib/libpjsip-ua.so.2
7fea64020000-7fea64021000 r--p 0001d000 08:02 2234025                    /usr/local/lib/libpjsip-ua.so.2
7fea64021000-7fea64022000 rw-p 0001e000 08:02 2234025                    /usr/local/lib/libpjsip-ua.so.2
7fea64022000-7fea64029000 r--p 00000000 08:02 2234041                    /usr/local/lib/libpjlib-util.so.2
7fea64029000-7fea64043000 r-xp 00007000 08:02 2234041                    /usr/local/lib/libpjlib-util.so.2
7fea64043000-7fea6404b000 r--p 00021000 08:02 2234041                    /usr/local/lib/libpjlib-util.so.2
7fea6404b000-7fea6404c000 r--p 00028000 08:02 2234041                    /usr/local/lib/libpjlib-util.so.2
7fea6404c000-7fea6404d000 rw-p 00029000 08:02 2234041                    /usr/local/lib/libpjlib-util.so.2
7fea6404d000-7fea64053000 r--p 00000000 08:02 2234027                    /usr/local/lib/libpjsip-simple.so.2
7fea64053000-7fea6405e000 r-xp 00006000 08:02 2234027                    /usr/local/lib/libpjsip-simple.so.2
7fea6405e000-7fea64062000 r--p 00011000 08:02 2234027                    /usr/local/lib/libpjsip-simple.so.2
7fea64062000-7fea64063000 ---p 00015000 08:02 2234027                    /usr/local/lib/libpjsip-simple.so.2
7fea64063000-7fea64064000 r--p 00015000 08:02 2234027                    /usr/local/lib/libpjsip-simple.so.2
7fea64064000-7fea64065000 rw-p 00016000 08:02 2234027                    /usr/local/lib/libpjsip-simple.so.2
7fea64066000-7fea64068000 r--p 00000000 08:02 2097965                    /usr/lib/x86_64-linux-gnu/alsa-lib/libasound_module_pcm_jack.so
7fea64068000-7fea6406a000 r-xp 00002000 08:02 2097965                    /usr/lib/x86_64-linux-gnu/alsa-lib/libasound_module_pcm_jack.so
7fea6406a000-7fea6406b000 r--p 00004000 08:02 2097965                    /usr/lib/x86_64-linux-gnu/alsa-lib/libasound_module_pcm_jack.so
7fea6406b000-7fea6406c000 r--p 00004000 08:02 2097965                    /usr/lib/x86_64-linux-gnu/alsa-lib/libasound_module_pcm_jack.so
7fea6406c000-7fea6406d000 rw-p 00005000 08:02 2097965                    /usr/lib/x86_64-linux-gnu/alsa-lib/libasound_module_pcm_jack.so
7fea6406d000-7fea6406e000 r--p 00000000 08:02 2097976                    /usr/lib/x86_64-linux-gnu/alsa-lib/libasound_module_rate_speexrate.so
7fea6406e000-7fea64071000 r-xp 00001000 08:02 2097976                    /usr/lib/x86_64-linux-gnu/alsa-lib/libasound_module_rate_speexrate.so
7fea64071000-7fea64072000 r--p 00004000 08:02 2097976                    /usr/lib/x86_64-linux-gnu/alsa-lib/libasound_module_rate_speexrate.so
7fea64072000-7fea64073000 r--p 00004000 08:02 2097976                    /usr/lib/x86_64-linux-gnu/alsa-lib/libasound_module_rate_speexrate.so
7fea64073000-7fea64074000 rw-p 00005000 08:02 2097976                    /usr/lib/x86_64-linux-gnu/alsa-lib/libasound_module_rate_speexrate.so
7fea64074000-7fea64076000 r--p 00000000 08:02 2097967                    /usr/lib/x86_64-linux-gnu/alsa-lib/libasound_module_pcm_pulse.so
7fea64076000-7fea64079000 r-xp 00002000 08:02 2097967                    /usr/lib/x86_64-linux-gnu/alsa-lib/libasound_module_pcm_pulse.so
7fea64079000-7fea6407a000 r--p 00005000 08:02 2097967                    /usr/lib/x86_64-linux-gnu/alsa-lib/libasound_module_pcm_pulse.so
7fea6407a000-7fea6407b000 ---p 00006000 08:02 2097967                    /usr/lib/x86_64-linux-gnu/alsa-lib/libasound_module_pcm_pulse.so
7fea6407b000-7fea6407c000 r--p 00006000 08:02 2097967                    /usr/lib/x86_64-linux-gnu/alsa-lib/libasound_module_pcm_pulse.so
7fea6407c000-7fea6407d000 rw-p 00007000 08:02 2097967                    /usr/lib/x86_64-linux-gnu/alsa-lib/libasound_module_pcm_pulse.so
7fea6407d000-7fea64084000 r--s 00000000 08:02 2102563                    /usr/lib/x86_64-linux-gnu/gconv/gconv-modules.cache
7fea64084000-7fea640b5000 rw-p 00000000 00:00 0 
7fea640b5000-7fea640b9000 r--p 00000000 08:02 1447901                    /usr/lib/jvm/java-11-openjdk-amd64/lib/libnet.so
7fea640b9000-7fea640c7000 r-xp 00004000 08:02 1447901                    /usr/lib/jvm/java-11-openjdk-amd64/lib/libnet.so
7fea640c7000-7fea640cb000 r--p 00012000 08:02 1447901                    /usr/lib/jvm/java-11-openjdk-amd64/lib/libnet.so
7fea640cb000-7fea640cc000 r--p 00015000 08:02 1447901                    /usr/lib/jvm/java-11-openjdk-amd64/lib/libnet.so
7fea640cc000-7fea640cd000 rw-p 00016000 08:02 1447901                    /usr/lib/jvm/java-11-openjdk-amd64/lib/libnet.so
7fea640cd000-7fea640d1000 ---p 00000000 00:00 0 
7fea640d1000-7fea641ce000 rw-p 00000000 00:00 0 
7fea641ce000-7fea641cf000 ---p 00000000 00:00 0 
7fea641cf000-7fea644c0000 rw-p 00000000 00:00 0 
7fea644c0000-7fea66160000 ---p 00000000 00:00 0 
7fea66160000-7fea66358000 rw-p 00000000 00:00 0 
7fea66358000-7fea67ff8000 ---p 00000000 00:00 0 
7fea67ff8000-7fea68000000 rw-p 00000000 00:00 0 
7fea68000000-7fea68021000 rw-p 00000000 00:00 0 
7fea68021000-7fea6c000000 ---p 00000000 00:00 0 
7fea6c000000-7fea6c001000 r--p 00000000 08:02 1448940                    /usr/lib/x86_64-linux-gnu/libXau.so.6.0.0
7fea6c001000-7fea6c003000 r-xp 00001000 08:02 1448940                    /usr/lib/x86_64-linux-gnu/libXau.so.6.0.0
7fea6c003000-7fea6c004000 r--p 00003000 08:02 1448940                    /usr/lib/x86_64-linux-gnu/libXau.so.6.0.0
7fea6c004000-7fea6c005000 r--p 00003000 08:02 1448940                    /usr/lib/x86_64-linux-gnu/libXau.so.6.0.0
7fea6c005000-7fea6c006000 rw-p 00004000 08:02 1448940                    /usr/lib/x86_64-linux-gnu/libXau.so.6.0.0
7fea6c006000-7fea6c008000 r--p 00000000 08:02 2234037                    /usr/local/lib/libpjmedia-audiodev.so.2
7fea6c008000-7fea6c00c000 r-xp 00002000 08:02 2234037                    /usr/local/lib/libpjmedia-audiodev.so.2
7fea6c00c000-7fea6c00d000 r--p 00006000 08:02 2234037                    /usr/local/lib/libpjmedia-audiodev.so.2
7fea6c00d000-7fea6c00e000 ---p 00007000 08:02 2234037                    /usr/local/lib/libpjmedia-audiodev.so.2
7fea6c00e000-7fea6c00f000 r--p 00007000 08:02 2234037                    /usr/local/lib/libpjmedia-audiodev.so.2
7fea6c00f000-7fea6c010000 rw-p 00008000 08:02 2234037                    /usr/local/lib/libpjmedia-audiodev.so.2
7fea6c010000-7fea6c114000 rw-p 00000000 00:00 0 
7fea6c114000-7fea6c115000 ---p 00000000 00:00 0 
7fea6c115000-7fea6c216000 rw-p 00000000 00:00 0 
7fea6c216000-7fea6c217000 ---p 00000000 00:00 0 
7fea6c217000-7fea6c71c000 rw-p 00000000 00:00 0 
7fea6c71c000-7fea6c71d000 ---p 00000000 00:00 0 
7fea6c71d000-7fea6c81e000 rw-p 00000000 00:00 0 
7fea6c81e000-7fea6ca8e000 rwxp 00000000 00:00 0 
7fea6ca8e000-7fea6cdae000 ---p 00000000 00:00 0 
7fea6cdae000-7fea6d01e000 rwxp 00000000 00:00 0 
7fea6d01e000-7fea742e6000 ---p 00000000 00:00 0 
7fea742e6000-7fea74556000 rwxp 00000000 00:00 0 
7fea74556000-7fea7b81e000 ---p 00000000 00:00 0 
7fea7b81e000-7fea84000000 r--s 00000000 08:02 1447911                    /usr/lib/jvm/java-11-openjdk-amd64/lib/modules
7fea84000000-7fea84319000 rw-p 00000000 00:00 0 
7fea84319000-7fea88000000 ---p 00000000 00:00 0 
7fea88002000-7fea88003000 r--p 00000000 08:02 2097971                    /usr/lib/x86_64-linux-gnu/alsa-lib/libasound_module_rate_samplerate.so
7fea88003000-7fea88004000 r-xp 00001000 08:02 2097971                    /usr/lib/x86_64-linux-gnu/alsa-lib/libasound_module_rate_samplerate.so
7fea88004000-7fea88005000 r--p 00002000 08:02 2097971                    /usr/lib/x86_64-linux-gnu/alsa-lib/libasound_module_rate_samplerate.so
7fea88005000-7fea88006000 r--p 00002000 08:02 2097971                    /usr/lib/x86_64-linux-gnu/alsa-lib/libasound_module_rate_samplerate.so
7fea88006000-7fea88007000 rw-p 00003000 08:02 2097971                    /usr/lib/x86_64-linux-gnu/alsa-lib/libasound_module_rate_samplerate.so
7fea88008000-7fea8800f000 r--p 00000000 08:02 1447902                    /usr/lib/jvm/java-11-openjdk-amd64/lib/libnio.so
7fea8800f000-7fea88017000 r-xp 00007000 08:02 1447902                    /usr/lib/jvm/java-11-openjdk-amd64/lib/libnio.so
7fea88017000-7fea8801a000 r--p 0000f000 08:02 1447902                    /usr/lib/jvm/java-11-openjdk-amd64/lib/libnio.so
7fea8801a000-7fea8801b000 r--p 00011000 08:02 1447902                    /usr/lib/jvm/java-11-openjdk-amd64/lib/libnio.so
7fea8801b000-7fea8801c000 rw-p 00012000 08:02 1447902                    /usr/lib/jvm/java-11-openjdk-amd64/lib/libnio.so
7fea8801c000-7fea8805e000 rw-p 00000000 00:00 0 
7fea8805e000-7fea8805f000 ---p 00000000 00:00 0 
7fea8805f000-7fea881e0000 rw-p 00000000 00:00 0 
7fea881e0000-7fea88574000 ---p 00000000 00:00 0 
7fea88574000-7fea885b3000 rw-p 00000000 00:00 0 
7fea885b3000-7fea88947000 ---p 00000000 00:00 0 
7fea88947000-7fea88986000 rw-p 00000000 00:00 0 
7fea88986000-7fea88d1a000 ---p 00000000 00:00 0 
7fea88d1a000-7fea8911f000 rw-p 00000000 00:00 0 
7fea8911f000-7fea89120000 ---p 00000000 00:00 0 
7fea89120000-7fea89226000 rw-p 00000000 00:00 0 
7fea89226000-7fea8930c000 ---p 00000000 00:00 0 
7fea8930c000-7fea89311000 rw-p 00000000 00:00 0 
7fea89311000-7fea893f7000 ---p 00000000 00:00 0 
7fea893f7000-7fea893fa000 r--p 00000000 08:02 1445800                    /usr/lib/x86_64-linux-gnu/libnss_files-2.31.so
7fea893fa000-7fea89401000 r-xp 00003000 08:02 1445800                    /usr/lib/x86_64-linux-gnu/libnss_files-2.31.so
7fea89401000-7fea89403000 r--p 0000a000 08:02 1445800                    /usr/lib/x86_64-linux-gnu/libnss_files-2.31.so
7fea89403000-7fea89404000 r--p 0000b000 08:02 1445800                    /usr/lib/x86_64-linux-gnu/libnss_files-2.31.so
7fea89404000-7fea89405000 rw-p 0000c000 08:02 1445800                    /usr/lib/x86_64-linux-gnu/libnss_files-2.31.so
7fea89405000-7fea89410000 rw-p 00000000 00:00 0 
7fea89410000-7fea89417000 ---p 00000000 00:00 0 
7fea89417000-7fea89419000 r--p 00000000 08:02 1447910                    /usr/lib/jvm/java-11-openjdk-amd64/lib/libzip.so
7fea89419000-7fea8941e000 r-xp 00002000 08:02 1447910                    /usr/lib/jvm/java-11-openjdk-amd64/lib/libzip.so
7fea8941e000-7fea89420000 r--p 00007000 08:02 1447910                    /usr/lib/jvm/java-11-openjdk-amd64/lib/libzip.so
7fea89420000-7fea89421000 r--p 00008000 08:02 1447910                    /usr/lib/jvm/java-11-openjdk-amd64/lib/libzip.so
7fea89421000-7fea89422000 rw-p 00009000 08:02 1447910                    /usr/lib/jvm/java-11-openjdk-amd64/lib/libzip.so
7fea89422000-7fea8942a000 rw-s 00000000 08:02 9445683                    /tmp/hsperfdata_user/9073
7fea8942a000-7fea89438000 r--p 00000000 08:02 1447890                    /usr/lib/jvm/java-11-openjdk-amd64/lib/libjava.so
7fea89438000-7fea8944e000 r-xp 0000e000 08:02 1447890                    /usr/lib/jvm/java-11-openjdk-amd64/lib/libjava.so
7fea8944e000-7fea89455000 r--p 00024000 08:02 1447890                    /usr/lib/jvm/java-11-openjdk-amd64/lib/libjava.so
7fea89455000-7fea89456000 r--p 0002a000 08:02 1447890                    /usr/lib/jvm/java-11-openjdk-amd64/lib/libjava.so
7fea89456000-7fea89457000 rw-p 0002b000 08:02 1447890                    /usr/lib/jvm/java-11-openjdk-amd64/lib/libjava.so
7fea89457000-7fea89458000 rw-p 00000000 00:00 0 
7fea89458000-7fea8945a000 r--p 00000000 08:02 1445807                    /usr/lib/x86_64-linux-gnu/librt-2.31.so
7fea8945a000-7fea8945e000 r-xp 00002000 08:02 1445807                    /usr/lib/x86_64-linux-gnu/librt-2.31.so
7fea8945e000-7fea89460000 r--p 00006000 08:02 1445807                    /usr/lib/x86_64-linux-gnu/librt-2.31.so
7fea89460000-7fea89461000 r--p 00007000 08:02 1445807                    /usr/lib/x86_64-linux-gnu/librt-2.31.so
7fea89461000-7fea89462000 rw-p 00008000 08:02 1445807                    /usr/lib/x86_64-linux-gnu/librt-2.31.so
7fea89462000-7fea89466000 ---p 00000000 00:00 0 
7fea89466000-7fea89563000 rw-p 00000000 00:00 0 
7fea89563000-7fea89566000 r--p 00000000 08:02 1449406                    /usr/lib/x86_64-linux-gnu/libgcc_s.so.1
7fea89566000-7fea89578000 r-xp 00003000 08:02 1449406                    /usr/lib/x86_64-linux-gnu/libgcc_s.so.1
7fea89578000-7fea8957c000 r--p 00015000 08:02 1449406                    /usr/lib/x86_64-linux-gnu/libgcc_s.so.1
7fea8957c000-7fea8957d000 r--p 00018000 08:02 1449406                    /usr/lib/x86_64-linux-gnu/libgcc_s.so.1
7fea8957d000-7fea8957e000 rw-p 00019000 08:02 1449406                    /usr/lib/x86_64-linux-gnu/libgcc_s.so.1
7fea8957e000-7fea8958b000 r--p 00000000 08:02 1445794                    /usr/lib/x86_64-linux-gnu/libm-2.31.so
7fea8958b000-7fea89632000 r-xp 0000d000 08:02 1445794                    /usr/lib/x86_64-linux-gnu/libm-2.31.so
7fea89632000-7fea896cb000 r--p 000b4000 08:02 1445794                    /usr/lib/x86_64-linux-gnu/libm-2.31.so
7fea896cb000-7fea896cc000 r--p 0014c000 08:02 1445794                    /usr/lib/x86_64-linux-gnu/libm-2.31.so
7fea896cc000-7fea896cd000 rw-p 0014d000 08:02 1445794                    /usr/lib/x86_64-linux-gnu/libm-2.31.so
7fea896cd000-7fea89763000 r--p 00000000 08:02 1450209                    /usr/lib/x86_64-linux-gnu/libstdc++.so.6.0.28
7fea89763000-7fea89854000 r-xp 00096000 08:02 1450209                    /usr/lib/x86_64-linux-gnu/libstdc++.so.6.0.28
7fea89854000-7fea8989d000 r--p 00187000 08:02 1450209                    /usr/lib/x86_64-linux-gnu/libstdc++.so.6.0.28
7fea8989d000-7fea8989e000 ---p 001d0000 08:02 1450209                    /usr/lib/x86_64-linux-gnu/libstdc++.so.6.0.28
7fea8989e000-7fea898a9000 r--p 001d0000 08:02 1450209                    /usr/lib/x86_64-linux-gnu/libstdc++.so.6.0.28
7fea898a9000-7fea898ac000 rw-p 001db000 08:02 1450209                    /usr/lib/x86_64-linux-gnu/libstdc++.so.6.0.28
7fea898ac000-7fea898af000 rw-p 00000000 00:00 0 
7fea898af000-7fea89b31000 r--p 00000000 08:02 1447914                    /usr/lib/jvm/java-11-openjdk-amd64/lib/server/libjvm.so
7fea89b31000-7fea8a7b7000 r-xp 00282000 08:02 1447914                    /usr/lib/jvm/java-11-openjdk-amd64/lib/server/libjvm.so
7fea8a7b7000-7fea8aa13000 r--p 00f08000 08:02 1447914                    /usr/lib/jvm/java-11-openjdk-amd64/lib/server/libjvm.so
7fea8aa13000-7fea8aad7000 r--p 01163000 08:02 1447914                    /usr/lib/jvm/java-11-openjdk-amd64/lib/server/libjvm.so
7fea8aad7000-7fea8ab12000 rw-p 01227000 08:02 1447914                    /usr/lib/jvm/java-11-openjdk-amd64/lib/server/libjvm.so
7fea8ab12000-7fea8ab6b000 rw-p 00000000 00:00 0 
7fea8ab6b000-7fea8ab71000 r--p 00000000 08:02 1445805                    /usr/lib/x86_64-linux-gnu/libpthread-2.31.so
7fea8ab71000-7fea8ab82000 r-xp 00006000 08:02 1445805                    /usr/lib/x86_64-linux-gnu/libpthread-2.31.so
7fea8ab82000-7fea8ab88000 r--p 00017000 08:02 1445805                    /usr/lib/x86_64-linux-gnu/libpthread-2.31.so
7fea8ab88000-7fea8ab89000 r--p 0001c000 08:02 1445805                    /usr/lib/x86_64-linux-gnu/libpthread-2.31.so
7fea8ab89000-7fea8ab8a000 rw-p 0001d000 08:02 1445805                    /usr/lib/x86_64-linux-gnu/libpthread-2.31.so
7fea8ab8a000-7fea8ab8e000 rw-p 00000000 00:00 0 
7fea8ab8e000-7fea8ab8f000 r--p 00000000 08:02 1445793                    /usr/lib/x86_64-linux-gnu/libdl-2.31.so
7fea8ab8f000-7fea8ab91000 r-xp 00001000 08:02 1445793                    /usr/lib/x86_64-linux-gnu/libdl-2.31.so
7fea8ab91000-7fea8ab92000 r--p 00003000 08:02 1445793                    /usr/lib/x86_64-linux-gnu/libdl-2.31.so
7fea8ab92000-7fea8ab93000 r--p 00003000 08:02 1445793                    /usr/lib/x86_64-linux-gnu/libdl-2.31.so
7fea8ab93000-7fea8ab94000 rw-p 00004000 08:02 1445793                    /usr/lib/x86_64-linux-gnu/libdl-2.31.so
7fea8ab94000-7fea8ab96000 r--p 00000000 08:02 1445493                    /usr/lib/x86_64-linux-gnu/libz.so.1.2.11
7fea8ab96000-7fea8aba7000 r-xp 00002000 08:02 1445493                    /usr/lib/x86_64-linux-gnu/libz.so.1.2.11
7fea8aba7000-7fea8abad000 r--p 00013000 08:02 1445493                    /usr/lib/x86_64-linux-gnu/libz.so.1.2.11
7fea8abad000-7fea8abae000 ---p 00019000 08:02 1445493                    /usr/lib/x86_64-linux-gnu/libz.so.1.2.11
7fea8abae000-7fea8abaf000 r--p 00019000 08:02 1445493                    /usr/lib/x86_64-linux-gnu/libz.so.1.2.11
7fea8abaf000-7fea8abb0000 rw-p 0001a000 08:02 1445493                    /usr/lib/x86_64-linux-gnu/libz.so.1.2.11
7fea8abb0000-7fea8abd2000 r--p 00000000 08:02 1445792                    /usr/lib/x86_64-linux-gnu/libc-2.31.so
7fea8abd2000-7fea8ad4a000 r-xp 00022000 08:02 1445792                    /usr/lib/x86_64-linux-gnu/libc-2.31.so
7fea8ad4a000-7fea8ad98000 r--p 0019a000 08:02 1445792                    /usr/lib/x86_64-linux-gnu/libc-2.31.so
7fea8ad98000-7fea8ad9c000 r--p 001e7000 08:02 1445792                    /usr/lib/x86_64-linux-gnu/libc-2.31.so
7fea8ad9c000-7fea8ad9e000 rw-p 001eb000 08:02 1445792                    /usr/lib/x86_64-linux-gnu/libc-2.31.so
7fea8ad9e000-7fea8ada2000 rw-p 00000000 00:00 0 
7fea8ada2000-7fea8ada4000 r--s 0000c000 08:02 2235382                    /usr/share/java/java-atk-wrapper.jar
7fea8ada4000-7fea8ada5000 ---p 00000000 00:00 0 
7fea8ada5000-7fea8ada6000 r--p 00000000 00:00 0 
7fea8ada6000-7fea8ada8000 r--p 00000000 08:02 1447893                    /usr/lib/jvm/java-11-openjdk-amd64/lib/libjimage.so
7fea8ada8000-7fea8adab000 r-xp 00002000 08:02 1447893                    /usr/lib/jvm/java-11-openjdk-amd64/lib/libjimage.so
7fea8adab000-7fea8adac000 r--p 00005000 08:02 1447893                    /usr/lib/jvm/java-11-openjdk-amd64/lib/libjimage.so
7fea8adac000-7fea8adad000 ---p 00006000 08:02 1447893                    /usr/lib/jvm/java-11-openjdk-amd64/lib/libjimage.so
7fea8adad000-7fea8adae000 r--p 00006000 08:02 1447893                    /usr/lib/jvm/java-11-openjdk-amd64/lib/libjimage.so
7fea8adae000-7fea8adaf000 rw-p 00007000 08:02 1447893                    /usr/lib/jvm/java-11-openjdk-amd64/lib/libjimage.so
7fea8adaf000-7fea8adb4000 r--p 00000000 08:02 1447909                    /usr/lib/jvm/java-11-openjdk-amd64/lib/libverify.so
7fea8adb4000-7fea8adbb000 r-xp 00005000 08:02 1447909                    /usr/lib/jvm/java-11-openjdk-amd64/lib/libverify.so
7fea8adbb000-7fea8adbd000 r--p 0000c000 08:02 1447909                    /usr/lib/jvm/java-11-openjdk-amd64/lib/libverify.so
7fea8adbd000-7fea8adbe000 ---p 0000e000 08:02 1447909                    /usr/lib/jvm/java-11-openjdk-amd64/lib/libverify.so
7fea8adbe000-7fea8adc0000 r--p 0000e000 08:02 1447909                    /usr/lib/jvm/java-11-openjdk-amd64/lib/libverify.so
7fea8adc0000-7fea8adc1000 rw-p 00010000 08:02 1447909                    /usr/lib/jvm/java-11-openjdk-amd64/lib/libverify.so
7fea8adc1000-7fea8adc4000 r--p 00000000 08:02 1447875                    /usr/lib/jvm/java-11-openjdk-amd64/lib/jli/libjli.so
7fea8adc4000-7fea8adce000 r-xp 00003000 08:02 1447875                    /usr/lib/jvm/java-11-openjdk-amd64/lib/jli/libjli.so
7fea8adce000-7fea8add1000 r--p 0000d000 08:02 1447875                    /usr/lib/jvm/java-11-openjdk-amd64/lib/jli/libjli.so
7fea8add1000-7fea8add2000 ---p 00010000 08:02 1447875                    /usr/lib/jvm/java-11-openjdk-amd64/lib/jli/libjli.so
7fea8add2000-7fea8add3000 r--p 00010000 08:02 1447875                    /usr/lib/jvm/java-11-openjdk-amd64/lib/jli/libjli.so
7fea8add3000-7fea8add4000 rw-p 00011000 08:02 1447875                    /usr/lib/jvm/java-11-openjdk-amd64/lib/jli/libjli.so
7fea8add4000-7fea8add6000 rw-p 00000000 00:00 0 
7fea8add6000-7fea8add7000 r--p 00000000 08:02 1445788                    /usr/lib/x86_64-linux-gnu/ld-2.31.so
7fea8add7000-7fea8adfa000 r-xp 00001000 08:02 1445788                    /usr/lib/x86_64-linux-gnu/ld-2.31.so
7fea8adfa000-7fea8ae02000 r--p 00024000 08:02 1445788                    /usr/lib/x86_64-linux-gnu/ld-2.31.so
7fea8ae03000-7fea8ae04000 r--p 0002c000 08:02 1445788                    /usr/lib/x86_64-linux-gnu/ld-2.31.so
7fea8ae04000-7fea8ae05000 rw-p 0002d000 08:02 1445788                    /usr/lib/x86_64-linux-gnu/ld-2.31.so
7fea8ae05000-7fea8ae06000 rw-p 00000000 00:00 0 
7ffc142aa000-7ffc142cb000 rw-p 00000000 00:00 0                          [stack]
7ffc14328000-7ffc1432c000 r--p 00000000 00:00 0                          [vvar]
7ffc1432c000-7ffc1432e000 r-xp 00000000 00:00 0                          [vdso]
ffffffffff600000-ffffffffff601000 --xp 00000000 00:00 0                  [vsyscall]


VM Arguments:
java_command: com.zilogic.mypjsip.MyApp
java_class_path (initial): /home/user/NetBeansProjects/mypjsip/target/classes:/home/user/.m2/repository/pjsip/pjsip/1.0/pjsip-1.0.jar
Launcher Type: SUN_STANDARD

[Global flags]
     intx CICompilerCount                          = 3                                         {product} {ergonomic}
     uint ConcGCThreads                            = 1                                         {product} {ergonomic}
     uint G1ConcRefinementThreads                  = 4                                         {product} {ergonomic}
   size_t G1HeapRegionSize                         = 1048576                                   {product} {ergonomic}
    uintx GCDrainStackTargetSize                   = 64                                        {product} {ergonomic}
   size_t InitialHeapSize                          = 130023424                                 {product} {ergonomic}
   size_t MarkStackSize                            = 4194304                                   {product} {ergonomic}
   size_t MaxHeapSize                              = 2053111808                                {product} {ergonomic}
   size_t MaxNewSize                               = 1231028224                                {product} {ergonomic}
   size_t MinHeapDeltaBytes                        = 1048576                                   {product} {ergonomic}
    uintx NonNMethodCodeHeapSize                   = 5830732                                {pd product} {ergonomic}
    uintx NonProfiledCodeHeapSize                  = 122913754                              {pd product} {ergonomic}
    uintx ProfiledCodeHeapSize                     = 122913754                              {pd product} {ergonomic}
    uintx ReservedCodeCacheSize                    = 251658240                              {pd product} {ergonomic}
     bool SegmentedCodeCache                       = true                                      {product} {ergonomic}
     bool UseCompressedClassPointers               = true                                 {lp64_product} {ergonomic}
     bool UseCompressedOops                        = true                                 {lp64_product} {ergonomic}
     bool UseG1GC                                  = true                                      {product} {ergonomic}

Logging:
Log output configuration:
 #0: stdout all=warning uptime,level,tags
 #1: stderr all=off uptime,level,tags

Environment Variables:
JAVA_HOME=/usr/lib/jvm/java-11-openjdk-amd64
PATH=/home/user/.local/bin:/usr/local/sbin:/usr/local/bin:/usr/sbin:/usr/bin:/sbin:/bin:/usr/games:/usr/local/games:/snap/bin
USERNAME=user
SHELL=/bin/bash
DISPLAY=:0
LANG=en_IN

Signal Handlers:
SIGSEGV: [libjvm.so+0xe95100], sa_mask[0]=11111111011111111101111111111110, sa_flags=SA_RESTART|SA_SIGINFO
SIGBUS: [libjvm.so+0xe95100], sa_mask[0]=11111111011111111101111111111110, sa_flags=SA_RESTART|SA_SIGINFO
SIGFPE: [libjvm.so+0xe95100], sa_mask[0]=11111111011111111101111111111110, sa_flags=SA_RESTART|SA_SIGINFO
SIGPIPE: [libjvm.so+0xbdca50], sa_mask[0]=11111111011111111101111111111110, sa_flags=SA_RESTART|SA_SIGINFO
SIGXFSZ: [libjvm.so+0xbdca50], sa_mask[0]=11111111011111111101111111111110, sa_flags=SA_RESTART|SA_SIGINFO
SIGILL: [libjvm.so+0xe95100], sa_mask[0]=11111111011111111101111111111110, sa_flags=SA_RESTART|SA_SIGINFO
SIGUSR2: [libjvm.so+0xbdc8f0], sa_mask[0]=00100000000000000000000000000000, sa_flags=SA_RESTART|SA_SIGINFO
SIGHUP: [libjvm.so+0xbdcd90], sa_mask[0]=11111111011111111101111111111110, sa_flags=SA_RESTART|SA_SIGINFO
SIGINT: SIG_IGN, sa_mask[0]=00000000000000000000000000000000, sa_flags=none
SIGTERM: [libjvm.so+0xbdcd90], sa_mask[0]=11111111011111111101111111111110, sa_flags=SA_RESTART|SA_SIGINFO
SIGQUIT: [libjvm.so+0xbdcd90], sa_mask[0]=11111111011111111101111111111110, sa_flags=SA_RESTART|SA_SIGINFO


---------------  S Y S T E M  ---------------

OS:DISTRIB_ID=Ubuntu
DISTRIB_RELEASE=20.04
DISTRIB_CODENAME=focal
DISTRIB_DESCRIPTION="Ubuntu 20.04.4 LTS"
uname:Linux 5.13.0-52-generic #59~20.04.1-Ubuntu SMP Thu Jun 16 21:21:28 UTC 2022 x86_64
OS uptime: 0 days 0:33 hours
libc:glibc 2.31 NPTL 2.31 
rlimit (soft/hard): STACK 8192k/infinity , CORE 0k/infinity , NPROC 31037/31037 , NOFILE 1048576/1048576 , AS infinity/infinity , CPU infinity/infinity , DATA infinity/infinity , FSIZE infinity/infinity , MEMLOCK 65536k/65536k
load average:0.83 0.87 1.11

/proc/meminfo:
MemTotal:        8017184 kB
MemFree:          271308 kB
MemAvailable:    4218988 kB
Buffers:          389620 kB
Cached:          3685468 kB
SwapCached:            4 kB
Active:          2152704 kB
Inactive:        4904140 kB
Active(anon):       2260 kB
Inactive(anon):  3161984 kB
Active(file):    2150444 kB
Inactive(file):  1742156 kB
Unevictable:       89988 kB
Mlocked:              16 kB
SwapTotal:       3999740 kB
SwapFree:        3998704 kB
Dirty:               552 kB
Writeback:             0 kB
AnonPages:       3071832 kB
Mapped:           650900 kB
Shmem:            189760 kB
KReclaimable:     359316 kB
Slab:             492944 kB
SReclaimable:     359316 kB
SUnreclaim:       133628 kB
KernelStack:       13168 kB
PageTables:        26952 kB
NFS_Unstable:          0 kB
Bounce:                0 kB
WritebackTmp:          0 kB
CommitLimit:     8008332 kB
Committed_AS:    7825776 kB
VmallocTotal:   34359738367 kB
VmallocUsed:       38192 kB
VmallocChunk:          0 kB
Percpu:             3968 kB
HardwareCorrupted:     0 kB
AnonHugePages:         0 kB
ShmemHugePages:        0 kB
ShmemPmdMapped:        0 kB
FileHugePages:         0 kB
FilePmdMapped:         0 kB
HugePages_Total:       0
HugePages_Free:        0
HugePages_Rsvd:        0
HugePages_Surp:        0
Hugepagesize:       2048 kB
Hugetlb:               0 kB
DirectMap4k:      274848 kB
DirectMap2M:     7989248 kB
DirectMap1G:           0 kB

/sys/kernel/mm/transparent_hugepage/enabled:
always [madvise] never
/sys/kernel/mm/transparent_hugepage/defrag (defrag/compaction efforts parameter):
always defer defer+madvise [madvise] never

Process Memory:
Virtual Size: 5615888K (peak: 13435636K)
Resident Set Size: 57724K (peak: 58828K) (anon: 21244K, file: 36480K, shmem: 0K)
Swapped out: 0K
C-Heap outstanding allocations: 3940K

/proc/sys/kernel/threads-max (system-wide limit on the number of threads):
62075
/proc/sys/vm/max_map_count (maximum number of memory map areas a process may have):
65530
/proc/sys/kernel/pid_max (system-wide limit on number of process identifiers):
4194304

container (cgroup) information:
container_type: cgroupv1
cpu_cpuset_cpus: 0-3
cpu_memory_nodes: 0
active_processor_count: 4
cpu_quota: -1
cpu_period: 100000
cpu_shares: -1
memory_limit_in_bytes: -1
memory_and_swap_limit_in_bytes: -1
memory_soft_limit_in_bytes: -1
memory_usage_in_bytes: 5226668032
memory_max_usage_in_bytes: 5362757632

Steal ticks since vm start: 0
Steal ticks percentage since vm start:  0.000

CPU:total 4 (initial active 4) (4 cores per cpu, 1 threads per core) family 6 model 158 stepping 9 microcode 0xf0, cmov, cx8, fxsr, mmx, sse, sse2, sse3, ssse3, sse4.1, sse4.2, popcnt, avx, avx2, aes, clmul, erms, rtm, 3dnowpref, lzcnt, tsc, tscinvbit, bmi1, bmi2, adx, fma
CPU Model and flags from /proc/cpuinfo:
model name	: Intel(R) Core(TM) i5-7500 CPU @ 3.40GHz
flags		: fpu vme de pse tsc msr pae mce cx8 apic sep mtrr pge mca cmov pat pse36 clflush dts acpi mmx fxsr sse sse2 ss ht tm pbe syscall nx pdpe1gb rdtscp lm constant_tsc art arch_perfmon pebs bts rep_good nopl xtopology nonstop_tsc cpuid aperfmperf pni pclmulqdq dtes64 monitor ds_cpl vmx smx est tm2 ssse3 sdbg fma cx16 xtpr pdcm pcid sse4_1 sse4_2 x2apic movbe popcnt tsc_deadline_timer aes xsave avx f16c rdrand lahf_lm abm 3dnowprefetch cpuid_fault epb invpcid_single pti ssbd ibrs ibpb stibp tpr_shadow vnmi flexpriority ept vpid ept_ad fsgsbase tsc_adjust bmi1 hle avx2 smep bmi2 erms invpcid rtm mpx rdseed adx smap clflushopt intel_pt xsaveopt xsavec xgetbv1 xsaves dtherm ida arat pln pts hwp hwp_notify hwp_act_window hwp_epp md_clear flush_l1d arch_capabilities
Online cpus:
0-3
Offline cpus:

BIOS frequency limitation:
<Not Available>
Frequency switch latency (ns):
0
Available cpu frequencies:
<Not Available>
Current governor:
powersave
Core performance/turbo boost:
<Not Available>

Memory: 4k page, physical 8017184k(271308k free), swap 3999740k(3998704k free)

vm_info: OpenJDK 64-Bit Server VM (11.0.15+10-Ubuntu-0ubuntu0.20.04.1) for linux-amd64 JRE (11.0.15+10-Ubuntu-0ubuntu0.20.04.1), built on Apr 23 2022 13:02:10 by "unknown" with gcc 9.4.0

END.
