#
# A fatal error has been detected by the Java Runtime Environment:
#
#  SIGSEGV (0xb) at pc=0x00007f7aa43d72cb, pid=13913, tid=13914
#
# JRE version: OpenJDK Runtime Environment (11.0.15+10) (build 11.0.15+10-Ubuntu-0ubuntu0.20.04.1)
# Java VM: OpenJDK 64-Bit Server VM (11.0.15+10-Ubuntu-0ubuntu0.20.04.1, mixed mode, sharing, tiered, compressed oops, g1 gc, linux-amd64)
# Problematic frame:
# C  [libpjsua2.so.2+0x5f2cb]  pj::Call::getInfo() const+0x10b
#
# Core dump will be written. Default location: Core dumps may be processed with "/usr/share/apport/apport -p%p -s%s -c%c -d%d -P%P -u%u -g%g -- %E" (or dumping to /home/user/NetBeansProjects/mypjsip/core.13913)
#
# If you would like to submit a bug report, please visit:
#   Unknown
# The crash happened outside the Java Virtual Machine in native code.
# See problematic frame for where to report the bug.
#

---------------  S U M M A R Y ------------

Command Line: com.zilogic.mypjsip.MyApp

Host: Intel(R) Core(TM) i5-7500 CPU @ 3.40GHz, 4 cores, 7G, Ubuntu 20.04.4 LTS
Time: Tue Jul 12 12:02:04 2022 IST elapsed time: 929.661655 seconds (0d 0h 15m 29s)

---------------  T H R E A D  ---------------

Current thread (0x00007f7acc016000):  JavaThread "main" [_thread_in_native, id=13914, stack(0x00007f7ad1275000,0x00007f7ad1376000)]

Stack: [0x00007f7ad1275000,0x00007f7ad1376000],  sp=0x00007f7ad1373920,  free space=1018k
Native frames: (J=compiled Java code, A=aot compiled Java code, j=interpreted, Vv=VM code, C=native code)
C  [libpjsua2.so.2+0x5f2cb]  pj::Call::getInfo() const+0x10b

Java frames: (J=compiled Java code, j=interpreted, Vv=VM code)
j  org.pjsip.pjsua2.pjsua2JNI.Call_getInfo(JLorg/pjsip/pjsua2/Call;)J+0
j  org.pjsip.pjsua2.Call.getInfo()Lorg/pjsip/pjsua2/CallInfo;+9
j  com.zilogic.mypjsip.MyApp.main([Ljava/lang/String;)V+709
v  ~StubRoutines::call_stub

siginfo: si_signo: 11 (SIGSEGV), si_code: 1 (SEGV_MAPERR), si_addr: 0x0000000000000010

Register to memory mapping:

RAX=0x0 is NULL
RBX=0x00007f7ad1374690 is pointing into the stack for thread: 0x00007f7acc016000
RCX=0x0 is NULL
RDX=0x0 is NULL
RSP=0x00007f7ad1373920 is pointing into the stack for thread: 0x00007f7acc016000
RBP=0x00007f7ad13746b0 is pointing into the stack for thread: 0x00007f7acc016000
RSI=0x00007f7ad1373a00 is pointing into the stack for thread: 0x00007f7acc016000
RDI=0x00007f7ad1374720 is pointing into the stack for thread: 0x00007f7acc016000
R8 =0x00007ffe17d3a080 points into unknown readable memory: 0x000000010032ea4a | 4a ea 32 00 01 00 00 00
R9 =0x0000000000001d3f is an unknown value
R10=0x00007f7ab482d9e1 is at code_begin+897 in an Interpreter codelet
method entry point (kind = native)  [0x00007f7ab482d660, 0x00007f7ab482dfe0]  2432 bytes
R11=0x000000008c7026b0 points into unknown readable memory: 0x0000002ff4acd009 | 09 d0 ac f4 2f 00 00 00
R12=0x00007f7ad1374670 is pointing into the stack for thread: 0x00007f7acc016000
R13=0x00007f7ad1373a00 is pointing into the stack for thread: 0x00007f7acc016000
R14=0x00007f7ad13746f0 is pointing into the stack for thread: 0x00007f7acc016000
R15=0x00007f7ad1374710 is pointing into the stack for thread: 0x00007f7acc016000


Registers:
RAX=0x0000000000000000, RBX=0x00007f7ad1374690, RCX=0x0000000000000000, RDX=0x0000000000000000
RSP=0x00007f7ad1373920, RBP=0x00007f7ad13746b0, RSI=0x00007f7ad1373a00, RDI=0x00007f7ad1374720
R8 =0x00007ffe17d3a080, R9 =0x0000000000001d3f, R10=0x00007f7ab482d9e1, R11=0x000000008c7026b0
R12=0x00007f7ad1374670, R13=0x00007f7ad1373a00, R14=0x00007f7ad13746f0, R15=0x00007f7ad1374710
RIP=0x00007f7aa43d72cb, EFLAGS=0x0000000000010202, CSGSFS=0x002b000000000033, ERR=0x0000000000000004
  TRAPNO=0x000000000000000e

Top of Stack: (sp=0x00007f7ad1373920)
0x00007f7ad1373920:   0000000000000000 0000000000000000
0x00007f7ad1373930:   0000000000000000 0000000000000000
0x00007f7ad1373940:   0000000000000000 0000000000000000
0x00007f7ad1373950:   0000000000000000 0000000000000000 

Instructions: (pc=0x00007f7aa43d72cb)
0x00007f7aa43d71cb:   4c 8d bf a0 00 00 00 41 56 4c 8d b7 80 00 00 00
0x00007f7aa43d71db:   41 55 4c 8d 6f 60 41 54 49 89 fc 55 48 8d 6f 40
0x00007f7aa43d71eb:   53 48 8d 5f 20 48 8d bf b0 00 00 00 48 81 ec 18
0x00007f7aa43d71fb:   0b 00 00 48 89 74 24 08 31 f6 64 48 8b 0c 25 28
0x00007f7aa43d720b:   00 00 00 48 89 8c 24 08 0b 00 00 31 c9 48 89 87
0x00007f7aa43d721b:   50 ff ff ff 48 89 9f 60 ff ff ff 48 c7 87 68 ff
0x00007f7aa43d722b:   ff ff 00 00 00 00 c6 87 70 ff ff ff 00 48 89 6f
0x00007f7aa43d723b:   80 48 c7 47 88 00 00 00 00 c6 47 90 00 4c 89 6f
0x00007f7aa43d724b:   a0 48 c7 47 a8 00 00 00 00 c6 47 b0 00 4c 89 77
0x00007f7aa43d725b:   c0 48 c7 47 c8 00 00 00 00 c6 47 d0 00 4c 89 7f
0x00007f7aa43d726b:   e0 48 c7 47 e8 00 00 00 00 c6 47 f0 00 e8 b3 03
0x00007f7aa43d727b:   fc ff 49 8d 84 24 f0 00 00 00 41 c6 84 24 f0 00
0x00007f7aa43d728b:   00 00 00 4c 8d ac 24 e0 00 00 00 49 89 84 24 e0
0x00007f7aa43d729b:   00 00 00 4c 89 ee 49 8d 84 24 18 01 00 00 49 89
0x00007f7aa43d72ab:   84 24 08 01 00 00 48 8b 44 24 08 41 c6 84 24 18
0x00007f7aa43d72bb:   01 00 00 00 41 c7 84 24 d8 00 00 00 00 00 00 00
0x00007f7aa43d72cb:   8b 78 10 49 c7 84 24 e8 00 00 00 00 00 00 00 41
0x00007f7aa43d72db:   c7 84 24 00 01 00 00 00 00 00 00 49 c7 84 24 10
0x00007f7aa43d72eb:   01 00 00 00 00 00 00 49 c7 84 24 28 01 00 00 00
0x00007f7aa43d72fb:   00 00 00 49 c7 84 24 30 01 00 00 00 00 00 00 49
0x00007f7aa43d730b:   c7 84 24 38 01 00 00 00 00 00 00 49 c7 84 24 40
0x00007f7aa43d731b:   01 00 00 00 00 00 00 49 c7 84 24 48 01 00 00 00
0x00007f7aa43d732b:   00 00 00 49 c7 84 24 50 01 00 00 00 00 00 00 e8
0x00007f7aa43d733b:   51 07 fc ff 89 c5 85 c0 75 37 4c 89 ee 4c 89 e7
0x00007f7aa43d734b:   e8 80 f3 fb ff 48 8b 84 24 08 0b 00 00 64 48 33
0x00007f7aa43d735b:   04 25 28 00 00 00 0f 85 f8 00 00 00 48 81 c4 18
0x00007f7aa43d736b:   0b 00 00 4c 89 e0 5b 5d 41 5c 41 5d 41 5e 41 5f
0x00007f7aa43d737b:   c3 4c 8d 74 24 50 48 8d 35 bf 26 01 00 4c 89 f7
0x00007f7aa43d738b:   e8 70 bf ff ff 4c 8d 7c 24 30 48 8d 5c 24 20 48
0x00007f7aa43d739b:   c7 44 24 18 00 00 00 00 48 8d 35 2e 2b 01 00 4c
0x00007f7aa43d73ab:   89 ff 48 89 5c 24 10 c6 44 24 20 00 e8 44 bf ff
0x00007f7aa43d73bb:   ff 4c 8d 6c 24 70 48 8d 4c 24 10 4d 89 f0 4c 89 


Stack slot to memory mapping:
stack at sp + 0 slots: 0x0 is NULL
stack at sp + 1 slots: 0x0 is NULL
stack at sp + 2 slots: 0x0 is NULL
stack at sp + 3 slots: 0x0 is NULL
stack at sp + 4 slots: 0x0 is NULL
stack at sp + 5 slots: 0x0 is NULL
stack at sp + 6 slots: 0x0 is NULL
stack at sp + 7 slots: 0x0 is NULL


---------------  P R O C E S S  ---------------

Threads class SMR info:
_java_thread_list=0x00007f7a640364f0, length=9, elements={
0x00007f7acc016000, 0x00007f7acc10f000, 0x00007f7acc111000, 0x00007f7acc116800,
0x00007f7acc118800, 0x00007f7acc11a800, 0x00007f7acc11c800, 0x00007f7acc11e800,
0x00007f7acc172000
}

Java Threads: ( => current thread )
=>0x00007f7acc016000 JavaThread "main" [_thread_in_native, id=13914, stack(0x00007f7ad1275000,0x00007f7ad1376000)]
  0x00007f7acc10f000 JavaThread "Reference Handler" daemon [_thread_blocked, id=13925, stack(0x00007f7aa55fd000,0x00007f7aa56fe000)]
  0x00007f7acc111000 JavaThread "Finalizer" daemon [_thread_blocked, id=13926, stack(0x00007f7aa54fc000,0x00007f7aa55fd000)]
  0x00007f7acc116800 JavaThread "Signal Dispatcher" daemon [_thread_blocked, id=13927, stack(0x00007f7aa4e8b000,0x00007f7aa4f8c000)]
  0x00007f7acc118800 JavaThread "Service Thread" daemon [_thread_blocked, id=13928, stack(0x00007f7aa4d8a000,0x00007f7aa4e8b000)]
  0x00007f7acc11a800 JavaThread "C2 CompilerThread0" daemon [_thread_blocked, id=13929, stack(0x00007f7aa4c89000,0x00007f7aa4d8a000)]
  0x00007f7acc11c800 JavaThread "C1 CompilerThread0" daemon [_thread_blocked, id=13930, stack(0x00007f7aa4b88000,0x00007f7aa4c89000)]
  0x00007f7acc11e800 JavaThread "Sweeper thread" daemon [_thread_blocked, id=13931, stack(0x00007f7aa4a87000,0x00007f7aa4b88000)]
  0x00007f7acc172000 JavaThread "Common-Cleaner" daemon [_thread_blocked, id=13933, stack(0x00007f7aa4884000,0x00007f7aa4985000)]

Other Threads:
  0x00007f7acc10c000 VMThread "VM Thread" [stack: 0x00007f7aa5700000,0x00007f7aa5800000] [id=13924]
  0x00007f7acc16f800 WatcherThread [stack: 0x00007f7aa4987000,0x00007f7aa4a87000] [id=13932]
  0x00007f7acc02e000 GCTaskThread "GC Thread#0" [stack: 0x00007f7ad0f34000,0x00007f7ad1034000] [id=13919]
  0x00007f7a98001000 GCTaskThread "GC Thread#1" [stack: 0x00007f7a705b8000,0x00007f7a706b8000] [id=13955]
  0x00007f7a98002800 GCTaskThread "GC Thread#2" [stack: 0x00007f7a704b6000,0x00007f7a705b6000] [id=13956]
  0x00007f7a98004000 GCTaskThread "GC Thread#3" [stack: 0x00007f7a703b4000,0x00007f7a704b4000] [id=13957]
  0x00007f7acc05f000 ConcurrentGCThread "G1 Main Marker" [stack: 0x00007f7ad0246000,0x00007f7ad0346000] [id=13920]
  0x00007f7acc060800 ConcurrentGCThread "G1 Conc#0" [stack: 0x00007f7ad0144000,0x00007f7ad0244000] [id=13921]
  0x00007f7acc0d9000 ConcurrentGCThread "G1 Refine#0" [stack: 0x00007f7ab4048000,0x00007f7ab4148000] [id=13922]
  0x00007f7acc0da800 ConcurrentGCThread "G1 Young RemSet Sampling" [stack: 0x00007f7aac1d0000,0x00007f7aac2d0000] [id=13923]

Threads with active compile tasks:

VM state:not at safepoint (normal execution)

VM Mutex/Monitor currently owned by a thread: None

Heap address: 0x0000000085a00000, size: 1958 MB, Compressed Oops mode: 32-bit
Narrow klass base: 0x0000000800000000, Narrow klass shift: 3
Compressed class space size: 1073741824 Address: 0x0000000840000000

Heap:
 garbage-first heap   total 129024K, used 62983K [0x0000000085a00000, 0x0000000100000000)
  region size 1024K, 62 young (63488K), 1 survivors (1024K)
 Metaspace       used 1972K, capacity 5725K, committed 6016K, reserved 1056768K
  class space    used 154K, capacity 554K, committed 640K, reserved 1048576K
Heap Regions: E=young(eden), S=young(survivor), O=old, HS=humongous(starts), HC=humongous(continues), CS=collection set, F=free, A=archive, TAMS=top-at-mark-start (previous, next)
|   0|0x0000000085a00000, 0x0000000085a00000, 0x0000000085b00000|  0%| F|  |TAMS 0x0000000085a00000, 0x0000000085a00000| Untracked 
|   1|0x0000000085b00000, 0x0000000085b00000, 0x0000000085c00000|  0%| F|  |TAMS 0x0000000085b00000, 0x0000000085b00000| Untracked 
|   2|0x0000000085c00000, 0x0000000085c00000, 0x0000000085d00000|  0%| F|  |TAMS 0x0000000085c00000, 0x0000000085c00000| Untracked 
|   3|0x0000000085d00000, 0x0000000085d00000, 0x0000000085e00000|  0%| F|  |TAMS 0x0000000085d00000, 0x0000000085d00000| Untracked 
|   4|0x0000000085e00000, 0x0000000085e00000, 0x0000000085f00000|  0%| F|  |TAMS 0x0000000085e00000, 0x0000000085e00000| Untracked 
|   5|0x0000000085f00000, 0x0000000085f00000, 0x0000000086000000|  0%| F|  |TAMS 0x0000000085f00000, 0x0000000085f00000| Untracked 
|   6|0x0000000086000000, 0x0000000086000000, 0x0000000086100000|  0%| F|  |TAMS 0x0000000086000000, 0x0000000086000000| Untracked 
|   7|0x0000000086100000, 0x0000000086100000, 0x0000000086200000|  0%| F|  |TAMS 0x0000000086100000, 0x0000000086100000| Untracked 
|   8|0x0000000086200000, 0x0000000086200000, 0x0000000086300000|  0%| F|  |TAMS 0x0000000086200000, 0x0000000086200000| Untracked 
|   9|0x0000000086300000, 0x0000000086300000, 0x0000000086400000|  0%| F|  |TAMS 0x0000000086300000, 0x0000000086300000| Untracked 
|  10|0x0000000086400000, 0x0000000086400000, 0x0000000086500000|  0%| F|  |TAMS 0x0000000086400000, 0x0000000086400000| Untracked 
|  11|0x0000000086500000, 0x0000000086500000, 0x0000000086600000|  0%| F|  |TAMS 0x0000000086500000, 0x0000000086500000| Untracked 
|  12|0x0000000086600000, 0x0000000086600000, 0x0000000086700000|  0%| F|  |TAMS 0x0000000086600000, 0x0000000086600000| Untracked 
|  13|0x0000000086700000, 0x0000000086700000, 0x0000000086800000|  0%| F|  |TAMS 0x0000000086700000, 0x0000000086700000| Untracked 
|  14|0x0000000086800000, 0x0000000086800000, 0x0000000086900000|  0%| F|  |TAMS 0x0000000086800000, 0x0000000086800000| Untracked 
|  15|0x0000000086900000, 0x0000000086900000, 0x0000000086a00000|  0%| F|  |TAMS 0x0000000086900000, 0x0000000086900000| Untracked 
|  16|0x0000000086a00000, 0x0000000086a00000, 0x0000000086b00000|  0%| F|  |TAMS 0x0000000086a00000, 0x0000000086a00000| Untracked 
|  17|0x0000000086b00000, 0x0000000086b00000, 0x0000000086c00000|  0%| F|  |TAMS 0x0000000086b00000, 0x0000000086b00000| Untracked 
|  18|0x0000000086c00000, 0x0000000086c00000, 0x0000000086d00000|  0%| F|  |TAMS 0x0000000086c00000, 0x0000000086c00000| Untracked 
|  19|0x0000000086d00000, 0x0000000086d00000, 0x0000000086e00000|  0%| F|  |TAMS 0x0000000086d00000, 0x0000000086d00000| Untracked 
|  20|0x0000000086e00000, 0x0000000086e00000, 0x0000000086f00000|  0%| F|  |TAMS 0x0000000086e00000, 0x0000000086e00000| Untracked 
|  21|0x0000000086f00000, 0x0000000086f00000, 0x0000000087000000|  0%| F|  |TAMS 0x0000000086f00000, 0x0000000086f00000| Untracked 
|  22|0x0000000087000000, 0x0000000087000000, 0x0000000087100000|  0%| F|  |TAMS 0x0000000087000000, 0x0000000087000000| Untracked 
|  23|0x0000000087100000, 0x0000000087100000, 0x0000000087200000|  0%| F|  |TAMS 0x0000000087100000, 0x0000000087100000| Untracked 
|  24|0x0000000087200000, 0x0000000087200000, 0x0000000087300000|  0%| F|  |TAMS 0x0000000087200000, 0x0000000087200000| Untracked 
|  25|0x0000000087300000, 0x0000000087300000, 0x0000000087400000|  0%| F|  |TAMS 0x0000000087300000, 0x0000000087300000| Untracked 
|  26|0x0000000087400000, 0x0000000087400000, 0x0000000087500000|  0%| F|  |TAMS 0x0000000087400000, 0x0000000087400000| Untracked 
|  27|0x0000000087500000, 0x0000000087500000, 0x0000000087600000|  0%| F|  |TAMS 0x0000000087500000, 0x0000000087500000| Untracked 
|  28|0x0000000087600000, 0x0000000087600000, 0x0000000087700000|  0%| F|  |TAMS 0x0000000087600000, 0x0000000087600000| Untracked 
|  29|0x0000000087700000, 0x0000000087700000, 0x0000000087800000|  0%| F|  |TAMS 0x0000000087700000, 0x0000000087700000| Untracked 
|  30|0x0000000087800000, 0x0000000087800000, 0x0000000087900000|  0%| F|  |TAMS 0x0000000087800000, 0x0000000087800000| Untracked 
|  31|0x0000000087900000, 0x0000000087900000, 0x0000000087a00000|  0%| F|  |TAMS 0x0000000087900000, 0x0000000087900000| Untracked 
|  32|0x0000000087a00000, 0x0000000087a00000, 0x0000000087b00000|  0%| F|  |TAMS 0x0000000087a00000, 0x0000000087a00000| Untracked 
|  33|0x0000000087b00000, 0x0000000087b00000, 0x0000000087c00000|  0%| F|  |TAMS 0x0000000087b00000, 0x0000000087b00000| Untracked 
|  34|0x0000000087c00000, 0x0000000087c00000, 0x0000000087d00000|  0%| F|  |TAMS 0x0000000087c00000, 0x0000000087c00000| Untracked 
|  35|0x0000000087d00000, 0x0000000087d00000, 0x0000000087e00000|  0%| F|  |TAMS 0x0000000087d00000, 0x0000000087d00000| Untracked 
|  36|0x0000000087e00000, 0x0000000087e00000, 0x0000000087f00000|  0%| F|  |TAMS 0x0000000087e00000, 0x0000000087e00000| Untracked 
|  37|0x0000000087f00000, 0x0000000087f00000, 0x0000000088000000|  0%| F|  |TAMS 0x0000000087f00000, 0x0000000087f00000| Untracked 
|  38|0x0000000088000000, 0x0000000088000000, 0x0000000088100000|  0%| F|  |TAMS 0x0000000088000000, 0x0000000088000000| Untracked 
|  39|0x0000000088100000, 0x0000000088100000, 0x0000000088200000|  0%| F|  |TAMS 0x0000000088100000, 0x0000000088100000| Untracked 
|  40|0x0000000088200000, 0x0000000088200000, 0x0000000088300000|  0%| F|  |TAMS 0x0000000088200000, 0x0000000088200000| Untracked 
|  41|0x0000000088300000, 0x0000000088300000, 0x0000000088400000|  0%| F|  |TAMS 0x0000000088300000, 0x0000000088300000| Untracked 
|  42|0x0000000088400000, 0x0000000088400000, 0x0000000088500000|  0%| F|  |TAMS 0x0000000088400000, 0x0000000088400000| Untracked 
|  43|0x0000000088500000, 0x0000000088500000, 0x0000000088600000|  0%| F|  |TAMS 0x0000000088500000, 0x0000000088500000| Untracked 
|  44|0x0000000088600000, 0x0000000088600000, 0x0000000088700000|  0%| F|  |TAMS 0x0000000088600000, 0x0000000088600000| Untracked 
|  45|0x0000000088700000, 0x0000000088700000, 0x0000000088800000|  0%| F|  |TAMS 0x0000000088700000, 0x0000000088700000| Untracked 
|  46|0x0000000088800000, 0x0000000088800000, 0x0000000088900000|  0%| F|  |TAMS 0x0000000088800000, 0x0000000088800000| Untracked 
|  47|0x0000000088900000, 0x0000000088900000, 0x0000000088a00000|  0%| F|  |TAMS 0x0000000088900000, 0x0000000088900000| Untracked 
|  48|0x0000000088a00000, 0x0000000088a00000, 0x0000000088b00000|  0%| F|  |TAMS 0x0000000088a00000, 0x0000000088a00000| Untracked 
|  49|0x0000000088b00000, 0x0000000088b00000, 0x0000000088c00000|  0%| F|  |TAMS 0x0000000088b00000, 0x0000000088b00000| Untracked 
|  50|0x0000000088c00000, 0x0000000088c00000, 0x0000000088d00000|  0%| F|  |TAMS 0x0000000088c00000, 0x0000000088c00000| Untracked 
|  51|0x0000000088d00000, 0x0000000088d00000, 0x0000000088e00000|  0%| F|  |TAMS 0x0000000088d00000, 0x0000000088d00000| Untracked 
|  52|0x0000000088e00000, 0x0000000088e00000, 0x0000000088f00000|  0%| F|  |TAMS 0x0000000088e00000, 0x0000000088e00000| Untracked 
|  53|0x0000000088f00000, 0x0000000088f00000, 0x0000000089000000|  0%| F|  |TAMS 0x0000000088f00000, 0x0000000088f00000| Untracked 
|  54|0x0000000089000000, 0x0000000089000000, 0x0000000089100000|  0%| F|  |TAMS 0x0000000089000000, 0x0000000089000000| Untracked 
|  55|0x0000000089100000, 0x0000000089100000, 0x0000000089200000|  0%| F|  |TAMS 0x0000000089100000, 0x0000000089100000| Untracked 
|  56|0x0000000089200000, 0x0000000089200000, 0x0000000089300000|  0%| F|  |TAMS 0x0000000089200000, 0x0000000089200000| Untracked 
|  57|0x0000000089300000, 0x0000000089300000, 0x0000000089400000|  0%| F|  |TAMS 0x0000000089300000, 0x0000000089300000| Untracked 
|  58|0x0000000089400000, 0x0000000089400000, 0x0000000089500000|  0%| F|  |TAMS 0x0000000089400000, 0x0000000089400000| Untracked 
|  59|0x0000000089500000, 0x0000000089500000, 0x0000000089600000|  0%| F|  |TAMS 0x0000000089500000, 0x0000000089500000| Untracked 
|  60|0x0000000089600000, 0x0000000089600000, 0x0000000089700000|  0%| F|  |TAMS 0x0000000089600000, 0x0000000089600000| Untracked 
|  61|0x0000000089700000, 0x0000000089700000, 0x0000000089800000|  0%| F|  |TAMS 0x0000000089700000, 0x0000000089700000| Untracked 
|  62|0x0000000089800000, 0x0000000089800800, 0x0000000089900000|  0%| E|  |TAMS 0x0000000089800000, 0x0000000089800000| Complete 
|  63|0x0000000089900000, 0x0000000089a00000, 0x0000000089a00000|100%| E|CS|TAMS 0x0000000089900000, 0x0000000089900000| Complete 
|  64|0x0000000089a00000, 0x0000000089b00000, 0x0000000089b00000|100%| E|CS|TAMS 0x0000000089a00000, 0x0000000089a00000| Complete 
|  65|0x0000000089b00000, 0x0000000089c00000, 0x0000000089c00000|100%| E|CS|TAMS 0x0000000089b00000, 0x0000000089b00000| Complete 
|  66|0x0000000089c00000, 0x0000000089d00000, 0x0000000089d00000|100%| E|CS|TAMS 0x0000000089c00000, 0x0000000089c00000| Complete 
|  67|0x0000000089d00000, 0x0000000089e00000, 0x0000000089e00000|100%| E|CS|TAMS 0x0000000089d00000, 0x0000000089d00000| Complete 
|  68|0x0000000089e00000, 0x0000000089f00000, 0x0000000089f00000|100%| E|CS|TAMS 0x0000000089e00000, 0x0000000089e00000| Complete 
|  69|0x0000000089f00000, 0x000000008a000000, 0x000000008a000000|100%| E|CS|TAMS 0x0000000089f00000, 0x0000000089f00000| Complete 
|  70|0x000000008a000000, 0x000000008a100000, 0x000000008a100000|100%| E|CS|TAMS 0x000000008a000000, 0x000000008a000000| Complete 
|  71|0x000000008a100000, 0x000000008a200000, 0x000000008a200000|100%| E|CS|TAMS 0x000000008a100000, 0x000000008a100000| Complete 
|  72|0x000000008a200000, 0x000000008a300000, 0x000000008a300000|100%| E|CS|TAMS 0x000000008a200000, 0x000000008a200000| Complete 
|  73|0x000000008a300000, 0x000000008a400000, 0x000000008a400000|100%| E|CS|TAMS 0x000000008a300000, 0x000000008a300000| Complete 
|  74|0x000000008a400000, 0x000000008a500000, 0x000000008a500000|100%| E|CS|TAMS 0x000000008a400000, 0x000000008a400000| Complete 
|  75|0x000000008a500000, 0x000000008a600000, 0x000000008a600000|100%| E|CS|TAMS 0x000000008a500000, 0x000000008a500000| Complete 
|  76|0x000000008a600000, 0x000000008a700000, 0x000000008a700000|100%| E|CS|TAMS 0x000000008a600000, 0x000000008a600000| Complete 
|  77|0x000000008a700000, 0x000000008a800000, 0x000000008a800000|100%| E|CS|TAMS 0x000000008a700000, 0x000000008a700000| Complete 
|  78|0x000000008a800000, 0x000000008a900000, 0x000000008a900000|100%| E|CS|TAMS 0x000000008a800000, 0x000000008a800000| Complete 
|  79|0x000000008a900000, 0x000000008aa00000, 0x000000008aa00000|100%| E|CS|TAMS 0x000000008a900000, 0x000000008a900000| Complete 
|  80|0x000000008aa00000, 0x000000008ab00000, 0x000000008ab00000|100%| E|CS|TAMS 0x000000008aa00000, 0x000000008aa00000| Complete 
|  81|0x000000008ab00000, 0x000000008ac00000, 0x000000008ac00000|100%| E|CS|TAMS 0x000000008ab00000, 0x000000008ab00000| Complete 
|  82|0x000000008ac00000, 0x000000008ad00000, 0x000000008ad00000|100%| E|CS|TAMS 0x000000008ac00000, 0x000000008ac00000| Complete 
|  83|0x000000008ad00000, 0x000000008ae00000, 0x000000008ae00000|100%| E|CS|TAMS 0x000000008ad00000, 0x000000008ad00000| Complete 
|  84|0x000000008ae00000, 0x000000008af00000, 0x000000008af00000|100%| E|CS|TAMS 0x000000008ae00000, 0x000000008ae00000| Complete 
|  85|0x000000008af00000, 0x000000008b000000, 0x000000008b000000|100%| E|CS|TAMS 0x000000008af00000, 0x000000008af00000| Complete 
|  86|0x000000008b000000, 0x000000008b100000, 0x000000008b100000|100%| E|CS|TAMS 0x000000008b000000, 0x000000008b000000| Complete 
|  87|0x000000008b100000, 0x000000008b200000, 0x000000008b200000|100%| E|CS|TAMS 0x000000008b100000, 0x000000008b100000| Complete 
|  88|0x000000008b200000, 0x000000008b300000, 0x000000008b300000|100%| E|CS|TAMS 0x000000008b200000, 0x000000008b200000| Complete 
|  89|0x000000008b300000, 0x000000008b400000, 0x000000008b400000|100%| E|CS|TAMS 0x000000008b300000, 0x000000008b300000| Complete 
|  90|0x000000008b400000, 0x000000008b500000, 0x000000008b500000|100%| E|CS|TAMS 0x000000008b400000, 0x000000008b400000| Complete 
|  91|0x000000008b500000, 0x000000008b600000, 0x000000008b600000|100%| E|CS|TAMS 0x000000008b500000, 0x000000008b500000| Complete 
|  92|0x000000008b600000, 0x000000008b700000, 0x000000008b700000|100%| E|CS|TAMS 0x000000008b600000, 0x000000008b600000| Complete 
|  93|0x000000008b700000, 0x000000008b800000, 0x000000008b800000|100%| E|CS|TAMS 0x000000008b700000, 0x000000008b700000| Complete 
|  94|0x000000008b800000, 0x000000008b900000, 0x000000008b900000|100%| E|CS|TAMS 0x000000008b800000, 0x000000008b800000| Complete 
|  95|0x000000008b900000, 0x000000008ba00000, 0x000000008ba00000|100%| E|CS|TAMS 0x000000008b900000, 0x000000008b900000| Complete 
|  96|0x000000008ba00000, 0x000000008bb00000, 0x000000008bb00000|100%| E|CS|TAMS 0x000000008ba00000, 0x000000008ba00000| Complete 
|  97|0x000000008bb00000, 0x000000008bc00000, 0x000000008bc00000|100%| E|CS|TAMS 0x000000008bb00000, 0x000000008bb00000| Complete 
|  98|0x000000008bc00000, 0x000000008bd00000, 0x000000008bd00000|100%| E|CS|TAMS 0x000000008bc00000, 0x000000008bc00000| Complete 
|  99|0x000000008bd00000, 0x000000008be00000, 0x000000008be00000|100%| E|CS|TAMS 0x000000008bd00000, 0x000000008bd00000| Complete 
| 100|0x000000008be00000, 0x000000008bf00000, 0x000000008bf00000|100%| E|CS|TAMS 0x000000008be00000, 0x000000008be00000| Complete 
| 101|0x000000008bf00000, 0x000000008c000000, 0x000000008c000000|100%| E|CS|TAMS 0x000000008bf00000, 0x000000008bf00000| Complete 
| 102|0x000000008c000000, 0x000000008c100000, 0x000000008c100000|100%| E|CS|TAMS 0x000000008c000000, 0x000000008c000000| Complete 
| 103|0x000000008c100000, 0x000000008c200000, 0x000000008c200000|100%| E|CS|TAMS 0x000000008c100000, 0x000000008c100000| Complete 
| 104|0x000000008c200000, 0x000000008c300000, 0x000000008c300000|100%| E|CS|TAMS 0x000000008c200000, 0x000000008c200000| Complete 
| 105|0x000000008c300000, 0x000000008c400000, 0x000000008c400000|100%| E|CS|TAMS 0x000000008c300000, 0x000000008c300000| Complete 
| 106|0x000000008c400000, 0x000000008c500000, 0x000000008c500000|100%| E|CS|TAMS 0x000000008c400000, 0x000000008c400000| Complete 
| 107|0x000000008c500000, 0x000000008c600000, 0x000000008c600000|100%| E|CS|TAMS 0x000000008c500000, 0x000000008c500000| Complete 
| 108|0x000000008c600000, 0x000000008c700000, 0x000000008c700000|100%| E|CS|TAMS 0x000000008c600000, 0x000000008c600000| Complete 
| 109|0x000000008c700000, 0x000000008c7cff60, 0x000000008c800000| 81%| S|CS|TAMS 0x000000008c700000, 0x000000008c700000| Complete 
| 110|0x000000008c800000, 0x000000008c900000, 0x000000008c900000|100%| E|CS|TAMS 0x000000008c800000, 0x000000008c800000| Complete 
| 111|0x000000008c900000, 0x000000008ca00000, 0x000000008ca00000|100%| E|CS|TAMS 0x000000008c900000, 0x000000008c900000| Complete 
| 112|0x000000008ca00000, 0x000000008cb00000, 0x000000008cb00000|100%| E|CS|TAMS 0x000000008ca00000, 0x000000008ca00000| Complete 
| 113|0x000000008cb00000, 0x000000008cc00000, 0x000000008cc00000|100%| E|CS|TAMS 0x000000008cb00000, 0x000000008cb00000| Complete 
| 114|0x000000008cc00000, 0x000000008cd00000, 0x000000008cd00000|100%| E|CS|TAMS 0x000000008cc00000, 0x000000008cc00000| Complete 
| 115|0x000000008cd00000, 0x000000008ce00000, 0x000000008ce00000|100%| E|CS|TAMS 0x000000008cd00000, 0x000000008cd00000| Complete 
| 116|0x000000008ce00000, 0x000000008cf00000, 0x000000008cf00000|100%| E|CS|TAMS 0x000000008ce00000, 0x000000008ce00000| Complete 
| 117|0x000000008cf00000, 0x000000008d000000, 0x000000008d000000|100%| E|CS|TAMS 0x000000008cf00000, 0x000000008cf00000| Complete 
| 118|0x000000008d000000, 0x000000008d100000, 0x000000008d100000|100%| E|CS|TAMS 0x000000008d000000, 0x000000008d000000| Complete 
| 119|0x000000008d100000, 0x000000008d200000, 0x000000008d200000|100%| E|CS|TAMS 0x000000008d100000, 0x000000008d100000| Complete 
| 120|0x000000008d200000, 0x000000008d300000, 0x000000008d300000|100%| E|CS|TAMS 0x000000008d200000, 0x000000008d200000| Complete 
| 121|0x000000008d300000, 0x000000008d400000, 0x000000008d400000|100%| E|CS|TAMS 0x000000008d300000, 0x000000008d300000| Complete 
| 122|0x000000008d400000, 0x000000008d500000, 0x000000008d500000|100%| E|CS|TAMS 0x000000008d400000, 0x000000008d400000| Complete 
| 123|0x000000008d500000, 0x000000008d600000, 0x000000008d600000|100%| E|CS|TAMS 0x000000008d500000, 0x000000008d500000| Complete 
|1956|0x00000000ffe00000, 0x00000000ffe47000, 0x00000000fff00000| 27%|OA|  |TAMS 0x00000000ffe00000, 0x00000000ffe00000| Untracked 
|1957|0x00000000fff00000, 0x00000000fff6b000, 0x0000000100000000| 41%|CA|  |TAMS 0x00000000fff00000, 0x00000000fff00000| Untracked 

Card table byte_map: [0x00007f7ad0388000,0x00007f7ad075b000] _byte_map_base: 0x00007f7acff5b000

Marking Bits (Prev, Next): (CMBitMap*) 0x00007f7acc056388, (CMBitMap*) 0x00007f7acc0563c0
 Prev Bits: [0x00007f7aae168000, 0x00007f7ab0000000)
 Next Bits: [0x00007f7aac2d0000, 0x00007f7aae168000)

Polling page: 0x00007f7ad2bb7000

Metaspace:

Usage:
  Non-class:      5.05 MB capacity,     1.78 MB ( 35%) used,     3.26 MB ( 65%) free+waste,    15.31 KB ( <1%) overhead. 
      Class:    554.00 KB capacity,   154.54 KB ( 28%) used,   391.09 KB ( 71%) free+waste,     8.38 KB (  2%) overhead. 
       Both:      5.59 MB capacity,     1.93 MB ( 34%) used,     3.64 MB ( 65%) free+waste,    23.69 KB ( <1%) overhead. 

Virtual space:
  Non-class space:        8.00 MB reserved,       5.25 MB ( 66%) committed 
      Class space:        1.00 GB reserved,     640.00 KB ( <1%) committed 
             Both:        1.01 GB reserved,       5.88 MB ( <1%) committed 

Chunk freelists:
   Non-Class:  13.00 KB
       Class:  0 bytes
        Both:  13.00 KB

MaxMetaspaceSize: unlimited
CompressedClassSpaceSize: 1.00 GB
Initial GC threshold: 20.80 MB
Current GC threshold: 20.80 MB
CDS: on

CodeHeap 'non-profiled nmethods': size=120032Kb used=158Kb max_used=158Kb free=119873Kb
 bounds [0x00007f7abc2e6000, 0x00007f7abc556000, 0x00007f7ac381e000]
CodeHeap 'profiled nmethods': size=120032Kb used=806Kb max_used=806Kb free=119225Kb
 bounds [0x00007f7ab4dae000, 0x00007f7ab501e000, 0x00007f7abc2e6000]
CodeHeap 'non-nmethods': size=5696Kb used=1137Kb max_used=1152Kb free=4558Kb
 bounds [0x00007f7ab481e000, 0x00007f7ab4a8e000, 0x00007f7ab4dae000]
 total_blobs=911 nmethods=516 adapters=309
 compilation: enabled
              stopped_count=0, restarted_count=0
 full_count=0

Compilation events (20 events):
Event: 928.483 Thread 0x00007f7acc11c800  508       3       java.io.OutputStreamWriter::write (11 bytes)
Event: 928.483 Thread 0x00007f7acc11c800 nmethod 508 0x00007f7ab4e73490 code [0x00007f7ab4e73640, 0x00007f7ab4e73780]
Event: 928.483 Thread 0x00007f7acc11c800  509   !   3       sun.nio.cs.StreamEncoder::write (78 bytes)
Event: 928.483 Thread 0x00007f7acc11a800  515       4       sun.nio.cs.UTF_8$Encoder::encodeArrayLoop (489 bytes)
Event: 928.484 Thread 0x00007f7acc11c800 nmethod 509 0x00007f7ab4e73890 code [0x00007f7ab4e73b00, 0x00007f7ab4e74640]
Event: 928.485 Thread 0x00007f7acc11c800  510       3       sun.nio.cs.StreamEncoder::ensureOpen (18 bytes)
Event: 928.485 Thread 0x00007f7acc11c800 nmethod 510 0x00007f7ab4e74c10 code [0x00007f7ab4e74de0, 0x00007f7ab4e75020]
Event: 928.485 Thread 0x00007f7acc11c800  511       3       sun.nio.cs.StreamEncoder::implWrite (15 bytes)
Event: 928.485 Thread 0x00007f7acc11c800 nmethod 511 0x00007f7ab4e75110 code [0x00007f7ab4e75300, 0x00007f7ab4e757c0]
Event: 928.485 Thread 0x00007f7acc11c800  512       3       sun.nio.cs.StreamEncoder::implWrite (137 bytes)
Event: 928.487 Thread 0x00007f7acc11c800 nmethod 512 0x00007f7ab4e75a90 code [0x00007f7ab4e75ce0, 0x00007f7ab4e76540]
Event: 928.487 Thread 0x00007f7acc11c800  513       3       sun.nio.cs.StreamEncoder::isOpen (13 bytes)
Event: 928.487 Thread 0x00007f7acc11c800 nmethod 513 0x00007f7ab4e76790 code [0x00007f7ab4e76940, 0x00007f7ab4e76ab0]
Event: 928.487 Thread 0x00007f7acc11c800  514       3       sun.nio.cs.StreamEncoder::implFlushBuffer (15 bytes)
Event: 928.488 Thread 0x00007f7acc11c800 nmethod 514 0x00007f7ab4e76b10 code [0x00007f7ab4e76cc0, 0x00007f7ab4e76e60]
Event: 928.488 Thread 0x00007f7acc11c800  507       3       java.io.PrintStream::print (9 bytes)
Event: 928.489 Thread 0x00007f7acc11c800 nmethod 507 0x00007f7ab4e76f10 code [0x00007f7ab4e770e0, 0x00007f7ab4e77340]
Event: 928.489 Thread 0x00007f7acc11c800  516       3       java.lang.invoke.StringConcatFactory$MethodHandleInlineCopyStrategy::newArray (16 bytes)
Event: 928.490 Thread 0x00007f7acc11c800 nmethod 516 0x00007f7ab4e77490 code [0x00007f7ab4e77660, 0x00007f7ab4e77880]
Event: 928.503 Thread 0x00007f7acc11a800 nmethod 515 0x00007f7abc30ce10 code [0x00007f7abc30cfe0, 0x00007f7abc30d548]

GC Heap History (2 events):
Event: 11.288 GC heap before
{Heap before GC invocations=0 (full 0):
 garbage-first heap   total 129024K, used 15048K [0x0000000085a00000, 0x0000000100000000)
  region size 1024K, 14 young (14336K), 0 survivors (0K)
 Metaspace       used 1874K, capacity 5661K, committed 5760K, reserved 1056768K
  class space    used 149K, capacity 554K, committed 640K, reserved 1048576K
}
Event: 11.306 GC heap after
{Heap after GC invocations=1 (full 0):
 garbage-first heap   total 129024K, used 1543K [0x0000000085a00000, 0x0000000100000000)
  region size 1024K, 1 young (1024K), 1 survivors (1024K)
 Metaspace       used 1874K, capacity 5661K, committed 5760K, reserved 1056768K
  class space    used 149K, capacity 554K, committed 640K, reserved 1048576K
}

Deoptimization events (12 events):
Event: 0.082 Thread 0x00007f7acc016000 Uncommon trap: trap_request=0xffffff4d fr.pc=0x00007f7abc2ed59c relative=0x000000000000007c
Event: 0.082 Thread 0x00007f7acc016000 Uncommon trap: reason=unstable_if action=reinterpret pc=0x00007f7abc2ed59c method=java.lang.String.isLatin1()Z @ 10 c2
Event: 0.082 Thread 0x00007f7acc016000 DEOPT PACKING pc=0x00007f7abc2ed59c sp=0x00007f7ad1374370
Event: 0.082 Thread 0x00007f7acc016000 DEOPT UNPACKING pc=0x00007f7ab4867ea5 sp=0x00007f7ad13742d0 mode 2
Event: 0.082 Thread 0x00007f7acc016000 Uncommon trap: trap_request=0xffffff4d fr.pc=0x00007f7abc2f0e08 relative=0x0000000000000068
Event: 0.082 Thread 0x00007f7acc016000 Uncommon trap: reason=unstable_if action=reinterpret pc=0x00007f7abc2f0e08 method=java.lang.String.isLatin1()Z @ 10 c2
Event: 0.082 Thread 0x00007f7acc016000 DEOPT PACKING pc=0x00007f7abc2f0e08 sp=0x00007f7ad1374580
Event: 0.082 Thread 0x00007f7acc016000 DEOPT UNPACKING pc=0x00007f7ab4867ea5 sp=0x00007f7ad1374530 mode 2
Event: 925.375 Thread 0x00007f7a64039000 DEOPT PACKING pc=0x00007f7ab4e1a5d9 sp=0x00007f7a71eb6510
Event: 925.375 Thread 0x00007f7a64039000 DEOPT UNPACKING pc=0x00007f7ab486864a sp=0x00007f7a71eb59a8 mode 0
Event: 928.483 Thread 0x00007f7a64051000 DEOPT PACKING pc=0x00007f7ab4e516a7 sp=0x00007f7a71eb6d90
Event: 928.483 Thread 0x00007f7a64051000 DEOPT UNPACKING pc=0x00007f7ab486864a sp=0x00007f7a71eb6328 mode 0

Classes redefined (0 events):
No events

Internal exceptions (1 events):
Event: 0.073 Thread 0x00007f7acc016000 Exception <a 'java/lang/NoSuchMethodError'{0x000000008d4d3fe0}: 'int java.lang.invoke.DirectMethodHandle$Holder.invokeSpecialIFC(java.lang.Object, java.lang.Object, int)'> (0x000000008d4d3fe0) thrown at [src/hotspot/share/interpreter/linkResolver.cpp, line 772]

Events (20 events):
Event: 928.490 Thread 0x00007f7a64051000 Thread added: 0x00007f7a64051000
Event: 928.490 Thread 0x00007f7a64051000 Thread exited: 0x00007f7a64051000
Event: 928.492 Protecting memory [0x00007f7a716bc000,0x00007f7a716c0000] with protection modes 0
Event: 928.492 Thread 0x00007f7a64051000 Thread added: 0x00007f7a64051000
Event: 928.493 Thread 0x00007f7a64051000 Thread exited: 0x00007f7a64051000
Event: 928.493 Protecting memory [0x00007f7a716bc000,0x00007f7a716c0000] with protection modes 0
Event: 928.493 Thread 0x00007f7a64051000 Thread added: 0x00007f7a64051000
Event: 928.493 Thread 0x00007f7a64051000 Thread exited: 0x00007f7a64051000
Event: 928.493 Protecting memory [0x00007f7a716bc000,0x00007f7a716c0000] with protection modes 0
Event: 928.493 Thread 0x00007f7a64051000 Thread added: 0x00007f7a64051000
Event: 928.493 Thread 0x00007f7a64051000 Thread exited: 0x00007f7a64051000
Event: 928.493 Protecting memory [0x00007f7a716bc000,0x00007f7a716c0000] with protection modes 0
Event: 928.493 Thread 0x00007f7a64051000 Thread added: 0x00007f7a64051000
Event: 928.494 Thread 0x00007f7a64051000 Thread exited: 0x00007f7a64051000
Event: 929.489 Protecting memory [0x00007f7a716bc000,0x00007f7a716c0000] with protection modes 0
Event: 929.489 Thread 0x00007f7a64051000 Thread added: 0x00007f7a64051000
Event: 929.490 Thread 0x00007f7a64051000 Thread exited: 0x00007f7a64051000
Event: 929.490 Protecting memory [0x00007f7a716bc000,0x00007f7a716c0000] with protection modes 0
Event: 929.490 Thread 0x00007f7a64051000 Thread added: 0x00007f7a64051000
Event: 929.490 Thread 0x00007f7a64051000 Thread exited: 0x00007f7a64051000


Dynamic libraries:
85a00000-8d600000 rw-p 00000000 00:00 0 
8d600000-ffe00000 ---p 00000000 00:00 0 
ffe00000-ffe47000 rw-p 01119000 08:02 1441990                            /usr/lib/jvm/java-11-openjdk-amd64/lib/server/classes.jsa
ffe47000-fff00000 rw-p 00000000 00:00 0 
fff00000-fff6b000 rw-p 010ae000 08:02 1441990                            /usr/lib/jvm/java-11-openjdk-amd64/lib/server/classes.jsa
fff6b000-100000000 rw-p 00000000 00:00 0 
800000000-800002000 rwxp 00001000 08:02 1441990                          /usr/lib/jvm/java-11-openjdk-amd64/lib/server/classes.jsa
800002000-8003cb000 rw-p 00003000 08:02 1441990                          /usr/lib/jvm/java-11-openjdk-amd64/lib/server/classes.jsa
8003cb000-800a9a000 r--p 003cc000 08:02 1441990                          /usr/lib/jvm/java-11-openjdk-amd64/lib/server/classes.jsa
800a9a000-800a9b000 rw-p 00a9b000 08:02 1441990                          /usr/lib/jvm/java-11-openjdk-amd64/lib/server/classes.jsa
800a9b000-8010ad000 r--p 00a9c000 08:02 1441990                          /usr/lib/jvm/java-11-openjdk-amd64/lib/server/classes.jsa
840000000-8400a0000 rw-p 00000000 00:00 0 
8400a0000-880000000 ---p 00000000 00:00 0 
55a775c43000-55a775c44000 r--p 00000000 08:02 1445569                    /usr/lib/jvm/java-11-openjdk-amd64/bin/java
55a775c44000-55a775c45000 r-xp 00001000 08:02 1445569                    /usr/lib/jvm/java-11-openjdk-amd64/bin/java
55a775c45000-55a775c46000 r--p 00002000 08:02 1445569                    /usr/lib/jvm/java-11-openjdk-amd64/bin/java
55a775c46000-55a775c47000 r--p 00002000 08:02 1445569                    /usr/lib/jvm/java-11-openjdk-amd64/bin/java
55a775c47000-55a775c48000 rw-p 00003000 08:02 1445569                    /usr/lib/jvm/java-11-openjdk-amd64/bin/java
55a7777f0000-55a777811000 rw-p 00000000 00:00 0                          [heap]
7f7a28000000-7f7a28021000 rw-p 00000000 00:00 0 
7f7a28021000-7f7a2c000000 ---p 00000000 00:00 0 
7f7a2c000000-7f7a2c021000 rw-p 00000000 00:00 0 
7f7a2c021000-7f7a30000000 ---p 00000000 00:00 0 
7f7a30000000-7f7a30021000 rw-p 00000000 00:00 0 
7f7a30021000-7f7a34000000 ---p 00000000 00:00 0 
7f7a34000000-7f7a34021000 rw-p 00000000 00:00 0 
7f7a34021000-7f7a38000000 ---p 00000000 00:00 0 
7f7a38000000-7f7a38021000 rw-p 00000000 00:00 0 
7f7a38021000-7f7a3c000000 ---p 00000000 00:00 0 
7f7a3effe000-7f7a3efff000 ---p 00000000 00:00 0 
7f7a3efff000-7f7a3f000000 rw-p 00000000 00:00 0 
7f7a3f000000-7f7a3f004000 ---p 00000000 00:00 0 
7f7a3f004000-7f7a3f7ff000 rw-p 00000000 00:00 0 
7f7a3f7ff000-7f7a3f800000 ---p 00000000 00:00 0 
7f7a3f800000-7f7a3f801000 rw-p 00000000 00:00 0 
7f7a3f801000-7f7a3f805000 ---p 00000000 00:00 0 
7f7a3f805000-7f7a40000000 rw-p 00000000 00:00 0 
7f7a4c000000-7f7a4c021000 rw-p 00000000 00:00 0 
7f7a4c021000-7f7a50000000 ---p 00000000 00:00 0 
7f7a5c000000-7f7a5c021000 rw-p 00000000 00:00 0 
7f7a5c021000-7f7a60000000 ---p 00000000 00:00 0 
7f7a64000000-7f7a6405d000 rw-p 00000000 00:00 0 
7f7a6405d000-7f7a68000000 ---p 00000000 00:00 0 
7f7a6c000000-7f7a6c021000 rw-p 00000000 00:00 0 
7f7a6c021000-7f7a70000000 ---p 00000000 00:00 0 
7f7a703b2000-7f7a703b3000 ---p 00000000 00:00 0 
7f7a703b3000-7f7a704b4000 rw-p 00000000 00:00 0 
7f7a704b4000-7f7a704b5000 ---p 00000000 00:00 0 
7f7a704b5000-7f7a705b6000 rw-p 00000000 00:00 0 
7f7a705b6000-7f7a705b7000 ---p 00000000 00:00 0 
7f7a705b7000-7f7a706b8000 rw-p 00000000 00:00 0 
7f7a706b8000-7f7a706b9000 ---p 00000000 00:00 0 
7f7a706b9000-7f7a70eb9000 rw-p 00000000 00:00 0 
7f7a70eb9000-7f7a70eba000 ---p 00000000 00:00 0 
7f7a70eba000-7f7a716ba000 rw-p 00000000 00:00 0 
7f7a716ba000-7f7a716bb000 ---p 00000000 00:00 0 
7f7a716bb000-7f7a716bc000 rw-p 00000000 00:00 0 
7f7a716bc000-7f7a716c0000 ---p 00000000 00:00 0 
7f7a716c0000-7f7a71ebb000 rw-p 00000000 00:00 0 
7f7a71ebb000-7f7a71ebc000 ---p 00000000 00:00 0 
7f7a71ebc000-7f7a726bc000 rw-p 00000000 00:00 0 
7f7a726bc000-7f7a726dc000 r--p 00000000 08:02 1449217                    /usr/lib/x86_64-linux-gnu/libdb-5.3.so
7f7a726dc000-7f7a7281e000 r-xp 00020000 08:02 1449217                    /usr/lib/x86_64-linux-gnu/libdb-5.3.so
7f7a7281e000-7f7a72863000 r--p 00162000 08:02 1449217                    /usr/lib/x86_64-linux-gnu/libdb-5.3.so
7f7a72863000-7f7a7286a000 r--p 001a6000 08:02 1449217                    /usr/lib/x86_64-linux-gnu/libdb-5.3.so
7f7a7286a000-7f7a7286b000 rw-p 001ad000 08:02 1449217                    /usr/lib/x86_64-linux-gnu/libdb-5.3.so
7f7a7286b000-7f7a72871000 r--p 00000000 08:02 1442494                    /usr/lib/x86_64-linux-gnu/libjack.so.0.0.28
7f7a72871000-7f7a7287d000 r-xp 00006000 08:02 1442494                    /usr/lib/x86_64-linux-gnu/libjack.so.0.0.28
7f7a7287d000-7f7a72882000 r--p 00012000 08:02 1442494                    /usr/lib/x86_64-linux-gnu/libjack.so.0.0.28
7f7a72882000-7f7a72883000 r--p 00016000 08:02 1442494                    /usr/lib/x86_64-linux-gnu/libjack.so.0.0.28
7f7a72883000-7f7a72884000 rw-p 00017000 08:02 1442494                    /usr/lib/x86_64-linux-gnu/libjack.so.0.0.28
7f7a72884000-7f7a7288e000 rw-p 00000000 00:00 0 
7f7a7288e000-7f7a729f9000 r-xp 00000000 08:02 1450125                    /usr/lib/x86_64-linux-gnu/libsamplerate.so.0.1.8
7f7a729f9000-7f7a72bf8000 ---p 0016b000 08:02 1450125                    /usr/lib/x86_64-linux-gnu/libsamplerate.so.0.1.8
7f7a72bf8000-7f7a72bf9000 r--p 0016a000 08:02 1450125                    /usr/lib/x86_64-linux-gnu/libsamplerate.so.0.1.8
7f7a72bf9000-7f7a72bfa000 rw-p 0016b000 08:02 1450125                    /usr/lib/x86_64-linux-gnu/libsamplerate.so.0.1.8
7f7a72c06000-7f7a72c08000 r--p 00000000 08:02 2097964                    /usr/lib/x86_64-linux-gnu/alsa-lib/libasound_module_ctl_pulse.so
7f7a72c08000-7f7a72c0b000 r-xp 00002000 08:02 2097964                    /usr/lib/x86_64-linux-gnu/alsa-lib/libasound_module_ctl_pulse.so
7f7a72c0b000-7f7a72c0c000 r--p 00005000 08:02 2097964                    /usr/lib/x86_64-linux-gnu/alsa-lib/libasound_module_ctl_pulse.so
7f7a72c0c000-7f7a72c0d000 r--p 00005000 08:02 2097964                    /usr/lib/x86_64-linux-gnu/alsa-lib/libasound_module_ctl_pulse.so
7f7a72c0d000-7f7a72c0e000 rw-p 00006000 08:02 2097964                    /usr/lib/x86_64-linux-gnu/alsa-lib/libasound_module_ctl_pulse.so
7f7a72c0e000-7f7a72c0f000 r--p 00000000 08:02 2097970                    /usr/lib/x86_64-linux-gnu/alsa-lib/libasound_module_pcm_vdownmix.so
7f7a72c0f000-7f7a72c10000 r-xp 00001000 08:02 2097970                    /usr/lib/x86_64-linux-gnu/alsa-lib/libasound_module_pcm_vdownmix.so
7f7a72c10000-7f7a72c11000 r--p 00002000 08:02 2097970                    /usr/lib/x86_64-linux-gnu/alsa-lib/libasound_module_pcm_vdownmix.so
7f7a72c11000-7f7a72c12000 r--p 00002000 08:02 2097970                    /usr/lib/x86_64-linux-gnu/alsa-lib/libasound_module_pcm_vdownmix.so
7f7a72c12000-7f7a72c13000 rw-p 00003000 08:02 2097970                    /usr/lib/x86_64-linux-gnu/alsa-lib/libasound_module_pcm_vdownmix.so
7f7a72c13000-7f7a72c14000 r--p 00000000 08:02 2097968                    /usr/lib/x86_64-linux-gnu/alsa-lib/libasound_module_pcm_upmix.so
7f7a72c14000-7f7a72c16000 r-xp 00001000 08:02 2097968                    /usr/lib/x86_64-linux-gnu/alsa-lib/libasound_module_pcm_upmix.so
7f7a72c16000-7f7a72c17000 r--p 00003000 08:02 2097968                    /usr/lib/x86_64-linux-gnu/alsa-lib/libasound_module_pcm_upmix.so
7f7a72c17000-7f7a72c18000 r--p 00003000 08:02 2097968                    /usr/lib/x86_64-linux-gnu/alsa-lib/libasound_module_pcm_upmix.so
7f7a72c18000-7f7a72c19000 rw-p 00004000 08:02 2097968                    /usr/lib/x86_64-linux-gnu/alsa-lib/libasound_module_pcm_upmix.so
7f7a72c19000-7f7a72c1a000 ---p 00000000 00:00 0 
7f7a72c1a000-7f7a7341a000 rw-p 00000000 00:00 0 
7f7a7341a000-7f7a7341e000 r--p 00000000 08:02 1449497                    /usr/lib/x86_64-linux-gnu/libgpg-error.so.0.28.0
7f7a7341e000-7f7a73431000 r-xp 00004000 08:02 1449497                    /usr/lib/x86_64-linux-gnu/libgpg-error.so.0.28.0
7f7a73431000-7f7a7343b000 r--p 00017000 08:02 1449497                    /usr/lib/x86_64-linux-gnu/libgpg-error.so.0.28.0
7f7a7343b000-7f7a7343c000 r--p 00020000 08:02 1449497                    /usr/lib/x86_64-linux-gnu/libgpg-error.so.0.28.0
7f7a7343c000-7f7a7343d000 rw-p 00021000 08:02 1449497                    /usr/lib/x86_64-linux-gnu/libgpg-error.so.0.28.0
7f7a7343d000-7f7a73441000 r--p 00000000 08:02 1449109                    /usr/lib/x86_64-linux-gnu/libbsd.so.0.10.0
7f7a73441000-7f7a73450000 r-xp 00004000 08:02 1449109                    /usr/lib/x86_64-linux-gnu/libbsd.so.0.10.0
7f7a73450000-7f7a73453000 r--p 00013000 08:02 1449109                    /usr/lib/x86_64-linux-gnu/libbsd.so.0.10.0
7f7a73453000-7f7a73454000 ---p 00016000 08:02 1449109                    /usr/lib/x86_64-linux-gnu/libbsd.so.0.10.0
7f7a73454000-7f7a73455000 r--p 00016000 08:02 1449109                    /usr/lib/x86_64-linux-gnu/libbsd.so.0.10.0
7f7a73455000-7f7a73456000 rw-p 00017000 08:02 1449109                    /usr/lib/x86_64-linux-gnu/libbsd.so.0.10.0
7f7a73456000-7f7a73457000 rw-p 00000000 00:00 0 
7f7a73457000-7f7a7345b000 r--p 00000000 08:02 1445806                    /usr/lib/x86_64-linux-gnu/libresolv-2.31.so
7f7a7345b000-7f7a7346b000 r-xp 00004000 08:02 1445806                    /usr/lib/x86_64-linux-gnu/libresolv-2.31.so
7f7a7346b000-7f7a7346f000 r--p 00014000 08:02 1445806                    /usr/lib/x86_64-linux-gnu/libresolv-2.31.so
7f7a7346f000-7f7a73470000 r--p 00017000 08:02 1445806                    /usr/lib/x86_64-linux-gnu/libresolv-2.31.so
7f7a73470000-7f7a73471000 rw-p 00018000 08:02 1445806                    /usr/lib/x86_64-linux-gnu/libresolv-2.31.so
7f7a73471000-7f7a73473000 rw-p 00000000 00:00 0 
7f7a73473000-7f7a73487000 r--p 00000000 08:02 1450341                    /usr/lib/x86_64-linux-gnu/libvorbisenc.so.2.0.11
7f7a73487000-7f7a7348a000 r-xp 00014000 08:02 1450341                    /usr/lib/x86_64-linux-gnu/libvorbisenc.so.2.0.11
7f7a7348a000-7f7a73501000 r--p 00017000 08:02 1450341                    /usr/lib/x86_64-linux-gnu/libvorbisenc.so.2.0.11
7f7a73501000-7f7a7351d000 r--p 0008d000 08:02 1450341                    /usr/lib/x86_64-linux-gnu/libvorbisenc.so.2.0.11
7f7a7351d000-7f7a7351e000 rw-p 000a9000 08:02 1450341                    /usr/lib/x86_64-linux-gnu/libvorbisenc.so.2.0.11
7f7a7351e000-7f7a73521000 r--p 00000000 08:02 1450339                    /usr/lib/x86_64-linux-gnu/libvorbis.so.0.4.8
7f7a73521000-7f7a73538000 r-xp 00003000 08:02 1450339                    /usr/lib/x86_64-linux-gnu/libvorbis.so.0.4.8
7f7a73538000-7f7a73549000 r--p 0001a000 08:02 1450339                    /usr/lib/x86_64-linux-gnu/libvorbis.so.0.4.8
7f7a73549000-7f7a7354a000 ---p 0002b000 08:02 1450339                    /usr/lib/x86_64-linux-gnu/libvorbis.so.0.4.8
7f7a7354a000-7f7a7354b000 r--p 0002b000 08:02 1450339                    /usr/lib/x86_64-linux-gnu/libvorbis.so.0.4.8
7f7a7354b000-7f7a7354c000 rw-p 0002c000 08:02 1450339                    /usr/lib/x86_64-linux-gnu/libvorbis.so.0.4.8
7f7a7354c000-7f7a7354e000 r--p 00000000 08:02 1449917                    /usr/lib/x86_64-linux-gnu/libogg.so.0.8.4
7f7a7354e000-7f7a73553000 r-xp 00002000 08:02 1449917                    /usr/lib/x86_64-linux-gnu/libogg.so.0.8.4
7f7a73553000-7f7a73556000 r--p 00007000 08:02 1449917                    /usr/lib/x86_64-linux-gnu/libogg.so.0.8.4
7f7a73556000-7f7a73557000 ---p 0000a000 08:02 1449917                    /usr/lib/x86_64-linux-gnu/libogg.so.0.8.4
7f7a73557000-7f7a73558000 r--p 0000a000 08:02 1449917                    /usr/lib/x86_64-linux-gnu/libogg.so.0.8.4
7f7a73558000-7f7a73559000 rw-p 0000b000 08:02 1449917                    /usr/lib/x86_64-linux-gnu/libogg.so.0.8.4
7f7a73559000-7f7a73561000 r--p 00000000 08:02 1448904                    /usr/lib/x86_64-linux-gnu/libFLAC.so.8.3.0
7f7a73561000-7f7a7358a000 r-xp 00008000 08:02 1448904                    /usr/lib/x86_64-linux-gnu/libFLAC.so.8.3.0
7f7a7358a000-7f7a73594000 r--p 00031000 08:02 1448904                    /usr/lib/x86_64-linux-gnu/libFLAC.so.8.3.0
7f7a73594000-7f7a73595000 ---p 0003b000 08:02 1448904                    /usr/lib/x86_64-linux-gnu/libFLAC.so.8.3.0
7f7a73595000-7f7a73596000 r--p 0003b000 08:02 1448904                    /usr/lib/x86_64-linux-gnu/libFLAC.so.8.3.0
7f7a73596000-7f7a73597000 rw-p 0003c000 08:02 1448904                    /usr/lib/x86_64-linux-gnu/libFLAC.so.8.3.0
7f7a73597000-7f7a7359b000 r--p 00000000 08:02 1445797                    /usr/lib/x86_64-linux-gnu/libnsl-2.31.so
7f7a7359b000-7f7a735ab000 r-xp 00004000 08:02 1445797                    /usr/lib/x86_64-linux-gnu/libnsl-2.31.so
7f7a735ab000-7f7a735b0000 r--p 00014000 08:02 1445797                    /usr/lib/x86_64-linux-gnu/libnsl-2.31.so
7f7a735b0000-7f7a735b1000 r--p 00018000 08:02 1445797                    /usr/lib/x86_64-linux-gnu/libnsl-2.31.so
7f7a735b1000-7f7a735b2000 rw-p 00019000 08:02 1445797                    /usr/lib/x86_64-linux-gnu/libnsl-2.31.so
7f7a735b2000-7f7a735b4000 rw-p 00000000 00:00 0 
7f7a735b4000-7f7a735c0000 r--p 00000000 08:02 1447651                    /usr/lib/x86_64-linux-gnu/libgcrypt.so.20.2.5
7f7a735c0000-7f7a7368e000 r-xp 0000c000 08:02 1447651                    /usr/lib/x86_64-linux-gnu/libgcrypt.so.20.2.5
7f7a7368e000-7f7a736cb000 r--p 000da000 08:02 1447651                    /usr/lib/x86_64-linux-gnu/libgcrypt.so.20.2.5
7f7a736cb000-7f7a736cd000 r--p 00116000 08:02 1447651                    /usr/lib/x86_64-linux-gnu/libgcrypt.so.20.2.5
7f7a736cd000-7f7a736d2000 rw-p 00118000 08:02 1447651                    /usr/lib/x86_64-linux-gnu/libgcrypt.so.20.2.5
7f7a736d2000-7f7a736d4000 r--p 00000000 08:02 1449762                    /usr/lib/x86_64-linux-gnu/liblz4.so.1.9.2
7f7a736d4000-7f7a736ee000 r-xp 00002000 08:02 1449762                    /usr/lib/x86_64-linux-gnu/liblz4.so.1.9.2
7f7a736ee000-7f7a736f1000 r--p 0001c000 08:02 1449762                    /usr/lib/x86_64-linux-gnu/liblz4.so.1.9.2
7f7a736f1000-7f7a736f2000 r--p 0001e000 08:02 1449762                    /usr/lib/x86_64-linux-gnu/liblz4.so.1.9.2
7f7a736f2000-7f7a736f3000 rw-p 0001f000 08:02 1449762                    /usr/lib/x86_64-linux-gnu/liblz4.so.1.9.2
7f7a736f3000-7f7a736f6000 r--p 00000000 08:02 1443497                    /usr/lib/x86_64-linux-gnu/liblzma.so.5.2.4
7f7a736f6000-7f7a7370e000 r-xp 00003000 08:02 1443497                    /usr/lib/x86_64-linux-gnu/liblzma.so.5.2.4
7f7a7370e000-7f7a73719000 r--p 0001b000 08:02 1443497                    /usr/lib/x86_64-linux-gnu/liblzma.so.5.2.4
7f7a73719000-7f7a7371a000 ---p 00026000 08:02 1443497                    /usr/lib/x86_64-linux-gnu/liblzma.so.5.2.4
7f7a7371a000-7f7a7371b000 r--p 00026000 08:02 1443497                    /usr/lib/x86_64-linux-gnu/liblzma.so.5.2.4
7f7a7371b000-7f7a7371c000 rw-p 00027000 08:02 1443497                    /usr/lib/x86_64-linux-gnu/liblzma.so.5.2.4
7f7a7371c000-7f7a7371f000 r--p 00000000 08:02 1449007                    /usr/lib/x86_64-linux-gnu/libapparmor.so.1.6.1
7f7a7371f000-7f7a73728000 r-xp 00003000 08:02 1449007                    /usr/lib/x86_64-linux-gnu/libapparmor.so.1.6.1
7f7a73728000-7f7a7372f000 r--p 0000c000 08:02 1449007                    /usr/lib/x86_64-linux-gnu/libapparmor.so.1.6.1
7f7a7372f000-7f7a73730000 r--p 00012000 08:02 1449007                    /usr/lib/x86_64-linux-gnu/libapparmor.so.1.6.1
7f7a73730000-7f7a73731000 rw-p 00013000 08:02 1449007                    /usr/lib/x86_64-linux-gnu/libapparmor.so.1.6.1
7f7a73731000-7f7a73736000 r-xp 00000000 08:02 1449028                    /usr/lib/x86_64-linux-gnu/libasyncns.so.0.3.1
7f7a73736000-7f7a73935000 ---p 00005000 08:02 1449028                    /usr/lib/x86_64-linux-gnu/libasyncns.so.0.3.1
7f7a73935000-7f7a73936000 r--p 00004000 08:02 1449028                    /usr/lib/x86_64-linux-gnu/libasyncns.so.0.3.1
7f7a73936000-7f7a73937000 rw-p 00005000 08:02 1449028                    /usr/lib/x86_64-linux-gnu/libasyncns.so.0.3.1
7f7a73937000-7f7a7393e000 r--p 00000000 08:02 1450170                    /usr/lib/x86_64-linux-gnu/libsndfile.so.1.0.28
7f7a7393e000-7f7a73991000 r-xp 00007000 08:02 1450170                    /usr/lib/x86_64-linux-gnu/libsndfile.so.1.0.28
7f7a73991000-7f7a739ae000 r--p 0005a000 08:02 1450170                    /usr/lib/x86_64-linux-gnu/libsndfile.so.1.0.28
7f7a739ae000-7f7a739af000 ---p 00077000 08:02 1450170                    /usr/lib/x86_64-linux-gnu/libsndfile.so.1.0.28
7f7a739af000-7f7a739b2000 r--p 00077000 08:02 1450170                    /usr/lib/x86_64-linux-gnu/libsndfile.so.1.0.28
7f7a739b2000-7f7a739b3000 rw-p 0007a000 08:02 1450170                    /usr/lib/x86_64-linux-gnu/libsndfile.so.1.0.28
7f7a739b3000-7f7a739b5000 rw-p 00000000 00:00 0 
7f7a739b5000-7f7a739c5000 r--p 00000000 08:02 1446018                    /usr/lib/x86_64-linux-gnu/libsystemd.so.0.28.0
7f7a739c5000-7f7a73a3a000 r-xp 00010000 08:02 1446018                    /usr/lib/x86_64-linux-gnu/libsystemd.so.0.28.0
7f7a73a3a000-7f7a73a5f000 r--p 00085000 08:02 1446018                    /usr/lib/x86_64-linux-gnu/libsystemd.so.0.28.0
7f7a73a5f000-7f7a73a62000 r--p 000a9000 08:02 1446018                    /usr/lib/x86_64-linux-gnu/libsystemd.so.0.28.0
7f7a73a62000-7f7a73a63000 rw-p 000ac000 08:02 1446018                    /usr/lib/x86_64-linux-gnu/libsystemd.so.0.28.0
7f7a73a63000-7f7a73a64000 rw-p 00000000 00:00 0 
7f7a73a64000-7f7a73a6f000 r--p 00000000 08:02 1450442                    /usr/lib/x86_64-linux-gnu/libxcb.so.1.1.0
7f7a73a6f000-7f7a73a83000 r-xp 0000b000 08:02 1450442                    /usr/lib/x86_64-linux-gnu/libxcb.so.1.1.0
7f7a73a83000-7f7a73a8c000 r--p 0001f000 08:02 1450442                    /usr/lib/x86_64-linux-gnu/libxcb.so.1.1.0
7f7a73a8c000-7f7a73a8d000 r--p 00027000 08:02 1450442                    /usr/lib/x86_64-linux-gnu/libxcb.so.1.1.0
7f7a73a8d000-7f7a73a8e000 rw-p 00028000 08:02 1450442                    /usr/lib/x86_64-linux-gnu/libxcb.so.1.1.0
7f7a73a8e000-7f7a73a99000 r--p 00000000 08:02 1442000                    /usr/lib/x86_64-linux-gnu/libdbus-1.so.3.19.11
7f7a73a99000-7f7a73ac7000 r-xp 0000b000 08:02 1442000                    /usr/lib/x86_64-linux-gnu/libdbus-1.so.3.19.11
7f7a73ac7000-7f7a73adc000 r--p 00039000 08:02 1442000                    /usr/lib/x86_64-linux-gnu/libdbus-1.so.3.19.11
7f7a73adc000-7f7a73add000 ---p 0004e000 08:02 1442000                    /usr/lib/x86_64-linux-gnu/libdbus-1.so.3.19.11
7f7a73add000-7f7a73ade000 r--p 0004e000 08:02 1442000                    /usr/lib/x86_64-linux-gnu/libdbus-1.so.3.19.11
7f7a73ade000-7f7a73adf000 rw-p 0004f000 08:02 1442000                    /usr/lib/x86_64-linux-gnu/libdbus-1.so.3.19.11
7f7a73adf000-7f7a73af0000 r--p 00000000 08:02 2097637                    /usr/lib/x86_64-linux-gnu/pulseaudio/libpulsecommon-13.99.so
7f7a73af0000-7f7a73b38000 r-xp 00011000 08:02 2097637                    /usr/lib/x86_64-linux-gnu/pulseaudio/libpulsecommon-13.99.so
7f7a73b38000-7f7a73b5d000 r--p 00059000 08:02 2097637                    /usr/lib/x86_64-linux-gnu/pulseaudio/libpulsecommon-13.99.so
7f7a73b5d000-7f7a73b5e000 ---p 0007e000 08:02 2097637                    /usr/lib/x86_64-linux-gnu/pulseaudio/libpulsecommon-13.99.so
7f7a73b5e000-7f7a73b60000 r--p 0007e000 08:02 2097637                    /usr/lib/x86_64-linux-gnu/pulseaudio/libpulsecommon-13.99.so
7f7a73b60000-7f7a73b61000 rw-p 00080000 08:02 2097637                    /usr/lib/x86_64-linux-gnu/pulseaudio/libpulsecommon-13.99.so
7f7a73b61000-7f7a73b6d000 r--p 00000000 08:02 1442666                    /usr/lib/x86_64-linux-gnu/libpulse.so.0.21.2
7f7a73b6d000-7f7a73b9d000 r-xp 0000c000 08:02 1442666                    /usr/lib/x86_64-linux-gnu/libpulse.so.0.21.2
7f7a73b9d000-7f7a73bb3000 r--p 0003c000 08:02 1442666                    /usr/lib/x86_64-linux-gnu/libpulse.so.0.21.2
7f7a73bb3000-7f7a73bb5000 r--p 00051000 08:02 1442666                    /usr/lib/x86_64-linux-gnu/libpulse.so.0.21.2
7f7a73bb5000-7f7a73bb6000 rw-p 00053000 08:02 1442666                    /usr/lib/x86_64-linux-gnu/libpulse.so.0.21.2
7f7a73bb8000-7f7a73bb9000 r--p 00000000 08:02 2097966                    /usr/lib/x86_64-linux-gnu/alsa-lib/libasound_module_pcm_oss.so
7f7a73bb9000-7f7a73bbb000 r-xp 00001000 08:02 2097966                    /usr/lib/x86_64-linux-gnu/alsa-lib/libasound_module_pcm_oss.so
7f7a73bbb000-7f7a73bbc000 r--p 00003000 08:02 2097966                    /usr/lib/x86_64-linux-gnu/alsa-lib/libasound_module_pcm_oss.so
7f7a73bbc000-7f7a73bbd000 r--p 00003000 08:02 2097966                    /usr/lib/x86_64-linux-gnu/alsa-lib/libasound_module_pcm_oss.so
7f7a73bbd000-7f7a73bbe000 rw-p 00004000 08:02 2097966                    /usr/lib/x86_64-linux-gnu/alsa-lib/libasound_module_pcm_oss.so
7f7a73bbe000-7f7a73bc0000 r--p 00000000 08:02 2097965                    /usr/lib/x86_64-linux-gnu/alsa-lib/libasound_module_pcm_jack.so
7f7a73bc0000-7f7a73bc2000 r-xp 00002000 08:02 2097965                    /usr/lib/x86_64-linux-gnu/alsa-lib/libasound_module_pcm_jack.so
7f7a73bc2000-7f7a73bc3000 r--p 00004000 08:02 2097965                    /usr/lib/x86_64-linux-gnu/alsa-lib/libasound_module_pcm_jack.so
7f7a73bc3000-7f7a73bc4000 r--p 00004000 08:02 2097965                    /usr/lib/x86_64-linux-gnu/alsa-lib/libasound_module_pcm_jack.so
7f7a73bc4000-7f7a73bc5000 rw-p 00005000 08:02 2097965                    /usr/lib/x86_64-linux-gnu/alsa-lib/libasound_module_pcm_jack.so
7f7a73bc5000-7f7a73bc6000 r--p 00000000 08:02 2097976                    /usr/lib/x86_64-linux-gnu/alsa-lib/libasound_module_rate_speexrate.so
7f7a73bc6000-7f7a73bc9000 r-xp 00001000 08:02 2097976                    /usr/lib/x86_64-linux-gnu/alsa-lib/libasound_module_rate_speexrate.so
7f7a73bc9000-7f7a73bca000 r--p 00004000 08:02 2097976                    /usr/lib/x86_64-linux-gnu/alsa-lib/libasound_module_rate_speexrate.so
7f7a73bca000-7f7a73bcb000 r--p 00004000 08:02 2097976                    /usr/lib/x86_64-linux-gnu/alsa-lib/libasound_module_rate_speexrate.so
7f7a73bcb000-7f7a73bcc000 rw-p 00005000 08:02 2097976                    /usr/lib/x86_64-linux-gnu/alsa-lib/libasound_module_rate_speexrate.so
7f7a73bcc000-7f7a73bce000 r--p 00000000 08:02 2097967                    /usr/lib/x86_64-linux-gnu/alsa-lib/libasound_module_pcm_pulse.so
7f7a73bce000-7f7a73bd1000 r-xp 00002000 08:02 2097967                    /usr/lib/x86_64-linux-gnu/alsa-lib/libasound_module_pcm_pulse.so
7f7a73bd1000-7f7a73bd2000 r--p 00005000 08:02 2097967                    /usr/lib/x86_64-linux-gnu/alsa-lib/libasound_module_pcm_pulse.so
7f7a73bd2000-7f7a73bd3000 ---p 00006000 08:02 2097967                    /usr/lib/x86_64-linux-gnu/alsa-lib/libasound_module_pcm_pulse.so
7f7a73bd3000-7f7a73bd4000 r--p 00006000 08:02 2097967                    /usr/lib/x86_64-linux-gnu/alsa-lib/libasound_module_pcm_pulse.so
7f7a73bd4000-7f7a73bd5000 rw-p 00007000 08:02 2097967                    /usr/lib/x86_64-linux-gnu/alsa-lib/libasound_module_pcm_pulse.so
7f7a73bd5000-7f7a73c12000 rw-p 00000000 00:00 0 
7f7a73c12000-7f7a73c14000 r--p 00000000 08:02 2234013                    /usr/local/lib/libilbccodec.so.2
7f7a73c14000-7f7a73c1e000 r-xp 00002000 08:02 2234013                    /usr/local/lib/libilbccodec.so.2
7f7a73c1e000-7f7a73c20000 r--p 0000c000 08:02 2234013                    /usr/local/lib/libilbccodec.so.2
7f7a73c20000-7f7a73c21000 r--p 0000d000 08:02 2234013                    /usr/local/lib/libilbccodec.so.2
7f7a73c21000-7f7a73c23000 rw-p 0000e000 08:02 2234013                    /usr/local/lib/libilbccodec.so.2
7f7a73c23000-7f7a73c24000 r--p 00000000 08:02 2234009                    /usr/local/lib/libgsmcodec.so.2
7f7a73c24000-7f7a73c2c000 r-xp 00001000 08:02 2234009                    /usr/local/lib/libgsmcodec.so.2
7f7a73c2c000-7f7a73c2d000 r--p 00009000 08:02 2234009                    /usr/local/lib/libgsmcodec.so.2
7f7a73c2d000-7f7a73c2e000 r--p 00009000 08:02 2234009                    /usr/local/lib/libgsmcodec.so.2
7f7a73c2e000-7f7a73c2f000 rw-p 0000a000 08:02 2234009                    /usr/local/lib/libgsmcodec.so.2
7f7a73c2f000-7f7a73c59000 r--p 00000000 08:02 1442673                    /usr/lib/x86_64-linux-gnu/libasound.so.2.0.0
7f7a73c59000-7f7a73ce8000 r-xp 0002a000 08:02 1442673                    /usr/lib/x86_64-linux-gnu/libasound.so.2.0.0
7f7a73ce8000-7f7a73d22000 r--p 000b9000 08:02 1442673                    /usr/lib/x86_64-linux-gnu/libasound.so.2.0.0
7f7a73d22000-7f7a73d29000 r--p 000f2000 08:02 1442673                    /usr/lib/x86_64-linux-gnu/libasound.so.2.0.0
7f7a73d29000-7f7a73d2a000 rw-p 000f9000 08:02 1442673                    /usr/lib/x86_64-linux-gnu/libasound.so.2.0.0
7f7a73d2a000-7f7a73da2000 r--p 00000000 08:02 1442965                    /usr/lib/x86_64-linux-gnu/libcrypto.so.1.1
7f7a73da2000-7f7a73f3d000 r-xp 00078000 08:02 1442965                    /usr/lib/x86_64-linux-gnu/libcrypto.so.1.1
7f7a73f3d000-7f7a73fce000 r--p 00213000 08:02 1442965                    /usr/lib/x86_64-linux-gnu/libcrypto.so.1.1
7f7a73fce000-7f7a73ffa000 r--p 002a3000 08:02 1442965                    /usr/lib/x86_64-linux-gnu/libcrypto.so.1.1
7f7a73ffa000-7f7a73ffc000 rw-p 002cf000 08:02 1442965                    /usr/lib/x86_64-linux-gnu/libcrypto.so.1.1
7f7a73ffc000-7f7a74000000 rw-p 00000000 00:00 0 
7f7a74000000-7f7a74021000 rw-p 00000000 00:00 0 
7f7a74021000-7f7a78000000 ---p 00000000 00:00 0 
7f7a78000000-7f7a78021000 rw-p 00000000 00:00 0 
7f7a78021000-7f7a7c000000 ---p 00000000 00:00 0 
7f7a7c000000-7f7a7c20f000 rw-p 00000000 00:00 0 
7f7a7c20f000-7f7a80000000 ---p 00000000 00:00 0 
7f7a80000000-7f7a801ea000 rw-p 00000000 00:00 0 
7f7a801ea000-7f7a84000000 ---p 00000000 00:00 0 
7f7a84000000-7f7a84021000 rw-p 00000000 00:00 0 
7f7a84021000-7f7a88000000 ---p 00000000 00:00 0 
7f7a88000000-7f7a88021000 rw-p 00000000 00:00 0 
7f7a88021000-7f7a8c000000 ---p 00000000 00:00 0 
7f7a8c000000-7f7a8c021000 rw-p 00000000 00:00 0 
7f7a8c021000-7f7a90000000 ---p 00000000 00:00 0 
7f7a90000000-7f7a90021000 rw-p 00000000 00:00 0 
7f7a90021000-7f7a94000000 ---p 00000000 00:00 0 
7f7a94000000-7f7a94021000 rw-p 00000000 00:00 0 
7f7a94021000-7f7a98000000 ---p 00000000 00:00 0 
7f7a98000000-7f7a98021000 rw-p 00000000 00:00 0 
7f7a98021000-7f7a9c000000 ---p 00000000 00:00 0 
7f7a9c000000-7f7a9c021000 rw-p 00000000 00:00 0 
7f7a9c021000-7f7aa0000000 ---p 00000000 00:00 0 
7f7aa0000000-7f7aa0021000 rw-p 00000000 00:00 0 
7f7aa0021000-7f7aa4000000 ---p 00000000 00:00 0 
7f7aa4001000-7f7aa401d000 r--p 00000000 08:02 1444741                    /usr/lib/x86_64-linux-gnu/libssl.so.1.1
7f7aa401d000-7f7aa406c000 r-xp 0001c000 08:02 1444741                    /usr/lib/x86_64-linux-gnu/libssl.so.1.1
7f7aa406c000-7f7aa4086000 r--p 0006b000 08:02 1444741                    /usr/lib/x86_64-linux-gnu/libssl.so.1.1
7f7aa4086000-7f7aa4087000 ---p 00085000 08:02 1444741                    /usr/lib/x86_64-linux-gnu/libssl.so.1.1
7f7aa4087000-7f7aa4090000 r--p 00085000 08:02 1444741                    /usr/lib/x86_64-linux-gnu/libssl.so.1.1
7f7aa4090000-7f7aa4094000 rw-p 0008e000 08:02 1444741                    /usr/lib/x86_64-linux-gnu/libssl.so.1.1
7f7aa4094000-7f7aa409a000 r--p 00000000 08:02 2234019                    /usr/local/lib/libwebrtc.so.2
7f7aa409a000-7f7aa40b3000 r-xp 00006000 08:02 2234019                    /usr/local/lib/libwebrtc.so.2
7f7aa40b3000-7f7aa40bb000 r--p 0001f000 08:02 2234019                    /usr/local/lib/libwebrtc.so.2
7f7aa40bb000-7f7aa40bc000 r--p 00026000 08:02 2234019                    /usr/local/lib/libwebrtc.so.2
7f7aa40bc000-7f7aa40bd000 rw-p 00027000 08:02 2234019                    /usr/local/lib/libwebrtc.so.2
7f7aa40bd000-7f7aa40c3000 r--p 00000000 08:02 2234011                    /usr/local/lib/libspeex.so.2
7f7aa40c3000-7f7aa40e1000 r-xp 00006000 08:02 2234011                    /usr/local/lib/libspeex.so.2
7f7aa40e1000-7f7aa40e9000 r--p 00024000 08:02 2234011                    /usr/local/lib/libspeex.so.2
7f7aa40e9000-7f7aa40ea000 ---p 0002c000 08:02 2234011                    /usr/local/lib/libspeex.so.2
7f7aa40ea000-7f7aa40eb000 r--p 0002c000 08:02 2234011                    /usr/local/lib/libspeex.so.2
7f7aa40eb000-7f7aa40ec000 rw-p 0002d000 08:02 2234011                    /usr/local/lib/libspeex.so.2
7f7aa40ec000-7f7aa40ed000 r--p 00000000 08:02 2234007                    /usr/local/lib/libresample.so.2
7f7aa40ed000-7f7aa40ee000 r-xp 00001000 08:02 2234007                    /usr/local/lib/libresample.so.2
7f7aa40ee000-7f7aa40f9000 r--p 00002000 08:02 2234007                    /usr/local/lib/libresample.so.2
7f7aa40f9000-7f7aa40fa000 r--p 0000c000 08:02 2234007                    /usr/local/lib/libresample.so.2
7f7aa40fa000-7f7aa40fb000 rw-p 0000d000 08:02 2234007                    /usr/local/lib/libresample.so.2
7f7aa40fb000-7f7aa4100000 r--p 00000000 08:02 2234005                    /usr/local/lib/libsrtp.so.2
7f7aa4100000-7f7aa410b000 r-xp 00005000 08:02 2234005                    /usr/local/lib/libsrtp.so.2
7f7aa410b000-7f7aa410f000 r--p 00010000 08:02 2234005                    /usr/local/lib/libsrtp.so.2
7f7aa410f000-7f7aa4110000 r--p 00013000 08:02 2234005                    /usr/local/lib/libsrtp.so.2
7f7aa4110000-7f7aa4111000 rw-p 00014000 08:02 2234005                    /usr/local/lib/libsrtp.so.2
7f7aa4111000-7f7aa4119000 r--p 00000000 08:02 2234039                    /usr/local/lib/libpjnath.so.2
7f7aa4119000-7f7aa4137000 r-xp 00008000 08:02 2234039                    /usr/local/lib/libpjnath.so.2
7f7aa4137000-7f7aa4143000 r--p 00026000 08:02 2234039                    /usr/local/lib/libpjnath.so.2
7f7aa4143000-7f7aa4144000 r--p 00031000 08:02 2234039                    /usr/local/lib/libpjnath.so.2
7f7aa4144000-7f7aa4146000 rw-p 00032000 08:02 2234039                    /usr/local/lib/libpjnath.so.2
7f7aa4146000-7f7aa4149000 r--p 00000000 08:02 2234031                    /usr/local/lib/libpjmedia-codec.so.2
7f7aa4149000-7f7aa4151000 r-xp 00003000 08:02 2234031                    /usr/local/lib/libpjmedia-codec.so.2
7f7aa4151000-7f7aa4154000 r--p 0000b000 08:02 2234031                    /usr/local/lib/libpjmedia-codec.so.2
7f7aa4154000-7f7aa4155000 r--p 0000d000 08:02 2234031                    /usr/local/lib/libpjmedia-codec.so.2
7f7aa4155000-7f7aa4156000 rw-p 0000e000 08:02 2234031                    /usr/local/lib/libpjmedia-codec.so.2
7f7aa4156000-7f7aa415c000 r--p 00000000 08:02 2234025                    /usr/local/lib/libpjsip-ua.so.2
7f7aa415c000-7f7aa416e000 r-xp 00006000 08:02 2234025                    /usr/local/lib/libpjsip-ua.so.2
7f7aa416e000-7f7aa4174000 r--p 00018000 08:02 2234025                    /usr/local/lib/libpjsip-ua.so.2
7f7aa4174000-7f7aa4175000 r--p 0001d000 08:02 2234025                    /usr/local/lib/libpjsip-ua.so.2
7f7aa4175000-7f7aa4176000 rw-p 0001e000 08:02 2234025                    /usr/local/lib/libpjsip-ua.so.2
7f7aa4176000-7f7aa4182000 r--p 00000000 08:02 2234043                    /usr/local/lib/libpj.so.2
7f7aa4182000-7f7aa41a0000 r-xp 0000c000 08:02 2234043                    /usr/local/lib/libpj.so.2
7f7aa41a0000-7f7aa41ab000 r--p 0002a000 08:02 2234043                    /usr/local/lib/libpj.so.2
7f7aa41ab000-7f7aa41ac000 ---p 00035000 08:02 2234043                    /usr/local/lib/libpj.so.2
7f7aa41ac000-7f7aa41ad000 r--p 00035000 08:02 2234043                    /usr/local/lib/libpj.so.2
7f7aa41ad000-7f7aa41ae000 rw-p 00036000 08:02 2234043                    /usr/local/lib/libpj.so.2
7f7aa41ae000-7f7aa41b0000 rw-p 00000000 00:00 0 
7f7aa41b0000-7f7aa41b7000 r--p 00000000 08:02 2234041                    /usr/local/lib/libpjlib-util.so.2
7f7aa41b7000-7f7aa41d1000 r-xp 00007000 08:02 2234041                    /usr/local/lib/libpjlib-util.so.2
7f7aa41d1000-7f7aa41d9000 r--p 00021000 08:02 2234041                    /usr/local/lib/libpjlib-util.so.2
7f7aa41d9000-7f7aa41da000 r--p 00028000 08:02 2234041                    /usr/local/lib/libpjlib-util.so.2
7f7aa41da000-7f7aa41db000 rw-p 00029000 08:02 2234041                    /usr/local/lib/libpjlib-util.so.2
7f7aa41db000-7f7aa41e9000 r--p 00000000 08:02 2234035                    /usr/local/lib/libpjmedia.so.2
7f7aa41e9000-7f7aa4221000 r-xp 0000e000 08:02 2234035                    /usr/local/lib/libpjmedia.so.2
7f7aa4221000-7f7aa423e000 r--p 00046000 08:02 2234035                    /usr/local/lib/libpjmedia.so.2
7f7aa423e000-7f7aa423f000 ---p 00063000 08:02 2234035                    /usr/local/lib/libpjmedia.so.2
7f7aa423f000-7f7aa4240000 r--p 00063000 08:02 2234035                    /usr/local/lib/libpjmedia.so.2
7f7aa4240000-7f7aa4242000 rw-p 00064000 08:02 2234035                    /usr/local/lib/libpjmedia.so.2
7f7aa4242000-7f7aa4243000 rw-p 00000000 00:00 0 
7f7aa4243000-7f7aa4251000 r--p 00000000 08:02 2234023                    /usr/local/lib/libpjsua.so.2
7f7aa4251000-7f7aa4286000 r-xp 0000e000 08:02 2234023                    /usr/local/lib/libpjsua.so.2
7f7aa4286000-7f7aa4293000 r--p 00043000 08:02 2234023                    /usr/local/lib/libpjsua.so.2
7f7aa4293000-7f7aa4294000 r--p 0004f000 08:02 2234023                    /usr/local/lib/libpjsua.so.2
7f7aa4294000-7f7aa4296000 rw-p 00050000 08:02 2234023                    /usr/local/lib/libpjsua.so.2
7f7aa4296000-7f7aa4378000 rw-p 00000000 00:00 0 
7f7aa4378000-7f7aa4394000 r--p 00000000 08:02 2234021                    /usr/local/lib/libpjsua2.so.2
7f7aa4394000-7f7aa43e8000 r-xp 0001c000 08:02 2234021                    /usr/local/lib/libpjsua2.so.2
7f7aa43e8000-7f7aa43fd000 r--p 00070000 08:02 2234021                    /usr/local/lib/libpjsua2.so.2
7f7aa43fd000-7f7aa43ff000 r--p 00084000 08:02 2234021                    /usr/local/lib/libpjsua2.so.2
7f7aa43ff000-7f7aa4401000 rw-p 00086000 08:02 2234021                    /usr/local/lib/libpjsua2.so.2
7f7aa4401000-7f7aa4450000 r--p 00000000 08:02 1444779                    /usr/lib/libpjsua2.so
7f7aa4450000-7f7aa44dc000 r-xp 0004f000 08:02 1444779                    /usr/lib/libpjsua2.so
7f7aa44dc000-7f7aa4512000 r--p 000db000 08:02 1444779                    /usr/lib/libpjsua2.so
7f7aa4512000-7f7aa4513000 ---p 00111000 08:02 1444779                    /usr/lib/libpjsua2.so
7f7aa4513000-7f7aa4514000 r--p 00111000 08:02 1444779                    /usr/lib/libpjsua2.so
7f7aa4514000-7f7aa4516000 rw-p 00112000 08:02 1444779                    /usr/lib/libpjsua2.so
7f7aa4516000-7f7aa467f000 r-xp 00000000 08:02 1444772                    /usr/lib/libopenh264.so
7f7aa467f000-7f7aa487f000 ---p 00169000 08:02 1444772                    /usr/lib/libopenh264.so
7f7aa487f000-7f7aa4882000 r--p 00169000 08:02 1444772                    /usr/lib/libopenh264.so
7f7aa4882000-7f7aa4884000 rw-p 0016c000 08:02 1444772                    /usr/lib/libopenh264.so
7f7aa4884000-7f7aa4888000 ---p 00000000 00:00 0 
7f7aa4888000-7f7aa4985000 rw-p 00000000 00:00 0 
7f7aa4985000-7f7aa4986000 ---p 00000000 00:00 0 
7f7aa4986000-7f7aa4a87000 rw-p 00000000 00:00 0 
7f7aa4a87000-7f7aa4a8b000 ---p 00000000 00:00 0 
7f7aa4a8b000-7f7aa4b88000 rw-p 00000000 00:00 0 
7f7aa4b88000-7f7aa4b8c000 ---p 00000000 00:00 0 
7f7aa4b8c000-7f7aa4c89000 rw-p 00000000 00:00 0 
7f7aa4c89000-7f7aa4c8d000 ---p 00000000 00:00 0 
7f7aa4c8d000-7f7aa4d8a000 rw-p 00000000 00:00 0 
7f7aa4d8a000-7f7aa4d8e000 ---p 00000000 00:00 0 
7f7aa4d8e000-7f7aa4e8b000 rw-p 00000000 00:00 0 
7f7aa4e8b000-7f7aa4e8f000 ---p 00000000 00:00 0 
7f7aa4e8f000-7f7aa4f8c000 rw-p 00000000 00:00 0 
7f7aa4f8c000-7f7aa54fc000 r--p 00000000 08:02 1444832                    /usr/lib/locale/locale-archive
7f7aa54fc000-7f7aa5500000 ---p 00000000 00:00 0 
7f7aa5500000-7f7aa55fd000 rw-p 00000000 00:00 0 
7f7aa55fd000-7f7aa5601000 ---p 00000000 00:00 0 
7f7aa5601000-7f7aa56fe000 rw-p 00000000 00:00 0 
7f7aa56fe000-7f7aa56ff000 ---p 00000000 00:00 0 
7f7aa56ff000-7f7aa5d40000 rw-p 00000000 00:00 0 
7f7aa5d40000-7f7aa6000000 ---p 00000000 00:00 0 
7f7aa6000000-7f7aa8000000 rw-p 00000000 00:00 0 
7f7aa8000000-7f7aa8021000 rw-p 00000000 00:00 0 
7f7aa8021000-7f7aac000000 ---p 00000000 00:00 0 
7f7aac003000-7f7aac00a000 r--s 00000000 08:02 2102563                    /usr/lib/x86_64-linux-gnu/gconv/gconv-modules.cache
7f7aac00a000-7f7aac018000 r--p 00000000 08:02 2234029                    /usr/local/lib/libpjsip.so.2
7f7aac018000-7f7aac048000 r-xp 0000e000 08:02 2234029                    /usr/local/lib/libpjsip.so.2
7f7aac048000-7f7aac059000 r--p 0003e000 08:02 2234029                    /usr/local/lib/libpjsip.so.2
7f7aac059000-7f7aac05b000 r--p 0004e000 08:02 2234029                    /usr/local/lib/libpjsip.so.2
7f7aac05b000-7f7aac05d000 rw-p 00050000 08:02 2234029                    /usr/local/lib/libpjsip.so.2
7f7aac05d000-7f7aac062000 rw-p 00000000 00:00 0 
7f7aac062000-7f7aac068000 r--p 00000000 08:02 2234027                    /usr/local/lib/libpjsip-simple.so.2
7f7aac068000-7f7aac073000 r-xp 00006000 08:02 2234027                    /usr/local/lib/libpjsip-simple.so.2
7f7aac073000-7f7aac077000 r--p 00011000 08:02 2234027                    /usr/local/lib/libpjsip-simple.so.2
7f7aac077000-7f7aac078000 ---p 00015000 08:02 2234027                    /usr/local/lib/libpjsip-simple.so.2
7f7aac078000-7f7aac079000 r--p 00015000 08:02 2234027                    /usr/local/lib/libpjsip-simple.so.2
7f7aac079000-7f7aac07a000 rw-p 00016000 08:02 2234027                    /usr/local/lib/libpjsip-simple.so.2
7f7aac07a000-7f7aac07c000 r--p 00000000 08:02 1448951                    /usr/lib/x86_64-linux-gnu/libXdmcp.so.6.0.0
7f7aac07c000-7f7aac07e000 r-xp 00002000 08:02 1448951                    /usr/lib/x86_64-linux-gnu/libXdmcp.so.6.0.0
7f7aac07e000-7f7aac080000 r--p 00004000 08:02 1448951                    /usr/lib/x86_64-linux-gnu/libXdmcp.so.6.0.0
7f7aac080000-7f7aac081000 r--p 00005000 08:02 1448951                    /usr/lib/x86_64-linux-gnu/libXdmcp.so.6.0.0
7f7aac081000-7f7aac082000 rw-p 00006000 08:02 1448951                    /usr/lib/x86_64-linux-gnu/libXdmcp.so.6.0.0
7f7aac082000-7f7aac083000 r--p 00000000 08:02 1448940                    /usr/lib/x86_64-linux-gnu/libXau.so.6.0.0
7f7aac083000-7f7aac085000 r-xp 00001000 08:02 1448940                    /usr/lib/x86_64-linux-gnu/libXau.so.6.0.0
7f7aac085000-7f7aac086000 r--p 00003000 08:02 1448940                    /usr/lib/x86_64-linux-gnu/libXau.so.6.0.0
7f7aac086000-7f7aac087000 r--p 00003000 08:02 1448940                    /usr/lib/x86_64-linux-gnu/libXau.so.6.0.0
7f7aac087000-7f7aac088000 rw-p 00004000 08:02 1448940                    /usr/lib/x86_64-linux-gnu/libXau.so.6.0.0
7f7aac088000-7f7aac08b000 r--p 00000000 08:02 1450402                    /usr/lib/x86_64-linux-gnu/libwrap.so.0.7.6
7f7aac08b000-7f7aac090000 r-xp 00003000 08:02 1450402                    /usr/lib/x86_64-linux-gnu/libwrap.so.0.7.6
7f7aac090000-7f7aac092000 r--p 00008000 08:02 1450402                    /usr/lib/x86_64-linux-gnu/libwrap.so.0.7.6
7f7aac092000-7f7aac093000 r--p 00009000 08:02 1450402                    /usr/lib/x86_64-linux-gnu/libwrap.so.0.7.6
7f7aac093000-7f7aac094000 rw-p 0000a000 08:02 1450402                    /usr/lib/x86_64-linux-gnu/libwrap.so.0.7.6
7f7aac094000-7f7aac095000 r--p 00000000 08:02 2097971                    /usr/lib/x86_64-linux-gnu/alsa-lib/libasound_module_rate_samplerate.so
7f7aac095000-7f7aac096000 r-xp 00001000 08:02 2097971                    /usr/lib/x86_64-linux-gnu/alsa-lib/libasound_module_rate_samplerate.so
7f7aac096000-7f7aac097000 r--p 00002000 08:02 2097971                    /usr/lib/x86_64-linux-gnu/alsa-lib/libasound_module_rate_samplerate.so
7f7aac097000-7f7aac098000 r--p 00002000 08:02 2097971                    /usr/lib/x86_64-linux-gnu/alsa-lib/libasound_module_rate_samplerate.so
7f7aac098000-7f7aac099000 rw-p 00003000 08:02 2097971                    /usr/lib/x86_64-linux-gnu/alsa-lib/libasound_module_rate_samplerate.so
7f7aac099000-7f7aac1ce000 rw-p 00000000 00:00 0 
7f7aac1ce000-7f7aac1cf000 ---p 00000000 00:00 0 
7f7aac1cf000-7f7aac4c0000 rw-p 00000000 00:00 0 
7f7aac4c0000-7f7aae160000 ---p 00000000 00:00 0 
7f7aae160000-7f7aae358000 rw-p 00000000 00:00 0 
7f7aae358000-7f7aafff8000 ---p 00000000 00:00 0 
7f7aafff8000-7f7ab0000000 rw-p 00000000 00:00 0 
7f7ab0000000-7f7ab0021000 rw-p 00000000 00:00 0 
7f7ab0021000-7f7ab4000000 ---p 00000000 00:00 0 
7f7ab4004000-7f7ab4006000 r--p 00000000 08:02 1442187                    /usr/lib/x86_64-linux-gnu/libuuid.so.1.3.0
7f7ab4006000-7f7ab400a000 r-xp 00002000 08:02 1442187                    /usr/lib/x86_64-linux-gnu/libuuid.so.1.3.0
7f7ab400a000-7f7ab400b000 r--p 00006000 08:02 1442187                    /usr/lib/x86_64-linux-gnu/libuuid.so.1.3.0
7f7ab400b000-7f7ab400c000 r--p 00006000 08:02 1442187                    /usr/lib/x86_64-linux-gnu/libuuid.so.1.3.0
7f7ab400c000-7f7ab400d000 rw-p 00007000 08:02 1442187                    /usr/lib/x86_64-linux-gnu/libuuid.so.1.3.0
7f7ab400d000-7f7ab4011000 r--p 00000000 08:02 1447901                    /usr/lib/jvm/java-11-openjdk-amd64/lib/libnet.so
7f7ab4011000-7f7ab401f000 r-xp 00004000 08:02 1447901                    /usr/lib/jvm/java-11-openjdk-amd64/lib/libnet.so
7f7ab401f000-7f7ab4023000 r--p 00012000 08:02 1447901                    /usr/lib/jvm/java-11-openjdk-amd64/lib/libnet.so
7f7ab4023000-7f7ab4024000 r--p 00015000 08:02 1447901                    /usr/lib/jvm/java-11-openjdk-amd64/lib/libnet.so
7f7ab4024000-7f7ab4025000 rw-p 00016000 08:02 1447901                    /usr/lib/jvm/java-11-openjdk-amd64/lib/libnet.so
7f7ab4025000-7f7ab4046000 rw-p 00000000 00:00 0 
7f7ab4046000-7f7ab4047000 ---p 00000000 00:00 0 
7f7ab4047000-7f7ab4489000 rw-p 00000000 00:00 0 
7f7ab4489000-7f7ab481d000 ---p 00000000 00:00 0 
7f7ab481d000-7f7ab481e000 rw-p 00000000 00:00 0 
7f7ab481e000-7f7ab4a8e000 rwxp 00000000 00:00 0 
7f7ab4a8e000-7f7ab4dae000 ---p 00000000 00:00 0 
7f7ab4dae000-7f7ab501e000 rwxp 00000000 00:00 0 
7f7ab501e000-7f7abc2e6000 ---p 00000000 00:00 0 
7f7abc2e6000-7f7abc556000 rwxp 00000000 00:00 0 
7f7abc556000-7f7ac381e000 ---p 00000000 00:00 0 
7f7ac381e000-7f7acc000000 r--s 00000000 08:02 1447911                    /usr/lib/jvm/java-11-openjdk-amd64/lib/modules
7f7acc000000-7f7acc32a000 rw-p 00000000 00:00 0 
7f7acc32a000-7f7ad0000000 ---p 00000000 00:00 0 
7f7ad0002000-7f7ad0004000 r--p 00000000 08:02 2234037                    /usr/local/lib/libpjmedia-audiodev.so.2
7f7ad0004000-7f7ad0008000 r-xp 00002000 08:02 2234037                    /usr/local/lib/libpjmedia-audiodev.so.2
7f7ad0008000-7f7ad0009000 r--p 00006000 08:02 2234037                    /usr/local/lib/libpjmedia-audiodev.so.2
7f7ad0009000-7f7ad000a000 ---p 00007000 08:02 2234037                    /usr/local/lib/libpjmedia-audiodev.so.2
7f7ad000a000-7f7ad000b000 r--p 00007000 08:02 2234037                    /usr/local/lib/libpjmedia-audiodev.so.2
7f7ad000b000-7f7ad000c000 rw-p 00008000 08:02 2234037                    /usr/local/lib/libpjmedia-audiodev.so.2
7f7ad000c000-7f7ad0013000 r--p 00000000 08:02 1447902                    /usr/lib/jvm/java-11-openjdk-amd64/lib/libnio.so
7f7ad0013000-7f7ad001b000 r-xp 00007000 08:02 1447902                    /usr/lib/jvm/java-11-openjdk-amd64/lib/libnio.so
7f7ad001b000-7f7ad001e000 r--p 0000f000 08:02 1447902                    /usr/lib/jvm/java-11-openjdk-amd64/lib/libnio.so
7f7ad001e000-7f7ad001f000 r--p 00011000 08:02 1447902                    /usr/lib/jvm/java-11-openjdk-amd64/lib/libnio.so
7f7ad001f000-7f7ad0020000 rw-p 00012000 08:02 1447902                    /usr/lib/jvm/java-11-openjdk-amd64/lib/libnio.so
7f7ad0020000-7f7ad0142000 rw-p 00000000 00:00 0 
7f7ad0142000-7f7ad0143000 ---p 00000000 00:00 0 
7f7ad0143000-7f7ad0244000 rw-p 00000000 00:00 0 
7f7ad0244000-7f7ad0245000 ---p 00000000 00:00 0 
7f7ad0245000-7f7ad03c6000 rw-p 00000000 00:00 0 
7f7ad03c6000-7f7ad075a000 ---p 00000000 00:00 0 
7f7ad075a000-7f7ad0799000 rw-p 00000000 00:00 0 
7f7ad0799000-7f7ad0b2d000 ---p 00000000 00:00 0 
7f7ad0b2d000-7f7ad0f32000 rw-p 00000000 00:00 0 
7f7ad0f32000-7f7ad0f33000 ---p 00000000 00:00 0 
7f7ad0f33000-7f7ad1039000 rw-p 00000000 00:00 0 
7f7ad1039000-7f7ad111f000 ---p 00000000 00:00 0 
7f7ad111f000-7f7ad1124000 rw-p 00000000 00:00 0 
7f7ad1124000-7f7ad120a000 ---p 00000000 00:00 0 
7f7ad120a000-7f7ad120d000 r--p 00000000 08:02 1445800                    /usr/lib/x86_64-linux-gnu/libnss_files-2.31.so
7f7ad120d000-7f7ad1214000 r-xp 00003000 08:02 1445800                    /usr/lib/x86_64-linux-gnu/libnss_files-2.31.so
7f7ad1214000-7f7ad1216000 r--p 0000a000 08:02 1445800                    /usr/lib/x86_64-linux-gnu/libnss_files-2.31.so
7f7ad1216000-7f7ad1217000 r--p 0000b000 08:02 1445800                    /usr/lib/x86_64-linux-gnu/libnss_files-2.31.so
7f7ad1217000-7f7ad1218000 rw-p 0000c000 08:02 1445800                    /usr/lib/x86_64-linux-gnu/libnss_files-2.31.so
7f7ad1218000-7f7ad1223000 rw-p 00000000 00:00 0 
7f7ad1223000-7f7ad122a000 ---p 00000000 00:00 0 
7f7ad122a000-7f7ad122c000 r--p 00000000 08:02 1447910                    /usr/lib/jvm/java-11-openjdk-amd64/lib/libzip.so
7f7ad122c000-7f7ad1231000 r-xp 00002000 08:02 1447910                    /usr/lib/jvm/java-11-openjdk-amd64/lib/libzip.so
7f7ad1231000-7f7ad1233000 r--p 00007000 08:02 1447910                    /usr/lib/jvm/java-11-openjdk-amd64/lib/libzip.so
7f7ad1233000-7f7ad1234000 r--p 00008000 08:02 1447910                    /usr/lib/jvm/java-11-openjdk-amd64/lib/libzip.so
7f7ad1234000-7f7ad1235000 rw-p 00009000 08:02 1447910                    /usr/lib/jvm/java-11-openjdk-amd64/lib/libzip.so
7f7ad1235000-7f7ad123d000 rw-s 00000000 08:02 8913086                    /tmp/hsperfdata_user/13913
7f7ad123d000-7f7ad124b000 r--p 00000000 08:02 1447890                    /usr/lib/jvm/java-11-openjdk-amd64/lib/libjava.so
7f7ad124b000-7f7ad1261000 r-xp 0000e000 08:02 1447890                    /usr/lib/jvm/java-11-openjdk-amd64/lib/libjava.so
7f7ad1261000-7f7ad1268000 r--p 00024000 08:02 1447890                    /usr/lib/jvm/java-11-openjdk-amd64/lib/libjava.so
7f7ad1268000-7f7ad1269000 r--p 0002a000 08:02 1447890                    /usr/lib/jvm/java-11-openjdk-amd64/lib/libjava.so
7f7ad1269000-7f7ad126a000 rw-p 0002b000 08:02 1447890                    /usr/lib/jvm/java-11-openjdk-amd64/lib/libjava.so
7f7ad126a000-7f7ad126b000 rw-p 00000000 00:00 0 
7f7ad126b000-7f7ad126d000 r--p 00000000 08:02 1445807                    /usr/lib/x86_64-linux-gnu/librt-2.31.so
7f7ad126d000-7f7ad1271000 r-xp 00002000 08:02 1445807                    /usr/lib/x86_64-linux-gnu/librt-2.31.so
7f7ad1271000-7f7ad1273000 r--p 00006000 08:02 1445807                    /usr/lib/x86_64-linux-gnu/librt-2.31.so
7f7ad1273000-7f7ad1274000 r--p 00007000 08:02 1445807                    /usr/lib/x86_64-linux-gnu/librt-2.31.so
7f7ad1274000-7f7ad1275000 rw-p 00008000 08:02 1445807                    /usr/lib/x86_64-linux-gnu/librt-2.31.so
7f7ad1275000-7f7ad1279000 ---p 00000000 00:00 0 
7f7ad1279000-7f7ad1376000 rw-p 00000000 00:00 0 
7f7ad1376000-7f7ad1379000 r--p 00000000 08:02 1449406                    /usr/lib/x86_64-linux-gnu/libgcc_s.so.1
7f7ad1379000-7f7ad138b000 r-xp 00003000 08:02 1449406                    /usr/lib/x86_64-linux-gnu/libgcc_s.so.1
7f7ad138b000-7f7ad138f000 r--p 00015000 08:02 1449406                    /usr/lib/x86_64-linux-gnu/libgcc_s.so.1
7f7ad138f000-7f7ad1390000 r--p 00018000 08:02 1449406                    /usr/lib/x86_64-linux-gnu/libgcc_s.so.1
7f7ad1390000-7f7ad1391000 rw-p 00019000 08:02 1449406                    /usr/lib/x86_64-linux-gnu/libgcc_s.so.1
7f7ad1391000-7f7ad139e000 r--p 00000000 08:02 1445794                    /usr/lib/x86_64-linux-gnu/libm-2.31.so
7f7ad139e000-7f7ad1445000 r-xp 0000d000 08:02 1445794                    /usr/lib/x86_64-linux-gnu/libm-2.31.so
7f7ad1445000-7f7ad14de000 r--p 000b4000 08:02 1445794                    /usr/lib/x86_64-linux-gnu/libm-2.31.so
7f7ad14de000-7f7ad14df000 r--p 0014c000 08:02 1445794                    /usr/lib/x86_64-linux-gnu/libm-2.31.so
7f7ad14df000-7f7ad14e0000 rw-p 0014d000 08:02 1445794                    /usr/lib/x86_64-linux-gnu/libm-2.31.so
7f7ad14e0000-7f7ad1576000 r--p 00000000 08:02 1450209                    /usr/lib/x86_64-linux-gnu/libstdc++.so.6.0.28
7f7ad1576000-7f7ad1667000 r-xp 00096000 08:02 1450209                    /usr/lib/x86_64-linux-gnu/libstdc++.so.6.0.28
7f7ad1667000-7f7ad16b0000 r--p 00187000 08:02 1450209                    /usr/lib/x86_64-linux-gnu/libstdc++.so.6.0.28
7f7ad16b0000-7f7ad16b1000 ---p 001d0000 08:02 1450209                    /usr/lib/x86_64-linux-gnu/libstdc++.so.6.0.28
7f7ad16b1000-7f7ad16bc000 r--p 001d0000 08:02 1450209                    /usr/lib/x86_64-linux-gnu/libstdc++.so.6.0.28
7f7ad16bc000-7f7ad16bf000 rw-p 001db000 08:02 1450209                    /usr/lib/x86_64-linux-gnu/libstdc++.so.6.0.28
7f7ad16bf000-7f7ad16c2000 rw-p 00000000 00:00 0 
7f7ad16c2000-7f7ad1944000 r--p 00000000 08:02 1447914                    /usr/lib/jvm/java-11-openjdk-amd64/lib/server/libjvm.so
7f7ad1944000-7f7ad25ca000 r-xp 00282000 08:02 1447914                    /usr/lib/jvm/java-11-openjdk-amd64/lib/server/libjvm.so
7f7ad25ca000-7f7ad2826000 r--p 00f08000 08:02 1447914                    /usr/lib/jvm/java-11-openjdk-amd64/lib/server/libjvm.so
7f7ad2826000-7f7ad28ea000 r--p 01163000 08:02 1447914                    /usr/lib/jvm/java-11-openjdk-amd64/lib/server/libjvm.so
7f7ad28ea000-7f7ad2925000 rw-p 01227000 08:02 1447914                    /usr/lib/jvm/java-11-openjdk-amd64/lib/server/libjvm.so
7f7ad2925000-7f7ad297e000 rw-p 00000000 00:00 0 
7f7ad297e000-7f7ad2984000 r--p 00000000 08:02 1445805                    /usr/lib/x86_64-linux-gnu/libpthread-2.31.so
7f7ad2984000-7f7ad2995000 r-xp 00006000 08:02 1445805                    /usr/lib/x86_64-linux-gnu/libpthread-2.31.so
7f7ad2995000-7f7ad299b000 r--p 00017000 08:02 1445805                    /usr/lib/x86_64-linux-gnu/libpthread-2.31.so
7f7ad299b000-7f7ad299c000 r--p 0001c000 08:02 1445805                    /usr/lib/x86_64-linux-gnu/libpthread-2.31.so
7f7ad299c000-7f7ad299d000 rw-p 0001d000 08:02 1445805                    /usr/lib/x86_64-linux-gnu/libpthread-2.31.so
7f7ad299d000-7f7ad29a1000 rw-p 00000000 00:00 0 
7f7ad29a1000-7f7ad29a2000 r--p 00000000 08:02 1445793                    /usr/lib/x86_64-linux-gnu/libdl-2.31.so
7f7ad29a2000-7f7ad29a4000 r-xp 00001000 08:02 1445793                    /usr/lib/x86_64-linux-gnu/libdl-2.31.so
7f7ad29a4000-7f7ad29a5000 r--p 00003000 08:02 1445793                    /usr/lib/x86_64-linux-gnu/libdl-2.31.so
7f7ad29a5000-7f7ad29a6000 r--p 00003000 08:02 1445793                    /usr/lib/x86_64-linux-gnu/libdl-2.31.so
7f7ad29a6000-7f7ad29a7000 rw-p 00004000 08:02 1445793                    /usr/lib/x86_64-linux-gnu/libdl-2.31.so
7f7ad29a7000-7f7ad29a9000 r--p 00000000 08:02 1445493                    /usr/lib/x86_64-linux-gnu/libz.so.1.2.11
7f7ad29a9000-7f7ad29ba000 r-xp 00002000 08:02 1445493                    /usr/lib/x86_64-linux-gnu/libz.so.1.2.11
7f7ad29ba000-7f7ad29c0000 r--p 00013000 08:02 1445493                    /usr/lib/x86_64-linux-gnu/libz.so.1.2.11
7f7ad29c0000-7f7ad29c1000 ---p 00019000 08:02 1445493                    /usr/lib/x86_64-linux-gnu/libz.so.1.2.11
7f7ad29c1000-7f7ad29c2000 r--p 00019000 08:02 1445493                    /usr/lib/x86_64-linux-gnu/libz.so.1.2.11
7f7ad29c2000-7f7ad29c3000 rw-p 0001a000 08:02 1445493                    /usr/lib/x86_64-linux-gnu/libz.so.1.2.11
7f7ad29c3000-7f7ad29e5000 r--p 00000000 08:02 1445792                    /usr/lib/x86_64-linux-gnu/libc-2.31.so
7f7ad29e5000-7f7ad2b5d000 r-xp 00022000 08:02 1445792                    /usr/lib/x86_64-linux-gnu/libc-2.31.so
7f7ad2b5d000-7f7ad2bab000 r--p 0019a000 08:02 1445792                    /usr/lib/x86_64-linux-gnu/libc-2.31.so
7f7ad2bab000-7f7ad2baf000 r--p 001e7000 08:02 1445792                    /usr/lib/x86_64-linux-gnu/libc-2.31.so
7f7ad2baf000-7f7ad2bb1000 rw-p 001eb000 08:02 1445792                    /usr/lib/x86_64-linux-gnu/libc-2.31.so
7f7ad2bb1000-7f7ad2bb5000 rw-p 00000000 00:00 0 
7f7ad2bb5000-7f7ad2bb7000 r--s 0000c000 08:02 2235382                    /usr/share/java/java-atk-wrapper.jar
7f7ad2bb7000-7f7ad2bb8000 ---p 00000000 00:00 0 
7f7ad2bb8000-7f7ad2bb9000 r--p 00000000 00:00 0 
7f7ad2bb9000-7f7ad2bbb000 r--p 00000000 08:02 1447893                    /usr/lib/jvm/java-11-openjdk-amd64/lib/libjimage.so
7f7ad2bbb000-7f7ad2bbe000 r-xp 00002000 08:02 1447893                    /usr/lib/jvm/java-11-openjdk-amd64/lib/libjimage.so
7f7ad2bbe000-7f7ad2bbf000 r--p 00005000 08:02 1447893                    /usr/lib/jvm/java-11-openjdk-amd64/lib/libjimage.so
7f7ad2bbf000-7f7ad2bc0000 ---p 00006000 08:02 1447893                    /usr/lib/jvm/java-11-openjdk-amd64/lib/libjimage.so
7f7ad2bc0000-7f7ad2bc1000 r--p 00006000 08:02 1447893                    /usr/lib/jvm/java-11-openjdk-amd64/lib/libjimage.so
7f7ad2bc1000-7f7ad2bc2000 rw-p 00007000 08:02 1447893                    /usr/lib/jvm/java-11-openjdk-amd64/lib/libjimage.so
7f7ad2bc2000-7f7ad2bc7000 r--p 00000000 08:02 1447909                    /usr/lib/jvm/java-11-openjdk-amd64/lib/libverify.so
7f7ad2bc7000-7f7ad2bce000 r-xp 00005000 08:02 1447909                    /usr/lib/jvm/java-11-openjdk-amd64/lib/libverify.so
7f7ad2bce000-7f7ad2bd0000 r--p 0000c000 08:02 1447909                    /usr/lib/jvm/java-11-openjdk-amd64/lib/libverify.so
7f7ad2bd0000-7f7ad2bd1000 ---p 0000e000 08:02 1447909                    /usr/lib/jvm/java-11-openjdk-amd64/lib/libverify.so
7f7ad2bd1000-7f7ad2bd3000 r--p 0000e000 08:02 1447909                    /usr/lib/jvm/java-11-openjdk-amd64/lib/libverify.so
7f7ad2bd3000-7f7ad2bd4000 rw-p 00010000 08:02 1447909                    /usr/lib/jvm/java-11-openjdk-amd64/lib/libverify.so
7f7ad2bd4000-7f7ad2bd7000 r--p 00000000 08:02 1447875                    /usr/lib/jvm/java-11-openjdk-amd64/lib/jli/libjli.so
7f7ad2bd7000-7f7ad2be1000 r-xp 00003000 08:02 1447875                    /usr/lib/jvm/java-11-openjdk-amd64/lib/jli/libjli.so
7f7ad2be1000-7f7ad2be4000 r--p 0000d000 08:02 1447875                    /usr/lib/jvm/java-11-openjdk-amd64/lib/jli/libjli.so
7f7ad2be4000-7f7ad2be5000 ---p 00010000 08:02 1447875                    /usr/lib/jvm/java-11-openjdk-amd64/lib/jli/libjli.so
7f7ad2be5000-7f7ad2be6000 r--p 00010000 08:02 1447875                    /usr/lib/jvm/java-11-openjdk-amd64/lib/jli/libjli.so
7f7ad2be6000-7f7ad2be7000 rw-p 00011000 08:02 1447875                    /usr/lib/jvm/java-11-openjdk-amd64/lib/jli/libjli.so
7f7ad2be7000-7f7ad2be9000 rw-p 00000000 00:00 0 
7f7ad2be9000-7f7ad2bea000 r--p 00000000 08:02 1445788                    /usr/lib/x86_64-linux-gnu/ld-2.31.so
7f7ad2bea000-7f7ad2c0d000 r-xp 00001000 08:02 1445788                    /usr/lib/x86_64-linux-gnu/ld-2.31.so
7f7ad2c0d000-7f7ad2c15000 r--p 00024000 08:02 1445788                    /usr/lib/x86_64-linux-gnu/ld-2.31.so
7f7ad2c16000-7f7ad2c17000 r--p 0002c000 08:02 1445788                    /usr/lib/x86_64-linux-gnu/ld-2.31.so
7f7ad2c17000-7f7ad2c18000 rw-p 0002d000 08:02 1445788                    /usr/lib/x86_64-linux-gnu/ld-2.31.so
7f7ad2c18000-7f7ad2c19000 rw-p 00000000 00:00 0 
7ffe17cab000-7ffe17ccc000 rw-p 00000000 00:00 0                          [stack]
7ffe17d3a000-7ffe17d3e000 r--p 00000000 00:00 0                          [vvar]
7ffe17d3e000-7ffe17d40000 r-xp 00000000 00:00 0                          [vdso]
ffffffffff600000-ffffffffff601000 --xp 00000000 00:00 0                  [vsyscall]


VM Arguments:
java_command: com.zilogic.mypjsip.MyApp
java_class_path (initial): /home/user/NetBeansProjects/mypjsip/target/classes:/home/user/.m2/repository/pjsip/pjsip/1.0/pjsip-1.0.jar
Launcher Type: SUN_STANDARD

[Global flags]
     intx CICompilerCount                          = 3                                         {product} {ergonomic}
     uint ConcGCThreads                            = 1                                         {product} {ergonomic}
     uint G1ConcRefinementThreads                  = 4                                         {product} {ergonomic}
   size_t G1HeapRegionSize                         = 1048576                                   {product} {ergonomic}
    uintx GCDrainStackTargetSize                   = 64                                        {product} {ergonomic}
   size_t InitialHeapSize                          = 130023424                                 {product} {ergonomic}
   size_t MarkStackSize                            = 4194304                                   {product} {ergonomic}
   size_t MaxHeapSize                              = 2053111808                                {product} {ergonomic}
   size_t MaxNewSize                               = 1231028224                                {product} {ergonomic}
   size_t MinHeapDeltaBytes                        = 1048576                                   {product} {ergonomic}
    uintx NonNMethodCodeHeapSize                   = 5830732                                {pd product} {ergonomic}
    uintx NonProfiledCodeHeapSize                  = 122913754                              {pd product} {ergonomic}
    uintx ProfiledCodeHeapSize                     = 122913754                              {pd product} {ergonomic}
    uintx ReservedCodeCacheSize                    = 251658240                              {pd product} {ergonomic}
     bool SegmentedCodeCache                       = true                                      {product} {ergonomic}
     bool UseCompressedClassPointers               = true                                 {lp64_product} {ergonomic}
     bool UseCompressedOops                        = true                                 {lp64_product} {ergonomic}
     bool UseG1GC                                  = true                                      {product} {ergonomic}

Logging:
Log output configuration:
 #0: stdout all=warning uptime,level,tags
 #1: stderr all=off uptime,level,tags

Environment Variables:
JAVA_HOME=/usr/lib/jvm/java-11-openjdk-amd64
PATH=/home/user/.local/bin:/usr/local/sbin:/usr/local/bin:/usr/sbin:/usr/bin:/sbin:/bin:/usr/games:/usr/local/games:/snap/bin
USERNAME=user
SHELL=/bin/bash
DISPLAY=:0
LANG=en_IN

Signal Handlers:
SIGSEGV: [libjvm.so+0xe95100], sa_mask[0]=11111111011111111101111111111110, sa_flags=SA_RESTART|SA_SIGINFO
SIGBUS: [libjvm.so+0xe95100], sa_mask[0]=11111111011111111101111111111110, sa_flags=SA_RESTART|SA_SIGINFO
SIGFPE: [libjvm.so+0xe95100], sa_mask[0]=11111111011111111101111111111110, sa_flags=SA_RESTART|SA_SIGINFO
SIGPIPE: [libjvm.so+0xbdca50], sa_mask[0]=11111111011111111101111111111110, sa_flags=SA_RESTART|SA_SIGINFO
SIGXFSZ: [libjvm.so+0xbdca50], sa_mask[0]=11111111011111111101111111111110, sa_flags=SA_RESTART|SA_SIGINFO
SIGILL: [libjvm.so+0xe95100], sa_mask[0]=11111111011111111101111111111110, sa_flags=SA_RESTART|SA_SIGINFO
SIGUSR2: [libjvm.so+0xbdc8f0], sa_mask[0]=00100000000000000000000000000000, sa_flags=SA_RESTART|SA_SIGINFO
SIGHUP: [libjvm.so+0xbdcd90], sa_mask[0]=11111111011111111101111111111110, sa_flags=SA_RESTART|SA_SIGINFO
SIGINT: SIG_IGN, sa_mask[0]=00000000000000000000000000000000, sa_flags=none
SIGTERM: [libjvm.so+0xbdcd90], sa_mask[0]=11111111011111111101111111111110, sa_flags=SA_RESTART|SA_SIGINFO
SIGQUIT: [libjvm.so+0xbdcd90], sa_mask[0]=11111111011111111101111111111110, sa_flags=SA_RESTART|SA_SIGINFO


---------------  S Y S T E M  ---------------

OS:DISTRIB_ID=Ubuntu
DISTRIB_RELEASE=20.04
DISTRIB_CODENAME=focal
DISTRIB_DESCRIPTION="Ubuntu 20.04.4 LTS"
uname:Linux 5.13.0-52-generic #59~20.04.1-Ubuntu SMP Thu Jun 16 21:21:28 UTC 2022 x86_64
OS uptime: 0 days 2:04 hours
libc:glibc 2.31 NPTL 2.31 
rlimit (soft/hard): STACK 8192k/infinity , CORE 0k/infinity , NPROC 31037/31037 , NOFILE 1048576/1048576 , AS infinity/infinity , CPU infinity/infinity , DATA infinity/infinity , FSIZE infinity/infinity , MEMLOCK 65536k/65536k
load average:0.38 0.20 0.28

/proc/meminfo:
MemTotal:        8017192 kB
MemFree:          175368 kB
MemAvailable:    2489012 kB
Buffers:          501808 kB
Cached:          2373240 kB
SwapCached:          296 kB
Active:          1621240 kB
Inactive:        5635628 kB
Active(anon):     275380 kB
Inactive(anon):  4599124 kB
Active(file):    1345860 kB
Inactive(file):  1036504 kB
Unevictable:       72960 kB
Mlocked:              16 kB
SwapTotal:       3999740 kB
SwapFree:        3994072 kB
Dirty:              1044 kB
Writeback:             0 kB
AnonPages:       4454484 kB
Mapped:           802160 kB
Shmem:            499576 kB
KReclaimable:     235332 kB
Slab:             381128 kB
SReclaimable:     235332 kB
SUnreclaim:       145796 kB
KernelStack:       17888 kB
PageTables:        40796 kB
NFS_Unstable:          0 kB
Bounce:                0 kB
WritebackTmp:          0 kB
CommitLimit:     8008336 kB
Committed_AS:   11025176 kB
VmallocTotal:   34359738367 kB
VmallocUsed:       43388 kB
VmallocChunk:          0 kB
Percpu:             4048 kB
HardwareCorrupted:     0 kB
AnonHugePages:         0 kB
ShmemHugePages:        0 kB
ShmemPmdMapped:        0 kB
FileHugePages:         0 kB
FilePmdMapped:         0 kB
HugePages_Total:       0
HugePages_Free:        0
HugePages_Rsvd:        0
HugePages_Surp:        0
Hugepagesize:       2048 kB
Hugetlb:               0 kB
DirectMap4k:      401824 kB
DirectMap2M:     7862272 kB
DirectMap1G:           0 kB

/sys/kernel/mm/transparent_hugepage/enabled:
always [madvise] never
/sys/kernel/mm/transparent_hugepage/defrag (defrag/compaction efforts parameter):
always defer defer+madvise [madvise] never

Process Memory:
Virtual Size: 5291304K (peak: 13435636K)
Resident Set Size: 61592K (peak: 61836K) (anon: 24728K, file: 36864K, shmem: 0K)
Swapped out: 0K
C-Heap outstanding allocations: 3578K

/proc/sys/kernel/threads-max (system-wide limit on the number of threads):
62075
/proc/sys/vm/max_map_count (maximum number of memory map areas a process may have):
65530
/proc/sys/kernel/pid_max (system-wide limit on number of process identifiers):
4194304

container (cgroup) information:
container_type: cgroupv1
cpu_cpuset_cpus: 0-3
cpu_memory_nodes: 0
active_processor_count: 4
cpu_quota: -1
cpu_period: 100000
cpu_shares: -1
memory_limit_in_bytes: -1
memory_and_swap_limit_in_bytes: -1
memory_soft_limit_in_bytes: -1
memory_usage_in_bytes: 5589368832
memory_max_usage_in_bytes: 5666107392

Steal ticks since vm start: 0
Steal ticks percentage since vm start:  0.000

CPU:total 4 (initial active 4) (4 cores per cpu, 1 threads per core) family 6 model 158 stepping 9 microcode 0xf0, cmov, cx8, fxsr, mmx, sse, sse2, sse3, ssse3, sse4.1, sse4.2, popcnt, avx, avx2, aes, clmul, erms, rtm, 3dnowpref, lzcnt, tsc, tscinvbit, bmi1, bmi2, adx, fma
CPU Model and flags from /proc/cpuinfo:
model name	: Intel(R) Core(TM) i5-7500 CPU @ 3.40GHz
flags		: fpu vme de pse tsc msr pae mce cx8 apic sep mtrr pge mca cmov pat pse36 clflush dts acpi mmx fxsr sse sse2 ss ht tm pbe syscall nx pdpe1gb rdtscp lm constant_tsc art arch_perfmon pebs bts rep_good nopl xtopology nonstop_tsc cpuid aperfmperf pni pclmulqdq dtes64 monitor ds_cpl vmx smx est tm2 ssse3 sdbg fma cx16 xtpr pdcm pcid sse4_1 sse4_2 x2apic movbe popcnt tsc_deadline_timer aes xsave avx f16c rdrand lahf_lm abm 3dnowprefetch cpuid_fault epb invpcid_single pti ssbd ibrs ibpb stibp tpr_shadow vnmi flexpriority ept vpid ept_ad fsgsbase tsc_adjust bmi1 hle avx2 smep bmi2 erms invpcid rtm mpx rdseed adx smap clflushopt intel_pt xsaveopt xsavec xgetbv1 xsaves dtherm ida arat pln pts hwp hwp_notify hwp_act_window hwp_epp md_clear flush_l1d arch_capabilities
Online cpus:
0-3
Offline cpus:

BIOS frequency limitation:
<Not Available>
Frequency switch latency (ns):
0
Available cpu frequencies:
<Not Available>
Current governor:
powersave
Core performance/turbo boost:
<Not Available>

Memory: 4k page, physical 8017192k(175368k free), swap 3999740k(3994072k free)

vm_info: OpenJDK 64-Bit Server VM (11.0.15+10-Ubuntu-0ubuntu0.20.04.1) for linux-amd64 JRE (11.0.15+10-Ubuntu-0ubuntu0.20.04.1), built on Apr 23 2022 13:02:10 by "unknown" with gcc 9.4.0

END.
