#
# A fatal error has been detected by the Java Runtime Environment:
#
#  SIGSEGV (0xb) at pc=0x00007f363ecd4c88, pid=11144, tid=11145
#
# JRE version: OpenJDK Runtime Environment (11.0.15+10) (build 11.0.15+10-Ubuntu-0ubuntu0.20.04.1)
# Java VM: OpenJDK 64-Bit Server VM (11.0.15+10-Ubuntu-0ubuntu0.20.04.1, mixed mode, sharing, tiered, compressed oops, g1 gc, linux-amd64)
# Problematic frame:
# C  [libpjsua2.so.2+0x5ac88]  pj::Call::hasMedia() const+0x8
#
# Core dump will be written. Default location: Core dumps may be processed with "/usr/share/apport/apport -p%p -s%s -c%c -d%d -P%P -u%u -g%g -- %E" (or dumping to /home/user/NetBeansProjects/mypjsip/core.11144)
#
# If you would like to submit a bug report, please visit:
#   Unknown
# The crash happened outside the Java Virtual Machine in native code.
# See problematic frame for where to report the bug.
#

---------------  S U M M A R Y ------------

Command Line: com.zilogic.mypjsip.MyApp

Host: Intel(R) Core(TM) i5-7500 CPU @ 3.40GHz, 4 cores, 7G, Ubuntu 20.04.4 LTS
Time: Tue Jul 12 11:17:39 2022 IST elapsed time: 108.122174 seconds (0d 0h 1m 48s)

---------------  T H R E A D  ---------------

Current thread (0x00007f3674016000):  JavaThread "main" [_thread_in_native, id=11145, stack(0x00007f367bbe0000,0x00007f367bce1000)]

Stack: [0x00007f367bbe0000,0x00007f367bce1000],  sp=0x00007f367bcdf830,  free space=1022k
Native frames: (J=compiled Java code, A=aot compiled Java code, j=interpreted, Vv=VM code, C=native code)
C  [libpjsua2.so.2+0x5ac88]  pj::Call::hasMedia() const+0x8
j  org.pjsip.pjsua2.Call.hasMedia()Z+5
j  com.zilogic.mypjsip.MyApp.main([Ljava/lang/String;)V+755
v  ~StubRoutines::call_stub
V  [libjvm.so+0x869cc4]
V  [libjvm.so+0x8e6d8d]
V  [libjvm.so+0x8e94a0]
C  [libjli.so+0x5a6a]
C  [libjli.so+0x9cdd]

Java frames: (J=compiled Java code, j=interpreted, Vv=VM code)
j  org.pjsip.pjsua2.pjsua2JNI.Call_hasMedia(JLorg/pjsip/pjsua2/Call;)Z+0
j  org.pjsip.pjsua2.Call.hasMedia()Z+5
j  com.zilogic.mypjsip.MyApp.main([Ljava/lang/String;)V+755
v  ~StubRoutines::call_stub

siginfo: si_signo: 11 (SIGSEGV), si_code: 1 (SEGV_MAPERR), si_addr: 0x0000000000000010

Register to memory mapping:

RAX=0x00007f363edaf9a0: Java_org_pjsip_pjsua2_pjsua2JNI_Call_1hasMedia+0x0000000000000000 in /usr/lib/libpjsua2.so at 0x00007f363ed03000
RBX={method} {0x00007f365c4a2d80} 'Call_hasMedia' '(JLorg/pjsip/pjsua2/Call;)Z' in 'org/pjsip/pjsua2/pjsua2JNI'
RCX=0x00007f367bcdf8c8 is pointing into the stack for thread: 0x00007f3674016000
RDX=0x0 is NULL
RSP=0x00007f367bcdf830 is pointing into the stack for thread: 0x00007f3674016000
RBP=0x00007f367bcdf8a8 is pointing into the stack for thread: 0x00007f3674016000
RSI=0x00007f367bcdf8b8 is pointing into the stack for thread: 0x00007f3674016000
RDI=0x0 is NULL
R8 =0x00000000fff008e8 points into unknown readable memory: 0x0000001451968801 | 01 88 96 51 14 00 00 00
R9 =0x0000000000000001 is an unknown value
R10=0x00007f365c82d9e1 is at code_begin+897 in an Interpreter codelet
method entry point (kind = native)  [0x00007f365c82d660, 0x00007f365c82dfe0]  2432 bytes
R11=0x000000008c7027d8 points into unknown readable memory: 0x0000002ff4acd009 | 09 d0 ac f4 2f 00 00 00
R12=0x0 is NULL
R13={method} {0x00007f365c4a2d80} 'Call_hasMedia' '(JLorg/pjsip/pjsua2/Call;)Z' in 'org/pjsip/pjsua2/pjsua2JNI'
R14=0x00007f367bcdf8d8 is pointing into the stack for thread: 0x00007f3674016000
R15=0x00007f3674016000 is a thread


Registers:
RAX=0x00007f363edaf9a0, RBX=0x00007f365c4a2d80, RCX=0x00007f367bcdf8c8, RDX=0x0000000000000000
RSP=0x00007f367bcdf830, RBP=0x00007f367bcdf8a8, RSI=0x00007f367bcdf8b8, RDI=0x0000000000000000
R8 =0x00000000fff008e8, R9 =0x0000000000000001, R10=0x00007f365c82d9e1, R11=0x000000008c7027d8
R12=0x0000000000000000, R13=0x00007f365c4a2d80, R14=0x00007f367bcdf8d8, R15=0x00007f3674016000
RIP=0x00007f363ecd4c88, EFLAGS=0x0000000000010206, CSGSFS=0x002b000000000033, ERR=0x0000000000000004
  TRAPNO=0x000000000000000e

Top of Stack: (sp=0x00007f367bcdf830)
0x00007f367bcdf830:   00007f367bcdf848 00007f365c82da10
0x00007f367bcdf840:   00007f365c827c80 000000008c791180
0x00007f367bcdf850:   000000008c706b48 0000000000000001
0x00007f367bcdf860:   00007f367bcdf860 0000000000000000 

Instructions: (pc=0x00007f363ecd4c88)
0x00007f363ecd4b88:   89 57 10 48 83 c0 10 48 c7 47 18 00 00 00 00 48
0x00007f363ecd4b98:   89 07 48 c7 47 20 00 00 00 00 48 c7 47 28 00 00
0x00007f363ecd4ba8:   00 00 48 c7 47 30 00 00 00 00 48 c7 47 38 00 00
0x00007f363ecd4bb8:   00 00 48 c7 47 40 00 00 00 00 83 fa ff 75 09 48
0x00007f363ecd4bc8:   83 c4 08 5b 5d c3 66 90 89 d7 48 89 de e8 86 3d
0x00007f363ecd4bd8:   fc ff 48 83 c4 08 5b 5d c3 f3 0f 1e fa 48 89 c5
0x00007f363ecd4be8:   e9 db ac fc ff 90 66 90 f3 0f 1e fa 8b 7f 10 83
0x00007f363ecd4bf8:   ff ff 74 14 48 83 ec 08 e8 4b 49 fc ff 85 c0 0f
0x00007f363ecd4c08:   95 c0 48 83 c4 08 c3 90 31 c0 c3 90 66 66 2e 0f
0x00007f363ecd4c18:   1f 84 00 00 00 00 00 90 f3 0f 1e fa 8b 47 10 c3
0x00007f363ecd4c28:   0f 1f 84 00 00 00 00 00 f3 0f 1e fa 55 53 89 fb
0x00007f363ecd4c38:   48 83 ec 08 e8 8f 3e fc ff 48 85 c0 74 17 39 58
0x00007f363ecd4c48:   10 74 12 48 8b 68 40 48 85 ed 74 06 83 7d 10 ff
0x00007f363ecd4c58:   74 0e 89 58 10 48 83 c4 08 5b 5d c3 0f 1f 40 00
0x00007f363ecd4c68:   48 89 ee 89 df e8 ee 3c fc ff 48 89 e8 eb e3 90
0x00007f363ecd4c78:   0f 1f 84 00 00 00 00 00 f3 0f 1e fa 48 83 ec 08
0x00007f363ecd4c88:   8b 7f 10 e8 d0 43 fc ff 85 c0 0f 95 c0 48 83 c4
0x00007f363ecd4c98:   08 c3 66 0f 1f 44 00 00 f3 0f 1e fa 55 89 f5 53
0x00007f363ecd4ca8:   48 83 ec 08 48 8b 57 20 48 8b 47 28 48 29 d0 48
0x00007f363ecd4cb8:   c1 f8 03 48 39 c5 73 30 48 8b 04 ea 48 85 c0 74
0x00007f363ecd4cc8:   18 48 89 fb 48 89 c7 e8 cc 4a fc ff 83 f8 01 48
0x00007f363ecd4cd8:   8b 43 20 74 23 48 8b 04 e8 48 83 c4 08 5b 5d c3
0x00007f363ecd4ce8:   0f 1f 84 00 00 00 00 00 48 83 c4 08 31 c0 5b 5d
0x00007f363ecd4cf8:   c3 0f 1f 80 00 00 00 00 48 8b 3c e8 e8 a7 45 fc
0x00007f363ecd4d08:   ff 83 f8 ff 74 e2 48 8b 43 20 eb c9 66 66 2e 0f
0x00007f363ecd4d18:   1f 84 00 00 00 00 00 90 f3 0f 1e fa 48 83 ec 38
0x00007f363ecd4d28:   8b 7f 10 64 48 8b 04 25 28 00 00 00 48 89 44 24
0x00007f363ecd4d38:   28 31 c0 48 8b 42 08 48 8b 12 83 fe 2c 48 89 14
0x00007f363ecd4d48:   24 48 8b 11 48 89 44 24 08 48 8b 41 08 48 8d 4c
0x00007f363ecd4d58:   24 10 48 89 54 24 10 48 89 e2 48 89 44 24 18 b8
0x00007f363ecd4d68:   00 00 00 00 48 0f 45 d0 e8 7b 43 fc ff 48 8b 7c
0x00007f363ecd4d78:   24 28 64 48 33 3c 25 28 00 00 00 75 05 48 83 c4 


Stack slot to memory mapping:
stack at sp + 0 slots: 0x00007f367bcdf848 is pointing into the stack for thread: 0x00007f3674016000
stack at sp + 1 slots: 0x00007f365c82da10 is at code_begin+944 in an Interpreter codelet
method entry point (kind = native)  [0x00007f365c82d660, 0x00007f365c82dfe0]  2432 bytes
stack at sp + 2 slots: 0x00007f365c827c80 is at code_begin+832 in an Interpreter codelet
invoke return entry points  [0x00007f365c827940, 0x00007f365c828360]  2592 bytes
stack at sp + 3 slots: 0x000000008c791180 points into unknown readable memory: 0x000000000000000d | 0d 00 00 00 00 00 00 00
stack at sp + 4 slots: 0x000000008c706b48 is an oop: java.util.Scanner 
{0x000000008c706b48} - klass: 'java/util/Scanner'
stack at sp + 5 slots: 0x0000000000000001 is an unknown value
stack at sp + 6 slots: 0x00007f367bcdf860 is pointing into the stack for thread: 0x00007f3674016000
stack at sp + 7 slots: 0x0 is NULL


---------------  P R O C E S S  ---------------

Threads class SMR info:
_java_thread_list=0x00007f360c045f80, length=9, elements={
0x00007f3674016000, 0x00007f367410f000, 0x00007f3674111000, 0x00007f3674116800,
0x00007f3674118800, 0x00007f367411a800, 0x00007f367411c800, 0x00007f367411e800,
0x00007f3674169800
}

Java Threads: ( => current thread )
=>0x00007f3674016000 JavaThread "main" [_thread_in_native, id=11145, stack(0x00007f367bbe0000,0x00007f367bce1000)]
  0x00007f367410f000 JavaThread "Reference Handler" daemon [_thread_blocked, id=11156, stack(0x00007f363feff000,0x00007f3640000000)]
  0x00007f3674111000 JavaThread "Finalizer" daemon [_thread_blocked, id=11157, stack(0x00007f363fdfe000,0x00007f363feff000)]
  0x00007f3674116800 JavaThread "Signal Dispatcher" daemon [_thread_blocked, id=11158, stack(0x00007f363f78d000,0x00007f363f88e000)]
  0x00007f3674118800 JavaThread "Service Thread" daemon [_thread_blocked, id=11159, stack(0x00007f363f68c000,0x00007f363f78d000)]
  0x00007f367411a800 JavaThread "C2 CompilerThread0" daemon [_thread_blocked, id=11160, stack(0x00007f363f58b000,0x00007f363f68c000)]
  0x00007f367411c800 JavaThread "C1 CompilerThread0" daemon [_thread_blocked, id=11161, stack(0x00007f363f48a000,0x00007f363f58b000)]
  0x00007f367411e800 JavaThread "Sweeper thread" daemon [_thread_blocked, id=11162, stack(0x00007f363f389000,0x00007f363f48a000)]
  0x00007f3674169800 JavaThread "Common-Cleaner" daemon [_thread_blocked, id=11164, stack(0x00007f363f186000,0x00007f363f287000)]

Other Threads:
  0x00007f367410c000 VMThread "VM Thread" [stack: 0x00007f3654068000,0x00007f3654168000] [id=11155]
  0x00007f3674167800 WatcherThread [stack: 0x00007f363f289000,0x00007f363f389000] [id=11163]
  0x00007f367402e000 GCTaskThread "GC Thread#0" [stack: 0x00007f367b89f000,0x00007f367b99f000] [id=11150]
  0x00007f3644001000 GCTaskThread "GC Thread#1" [stack: 0x00007f3611efc000,0x00007f3611ffc000] [id=11213]
  0x00007f3644002800 GCTaskThread "GC Thread#2" [stack: 0x00007f3611dfa000,0x00007f3611efa000] [id=11214]
  0x00007f3644004000 GCTaskThread "GC Thread#3" [stack: 0x00007f3611cf8000,0x00007f3611df8000] [id=11215]
  0x00007f367405f000 ConcurrentGCThread "G1 Main Marker" [stack: 0x00007f3678946000,0x00007f3678a46000] [id=11151]
  0x00007f3674060800 ConcurrentGCThread "G1 Conc#0" [stack: 0x00007f3678844000,0x00007f3678944000] [id=11152]
  0x00007f36740d9000 ConcurrentGCThread "G1 Refine#0" [stack: 0x00007f367833e000,0x00007f367843e000] [id=11153]
  0x00007f36740da800 ConcurrentGCThread "G1 Young RemSet Sampling" [stack: 0x00007f367823c000,0x00007f367833c000] [id=11154]

Threads with active compile tasks:

VM state:not at safepoint (normal execution)

VM Mutex/Monitor currently owned by a thread: None

Heap address: 0x0000000085a00000, size: 1958 MB, Compressed Oops mode: 32-bit
Narrow klass base: 0x0000000800000000, Narrow klass shift: 3
Compressed class space size: 1073741824 Address: 0x0000000840000000

Heap:
 garbage-first heap   total 129024K, used 54796K [0x0000000085a00000, 0x0000000100000000)
  region size 1024K, 54 young (55296K), 1 survivors (1024K)
 Metaspace       used 1968K, capacity 5725K, committed 6016K, reserved 1056768K
  class space    used 155K, capacity 554K, committed 640K, reserved 1048576K
Heap Regions: E=young(eden), S=young(survivor), O=old, HS=humongous(starts), HC=humongous(continues), CS=collection set, F=free, A=archive, TAMS=top-at-mark-start (previous, next)
|   0|0x0000000085a00000, 0x0000000085a00000, 0x0000000085b00000|  0%| F|  |TAMS 0x0000000085a00000, 0x0000000085a00000| Untracked 
|   1|0x0000000085b00000, 0x0000000085b00000, 0x0000000085c00000|  0%| F|  |TAMS 0x0000000085b00000, 0x0000000085b00000| Untracked 
|   2|0x0000000085c00000, 0x0000000085c00000, 0x0000000085d00000|  0%| F|  |TAMS 0x0000000085c00000, 0x0000000085c00000| Untracked 
|   3|0x0000000085d00000, 0x0000000085d00000, 0x0000000085e00000|  0%| F|  |TAMS 0x0000000085d00000, 0x0000000085d00000| Untracked 
|   4|0x0000000085e00000, 0x0000000085e00000, 0x0000000085f00000|  0%| F|  |TAMS 0x0000000085e00000, 0x0000000085e00000| Untracked 
|   5|0x0000000085f00000, 0x0000000085f00000, 0x0000000086000000|  0%| F|  |TAMS 0x0000000085f00000, 0x0000000085f00000| Untracked 
|   6|0x0000000086000000, 0x0000000086000000, 0x0000000086100000|  0%| F|  |TAMS 0x0000000086000000, 0x0000000086000000| Untracked 
|   7|0x0000000086100000, 0x0000000086100000, 0x0000000086200000|  0%| F|  |TAMS 0x0000000086100000, 0x0000000086100000| Untracked 
|   8|0x0000000086200000, 0x0000000086200000, 0x0000000086300000|  0%| F|  |TAMS 0x0000000086200000, 0x0000000086200000| Untracked 
|   9|0x0000000086300000, 0x0000000086300000, 0x0000000086400000|  0%| F|  |TAMS 0x0000000086300000, 0x0000000086300000| Untracked 
|  10|0x0000000086400000, 0x0000000086400000, 0x0000000086500000|  0%| F|  |TAMS 0x0000000086400000, 0x0000000086400000| Untracked 
|  11|0x0000000086500000, 0x0000000086500000, 0x0000000086600000|  0%| F|  |TAMS 0x0000000086500000, 0x0000000086500000| Untracked 
|  12|0x0000000086600000, 0x0000000086600000, 0x0000000086700000|  0%| F|  |TAMS 0x0000000086600000, 0x0000000086600000| Untracked 
|  13|0x0000000086700000, 0x0000000086700000, 0x0000000086800000|  0%| F|  |TAMS 0x0000000086700000, 0x0000000086700000| Untracked 
|  14|0x0000000086800000, 0x0000000086800000, 0x0000000086900000|  0%| F|  |TAMS 0x0000000086800000, 0x0000000086800000| Untracked 
|  15|0x0000000086900000, 0x0000000086900000, 0x0000000086a00000|  0%| F|  |TAMS 0x0000000086900000, 0x0000000086900000| Untracked 
|  16|0x0000000086a00000, 0x0000000086a00000, 0x0000000086b00000|  0%| F|  |TAMS 0x0000000086a00000, 0x0000000086a00000| Untracked 
|  17|0x0000000086b00000, 0x0000000086b00000, 0x0000000086c00000|  0%| F|  |TAMS 0x0000000086b00000, 0x0000000086b00000| Untracked 
|  18|0x0000000086c00000, 0x0000000086c00000, 0x0000000086d00000|  0%| F|  |TAMS 0x0000000086c00000, 0x0000000086c00000| Untracked 
|  19|0x0000000086d00000, 0x0000000086d00000, 0x0000000086e00000|  0%| F|  |TAMS 0x0000000086d00000, 0x0000000086d00000| Untracked 
|  20|0x0000000086e00000, 0x0000000086e00000, 0x0000000086f00000|  0%| F|  |TAMS 0x0000000086e00000, 0x0000000086e00000| Untracked 
|  21|0x0000000086f00000, 0x0000000086f00000, 0x0000000087000000|  0%| F|  |TAMS 0x0000000086f00000, 0x0000000086f00000| Untracked 
|  22|0x0000000087000000, 0x0000000087000000, 0x0000000087100000|  0%| F|  |TAMS 0x0000000087000000, 0x0000000087000000| Untracked 
|  23|0x0000000087100000, 0x0000000087100000, 0x0000000087200000|  0%| F|  |TAMS 0x0000000087100000, 0x0000000087100000| Untracked 
|  24|0x0000000087200000, 0x0000000087200000, 0x0000000087300000|  0%| F|  |TAMS 0x0000000087200000, 0x0000000087200000| Untracked 
|  25|0x0000000087300000, 0x0000000087300000, 0x0000000087400000|  0%| F|  |TAMS 0x0000000087300000, 0x0000000087300000| Untracked 
|  26|0x0000000087400000, 0x0000000087400000, 0x0000000087500000|  0%| F|  |TAMS 0x0000000087400000, 0x0000000087400000| Untracked 
|  27|0x0000000087500000, 0x0000000087500000, 0x0000000087600000|  0%| F|  |TAMS 0x0000000087500000, 0x0000000087500000| Untracked 
|  28|0x0000000087600000, 0x0000000087600000, 0x0000000087700000|  0%| F|  |TAMS 0x0000000087600000, 0x0000000087600000| Untracked 
|  29|0x0000000087700000, 0x0000000087700000, 0x0000000087800000|  0%| F|  |TAMS 0x0000000087700000, 0x0000000087700000| Untracked 
|  30|0x0000000087800000, 0x0000000087800000, 0x0000000087900000|  0%| F|  |TAMS 0x0000000087800000, 0x0000000087800000| Untracked 
|  31|0x0000000087900000, 0x0000000087900000, 0x0000000087a00000|  0%| F|  |TAMS 0x0000000087900000, 0x0000000087900000| Untracked 
|  32|0x0000000087a00000, 0x0000000087a00000, 0x0000000087b00000|  0%| F|  |TAMS 0x0000000087a00000, 0x0000000087a00000| Untracked 
|  33|0x0000000087b00000, 0x0000000087b00000, 0x0000000087c00000|  0%| F|  |TAMS 0x0000000087b00000, 0x0000000087b00000| Untracked 
|  34|0x0000000087c00000, 0x0000000087c00000, 0x0000000087d00000|  0%| F|  |TAMS 0x0000000087c00000, 0x0000000087c00000| Untracked 
|  35|0x0000000087d00000, 0x0000000087d00000, 0x0000000087e00000|  0%| F|  |TAMS 0x0000000087d00000, 0x0000000087d00000| Untracked 
|  36|0x0000000087e00000, 0x0000000087e00000, 0x0000000087f00000|  0%| F|  |TAMS 0x0000000087e00000, 0x0000000087e00000| Untracked 
|  37|0x0000000087f00000, 0x0000000087f00000, 0x0000000088000000|  0%| F|  |TAMS 0x0000000087f00000, 0x0000000087f00000| Untracked 
|  38|0x0000000088000000, 0x0000000088000000, 0x0000000088100000|  0%| F|  |TAMS 0x0000000088000000, 0x0000000088000000| Untracked 
|  39|0x0000000088100000, 0x0000000088100000, 0x0000000088200000|  0%| F|  |TAMS 0x0000000088100000, 0x0000000088100000| Untracked 
|  40|0x0000000088200000, 0x0000000088200000, 0x0000000088300000|  0%| F|  |TAMS 0x0000000088200000, 0x0000000088200000| Untracked 
|  41|0x0000000088300000, 0x0000000088300000, 0x0000000088400000|  0%| F|  |TAMS 0x0000000088300000, 0x0000000088300000| Untracked 
|  42|0x0000000088400000, 0x0000000088400000, 0x0000000088500000|  0%| F|  |TAMS 0x0000000088400000, 0x0000000088400000| Untracked 
|  43|0x0000000088500000, 0x0000000088500000, 0x0000000088600000|  0%| F|  |TAMS 0x0000000088500000, 0x0000000088500000| Untracked 
|  44|0x0000000088600000, 0x0000000088600000, 0x0000000088700000|  0%| F|  |TAMS 0x0000000088600000, 0x0000000088600000| Untracked 
|  45|0x0000000088700000, 0x0000000088700000, 0x0000000088800000|  0%| F|  |TAMS 0x0000000088700000, 0x0000000088700000| Untracked 
|  46|0x0000000088800000, 0x0000000088800000, 0x0000000088900000|  0%| F|  |TAMS 0x0000000088800000, 0x0000000088800000| Untracked 
|  47|0x0000000088900000, 0x0000000088900000, 0x0000000088a00000|  0%| F|  |TAMS 0x0000000088900000, 0x0000000088900000| Untracked 
|  48|0x0000000088a00000, 0x0000000088a00000, 0x0000000088b00000|  0%| F|  |TAMS 0x0000000088a00000, 0x0000000088a00000| Untracked 
|  49|0x0000000088b00000, 0x0000000088b00000, 0x0000000088c00000|  0%| F|  |TAMS 0x0000000088b00000, 0x0000000088b00000| Untracked 
|  50|0x0000000088c00000, 0x0000000088c00000, 0x0000000088d00000|  0%| F|  |TAMS 0x0000000088c00000, 0x0000000088c00000| Untracked 
|  51|0x0000000088d00000, 0x0000000088d00000, 0x0000000088e00000|  0%| F|  |TAMS 0x0000000088d00000, 0x0000000088d00000| Untracked 
|  52|0x0000000088e00000, 0x0000000088e00000, 0x0000000088f00000|  0%| F|  |TAMS 0x0000000088e00000, 0x0000000088e00000| Untracked 
|  53|0x0000000088f00000, 0x0000000088f00000, 0x0000000089000000|  0%| F|  |TAMS 0x0000000088f00000, 0x0000000088f00000| Untracked 
|  54|0x0000000089000000, 0x0000000089000000, 0x0000000089100000|  0%| F|  |TAMS 0x0000000089000000, 0x0000000089000000| Untracked 
|  55|0x0000000089100000, 0x0000000089100000, 0x0000000089200000|  0%| F|  |TAMS 0x0000000089100000, 0x0000000089100000| Untracked 
|  56|0x0000000089200000, 0x0000000089200000, 0x0000000089300000|  0%| F|  |TAMS 0x0000000089200000, 0x0000000089200000| Untracked 
|  57|0x0000000089300000, 0x0000000089300000, 0x0000000089400000|  0%| F|  |TAMS 0x0000000089300000, 0x0000000089300000| Untracked 
|  58|0x0000000089400000, 0x0000000089400000, 0x0000000089500000|  0%| F|  |TAMS 0x0000000089400000, 0x0000000089400000| Untracked 
|  59|0x0000000089500000, 0x0000000089500000, 0x0000000089600000|  0%| F|  |TAMS 0x0000000089500000, 0x0000000089500000| Untracked 
|  60|0x0000000089600000, 0x0000000089600000, 0x0000000089700000|  0%| F|  |TAMS 0x0000000089600000, 0x0000000089600000| Untracked 
|  61|0x0000000089700000, 0x0000000089700000, 0x0000000089800000|  0%| F|  |TAMS 0x0000000089700000, 0x0000000089700000| Untracked 
|  62|0x0000000089800000, 0x0000000089800000, 0x0000000089900000|  0%| F|  |TAMS 0x0000000089800000, 0x0000000089800000| Untracked 
|  63|0x0000000089900000, 0x0000000089900000, 0x0000000089a00000|  0%| F|  |TAMS 0x0000000089900000, 0x0000000089900000| Untracked 
|  64|0x0000000089a00000, 0x0000000089a00000, 0x0000000089b00000|  0%| F|  |TAMS 0x0000000089a00000, 0x0000000089a00000| Untracked 
|  65|0x0000000089b00000, 0x0000000089b00000, 0x0000000089c00000|  0%| F|  |TAMS 0x0000000089b00000, 0x0000000089b00000| Untracked 
|  66|0x0000000089c00000, 0x0000000089c00000, 0x0000000089d00000|  0%| F|  |TAMS 0x0000000089c00000, 0x0000000089c00000| Untracked 
|  67|0x0000000089d00000, 0x0000000089d00000, 0x0000000089e00000|  0%| F|  |TAMS 0x0000000089d00000, 0x0000000089d00000| Untracked 
|  68|0x0000000089e00000, 0x0000000089e00000, 0x0000000089f00000|  0%| F|  |TAMS 0x0000000089e00000, 0x0000000089e00000| Untracked 
|  69|0x0000000089f00000, 0x0000000089f00000, 0x000000008a000000|  0%| F|  |TAMS 0x0000000089f00000, 0x0000000089f00000| Untracked 
|  70|0x000000008a000000, 0x000000008a100000, 0x000000008a100000|100%| E|  |TAMS 0x000000008a000000, 0x000000008a000000| Complete 
|  71|0x000000008a100000, 0x000000008a200000, 0x000000008a200000|100%| E|CS|TAMS 0x000000008a100000, 0x000000008a100000| Complete 
|  72|0x000000008a200000, 0x000000008a300000, 0x000000008a300000|100%| E|CS|TAMS 0x000000008a200000, 0x000000008a200000| Complete 
|  73|0x000000008a300000, 0x000000008a400000, 0x000000008a400000|100%| E|CS|TAMS 0x000000008a300000, 0x000000008a300000| Complete 
|  74|0x000000008a400000, 0x000000008a500000, 0x000000008a500000|100%| E|CS|TAMS 0x000000008a400000, 0x000000008a400000| Complete 
|  75|0x000000008a500000, 0x000000008a600000, 0x000000008a600000|100%| E|CS|TAMS 0x000000008a500000, 0x000000008a500000| Complete 
|  76|0x000000008a600000, 0x000000008a700000, 0x000000008a700000|100%| E|CS|TAMS 0x000000008a600000, 0x000000008a600000| Complete 
|  77|0x000000008a700000, 0x000000008a800000, 0x000000008a800000|100%| E|CS|TAMS 0x000000008a700000, 0x000000008a700000| Complete 
|  78|0x000000008a800000, 0x000000008a900000, 0x000000008a900000|100%| E|CS|TAMS 0x000000008a800000, 0x000000008a800000| Complete 
|  79|0x000000008a900000, 0x000000008aa00000, 0x000000008aa00000|100%| E|CS|TAMS 0x000000008a900000, 0x000000008a900000| Complete 
|  80|0x000000008aa00000, 0x000000008ab00000, 0x000000008ab00000|100%| E|CS|TAMS 0x000000008aa00000, 0x000000008aa00000| Complete 
|  81|0x000000008ab00000, 0x000000008ac00000, 0x000000008ac00000|100%| E|CS|TAMS 0x000000008ab00000, 0x000000008ab00000| Complete 
|  82|0x000000008ac00000, 0x000000008ad00000, 0x000000008ad00000|100%| E|CS|TAMS 0x000000008ac00000, 0x000000008ac00000| Complete 
|  83|0x000000008ad00000, 0x000000008ae00000, 0x000000008ae00000|100%| E|CS|TAMS 0x000000008ad00000, 0x000000008ad00000| Complete 
|  84|0x000000008ae00000, 0x000000008af00000, 0x000000008af00000|100%| E|CS|TAMS 0x000000008ae00000, 0x000000008ae00000| Complete 
|  85|0x000000008af00000, 0x000000008b000000, 0x000000008b000000|100%| E|CS|TAMS 0x000000008af00000, 0x000000008af00000| Complete 
|  86|0x000000008b000000, 0x000000008b100000, 0x000000008b100000|100%| E|CS|TAMS 0x000000008b000000, 0x000000008b000000| Complete 
|  87|0x000000008b100000, 0x000000008b200000, 0x000000008b200000|100%| E|CS|TAMS 0x000000008b100000, 0x000000008b100000| Complete 
|  88|0x000000008b200000, 0x000000008b300000, 0x000000008b300000|100%| E|CS|TAMS 0x000000008b200000, 0x000000008b200000| Complete 
|  89|0x000000008b300000, 0x000000008b400000, 0x000000008b400000|100%| E|CS|TAMS 0x000000008b300000, 0x000000008b300000| Complete 
|  90|0x000000008b400000, 0x000000008b500000, 0x000000008b500000|100%| E|CS|TAMS 0x000000008b400000, 0x000000008b400000| Complete 
|  91|0x000000008b500000, 0x000000008b600000, 0x000000008b600000|100%| E|CS|TAMS 0x000000008b500000, 0x000000008b500000| Complete 
|  92|0x000000008b600000, 0x000000008b700000, 0x000000008b700000|100%| E|CS|TAMS 0x000000008b600000, 0x000000008b600000| Complete 
|  93|0x000000008b700000, 0x000000008b800000, 0x000000008b800000|100%| E|CS|TAMS 0x000000008b700000, 0x000000008b700000| Complete 
|  94|0x000000008b800000, 0x000000008b900000, 0x000000008b900000|100%| E|CS|TAMS 0x000000008b800000, 0x000000008b800000| Complete 
|  95|0x000000008b900000, 0x000000008ba00000, 0x000000008ba00000|100%| E|CS|TAMS 0x000000008b900000, 0x000000008b900000| Complete 
|  96|0x000000008ba00000, 0x000000008bb00000, 0x000000008bb00000|100%| E|CS|TAMS 0x000000008ba00000, 0x000000008ba00000| Complete 
|  97|0x000000008bb00000, 0x000000008bc00000, 0x000000008bc00000|100%| E|CS|TAMS 0x000000008bb00000, 0x000000008bb00000| Complete 
|  98|0x000000008bc00000, 0x000000008bd00000, 0x000000008bd00000|100%| E|CS|TAMS 0x000000008bc00000, 0x000000008bc00000| Complete 
|  99|0x000000008bd00000, 0x000000008be00000, 0x000000008be00000|100%| E|CS|TAMS 0x000000008bd00000, 0x000000008bd00000| Complete 
| 100|0x000000008be00000, 0x000000008bf00000, 0x000000008bf00000|100%| E|CS|TAMS 0x000000008be00000, 0x000000008be00000| Complete 
| 101|0x000000008bf00000, 0x000000008c000000, 0x000000008c000000|100%| E|CS|TAMS 0x000000008bf00000, 0x000000008bf00000| Complete 
| 102|0x000000008c000000, 0x000000008c100000, 0x000000008c100000|100%| E|CS|TAMS 0x000000008c000000, 0x000000008c000000| Complete 
| 103|0x000000008c100000, 0x000000008c200000, 0x000000008c200000|100%| E|CS|TAMS 0x000000008c100000, 0x000000008c100000| Complete 
| 104|0x000000008c200000, 0x000000008c300000, 0x000000008c300000|100%| E|CS|TAMS 0x000000008c200000, 0x000000008c200000| Complete 
| 105|0x000000008c300000, 0x000000008c400000, 0x000000008c400000|100%| E|CS|TAMS 0x000000008c300000, 0x000000008c300000| Complete 
| 106|0x000000008c400000, 0x000000008c500000, 0x000000008c500000|100%| E|CS|TAMS 0x000000008c400000, 0x000000008c400000| Complete 
| 107|0x000000008c500000, 0x000000008c600000, 0x000000008c600000|100%| E|CS|TAMS 0x000000008c500000, 0x000000008c500000| Complete 
| 108|0x000000008c600000, 0x000000008c700000, 0x000000008c700000|100%| E|CS|TAMS 0x000000008c600000, 0x000000008c600000| Complete 
| 109|0x000000008c700000, 0x000000008c7d1278, 0x000000008c800000| 81%| S|CS|TAMS 0x000000008c700000, 0x000000008c700000| Complete 
| 110|0x000000008c800000, 0x000000008c900000, 0x000000008c900000|100%| E|CS|TAMS 0x000000008c800000, 0x000000008c800000| Complete 
| 111|0x000000008c900000, 0x000000008ca00000, 0x000000008ca00000|100%| E|CS|TAMS 0x000000008c900000, 0x000000008c900000| Complete 
| 112|0x000000008ca00000, 0x000000008cb00000, 0x000000008cb00000|100%| E|CS|TAMS 0x000000008ca00000, 0x000000008ca00000| Complete 
| 113|0x000000008cb00000, 0x000000008cc00000, 0x000000008cc00000|100%| E|CS|TAMS 0x000000008cb00000, 0x000000008cb00000| Complete 
| 114|0x000000008cc00000, 0x000000008cd00000, 0x000000008cd00000|100%| E|CS|TAMS 0x000000008cc00000, 0x000000008cc00000| Complete 
| 115|0x000000008cd00000, 0x000000008ce00000, 0x000000008ce00000|100%| E|CS|TAMS 0x000000008cd00000, 0x000000008cd00000| Complete 
| 116|0x000000008ce00000, 0x000000008cf00000, 0x000000008cf00000|100%| E|CS|TAMS 0x000000008ce00000, 0x000000008ce00000| Complete 
| 117|0x000000008cf00000, 0x000000008d000000, 0x000000008d000000|100%| E|CS|TAMS 0x000000008cf00000, 0x000000008cf00000| Complete 
| 118|0x000000008d000000, 0x000000008d100000, 0x000000008d100000|100%| E|CS|TAMS 0x000000008d000000, 0x000000008d000000| Complete 
| 119|0x000000008d100000, 0x000000008d200000, 0x000000008d200000|100%| E|CS|TAMS 0x000000008d100000, 0x000000008d100000| Complete 
| 120|0x000000008d200000, 0x000000008d300000, 0x000000008d300000|100%| E|CS|TAMS 0x000000008d200000, 0x000000008d200000| Complete 
| 121|0x000000008d300000, 0x000000008d400000, 0x000000008d400000|100%| E|CS|TAMS 0x000000008d300000, 0x000000008d300000| Complete 
| 122|0x000000008d400000, 0x000000008d500000, 0x000000008d500000|100%| E|CS|TAMS 0x000000008d400000, 0x000000008d400000| Complete 
| 123|0x000000008d500000, 0x000000008d600000, 0x000000008d600000|100%| E|CS|TAMS 0x000000008d500000, 0x000000008d500000| Complete 
|1956|0x00000000ffe00000, 0x00000000ffe47000, 0x00000000fff00000| 27%|OA|  |TAMS 0x00000000ffe00000, 0x00000000ffe00000| Untracked 
|1957|0x00000000fff00000, 0x00000000fff6b000, 0x0000000100000000| 41%|CA|  |TAMS 0x00000000fff00000, 0x00000000fff00000| Untracked 

Card table byte_map: [0x00007f367acf3000,0x00007f367b0c6000] _byte_map_base: 0x00007f367a8c6000

Marking Bits (Prev, Next): (CMBitMap*) 0x00007f3674056388, (CMBitMap*) 0x00007f36740563c0
 Prev Bits: [0x00007f3678a88000, 0x00007f367a920000)
 Next Bits: [0x00007f3656168000, 0x00007f3658000000)

Polling page: 0x00007f367d522000

Metaspace:

Usage:
  Non-class:      5.05 MB capacity,     1.77 MB ( 35%) used,     3.26 MB ( 65%) free+waste,    15.31 KB ( <1%) overhead. 
      Class:    554.00 KB capacity,   155.09 KB ( 28%) used,   390.54 KB ( 70%) free+waste,     8.38 KB (  2%) overhead. 
       Both:      5.59 MB capacity,     1.92 MB ( 34%) used,     3.65 MB ( 65%) free+waste,    23.69 KB ( <1%) overhead. 

Virtual space:
  Non-class space:        8.00 MB reserved,       5.25 MB ( 66%) committed 
      Class space:        1.00 GB reserved,     640.00 KB ( <1%) committed 
             Both:        1.01 GB reserved,       5.88 MB ( <1%) committed 

Chunk freelists:
   Non-Class:  21.00 KB
       Class:  0 bytes
        Both:  21.00 KB

MaxMetaspaceSize: unlimited
CompressedClassSpaceSize: 1.00 GB
Initial GC threshold: 20.80 MB
Current GC threshold: 20.80 MB
CDS: on

CodeHeap 'non-profiled nmethods': size=120032Kb used=144Kb max_used=144Kb free=119887Kb
 bounds [0x00007f36642e6000, 0x00007f3664556000, 0x00007f366b81e000]
CodeHeap 'profiled nmethods': size=120032Kb used=767Kb max_used=767Kb free=119265Kb
 bounds [0x00007f365cdae000, 0x00007f365d01e000, 0x00007f36642e6000]
CodeHeap 'non-nmethods': size=5696Kb used=1137Kb max_used=1151Kb free=4559Kb
 bounds [0x00007f365c81e000, 0x00007f365ca8e000, 0x00007f365cdae000]
 total_blobs=900 nmethods=505 adapters=309
 compilation: enabled
              stopped_count=0, restarted_count=0
 full_count=0

Compilation events (20 events):
Event: 99.366 Thread 0x00007f367411c800 nmethod 494 0x00007f365ce67810 code [0x00007f365ce67a00, 0x00007f365ce680b0]
Event: 99.368 Thread 0x00007f367411c800  497   !   3       java.io.PrintStream::write (83 bytes)
Event: 99.369 Thread 0x00007f367411c800 nmethod 497 0x00007f365ce68290 code [0x00007f365ce68540, 0x00007f365ce69230]
Event: 99.369 Thread 0x00007f367411c800  498       3       sun.nio.cs.UTF_8$Encoder::encodeLoop (28 bytes)
Event: 99.369 Thread 0x00007f367411c800 nmethod 498 0x00007f365ce69910 code [0x00007f365ce69b00, 0x00007f365ce69ef0]
Event: 99.369 Thread 0x00007f367411c800  500       3       java.lang.String::getChars (54 bytes)
Event: 99.369 Thread 0x00007f367411c800 nmethod 500 0x00007f365ce6a090 code [0x00007f365ce6a2a0, 0x00007f365ce6a770]
Event: 99.369 Thread 0x00007f367411c800  501       3       java.lang.StringLatin1::getChars (12 bytes)
Event: 99.369 Thread 0x00007f367411c800 nmethod 501 0x00007f365ce6a990 code [0x00007f365ce6ab60, 0x00007f365ce6adb0]
Event: 99.369 Thread 0x00007f367411c800  502   !   3       java.io.BufferedWriter::flushBuffer (53 bytes)
Event: 99.370 Thread 0x00007f367411c800 nmethod 502 0x00007f365ce6af90 code [0x00007f365ce6b180, 0x00007f365ce6b770]
Event: 99.370 Thread 0x00007f367411c800  503       3       java.io.OutputStreamWriter::write (11 bytes)
Event: 99.370 Thread 0x00007f367411c800 nmethod 503 0x00007f365ce6ba10 code [0x00007f365ce6bbc0, 0x00007f365ce6bd00]
Event: 99.370 Thread 0x00007f367411c800  504   !   3       sun.nio.cs.StreamEncoder::write (78 bytes)
Event: 99.370 Thread 0x00007f367411c800 nmethod 504 0x00007f365ce6be10 code [0x00007f365ce6c080, 0x00007f365ce6cbc0]
Event: 99.370 Thread 0x00007f367411c800  505       3       sun.nio.cs.StreamEncoder::ensureOpen (18 bytes)
Event: 99.370 Thread 0x00007f367411c800 nmethod 505 0x00007f365ce6d190 code [0x00007f365ce6d360, 0x00007f365ce6d5a0]
Event: 99.370 Thread 0x00007f367411c800  499       3       java.io.PrintStream::print (9 bytes)
Event: 99.370 Thread 0x00007f367411c800 nmethod 499 0x00007f365ce6d690 code [0x00007f365ce6d860, 0x00007f365ce6dac0]
Event: 99.371 Thread 0x00007f367411a800 nmethod 495% 0x00007f3664309a90 code [0x00007f3664309c40, 0x00007f366430a018]

GC Heap History (2 events):
Event: 35.151 GC heap before
{Heap before GC invocations=0 (full 0):
 garbage-first heap   total 129024K, used 15048K [0x0000000085a00000, 0x0000000100000000)
  region size 1024K, 14 young (14336K), 0 survivors (0K)
 Metaspace       used 1869K, capacity 5661K, committed 5760K, reserved 1056768K
  class space    used 149K, capacity 554K, committed 640K, reserved 1048576K
}
Event: 35.168 GC heap after
{Heap after GC invocations=1 (full 0):
 garbage-first heap   total 129024K, used 1548K [0x0000000085a00000, 0x0000000100000000)
  region size 1024K, 1 young (1024K), 1 survivors (1024K)
 Metaspace       used 1869K, capacity 5661K, committed 5760K, reserved 1056768K
  class space    used 149K, capacity 554K, committed 640K, reserved 1048576K
}

Deoptimization events (4 events):
Event: 0.071 Thread 0x00007f3674016000 Uncommon trap: trap_request=0xffffff4d fr.pc=0x00007f36642edb9c relative=0x000000000000007c
Event: 0.071 Thread 0x00007f3674016000 Uncommon trap: reason=unstable_if action=reinterpret pc=0x00007f36642edb9c method=java.lang.String.isLatin1()Z @ 10 c2
Event: 0.071 Thread 0x00007f3674016000 DEOPT PACKING pc=0x00007f36642edb9c sp=0x00007f367bcdf370
Event: 0.071 Thread 0x00007f3674016000 DEOPT UNPACKING pc=0x00007f365c867ea5 sp=0x00007f367bcdf2d0 mode 2

Classes redefined (0 events):
No events

Internal exceptions (1 events):
Event: 0.062 Thread 0x00007f3674016000 Exception <a 'java/lang/NoSuchMethodError'{0x000000008d4d3fe0}: 'int java.lang.invoke.DirectMethodHandle$Holder.invokeSpecialIFC(java.lang.Object, java.lang.Object, int)'> (0x000000008d4d3fe0) thrown at [src/hotspot/share/interpreter/linkResolver.cpp, line 772]

Events (20 events):
Event: 99.368 Thread 0x00007f360c058800 Thread added: 0x00007f360c058800
Event: 99.368 Thread 0x00007f360c058800 Thread exited: 0x00007f360c058800
Event: 99.368 Protecting memory [0x00007f363c02b000,0x00007f363c02f000] with protection modes 0
Event: 99.368 Thread 0x00007f360c048000 Thread added: 0x00007f360c048000
Event: 99.368 Thread 0x00007f360c048000 Thread exited: 0x00007f360c048000
Event: 99.368 Protecting memory [0x00007f363c02b000,0x00007f363c02f000] with protection modes 0
Event: 99.368 Thread 0x00007f360c048000 Thread added: 0x00007f360c048000
Event: 99.368 Thread 0x00007f360c048000 Thread exited: 0x00007f360c048000
Event: 100.368 Protecting memory [0x00007f363c02b000,0x00007f363c02f000] with protection modes 0
Event: 100.368 Thread 0x00007f360c054000 Thread added: 0x00007f360c054000
Event: 100.368 Thread 0x00007f360c054000 Thread exited: 0x00007f360c054000
Event: 100.368 Protecting memory [0x00007f363c02b000,0x00007f363c02f000] with protection modes 0
Event: 100.368 Thread 0x00007f360c054000 Thread added: 0x00007f360c054000
Event: 100.368 Thread 0x00007f360c054000 Thread exited: 0x00007f360c054000
Event: 104.369 Protecting memory [0x00007f363c02b000,0x00007f363c02f000] with protection modes 0
Event: 104.369 Thread 0x00007f360c054000 Thread added: 0x00007f360c054000
Event: 104.369 Thread 0x00007f360c054000 Thread exited: 0x00007f360c054000
Event: 104.369 Protecting memory [0x00007f363c02b000,0x00007f363c02f000] with protection modes 0
Event: 104.369 Thread 0x00007f360c054000 Thread added: 0x00007f360c054000
Event: 104.369 Thread 0x00007f360c054000 Thread exited: 0x00007f360c054000


Dynamic libraries:
85a00000-8d600000 rw-p 00000000 00:00 0 
8d600000-ffe00000 ---p 00000000 00:00 0 
ffe00000-ffe47000 rw-p 01119000 08:02 1441990                            /usr/lib/jvm/java-11-openjdk-amd64/lib/server/classes.jsa
ffe47000-fff00000 rw-p 00000000 00:00 0 
fff00000-fff6b000 rw-p 010ae000 08:02 1441990                            /usr/lib/jvm/java-11-openjdk-amd64/lib/server/classes.jsa
fff6b000-100000000 rw-p 00000000 00:00 0 
800000000-800002000 rwxp 00001000 08:02 1441990                          /usr/lib/jvm/java-11-openjdk-amd64/lib/server/classes.jsa
800002000-8003cb000 rw-p 00003000 08:02 1441990                          /usr/lib/jvm/java-11-openjdk-amd64/lib/server/classes.jsa
8003cb000-800a9a000 r--p 003cc000 08:02 1441990                          /usr/lib/jvm/java-11-openjdk-amd64/lib/server/classes.jsa
800a9a000-800a9b000 rw-p 00a9b000 08:02 1441990                          /usr/lib/jvm/java-11-openjdk-amd64/lib/server/classes.jsa
800a9b000-8010ad000 r--p 00a9c000 08:02 1441990                          /usr/lib/jvm/java-11-openjdk-amd64/lib/server/classes.jsa
840000000-8400a0000 rw-p 00000000 00:00 0 
8400a0000-880000000 ---p 00000000 00:00 0 
55dbd97b7000-55dbd97b8000 r--p 00000000 08:02 1445569                    /usr/lib/jvm/java-11-openjdk-amd64/bin/java
55dbd97b8000-55dbd97b9000 r-xp 00001000 08:02 1445569                    /usr/lib/jvm/java-11-openjdk-amd64/bin/java
55dbd97b9000-55dbd97ba000 r--p 00002000 08:02 1445569                    /usr/lib/jvm/java-11-openjdk-amd64/bin/java
55dbd97ba000-55dbd97bb000 r--p 00002000 08:02 1445569                    /usr/lib/jvm/java-11-openjdk-amd64/bin/java
55dbd97bb000-55dbd97bc000 rw-p 00003000 08:02 1445569                    /usr/lib/jvm/java-11-openjdk-amd64/bin/java
55dbda46c000-55dbda48d000 rw-p 00000000 00:00 0                          [heap]
7f35d4000000-7f35d4021000 rw-p 00000000 00:00 0 
7f35d4021000-7f35d8000000 ---p 00000000 00:00 0 
7f35d8000000-7f35d8021000 rw-p 00000000 00:00 0 
7f35d8021000-7f35dc000000 ---p 00000000 00:00 0 
7f35dc000000-7f35dc021000 rw-p 00000000 00:00 0 
7f35dc021000-7f35e0000000 ---p 00000000 00:00 0 
7f35e0000000-7f35e0021000 rw-p 00000000 00:00 0 
7f35e0021000-7f35e4000000 ---p 00000000 00:00 0 
7f35e4000000-7f35e4021000 rw-p 00000000 00:00 0 
7f35e4021000-7f35e8000000 ---p 00000000 00:00 0 
7f35f0000000-7f35f0021000 rw-p 00000000 00:00 0 
7f35f0021000-7f35f4000000 ---p 00000000 00:00 0 
7f3608000000-7f3608021000 rw-p 00000000 00:00 0 
7f3608021000-7f360c000000 ---p 00000000 00:00 0 
7f360c000000-7f360c090000 rw-p 00000000 00:00 0 
7f360c090000-7f3610000000 ---p 00000000 00:00 0 
7f3611cf6000-7f3611cf7000 ---p 00000000 00:00 0 
7f3611cf7000-7f3611df8000 rw-p 00000000 00:00 0 
7f3611df8000-7f3611df9000 ---p 00000000 00:00 0 
7f3611df9000-7f3611efa000 rw-p 00000000 00:00 0 
7f3611efa000-7f3611efb000 ---p 00000000 00:00 0 
7f3611efb000-7f3611ffc000 rw-p 00000000 00:00 0 
7f3611ffc000-7f3611ffd000 ---p 00000000 00:00 0 
7f3611ffd000-7f3611ffe000 rw-p 00000000 00:00 0 
7f3611ffe000-7f3612002000 ---p 00000000 00:00 0 
7f3612002000-7f36127fd000 rw-p 00000000 00:00 0 
7f36127fd000-7f36127fe000 ---p 00000000 00:00 0 
7f36127fe000-7f36127ff000 rw-p 00000000 00:00 0 
7f36127ff000-7f3612803000 ---p 00000000 00:00 0 
7f3612803000-7f3612ffe000 rw-p 00000000 00:00 0 
7f3612ffe000-7f3612fff000 ---p 00000000 00:00 0 
7f3612fff000-7f36137ff000 rw-p 00000000 00:00 0 
7f36137ff000-7f3613800000 ---p 00000000 00:00 0 
7f3613800000-7f3614000000 rw-p 00000000 00:00 0 
7f3618000000-7f3618021000 rw-p 00000000 00:00 0 
7f3618021000-7f361c000000 ---p 00000000 00:00 0 
7f361c000000-7f361c021000 rw-p 00000000 00:00 0 
7f361c021000-7f3620000000 ---p 00000000 00:00 0 
7f3620000000-7f3620202000 rw-p 00000000 00:00 0 
7f3620202000-7f3624000000 ---p 00000000 00:00 0 
7f3624000000-7f3624021000 rw-p 00000000 00:00 0 
7f3624021000-7f3628000000 ---p 00000000 00:00 0 
7f3628000000-7f3628021000 rw-p 00000000 00:00 0 
7f3628021000-7f362c000000 ---p 00000000 00:00 0 
7f362c000000-7f362c22f000 rw-p 00000000 00:00 0 
7f362c22f000-7f3630000000 ---p 00000000 00:00 0 
7f3630000000-7f3630021000 rw-p 00000000 00:00 0 
7f3630021000-7f3634000000 ---p 00000000 00:00 0 
7f3634000000-7f3634021000 rw-p 00000000 00:00 0 
7f3634021000-7f3638000000 ---p 00000000 00:00 0 
7f3638000000-7f3638021000 rw-p 00000000 00:00 0 
7f3638021000-7f363c000000 ---p 00000000 00:00 0 
7f363c029000-7f363c02a000 ---p 00000000 00:00 0 
7f363c02a000-7f363c02b000 rw-p 00000000 00:00 0 
7f363c02b000-7f363c02f000 ---p 00000000 00:00 0 
7f363c02f000-7f363c82a000 rw-p 00000000 00:00 0 
7f363c82a000-7f363c82b000 ---p 00000000 00:00 0 
7f363c82b000-7f363d02b000 rw-p 00000000 00:00 0 
7f363d02b000-7f363d04b000 r--p 00000000 08:02 1449217                    /usr/lib/x86_64-linux-gnu/libdb-5.3.so
7f363d04b000-7f363d18d000 r-xp 00020000 08:02 1449217                    /usr/lib/x86_64-linux-gnu/libdb-5.3.so
7f363d18d000-7f363d1d2000 r--p 00162000 08:02 1449217                    /usr/lib/x86_64-linux-gnu/libdb-5.3.so
7f363d1d2000-7f363d1d9000 r--p 001a6000 08:02 1449217                    /usr/lib/x86_64-linux-gnu/libdb-5.3.so
7f363d1d9000-7f363d1da000 rw-p 001ad000 08:02 1449217                    /usr/lib/x86_64-linux-gnu/libdb-5.3.so
7f363d1da000-7f363d1e0000 r--p 00000000 08:02 1442494                    /usr/lib/x86_64-linux-gnu/libjack.so.0.0.28
7f363d1e0000-7f363d1ec000 r-xp 00006000 08:02 1442494                    /usr/lib/x86_64-linux-gnu/libjack.so.0.0.28
7f363d1ec000-7f363d1f1000 r--p 00012000 08:02 1442494                    /usr/lib/x86_64-linux-gnu/libjack.so.0.0.28
7f363d1f1000-7f363d1f2000 r--p 00016000 08:02 1442494                    /usr/lib/x86_64-linux-gnu/libjack.so.0.0.28
7f363d1f2000-7f363d1f3000 rw-p 00017000 08:02 1442494                    /usr/lib/x86_64-linux-gnu/libjack.so.0.0.28
7f363d1f3000-7f363d1fd000 rw-p 00000000 00:00 0 
7f363d1fd000-7f363d368000 r-xp 00000000 08:02 1450125                    /usr/lib/x86_64-linux-gnu/libsamplerate.so.0.1.8
7f363d368000-7f363d567000 ---p 0016b000 08:02 1450125                    /usr/lib/x86_64-linux-gnu/libsamplerate.so.0.1.8
7f363d567000-7f363d568000 r--p 0016a000 08:02 1450125                    /usr/lib/x86_64-linux-gnu/libsamplerate.so.0.1.8
7f363d568000-7f363d569000 rw-p 0016b000 08:02 1450125                    /usr/lib/x86_64-linux-gnu/libsamplerate.so.0.1.8
7f363d574000-7f363d576000 r--p 00000000 08:02 2097964                    /usr/lib/x86_64-linux-gnu/alsa-lib/libasound_module_ctl_pulse.so
7f363d576000-7f363d579000 r-xp 00002000 08:02 2097964                    /usr/lib/x86_64-linux-gnu/alsa-lib/libasound_module_ctl_pulse.so
7f363d579000-7f363d57a000 r--p 00005000 08:02 2097964                    /usr/lib/x86_64-linux-gnu/alsa-lib/libasound_module_ctl_pulse.so
7f363d57a000-7f363d57b000 r--p 00005000 08:02 2097964                    /usr/lib/x86_64-linux-gnu/alsa-lib/libasound_module_ctl_pulse.so
7f363d57b000-7f363d57c000 rw-p 00006000 08:02 2097964                    /usr/lib/x86_64-linux-gnu/alsa-lib/libasound_module_ctl_pulse.so
7f363d57c000-7f363d57d000 r--p 00000000 08:02 2097968                    /usr/lib/x86_64-linux-gnu/alsa-lib/libasound_module_pcm_upmix.so
7f363d57d000-7f363d57f000 r-xp 00001000 08:02 2097968                    /usr/lib/x86_64-linux-gnu/alsa-lib/libasound_module_pcm_upmix.so
7f363d57f000-7f363d580000 r--p 00003000 08:02 2097968                    /usr/lib/x86_64-linux-gnu/alsa-lib/libasound_module_pcm_upmix.so
7f363d580000-7f363d581000 r--p 00003000 08:02 2097968                    /usr/lib/x86_64-linux-gnu/alsa-lib/libasound_module_pcm_upmix.so
7f363d581000-7f363d582000 rw-p 00004000 08:02 2097968                    /usr/lib/x86_64-linux-gnu/alsa-lib/libasound_module_pcm_upmix.so
7f363d582000-7f363d583000 r--p 00000000 08:02 2097966                    /usr/lib/x86_64-linux-gnu/alsa-lib/libasound_module_pcm_oss.so
7f363d583000-7f363d585000 r-xp 00001000 08:02 2097966                    /usr/lib/x86_64-linux-gnu/alsa-lib/libasound_module_pcm_oss.so
7f363d585000-7f363d586000 r--p 00003000 08:02 2097966                    /usr/lib/x86_64-linux-gnu/alsa-lib/libasound_module_pcm_oss.so
7f363d586000-7f363d587000 r--p 00003000 08:02 2097966                    /usr/lib/x86_64-linux-gnu/alsa-lib/libasound_module_pcm_oss.so
7f363d587000-7f363d588000 rw-p 00004000 08:02 2097966                    /usr/lib/x86_64-linux-gnu/alsa-lib/libasound_module_pcm_oss.so
7f363d588000-7f363d589000 ---p 00000000 00:00 0 
7f363d589000-7f363dd89000 rw-p 00000000 00:00 0 
7f363dd89000-7f363dd8d000 r--p 00000000 08:02 1449497                    /usr/lib/x86_64-linux-gnu/libgpg-error.so.0.28.0
7f363dd8d000-7f363dda0000 r-xp 00004000 08:02 1449497                    /usr/lib/x86_64-linux-gnu/libgpg-error.so.0.28.0
7f363dda0000-7f363ddaa000 r--p 00017000 08:02 1449497                    /usr/lib/x86_64-linux-gnu/libgpg-error.so.0.28.0
7f363ddaa000-7f363ddab000 r--p 00020000 08:02 1449497                    /usr/lib/x86_64-linux-gnu/libgpg-error.so.0.28.0
7f363ddab000-7f363ddac000 rw-p 00021000 08:02 1449497                    /usr/lib/x86_64-linux-gnu/libgpg-error.so.0.28.0
7f363ddac000-7f363ddb0000 r--p 00000000 08:02 1449109                    /usr/lib/x86_64-linux-gnu/libbsd.so.0.10.0
7f363ddb0000-7f363ddbf000 r-xp 00004000 08:02 1449109                    /usr/lib/x86_64-linux-gnu/libbsd.so.0.10.0
7f363ddbf000-7f363ddc2000 r--p 00013000 08:02 1449109                    /usr/lib/x86_64-linux-gnu/libbsd.so.0.10.0
7f363ddc2000-7f363ddc3000 ---p 00016000 08:02 1449109                    /usr/lib/x86_64-linux-gnu/libbsd.so.0.10.0
7f363ddc3000-7f363ddc4000 r--p 00016000 08:02 1449109                    /usr/lib/x86_64-linux-gnu/libbsd.so.0.10.0
7f363ddc4000-7f363ddc5000 rw-p 00017000 08:02 1449109                    /usr/lib/x86_64-linux-gnu/libbsd.so.0.10.0
7f363ddc5000-7f363ddc6000 rw-p 00000000 00:00 0 
7f363ddc6000-7f363ddca000 r--p 00000000 08:02 1445806                    /usr/lib/x86_64-linux-gnu/libresolv-2.31.so
7f363ddca000-7f363ddda000 r-xp 00004000 08:02 1445806                    /usr/lib/x86_64-linux-gnu/libresolv-2.31.so
7f363ddda000-7f363ddde000 r--p 00014000 08:02 1445806                    /usr/lib/x86_64-linux-gnu/libresolv-2.31.so
7f363ddde000-7f363dddf000 r--p 00017000 08:02 1445806                    /usr/lib/x86_64-linux-gnu/libresolv-2.31.so
7f363dddf000-7f363dde0000 rw-p 00018000 08:02 1445806                    /usr/lib/x86_64-linux-gnu/libresolv-2.31.so
7f363dde0000-7f363dde2000 rw-p 00000000 00:00 0 
7f363dde2000-7f363ddf6000 r--p 00000000 08:02 1450341                    /usr/lib/x86_64-linux-gnu/libvorbisenc.so.2.0.11
7f363ddf6000-7f363ddf9000 r-xp 00014000 08:02 1450341                    /usr/lib/x86_64-linux-gnu/libvorbisenc.so.2.0.11
7f363ddf9000-7f363de70000 r--p 00017000 08:02 1450341                    /usr/lib/x86_64-linux-gnu/libvorbisenc.so.2.0.11
7f363de70000-7f363de8c000 r--p 0008d000 08:02 1450341                    /usr/lib/x86_64-linux-gnu/libvorbisenc.so.2.0.11
7f363de8c000-7f363de8d000 rw-p 000a9000 08:02 1450341                    /usr/lib/x86_64-linux-gnu/libvorbisenc.so.2.0.11
7f363de8d000-7f363de90000 r--p 00000000 08:02 1450339                    /usr/lib/x86_64-linux-gnu/libvorbis.so.0.4.8
7f363de90000-7f363dea7000 r-xp 00003000 08:02 1450339                    /usr/lib/x86_64-linux-gnu/libvorbis.so.0.4.8
7f363dea7000-7f363deb8000 r--p 0001a000 08:02 1450339                    /usr/lib/x86_64-linux-gnu/libvorbis.so.0.4.8
7f363deb8000-7f363deb9000 ---p 0002b000 08:02 1450339                    /usr/lib/x86_64-linux-gnu/libvorbis.so.0.4.8
7f363deb9000-7f363deba000 r--p 0002b000 08:02 1450339                    /usr/lib/x86_64-linux-gnu/libvorbis.so.0.4.8
7f363deba000-7f363debb000 rw-p 0002c000 08:02 1450339                    /usr/lib/x86_64-linux-gnu/libvorbis.so.0.4.8
7f363debb000-7f363debd000 r--p 00000000 08:02 1449917                    /usr/lib/x86_64-linux-gnu/libogg.so.0.8.4
7f363debd000-7f363dec2000 r-xp 00002000 08:02 1449917                    /usr/lib/x86_64-linux-gnu/libogg.so.0.8.4
7f363dec2000-7f363dec5000 r--p 00007000 08:02 1449917                    /usr/lib/x86_64-linux-gnu/libogg.so.0.8.4
7f363dec5000-7f363dec6000 ---p 0000a000 08:02 1449917                    /usr/lib/x86_64-linux-gnu/libogg.so.0.8.4
7f363dec6000-7f363dec7000 r--p 0000a000 08:02 1449917                    /usr/lib/x86_64-linux-gnu/libogg.so.0.8.4
7f363dec7000-7f363dec8000 rw-p 0000b000 08:02 1449917                    /usr/lib/x86_64-linux-gnu/libogg.so.0.8.4
7f363dec8000-7f363ded0000 r--p 00000000 08:02 1448904                    /usr/lib/x86_64-linux-gnu/libFLAC.so.8.3.0
7f363ded0000-7f363def9000 r-xp 00008000 08:02 1448904                    /usr/lib/x86_64-linux-gnu/libFLAC.so.8.3.0
7f363def9000-7f363df03000 r--p 00031000 08:02 1448904                    /usr/lib/x86_64-linux-gnu/libFLAC.so.8.3.0
7f363df03000-7f363df04000 ---p 0003b000 08:02 1448904                    /usr/lib/x86_64-linux-gnu/libFLAC.so.8.3.0
7f363df04000-7f363df05000 r--p 0003b000 08:02 1448904                    /usr/lib/x86_64-linux-gnu/libFLAC.so.8.3.0
7f363df05000-7f363df06000 rw-p 0003c000 08:02 1448904                    /usr/lib/x86_64-linux-gnu/libFLAC.so.8.3.0
7f363df06000-7f363df0a000 r--p 00000000 08:02 1445797                    /usr/lib/x86_64-linux-gnu/libnsl-2.31.so
7f363df0a000-7f363df1a000 r-xp 00004000 08:02 1445797                    /usr/lib/x86_64-linux-gnu/libnsl-2.31.so
7f363df1a000-7f363df1f000 r--p 00014000 08:02 1445797                    /usr/lib/x86_64-linux-gnu/libnsl-2.31.so
7f363df1f000-7f363df20000 r--p 00018000 08:02 1445797                    /usr/lib/x86_64-linux-gnu/libnsl-2.31.so
7f363df20000-7f363df21000 rw-p 00019000 08:02 1445797                    /usr/lib/x86_64-linux-gnu/libnsl-2.31.so
7f363df21000-7f363df23000 rw-p 00000000 00:00 0 
7f363df23000-7f363df2f000 r--p 00000000 08:02 1447651                    /usr/lib/x86_64-linux-gnu/libgcrypt.so.20.2.5
7f363df2f000-7f363dffd000 r-xp 0000c000 08:02 1447651                    /usr/lib/x86_64-linux-gnu/libgcrypt.so.20.2.5
7f363dffd000-7f363e03a000 r--p 000da000 08:02 1447651                    /usr/lib/x86_64-linux-gnu/libgcrypt.so.20.2.5
7f363e03a000-7f363e03c000 r--p 00116000 08:02 1447651                    /usr/lib/x86_64-linux-gnu/libgcrypt.so.20.2.5
7f363e03c000-7f363e041000 rw-p 00118000 08:02 1447651                    /usr/lib/x86_64-linux-gnu/libgcrypt.so.20.2.5
7f363e041000-7f363e043000 r--p 00000000 08:02 1449762                    /usr/lib/x86_64-linux-gnu/liblz4.so.1.9.2
7f363e043000-7f363e05d000 r-xp 00002000 08:02 1449762                    /usr/lib/x86_64-linux-gnu/liblz4.so.1.9.2
7f363e05d000-7f363e060000 r--p 0001c000 08:02 1449762                    /usr/lib/x86_64-linux-gnu/liblz4.so.1.9.2
7f363e060000-7f363e061000 r--p 0001e000 08:02 1449762                    /usr/lib/x86_64-linux-gnu/liblz4.so.1.9.2
7f363e061000-7f363e062000 rw-p 0001f000 08:02 1449762                    /usr/lib/x86_64-linux-gnu/liblz4.so.1.9.2
7f363e062000-7f363e065000 r--p 00000000 08:02 1443497                    /usr/lib/x86_64-linux-gnu/liblzma.so.5.2.4
7f363e065000-7f363e07d000 r-xp 00003000 08:02 1443497                    /usr/lib/x86_64-linux-gnu/liblzma.so.5.2.4
7f363e07d000-7f363e088000 r--p 0001b000 08:02 1443497                    /usr/lib/x86_64-linux-gnu/liblzma.so.5.2.4
7f363e088000-7f363e089000 ---p 00026000 08:02 1443497                    /usr/lib/x86_64-linux-gnu/liblzma.so.5.2.4
7f363e089000-7f363e08a000 r--p 00026000 08:02 1443497                    /usr/lib/x86_64-linux-gnu/liblzma.so.5.2.4
7f363e08a000-7f363e08b000 rw-p 00027000 08:02 1443497                    /usr/lib/x86_64-linux-gnu/liblzma.so.5.2.4
7f363e08b000-7f363e08e000 r--p 00000000 08:02 1449007                    /usr/lib/x86_64-linux-gnu/libapparmor.so.1.6.1
7f363e08e000-7f363e097000 r-xp 00003000 08:02 1449007                    /usr/lib/x86_64-linux-gnu/libapparmor.so.1.6.1
7f363e097000-7f363e09e000 r--p 0000c000 08:02 1449007                    /usr/lib/x86_64-linux-gnu/libapparmor.so.1.6.1
7f363e09e000-7f363e09f000 r--p 00012000 08:02 1449007                    /usr/lib/x86_64-linux-gnu/libapparmor.so.1.6.1
7f363e09f000-7f363e0a0000 rw-p 00013000 08:02 1449007                    /usr/lib/x86_64-linux-gnu/libapparmor.so.1.6.1
7f363e0a0000-7f363e0a5000 r-xp 00000000 08:02 1449028                    /usr/lib/x86_64-linux-gnu/libasyncns.so.0.3.1
7f363e0a5000-7f363e2a4000 ---p 00005000 08:02 1449028                    /usr/lib/x86_64-linux-gnu/libasyncns.so.0.3.1
7f363e2a4000-7f363e2a5000 r--p 00004000 08:02 1449028                    /usr/lib/x86_64-linux-gnu/libasyncns.so.0.3.1
7f363e2a5000-7f363e2a6000 rw-p 00005000 08:02 1449028                    /usr/lib/x86_64-linux-gnu/libasyncns.so.0.3.1
7f363e2a6000-7f363e2ad000 r--p 00000000 08:02 1450170                    /usr/lib/x86_64-linux-gnu/libsndfile.so.1.0.28
7f363e2ad000-7f363e300000 r-xp 00007000 08:02 1450170                    /usr/lib/x86_64-linux-gnu/libsndfile.so.1.0.28
7f363e300000-7f363e31d000 r--p 0005a000 08:02 1450170                    /usr/lib/x86_64-linux-gnu/libsndfile.so.1.0.28
7f363e31d000-7f363e31e000 ---p 00077000 08:02 1450170                    /usr/lib/x86_64-linux-gnu/libsndfile.so.1.0.28
7f363e31e000-7f363e321000 r--p 00077000 08:02 1450170                    /usr/lib/x86_64-linux-gnu/libsndfile.so.1.0.28
7f363e321000-7f363e322000 rw-p 0007a000 08:02 1450170                    /usr/lib/x86_64-linux-gnu/libsndfile.so.1.0.28
7f363e322000-7f363e324000 rw-p 00000000 00:00 0 
7f363e324000-7f363e334000 r--p 00000000 08:02 1446018                    /usr/lib/x86_64-linux-gnu/libsystemd.so.0.28.0
7f363e334000-7f363e3a9000 r-xp 00010000 08:02 1446018                    /usr/lib/x86_64-linux-gnu/libsystemd.so.0.28.0
7f363e3a9000-7f363e3ce000 r--p 00085000 08:02 1446018                    /usr/lib/x86_64-linux-gnu/libsystemd.so.0.28.0
7f363e3ce000-7f363e3d1000 r--p 000a9000 08:02 1446018                    /usr/lib/x86_64-linux-gnu/libsystemd.so.0.28.0
7f363e3d1000-7f363e3d2000 rw-p 000ac000 08:02 1446018                    /usr/lib/x86_64-linux-gnu/libsystemd.so.0.28.0
7f363e3d2000-7f363e3d3000 rw-p 00000000 00:00 0 
7f363e3d3000-7f363e3de000 r--p 00000000 08:02 1450442                    /usr/lib/x86_64-linux-gnu/libxcb.so.1.1.0
7f363e3de000-7f363e3f2000 r-xp 0000b000 08:02 1450442                    /usr/lib/x86_64-linux-gnu/libxcb.so.1.1.0
7f363e3f2000-7f363e3fb000 r--p 0001f000 08:02 1450442                    /usr/lib/x86_64-linux-gnu/libxcb.so.1.1.0
7f363e3fb000-7f363e3fc000 r--p 00027000 08:02 1450442                    /usr/lib/x86_64-linux-gnu/libxcb.so.1.1.0
7f363e3fc000-7f363e3fd000 rw-p 00028000 08:02 1450442                    /usr/lib/x86_64-linux-gnu/libxcb.so.1.1.0
7f363e3fd000-7f363e408000 r--p 00000000 08:02 1442000                    /usr/lib/x86_64-linux-gnu/libdbus-1.so.3.19.11
7f363e408000-7f363e436000 r-xp 0000b000 08:02 1442000                    /usr/lib/x86_64-linux-gnu/libdbus-1.so.3.19.11
7f363e436000-7f363e44b000 r--p 00039000 08:02 1442000                    /usr/lib/x86_64-linux-gnu/libdbus-1.so.3.19.11
7f363e44b000-7f363e44c000 ---p 0004e000 08:02 1442000                    /usr/lib/x86_64-linux-gnu/libdbus-1.so.3.19.11
7f363e44c000-7f363e44d000 r--p 0004e000 08:02 1442000                    /usr/lib/x86_64-linux-gnu/libdbus-1.so.3.19.11
7f363e44d000-7f363e44e000 rw-p 0004f000 08:02 1442000                    /usr/lib/x86_64-linux-gnu/libdbus-1.so.3.19.11
7f363e44e000-7f363e45f000 r--p 00000000 08:02 2097637                    /usr/lib/x86_64-linux-gnu/pulseaudio/libpulsecommon-13.99.so
7f363e45f000-7f363e4a7000 r-xp 00011000 08:02 2097637                    /usr/lib/x86_64-linux-gnu/pulseaudio/libpulsecommon-13.99.so
7f363e4a7000-7f363e4cc000 r--p 00059000 08:02 2097637                    /usr/lib/x86_64-linux-gnu/pulseaudio/libpulsecommon-13.99.so
7f363e4cc000-7f363e4cd000 ---p 0007e000 08:02 2097637                    /usr/lib/x86_64-linux-gnu/pulseaudio/libpulsecommon-13.99.so
7f363e4cd000-7f363e4cf000 r--p 0007e000 08:02 2097637                    /usr/lib/x86_64-linux-gnu/pulseaudio/libpulsecommon-13.99.so
7f363e4cf000-7f363e4d0000 rw-p 00080000 08:02 2097637                    /usr/lib/x86_64-linux-gnu/pulseaudio/libpulsecommon-13.99.so
7f363e4d0000-7f363e4dc000 r--p 00000000 08:02 1442666                    /usr/lib/x86_64-linux-gnu/libpulse.so.0.21.2
7f363e4dc000-7f363e50c000 r-xp 0000c000 08:02 1442666                    /usr/lib/x86_64-linux-gnu/libpulse.so.0.21.2
7f363e50c000-7f363e522000 r--p 0003c000 08:02 1442666                    /usr/lib/x86_64-linux-gnu/libpulse.so.0.21.2
7f363e522000-7f363e524000 r--p 00051000 08:02 1442666                    /usr/lib/x86_64-linux-gnu/libpulse.so.0.21.2
7f363e524000-7f363e525000 rw-p 00053000 08:02 1442666                    /usr/lib/x86_64-linux-gnu/libpulse.so.0.21.2
7f363e528000-7f363e52a000 r--p 00000000 08:02 2097965                    /usr/lib/x86_64-linux-gnu/alsa-lib/libasound_module_pcm_jack.so
7f363e52a000-7f363e52c000 r-xp 00002000 08:02 2097965                    /usr/lib/x86_64-linux-gnu/alsa-lib/libasound_module_pcm_jack.so
7f363e52c000-7f363e52d000 r--p 00004000 08:02 2097965                    /usr/lib/x86_64-linux-gnu/alsa-lib/libasound_module_pcm_jack.so
7f363e52d000-7f363e52e000 r--p 00004000 08:02 2097965                    /usr/lib/x86_64-linux-gnu/alsa-lib/libasound_module_pcm_jack.so
7f363e52e000-7f363e52f000 rw-p 00005000 08:02 2097965                    /usr/lib/x86_64-linux-gnu/alsa-lib/libasound_module_pcm_jack.so
7f363e52f000-7f363e530000 r--p 00000000 08:02 2097976                    /usr/lib/x86_64-linux-gnu/alsa-lib/libasound_module_rate_speexrate.so
7f363e530000-7f363e533000 r-xp 00001000 08:02 2097976                    /usr/lib/x86_64-linux-gnu/alsa-lib/libasound_module_rate_speexrate.so
7f363e533000-7f363e534000 r--p 00004000 08:02 2097976                    /usr/lib/x86_64-linux-gnu/alsa-lib/libasound_module_rate_speexrate.so
7f363e534000-7f363e535000 r--p 00004000 08:02 2097976                    /usr/lib/x86_64-linux-gnu/alsa-lib/libasound_module_rate_speexrate.so
7f363e535000-7f363e536000 rw-p 00005000 08:02 2097976                    /usr/lib/x86_64-linux-gnu/alsa-lib/libasound_module_rate_speexrate.so
7f363e536000-7f363e537000 r--p 00000000 08:02 2097971                    /usr/lib/x86_64-linux-gnu/alsa-lib/libasound_module_rate_samplerate.so
7f363e537000-7f363e538000 r-xp 00001000 08:02 2097971                    /usr/lib/x86_64-linux-gnu/alsa-lib/libasound_module_rate_samplerate.so
7f363e538000-7f363e539000 r--p 00002000 08:02 2097971                    /usr/lib/x86_64-linux-gnu/alsa-lib/libasound_module_rate_samplerate.so
7f363e539000-7f363e53a000 r--p 00002000 08:02 2097971                    /usr/lib/x86_64-linux-gnu/alsa-lib/libasound_module_rate_samplerate.so
7f363e53a000-7f363e53b000 rw-p 00003000 08:02 2097971                    /usr/lib/x86_64-linux-gnu/alsa-lib/libasound_module_rate_samplerate.so
7f363e53b000-7f363e53d000 r--p 00000000 08:02 2097967                    /usr/lib/x86_64-linux-gnu/alsa-lib/libasound_module_pcm_pulse.so
7f363e53d000-7f363e540000 r-xp 00002000 08:02 2097967                    /usr/lib/x86_64-linux-gnu/alsa-lib/libasound_module_pcm_pulse.so
7f363e540000-7f363e541000 r--p 00005000 08:02 2097967                    /usr/lib/x86_64-linux-gnu/alsa-lib/libasound_module_pcm_pulse.so
7f363e541000-7f363e542000 ---p 00006000 08:02 2097967                    /usr/lib/x86_64-linux-gnu/alsa-lib/libasound_module_pcm_pulse.so
7f363e542000-7f363e543000 r--p 00006000 08:02 2097967                    /usr/lib/x86_64-linux-gnu/alsa-lib/libasound_module_pcm_pulse.so
7f363e543000-7f363e544000 rw-p 00007000 08:02 2097967                    /usr/lib/x86_64-linux-gnu/alsa-lib/libasound_module_pcm_pulse.so
7f363e544000-7f363e581000 rw-p 00000000 00:00 0 
7f363e581000-7f363e583000 r--p 00000000 08:02 2234013                    /usr/local/lib/libilbccodec.so.2
7f363e583000-7f363e58d000 r-xp 00002000 08:02 2234013                    /usr/local/lib/libilbccodec.so.2
7f363e58d000-7f363e58f000 r--p 0000c000 08:02 2234013                    /usr/local/lib/libilbccodec.so.2
7f363e58f000-7f363e590000 r--p 0000d000 08:02 2234013                    /usr/local/lib/libilbccodec.so.2
7f363e590000-7f363e592000 rw-p 0000e000 08:02 2234013                    /usr/local/lib/libilbccodec.so.2
7f363e592000-7f363e593000 r--p 00000000 08:02 2234009                    /usr/local/lib/libgsmcodec.so.2
7f363e593000-7f363e59b000 r-xp 00001000 08:02 2234009                    /usr/local/lib/libgsmcodec.so.2
7f363e59b000-7f363e59c000 r--p 00009000 08:02 2234009                    /usr/local/lib/libgsmcodec.so.2
7f363e59c000-7f363e59d000 r--p 00009000 08:02 2234009                    /usr/local/lib/libgsmcodec.so.2
7f363e59d000-7f363e59e000 rw-p 0000a000 08:02 2234009                    /usr/local/lib/libgsmcodec.so.2
7f363e59e000-7f363e5c8000 r--p 00000000 08:02 1442673                    /usr/lib/x86_64-linux-gnu/libasound.so.2.0.0
7f363e5c8000-7f363e657000 r-xp 0002a000 08:02 1442673                    /usr/lib/x86_64-linux-gnu/libasound.so.2.0.0
7f363e657000-7f363e691000 r--p 000b9000 08:02 1442673                    /usr/lib/x86_64-linux-gnu/libasound.so.2.0.0
7f363e691000-7f363e698000 r--p 000f2000 08:02 1442673                    /usr/lib/x86_64-linux-gnu/libasound.so.2.0.0
7f363e698000-7f363e699000 rw-p 000f9000 08:02 1442673                    /usr/lib/x86_64-linux-gnu/libasound.so.2.0.0
7f363e699000-7f363e69b000 r--p 00000000 08:02 1442187                    /usr/lib/x86_64-linux-gnu/libuuid.so.1.3.0
7f363e69b000-7f363e69f000 r-xp 00002000 08:02 1442187                    /usr/lib/x86_64-linux-gnu/libuuid.so.1.3.0
7f363e69f000-7f363e6a0000 r--p 00006000 08:02 1442187                    /usr/lib/x86_64-linux-gnu/libuuid.so.1.3.0
7f363e6a0000-7f363e6a1000 r--p 00006000 08:02 1442187                    /usr/lib/x86_64-linux-gnu/libuuid.so.1.3.0
7f363e6a1000-7f363e6a2000 rw-p 00007000 08:02 1442187                    /usr/lib/x86_64-linux-gnu/libuuid.so.1.3.0
7f363e6a2000-7f363e6be000 r--p 00000000 08:02 1444741                    /usr/lib/x86_64-linux-gnu/libssl.so.1.1
7f363e6be000-7f363e70d000 r-xp 0001c000 08:02 1444741                    /usr/lib/x86_64-linux-gnu/libssl.so.1.1
7f363e70d000-7f363e727000 r--p 0006b000 08:02 1444741                    /usr/lib/x86_64-linux-gnu/libssl.so.1.1
7f363e727000-7f363e728000 ---p 00085000 08:02 1444741                    /usr/lib/x86_64-linux-gnu/libssl.so.1.1
7f363e728000-7f363e731000 r--p 00085000 08:02 1444741                    /usr/lib/x86_64-linux-gnu/libssl.so.1.1
7f363e731000-7f363e735000 rw-p 0008e000 08:02 1444741                    /usr/lib/x86_64-linux-gnu/libssl.so.1.1
7f363e735000-7f363e73b000 r--p 00000000 08:02 2234019                    /usr/local/lib/libwebrtc.so.2
7f363e73b000-7f363e754000 r-xp 00006000 08:02 2234019                    /usr/local/lib/libwebrtc.so.2
7f363e754000-7f363e75c000 r--p 0001f000 08:02 2234019                    /usr/local/lib/libwebrtc.so.2
7f363e75c000-7f363e75d000 r--p 00026000 08:02 2234019                    /usr/local/lib/libwebrtc.so.2
7f363e75d000-7f363e75e000 rw-p 00027000 08:02 2234019                    /usr/local/lib/libwebrtc.so.2
7f363e75e000-7f363e764000 r--p 00000000 08:02 2234011                    /usr/local/lib/libspeex.so.2
7f363e764000-7f363e782000 r-xp 00006000 08:02 2234011                    /usr/local/lib/libspeex.so.2
7f363e782000-7f363e78a000 r--p 00024000 08:02 2234011                    /usr/local/lib/libspeex.so.2
7f363e78a000-7f363e78b000 ---p 0002c000 08:02 2234011                    /usr/local/lib/libspeex.so.2
7f363e78b000-7f363e78c000 r--p 0002c000 08:02 2234011                    /usr/local/lib/libspeex.so.2
7f363e78c000-7f363e78d000 rw-p 0002d000 08:02 2234011                    /usr/local/lib/libspeex.so.2
7f363e78d000-7f363e78e000 r--p 00000000 08:02 2234007                    /usr/local/lib/libresample.so.2
7f363e78e000-7f363e78f000 r-xp 00001000 08:02 2234007                    /usr/local/lib/libresample.so.2
7f363e78f000-7f363e79a000 r--p 00002000 08:02 2234007                    /usr/local/lib/libresample.so.2
7f363e79a000-7f363e79b000 r--p 0000c000 08:02 2234007                    /usr/local/lib/libresample.so.2
7f363e79b000-7f363e79c000 rw-p 0000d000 08:02 2234007                    /usr/local/lib/libresample.so.2
7f363e79c000-7f363e7a1000 r--p 00000000 08:02 2234005                    /usr/local/lib/libsrtp.so.2
7f363e7a1000-7f363e7ac000 r-xp 00005000 08:02 2234005                    /usr/local/lib/libsrtp.so.2
7f363e7ac000-7f363e7b0000 r--p 00010000 08:02 2234005                    /usr/local/lib/libsrtp.so.2
7f363e7b0000-7f363e7b1000 r--p 00013000 08:02 2234005                    /usr/local/lib/libsrtp.so.2
7f363e7b1000-7f363e7b2000 rw-p 00014000 08:02 2234005                    /usr/local/lib/libsrtp.so.2
7f363e7b2000-7f363e82a000 r--p 00000000 08:02 1442965                    /usr/lib/x86_64-linux-gnu/libcrypto.so.1.1
7f363e82a000-7f363e9c5000 r-xp 00078000 08:02 1442965                    /usr/lib/x86_64-linux-gnu/libcrypto.so.1.1
7f363e9c5000-7f363ea56000 r--p 00213000 08:02 1442965                    /usr/lib/x86_64-linux-gnu/libcrypto.so.1.1
7f363ea56000-7f363ea82000 r--p 002a3000 08:02 1442965                    /usr/lib/x86_64-linux-gnu/libcrypto.so.1.1
7f363ea82000-7f363ea84000 rw-p 002cf000 08:02 1442965                    /usr/lib/x86_64-linux-gnu/libcrypto.so.1.1
7f363ea84000-7f363ea88000 rw-p 00000000 00:00 0 
7f363ea88000-7f363ea90000 r--p 00000000 08:02 2234039                    /usr/local/lib/libpjnath.so.2
7f363ea90000-7f363eaae000 r-xp 00008000 08:02 2234039                    /usr/local/lib/libpjnath.so.2
7f363eaae000-7f363eaba000 r--p 00026000 08:02 2234039                    /usr/local/lib/libpjnath.so.2
7f363eaba000-7f363eabb000 r--p 00031000 08:02 2234039                    /usr/local/lib/libpjnath.so.2
7f363eabb000-7f363eabd000 rw-p 00032000 08:02 2234039                    /usr/local/lib/libpjnath.so.2
7f363eabd000-7f363eac3000 r--p 00000000 08:02 2234025                    /usr/local/lib/libpjsip-ua.so.2
7f363eac3000-7f363ead5000 r-xp 00006000 08:02 2234025                    /usr/local/lib/libpjsip-ua.so.2
7f363ead5000-7f363eadb000 r--p 00018000 08:02 2234025                    /usr/local/lib/libpjsip-ua.so.2
7f363eadb000-7f363eadc000 r--p 0001d000 08:02 2234025                    /usr/local/lib/libpjsip-ua.so.2
7f363eadc000-7f363eadd000 rw-p 0001e000 08:02 2234025                    /usr/local/lib/libpjsip-ua.so.2
7f363eadd000-7f363eaeb000 r--p 00000000 08:02 2234035                    /usr/local/lib/libpjmedia.so.2
7f363eaeb000-7f363eb23000 r-xp 0000e000 08:02 2234035                    /usr/local/lib/libpjmedia.so.2
7f363eb23000-7f363eb40000 r--p 00046000 08:02 2234035                    /usr/local/lib/libpjmedia.so.2
7f363eb40000-7f363eb41000 ---p 00063000 08:02 2234035                    /usr/local/lib/libpjmedia.so.2
7f363eb41000-7f363eb42000 r--p 00063000 08:02 2234035                    /usr/local/lib/libpjmedia.so.2
7f363eb42000-7f363eb44000 rw-p 00064000 08:02 2234035                    /usr/local/lib/libpjmedia.so.2
7f363eb44000-7f363eb45000 rw-p 00000000 00:00 0 
7f363eb45000-7f363eb53000 r--p 00000000 08:02 2234023                    /usr/local/lib/libpjsua.so.2
7f363eb53000-7f363eb88000 r-xp 0000e000 08:02 2234023                    /usr/local/lib/libpjsua.so.2
7f363eb88000-7f363eb95000 r--p 00043000 08:02 2234023                    /usr/local/lib/libpjsua.so.2
7f363eb95000-7f363eb96000 r--p 0004f000 08:02 2234023                    /usr/local/lib/libpjsua.so.2
7f363eb96000-7f363eb98000 rw-p 00050000 08:02 2234023                    /usr/local/lib/libpjsua.so.2
7f363eb98000-7f363ec7a000 rw-p 00000000 00:00 0 
7f363ec7a000-7f363ec96000 r--p 00000000 08:02 2234021                    /usr/local/lib/libpjsua2.so.2
7f363ec96000-7f363ecea000 r-xp 0001c000 08:02 2234021                    /usr/local/lib/libpjsua2.so.2
7f363ecea000-7f363ecff000 r--p 00070000 08:02 2234021                    /usr/local/lib/libpjsua2.so.2
7f363ecff000-7f363ed01000 r--p 00084000 08:02 2234021                    /usr/local/lib/libpjsua2.so.2
7f363ed01000-7f363ed03000 rw-p 00086000 08:02 2234021                    /usr/local/lib/libpjsua2.so.2
7f363ed03000-7f363ed52000 r--p 00000000 08:02 1444779                    /usr/lib/libpjsua2.so
7f363ed52000-7f363edde000 r-xp 0004f000 08:02 1444779                    /usr/lib/libpjsua2.so
7f363edde000-7f363ee14000 r--p 000db000 08:02 1444779                    /usr/lib/libpjsua2.so
7f363ee14000-7f363ee15000 ---p 00111000 08:02 1444779                    /usr/lib/libpjsua2.so
7f363ee15000-7f363ee16000 r--p 00111000 08:02 1444779                    /usr/lib/libpjsua2.so
7f363ee16000-7f363ee18000 rw-p 00112000 08:02 1444779                    /usr/lib/libpjsua2.so
7f363ee18000-7f363ef81000 r-xp 00000000 08:02 1444772                    /usr/lib/libopenh264.so
7f363ef81000-7f363f181000 ---p 00169000 08:02 1444772                    /usr/lib/libopenh264.so
7f363f181000-7f363f184000 r--p 00169000 08:02 1444772                    /usr/lib/libopenh264.so
7f363f184000-7f363f186000 rw-p 0016c000 08:02 1444772                    /usr/lib/libopenh264.so
7f363f186000-7f363f18a000 ---p 00000000 00:00 0 
7f363f18a000-7f363f287000 rw-p 00000000 00:00 0 
7f363f287000-7f363f288000 ---p 00000000 00:00 0 
7f363f288000-7f363f389000 rw-p 00000000 00:00 0 
7f363f389000-7f363f38d000 ---p 00000000 00:00 0 
7f363f38d000-7f363f48a000 rw-p 00000000 00:00 0 
7f363f48a000-7f363f48e000 ---p 00000000 00:00 0 
7f363f48e000-7f363f58b000 rw-p 00000000 00:00 0 
7f363f58b000-7f363f58f000 ---p 00000000 00:00 0 
7f363f58f000-7f363f68c000 rw-p 00000000 00:00 0 
7f363f68c000-7f363f690000 ---p 00000000 00:00 0 
7f363f690000-7f363f78d000 rw-p 00000000 00:00 0 
7f363f78d000-7f363f791000 ---p 00000000 00:00 0 
7f363f791000-7f363f88e000 rw-p 00000000 00:00 0 
7f363f88e000-7f363fdfe000 r--p 00000000 08:02 1444832                    /usr/lib/locale/locale-archive
7f363fdfe000-7f363fe02000 ---p 00000000 00:00 0 
7f363fe02000-7f363feff000 rw-p 00000000 00:00 0 
7f363feff000-7f363ff03000 ---p 00000000 00:00 0 
7f363ff03000-7f3640000000 rw-p 00000000 00:00 0 
7f3640000000-7f3640021000 rw-p 00000000 00:00 0 
7f3640021000-7f3644000000 ---p 00000000 00:00 0 
7f3644000000-7f3644021000 rw-p 00000000 00:00 0 
7f3644021000-7f3648000000 ---p 00000000 00:00 0 
7f3648000000-7f3648021000 rw-p 00000000 00:00 0 
7f3648021000-7f364c000000 ---p 00000000 00:00 0 
7f364c000000-7f364c021000 rw-p 00000000 00:00 0 
7f364c021000-7f3650000000 ---p 00000000 00:00 0 
7f3650000000-7f3650021000 rw-p 00000000 00:00 0 
7f3650021000-7f3654000000 ---p 00000000 00:00 0 
7f3654001000-7f365400d000 r--p 00000000 08:02 2234043                    /usr/local/lib/libpj.so.2
7f365400d000-7f365402b000 r-xp 0000c000 08:02 2234043                    /usr/local/lib/libpj.so.2
7f365402b000-7f3654036000 r--p 0002a000 08:02 2234043                    /usr/local/lib/libpj.so.2
7f3654036000-7f3654037000 ---p 00035000 08:02 2234043                    /usr/local/lib/libpj.so.2
7f3654037000-7f3654038000 r--p 00035000 08:02 2234043                    /usr/local/lib/libpj.so.2
7f3654038000-7f3654039000 rw-p 00036000 08:02 2234043                    /usr/local/lib/libpj.so.2
7f3654039000-7f365403b000 rw-p 00000000 00:00 0 
7f365403b000-7f3654042000 r--p 00000000 08:02 2234041                    /usr/local/lib/libpjlib-util.so.2
7f3654042000-7f365405c000 r-xp 00007000 08:02 2234041                    /usr/local/lib/libpjlib-util.so.2
7f365405c000-7f3654064000 r--p 00021000 08:02 2234041                    /usr/local/lib/libpjlib-util.so.2
7f3654064000-7f3654065000 r--p 00028000 08:02 2234041                    /usr/local/lib/libpjlib-util.so.2
7f3654065000-7f3654066000 rw-p 00029000 08:02 2234041                    /usr/local/lib/libpjlib-util.so.2
7f3654066000-7f3654067000 ---p 00000000 00:00 0 
7f3654067000-7f3656358000 rw-p 00000000 00:00 0 
7f3656358000-7f3657ff8000 ---p 00000000 00:00 0 
7f3657ff8000-7f3658000000 rw-p 00000000 00:00 0 
7f3658000000-7f3658021000 rw-p 00000000 00:00 0 
7f3658021000-7f365c000000 ---p 00000000 00:00 0 
7f365c004000-7f365c007000 r--p 00000000 08:02 2234031                    /usr/local/lib/libpjmedia-codec.so.2
7f365c007000-7f365c00f000 r-xp 00003000 08:02 2234031                    /usr/local/lib/libpjmedia-codec.so.2
7f365c00f000-7f365c012000 r--p 0000b000 08:02 2234031                    /usr/local/lib/libpjmedia-codec.so.2
7f365c012000-7f365c013000 r--p 0000d000 08:02 2234031                    /usr/local/lib/libpjmedia-codec.so.2
7f365c013000-7f365c014000 rw-p 0000e000 08:02 2234031                    /usr/local/lib/libpjmedia-codec.so.2
7f365c014000-7f365c016000 r--p 00000000 08:02 2234037                    /usr/local/lib/libpjmedia-audiodev.so.2
7f365c016000-7f365c01a000 r-xp 00002000 08:02 2234037                    /usr/local/lib/libpjmedia-audiodev.so.2
7f365c01a000-7f365c01b000 r--p 00006000 08:02 2234037                    /usr/local/lib/libpjmedia-audiodev.so.2
7f365c01b000-7f365c01c000 ---p 00007000 08:02 2234037                    /usr/local/lib/libpjmedia-audiodev.so.2
7f365c01c000-7f365c01d000 r--p 00007000 08:02 2234037                    /usr/local/lib/libpjmedia-audiodev.so.2
7f365c01d000-7f365c01e000 rw-p 00008000 08:02 2234037                    /usr/local/lib/libpjmedia-audiodev.so.2
7f365c01e000-7f365c55e000 rw-p 00000000 00:00 0 
7f365c55e000-7f365c81e000 ---p 00000000 00:00 0 
7f365c81e000-7f365ca8e000 rwxp 00000000 00:00 0 
7f365ca8e000-7f365cdae000 ---p 00000000 00:00 0 
7f365cdae000-7f365d01e000 rwxp 00000000 00:00 0 
7f365d01e000-7f36642e6000 ---p 00000000 00:00 0 
7f36642e6000-7f3664556000 rwxp 00000000 00:00 0 
7f3664556000-7f366b81e000 ---p 00000000 00:00 0 
7f366b81e000-7f3674000000 r--s 00000000 08:02 1447911                    /usr/lib/jvm/java-11-openjdk-amd64/lib/modules
7f3674000000-7f367434c000 rw-p 00000000 00:00 0 
7f367434c000-7f3678000000 ---p 00000000 00:00 0 
7f3678001000-7f3678008000 r--s 00000000 08:02 2102563                    /usr/lib/x86_64-linux-gnu/gconv/gconv-modules.cache
7f3678008000-7f3678016000 r--p 00000000 08:02 2234029                    /usr/local/lib/libpjsip.so.2
7f3678016000-7f3678046000 r-xp 0000e000 08:02 2234029                    /usr/local/lib/libpjsip.so.2
7f3678046000-7f3678057000 r--p 0003e000 08:02 2234029                    /usr/local/lib/libpjsip.so.2
7f3678057000-7f3678059000 r--p 0004e000 08:02 2234029                    /usr/local/lib/libpjsip.so.2
7f3678059000-7f367805b000 rw-p 00050000 08:02 2234029                    /usr/local/lib/libpjsip.so.2
7f367805b000-7f3678060000 rw-p 00000000 00:00 0 
7f3678060000-7f3678066000 r--p 00000000 08:02 2234027                    /usr/local/lib/libpjsip-simple.so.2
7f3678066000-7f3678071000 r-xp 00006000 08:02 2234027                    /usr/local/lib/libpjsip-simple.so.2
7f3678071000-7f3678075000 r--p 00011000 08:02 2234027                    /usr/local/lib/libpjsip-simple.so.2
7f3678075000-7f3678076000 ---p 00015000 08:02 2234027                    /usr/local/lib/libpjsip-simple.so.2
7f3678076000-7f3678077000 r--p 00015000 08:02 2234027                    /usr/local/lib/libpjsip-simple.so.2
7f3678077000-7f3678078000 rw-p 00016000 08:02 2234027                    /usr/local/lib/libpjsip-simple.so.2
7f3678078000-7f367807a000 r--p 00000000 08:02 1448951                    /usr/lib/x86_64-linux-gnu/libXdmcp.so.6.0.0
7f367807a000-7f367807c000 r-xp 00002000 08:02 1448951                    /usr/lib/x86_64-linux-gnu/libXdmcp.so.6.0.0
7f367807c000-7f367807e000 r--p 00004000 08:02 1448951                    /usr/lib/x86_64-linux-gnu/libXdmcp.so.6.0.0
7f367807e000-7f367807f000 r--p 00005000 08:02 1448951                    /usr/lib/x86_64-linux-gnu/libXdmcp.so.6.0.0
7f367807f000-7f3678080000 rw-p 00006000 08:02 1448951                    /usr/lib/x86_64-linux-gnu/libXdmcp.so.6.0.0
7f3678080000-7f3678081000 r--p 00000000 08:02 1448940                    /usr/lib/x86_64-linux-gnu/libXau.so.6.0.0
7f3678081000-7f3678083000 r-xp 00001000 08:02 1448940                    /usr/lib/x86_64-linux-gnu/libXau.so.6.0.0
7f3678083000-7f3678084000 r--p 00003000 08:02 1448940                    /usr/lib/x86_64-linux-gnu/libXau.so.6.0.0
7f3678084000-7f3678085000 r--p 00003000 08:02 1448940                    /usr/lib/x86_64-linux-gnu/libXau.so.6.0.0
7f3678085000-7f3678086000 rw-p 00004000 08:02 1448940                    /usr/lib/x86_64-linux-gnu/libXau.so.6.0.0
7f3678086000-7f3678089000 r--p 00000000 08:02 1450402                    /usr/lib/x86_64-linux-gnu/libwrap.so.0.7.6
7f3678089000-7f367808e000 r-xp 00003000 08:02 1450402                    /usr/lib/x86_64-linux-gnu/libwrap.so.0.7.6
7f367808e000-7f3678090000 r--p 00008000 08:02 1450402                    /usr/lib/x86_64-linux-gnu/libwrap.so.0.7.6
7f3678090000-7f3678091000 r--p 00009000 08:02 1450402                    /usr/lib/x86_64-linux-gnu/libwrap.so.0.7.6
7f3678091000-7f3678092000 rw-p 0000a000 08:02 1450402                    /usr/lib/x86_64-linux-gnu/libwrap.so.0.7.6
7f3678092000-7f3678093000 r--p 00000000 08:02 2097970                    /usr/lib/x86_64-linux-gnu/alsa-lib/libasound_module_pcm_vdownmix.so
7f3678093000-7f3678094000 r-xp 00001000 08:02 2097970                    /usr/lib/x86_64-linux-gnu/alsa-lib/libasound_module_pcm_vdownmix.so
7f3678094000-7f3678095000 r--p 00002000 08:02 2097970                    /usr/lib/x86_64-linux-gnu/alsa-lib/libasound_module_pcm_vdownmix.so
7f3678095000-7f3678096000 r--p 00002000 08:02 2097970                    /usr/lib/x86_64-linux-gnu/alsa-lib/libasound_module_pcm_vdownmix.so
7f3678096000-7f3678097000 rw-p 00003000 08:02 2097970                    /usr/lib/x86_64-linux-gnu/alsa-lib/libasound_module_pcm_vdownmix.so
7f3678097000-7f36780c8000 rw-p 00000000 00:00 0 
7f36780c8000-7f36780cc000 r--p 00000000 08:02 1447901                    /usr/lib/jvm/java-11-openjdk-amd64/lib/libnet.so
7f36780cc000-7f36780da000 r-xp 00004000 08:02 1447901                    /usr/lib/jvm/java-11-openjdk-amd64/lib/libnet.so
7f36780da000-7f36780de000 r--p 00012000 08:02 1447901                    /usr/lib/jvm/java-11-openjdk-amd64/lib/libnet.so
7f36780de000-7f36780df000 r--p 00015000 08:02 1447901                    /usr/lib/jvm/java-11-openjdk-amd64/lib/libnet.so
7f36780df000-7f36780e0000 rw-p 00016000 08:02 1447901                    /usr/lib/jvm/java-11-openjdk-amd64/lib/libnet.so
7f36780e0000-7f36780e7000 r--p 00000000 08:02 1447902                    /usr/lib/jvm/java-11-openjdk-amd64/lib/libnio.so
7f36780e7000-7f36780ef000 r-xp 00007000 08:02 1447902                    /usr/lib/jvm/java-11-openjdk-amd64/lib/libnio.so
7f36780ef000-7f36780f2000 r--p 0000f000 08:02 1447902                    /usr/lib/jvm/java-11-openjdk-amd64/lib/libnio.so
7f36780f2000-7f36780f3000 r--p 00011000 08:02 1447902                    /usr/lib/jvm/java-11-openjdk-amd64/lib/libnio.so
7f36780f3000-7f36780f4000 rw-p 00012000 08:02 1447902                    /usr/lib/jvm/java-11-openjdk-amd64/lib/libnio.so
7f36780f4000-7f367823a000 rw-p 00000000 00:00 0 
7f367823a000-7f367823b000 ---p 00000000 00:00 0 
7f367823b000-7f367833c000 rw-p 00000000 00:00 0 
7f367833c000-7f367833d000 ---p 00000000 00:00 0 
7f367833d000-7f3678842000 rw-p 00000000 00:00 0 
7f3678842000-7f3678843000 ---p 00000000 00:00 0 
7f3678843000-7f3678944000 rw-p 00000000 00:00 0 
7f3678944000-7f3678945000 ---p 00000000 00:00 0 
7f3678945000-7f3678c78000 rw-p 00000000 00:00 0 
7f3678c78000-7f367a918000 ---p 00000000 00:00 0 
7f367a918000-7f367a95e000 rw-p 00000000 00:00 0 
7f367a95e000-7f367acf2000 ---p 00000000 00:00 0 
7f367acf2000-7f367ad31000 rw-p 00000000 00:00 0 
7f367ad31000-7f367b0c5000 ---p 00000000 00:00 0 
7f367b0c5000-7f367b104000 rw-p 00000000 00:00 0 
7f367b104000-7f367b498000 ---p 00000000 00:00 0 
7f367b498000-7f367b89d000 rw-p 00000000 00:00 0 
7f367b89d000-7f367b89e000 ---p 00000000 00:00 0 
7f367b89e000-7f367b9a4000 rw-p 00000000 00:00 0 
7f367b9a4000-7f367ba8a000 ---p 00000000 00:00 0 
7f367ba8a000-7f367ba8f000 rw-p 00000000 00:00 0 
7f367ba8f000-7f367bb75000 ---p 00000000 00:00 0 
7f367bb75000-7f367bb78000 r--p 00000000 08:02 1445800                    /usr/lib/x86_64-linux-gnu/libnss_files-2.31.so
7f367bb78000-7f367bb7f000 r-xp 00003000 08:02 1445800                    /usr/lib/x86_64-linux-gnu/libnss_files-2.31.so
7f367bb7f000-7f367bb81000 r--p 0000a000 08:02 1445800                    /usr/lib/x86_64-linux-gnu/libnss_files-2.31.so
7f367bb81000-7f367bb82000 r--p 0000b000 08:02 1445800                    /usr/lib/x86_64-linux-gnu/libnss_files-2.31.so
7f367bb82000-7f367bb83000 rw-p 0000c000 08:02 1445800                    /usr/lib/x86_64-linux-gnu/libnss_files-2.31.so
7f367bb83000-7f367bb8e000 rw-p 00000000 00:00 0 
7f367bb8e000-7f367bb95000 ---p 00000000 00:00 0 
7f367bb95000-7f367bb97000 r--p 00000000 08:02 1447910                    /usr/lib/jvm/java-11-openjdk-amd64/lib/libzip.so
7f367bb97000-7f367bb9c000 r-xp 00002000 08:02 1447910                    /usr/lib/jvm/java-11-openjdk-amd64/lib/libzip.so
7f367bb9c000-7f367bb9e000 r--p 00007000 08:02 1447910                    /usr/lib/jvm/java-11-openjdk-amd64/lib/libzip.so
7f367bb9e000-7f367bb9f000 r--p 00008000 08:02 1447910                    /usr/lib/jvm/java-11-openjdk-amd64/lib/libzip.so
7f367bb9f000-7f367bba0000 rw-p 00009000 08:02 1447910                    /usr/lib/jvm/java-11-openjdk-amd64/lib/libzip.so
7f367bba0000-7f367bba8000 rw-s 00000000 08:02 8913083                    /tmp/hsperfdata_user/11144
7f367bba8000-7f367bbb6000 r--p 00000000 08:02 1447890                    /usr/lib/jvm/java-11-openjdk-amd64/lib/libjava.so
7f367bbb6000-7f367bbcc000 r-xp 0000e000 08:02 1447890                    /usr/lib/jvm/java-11-openjdk-amd64/lib/libjava.so
7f367bbcc000-7f367bbd3000 r--p 00024000 08:02 1447890                    /usr/lib/jvm/java-11-openjdk-amd64/lib/libjava.so
7f367bbd3000-7f367bbd4000 r--p 0002a000 08:02 1447890                    /usr/lib/jvm/java-11-openjdk-amd64/lib/libjava.so
7f367bbd4000-7f367bbd5000 rw-p 0002b000 08:02 1447890                    /usr/lib/jvm/java-11-openjdk-amd64/lib/libjava.so
7f367bbd5000-7f367bbd6000 rw-p 00000000 00:00 0 
7f367bbd6000-7f367bbd8000 r--p 00000000 08:02 1445807                    /usr/lib/x86_64-linux-gnu/librt-2.31.so
7f367bbd8000-7f367bbdc000 r-xp 00002000 08:02 1445807                    /usr/lib/x86_64-linux-gnu/librt-2.31.so
7f367bbdc000-7f367bbde000 r--p 00006000 08:02 1445807                    /usr/lib/x86_64-linux-gnu/librt-2.31.so
7f367bbde000-7f367bbdf000 r--p 00007000 08:02 1445807                    /usr/lib/x86_64-linux-gnu/librt-2.31.so
7f367bbdf000-7f367bbe0000 rw-p 00008000 08:02 1445807                    /usr/lib/x86_64-linux-gnu/librt-2.31.so
7f367bbe0000-7f367bbe4000 ---p 00000000 00:00 0 
7f367bbe4000-7f367bce1000 rw-p 00000000 00:00 0 
7f367bce1000-7f367bce4000 r--p 00000000 08:02 1449406                    /usr/lib/x86_64-linux-gnu/libgcc_s.so.1
7f367bce4000-7f367bcf6000 r-xp 00003000 08:02 1449406                    /usr/lib/x86_64-linux-gnu/libgcc_s.so.1
7f367bcf6000-7f367bcfa000 r--p 00015000 08:02 1449406                    /usr/lib/x86_64-linux-gnu/libgcc_s.so.1
7f367bcfa000-7f367bcfb000 r--p 00018000 08:02 1449406                    /usr/lib/x86_64-linux-gnu/libgcc_s.so.1
7f367bcfb000-7f367bcfc000 rw-p 00019000 08:02 1449406                    /usr/lib/x86_64-linux-gnu/libgcc_s.so.1
7f367bcfc000-7f367bd09000 r--p 00000000 08:02 1445794                    /usr/lib/x86_64-linux-gnu/libm-2.31.so
7f367bd09000-7f367bdb0000 r-xp 0000d000 08:02 1445794                    /usr/lib/x86_64-linux-gnu/libm-2.31.so
7f367bdb0000-7f367be49000 r--p 000b4000 08:02 1445794                    /usr/lib/x86_64-linux-gnu/libm-2.31.so
7f367be49000-7f367be4a000 r--p 0014c000 08:02 1445794                    /usr/lib/x86_64-linux-gnu/libm-2.31.so
7f367be4a000-7f367be4b000 rw-p 0014d000 08:02 1445794                    /usr/lib/x86_64-linux-gnu/libm-2.31.so
7f367be4b000-7f367bee1000 r--p 00000000 08:02 1450209                    /usr/lib/x86_64-linux-gnu/libstdc++.so.6.0.28
7f367bee1000-7f367bfd2000 r-xp 00096000 08:02 1450209                    /usr/lib/x86_64-linux-gnu/libstdc++.so.6.0.28
7f367bfd2000-7f367c01b000 r--p 00187000 08:02 1450209                    /usr/lib/x86_64-linux-gnu/libstdc++.so.6.0.28
7f367c01b000-7f367c01c000 ---p 001d0000 08:02 1450209                    /usr/lib/x86_64-linux-gnu/libstdc++.so.6.0.28
7f367c01c000-7f367c027000 r--p 001d0000 08:02 1450209                    /usr/lib/x86_64-linux-gnu/libstdc++.so.6.0.28
7f367c027000-7f367c02a000 rw-p 001db000 08:02 1450209                    /usr/lib/x86_64-linux-gnu/libstdc++.so.6.0.28
7f367c02a000-7f367c02d000 rw-p 00000000 00:00 0 
7f367c02d000-7f367c2af000 r--p 00000000 08:02 1447914                    /usr/lib/jvm/java-11-openjdk-amd64/lib/server/libjvm.so
7f367c2af000-7f367cf35000 r-xp 00282000 08:02 1447914                    /usr/lib/jvm/java-11-openjdk-amd64/lib/server/libjvm.so
7f367cf35000-7f367d191000 r--p 00f08000 08:02 1447914                    /usr/lib/jvm/java-11-openjdk-amd64/lib/server/libjvm.so
7f367d191000-7f367d255000 r--p 01163000 08:02 1447914                    /usr/lib/jvm/java-11-openjdk-amd64/lib/server/libjvm.so
7f367d255000-7f367d290000 rw-p 01227000 08:02 1447914                    /usr/lib/jvm/java-11-openjdk-amd64/lib/server/libjvm.so
7f367d290000-7f367d2e9000 rw-p 00000000 00:00 0 
7f367d2e9000-7f367d2ef000 r--p 00000000 08:02 1445805                    /usr/lib/x86_64-linux-gnu/libpthread-2.31.so
7f367d2ef000-7f367d300000 r-xp 00006000 08:02 1445805                    /usr/lib/x86_64-linux-gnu/libpthread-2.31.so
7f367d300000-7f367d306000 r--p 00017000 08:02 1445805                    /usr/lib/x86_64-linux-gnu/libpthread-2.31.so
7f367d306000-7f367d307000 r--p 0001c000 08:02 1445805                    /usr/lib/x86_64-linux-gnu/libpthread-2.31.so
7f367d307000-7f367d308000 rw-p 0001d000 08:02 1445805                    /usr/lib/x86_64-linux-gnu/libpthread-2.31.so
7f367d308000-7f367d30c000 rw-p 00000000 00:00 0 
7f367d30c000-7f367d30d000 r--p 00000000 08:02 1445793                    /usr/lib/x86_64-linux-gnu/libdl-2.31.so
7f367d30d000-7f367d30f000 r-xp 00001000 08:02 1445793                    /usr/lib/x86_64-linux-gnu/libdl-2.31.so
7f367d30f000-7f367d310000 r--p 00003000 08:02 1445793                    /usr/lib/x86_64-linux-gnu/libdl-2.31.so
7f367d310000-7f367d311000 r--p 00003000 08:02 1445793                    /usr/lib/x86_64-linux-gnu/libdl-2.31.so
7f367d311000-7f367d312000 rw-p 00004000 08:02 1445793                    /usr/lib/x86_64-linux-gnu/libdl-2.31.so
7f367d312000-7f367d314000 r--p 00000000 08:02 1445493                    /usr/lib/x86_64-linux-gnu/libz.so.1.2.11
7f367d314000-7f367d325000 r-xp 00002000 08:02 1445493                    /usr/lib/x86_64-linux-gnu/libz.so.1.2.11
7f367d325000-7f367d32b000 r--p 00013000 08:02 1445493                    /usr/lib/x86_64-linux-gnu/libz.so.1.2.11
7f367d32b000-7f367d32c000 ---p 00019000 08:02 1445493                    /usr/lib/x86_64-linux-gnu/libz.so.1.2.11
7f367d32c000-7f367d32d000 r--p 00019000 08:02 1445493                    /usr/lib/x86_64-linux-gnu/libz.so.1.2.11
7f367d32d000-7f367d32e000 rw-p 0001a000 08:02 1445493                    /usr/lib/x86_64-linux-gnu/libz.so.1.2.11
7f367d32e000-7f367d350000 r--p 00000000 08:02 1445792                    /usr/lib/x86_64-linux-gnu/libc-2.31.so
7f367d350000-7f367d4c8000 r-xp 00022000 08:02 1445792                    /usr/lib/x86_64-linux-gnu/libc-2.31.so
7f367d4c8000-7f367d516000 r--p 0019a000 08:02 1445792                    /usr/lib/x86_64-linux-gnu/libc-2.31.so
7f367d516000-7f367d51a000 r--p 001e7000 08:02 1445792                    /usr/lib/x86_64-linux-gnu/libc-2.31.so
7f367d51a000-7f367d51c000 rw-p 001eb000 08:02 1445792                    /usr/lib/x86_64-linux-gnu/libc-2.31.so
7f367d51c000-7f367d520000 rw-p 00000000 00:00 0 
7f367d520000-7f367d522000 r--s 0000c000 08:02 2235382                    /usr/share/java/java-atk-wrapper.jar
7f367d522000-7f367d523000 ---p 00000000 00:00 0 
7f367d523000-7f367d524000 r--p 00000000 00:00 0 
7f367d524000-7f367d526000 r--p 00000000 08:02 1447893                    /usr/lib/jvm/java-11-openjdk-amd64/lib/libjimage.so
7f367d526000-7f367d529000 r-xp 00002000 08:02 1447893                    /usr/lib/jvm/java-11-openjdk-amd64/lib/libjimage.so
7f367d529000-7f367d52a000 r--p 00005000 08:02 1447893                    /usr/lib/jvm/java-11-openjdk-amd64/lib/libjimage.so
7f367d52a000-7f367d52b000 ---p 00006000 08:02 1447893                    /usr/lib/jvm/java-11-openjdk-amd64/lib/libjimage.so
7f367d52b000-7f367d52c000 r--p 00006000 08:02 1447893                    /usr/lib/jvm/java-11-openjdk-amd64/lib/libjimage.so
7f367d52c000-7f367d52d000 rw-p 00007000 08:02 1447893                    /usr/lib/jvm/java-11-openjdk-amd64/lib/libjimage.so
7f367d52d000-7f367d532000 r--p 00000000 08:02 1447909                    /usr/lib/jvm/java-11-openjdk-amd64/lib/libverify.so
7f367d532000-7f367d539000 r-xp 00005000 08:02 1447909                    /usr/lib/jvm/java-11-openjdk-amd64/lib/libverify.so
7f367d539000-7f367d53b000 r--p 0000c000 08:02 1447909                    /usr/lib/jvm/java-11-openjdk-amd64/lib/libverify.so
7f367d53b000-7f367d53c000 ---p 0000e000 08:02 1447909                    /usr/lib/jvm/java-11-openjdk-amd64/lib/libverify.so
7f367d53c000-7f367d53e000 r--p 0000e000 08:02 1447909                    /usr/lib/jvm/java-11-openjdk-amd64/lib/libverify.so
7f367d53e000-7f367d53f000 rw-p 00010000 08:02 1447909                    /usr/lib/jvm/java-11-openjdk-amd64/lib/libverify.so
7f367d53f000-7f367d542000 r--p 00000000 08:02 1447875                    /usr/lib/jvm/java-11-openjdk-amd64/lib/jli/libjli.so
7f367d542000-7f367d54c000 r-xp 00003000 08:02 1447875                    /usr/lib/jvm/java-11-openjdk-amd64/lib/jli/libjli.so
7f367d54c000-7f367d54f000 r--p 0000d000 08:02 1447875                    /usr/lib/jvm/java-11-openjdk-amd64/lib/jli/libjli.so
7f367d54f000-7f367d550000 ---p 00010000 08:02 1447875                    /usr/lib/jvm/java-11-openjdk-amd64/lib/jli/libjli.so
7f367d550000-7f367d551000 r--p 00010000 08:02 1447875                    /usr/lib/jvm/java-11-openjdk-amd64/lib/jli/libjli.so
7f367d551000-7f367d552000 rw-p 00011000 08:02 1447875                    /usr/lib/jvm/java-11-openjdk-amd64/lib/jli/libjli.so
7f367d552000-7f367d554000 rw-p 00000000 00:00 0 
7f367d554000-7f367d555000 r--p 00000000 08:02 1445788                    /usr/lib/x86_64-linux-gnu/ld-2.31.so
7f367d555000-7f367d578000 r-xp 00001000 08:02 1445788                    /usr/lib/x86_64-linux-gnu/ld-2.31.so
7f367d578000-7f367d580000 r--p 00024000 08:02 1445788                    /usr/lib/x86_64-linux-gnu/ld-2.31.so
7f367d581000-7f367d582000 r--p 0002c000 08:02 1445788                    /usr/lib/x86_64-linux-gnu/ld-2.31.so
7f367d582000-7f367d583000 rw-p 0002d000 08:02 1445788                    /usr/lib/x86_64-linux-gnu/ld-2.31.so
7f367d583000-7f367d584000 rw-p 00000000 00:00 0 
7fff85bc6000-7fff85be7000 rw-p 00000000 00:00 0                          [stack]
7fff85bed000-7fff85bf1000 r--p 00000000 00:00 0                          [vvar]
7fff85bf1000-7fff85bf3000 r-xp 00000000 00:00 0                          [vdso]
ffffffffff600000-ffffffffff601000 --xp 00000000 00:00 0                  [vsyscall]


VM Arguments:
java_command: com.zilogic.mypjsip.MyApp
java_class_path (initial): /home/user/NetBeansProjects/mypjsip/target/classes:/home/user/.m2/repository/pjsip/pjsip/1.0/pjsip-1.0.jar
Launcher Type: SUN_STANDARD

[Global flags]
     intx CICompilerCount                          = 3                                         {product} {ergonomic}
     uint ConcGCThreads                            = 1                                         {product} {ergonomic}
     uint G1ConcRefinementThreads                  = 4                                         {product} {ergonomic}
   size_t G1HeapRegionSize                         = 1048576                                   {product} {ergonomic}
    uintx GCDrainStackTargetSize                   = 64                                        {product} {ergonomic}
   size_t InitialHeapSize                          = 130023424                                 {product} {ergonomic}
   size_t MarkStackSize                            = 4194304                                   {product} {ergonomic}
   size_t MaxHeapSize                              = 2053111808                                {product} {ergonomic}
   size_t MaxNewSize                               = 1231028224                                {product} {ergonomic}
   size_t MinHeapDeltaBytes                        = 1048576                                   {product} {ergonomic}
    uintx NonNMethodCodeHeapSize                   = 5830732                                {pd product} {ergonomic}
    uintx NonProfiledCodeHeapSize                  = 122913754                              {pd product} {ergonomic}
    uintx ProfiledCodeHeapSize                     = 122913754                              {pd product} {ergonomic}
    uintx ReservedCodeCacheSize                    = 251658240                              {pd product} {ergonomic}
     bool SegmentedCodeCache                       = true                                      {product} {ergonomic}
     bool UseCompressedClassPointers               = true                                 {lp64_product} {ergonomic}
     bool UseCompressedOops                        = true                                 {lp64_product} {ergonomic}
     bool UseG1GC                                  = true                                      {product} {ergonomic}

Logging:
Log output configuration:
 #0: stdout all=warning uptime,level,tags
 #1: stderr all=off uptime,level,tags

Environment Variables:
JAVA_HOME=/usr/lib/jvm/java-11-openjdk-amd64
PATH=/home/user/.local/bin:/usr/local/sbin:/usr/local/bin:/usr/sbin:/usr/bin:/sbin:/bin:/usr/games:/usr/local/games:/snap/bin
USERNAME=user
SHELL=/bin/bash
DISPLAY=:0
LANG=en_IN

Signal Handlers:
SIGSEGV: [libjvm.so+0xe95100], sa_mask[0]=11111111011111111101111111111110, sa_flags=SA_RESTART|SA_SIGINFO
SIGBUS: [libjvm.so+0xe95100], sa_mask[0]=11111111011111111101111111111110, sa_flags=SA_RESTART|SA_SIGINFO
SIGFPE: [libjvm.so+0xe95100], sa_mask[0]=11111111011111111101111111111110, sa_flags=SA_RESTART|SA_SIGINFO
SIGPIPE: [libjvm.so+0xbdca50], sa_mask[0]=11111111011111111101111111111110, sa_flags=SA_RESTART|SA_SIGINFO
SIGXFSZ: [libjvm.so+0xbdca50], sa_mask[0]=11111111011111111101111111111110, sa_flags=SA_RESTART|SA_SIGINFO
SIGILL: [libjvm.so+0xe95100], sa_mask[0]=11111111011111111101111111111110, sa_flags=SA_RESTART|SA_SIGINFO
SIGUSR2: [libjvm.so+0xbdc8f0], sa_mask[0]=00100000000000000000000000000000, sa_flags=SA_RESTART|SA_SIGINFO
SIGHUP: [libjvm.so+0xbdcd90], sa_mask[0]=11111111011111111101111111111110, sa_flags=SA_RESTART|SA_SIGINFO
SIGINT: SIG_IGN, sa_mask[0]=00000000000000000000000000000000, sa_flags=none
SIGTERM: [libjvm.so+0xbdcd90], sa_mask[0]=11111111011111111101111111111110, sa_flags=SA_RESTART|SA_SIGINFO
SIGQUIT: [libjvm.so+0xbdcd90], sa_mask[0]=11111111011111111101111111111110, sa_flags=SA_RESTART|SA_SIGINFO


---------------  S Y S T E M  ---------------

OS:DISTRIB_ID=Ubuntu
DISTRIB_RELEASE=20.04
DISTRIB_CODENAME=focal
DISTRIB_DESCRIPTION="Ubuntu 20.04.4 LTS"
uname:Linux 5.13.0-52-generic #59~20.04.1-Ubuntu SMP Thu Jun 16 21:21:28 UTC 2022 x86_64
OS uptime: 0 days 1:20 hours
libc:glibc 2.31 NPTL 2.31 
rlimit (soft/hard): STACK 8192k/infinity , CORE 0k/infinity , NPROC 31037/31037 , NOFILE 1048576/1048576 , AS infinity/infinity , CPU infinity/infinity , DATA infinity/infinity , FSIZE infinity/infinity , MEMLOCK 65536k/65536k
load average:0.22 0.45 0.66

/proc/meminfo:
MemTotal:        8017192 kB
MemFree:          314688 kB
MemAvailable:    2598828 kB
Buffers:          508160 kB
Cached:          2295592 kB
SwapCached:          304 kB
Active:          1588412 kB
Inactive:        5565732 kB
Active(anon):     266040 kB
Inactive(anon):  4541632 kB
Active(file):    1322372 kB
Inactive(file):  1024100 kB
Unevictable:       30264 kB
Mlocked:              16 kB
SwapTotal:       3999740 kB
SwapFree:        3994072 kB
Dirty:               780 kB
Writeback:             0 kB
AnonPages:       4380460 kB
Mapped:           814896 kB
Shmem:            464324 kB
KReclaimable:     241720 kB
Slab:             386984 kB
SReclaimable:     241720 kB
SUnreclaim:       145264 kB
KernelStack:       18240 kB
PageTables:        41436 kB
NFS_Unstable:          0 kB
Bounce:                0 kB
WritebackTmp:          0 kB
CommitLimit:     8008336 kB
Committed_AS:   10990684 kB
VmallocTotal:   34359738367 kB
VmallocUsed:       43668 kB
VmallocChunk:          0 kB
Percpu:             4048 kB
HardwareCorrupted:     0 kB
AnonHugePages:         0 kB
ShmemHugePages:        0 kB
ShmemPmdMapped:        0 kB
FileHugePages:         0 kB
FilePmdMapped:         0 kB
HugePages_Total:       0
HugePages_Free:        0
HugePages_Rsvd:        0
HugePages_Surp:        0
Hugepagesize:       2048 kB
Hugetlb:               0 kB
DirectMap4k:      379296 kB
DirectMap2M:     7884800 kB
DirectMap1G:           0 kB

/sys/kernel/mm/transparent_hugepage/enabled:
always [madvise] never
/sys/kernel/mm/transparent_hugepage/defrag (defrag/compaction efforts parameter):
always defer defer+madvise [madvise] never

Process Memory:
Virtual Size: 5291304K (peak: 13435636K)
Resident Set Size: 61244K (peak: 61244K) (anon: 24272K, file: 36972K, shmem: 0K)
Swapped out: 0K
C-Heap outstanding allocations: 3582K

/proc/sys/kernel/threads-max (system-wide limit on the number of threads):
62075
/proc/sys/vm/max_map_count (maximum number of memory map areas a process may have):
65530
/proc/sys/kernel/pid_max (system-wide limit on number of process identifiers):
4194304

container (cgroup) information:
container_type: cgroupv1
cpu_cpuset_cpus: 0-3
cpu_memory_nodes: 0
active_processor_count: 4
cpu_quota: -1
cpu_period: 100000
cpu_shares: -1
memory_limit_in_bytes: -1
memory_and_swap_limit_in_bytes: -1
memory_soft_limit_in_bytes: -1
memory_usage_in_bytes: 5438341120
memory_max_usage_in_bytes: 5642944512

Steal ticks since vm start: 0
Steal ticks percentage since vm start:  0.000

CPU:total 4 (initial active 4) (4 cores per cpu, 1 threads per core) family 6 model 158 stepping 9 microcode 0xf0, cmov, cx8, fxsr, mmx, sse, sse2, sse3, ssse3, sse4.1, sse4.2, popcnt, avx, avx2, aes, clmul, erms, rtm, 3dnowpref, lzcnt, tsc, tscinvbit, bmi1, bmi2, adx, fma
CPU Model and flags from /proc/cpuinfo:
model name	: Intel(R) Core(TM) i5-7500 CPU @ 3.40GHz
flags		: fpu vme de pse tsc msr pae mce cx8 apic sep mtrr pge mca cmov pat pse36 clflush dts acpi mmx fxsr sse sse2 ss ht tm pbe syscall nx pdpe1gb rdtscp lm constant_tsc art arch_perfmon pebs bts rep_good nopl xtopology nonstop_tsc cpuid aperfmperf pni pclmulqdq dtes64 monitor ds_cpl vmx smx est tm2 ssse3 sdbg fma cx16 xtpr pdcm pcid sse4_1 sse4_2 x2apic movbe popcnt tsc_deadline_timer aes xsave avx f16c rdrand lahf_lm abm 3dnowprefetch cpuid_fault epb invpcid_single pti ssbd ibrs ibpb stibp tpr_shadow vnmi flexpriority ept vpid ept_ad fsgsbase tsc_adjust bmi1 hle avx2 smep bmi2 erms invpcid rtm mpx rdseed adx smap clflushopt intel_pt xsaveopt xsavec xgetbv1 xsaves dtherm ida arat pln pts hwp hwp_notify hwp_act_window hwp_epp md_clear flush_l1d arch_capabilities
Online cpus:
0-3
Offline cpus:

BIOS frequency limitation:
<Not Available>
Frequency switch latency (ns):
0
Available cpu frequencies:
<Not Available>
Current governor:
powersave
Core performance/turbo boost:
<Not Available>

Memory: 4k page, physical 8017192k(314688k free), swap 3999740k(3994072k free)

vm_info: OpenJDK 64-Bit Server VM (11.0.15+10-Ubuntu-0ubuntu0.20.04.1) for linux-amd64 JRE (11.0.15+10-Ubuntu-0ubuntu0.20.04.1), built on Apr 23 2022 13:02:10 by "unknown" with gcc 9.4.0

END.
