#
# A fatal error has been detected by the Java Runtime Environment:
#
#  SIGSEGV (0xb) at pc=0x00007f4ab84d92cb, pid=10831, tid=10832
#
# JRE version: OpenJDK Runtime Environment (11.0.15+10) (build 11.0.15+10-Ubuntu-0ubuntu0.20.04.1)
# Java VM: OpenJDK 64-Bit Server VM (11.0.15+10-Ubuntu-0ubuntu0.20.04.1, mixed mode, sharing, tiered, compressed oops, g1 gc, linux-amd64)
# Problematic frame:
# C  [libpjsua2.so.2+0x5f2cb]  pj::Call::getInfo() const+0x10b
#
# Core dump will be written. Default location: Core dumps may be processed with "/usr/share/apport/apport -p%p -s%s -c%c -d%d -P%P -u%u -g%g -- %E" (or dumping to /home/user/NetBeansProjects/mypjsip/core.10831)
#
# If you would like to submit a bug report, please visit:
#   Unknown
# The crash happened outside the Java Virtual Machine in native code.
# See problematic frame for where to report the bug.
#

---------------  S U M M A R Y ------------

Command Line: com.zilogic.mypjsip.MyApp

Host: Intel(R) Core(TM) i5-7500 CPU @ 3.40GHz, 4 cores, 7G, Ubuntu 20.04.4 LTS
Time: Tue Jul 12 11:13:17 2022 IST elapsed time: 25.175808 seconds (0d 0h 0m 25s)

---------------  T H R E A D  ---------------

Current thread (0x00007f4ae0016000):  JavaThread "main" [_thread_in_native, id=10832, stack(0x00007f4ae535b000,0x00007f4ae545c000)]

Stack: [0x00007f4ae535b000,0x00007f4ae545c000],  sp=0x00007f4ae5459910,  free space=1018k
Native frames: (J=compiled Java code, A=aot compiled Java code, j=interpreted, Vv=VM code, C=native code)
C  [libpjsua2.so.2+0x5f2cb]  pj::Call::getInfo() const+0x10b
C  0x00007f4ae545a7e0

Java frames: (J=compiled Java code, j=interpreted, Vv=VM code)
j  org.pjsip.pjsua2.pjsua2JNI.Call_getInfo(JLorg/pjsip/pjsua2/Call;)J+0
j  org.pjsip.pjsua2.Call.getInfo()Lorg/pjsip/pjsua2/CallInfo;+9
j  com.zilogic.mypjsip.MyApp.main([Ljava/lang/String;)V+698
v  ~StubRoutines::call_stub

siginfo: si_signo: 11 (SIGSEGV), si_code: 1 (SEGV_MAPERR), si_addr: 0x0000000000000010

Register to memory mapping:

RAX=0x0 is NULL
RBX=0x00007f4ae545a680 is pointing into the stack for thread: 0x00007f4ae0016000
RCX=0x0 is NULL
RDX=0x0 is NULL
RSP=0x00007f4ae5459910 is pointing into the stack for thread: 0x00007f4ae0016000
RBP=0x00007f4ae545a6a0 is pointing into the stack for thread: 0x00007f4ae0016000
RSI=0x00007f4ae54599f0 is pointing into the stack for thread: 0x00007f4ae0016000
RDI=0x00007f4ae545a710 is pointing into the stack for thread: 0x00007f4ae0016000
R8 =0x00007f4ae0016000 is a thread
R9 =0x0000000000000800 is an unknown value
R10=0x00007f4ac882d9e1 is at code_begin+897 in an Interpreter codelet
method entry point (kind = native)  [0x00007f4ac882d660, 0x00007f4ac882dfe0]  2432 bytes
R11=0x000000008c702ff8 points into unknown readable memory: 0x0000002ff4acd009 | 09 d0 ac f4 2f 00 00 00
R12=0x00007f4ae545a660 is pointing into the stack for thread: 0x00007f4ae0016000
R13=0x00007f4ae54599f0 is pointing into the stack for thread: 0x00007f4ae0016000
R14=0x00007f4ae545a6e0 is pointing into the stack for thread: 0x00007f4ae0016000
R15=0x00007f4ae545a700 is pointing into the stack for thread: 0x00007f4ae0016000


Registers:
RAX=0x0000000000000000, RBX=0x00007f4ae545a680, RCX=0x0000000000000000, RDX=0x0000000000000000
RSP=0x00007f4ae5459910, RBP=0x00007f4ae545a6a0, RSI=0x00007f4ae54599f0, RDI=0x00007f4ae545a710
R8 =0x00007f4ae0016000, R9 =0x0000000000000800, R10=0x00007f4ac882d9e1, R11=0x000000008c702ff8
R12=0x00007f4ae545a660, R13=0x00007f4ae54599f0, R14=0x00007f4ae545a6e0, R15=0x00007f4ae545a700
RIP=0x00007f4ab84d92cb, EFLAGS=0x0000000000010202, CSGSFS=0x002b000000000033, ERR=0x0000000000000004
  TRAPNO=0x000000000000000e

Top of Stack: (sp=0x00007f4ae5459910)
0x00007f4ae5459910:   0000000062cd09eb 0000000000000000
0x00007f4ae5459920:   00007f4ae5459950 00007f4ae6a20840
0x00007f4ae5459930:   00000008002ba538 0000000000000002
0x00007f4ae5459940:   00007f4ae5459c18 00007f4ae0016000 

Instructions: (pc=0x00007f4ab84d92cb)
0x00007f4ab84d91cb:   4c 8d bf a0 00 00 00 41 56 4c 8d b7 80 00 00 00
0x00007f4ab84d91db:   41 55 4c 8d 6f 60 41 54 49 89 fc 55 48 8d 6f 40
0x00007f4ab84d91eb:   53 48 8d 5f 20 48 8d bf b0 00 00 00 48 81 ec 18
0x00007f4ab84d91fb:   0b 00 00 48 89 74 24 08 31 f6 64 48 8b 0c 25 28
0x00007f4ab84d920b:   00 00 00 48 89 8c 24 08 0b 00 00 31 c9 48 89 87
0x00007f4ab84d921b:   50 ff ff ff 48 89 9f 60 ff ff ff 48 c7 87 68 ff
0x00007f4ab84d922b:   ff ff 00 00 00 00 c6 87 70 ff ff ff 00 48 89 6f
0x00007f4ab84d923b:   80 48 c7 47 88 00 00 00 00 c6 47 90 00 4c 89 6f
0x00007f4ab84d924b:   a0 48 c7 47 a8 00 00 00 00 c6 47 b0 00 4c 89 77
0x00007f4ab84d925b:   c0 48 c7 47 c8 00 00 00 00 c6 47 d0 00 4c 89 7f
0x00007f4ab84d926b:   e0 48 c7 47 e8 00 00 00 00 c6 47 f0 00 e8 b3 03
0x00007f4ab84d927b:   fc ff 49 8d 84 24 f0 00 00 00 41 c6 84 24 f0 00
0x00007f4ab84d928b:   00 00 00 4c 8d ac 24 e0 00 00 00 49 89 84 24 e0
0x00007f4ab84d929b:   00 00 00 4c 89 ee 49 8d 84 24 18 01 00 00 49 89
0x00007f4ab84d92ab:   84 24 08 01 00 00 48 8b 44 24 08 41 c6 84 24 18
0x00007f4ab84d92bb:   01 00 00 00 41 c7 84 24 d8 00 00 00 00 00 00 00
0x00007f4ab84d92cb:   8b 78 10 49 c7 84 24 e8 00 00 00 00 00 00 00 41
0x00007f4ab84d92db:   c7 84 24 00 01 00 00 00 00 00 00 49 c7 84 24 10
0x00007f4ab84d92eb:   01 00 00 00 00 00 00 49 c7 84 24 28 01 00 00 00
0x00007f4ab84d92fb:   00 00 00 49 c7 84 24 30 01 00 00 00 00 00 00 49
0x00007f4ab84d930b:   c7 84 24 38 01 00 00 00 00 00 00 49 c7 84 24 40
0x00007f4ab84d931b:   01 00 00 00 00 00 00 49 c7 84 24 48 01 00 00 00
0x00007f4ab84d932b:   00 00 00 49 c7 84 24 50 01 00 00 00 00 00 00 e8
0x00007f4ab84d933b:   51 07 fc ff 89 c5 85 c0 75 37 4c 89 ee 4c 89 e7
0x00007f4ab84d934b:   e8 80 f3 fb ff 48 8b 84 24 08 0b 00 00 64 48 33
0x00007f4ab84d935b:   04 25 28 00 00 00 0f 85 f8 00 00 00 48 81 c4 18
0x00007f4ab84d936b:   0b 00 00 4c 89 e0 5b 5d 41 5c 41 5d 41 5e 41 5f
0x00007f4ab84d937b:   c3 4c 8d 74 24 50 48 8d 35 bf 26 01 00 4c 89 f7
0x00007f4ab84d938b:   e8 70 bf ff ff 4c 8d 7c 24 30 48 8d 5c 24 20 48
0x00007f4ab84d939b:   c7 44 24 18 00 00 00 00 48 8d 35 2e 2b 01 00 4c
0x00007f4ab84d93ab:   89 ff 48 89 5c 24 10 c6 44 24 20 00 e8 44 bf ff
0x00007f4ab84d93bb:   ff 4c 8d 6c 24 70 48 8d 4c 24 10 4d 89 f0 4c 89 


Stack slot to memory mapping:
stack at sp + 0 slots: 0x0000000062cd09eb is an unknown value
stack at sp + 1 slots: 0x0 is NULL
stack at sp + 2 slots: 0x00007f4ae5459950 is pointing into the stack for thread: 0x00007f4ae0016000
stack at sp + 3 slots: 0x00007f4ae6a20840: <offset 0x0000000001278840> in /usr/lib/jvm/java-11-openjdk-amd64/lib/server/libjvm.so at 0x00007f4ae57a8000
stack at sp + 4 slots: 0x00000008002ba538 is pointing into metadata
stack at sp + 5 slots: 0x0000000000000002 is an unknown value
stack at sp + 6 slots: 0x00007f4ae5459c18 is pointing into the stack for thread: 0x00007f4ae0016000
stack at sp + 7 slots: 0x00007f4ae0016000 is a thread


---------------  P R O C E S S  ---------------

Threads class SMR info:
_java_thread_list=0x00007f4a70002a00, length=9, elements={
0x00007f4ae0016000, 0x00007f4ae010f000, 0x00007f4ae0111000, 0x00007f4ae0116800,
0x00007f4ae0118800, 0x00007f4ae011a800, 0x00007f4ae011c800, 0x00007f4ae011e800,
0x00007f4ae0171800
}

Java Threads: ( => current thread )
=>0x00007f4ae0016000 JavaThread "main" [_thread_in_native, id=10832, stack(0x00007f4ae535b000,0x00007f4ae545c000)]
  0x00007f4ae010f000 JavaThread "Reference Handler" daemon [_thread_blocked, id=10843, stack(0x00007f4ab96ff000,0x00007f4ab9800000)]
  0x00007f4ae0111000 JavaThread "Finalizer" daemon [_thread_blocked, id=10844, stack(0x00007f4ab95fe000,0x00007f4ab96ff000)]
  0x00007f4ae0116800 JavaThread "Signal Dispatcher" daemon [_thread_blocked, id=10845, stack(0x00007f4ab8f8d000,0x00007f4ab908e000)]
  0x00007f4ae0118800 JavaThread "Service Thread" daemon [_thread_blocked, id=10846, stack(0x00007f4ab8e8c000,0x00007f4ab8f8d000)]
  0x00007f4ae011a800 JavaThread "C2 CompilerThread0" daemon [_thread_blocked, id=10847, stack(0x00007f4ab8d8b000,0x00007f4ab8e8c000)]
  0x00007f4ae011c800 JavaThread "C1 CompilerThread0" daemon [_thread_blocked, id=10848, stack(0x00007f4ab8c8a000,0x00007f4ab8d8b000)]
  0x00007f4ae011e800 JavaThread "Sweeper thread" daemon [_thread_blocked, id=10849, stack(0x00007f4ab8b89000,0x00007f4ab8c8a000)]
  0x00007f4ae0171800 JavaThread "Common-Cleaner" daemon [_thread_blocked, id=10851, stack(0x00007f4ab8986000,0x00007f4ab8a87000)]

Other Threads:
  0x00007f4ae010c000 VMThread "VM Thread" [stack: 0x00007f4ac00cc000,0x00007f4ac01cc000] [id=10842]
  0x00007f4ae016f800 WatcherThread [stack: 0x00007f4ab8a89000,0x00007f4ab8b89000] [id=10850]
  0x00007f4ae002e000 GCTaskThread "GC Thread#0" [stack: 0x00007f4ae501a000,0x00007f4ae511a000] [id=10837]
  0x00007f4aac001000 GCTaskThread "GC Thread#1" [stack: 0x00007f4a846a8000,0x00007f4a847a8000] [id=10869]
  0x00007f4aac002800 GCTaskThread "GC Thread#2" [stack: 0x00007f4a845a6000,0x00007f4a846a6000] [id=10870]
  0x00007f4aac004000 GCTaskThread "GC Thread#3" [stack: 0x00007f4a844a4000,0x00007f4a845a4000] [id=10871]
  0x00007f4ae005f000 ConcurrentGCThread "G1 Main Marker" [stack: 0x00007f4ac871e000,0x00007f4ac881e000] [id=10838]
  0x00007f4ae0060800 ConcurrentGCThread "G1 Conc#0" [stack: 0x00007f4ac861c000,0x00007f4ac871c000] [id=10839]
  0x00007f4ae00d9000 ConcurrentGCThread "G1 Refine#0" [stack: 0x00007f4ac8116000,0x00007f4ac8216000] [id=10840]
  0x00007f4ae00da800 ConcurrentGCThread "G1 Young RemSet Sampling" [stack: 0x00007f4ac8014000,0x00007f4ac8114000] [id=10841]

Threads with active compile tasks:

VM state:not at safepoint (normal execution)

VM Mutex/Monitor currently owned by a thread: None

Heap address: 0x0000000085a00000, size: 1958 MB, Compressed Oops mode: 32-bit
Narrow klass base: 0x0000000800000000, Narrow klass shift: 3
Compressed class space size: 1073741824 Address: 0x0000000840000000

Heap:
 garbage-first heap   total 129024K, used 5651K [0x0000000085a00000, 0x0000000100000000)
  region size 1024K, 6 young (6144K), 1 survivors (1024K)
 Metaspace       used 1890K, capacity 5661K, committed 5760K, reserved 1056768K
  class space    used 149K, capacity 554K, committed 640K, reserved 1048576K
Heap Regions: E=young(eden), S=young(survivor), O=old, HS=humongous(starts), HC=humongous(continues), CS=collection set, F=free, A=archive, TAMS=top-at-mark-start (previous, next)
|   0|0x0000000085a00000, 0x0000000085a00000, 0x0000000085b00000|  0%| F|  |TAMS 0x0000000085a00000, 0x0000000085a00000| Untracked 
|   1|0x0000000085b00000, 0x0000000085b00000, 0x0000000085c00000|  0%| F|  |TAMS 0x0000000085b00000, 0x0000000085b00000| Untracked 
|   2|0x0000000085c00000, 0x0000000085c00000, 0x0000000085d00000|  0%| F|  |TAMS 0x0000000085c00000, 0x0000000085c00000| Untracked 
|   3|0x0000000085d00000, 0x0000000085d00000, 0x0000000085e00000|  0%| F|  |TAMS 0x0000000085d00000, 0x0000000085d00000| Untracked 
|   4|0x0000000085e00000, 0x0000000085e00000, 0x0000000085f00000|  0%| F|  |TAMS 0x0000000085e00000, 0x0000000085e00000| Untracked 
|   5|0x0000000085f00000, 0x0000000085f00000, 0x0000000086000000|  0%| F|  |TAMS 0x0000000085f00000, 0x0000000085f00000| Untracked 
|   6|0x0000000086000000, 0x0000000086000000, 0x0000000086100000|  0%| F|  |TAMS 0x0000000086000000, 0x0000000086000000| Untracked 
|   7|0x0000000086100000, 0x0000000086100000, 0x0000000086200000|  0%| F|  |TAMS 0x0000000086100000, 0x0000000086100000| Untracked 
|   8|0x0000000086200000, 0x0000000086200000, 0x0000000086300000|  0%| F|  |TAMS 0x0000000086200000, 0x0000000086200000| Untracked 
|   9|0x0000000086300000, 0x0000000086300000, 0x0000000086400000|  0%| F|  |TAMS 0x0000000086300000, 0x0000000086300000| Untracked 
|  10|0x0000000086400000, 0x0000000086400000, 0x0000000086500000|  0%| F|  |TAMS 0x0000000086400000, 0x0000000086400000| Untracked 
|  11|0x0000000086500000, 0x0000000086500000, 0x0000000086600000|  0%| F|  |TAMS 0x0000000086500000, 0x0000000086500000| Untracked 
|  12|0x0000000086600000, 0x0000000086600000, 0x0000000086700000|  0%| F|  |TAMS 0x0000000086600000, 0x0000000086600000| Untracked 
|  13|0x0000000086700000, 0x0000000086700000, 0x0000000086800000|  0%| F|  |TAMS 0x0000000086700000, 0x0000000086700000| Untracked 
|  14|0x0000000086800000, 0x0000000086800000, 0x0000000086900000|  0%| F|  |TAMS 0x0000000086800000, 0x0000000086800000| Untracked 
|  15|0x0000000086900000, 0x0000000086900000, 0x0000000086a00000|  0%| F|  |TAMS 0x0000000086900000, 0x0000000086900000| Untracked 
|  16|0x0000000086a00000, 0x0000000086a00000, 0x0000000086b00000|  0%| F|  |TAMS 0x0000000086a00000, 0x0000000086a00000| Untracked 
|  17|0x0000000086b00000, 0x0000000086b00000, 0x0000000086c00000|  0%| F|  |TAMS 0x0000000086b00000, 0x0000000086b00000| Untracked 
|  18|0x0000000086c00000, 0x0000000086c00000, 0x0000000086d00000|  0%| F|  |TAMS 0x0000000086c00000, 0x0000000086c00000| Untracked 
|  19|0x0000000086d00000, 0x0000000086d00000, 0x0000000086e00000|  0%| F|  |TAMS 0x0000000086d00000, 0x0000000086d00000| Untracked 
|  20|0x0000000086e00000, 0x0000000086e00000, 0x0000000086f00000|  0%| F|  |TAMS 0x0000000086e00000, 0x0000000086e00000| Untracked 
|  21|0x0000000086f00000, 0x0000000086f00000, 0x0000000087000000|  0%| F|  |TAMS 0x0000000086f00000, 0x0000000086f00000| Untracked 
|  22|0x0000000087000000, 0x0000000087000000, 0x0000000087100000|  0%| F|  |TAMS 0x0000000087000000, 0x0000000087000000| Untracked 
|  23|0x0000000087100000, 0x0000000087100000, 0x0000000087200000|  0%| F|  |TAMS 0x0000000087100000, 0x0000000087100000| Untracked 
|  24|0x0000000087200000, 0x0000000087200000, 0x0000000087300000|  0%| F|  |TAMS 0x0000000087200000, 0x0000000087200000| Untracked 
|  25|0x0000000087300000, 0x0000000087300000, 0x0000000087400000|  0%| F|  |TAMS 0x0000000087300000, 0x0000000087300000| Untracked 
|  26|0x0000000087400000, 0x0000000087400000, 0x0000000087500000|  0%| F|  |TAMS 0x0000000087400000, 0x0000000087400000| Untracked 
|  27|0x0000000087500000, 0x0000000087500000, 0x0000000087600000|  0%| F|  |TAMS 0x0000000087500000, 0x0000000087500000| Untracked 
|  28|0x0000000087600000, 0x0000000087600000, 0x0000000087700000|  0%| F|  |TAMS 0x0000000087600000, 0x0000000087600000| Untracked 
|  29|0x0000000087700000, 0x0000000087700000, 0x0000000087800000|  0%| F|  |TAMS 0x0000000087700000, 0x0000000087700000| Untracked 
|  30|0x0000000087800000, 0x0000000087800000, 0x0000000087900000|  0%| F|  |TAMS 0x0000000087800000, 0x0000000087800000| Untracked 
|  31|0x0000000087900000, 0x0000000087900000, 0x0000000087a00000|  0%| F|  |TAMS 0x0000000087900000, 0x0000000087900000| Untracked 
|  32|0x0000000087a00000, 0x0000000087a00000, 0x0000000087b00000|  0%| F|  |TAMS 0x0000000087a00000, 0x0000000087a00000| Untracked 
|  33|0x0000000087b00000, 0x0000000087b00000, 0x0000000087c00000|  0%| F|  |TAMS 0x0000000087b00000, 0x0000000087b00000| Untracked 
|  34|0x0000000087c00000, 0x0000000087c00000, 0x0000000087d00000|  0%| F|  |TAMS 0x0000000087c00000, 0x0000000087c00000| Untracked 
|  35|0x0000000087d00000, 0x0000000087d00000, 0x0000000087e00000|  0%| F|  |TAMS 0x0000000087d00000, 0x0000000087d00000| Untracked 
|  36|0x0000000087e00000, 0x0000000087e00000, 0x0000000087f00000|  0%| F|  |TAMS 0x0000000087e00000, 0x0000000087e00000| Untracked 
|  37|0x0000000087f00000, 0x0000000087f00000, 0x0000000088000000|  0%| F|  |TAMS 0x0000000087f00000, 0x0000000087f00000| Untracked 
|  38|0x0000000088000000, 0x0000000088000000, 0x0000000088100000|  0%| F|  |TAMS 0x0000000088000000, 0x0000000088000000| Untracked 
|  39|0x0000000088100000, 0x0000000088100000, 0x0000000088200000|  0%| F|  |TAMS 0x0000000088100000, 0x0000000088100000| Untracked 
|  40|0x0000000088200000, 0x0000000088200000, 0x0000000088300000|  0%| F|  |TAMS 0x0000000088200000, 0x0000000088200000| Untracked 
|  41|0x0000000088300000, 0x0000000088300000, 0x0000000088400000|  0%| F|  |TAMS 0x0000000088300000, 0x0000000088300000| Untracked 
|  42|0x0000000088400000, 0x0000000088400000, 0x0000000088500000|  0%| F|  |TAMS 0x0000000088400000, 0x0000000088400000| Untracked 
|  43|0x0000000088500000, 0x0000000088500000, 0x0000000088600000|  0%| F|  |TAMS 0x0000000088500000, 0x0000000088500000| Untracked 
|  44|0x0000000088600000, 0x0000000088600000, 0x0000000088700000|  0%| F|  |TAMS 0x0000000088600000, 0x0000000088600000| Untracked 
|  45|0x0000000088700000, 0x0000000088700000, 0x0000000088800000|  0%| F|  |TAMS 0x0000000088700000, 0x0000000088700000| Untracked 
|  46|0x0000000088800000, 0x0000000088800000, 0x0000000088900000|  0%| F|  |TAMS 0x0000000088800000, 0x0000000088800000| Untracked 
|  47|0x0000000088900000, 0x0000000088900000, 0x0000000088a00000|  0%| F|  |TAMS 0x0000000088900000, 0x0000000088900000| Untracked 
|  48|0x0000000088a00000, 0x0000000088a00000, 0x0000000088b00000|  0%| F|  |TAMS 0x0000000088a00000, 0x0000000088a00000| Untracked 
|  49|0x0000000088b00000, 0x0000000088b00000, 0x0000000088c00000|  0%| F|  |TAMS 0x0000000088b00000, 0x0000000088b00000| Untracked 
|  50|0x0000000088c00000, 0x0000000088c00000, 0x0000000088d00000|  0%| F|  |TAMS 0x0000000088c00000, 0x0000000088c00000| Untracked 
|  51|0x0000000088d00000, 0x0000000088d00000, 0x0000000088e00000|  0%| F|  |TAMS 0x0000000088d00000, 0x0000000088d00000| Untracked 
|  52|0x0000000088e00000, 0x0000000088e00000, 0x0000000088f00000|  0%| F|  |TAMS 0x0000000088e00000, 0x0000000088e00000| Untracked 
|  53|0x0000000088f00000, 0x0000000088f00000, 0x0000000089000000|  0%| F|  |TAMS 0x0000000088f00000, 0x0000000088f00000| Untracked 
|  54|0x0000000089000000, 0x0000000089000000, 0x0000000089100000|  0%| F|  |TAMS 0x0000000089000000, 0x0000000089000000| Untracked 
|  55|0x0000000089100000, 0x0000000089100000, 0x0000000089200000|  0%| F|  |TAMS 0x0000000089100000, 0x0000000089100000| Untracked 
|  56|0x0000000089200000, 0x0000000089200000, 0x0000000089300000|  0%| F|  |TAMS 0x0000000089200000, 0x0000000089200000| Untracked 
|  57|0x0000000089300000, 0x0000000089300000, 0x0000000089400000|  0%| F|  |TAMS 0x0000000089300000, 0x0000000089300000| Untracked 
|  58|0x0000000089400000, 0x0000000089400000, 0x0000000089500000|  0%| F|  |TAMS 0x0000000089400000, 0x0000000089400000| Untracked 
|  59|0x0000000089500000, 0x0000000089500000, 0x0000000089600000|  0%| F|  |TAMS 0x0000000089500000, 0x0000000089500000| Untracked 
|  60|0x0000000089600000, 0x0000000089600000, 0x0000000089700000|  0%| F|  |TAMS 0x0000000089600000, 0x0000000089600000| Untracked 
|  61|0x0000000089700000, 0x0000000089700000, 0x0000000089800000|  0%| F|  |TAMS 0x0000000089700000, 0x0000000089700000| Untracked 
|  62|0x0000000089800000, 0x0000000089800000, 0x0000000089900000|  0%| F|  |TAMS 0x0000000089800000, 0x0000000089800000| Untracked 
|  63|0x0000000089900000, 0x0000000089900000, 0x0000000089a00000|  0%| F|  |TAMS 0x0000000089900000, 0x0000000089900000| Untracked 
|  64|0x0000000089a00000, 0x0000000089a00000, 0x0000000089b00000|  0%| F|  |TAMS 0x0000000089a00000, 0x0000000089a00000| Untracked 
|  65|0x0000000089b00000, 0x0000000089b00000, 0x0000000089c00000|  0%| F|  |TAMS 0x0000000089b00000, 0x0000000089b00000| Untracked 
|  66|0x0000000089c00000, 0x0000000089c00000, 0x0000000089d00000|  0%| F|  |TAMS 0x0000000089c00000, 0x0000000089c00000| Untracked 
|  67|0x0000000089d00000, 0x0000000089d00000, 0x0000000089e00000|  0%| F|  |TAMS 0x0000000089d00000, 0x0000000089d00000| Untracked 
|  68|0x0000000089e00000, 0x0000000089e00000, 0x0000000089f00000|  0%| F|  |TAMS 0x0000000089e00000, 0x0000000089e00000| Untracked 
|  69|0x0000000089f00000, 0x0000000089f00000, 0x000000008a000000|  0%| F|  |TAMS 0x0000000089f00000, 0x0000000089f00000| Untracked 
|  70|0x000000008a000000, 0x000000008a000000, 0x000000008a100000|  0%| F|  |TAMS 0x000000008a000000, 0x000000008a000000| Untracked 
|  71|0x000000008a100000, 0x000000008a100000, 0x000000008a200000|  0%| F|  |TAMS 0x000000008a100000, 0x000000008a100000| Untracked 
|  72|0x000000008a200000, 0x000000008a200000, 0x000000008a300000|  0%| F|  |TAMS 0x000000008a200000, 0x000000008a200000| Untracked 
|  73|0x000000008a300000, 0x000000008a300000, 0x000000008a400000|  0%| F|  |TAMS 0x000000008a300000, 0x000000008a300000| Untracked 
|  74|0x000000008a400000, 0x000000008a400000, 0x000000008a500000|  0%| F|  |TAMS 0x000000008a400000, 0x000000008a400000| Untracked 
|  75|0x000000008a500000, 0x000000008a500000, 0x000000008a600000|  0%| F|  |TAMS 0x000000008a500000, 0x000000008a500000| Untracked 
|  76|0x000000008a600000, 0x000000008a600000, 0x000000008a700000|  0%| F|  |TAMS 0x000000008a600000, 0x000000008a600000| Untracked 
|  77|0x000000008a700000, 0x000000008a700000, 0x000000008a800000|  0%| F|  |TAMS 0x000000008a700000, 0x000000008a700000| Untracked 
|  78|0x000000008a800000, 0x000000008a800000, 0x000000008a900000|  0%| F|  |TAMS 0x000000008a800000, 0x000000008a800000| Untracked 
|  79|0x000000008a900000, 0x000000008a900000, 0x000000008aa00000|  0%| F|  |TAMS 0x000000008a900000, 0x000000008a900000| Untracked 
|  80|0x000000008aa00000, 0x000000008aa00000, 0x000000008ab00000|  0%| F|  |TAMS 0x000000008aa00000, 0x000000008aa00000| Untracked 
|  81|0x000000008ab00000, 0x000000008ab00000, 0x000000008ac00000|  0%| F|  |TAMS 0x000000008ab00000, 0x000000008ab00000| Untracked 
|  82|0x000000008ac00000, 0x000000008ac00000, 0x000000008ad00000|  0%| F|  |TAMS 0x000000008ac00000, 0x000000008ac00000| Untracked 
|  83|0x000000008ad00000, 0x000000008ad00000, 0x000000008ae00000|  0%| F|  |TAMS 0x000000008ad00000, 0x000000008ad00000| Untracked 
|  84|0x000000008ae00000, 0x000000008ae00000, 0x000000008af00000|  0%| F|  |TAMS 0x000000008ae00000, 0x000000008ae00000| Untracked 
|  85|0x000000008af00000, 0x000000008af00000, 0x000000008b000000|  0%| F|  |TAMS 0x000000008af00000, 0x000000008af00000| Untracked 
|  86|0x000000008b000000, 0x000000008b000000, 0x000000008b100000|  0%| F|  |TAMS 0x000000008b000000, 0x000000008b000000| Untracked 
|  87|0x000000008b100000, 0x000000008b100000, 0x000000008b200000|  0%| F|  |TAMS 0x000000008b100000, 0x000000008b100000| Untracked 
|  88|0x000000008b200000, 0x000000008b200000, 0x000000008b300000|  0%| F|  |TAMS 0x000000008b200000, 0x000000008b200000| Untracked 
|  89|0x000000008b300000, 0x000000008b300000, 0x000000008b400000|  0%| F|  |TAMS 0x000000008b300000, 0x000000008b300000| Untracked 
|  90|0x000000008b400000, 0x000000008b400000, 0x000000008b500000|  0%| F|  |TAMS 0x000000008b400000, 0x000000008b400000| Untracked 
|  91|0x000000008b500000, 0x000000008b500000, 0x000000008b600000|  0%| F|  |TAMS 0x000000008b500000, 0x000000008b500000| Untracked 
|  92|0x000000008b600000, 0x000000008b600000, 0x000000008b700000|  0%| F|  |TAMS 0x000000008b600000, 0x000000008b600000| Untracked 
|  93|0x000000008b700000, 0x000000008b700000, 0x000000008b800000|  0%| F|  |TAMS 0x000000008b700000, 0x000000008b700000| Untracked 
|  94|0x000000008b800000, 0x000000008b800000, 0x000000008b900000|  0%| F|  |TAMS 0x000000008b800000, 0x000000008b800000| Untracked 
|  95|0x000000008b900000, 0x000000008b900000, 0x000000008ba00000|  0%| F|  |TAMS 0x000000008b900000, 0x000000008b900000| Untracked 
|  96|0x000000008ba00000, 0x000000008ba00000, 0x000000008bb00000|  0%| F|  |TAMS 0x000000008ba00000, 0x000000008ba00000| Untracked 
|  97|0x000000008bb00000, 0x000000008bb00000, 0x000000008bc00000|  0%| F|  |TAMS 0x000000008bb00000, 0x000000008bb00000| Untracked 
|  98|0x000000008bc00000, 0x000000008bc00000, 0x000000008bd00000|  0%| F|  |TAMS 0x000000008bc00000, 0x000000008bc00000| Untracked 
|  99|0x000000008bd00000, 0x000000008bd00000, 0x000000008be00000|  0%| F|  |TAMS 0x000000008bd00000, 0x000000008bd00000| Untracked 
| 100|0x000000008be00000, 0x000000008be00000, 0x000000008bf00000|  0%| F|  |TAMS 0x000000008be00000, 0x000000008be00000| Untracked 
| 101|0x000000008bf00000, 0x000000008bf00000, 0x000000008c000000|  0%| F|  |TAMS 0x000000008bf00000, 0x000000008bf00000| Untracked 
| 102|0x000000008c000000, 0x000000008c000000, 0x000000008c100000|  0%| F|  |TAMS 0x000000008c000000, 0x000000008c000000| Untracked 
| 103|0x000000008c100000, 0x000000008c100000, 0x000000008c200000|  0%| F|  |TAMS 0x000000008c100000, 0x000000008c100000| Untracked 
| 104|0x000000008c200000, 0x000000008c200000, 0x000000008c300000|  0%| F|  |TAMS 0x000000008c200000, 0x000000008c200000| Untracked 
| 105|0x000000008c300000, 0x000000008c300000, 0x000000008c400000|  0%| F|  |TAMS 0x000000008c300000, 0x000000008c300000| Untracked 
| 106|0x000000008c400000, 0x000000008c400000, 0x000000008c500000|  0%| F|  |TAMS 0x000000008c400000, 0x000000008c400000| Untracked 
| 107|0x000000008c500000, 0x000000008c500000, 0x000000008c600000|  0%| F|  |TAMS 0x000000008c500000, 0x000000008c500000| Untracked 
| 108|0x000000008c600000, 0x000000008c600000, 0x000000008c700000|  0%| F|  |TAMS 0x000000008c600000, 0x000000008c600000| Untracked 
| 109|0x000000008c700000, 0x000000008c7d2c08, 0x000000008c800000| 82%| S|CS|TAMS 0x000000008c700000, 0x000000008c700000| Complete 
| 110|0x000000008c800000, 0x000000008c800000, 0x000000008c900000|  0%| F|  |TAMS 0x000000008c800000, 0x000000008c800000| Untracked 
| 111|0x000000008c900000, 0x000000008c900000, 0x000000008ca00000|  0%| F|  |TAMS 0x000000008c900000, 0x000000008c900000| Untracked 
| 112|0x000000008ca00000, 0x000000008ca00000, 0x000000008cb00000|  0%| F|  |TAMS 0x000000008ca00000, 0x000000008ca00000| Untracked 
| 113|0x000000008cb00000, 0x000000008cb00000, 0x000000008cc00000|  0%| F|  |TAMS 0x000000008cb00000, 0x000000008cb00000| Untracked 
| 114|0x000000008cc00000, 0x000000008cc00000, 0x000000008cd00000|  0%| F|  |TAMS 0x000000008cc00000, 0x000000008cc00000| Untracked 
| 115|0x000000008cd00000, 0x000000008cd00000, 0x000000008ce00000|  0%| F|  |TAMS 0x000000008cd00000, 0x000000008cd00000| Untracked 
| 116|0x000000008ce00000, 0x000000008ce00000, 0x000000008cf00000|  0%| F|  |TAMS 0x000000008ce00000, 0x000000008ce00000| Untracked 
| 117|0x000000008cf00000, 0x000000008cf00000, 0x000000008d000000|  0%| F|  |TAMS 0x000000008cf00000, 0x000000008cf00000| Untracked 
| 118|0x000000008d000000, 0x000000008d000000, 0x000000008d100000|  0%| F|  |TAMS 0x000000008d000000, 0x000000008d000000| Untracked 
| 119|0x000000008d100000, 0x000000008d100800, 0x000000008d200000|  0%| E|  |TAMS 0x000000008d100000, 0x000000008d100000| Complete 
| 120|0x000000008d200000, 0x000000008d300000, 0x000000008d300000|100%| E|CS|TAMS 0x000000008d200000, 0x000000008d200000| Complete 
| 121|0x000000008d300000, 0x000000008d400000, 0x000000008d400000|100%| E|CS|TAMS 0x000000008d300000, 0x000000008d300000| Complete 
| 122|0x000000008d400000, 0x000000008d500000, 0x000000008d500000|100%| E|CS|TAMS 0x000000008d400000, 0x000000008d400000| Complete 
| 123|0x000000008d500000, 0x000000008d600000, 0x000000008d600000|100%| E|CS|TAMS 0x000000008d500000, 0x000000008d500000| Complete 
|1956|0x00000000ffe00000, 0x00000000ffe47000, 0x00000000fff00000| 27%|OA|  |TAMS 0x00000000ffe00000, 0x00000000ffe00000| Untracked 
|1957|0x00000000fff00000, 0x00000000fff6b000, 0x0000000100000000| 41%|CA|  |TAMS 0x00000000fff00000, 0x00000000fff00000| Untracked 

Card table byte_map: [0x00007f4ae446e000,0x00007f4ae4841000] _byte_map_base: 0x00007f4ae4041000

Marking Bits (Prev, Next): (CMBitMap*) 0x00007f4ae0056388, (CMBitMap*) 0x00007f4ae00563c0
 Prev Bits: [0x00007f4ac2168000, 0x00007f4ac4000000)
 Next Bits: [0x00007f4ac02d0000, 0x00007f4ac2168000)

Polling page: 0x00007f4ae6c9d000

Metaspace:

Usage:
  Non-class:      4.99 MB capacity,     1.70 MB ( 34%) used,     3.27 MB ( 66%) free+waste,    15.25 KB ( <1%) overhead. 
      Class:    554.00 KB capacity,   149.50 KB ( 27%) used,   396.12 KB ( 72%) free+waste,     8.38 KB (  2%) overhead. 
       Both:      5.53 MB capacity,     1.85 MB ( 33%) used,     3.66 MB ( 66%) free+waste,    23.62 KB ( <1%) overhead. 

Virtual space:
  Non-class space:        8.00 MB reserved,       5.00 MB ( 62%) committed 
      Class space:        1.00 GB reserved,     640.00 KB ( <1%) committed 
             Both:        1.01 GB reserved,       5.62 MB ( <1%) committed 

Chunk freelists:
   Non-Class:  0 bytes
       Class:  0 bytes
        Both:  0 bytes

MaxMetaspaceSize: unlimited
CompressedClassSpaceSize: 1.00 GB
Initial GC threshold: 20.80 MB
Current GC threshold: 20.80 MB
CDS: on

CodeHeap 'non-profiled nmethods': size=120032Kb used=145Kb max_used=145Kb free=119886Kb
 bounds [0x00007f4ad02e6000, 0x00007f4ad0556000, 0x00007f4ad781e000]
CodeHeap 'profiled nmethods': size=120032Kb used=716Kb max_used=716Kb free=119315Kb
 bounds [0x00007f4ac8dae000, 0x00007f4ac901e000, 0x00007f4ad02e6000]
CodeHeap 'non-nmethods': size=5696Kb used=1138Kb max_used=1153Kb free=4557Kb
 bounds [0x00007f4ac881e000, 0x00007f4ac8a8e000, 0x00007f4ac8dae000]
 total_blobs=855 nmethods=460 adapters=309
 compilation: enabled
              stopped_count=0, restarted_count=0
 full_count=0

Compilation events (20 events):
Event: 15.184 Thread 0x00007f4ae011c800  450       3       java.lang.String::toString (2 bytes)
Event: 15.184 Thread 0x00007f4ae011c800 nmethod 450 0x00007f4ac8e5c410 code [0x00007f4ac8e5c5c0, 0x00007f4ac8e5c6d0]
Event: 15.184 Thread 0x00007f4ae011c800  451       3       java.nio.Buffer::limit (65 bytes)
Event: 15.185 Thread 0x00007f4ae011c800 nmethod 451 0x00007f4ac8e5c790 code [0x00007f4ac8e5c960, 0x00007f4ac8e5cc20]
Event: 15.185 Thread 0x00007f4ae011c800  452       3       java.nio.ByteBuffer::array (35 bytes)
Event: 15.185 Thread 0x00007f4ae011c800 nmethod 452 0x00007f4ac8e5cd10 code [0x00007f4ac8e5cee0, 0x00007f4ac8e5d150]
Event: 15.197 Thread 0x00007f4ae011c800  454   !   3       java.lang.ref.ReferenceQueue::enqueue (119 bytes)
Event: 15.198 Thread 0x00007f4ae011c800 nmethod 454 0x00007f4ac8e5d290 code [0x00007f4ac8e5d480, 0x00007f4ac8e5dc60]
Event: 15.198 Thread 0x00007f4ae011c800  455       3       java.lang.String::valueOf (14 bytes)
Event: 15.198 Thread 0x00007f4ae011c800 nmethod 455 0x00007f4ac8e5de10 code [0x00007f4ac8e5dfe0, 0x00007f4ac8e5e1e0]
Event: 15.198 Thread 0x00007f4ae011c800  456       3       java.lang.invoke.DirectMethodHandle$Holder::invokeStatic (20 bytes)
Event: 15.198 Thread 0x00007f4ae011c800 nmethod 456 0x00007f4ac8e5e290 code [0x00007f4ac8e5e460, 0x00007f4ac8e5e9b0]
Event: 15.198 Thread 0x00007f4ae011c800  457       3       java.lang.StringConcatHelper::prepend (16 bytes)
Event: 15.198 Thread 0x00007f4ae011c800 nmethod 457 0x00007f4ac8e5eb10 code [0x00007f4ac8e5ece0, 0x00007f4ac8e5ef00]
Event: 15.198 Thread 0x00007f4ae011c800  458       3       java.nio.Buffer::<init> (99 bytes)
Event: 15.199 Thread 0x00007f4ae011c800 nmethod 458 0x00007f4ac8e5f090 code [0x00007f4ac8e5f380, 0x00007f4ac8e60110]
Event: 16.200 Thread 0x00007f4ae011c800  459  s    3       java.io.BufferedOutputStream::flush (12 bytes)
Event: 16.201 Thread 0x00007f4ae011c800 nmethod 459 0x00007f4ac8e60590 code [0x00007f4ac8e60760, 0x00007f4ac8e60c70]
Event: 16.201 Thread 0x00007f4ae011c800  460       3       java.io.OutputStream::flush (1 bytes)
Event: 16.201 Thread 0x00007f4ae011c800 nmethod 460 0x00007f4ac8e60d90 code [0x00007f4ac8e60f40, 0x00007f4ac8e61050]

GC Heap History (2 events):
Event: 15.186 GC heap before
{Heap before GC invocations=0 (full 0):
 garbage-first heap   total 129024K, used 15048K [0x0000000085a00000, 0x0000000100000000)
  region size 1024K, 14 young (14336K), 0 survivors (0K)
 Metaspace       used 1882K, capacity 5661K, committed 5760K, reserved 1056768K
  class space    used 149K, capacity 554K, committed 640K, reserved 1048576K
}
Event: 15.197 GC heap after
{Heap after GC invocations=1 (full 0):
 garbage-first heap   total 129024K, used 1555K [0x0000000085a00000, 0x0000000100000000)
  region size 1024K, 1 young (1024K), 1 survivors (1024K)
 Metaspace       used 1882K, capacity 5661K, committed 5760K, reserved 1056768K
  class space    used 149K, capacity 554K, committed 640K, reserved 1048576K
}

Deoptimization events (4 events):
Event: 0.123 Thread 0x00007f4ae0016000 Uncommon trap: trap_request=0xffffff4d fr.pc=0x00007f4ad02ed89c relative=0x000000000000007c
Event: 0.123 Thread 0x00007f4ae0016000 Uncommon trap: reason=unstable_if action=reinterpret pc=0x00007f4ad02ed89c method=java.lang.String.isLatin1()Z @ 10 c2
Event: 0.123 Thread 0x00007f4ae0016000 DEOPT PACKING pc=0x00007f4ad02ed89c sp=0x00007f4ae545a370
Event: 0.123 Thread 0x00007f4ae0016000 DEOPT UNPACKING pc=0x00007f4ac8867ea5 sp=0x00007f4ae545a2d0 mode 2

Classes redefined (0 events):
No events

Internal exceptions (1 events):
Event: 0.112 Thread 0x00007f4ae0016000 Exception <a 'java/lang/NoSuchMethodError'{0x000000008d4d3fe0}: 'int java.lang.invoke.DirectMethodHandle$Holder.invokeSpecialIFC(java.lang.Object, java.lang.Object, int)'> (0x000000008d4d3fe0) thrown at [src/hotspot/share/interpreter/linkResolver.cpp, line 772]

Events (20 events):
Event: 15.198 Thread 0x00007f4a78023000 Thread exited: 0x00007f4a78023000
Event: 15.198 Protecting memory [0x00007f4a857ac000,0x00007f4a857b0000] with protection modes 0
Event: 15.198 Thread 0x00007f4a78023000 Thread added: 0x00007f4a78023000
Event: 15.198 Executing VM operation: RevokeBias
Event: 15.198 Executing coalesced safepoint VM operation: RevokeBias
Event: 15.198 Executing coalesced safepoint VM operation: RevokeBias done
Event: 15.198 Executing VM operation: RevokeBias done
Event: 15.198 Thread 0x00007f4a78023000 Thread exited: 0x00007f4a78023000
Event: 16.199 Protecting memory [0x00007f4a857ac000,0x00007f4a857b0000] with protection modes 0
Event: 16.199 Thread 0x00007f4a78023000 Thread added: 0x00007f4a78023000
Event: 16.199 Thread 0x00007f4a78023000 Thread exited: 0x00007f4a78023000
Event: 16.199 Protecting memory [0x00007f4a857ac000,0x00007f4a857b0000] with protection modes 0
Event: 16.200 Thread 0x00007f4a78023000 Thread added: 0x00007f4a78023000
Event: 16.200 Thread 0x00007f4a78023000 Thread exited: 0x00007f4a78023000
Event: 20.199 Protecting memory [0x00007f4a857ac000,0x00007f4a857b0000] with protection modes 0
Event: 20.199 Thread 0x00007f4a78023000 Thread added: 0x00007f4a78023000
Event: 20.200 Thread 0x00007f4a78023000 Thread exited: 0x00007f4a78023000
Event: 20.200 Protecting memory [0x00007f4a857ac000,0x00007f4a857b0000] with protection modes 0
Event: 20.200 Thread 0x00007f4a78023000 Thread added: 0x00007f4a78023000
Event: 20.200 Thread 0x00007f4a78023000 Thread exited: 0x00007f4a78023000


Dynamic libraries:
85a00000-8d600000 rw-p 00000000 00:00 0 
8d600000-ffe00000 ---p 00000000 00:00 0 
ffe00000-ffe47000 rw-p 01119000 08:02 1441990                            /usr/lib/jvm/java-11-openjdk-amd64/lib/server/classes.jsa
ffe47000-fff00000 rw-p 00000000 00:00 0 
fff00000-fff6b000 rw-p 010ae000 08:02 1441990                            /usr/lib/jvm/java-11-openjdk-amd64/lib/server/classes.jsa
fff6b000-100000000 rw-p 00000000 00:00 0 
800000000-800002000 rwxp 00001000 08:02 1441990                          /usr/lib/jvm/java-11-openjdk-amd64/lib/server/classes.jsa
800002000-8003cb000 rw-p 00003000 08:02 1441990                          /usr/lib/jvm/java-11-openjdk-amd64/lib/server/classes.jsa
8003cb000-800a9a000 r--p 003cc000 08:02 1441990                          /usr/lib/jvm/java-11-openjdk-amd64/lib/server/classes.jsa
800a9a000-800a9b000 rw-p 00a9b000 08:02 1441990                          /usr/lib/jvm/java-11-openjdk-amd64/lib/server/classes.jsa
800a9b000-8010ad000 r--p 00a9c000 08:02 1441990                          /usr/lib/jvm/java-11-openjdk-amd64/lib/server/classes.jsa
840000000-8400a0000 rw-p 00000000 00:00 0 
8400a0000-880000000 ---p 00000000 00:00 0 
5646c22ea000-5646c22eb000 r--p 00000000 08:02 1445569                    /usr/lib/jvm/java-11-openjdk-amd64/bin/java
5646c22eb000-5646c22ec000 r-xp 00001000 08:02 1445569                    /usr/lib/jvm/java-11-openjdk-amd64/bin/java
5646c22ec000-5646c22ed000 r--p 00002000 08:02 1445569                    /usr/lib/jvm/java-11-openjdk-amd64/bin/java
5646c22ed000-5646c22ee000 r--p 00002000 08:02 1445569                    /usr/lib/jvm/java-11-openjdk-amd64/bin/java
5646c22ee000-5646c22ef000 rw-p 00003000 08:02 1445569                    /usr/lib/jvm/java-11-openjdk-amd64/bin/java
5646c27ea000-5646c280b000 rw-p 00000000 00:00 0                          [heap]
7f4a3c000000-7f4a3c021000 rw-p 00000000 00:00 0 
7f4a3c021000-7f4a40000000 ---p 00000000 00:00 0 
7f4a40000000-7f4a40021000 rw-p 00000000 00:00 0 
7f4a40021000-7f4a44000000 ---p 00000000 00:00 0 
7f4a44000000-7f4a44021000 rw-p 00000000 00:00 0 
7f4a44021000-7f4a48000000 ---p 00000000 00:00 0 
7f4a48000000-7f4a48021000 rw-p 00000000 00:00 0 
7f4a48021000-7f4a4c000000 ---p 00000000 00:00 0 
7f4a4c000000-7f4a4c021000 rw-p 00000000 00:00 0 
7f4a4c021000-7f4a50000000 ---p 00000000 00:00 0 
7f4a52ffe000-7f4a52fff000 ---p 00000000 00:00 0 
7f4a52fff000-7f4a537ff000 rw-p 00000000 00:00 0 
7f4a537ff000-7f4a53800000 ---p 00000000 00:00 0 
7f4a53800000-7f4a54000000 rw-p 00000000 00:00 0 
7f4a60000000-7f4a60021000 rw-p 00000000 00:00 0 
7f4a60021000-7f4a64000000 ---p 00000000 00:00 0 
7f4a70000000-7f4a70021000 rw-p 00000000 00:00 0 
7f4a70021000-7f4a74000000 ---p 00000000 00:00 0 
7f4a78000000-7f4a78074000 rw-p 00000000 00:00 0 
7f4a78074000-7f4a7c000000 ---p 00000000 00:00 0 
7f4a80000000-7f4a80021000 rw-p 00000000 00:00 0 
7f4a80021000-7f4a84000000 ---p 00000000 00:00 0 
7f4a844a2000-7f4a844a3000 ---p 00000000 00:00 0 
7f4a844a3000-7f4a845a4000 rw-p 00000000 00:00 0 
7f4a845a4000-7f4a845a5000 ---p 00000000 00:00 0 
7f4a845a5000-7f4a846a6000 rw-p 00000000 00:00 0 
7f4a846a6000-7f4a846a7000 ---p 00000000 00:00 0 
7f4a846a7000-7f4a847a8000 rw-p 00000000 00:00 0 
7f4a847a8000-7f4a847a9000 ---p 00000000 00:00 0 
7f4a847a9000-7f4a84fa9000 rw-p 00000000 00:00 0 
7f4a84fa9000-7f4a84faa000 ---p 00000000 00:00 0 
7f4a84faa000-7f4a857aa000 rw-p 00000000 00:00 0 
7f4a857aa000-7f4a857ab000 ---p 00000000 00:00 0 
7f4a857ab000-7f4a857ac000 rw-p 00000000 00:00 0 
7f4a857ac000-7f4a857b0000 ---p 00000000 00:00 0 
7f4a857b0000-7f4a85fab000 rw-p 00000000 00:00 0 
7f4a85fab000-7f4a85fac000 ---p 00000000 00:00 0 
7f4a85fac000-7f4a867ac000 rw-p 00000000 00:00 0 
7f4a867ac000-7f4a867cc000 r--p 00000000 08:02 1449217                    /usr/lib/x86_64-linux-gnu/libdb-5.3.so
7f4a867cc000-7f4a8690e000 r-xp 00020000 08:02 1449217                    /usr/lib/x86_64-linux-gnu/libdb-5.3.so
7f4a8690e000-7f4a86953000 r--p 00162000 08:02 1449217                    /usr/lib/x86_64-linux-gnu/libdb-5.3.so
7f4a86953000-7f4a8695a000 r--p 001a6000 08:02 1449217                    /usr/lib/x86_64-linux-gnu/libdb-5.3.so
7f4a8695a000-7f4a8695b000 rw-p 001ad000 08:02 1449217                    /usr/lib/x86_64-linux-gnu/libdb-5.3.so
7f4a8695b000-7f4a86961000 r--p 00000000 08:02 1442494                    /usr/lib/x86_64-linux-gnu/libjack.so.0.0.28
7f4a86961000-7f4a8696d000 r-xp 00006000 08:02 1442494                    /usr/lib/x86_64-linux-gnu/libjack.so.0.0.28
7f4a8696d000-7f4a86972000 r--p 00012000 08:02 1442494                    /usr/lib/x86_64-linux-gnu/libjack.so.0.0.28
7f4a86972000-7f4a86973000 r--p 00016000 08:02 1442494                    /usr/lib/x86_64-linux-gnu/libjack.so.0.0.28
7f4a86973000-7f4a86974000 rw-p 00017000 08:02 1442494                    /usr/lib/x86_64-linux-gnu/libjack.so.0.0.28
7f4a86974000-7f4a8697e000 rw-p 00000000 00:00 0 
7f4a8697e000-7f4a86ae9000 r-xp 00000000 08:02 1450125                    /usr/lib/x86_64-linux-gnu/libsamplerate.so.0.1.8
7f4a86ae9000-7f4a86ce8000 ---p 0016b000 08:02 1450125                    /usr/lib/x86_64-linux-gnu/libsamplerate.so.0.1.8
7f4a86ce8000-7f4a86ce9000 r--p 0016a000 08:02 1450125                    /usr/lib/x86_64-linux-gnu/libsamplerate.so.0.1.8
7f4a86ce9000-7f4a86cea000 rw-p 0016b000 08:02 1450125                    /usr/lib/x86_64-linux-gnu/libsamplerate.so.0.1.8
7f4a86cf0000-7f4a86cf2000 r--p 00000000 08:02 2097964                    /usr/lib/x86_64-linux-gnu/alsa-lib/libasound_module_ctl_pulse.so
7f4a86cf2000-7f4a86cf5000 r-xp 00002000 08:02 2097964                    /usr/lib/x86_64-linux-gnu/alsa-lib/libasound_module_ctl_pulse.so
7f4a86cf5000-7f4a86cf6000 r--p 00005000 08:02 2097964                    /usr/lib/x86_64-linux-gnu/alsa-lib/libasound_module_ctl_pulse.so
7f4a86cf6000-7f4a86cf7000 r--p 00005000 08:02 2097964                    /usr/lib/x86_64-linux-gnu/alsa-lib/libasound_module_ctl_pulse.so
7f4a86cf7000-7f4a86cf8000 rw-p 00006000 08:02 2097964                    /usr/lib/x86_64-linux-gnu/alsa-lib/libasound_module_ctl_pulse.so
7f4a86cf8000-7f4a86cf9000 r--p 00000000 08:02 2097970                    /usr/lib/x86_64-linux-gnu/alsa-lib/libasound_module_pcm_vdownmix.so
7f4a86cf9000-7f4a86cfa000 r-xp 00001000 08:02 2097970                    /usr/lib/x86_64-linux-gnu/alsa-lib/libasound_module_pcm_vdownmix.so
7f4a86cfa000-7f4a86cfb000 r--p 00002000 08:02 2097970                    /usr/lib/x86_64-linux-gnu/alsa-lib/libasound_module_pcm_vdownmix.so
7f4a86cfb000-7f4a86cfc000 r--p 00002000 08:02 2097970                    /usr/lib/x86_64-linux-gnu/alsa-lib/libasound_module_pcm_vdownmix.so
7f4a86cfc000-7f4a86cfd000 rw-p 00003000 08:02 2097970                    /usr/lib/x86_64-linux-gnu/alsa-lib/libasound_module_pcm_vdownmix.so
7f4a86cfd000-7f4a86cfe000 r--p 00000000 08:02 2097968                    /usr/lib/x86_64-linux-gnu/alsa-lib/libasound_module_pcm_upmix.so
7f4a86cfe000-7f4a86d00000 r-xp 00001000 08:02 2097968                    /usr/lib/x86_64-linux-gnu/alsa-lib/libasound_module_pcm_upmix.so
7f4a86d00000-7f4a86d01000 r--p 00003000 08:02 2097968                    /usr/lib/x86_64-linux-gnu/alsa-lib/libasound_module_pcm_upmix.so
7f4a86d01000-7f4a86d02000 r--p 00003000 08:02 2097968                    /usr/lib/x86_64-linux-gnu/alsa-lib/libasound_module_pcm_upmix.so
7f4a86d02000-7f4a86d03000 rw-p 00004000 08:02 2097968                    /usr/lib/x86_64-linux-gnu/alsa-lib/libasound_module_pcm_upmix.so
7f4a86d03000-7f4a86d04000 r--p 00000000 08:02 2097966                    /usr/lib/x86_64-linux-gnu/alsa-lib/libasound_module_pcm_oss.so
7f4a86d04000-7f4a86d06000 r-xp 00001000 08:02 2097966                    /usr/lib/x86_64-linux-gnu/alsa-lib/libasound_module_pcm_oss.so
7f4a86d06000-7f4a86d07000 r--p 00003000 08:02 2097966                    /usr/lib/x86_64-linux-gnu/alsa-lib/libasound_module_pcm_oss.so
7f4a86d07000-7f4a86d08000 r--p 00003000 08:02 2097966                    /usr/lib/x86_64-linux-gnu/alsa-lib/libasound_module_pcm_oss.so
7f4a86d08000-7f4a86d09000 rw-p 00004000 08:02 2097966                    /usr/lib/x86_64-linux-gnu/alsa-lib/libasound_module_pcm_oss.so
7f4a86d09000-7f4a86d0a000 ---p 00000000 00:00 0 
7f4a86d0a000-7f4a8750a000 rw-p 00000000 00:00 0 
7f4a8750a000-7f4a8750e000 r--p 00000000 08:02 1449497                    /usr/lib/x86_64-linux-gnu/libgpg-error.so.0.28.0
7f4a8750e000-7f4a87521000 r-xp 00004000 08:02 1449497                    /usr/lib/x86_64-linux-gnu/libgpg-error.so.0.28.0
7f4a87521000-7f4a8752b000 r--p 00017000 08:02 1449497                    /usr/lib/x86_64-linux-gnu/libgpg-error.so.0.28.0
7f4a8752b000-7f4a8752c000 r--p 00020000 08:02 1449497                    /usr/lib/x86_64-linux-gnu/libgpg-error.so.0.28.0
7f4a8752c000-7f4a8752d000 rw-p 00021000 08:02 1449497                    /usr/lib/x86_64-linux-gnu/libgpg-error.so.0.28.0
7f4a8752d000-7f4a87531000 r--p 00000000 08:02 1449109                    /usr/lib/x86_64-linux-gnu/libbsd.so.0.10.0
7f4a87531000-7f4a87540000 r-xp 00004000 08:02 1449109                    /usr/lib/x86_64-linux-gnu/libbsd.so.0.10.0
7f4a87540000-7f4a87543000 r--p 00013000 08:02 1449109                    /usr/lib/x86_64-linux-gnu/libbsd.so.0.10.0
7f4a87543000-7f4a87544000 ---p 00016000 08:02 1449109                    /usr/lib/x86_64-linux-gnu/libbsd.so.0.10.0
7f4a87544000-7f4a87545000 r--p 00016000 08:02 1449109                    /usr/lib/x86_64-linux-gnu/libbsd.so.0.10.0
7f4a87545000-7f4a87546000 rw-p 00017000 08:02 1449109                    /usr/lib/x86_64-linux-gnu/libbsd.so.0.10.0
7f4a87546000-7f4a87547000 rw-p 00000000 00:00 0 
7f4a87547000-7f4a8754b000 r--p 00000000 08:02 1445806                    /usr/lib/x86_64-linux-gnu/libresolv-2.31.so
7f4a8754b000-7f4a8755b000 r-xp 00004000 08:02 1445806                    /usr/lib/x86_64-linux-gnu/libresolv-2.31.so
7f4a8755b000-7f4a8755f000 r--p 00014000 08:02 1445806                    /usr/lib/x86_64-linux-gnu/libresolv-2.31.so
7f4a8755f000-7f4a87560000 r--p 00017000 08:02 1445806                    /usr/lib/x86_64-linux-gnu/libresolv-2.31.so
7f4a87560000-7f4a87561000 rw-p 00018000 08:02 1445806                    /usr/lib/x86_64-linux-gnu/libresolv-2.31.so
7f4a87561000-7f4a87563000 rw-p 00000000 00:00 0 
7f4a87563000-7f4a87577000 r--p 00000000 08:02 1450341                    /usr/lib/x86_64-linux-gnu/libvorbisenc.so.2.0.11
7f4a87577000-7f4a8757a000 r-xp 00014000 08:02 1450341                    /usr/lib/x86_64-linux-gnu/libvorbisenc.so.2.0.11
7f4a8757a000-7f4a875f1000 r--p 00017000 08:02 1450341                    /usr/lib/x86_64-linux-gnu/libvorbisenc.so.2.0.11
7f4a875f1000-7f4a8760d000 r--p 0008d000 08:02 1450341                    /usr/lib/x86_64-linux-gnu/libvorbisenc.so.2.0.11
7f4a8760d000-7f4a8760e000 rw-p 000a9000 08:02 1450341                    /usr/lib/x86_64-linux-gnu/libvorbisenc.so.2.0.11
7f4a8760e000-7f4a87611000 r--p 00000000 08:02 1450339                    /usr/lib/x86_64-linux-gnu/libvorbis.so.0.4.8
7f4a87611000-7f4a87628000 r-xp 00003000 08:02 1450339                    /usr/lib/x86_64-linux-gnu/libvorbis.so.0.4.8
7f4a87628000-7f4a87639000 r--p 0001a000 08:02 1450339                    /usr/lib/x86_64-linux-gnu/libvorbis.so.0.4.8
7f4a87639000-7f4a8763a000 ---p 0002b000 08:02 1450339                    /usr/lib/x86_64-linux-gnu/libvorbis.so.0.4.8
7f4a8763a000-7f4a8763b000 r--p 0002b000 08:02 1450339                    /usr/lib/x86_64-linux-gnu/libvorbis.so.0.4.8
7f4a8763b000-7f4a8763c000 rw-p 0002c000 08:02 1450339                    /usr/lib/x86_64-linux-gnu/libvorbis.so.0.4.8
7f4a8763c000-7f4a8763e000 r--p 00000000 08:02 1449917                    /usr/lib/x86_64-linux-gnu/libogg.so.0.8.4
7f4a8763e000-7f4a87643000 r-xp 00002000 08:02 1449917                    /usr/lib/x86_64-linux-gnu/libogg.so.0.8.4
7f4a87643000-7f4a87646000 r--p 00007000 08:02 1449917                    /usr/lib/x86_64-linux-gnu/libogg.so.0.8.4
7f4a87646000-7f4a87647000 ---p 0000a000 08:02 1449917                    /usr/lib/x86_64-linux-gnu/libogg.so.0.8.4
7f4a87647000-7f4a87648000 r--p 0000a000 08:02 1449917                    /usr/lib/x86_64-linux-gnu/libogg.so.0.8.4
7f4a87648000-7f4a87649000 rw-p 0000b000 08:02 1449917                    /usr/lib/x86_64-linux-gnu/libogg.so.0.8.4
7f4a87649000-7f4a87651000 r--p 00000000 08:02 1448904                    /usr/lib/x86_64-linux-gnu/libFLAC.so.8.3.0
7f4a87651000-7f4a8767a000 r-xp 00008000 08:02 1448904                    /usr/lib/x86_64-linux-gnu/libFLAC.so.8.3.0
7f4a8767a000-7f4a87684000 r--p 00031000 08:02 1448904                    /usr/lib/x86_64-linux-gnu/libFLAC.so.8.3.0
7f4a87684000-7f4a87685000 ---p 0003b000 08:02 1448904                    /usr/lib/x86_64-linux-gnu/libFLAC.so.8.3.0
7f4a87685000-7f4a87686000 r--p 0003b000 08:02 1448904                    /usr/lib/x86_64-linux-gnu/libFLAC.so.8.3.0
7f4a87686000-7f4a87687000 rw-p 0003c000 08:02 1448904                    /usr/lib/x86_64-linux-gnu/libFLAC.so.8.3.0
7f4a87687000-7f4a8768b000 r--p 00000000 08:02 1445797                    /usr/lib/x86_64-linux-gnu/libnsl-2.31.so
7f4a8768b000-7f4a8769b000 r-xp 00004000 08:02 1445797                    /usr/lib/x86_64-linux-gnu/libnsl-2.31.so
7f4a8769b000-7f4a876a0000 r--p 00014000 08:02 1445797                    /usr/lib/x86_64-linux-gnu/libnsl-2.31.so
7f4a876a0000-7f4a876a1000 r--p 00018000 08:02 1445797                    /usr/lib/x86_64-linux-gnu/libnsl-2.31.so
7f4a876a1000-7f4a876a2000 rw-p 00019000 08:02 1445797                    /usr/lib/x86_64-linux-gnu/libnsl-2.31.so
7f4a876a2000-7f4a876a4000 rw-p 00000000 00:00 0 
7f4a876a4000-7f4a876b0000 r--p 00000000 08:02 1447651                    /usr/lib/x86_64-linux-gnu/libgcrypt.so.20.2.5
7f4a876b0000-7f4a8777e000 r-xp 0000c000 08:02 1447651                    /usr/lib/x86_64-linux-gnu/libgcrypt.so.20.2.5
7f4a8777e000-7f4a877bb000 r--p 000da000 08:02 1447651                    /usr/lib/x86_64-linux-gnu/libgcrypt.so.20.2.5
7f4a877bb000-7f4a877bd000 r--p 00116000 08:02 1447651                    /usr/lib/x86_64-linux-gnu/libgcrypt.so.20.2.5
7f4a877bd000-7f4a877c2000 rw-p 00118000 08:02 1447651                    /usr/lib/x86_64-linux-gnu/libgcrypt.so.20.2.5
7f4a877c2000-7f4a877c4000 r--p 00000000 08:02 1449762                    /usr/lib/x86_64-linux-gnu/liblz4.so.1.9.2
7f4a877c4000-7f4a877de000 r-xp 00002000 08:02 1449762                    /usr/lib/x86_64-linux-gnu/liblz4.so.1.9.2
7f4a877de000-7f4a877e1000 r--p 0001c000 08:02 1449762                    /usr/lib/x86_64-linux-gnu/liblz4.so.1.9.2
7f4a877e1000-7f4a877e2000 r--p 0001e000 08:02 1449762                    /usr/lib/x86_64-linux-gnu/liblz4.so.1.9.2
7f4a877e2000-7f4a877e3000 rw-p 0001f000 08:02 1449762                    /usr/lib/x86_64-linux-gnu/liblz4.so.1.9.2
7f4a877e3000-7f4a877e6000 r--p 00000000 08:02 1443497                    /usr/lib/x86_64-linux-gnu/liblzma.so.5.2.4
7f4a877e6000-7f4a877fe000 r-xp 00003000 08:02 1443497                    /usr/lib/x86_64-linux-gnu/liblzma.so.5.2.4
7f4a877fe000-7f4a87809000 r--p 0001b000 08:02 1443497                    /usr/lib/x86_64-linux-gnu/liblzma.so.5.2.4
7f4a87809000-7f4a8780a000 ---p 00026000 08:02 1443497                    /usr/lib/x86_64-linux-gnu/liblzma.so.5.2.4
7f4a8780a000-7f4a8780b000 r--p 00026000 08:02 1443497                    /usr/lib/x86_64-linux-gnu/liblzma.so.5.2.4
7f4a8780b000-7f4a8780c000 rw-p 00027000 08:02 1443497                    /usr/lib/x86_64-linux-gnu/liblzma.so.5.2.4
7f4a8780c000-7f4a8780e000 r--p 00000000 08:02 1448951                    /usr/lib/x86_64-linux-gnu/libXdmcp.so.6.0.0
7f4a8780e000-7f4a87810000 r-xp 00002000 08:02 1448951                    /usr/lib/x86_64-linux-gnu/libXdmcp.so.6.0.0
7f4a87810000-7f4a87812000 r--p 00004000 08:02 1448951                    /usr/lib/x86_64-linux-gnu/libXdmcp.so.6.0.0
7f4a87812000-7f4a87813000 r--p 00005000 08:02 1448951                    /usr/lib/x86_64-linux-gnu/libXdmcp.so.6.0.0
7f4a87813000-7f4a87814000 rw-p 00006000 08:02 1448951                    /usr/lib/x86_64-linux-gnu/libXdmcp.so.6.0.0
7f4a87814000-7f4a87817000 r--p 00000000 08:02 1449007                    /usr/lib/x86_64-linux-gnu/libapparmor.so.1.6.1
7f4a87817000-7f4a87820000 r-xp 00003000 08:02 1449007                    /usr/lib/x86_64-linux-gnu/libapparmor.so.1.6.1
7f4a87820000-7f4a87827000 r--p 0000c000 08:02 1449007                    /usr/lib/x86_64-linux-gnu/libapparmor.so.1.6.1
7f4a87827000-7f4a87828000 r--p 00012000 08:02 1449007                    /usr/lib/x86_64-linux-gnu/libapparmor.so.1.6.1
7f4a87828000-7f4a87829000 rw-p 00013000 08:02 1449007                    /usr/lib/x86_64-linux-gnu/libapparmor.so.1.6.1
7f4a87829000-7f4a8782e000 r-xp 00000000 08:02 1449028                    /usr/lib/x86_64-linux-gnu/libasyncns.so.0.3.1
7f4a8782e000-7f4a87a2d000 ---p 00005000 08:02 1449028                    /usr/lib/x86_64-linux-gnu/libasyncns.so.0.3.1
7f4a87a2d000-7f4a87a2e000 r--p 00004000 08:02 1449028                    /usr/lib/x86_64-linux-gnu/libasyncns.so.0.3.1
7f4a87a2e000-7f4a87a2f000 rw-p 00005000 08:02 1449028                    /usr/lib/x86_64-linux-gnu/libasyncns.so.0.3.1
7f4a87a2f000-7f4a87a36000 r--p 00000000 08:02 1450170                    /usr/lib/x86_64-linux-gnu/libsndfile.so.1.0.28
7f4a87a36000-7f4a87a89000 r-xp 00007000 08:02 1450170                    /usr/lib/x86_64-linux-gnu/libsndfile.so.1.0.28
7f4a87a89000-7f4a87aa6000 r--p 0005a000 08:02 1450170                    /usr/lib/x86_64-linux-gnu/libsndfile.so.1.0.28
7f4a87aa6000-7f4a87aa7000 ---p 00077000 08:02 1450170                    /usr/lib/x86_64-linux-gnu/libsndfile.so.1.0.28
7f4a87aa7000-7f4a87aaa000 r--p 00077000 08:02 1450170                    /usr/lib/x86_64-linux-gnu/libsndfile.so.1.0.28
7f4a87aaa000-7f4a87aab000 rw-p 0007a000 08:02 1450170                    /usr/lib/x86_64-linux-gnu/libsndfile.so.1.0.28
7f4a87aab000-7f4a87aad000 rw-p 00000000 00:00 0 
7f4a87aad000-7f4a87abd000 r--p 00000000 08:02 1446018                    /usr/lib/x86_64-linux-gnu/libsystemd.so.0.28.0
7f4a87abd000-7f4a87b32000 r-xp 00010000 08:02 1446018                    /usr/lib/x86_64-linux-gnu/libsystemd.so.0.28.0
7f4a87b32000-7f4a87b57000 r--p 00085000 08:02 1446018                    /usr/lib/x86_64-linux-gnu/libsystemd.so.0.28.0
7f4a87b57000-7f4a87b5a000 r--p 000a9000 08:02 1446018                    /usr/lib/x86_64-linux-gnu/libsystemd.so.0.28.0
7f4a87b5a000-7f4a87b5b000 rw-p 000ac000 08:02 1446018                    /usr/lib/x86_64-linux-gnu/libsystemd.so.0.28.0
7f4a87b5b000-7f4a87b5c000 rw-p 00000000 00:00 0 
7f4a87b5c000-7f4a87b67000 r--p 00000000 08:02 1442000                    /usr/lib/x86_64-linux-gnu/libdbus-1.so.3.19.11
7f4a87b67000-7f4a87b95000 r-xp 0000b000 08:02 1442000                    /usr/lib/x86_64-linux-gnu/libdbus-1.so.3.19.11
7f4a87b95000-7f4a87baa000 r--p 00039000 08:02 1442000                    /usr/lib/x86_64-linux-gnu/libdbus-1.so.3.19.11
7f4a87baa000-7f4a87bab000 ---p 0004e000 08:02 1442000                    /usr/lib/x86_64-linux-gnu/libdbus-1.so.3.19.11
7f4a87bab000-7f4a87bac000 r--p 0004e000 08:02 1442000                    /usr/lib/x86_64-linux-gnu/libdbus-1.so.3.19.11
7f4a87bac000-7f4a87bad000 rw-p 0004f000 08:02 1442000                    /usr/lib/x86_64-linux-gnu/libdbus-1.so.3.19.11
7f4a87bad000-7f4a87bbe000 r--p 00000000 08:02 2097637                    /usr/lib/x86_64-linux-gnu/pulseaudio/libpulsecommon-13.99.so
7f4a87bbe000-7f4a87c06000 r-xp 00011000 08:02 2097637                    /usr/lib/x86_64-linux-gnu/pulseaudio/libpulsecommon-13.99.so
7f4a87c06000-7f4a87c2b000 r--p 00059000 08:02 2097637                    /usr/lib/x86_64-linux-gnu/pulseaudio/libpulsecommon-13.99.so
7f4a87c2b000-7f4a87c2c000 ---p 0007e000 08:02 2097637                    /usr/lib/x86_64-linux-gnu/pulseaudio/libpulsecommon-13.99.so
7f4a87c2c000-7f4a87c2e000 r--p 0007e000 08:02 2097637                    /usr/lib/x86_64-linux-gnu/pulseaudio/libpulsecommon-13.99.so
7f4a87c2e000-7f4a87c2f000 rw-p 00080000 08:02 2097637                    /usr/lib/x86_64-linux-gnu/pulseaudio/libpulsecommon-13.99.so
7f4a87c2f000-7f4a87c59000 r--p 00000000 08:02 1442673                    /usr/lib/x86_64-linux-gnu/libasound.so.2.0.0
7f4a87c59000-7f4a87ce8000 r-xp 0002a000 08:02 1442673                    /usr/lib/x86_64-linux-gnu/libasound.so.2.0.0
7f4a87ce8000-7f4a87d22000 r--p 000b9000 08:02 1442673                    /usr/lib/x86_64-linux-gnu/libasound.so.2.0.0
7f4a87d22000-7f4a87d29000 r--p 000f2000 08:02 1442673                    /usr/lib/x86_64-linux-gnu/libasound.so.2.0.0
7f4a87d29000-7f4a87d2a000 rw-p 000f9000 08:02 1442673                    /usr/lib/x86_64-linux-gnu/libasound.so.2.0.0
7f4a87d2a000-7f4a87da2000 r--p 00000000 08:02 1442965                    /usr/lib/x86_64-linux-gnu/libcrypto.so.1.1
7f4a87da2000-7f4a87f3d000 r-xp 00078000 08:02 1442965                    /usr/lib/x86_64-linux-gnu/libcrypto.so.1.1
7f4a87f3d000-7f4a87fce000 r--p 00213000 08:02 1442965                    /usr/lib/x86_64-linux-gnu/libcrypto.so.1.1
7f4a87fce000-7f4a87ffa000 r--p 002a3000 08:02 1442965                    /usr/lib/x86_64-linux-gnu/libcrypto.so.1.1
7f4a87ffa000-7f4a87ffc000 rw-p 002cf000 08:02 1442965                    /usr/lib/x86_64-linux-gnu/libcrypto.so.1.1
7f4a87ffc000-7f4a88000000 rw-p 00000000 00:00 0 
7f4a88000000-7f4a88021000 rw-p 00000000 00:00 0 
7f4a88021000-7f4a8c000000 ---p 00000000 00:00 0 
7f4a8c000000-7f4a8c021000 rw-p 00000000 00:00 0 
7f4a8c021000-7f4a90000000 ---p 00000000 00:00 0 
7f4a90000000-7f4a90235000 rw-p 00000000 00:00 0 
7f4a90235000-7f4a94000000 ---p 00000000 00:00 0 
7f4a94000000-7f4a941a9000 rw-p 00000000 00:00 0 
7f4a941a9000-7f4a98000000 ---p 00000000 00:00 0 
7f4a98000000-7f4a98021000 rw-p 00000000 00:00 0 
7f4a98021000-7f4a9c000000 ---p 00000000 00:00 0 
7f4a9c000000-7f4a9c021000 rw-p 00000000 00:00 0 
7f4a9c021000-7f4aa0000000 ---p 00000000 00:00 0 
7f4aa0000000-7f4aa0021000 rw-p 00000000 00:00 0 
7f4aa0021000-7f4aa4000000 ---p 00000000 00:00 0 
7f4aa4000000-7f4aa4021000 rw-p 00000000 00:00 0 
7f4aa4021000-7f4aa8000000 ---p 00000000 00:00 0 
7f4aa8000000-7f4aa8021000 rw-p 00000000 00:00 0 
7f4aa8021000-7f4aac000000 ---p 00000000 00:00 0 
7f4aac000000-7f4aac021000 rw-p 00000000 00:00 0 
7f4aac021000-7f4ab0000000 ---p 00000000 00:00 0 
7f4ab0000000-7f4ab0021000 rw-p 00000000 00:00 0 
7f4ab0021000-7f4ab4000000 ---p 00000000 00:00 0 
7f4ab4000000-7f4ab4021000 rw-p 00000000 00:00 0 
7f4ab4021000-7f4ab8000000 ---p 00000000 00:00 0 
7f4ab8001000-7f4ab8002000 r--p 00000000 08:02 1448940                    /usr/lib/x86_64-linux-gnu/libXau.so.6.0.0
7f4ab8002000-7f4ab8004000 r-xp 00001000 08:02 1448940                    /usr/lib/x86_64-linux-gnu/libXau.so.6.0.0
7f4ab8004000-7f4ab8005000 r--p 00003000 08:02 1448940                    /usr/lib/x86_64-linux-gnu/libXau.so.6.0.0
7f4ab8005000-7f4ab8006000 r--p 00003000 08:02 1448940                    /usr/lib/x86_64-linux-gnu/libXau.so.6.0.0
7f4ab8006000-7f4ab8007000 rw-p 00004000 08:02 1448940                    /usr/lib/x86_64-linux-gnu/libXau.so.6.0.0
7f4ab8007000-7f4ab800a000 r--p 00000000 08:02 1450402                    /usr/lib/x86_64-linux-gnu/libwrap.so.0.7.6
7f4ab800a000-7f4ab800f000 r-xp 00003000 08:02 1450402                    /usr/lib/x86_64-linux-gnu/libwrap.so.0.7.6
7f4ab800f000-7f4ab8011000 r--p 00008000 08:02 1450402                    /usr/lib/x86_64-linux-gnu/libwrap.so.0.7.6
7f4ab8011000-7f4ab8012000 r--p 00009000 08:02 1450402                    /usr/lib/x86_64-linux-gnu/libwrap.so.0.7.6
7f4ab8012000-7f4ab8013000 rw-p 0000a000 08:02 1450402                    /usr/lib/x86_64-linux-gnu/libwrap.so.0.7.6
7f4ab8013000-7f4ab801e000 r--p 00000000 08:02 1450442                    /usr/lib/x86_64-linux-gnu/libxcb.so.1.1.0
7f4ab801e000-7f4ab8032000 r-xp 0000b000 08:02 1450442                    /usr/lib/x86_64-linux-gnu/libxcb.so.1.1.0
7f4ab8032000-7f4ab803b000 r--p 0001f000 08:02 1450442                    /usr/lib/x86_64-linux-gnu/libxcb.so.1.1.0
7f4ab803b000-7f4ab803c000 r--p 00027000 08:02 1450442                    /usr/lib/x86_64-linux-gnu/libxcb.so.1.1.0
7f4ab803c000-7f4ab803d000 rw-p 00028000 08:02 1450442                    /usr/lib/x86_64-linux-gnu/libxcb.so.1.1.0
7f4ab803d000-7f4ab8049000 r--p 00000000 08:02 1442666                    /usr/lib/x86_64-linux-gnu/libpulse.so.0.21.2
7f4ab8049000-7f4ab8079000 r-xp 0000c000 08:02 1442666                    /usr/lib/x86_64-linux-gnu/libpulse.so.0.21.2
7f4ab8079000-7f4ab808f000 r--p 0003c000 08:02 1442666                    /usr/lib/x86_64-linux-gnu/libpulse.so.0.21.2
7f4ab808f000-7f4ab8091000 r--p 00051000 08:02 1442666                    /usr/lib/x86_64-linux-gnu/libpulse.so.0.21.2
7f4ab8091000-7f4ab8092000 rw-p 00053000 08:02 1442666                    /usr/lib/x86_64-linux-gnu/libpulse.so.0.21.2
7f4ab8092000-7f4ab80cf000 rw-p 00000000 00:00 0 
7f4ab80cf000-7f4ab80d1000 r--p 00000000 08:02 2234013                    /usr/local/lib/libilbccodec.so.2
7f4ab80d1000-7f4ab80db000 r-xp 00002000 08:02 2234013                    /usr/local/lib/libilbccodec.so.2
7f4ab80db000-7f4ab80dd000 r--p 0000c000 08:02 2234013                    /usr/local/lib/libilbccodec.so.2
7f4ab80dd000-7f4ab80de000 r--p 0000d000 08:02 2234013                    /usr/local/lib/libilbccodec.so.2
7f4ab80de000-7f4ab80e0000 rw-p 0000e000 08:02 2234013                    /usr/local/lib/libilbccodec.so.2
7f4ab80e0000-7f4ab80e1000 r--p 00000000 08:02 2234009                    /usr/local/lib/libgsmcodec.so.2
7f4ab80e1000-7f4ab80e9000 r-xp 00001000 08:02 2234009                    /usr/local/lib/libgsmcodec.so.2
7f4ab80e9000-7f4ab80ea000 r--p 00009000 08:02 2234009                    /usr/local/lib/libgsmcodec.so.2
7f4ab80ea000-7f4ab80eb000 r--p 00009000 08:02 2234009                    /usr/local/lib/libgsmcodec.so.2
7f4ab80eb000-7f4ab80ec000 rw-p 0000a000 08:02 2234009                    /usr/local/lib/libgsmcodec.so.2
7f4ab80ec000-7f4ab80ee000 r--p 00000000 08:02 1442187                    /usr/lib/x86_64-linux-gnu/libuuid.so.1.3.0
7f4ab80ee000-7f4ab80f2000 r-xp 00002000 08:02 1442187                    /usr/lib/x86_64-linux-gnu/libuuid.so.1.3.0
7f4ab80f2000-7f4ab80f3000 r--p 00006000 08:02 1442187                    /usr/lib/x86_64-linux-gnu/libuuid.so.1.3.0
7f4ab80f3000-7f4ab80f4000 r--p 00006000 08:02 1442187                    /usr/lib/x86_64-linux-gnu/libuuid.so.1.3.0
7f4ab80f4000-7f4ab80f5000 rw-p 00007000 08:02 1442187                    /usr/lib/x86_64-linux-gnu/libuuid.so.1.3.0
7f4ab80f5000-7f4ab8111000 r--p 00000000 08:02 1444741                    /usr/lib/x86_64-linux-gnu/libssl.so.1.1
7f4ab8111000-7f4ab8160000 r-xp 0001c000 08:02 1444741                    /usr/lib/x86_64-linux-gnu/libssl.so.1.1
7f4ab8160000-7f4ab817a000 r--p 0006b000 08:02 1444741                    /usr/lib/x86_64-linux-gnu/libssl.so.1.1
7f4ab817a000-7f4ab817b000 ---p 00085000 08:02 1444741                    /usr/lib/x86_64-linux-gnu/libssl.so.1.1
7f4ab817b000-7f4ab8184000 r--p 00085000 08:02 1444741                    /usr/lib/x86_64-linux-gnu/libssl.so.1.1
7f4ab8184000-7f4ab8188000 rw-p 0008e000 08:02 1444741                    /usr/lib/x86_64-linux-gnu/libssl.so.1.1
7f4ab8188000-7f4ab818e000 r--p 00000000 08:02 2234019                    /usr/local/lib/libwebrtc.so.2
7f4ab818e000-7f4ab81a7000 r-xp 00006000 08:02 2234019                    /usr/local/lib/libwebrtc.so.2
7f4ab81a7000-7f4ab81af000 r--p 0001f000 08:02 2234019                    /usr/local/lib/libwebrtc.so.2
7f4ab81af000-7f4ab81b0000 r--p 00026000 08:02 2234019                    /usr/local/lib/libwebrtc.so.2
7f4ab81b0000-7f4ab81b1000 rw-p 00027000 08:02 2234019                    /usr/local/lib/libwebrtc.so.2
7f4ab81b1000-7f4ab81b7000 r--p 00000000 08:02 2234011                    /usr/local/lib/libspeex.so.2
7f4ab81b7000-7f4ab81d5000 r-xp 00006000 08:02 2234011                    /usr/local/lib/libspeex.so.2
7f4ab81d5000-7f4ab81dd000 r--p 00024000 08:02 2234011                    /usr/local/lib/libspeex.so.2
7f4ab81dd000-7f4ab81de000 ---p 0002c000 08:02 2234011                    /usr/local/lib/libspeex.so.2
7f4ab81de000-7f4ab81df000 r--p 0002c000 08:02 2234011                    /usr/local/lib/libspeex.so.2
7f4ab81df000-7f4ab81e0000 rw-p 0002d000 08:02 2234011                    /usr/local/lib/libspeex.so.2
7f4ab81e0000-7f4ab81e5000 r--p 00000000 08:02 2234005                    /usr/local/lib/libsrtp.so.2
7f4ab81e5000-7f4ab81f0000 r-xp 00005000 08:02 2234005                    /usr/local/lib/libsrtp.so.2
7f4ab81f0000-7f4ab81f4000 r--p 00010000 08:02 2234005                    /usr/local/lib/libsrtp.so.2
7f4ab81f4000-7f4ab81f5000 r--p 00013000 08:02 2234005                    /usr/local/lib/libsrtp.so.2
7f4ab81f5000-7f4ab81f6000 rw-p 00014000 08:02 2234005                    /usr/local/lib/libsrtp.so.2
7f4ab81f6000-7f4ab81fe000 r--p 00000000 08:02 2234039                    /usr/local/lib/libpjnath.so.2
7f4ab81fe000-7f4ab821c000 r-xp 00008000 08:02 2234039                    /usr/local/lib/libpjnath.so.2
7f4ab821c000-7f4ab8228000 r--p 00026000 08:02 2234039                    /usr/local/lib/libpjnath.so.2
7f4ab8228000-7f4ab8229000 r--p 00031000 08:02 2234039                    /usr/local/lib/libpjnath.so.2
7f4ab8229000-7f4ab822b000 rw-p 00032000 08:02 2234039                    /usr/local/lib/libpjnath.so.2
7f4ab822b000-7f4ab8231000 r--p 00000000 08:02 2234025                    /usr/local/lib/libpjsip-ua.so.2
7f4ab8231000-7f4ab8243000 r-xp 00006000 08:02 2234025                    /usr/local/lib/libpjsip-ua.so.2
7f4ab8243000-7f4ab8249000 r--p 00018000 08:02 2234025                    /usr/local/lib/libpjsip-ua.so.2
7f4ab8249000-7f4ab824a000 r--p 0001d000 08:02 2234025                    /usr/local/lib/libpjsip-ua.so.2
7f4ab824a000-7f4ab824b000 rw-p 0001e000 08:02 2234025                    /usr/local/lib/libpjsip-ua.so.2
7f4ab824b000-7f4ab8257000 r--p 00000000 08:02 2234043                    /usr/local/lib/libpj.so.2
7f4ab8257000-7f4ab8275000 r-xp 0000c000 08:02 2234043                    /usr/local/lib/libpj.so.2
7f4ab8275000-7f4ab8280000 r--p 0002a000 08:02 2234043                    /usr/local/lib/libpj.so.2
7f4ab8280000-7f4ab8281000 ---p 00035000 08:02 2234043                    /usr/local/lib/libpj.so.2
7f4ab8281000-7f4ab8282000 r--p 00035000 08:02 2234043                    /usr/local/lib/libpj.so.2
7f4ab8282000-7f4ab8283000 rw-p 00036000 08:02 2234043                    /usr/local/lib/libpj.so.2
7f4ab8283000-7f4ab8285000 rw-p 00000000 00:00 0 
7f4ab8285000-7f4ab8293000 r--p 00000000 08:02 2234035                    /usr/local/lib/libpjmedia.so.2
7f4ab8293000-7f4ab82cb000 r-xp 0000e000 08:02 2234035                    /usr/local/lib/libpjmedia.so.2
7f4ab82cb000-7f4ab82e8000 r--p 00046000 08:02 2234035                    /usr/local/lib/libpjmedia.so.2
7f4ab82e8000-7f4ab82e9000 ---p 00063000 08:02 2234035                    /usr/local/lib/libpjmedia.so.2
7f4ab82e9000-7f4ab82ea000 r--p 00063000 08:02 2234035                    /usr/local/lib/libpjmedia.so.2
7f4ab82ea000-7f4ab82ec000 rw-p 00064000 08:02 2234035                    /usr/local/lib/libpjmedia.so.2
7f4ab82ec000-7f4ab82ed000 rw-p 00000000 00:00 0 
7f4ab82ed000-7f4ab82fb000 r--p 00000000 08:02 2234029                    /usr/local/lib/libpjsip.so.2
7f4ab82fb000-7f4ab832b000 r-xp 0000e000 08:02 2234029                    /usr/local/lib/libpjsip.so.2
7f4ab832b000-7f4ab833c000 r--p 0003e000 08:02 2234029                    /usr/local/lib/libpjsip.so.2
7f4ab833c000-7f4ab833e000 r--p 0004e000 08:02 2234029                    /usr/local/lib/libpjsip.so.2
7f4ab833e000-7f4ab8340000 rw-p 00050000 08:02 2234029                    /usr/local/lib/libpjsip.so.2
7f4ab8340000-7f4ab8345000 rw-p 00000000 00:00 0 
7f4ab8345000-7f4ab8353000 r--p 00000000 08:02 2234023                    /usr/local/lib/libpjsua.so.2
7f4ab8353000-7f4ab8388000 r-xp 0000e000 08:02 2234023                    /usr/local/lib/libpjsua.so.2
7f4ab8388000-7f4ab8395000 r--p 00043000 08:02 2234023                    /usr/local/lib/libpjsua.so.2
7f4ab8395000-7f4ab8396000 r--p 0004f000 08:02 2234023                    /usr/local/lib/libpjsua.so.2
7f4ab8396000-7f4ab8398000 rw-p 00050000 08:02 2234023                    /usr/local/lib/libpjsua.so.2
7f4ab8398000-7f4ab847a000 rw-p 00000000 00:00 0 
7f4ab847a000-7f4ab8496000 r--p 00000000 08:02 2234021                    /usr/local/lib/libpjsua2.so.2
7f4ab8496000-7f4ab84ea000 r-xp 0001c000 08:02 2234021                    /usr/local/lib/libpjsua2.so.2
7f4ab84ea000-7f4ab84ff000 r--p 00070000 08:02 2234021                    /usr/local/lib/libpjsua2.so.2
7f4ab84ff000-7f4ab8501000 r--p 00084000 08:02 2234021                    /usr/local/lib/libpjsua2.so.2
7f4ab8501000-7f4ab8503000 rw-p 00086000 08:02 2234021                    /usr/local/lib/libpjsua2.so.2
7f4ab8503000-7f4ab8552000 r--p 00000000 08:02 1444779                    /usr/lib/libpjsua2.so
7f4ab8552000-7f4ab85de000 r-xp 0004f000 08:02 1444779                    /usr/lib/libpjsua2.so
7f4ab85de000-7f4ab8614000 r--p 000db000 08:02 1444779                    /usr/lib/libpjsua2.so
7f4ab8614000-7f4ab8615000 ---p 00111000 08:02 1444779                    /usr/lib/libpjsua2.so
7f4ab8615000-7f4ab8616000 r--p 00111000 08:02 1444779                    /usr/lib/libpjsua2.so
7f4ab8616000-7f4ab8618000 rw-p 00112000 08:02 1444779                    /usr/lib/libpjsua2.so
7f4ab8618000-7f4ab8781000 r-xp 00000000 08:02 1444772                    /usr/lib/libopenh264.so
7f4ab8781000-7f4ab8981000 ---p 00169000 08:02 1444772                    /usr/lib/libopenh264.so
7f4ab8981000-7f4ab8984000 r--p 00169000 08:02 1444772                    /usr/lib/libopenh264.so
7f4ab8984000-7f4ab8986000 rw-p 0016c000 08:02 1444772                    /usr/lib/libopenh264.so
7f4ab8986000-7f4ab898a000 ---p 00000000 00:00 0 
7f4ab898a000-7f4ab8a87000 rw-p 00000000 00:00 0 
7f4ab8a87000-7f4ab8a88000 ---p 00000000 00:00 0 
7f4ab8a88000-7f4ab8b89000 rw-p 00000000 00:00 0 
7f4ab8b89000-7f4ab8b8d000 ---p 00000000 00:00 0 
7f4ab8b8d000-7f4ab8c8a000 rw-p 00000000 00:00 0 
7f4ab8c8a000-7f4ab8c8e000 ---p 00000000 00:00 0 
7f4ab8c8e000-7f4ab8d8b000 rw-p 00000000 00:00 0 
7f4ab8d8b000-7f4ab8d8f000 ---p 00000000 00:00 0 
7f4ab8d8f000-7f4ab8e8c000 rw-p 00000000 00:00 0 
7f4ab8e8c000-7f4ab8e90000 ---p 00000000 00:00 0 
7f4ab8e90000-7f4ab8f8d000 rw-p 00000000 00:00 0 
7f4ab8f8d000-7f4ab8f91000 ---p 00000000 00:00 0 
7f4ab8f91000-7f4ab908e000 rw-p 00000000 00:00 0 
7f4ab908e000-7f4ab95fe000 r--p 00000000 08:02 1444832                    /usr/lib/locale/locale-archive
7f4ab95fe000-7f4ab9602000 ---p 00000000 00:00 0 
7f4ab9602000-7f4ab96ff000 rw-p 00000000 00:00 0 
7f4ab96ff000-7f4ab9703000 ---p 00000000 00:00 0 
7f4ab9703000-7f4ab9d00000 rw-p 00000000 00:00 0 
7f4ab9d00000-7f4aba000000 ---p 00000000 00:00 0 
7f4aba000000-7f4abc000000 rw-p 00000000 00:00 0 
7f4abc000000-7f4abc021000 rw-p 00000000 00:00 0 
7f4abc021000-7f4ac0000000 ---p 00000000 00:00 0 
7f4ac0000000-7f4ac0001000 r--p 00000000 08:02 2234007                    /usr/local/lib/libresample.so.2
7f4ac0001000-7f4ac0002000 r-xp 00001000 08:02 2234007                    /usr/local/lib/libresample.so.2
7f4ac0002000-7f4ac000d000 r--p 00002000 08:02 2234007                    /usr/local/lib/libresample.so.2
7f4ac000d000-7f4ac000e000 r--p 0000c000 08:02 2234007                    /usr/local/lib/libresample.so.2
7f4ac000e000-7f4ac000f000 rw-p 0000d000 08:02 2234007                    /usr/local/lib/libresample.so.2
7f4ac000f000-7f4ac0012000 r--p 00000000 08:02 2234031                    /usr/local/lib/libpjmedia-codec.so.2
7f4ac0012000-7f4ac001a000 r-xp 00003000 08:02 2234031                    /usr/local/lib/libpjmedia-codec.so.2
7f4ac001a000-7f4ac001d000 r--p 0000b000 08:02 2234031                    /usr/local/lib/libpjmedia-codec.so.2
7f4ac001d000-7f4ac001e000 r--p 0000d000 08:02 2234031                    /usr/local/lib/libpjmedia-codec.so.2
7f4ac001e000-7f4ac001f000 rw-p 0000e000 08:02 2234031                    /usr/local/lib/libpjmedia-codec.so.2
7f4ac001f000-7f4ac0026000 r--p 00000000 08:02 2234041                    /usr/local/lib/libpjlib-util.so.2
7f4ac0026000-7f4ac0040000 r-xp 00007000 08:02 2234041                    /usr/local/lib/libpjlib-util.so.2
7f4ac0040000-7f4ac0048000 r--p 00021000 08:02 2234041                    /usr/local/lib/libpjlib-util.so.2
7f4ac0048000-7f4ac0049000 r--p 00028000 08:02 2234041                    /usr/local/lib/libpjlib-util.so.2
7f4ac0049000-7f4ac004a000 rw-p 00029000 08:02 2234041                    /usr/local/lib/libpjlib-util.so.2
7f4ac004a000-7f4ac0050000 r--p 00000000 08:02 2234027                    /usr/local/lib/libpjsip-simple.so.2
7f4ac0050000-7f4ac005b000 r-xp 00006000 08:02 2234027                    /usr/local/lib/libpjsip-simple.so.2
7f4ac005b000-7f4ac005f000 r--p 00011000 08:02 2234027                    /usr/local/lib/libpjsip-simple.so.2
7f4ac005f000-7f4ac0060000 ---p 00015000 08:02 2234027                    /usr/local/lib/libpjsip-simple.so.2
7f4ac0060000-7f4ac0061000 r--p 00015000 08:02 2234027                    /usr/local/lib/libpjsip-simple.so.2
7f4ac0061000-7f4ac0062000 rw-p 00016000 08:02 2234027                    /usr/local/lib/libpjsip-simple.so.2
7f4ac0063000-7f4ac0065000 r--p 00000000 08:02 2097965                    /usr/lib/x86_64-linux-gnu/alsa-lib/libasound_module_pcm_jack.so
7f4ac0065000-7f4ac0067000 r-xp 00002000 08:02 2097965                    /usr/lib/x86_64-linux-gnu/alsa-lib/libasound_module_pcm_jack.so
7f4ac0067000-7f4ac0068000 r--p 00004000 08:02 2097965                    /usr/lib/x86_64-linux-gnu/alsa-lib/libasound_module_pcm_jack.so
7f4ac0068000-7f4ac0069000 r--p 00004000 08:02 2097965                    /usr/lib/x86_64-linux-gnu/alsa-lib/libasound_module_pcm_jack.so
7f4ac0069000-7f4ac006a000 rw-p 00005000 08:02 2097965                    /usr/lib/x86_64-linux-gnu/alsa-lib/libasound_module_pcm_jack.so
7f4ac006a000-7f4ac006b000 r--p 00000000 08:02 2097976                    /usr/lib/x86_64-linux-gnu/alsa-lib/libasound_module_rate_speexrate.so
7f4ac006b000-7f4ac006e000 r-xp 00001000 08:02 2097976                    /usr/lib/x86_64-linux-gnu/alsa-lib/libasound_module_rate_speexrate.so
7f4ac006e000-7f4ac006f000 r--p 00004000 08:02 2097976                    /usr/lib/x86_64-linux-gnu/alsa-lib/libasound_module_rate_speexrate.so
7f4ac006f000-7f4ac0070000 r--p 00004000 08:02 2097976                    /usr/lib/x86_64-linux-gnu/alsa-lib/libasound_module_rate_speexrate.so
7f4ac0070000-7f4ac0071000 rw-p 00005000 08:02 2097976                    /usr/lib/x86_64-linux-gnu/alsa-lib/libasound_module_rate_speexrate.so
7f4ac0071000-7f4ac0073000 r--p 00000000 08:02 2097967                    /usr/lib/x86_64-linux-gnu/alsa-lib/libasound_module_pcm_pulse.so
7f4ac0073000-7f4ac0076000 r-xp 00002000 08:02 2097967                    /usr/lib/x86_64-linux-gnu/alsa-lib/libasound_module_pcm_pulse.so
7f4ac0076000-7f4ac0077000 r--p 00005000 08:02 2097967                    /usr/lib/x86_64-linux-gnu/alsa-lib/libasound_module_pcm_pulse.so
7f4ac0077000-7f4ac0078000 ---p 00006000 08:02 2097967                    /usr/lib/x86_64-linux-gnu/alsa-lib/libasound_module_pcm_pulse.so
7f4ac0078000-7f4ac0079000 r--p 00006000 08:02 2097967                    /usr/lib/x86_64-linux-gnu/alsa-lib/libasound_module_pcm_pulse.so
7f4ac0079000-7f4ac007a000 rw-p 00007000 08:02 2097967                    /usr/lib/x86_64-linux-gnu/alsa-lib/libasound_module_pcm_pulse.so
7f4ac007a000-7f4ac0081000 r--s 00000000 08:02 2102563                    /usr/lib/x86_64-linux-gnu/gconv/gconv-modules.cache
7f4ac0081000-7f4ac00b2000 rw-p 00000000 00:00 0 
7f4ac00b2000-7f4ac00b6000 r--p 00000000 08:02 1447901                    /usr/lib/jvm/java-11-openjdk-amd64/lib/libnet.so
7f4ac00b6000-7f4ac00c4000 r-xp 00004000 08:02 1447901                    /usr/lib/jvm/java-11-openjdk-amd64/lib/libnet.so
7f4ac00c4000-7f4ac00c8000 r--p 00012000 08:02 1447901                    /usr/lib/jvm/java-11-openjdk-amd64/lib/libnet.so
7f4ac00c8000-7f4ac00c9000 r--p 00015000 08:02 1447901                    /usr/lib/jvm/java-11-openjdk-amd64/lib/libnet.so
7f4ac00c9000-7f4ac00ca000 rw-p 00016000 08:02 1447901                    /usr/lib/jvm/java-11-openjdk-amd64/lib/libnet.so
7f4ac00ca000-7f4ac00cb000 ---p 00000000 00:00 0 
7f4ac00cb000-7f4ac04c0000 rw-p 00000000 00:00 0 
7f4ac04c0000-7f4ac2160000 ---p 00000000 00:00 0 
7f4ac2160000-7f4ac2358000 rw-p 00000000 00:00 0 
7f4ac2358000-7f4ac3ff8000 ---p 00000000 00:00 0 
7f4ac3ff8000-7f4ac4000000 rw-p 00000000 00:00 0 
7f4ac4000000-7f4ac4021000 rw-p 00000000 00:00 0 
7f4ac4021000-7f4ac8000000 ---p 00000000 00:00 0 
7f4ac8003000-7f4ac8004000 r--p 00000000 08:02 2097971                    /usr/lib/x86_64-linux-gnu/alsa-lib/libasound_module_rate_samplerate.so
7f4ac8004000-7f4ac8005000 r-xp 00001000 08:02 2097971                    /usr/lib/x86_64-linux-gnu/alsa-lib/libasound_module_rate_samplerate.so
7f4ac8005000-7f4ac8006000 r--p 00002000 08:02 2097971                    /usr/lib/x86_64-linux-gnu/alsa-lib/libasound_module_rate_samplerate.so
7f4ac8006000-7f4ac8007000 r--p 00002000 08:02 2097971                    /usr/lib/x86_64-linux-gnu/alsa-lib/libasound_module_rate_samplerate.so
7f4ac8007000-7f4ac8008000 rw-p 00003000 08:02 2097971                    /usr/lib/x86_64-linux-gnu/alsa-lib/libasound_module_rate_samplerate.so
7f4ac8008000-7f4ac800a000 r--p 00000000 08:02 2234037                    /usr/local/lib/libpjmedia-audiodev.so.2
7f4ac800a000-7f4ac800e000 r-xp 00002000 08:02 2234037                    /usr/local/lib/libpjmedia-audiodev.so.2
7f4ac800e000-7f4ac800f000 r--p 00006000 08:02 2234037                    /usr/local/lib/libpjmedia-audiodev.so.2
7f4ac800f000-7f4ac8010000 ---p 00007000 08:02 2234037                    /usr/local/lib/libpjmedia-audiodev.so.2
7f4ac8010000-7f4ac8011000 r--p 00007000 08:02 2234037                    /usr/local/lib/libpjmedia-audiodev.so.2
7f4ac8011000-7f4ac8012000 rw-p 00008000 08:02 2234037                    /usr/local/lib/libpjmedia-audiodev.so.2
7f4ac8012000-7f4ac8013000 ---p 00000000 00:00 0 
7f4ac8013000-7f4ac8114000 rw-p 00000000 00:00 0 
7f4ac8114000-7f4ac8115000 ---p 00000000 00:00 0 
7f4ac8115000-7f4ac861a000 rw-p 00000000 00:00 0 
7f4ac861a000-7f4ac861b000 ---p 00000000 00:00 0 
7f4ac861b000-7f4ac871c000 rw-p 00000000 00:00 0 
7f4ac871c000-7f4ac871d000 ---p 00000000 00:00 0 
7f4ac871d000-7f4ac881e000 rw-p 00000000 00:00 0 
7f4ac881e000-7f4ac8a8e000 rwxp 00000000 00:00 0 
7f4ac8a8e000-7f4ac8dae000 ---p 00000000 00:00 0 
7f4ac8dae000-7f4ac901e000 rwxp 00000000 00:00 0 
7f4ac901e000-7f4ad02e6000 ---p 00000000 00:00 0 
7f4ad02e6000-7f4ad0556000 rwxp 00000000 00:00 0 
7f4ad0556000-7f4ad781e000 ---p 00000000 00:00 0 
7f4ad781e000-7f4ae0000000 r--s 00000000 08:02 1447911                    /usr/lib/jvm/java-11-openjdk-amd64/lib/modules
7f4ae0000000-7f4ae031a000 rw-p 00000000 00:00 0 
7f4ae031a000-7f4ae4000000 ---p 00000000 00:00 0 
7f4ae4003000-7f4ae400a000 r--p 00000000 08:02 1447902                    /usr/lib/jvm/java-11-openjdk-amd64/lib/libnio.so
7f4ae400a000-7f4ae4012000 r-xp 00007000 08:02 1447902                    /usr/lib/jvm/java-11-openjdk-amd64/lib/libnio.so
7f4ae4012000-7f4ae4015000 r--p 0000f000 08:02 1447902                    /usr/lib/jvm/java-11-openjdk-amd64/lib/libnio.so
7f4ae4015000-7f4ae4016000 r--p 00011000 08:02 1447902                    /usr/lib/jvm/java-11-openjdk-amd64/lib/libnio.so
7f4ae4016000-7f4ae4017000 rw-p 00012000 08:02 1447902                    /usr/lib/jvm/java-11-openjdk-amd64/lib/libnio.so
7f4ae4017000-7f4ae40d9000 rw-p 00000000 00:00 0 
7f4ae40d9000-7f4ae446d000 ---p 00000000 00:00 0 
7f4ae446d000-7f4ae44ac000 rw-p 00000000 00:00 0 
7f4ae44ac000-7f4ae4840000 ---p 00000000 00:00 0 
7f4ae4840000-7f4ae487f000 rw-p 00000000 00:00 0 
7f4ae487f000-7f4ae4c13000 ---p 00000000 00:00 0 
7f4ae4c13000-7f4ae5018000 rw-p 00000000 00:00 0 
7f4ae5018000-7f4ae5019000 ---p 00000000 00:00 0 
7f4ae5019000-7f4ae511f000 rw-p 00000000 00:00 0 
7f4ae511f000-7f4ae5205000 ---p 00000000 00:00 0 
7f4ae5205000-7f4ae520a000 rw-p 00000000 00:00 0 
7f4ae520a000-7f4ae52f0000 ---p 00000000 00:00 0 
7f4ae52f0000-7f4ae52f3000 r--p 00000000 08:02 1445800                    /usr/lib/x86_64-linux-gnu/libnss_files-2.31.so
7f4ae52f3000-7f4ae52fa000 r-xp 00003000 08:02 1445800                    /usr/lib/x86_64-linux-gnu/libnss_files-2.31.so
7f4ae52fa000-7f4ae52fc000 r--p 0000a000 08:02 1445800                    /usr/lib/x86_64-linux-gnu/libnss_files-2.31.so
7f4ae52fc000-7f4ae52fd000 r--p 0000b000 08:02 1445800                    /usr/lib/x86_64-linux-gnu/libnss_files-2.31.so
7f4ae52fd000-7f4ae52fe000 rw-p 0000c000 08:02 1445800                    /usr/lib/x86_64-linux-gnu/libnss_files-2.31.so
7f4ae52fe000-7f4ae5309000 rw-p 00000000 00:00 0 
7f4ae5309000-7f4ae5310000 ---p 00000000 00:00 0 
7f4ae5310000-7f4ae5312000 r--p 00000000 08:02 1447910                    /usr/lib/jvm/java-11-openjdk-amd64/lib/libzip.so
7f4ae5312000-7f4ae5317000 r-xp 00002000 08:02 1447910                    /usr/lib/jvm/java-11-openjdk-amd64/lib/libzip.so
7f4ae5317000-7f4ae5319000 r--p 00007000 08:02 1447910                    /usr/lib/jvm/java-11-openjdk-amd64/lib/libzip.so
7f4ae5319000-7f4ae531a000 r--p 00008000 08:02 1447910                    /usr/lib/jvm/java-11-openjdk-amd64/lib/libzip.so
7f4ae531a000-7f4ae531b000 rw-p 00009000 08:02 1447910                    /usr/lib/jvm/java-11-openjdk-amd64/lib/libzip.so
7f4ae531b000-7f4ae5323000 rw-s 00000000 08:02 8913083                    /tmp/hsperfdata_user/10831
7f4ae5323000-7f4ae5331000 r--p 00000000 08:02 1447890                    /usr/lib/jvm/java-11-openjdk-amd64/lib/libjava.so
7f4ae5331000-7f4ae5347000 r-xp 0000e000 08:02 1447890                    /usr/lib/jvm/java-11-openjdk-amd64/lib/libjava.so
7f4ae5347000-7f4ae534e000 r--p 00024000 08:02 1447890                    /usr/lib/jvm/java-11-openjdk-amd64/lib/libjava.so
7f4ae534e000-7f4ae534f000 r--p 0002a000 08:02 1447890                    /usr/lib/jvm/java-11-openjdk-amd64/lib/libjava.so
7f4ae534f000-7f4ae5350000 rw-p 0002b000 08:02 1447890                    /usr/lib/jvm/java-11-openjdk-amd64/lib/libjava.so
7f4ae5350000-7f4ae5351000 rw-p 00000000 00:00 0 
7f4ae5351000-7f4ae5353000 r--p 00000000 08:02 1445807                    /usr/lib/x86_64-linux-gnu/librt-2.31.so
7f4ae5353000-7f4ae5357000 r-xp 00002000 08:02 1445807                    /usr/lib/x86_64-linux-gnu/librt-2.31.so
7f4ae5357000-7f4ae5359000 r--p 00006000 08:02 1445807                    /usr/lib/x86_64-linux-gnu/librt-2.31.so
7f4ae5359000-7f4ae535a000 r--p 00007000 08:02 1445807                    /usr/lib/x86_64-linux-gnu/librt-2.31.so
7f4ae535a000-7f4ae535b000 rw-p 00008000 08:02 1445807                    /usr/lib/x86_64-linux-gnu/librt-2.31.so
7f4ae535b000-7f4ae535f000 ---p 00000000 00:00 0 
7f4ae535f000-7f4ae545c000 rw-p 00000000 00:00 0 
7f4ae545c000-7f4ae545f000 r--p 00000000 08:02 1449406                    /usr/lib/x86_64-linux-gnu/libgcc_s.so.1
7f4ae545f000-7f4ae5471000 r-xp 00003000 08:02 1449406                    /usr/lib/x86_64-linux-gnu/libgcc_s.so.1
7f4ae5471000-7f4ae5475000 r--p 00015000 08:02 1449406                    /usr/lib/x86_64-linux-gnu/libgcc_s.so.1
7f4ae5475000-7f4ae5476000 r--p 00018000 08:02 1449406                    /usr/lib/x86_64-linux-gnu/libgcc_s.so.1
7f4ae5476000-7f4ae5477000 rw-p 00019000 08:02 1449406                    /usr/lib/x86_64-linux-gnu/libgcc_s.so.1
7f4ae5477000-7f4ae5484000 r--p 00000000 08:02 1445794                    /usr/lib/x86_64-linux-gnu/libm-2.31.so
7f4ae5484000-7f4ae552b000 r-xp 0000d000 08:02 1445794                    /usr/lib/x86_64-linux-gnu/libm-2.31.so
7f4ae552b000-7f4ae55c4000 r--p 000b4000 08:02 1445794                    /usr/lib/x86_64-linux-gnu/libm-2.31.so
7f4ae55c4000-7f4ae55c5000 r--p 0014c000 08:02 1445794                    /usr/lib/x86_64-linux-gnu/libm-2.31.so
7f4ae55c5000-7f4ae55c6000 rw-p 0014d000 08:02 1445794                    /usr/lib/x86_64-linux-gnu/libm-2.31.so
7f4ae55c6000-7f4ae565c000 r--p 00000000 08:02 1450209                    /usr/lib/x86_64-linux-gnu/libstdc++.so.6.0.28
7f4ae565c000-7f4ae574d000 r-xp 00096000 08:02 1450209                    /usr/lib/x86_64-linux-gnu/libstdc++.so.6.0.28
7f4ae574d000-7f4ae5796000 r--p 00187000 08:02 1450209                    /usr/lib/x86_64-linux-gnu/libstdc++.so.6.0.28
7f4ae5796000-7f4ae5797000 ---p 001d0000 08:02 1450209                    /usr/lib/x86_64-linux-gnu/libstdc++.so.6.0.28
7f4ae5797000-7f4ae57a2000 r--p 001d0000 08:02 1450209                    /usr/lib/x86_64-linux-gnu/libstdc++.so.6.0.28
7f4ae57a2000-7f4ae57a5000 rw-p 001db000 08:02 1450209                    /usr/lib/x86_64-linux-gnu/libstdc++.so.6.0.28
7f4ae57a5000-7f4ae57a8000 rw-p 00000000 00:00 0 
7f4ae57a8000-7f4ae5a2a000 r--p 00000000 08:02 1447914                    /usr/lib/jvm/java-11-openjdk-amd64/lib/server/libjvm.so
7f4ae5a2a000-7f4ae66b0000 r-xp 00282000 08:02 1447914                    /usr/lib/jvm/java-11-openjdk-amd64/lib/server/libjvm.so
7f4ae66b0000-7f4ae690c000 r--p 00f08000 08:02 1447914                    /usr/lib/jvm/java-11-openjdk-amd64/lib/server/libjvm.so
7f4ae690c000-7f4ae69d0000 r--p 01163000 08:02 1447914                    /usr/lib/jvm/java-11-openjdk-amd64/lib/server/libjvm.so
7f4ae69d0000-7f4ae6a0b000 rw-p 01227000 08:02 1447914                    /usr/lib/jvm/java-11-openjdk-amd64/lib/server/libjvm.so
7f4ae6a0b000-7f4ae6a64000 rw-p 00000000 00:00 0 
7f4ae6a64000-7f4ae6a6a000 r--p 00000000 08:02 1445805                    /usr/lib/x86_64-linux-gnu/libpthread-2.31.so
7f4ae6a6a000-7f4ae6a7b000 r-xp 00006000 08:02 1445805                    /usr/lib/x86_64-linux-gnu/libpthread-2.31.so
7f4ae6a7b000-7f4ae6a81000 r--p 00017000 08:02 1445805                    /usr/lib/x86_64-linux-gnu/libpthread-2.31.so
7f4ae6a81000-7f4ae6a82000 r--p 0001c000 08:02 1445805                    /usr/lib/x86_64-linux-gnu/libpthread-2.31.so
7f4ae6a82000-7f4ae6a83000 rw-p 0001d000 08:02 1445805                    /usr/lib/x86_64-linux-gnu/libpthread-2.31.so
7f4ae6a83000-7f4ae6a87000 rw-p 00000000 00:00 0 
7f4ae6a87000-7f4ae6a88000 r--p 00000000 08:02 1445793                    /usr/lib/x86_64-linux-gnu/libdl-2.31.so
7f4ae6a88000-7f4ae6a8a000 r-xp 00001000 08:02 1445793                    /usr/lib/x86_64-linux-gnu/libdl-2.31.so
7f4ae6a8a000-7f4ae6a8b000 r--p 00003000 08:02 1445793                    /usr/lib/x86_64-linux-gnu/libdl-2.31.so
7f4ae6a8b000-7f4ae6a8c000 r--p 00003000 08:02 1445793                    /usr/lib/x86_64-linux-gnu/libdl-2.31.so
7f4ae6a8c000-7f4ae6a8d000 rw-p 00004000 08:02 1445793                    /usr/lib/x86_64-linux-gnu/libdl-2.31.so
7f4ae6a8d000-7f4ae6a8f000 r--p 00000000 08:02 1445493                    /usr/lib/x86_64-linux-gnu/libz.so.1.2.11
7f4ae6a8f000-7f4ae6aa0000 r-xp 00002000 08:02 1445493                    /usr/lib/x86_64-linux-gnu/libz.so.1.2.11
7f4ae6aa0000-7f4ae6aa6000 r--p 00013000 08:02 1445493                    /usr/lib/x86_64-linux-gnu/libz.so.1.2.11
7f4ae6aa6000-7f4ae6aa7000 ---p 00019000 08:02 1445493                    /usr/lib/x86_64-linux-gnu/libz.so.1.2.11
7f4ae6aa7000-7f4ae6aa8000 r--p 00019000 08:02 1445493                    /usr/lib/x86_64-linux-gnu/libz.so.1.2.11
7f4ae6aa8000-7f4ae6aa9000 rw-p 0001a000 08:02 1445493                    /usr/lib/x86_64-linux-gnu/libz.so.1.2.11
7f4ae6aa9000-7f4ae6acb000 r--p 00000000 08:02 1445792                    /usr/lib/x86_64-linux-gnu/libc-2.31.so
7f4ae6acb000-7f4ae6c43000 r-xp 00022000 08:02 1445792                    /usr/lib/x86_64-linux-gnu/libc-2.31.so
7f4ae6c43000-7f4ae6c91000 r--p 0019a000 08:02 1445792                    /usr/lib/x86_64-linux-gnu/libc-2.31.so
7f4ae6c91000-7f4ae6c95000 r--p 001e7000 08:02 1445792                    /usr/lib/x86_64-linux-gnu/libc-2.31.so
7f4ae6c95000-7f4ae6c97000 rw-p 001eb000 08:02 1445792                    /usr/lib/x86_64-linux-gnu/libc-2.31.so
7f4ae6c97000-7f4ae6c9b000 rw-p 00000000 00:00 0 
7f4ae6c9b000-7f4ae6c9d000 r--s 0000c000 08:02 2235382                    /usr/share/java/java-atk-wrapper.jar
7f4ae6c9d000-7f4ae6c9e000 ---p 00000000 00:00 0 
7f4ae6c9e000-7f4ae6c9f000 r--p 00000000 00:00 0 
7f4ae6c9f000-7f4ae6ca1000 r--p 00000000 08:02 1447893                    /usr/lib/jvm/java-11-openjdk-amd64/lib/libjimage.so
7f4ae6ca1000-7f4ae6ca4000 r-xp 00002000 08:02 1447893                    /usr/lib/jvm/java-11-openjdk-amd64/lib/libjimage.so
7f4ae6ca4000-7f4ae6ca5000 r--p 00005000 08:02 1447893                    /usr/lib/jvm/java-11-openjdk-amd64/lib/libjimage.so
7f4ae6ca5000-7f4ae6ca6000 ---p 00006000 08:02 1447893                    /usr/lib/jvm/java-11-openjdk-amd64/lib/libjimage.so
7f4ae6ca6000-7f4ae6ca7000 r--p 00006000 08:02 1447893                    /usr/lib/jvm/java-11-openjdk-amd64/lib/libjimage.so
7f4ae6ca7000-7f4ae6ca8000 rw-p 00007000 08:02 1447893                    /usr/lib/jvm/java-11-openjdk-amd64/lib/libjimage.so
7f4ae6ca8000-7f4ae6cad000 r--p 00000000 08:02 1447909                    /usr/lib/jvm/java-11-openjdk-amd64/lib/libverify.so
7f4ae6cad000-7f4ae6cb4000 r-xp 00005000 08:02 1447909                    /usr/lib/jvm/java-11-openjdk-amd64/lib/libverify.so
7f4ae6cb4000-7f4ae6cb6000 r--p 0000c000 08:02 1447909                    /usr/lib/jvm/java-11-openjdk-amd64/lib/libverify.so
7f4ae6cb6000-7f4ae6cb7000 ---p 0000e000 08:02 1447909                    /usr/lib/jvm/java-11-openjdk-amd64/lib/libverify.so
7f4ae6cb7000-7f4ae6cb9000 r--p 0000e000 08:02 1447909                    /usr/lib/jvm/java-11-openjdk-amd64/lib/libverify.so
7f4ae6cb9000-7f4ae6cba000 rw-p 00010000 08:02 1447909                    /usr/lib/jvm/java-11-openjdk-amd64/lib/libverify.so
7f4ae6cba000-7f4ae6cbd000 r--p 00000000 08:02 1447875                    /usr/lib/jvm/java-11-openjdk-amd64/lib/jli/libjli.so
7f4ae6cbd000-7f4ae6cc7000 r-xp 00003000 08:02 1447875                    /usr/lib/jvm/java-11-openjdk-amd64/lib/jli/libjli.so
7f4ae6cc7000-7f4ae6cca000 r--p 0000d000 08:02 1447875                    /usr/lib/jvm/java-11-openjdk-amd64/lib/jli/libjli.so
7f4ae6cca000-7f4ae6ccb000 ---p 00010000 08:02 1447875                    /usr/lib/jvm/java-11-openjdk-amd64/lib/jli/libjli.so
7f4ae6ccb000-7f4ae6ccc000 r--p 00010000 08:02 1447875                    /usr/lib/jvm/java-11-openjdk-amd64/lib/jli/libjli.so
7f4ae6ccc000-7f4ae6ccd000 rw-p 00011000 08:02 1447875                    /usr/lib/jvm/java-11-openjdk-amd64/lib/jli/libjli.so
7f4ae6ccd000-7f4ae6ccf000 rw-p 00000000 00:00 0 
7f4ae6ccf000-7f4ae6cd0000 r--p 00000000 08:02 1445788                    /usr/lib/x86_64-linux-gnu/ld-2.31.so
7f4ae6cd0000-7f4ae6cf3000 r-xp 00001000 08:02 1445788                    /usr/lib/x86_64-linux-gnu/ld-2.31.so
7f4ae6cf3000-7f4ae6cfb000 r--p 00024000 08:02 1445788                    /usr/lib/x86_64-linux-gnu/ld-2.31.so
7f4ae6cfc000-7f4ae6cfd000 r--p 0002c000 08:02 1445788                    /usr/lib/x86_64-linux-gnu/ld-2.31.so
7f4ae6cfd000-7f4ae6cfe000 rw-p 0002d000 08:02 1445788                    /usr/lib/x86_64-linux-gnu/ld-2.31.so
7f4ae6cfe000-7f4ae6cff000 rw-p 00000000 00:00 0 
7fffe7fb3000-7fffe7fd4000 rw-p 00000000 00:00 0                          [stack]
7fffe7ff4000-7fffe7ff8000 r--p 00000000 00:00 0                          [vvar]
7fffe7ff8000-7fffe7ffa000 r-xp 00000000 00:00 0                          [vdso]
ffffffffff600000-ffffffffff601000 --xp 00000000 00:00 0                  [vsyscall]


VM Arguments:
java_command: com.zilogic.mypjsip.MyApp
java_class_path (initial): /home/user/NetBeansProjects/mypjsip/target/classes:/home/user/.m2/repository/pjsip/pjsip/1.0/pjsip-1.0.jar
Launcher Type: SUN_STANDARD

[Global flags]
     intx CICompilerCount                          = 3                                         {product} {ergonomic}
     uint ConcGCThreads                            = 1                                         {product} {ergonomic}
     uint G1ConcRefinementThreads                  = 4                                         {product} {ergonomic}
   size_t G1HeapRegionSize                         = 1048576                                   {product} {ergonomic}
    uintx GCDrainStackTargetSize                   = 64                                        {product} {ergonomic}
   size_t InitialHeapSize                          = 130023424                                 {product} {ergonomic}
   size_t MarkStackSize                            = 4194304                                   {product} {ergonomic}
   size_t MaxHeapSize                              = 2053111808                                {product} {ergonomic}
   size_t MaxNewSize                               = 1231028224                                {product} {ergonomic}
   size_t MinHeapDeltaBytes                        = 1048576                                   {product} {ergonomic}
    uintx NonNMethodCodeHeapSize                   = 5830732                                {pd product} {ergonomic}
    uintx NonProfiledCodeHeapSize                  = 122913754                              {pd product} {ergonomic}
    uintx ProfiledCodeHeapSize                     = 122913754                              {pd product} {ergonomic}
    uintx ReservedCodeCacheSize                    = 251658240                              {pd product} {ergonomic}
     bool SegmentedCodeCache                       = true                                      {product} {ergonomic}
     bool UseCompressedClassPointers               = true                                 {lp64_product} {ergonomic}
     bool UseCompressedOops                        = true                                 {lp64_product} {ergonomic}
     bool UseG1GC                                  = true                                      {product} {ergonomic}

Logging:
Log output configuration:
 #0: stdout all=warning uptime,level,tags
 #1: stderr all=off uptime,level,tags

Environment Variables:
JAVA_HOME=/usr/lib/jvm/java-11-openjdk-amd64
PATH=/home/user/.local/bin:/usr/local/sbin:/usr/local/bin:/usr/sbin:/usr/bin:/sbin:/bin:/usr/games:/usr/local/games:/snap/bin
USERNAME=user
SHELL=/bin/bash
DISPLAY=:0
LANG=en_IN

Signal Handlers:
SIGSEGV: [libjvm.so+0xe95100], sa_mask[0]=11111111011111111101111111111110, sa_flags=SA_RESTART|SA_SIGINFO
SIGBUS: [libjvm.so+0xe95100], sa_mask[0]=11111111011111111101111111111110, sa_flags=SA_RESTART|SA_SIGINFO
SIGFPE: [libjvm.so+0xe95100], sa_mask[0]=11111111011111111101111111111110, sa_flags=SA_RESTART|SA_SIGINFO
SIGPIPE: [libjvm.so+0xbdca50], sa_mask[0]=11111111011111111101111111111110, sa_flags=SA_RESTART|SA_SIGINFO
SIGXFSZ: [libjvm.so+0xbdca50], sa_mask[0]=11111111011111111101111111111110, sa_flags=SA_RESTART|SA_SIGINFO
SIGILL: [libjvm.so+0xe95100], sa_mask[0]=11111111011111111101111111111110, sa_flags=SA_RESTART|SA_SIGINFO
SIGUSR2: [libjvm.so+0xbdc8f0], sa_mask[0]=00100000000000000000000000000000, sa_flags=SA_RESTART|SA_SIGINFO
SIGHUP: [libjvm.so+0xbdcd90], sa_mask[0]=11111111011111111101111111111110, sa_flags=SA_RESTART|SA_SIGINFO
SIGINT: SIG_IGN, sa_mask[0]=00000000000000000000000000000000, sa_flags=none
SIGTERM: [libjvm.so+0xbdcd90], sa_mask[0]=11111111011111111101111111111110, sa_flags=SA_RESTART|SA_SIGINFO
SIGQUIT: [libjvm.so+0xbdcd90], sa_mask[0]=11111111011111111101111111111110, sa_flags=SA_RESTART|SA_SIGINFO


---------------  S Y S T E M  ---------------

OS:DISTRIB_ID=Ubuntu
DISTRIB_RELEASE=20.04
DISTRIB_CODENAME=focal
DISTRIB_DESCRIPTION="Ubuntu 20.04.4 LTS"
uname:Linux 5.13.0-52-generic #59~20.04.1-Ubuntu SMP Thu Jun 16 21:21:28 UTC 2022 x86_64
OS uptime: 0 days 1:16 hours
libc:glibc 2.31 NPTL 2.31 
rlimit (soft/hard): STACK 8192k/infinity , CORE 0k/infinity , NPROC 31037/31037 , NOFILE 1048576/1048576 , AS infinity/infinity , CPU infinity/infinity , DATA infinity/infinity , FSIZE infinity/infinity , MEMLOCK 65536k/65536k
load average:0.36 0.58 0.75

/proc/meminfo:
MemTotal:        8017192 kB
MemFree:          338772 kB
MemAvailable:    2621724 kB
Buffers:          507416 kB
Cached:          2296232 kB
SwapCached:          304 kB
Active:          1587552 kB
Inactive:        5546464 kB
Active(anon):     266032 kB
Inactive(anon):  4522688 kB
Active(file):    1321520 kB
Inactive(file):  1023776 kB
Unevictable:       30460 kB
Mlocked:              16 kB
SwapTotal:       3999740 kB
SwapFree:        3994072 kB
Dirty:               824 kB
Writeback:             0 kB
AnonPages:       4360436 kB
Mapped:           815108 kB
Shmem:            465400 kB
KReclaimable:     241708 kB
Slab:             386824 kB
SReclaimable:     241708 kB
SUnreclaim:       145116 kB
KernelStack:       17936 kB
PageTables:        40904 kB
NFS_Unstable:          0 kB
Bounce:                0 kB
WritebackTmp:          0 kB
CommitLimit:     8008336 kB
Committed_AS:   10946772 kB
VmallocTotal:   34359738367 kB
VmallocUsed:       43364 kB
VmallocChunk:          0 kB
Percpu:             4048 kB
HardwareCorrupted:     0 kB
AnonHugePages:         0 kB
ShmemHugePages:        0 kB
ShmemPmdMapped:        0 kB
FileHugePages:         0 kB
FilePmdMapped:         0 kB
HugePages_Total:       0
HugePages_Free:        0
HugePages_Rsvd:        0
HugePages_Surp:        0
Hugepagesize:       2048 kB
Hugetlb:               0 kB
DirectMap4k:      373152 kB
DirectMap2M:     7890944 kB
DirectMap1G:           0 kB

/sys/kernel/mm/transparent_hugepage/enabled:
always [madvise] never
/sys/kernel/mm/transparent_hugepage/defrag (defrag/compaction efforts parameter):
always defer defer+madvise [madvise] never

Process Memory:
Virtual Size: 5291304K (peak: 13435636K)
Resident Set Size: 60376K (peak: 60500K) (anon: 23596K, file: 36780K, shmem: 0K)
Swapped out: 0K
C-Heap outstanding allocations: 3504K

/proc/sys/kernel/threads-max (system-wide limit on the number of threads):
62075
/proc/sys/vm/max_map_count (maximum number of memory map areas a process may have):
65530
/proc/sys/kernel/pid_max (system-wide limit on number of process identifiers):
4194304

container (cgroup) information:
container_type: cgroupv1
cpu_cpuset_cpus: 0-3
cpu_memory_nodes: 0
active_processor_count: 4
cpu_quota: -1
cpu_period: 100000
cpu_shares: -1
memory_limit_in_bytes: -1
memory_and_swap_limit_in_bytes: -1
memory_soft_limit_in_bytes: -1
memory_usage_in_bytes: 5415526400
memory_max_usage_in_bytes: 5642944512

Steal ticks since vm start: 0
Steal ticks percentage since vm start:  0.000

CPU:total 4 (initial active 4) (4 cores per cpu, 1 threads per core) family 6 model 158 stepping 9 microcode 0xf0, cmov, cx8, fxsr, mmx, sse, sse2, sse3, ssse3, sse4.1, sse4.2, popcnt, avx, avx2, aes, clmul, erms, rtm, 3dnowpref, lzcnt, tsc, tscinvbit, bmi1, bmi2, adx, fma
CPU Model and flags from /proc/cpuinfo:
model name	: Intel(R) Core(TM) i5-7500 CPU @ 3.40GHz
flags		: fpu vme de pse tsc msr pae mce cx8 apic sep mtrr pge mca cmov pat pse36 clflush dts acpi mmx fxsr sse sse2 ss ht tm pbe syscall nx pdpe1gb rdtscp lm constant_tsc art arch_perfmon pebs bts rep_good nopl xtopology nonstop_tsc cpuid aperfmperf pni pclmulqdq dtes64 monitor ds_cpl vmx smx est tm2 ssse3 sdbg fma cx16 xtpr pdcm pcid sse4_1 sse4_2 x2apic movbe popcnt tsc_deadline_timer aes xsave avx f16c rdrand lahf_lm abm 3dnowprefetch cpuid_fault epb invpcid_single pti ssbd ibrs ibpb stibp tpr_shadow vnmi flexpriority ept vpid ept_ad fsgsbase tsc_adjust bmi1 hle avx2 smep bmi2 erms invpcid rtm mpx rdseed adx smap clflushopt intel_pt xsaveopt xsavec xgetbv1 xsaves dtherm ida arat pln pts hwp hwp_notify hwp_act_window hwp_epp md_clear flush_l1d arch_capabilities
Online cpus:
0-3
Offline cpus:

BIOS frequency limitation:
<Not Available>
Frequency switch latency (ns):
0
Available cpu frequencies:
<Not Available>
Current governor:
powersave
Core performance/turbo boost:
<Not Available>

Memory: 4k page, physical 8017192k(338772k free), swap 3999740k(3994072k free)

vm_info: OpenJDK 64-Bit Server VM (11.0.15+10-Ubuntu-0ubuntu0.20.04.1) for linux-amd64 JRE (11.0.15+10-Ubuntu-0ubuntu0.20.04.1), built on Apr 23 2022 13:02:10 by "unknown" with gcc 9.4.0

END.
