#
# A fatal error has been detected by the Java Runtime Environment:
#
#  SIGSEGV (0xb) at pc=0x00007f11c009fc88, pid=13619, tid=13620
#
# JRE version: OpenJDK Runtime Environment (11.0.15+10) (build 11.0.15+10-Ubuntu-0ubuntu0.20.04.1)
# Java VM: OpenJDK 64-Bit Server VM (11.0.15+10-Ubuntu-0ubuntu0.20.04.1, mixed mode, sharing, tiered, compressed oops, g1 gc, linux-amd64)
# Problematic frame:
# C  [libpjsua2.so.2+0x5ac88]  pj::Call::hasMedia() const+0x8
#
# Core dump will be written. Default location: Core dumps may be processed with "/usr/share/apport/apport -p%p -s%s -c%c -d%d -P%P -u%u -g%g -- %E" (or dumping to /home/user/NetBeansProjects/mypjsip/core.13619)
#
# If you would like to submit a bug report, please visit:
#   Unknown
# The crash happened outside the Java Virtual Machine in native code.
# See problematic frame for where to report the bug.
#

---------------  S U M M A R Y ------------

Command Line: com.zilogic.mypjsip.MyApp

Host: Intel(R) Core(TM) i5-7500 CPU @ 3.40GHz, 4 cores, 7G, Ubuntu 20.04.4 LTS
Time: Tue Jul 12 11:45:03 2022 IST elapsed time: 39.206273 seconds (0d 0h 0m 39s)

---------------  T H R E A D  ---------------

Current thread (0x00007f11e0016000):  JavaThread "main" [_thread_in_native, id=13620, stack(0x00007f11e66b3000,0x00007f11e67b4000)]

Stack: [0x00007f11e66b3000,0x00007f11e67b4000],  sp=0x00007f11e67b2840,  free space=1022k
Native frames: (J=compiled Java code, A=aot compiled Java code, j=interpreted, Vv=VM code, C=native code)
C  [libpjsua2.so.2+0x5ac88]  pj::Call::hasMedia() const+0x8
j  org.pjsip.pjsua2.Call.hasMedia()Z+5
j  com.zilogic.mypjsip.MyApp.main([Ljava/lang/String;)V+736
v  ~StubRoutines::call_stub
V  [libjvm.so+0x869cc4]
V  [libjvm.so+0x8e6d8d]
V  [libjvm.so+0x8e94a0]
C  [libjli.so+0x5a6a]
C  [libjli.so+0x9cdd]

Java frames: (J=compiled Java code, j=interpreted, Vv=VM code)
j  org.pjsip.pjsua2.pjsua2JNI.Call_hasMedia(JLorg/pjsip/pjsua2/Call;)Z+0
j  org.pjsip.pjsua2.Call.hasMedia()Z+5
j  com.zilogic.mypjsip.MyApp.main([Ljava/lang/String;)V+736
v  ~StubRoutines::call_stub

siginfo: si_signo: 11 (SIGSEGV), si_code: 1 (SEGV_MAPERR), si_addr: 0x0000000000000010

Register to memory mapping:

RAX=0x00007f11b98249a0: Java_org_pjsip_pjsua2_pjsua2JNI_Call_1hasMedia+0x0000000000000000 in /usr/lib/libpjsua2.so at 0x00007f11b9778000
RBX={method} {0x00007f11e47f2d80} 'Call_hasMedia' '(JLorg/pjsip/pjsua2/Call;)Z' in 'org/pjsip/pjsua2/pjsua2JNI'
RCX=0x00007f11e67b28d0 is pointing into the stack for thread: 0x00007f11e0016000
RDX=0x0 is NULL
RSP=0x00007f11e67b2840 is pointing into the stack for thread: 0x00007f11e0016000
RBP=0x00007f11e67b28b0 is pointing into the stack for thread: 0x00007f11e0016000
RSI=0x00007f11e67b28c0 is pointing into the stack for thread: 0x00007f11e0016000
RDI=0x0 is NULL
R8 ={method} {0x00007f11e47f2d80} 'Call_hasMedia' '(JLorg/pjsip/pjsua2/Call;)Z' in 'org/pjsip/pjsua2/pjsua2JNI'
R9 =0x00007f11e0184280 points into unknown readable memory: 0x00007f11e4772f70 | 70 2f 77 e4 11 7f 00 00
R10=0xfffffffffffff4dc is an unknown value
R11=0x00007f11c009fc80: _ZNK2pj4Call8hasMediaEv+0x0000000000000000 in /usr/local/lib/libpjsua2.so.2 at 0x00007f11c0045000
R12=0x0 is NULL
R13={method} {0x00007f11e47f2d80} 'Call_hasMedia' '(JLorg/pjsip/pjsua2/Call;)Z' in 'org/pjsip/pjsua2/pjsua2JNI'
R14=0x00007f11e67b28e0 is pointing into the stack for thread: 0x00007f11e0016000
R15=0x00007f11e0016000 is a thread


Registers:
RAX=0x00007f11b98249a0, RBX=0x00007f11e47f2d80, RCX=0x00007f11e67b28d0, RDX=0x0000000000000000
RSP=0x00007f11e67b2840, RBP=0x00007f11e67b28b0, RSI=0x00007f11e67b28c0, RDI=0x0000000000000000
R8 =0x00007f11e47f2d80, R9 =0x00007f11e0184280, R10=0xfffffffffffff4dc, R11=0x00007f11c009fc80
R12=0x0000000000000000, R13=0x00007f11e47f2d80, R14=0x00007f11e67b28e0, R15=0x00007f11e0016000
RIP=0x00007f11c009fc88, EFLAGS=0x0000000000010202, CSGSFS=0x002b000000000033, ERR=0x0000000000000004
  TRAPNO=0x000000000000000e

Top of Stack: (sp=0x00007f11e67b2840)
0x00007f11e67b2840:   00000000000001bf 00007f11c882da10
0x00007f11e67b2850:   00007f11e67b28b0 00007f11c882d75e
0x00007f11e67b2860:   00007f11c882d716 00007f11e67b2868
0x00007f11e67b2870:   00007f11e47f2d80 00007f11e67b28e0 

Instructions: (pc=0x00007f11c009fc88)
0x00007f11c009fb88:   89 57 10 48 83 c0 10 48 c7 47 18 00 00 00 00 48
0x00007f11c009fb98:   89 07 48 c7 47 20 00 00 00 00 48 c7 47 28 00 00
0x00007f11c009fba8:   00 00 48 c7 47 30 00 00 00 00 48 c7 47 38 00 00
0x00007f11c009fbb8:   00 00 48 c7 47 40 00 00 00 00 83 fa ff 75 09 48
0x00007f11c009fbc8:   83 c4 08 5b 5d c3 66 90 89 d7 48 89 de e8 86 3d
0x00007f11c009fbd8:   fc ff 48 83 c4 08 5b 5d c3 f3 0f 1e fa 48 89 c5
0x00007f11c009fbe8:   e9 db ac fc ff 90 66 90 f3 0f 1e fa 8b 7f 10 83
0x00007f11c009fbf8:   ff ff 74 14 48 83 ec 08 e8 4b 49 fc ff 85 c0 0f
0x00007f11c009fc08:   95 c0 48 83 c4 08 c3 90 31 c0 c3 90 66 66 2e 0f
0x00007f11c009fc18:   1f 84 00 00 00 00 00 90 f3 0f 1e fa 8b 47 10 c3
0x00007f11c009fc28:   0f 1f 84 00 00 00 00 00 f3 0f 1e fa 55 53 89 fb
0x00007f11c009fc38:   48 83 ec 08 e8 8f 3e fc ff 48 85 c0 74 17 39 58
0x00007f11c009fc48:   10 74 12 48 8b 68 40 48 85 ed 74 06 83 7d 10 ff
0x00007f11c009fc58:   74 0e 89 58 10 48 83 c4 08 5b 5d c3 0f 1f 40 00
0x00007f11c009fc68:   48 89 ee 89 df e8 ee 3c fc ff 48 89 e8 eb e3 90
0x00007f11c009fc78:   0f 1f 84 00 00 00 00 00 f3 0f 1e fa 48 83 ec 08
0x00007f11c009fc88:   8b 7f 10 e8 d0 43 fc ff 85 c0 0f 95 c0 48 83 c4
0x00007f11c009fc98:   08 c3 66 0f 1f 44 00 00 f3 0f 1e fa 55 89 f5 53
0x00007f11c009fca8:   48 83 ec 08 48 8b 57 20 48 8b 47 28 48 29 d0 48
0x00007f11c009fcb8:   c1 f8 03 48 39 c5 73 30 48 8b 04 ea 48 85 c0 74
0x00007f11c009fcc8:   18 48 89 fb 48 89 c7 e8 cc 4a fc ff 83 f8 01 48
0x00007f11c009fcd8:   8b 43 20 74 23 48 8b 04 e8 48 83 c4 08 5b 5d c3
0x00007f11c009fce8:   0f 1f 84 00 00 00 00 00 48 83 c4 08 31 c0 5b 5d
0x00007f11c009fcf8:   c3 0f 1f 80 00 00 00 00 48 8b 3c e8 e8 a7 45 fc
0x00007f11c009fd08:   ff 83 f8 ff 74 e2 48 8b 43 20 eb c9 66 66 2e 0f
0x00007f11c009fd18:   1f 84 00 00 00 00 00 90 f3 0f 1e fa 48 83 ec 38
0x00007f11c009fd28:   8b 7f 10 64 48 8b 04 25 28 00 00 00 48 89 44 24
0x00007f11c009fd38:   28 31 c0 48 8b 42 08 48 8b 12 83 fe 2c 48 89 14
0x00007f11c009fd48:   24 48 8b 11 48 89 44 24 08 48 8b 41 08 48 8d 4c
0x00007f11c009fd58:   24 10 48 89 54 24 10 48 89 e2 48 89 44 24 18 b8
0x00007f11c009fd68:   00 00 00 00 48 0f 45 d0 e8 7b 43 fc ff 48 8b 7c
0x00007f11c009fd78:   24 28 64 48 33 3c 25 28 00 00 00 75 05 48 83 c4 


Stack slot to memory mapping:
stack at sp + 0 slots: 0x00000000000001bf is an unknown value
stack at sp + 1 slots: 0x00007f11c882da10 is at code_begin+944 in an Interpreter codelet
method entry point (kind = native)  [0x00007f11c882d660, 0x00007f11c882dfe0]  2432 bytes
stack at sp + 2 slots: 0x00007f11e67b28b0 is pointing into the stack for thread: 0x00007f11e0016000
stack at sp + 3 slots: 0x00007f11c882d75e is at code_begin+254 in an Interpreter codelet
method entry point (kind = native)  [0x00007f11c882d660, 0x00007f11c882dfe0]  2432 bytes
stack at sp + 4 slots: 0x00007f11c882d716 is at code_begin+182 in an Interpreter codelet
method entry point (kind = native)  [0x00007f11c882d660, 0x00007f11c882dfe0]  2432 bytes
stack at sp + 5 slots: 0x00007f11e67b2868 is pointing into the stack for thread: 0x00007f11e0016000
stack at sp + 6 slots: {method} {0x00007f11e47f2d80} 'Call_hasMedia' '(JLorg/pjsip/pjsua2/Call;)Z' in 'org/pjsip/pjsua2/pjsua2JNI'
stack at sp + 7 slots: 0x00007f11e67b28e0 is pointing into the stack for thread: 0x00007f11e0016000


---------------  P R O C E S S  ---------------

Threads class SMR info:
_java_thread_list=0x00007f117c034180, length=9, elements={
0x00007f11e0016000, 0x00007f11e010f000, 0x00007f11e0111000, 0x00007f11e0116800,
0x00007f11e0118800, 0x00007f11e011a800, 0x00007f11e011c800, 0x00007f11e011e800,
0x00007f11e0181800
}

Java Threads: ( => current thread )
=>0x00007f11e0016000 JavaThread "main" [_thread_in_native, id=13620, stack(0x00007f11e66b3000,0x00007f11e67b4000)]
  0x00007f11e010f000 JavaThread "Reference Handler" daemon [_thread_blocked, id=13631, stack(0x00007f11e405c000,0x00007f11e415d000)]
  0x00007f11e0111000 JavaThread "Finalizer" daemon [_thread_blocked, id=13632, stack(0x00007f11c871d000,0x00007f11c881e000)]
  0x00007f11e0116800 JavaThread "Signal Dispatcher" daemon [_thread_blocked, id=13633, stack(0x00007f11c80ac000,0x00007f11c81ad000)]
  0x00007f11e0118800 JavaThread "Service Thread" daemon [_thread_blocked, id=13634, stack(0x00007f11c01cf000,0x00007f11c02d0000)]
  0x00007f11e011a800 JavaThread "C2 CompilerThread0" daemon [_thread_blocked, id=13635, stack(0x00007f11c00ce000,0x00007f11c01cf000)]
  0x00007f11e011c800 JavaThread "C1 CompilerThread0" daemon [_thread_blocked, id=13636, stack(0x00007f11b9eff000,0x00007f11ba000000)]
  0x00007f11e011e800 JavaThread "Sweeper thread" daemon [_thread_blocked, id=13637, stack(0x00007f11b9dfe000,0x00007f11b9eff000)]
  0x00007f11e0181800 JavaThread "Common-Cleaner" daemon [_thread_blocked, id=13639, stack(0x00007f11b9bfb000,0x00007f11b9cfc000)]

Other Threads:
  0x00007f11e010c000 VMThread "VM Thread" [stack: 0x00007f11e415f000,0x00007f11e425f000] [id=13630]
  0x00007f11e017f800 WatcherThread [stack: 0x00007f11b9cfe000,0x00007f11b9dfe000] [id=13638]
  0x00007f11e002e000 GCTaskThread "GC Thread#0" [stack: 0x00007f11e6372000,0x00007f11e6472000] [id=13625]
  0x00007f11ac001000 GCTaskThread "GC Thread#1" [stack: 0x00007f11849df000,0x00007f1184adf000] [id=13680]
  0x00007f11ac002800 GCTaskThread "GC Thread#2" [stack: 0x00007f11848dd000,0x00007f11849dd000] [id=13681]
  0x00007f11ac004000 GCTaskThread "GC Thread#3" [stack: 0x00007f11847db000,0x00007f11848db000] [id=13682]
  0x00007f11e005f000 ConcurrentGCThread "G1 Main Marker" [stack: 0x00007f11e52b1000,0x00007f11e53b1000] [id=13626]
  0x00007f11e0060800 ConcurrentGCThread "G1 Conc#0" [stack: 0x00007f11e51af000,0x00007f11e52af000] [id=13627]
  0x00007f11e00d9000 ConcurrentGCThread "G1 Refine#0" [stack: 0x00007f11e4ca9000,0x00007f11e4da9000] [id=13628]
  0x00007f11e00da800 ConcurrentGCThread "G1 Young RemSet Sampling" [stack: 0x00007f11e4ba7000,0x00007f11e4ca7000] [id=13629]

Threads with active compile tasks:

VM state:not at safepoint (normal execution)

VM Mutex/Monitor currently owned by a thread: None

Heap address: 0x0000000085a00000, size: 1958 MB, Compressed Oops mode: 32-bit
Narrow klass base: 0x0000000800000000, Narrow klass shift: 3
Compressed class space size: 1073741824 Address: 0x0000000840000000

Heap:
 garbage-first heap   total 129024K, used 26119K [0x0000000085a00000, 0x0000000100000000)
  region size 1024K, 26 young (26624K), 1 survivors (1024K)
 Metaspace       used 1962K, capacity 5725K, committed 6016K, reserved 1056768K
  class space    used 155K, capacity 554K, committed 640K, reserved 1048576K
Heap Regions: E=young(eden), S=young(survivor), O=old, HS=humongous(starts), HC=humongous(continues), CS=collection set, F=free, A=archive, TAMS=top-at-mark-start (previous, next)
|   0|0x0000000085a00000, 0x0000000085a00000, 0x0000000085b00000|  0%| F|  |TAMS 0x0000000085a00000, 0x0000000085a00000| Untracked 
|   1|0x0000000085b00000, 0x0000000085b00000, 0x0000000085c00000|  0%| F|  |TAMS 0x0000000085b00000, 0x0000000085b00000| Untracked 
|   2|0x0000000085c00000, 0x0000000085c00000, 0x0000000085d00000|  0%| F|  |TAMS 0x0000000085c00000, 0x0000000085c00000| Untracked 
|   3|0x0000000085d00000, 0x0000000085d00000, 0x0000000085e00000|  0%| F|  |TAMS 0x0000000085d00000, 0x0000000085d00000| Untracked 
|   4|0x0000000085e00000, 0x0000000085e00000, 0x0000000085f00000|  0%| F|  |TAMS 0x0000000085e00000, 0x0000000085e00000| Untracked 
|   5|0x0000000085f00000, 0x0000000085f00000, 0x0000000086000000|  0%| F|  |TAMS 0x0000000085f00000, 0x0000000085f00000| Untracked 
|   6|0x0000000086000000, 0x0000000086000000, 0x0000000086100000|  0%| F|  |TAMS 0x0000000086000000, 0x0000000086000000| Untracked 
|   7|0x0000000086100000, 0x0000000086100000, 0x0000000086200000|  0%| F|  |TAMS 0x0000000086100000, 0x0000000086100000| Untracked 
|   8|0x0000000086200000, 0x0000000086200000, 0x0000000086300000|  0%| F|  |TAMS 0x0000000086200000, 0x0000000086200000| Untracked 
|   9|0x0000000086300000, 0x0000000086300000, 0x0000000086400000|  0%| F|  |TAMS 0x0000000086300000, 0x0000000086300000| Untracked 
|  10|0x0000000086400000, 0x0000000086400000, 0x0000000086500000|  0%| F|  |TAMS 0x0000000086400000, 0x0000000086400000| Untracked 
|  11|0x0000000086500000, 0x0000000086500000, 0x0000000086600000|  0%| F|  |TAMS 0x0000000086500000, 0x0000000086500000| Untracked 
|  12|0x0000000086600000, 0x0000000086600000, 0x0000000086700000|  0%| F|  |TAMS 0x0000000086600000, 0x0000000086600000| Untracked 
|  13|0x0000000086700000, 0x0000000086700000, 0x0000000086800000|  0%| F|  |TAMS 0x0000000086700000, 0x0000000086700000| Untracked 
|  14|0x0000000086800000, 0x0000000086800000, 0x0000000086900000|  0%| F|  |TAMS 0x0000000086800000, 0x0000000086800000| Untracked 
|  15|0x0000000086900000, 0x0000000086900000, 0x0000000086a00000|  0%| F|  |TAMS 0x0000000086900000, 0x0000000086900000| Untracked 
|  16|0x0000000086a00000, 0x0000000086a00000, 0x0000000086b00000|  0%| F|  |TAMS 0x0000000086a00000, 0x0000000086a00000| Untracked 
|  17|0x0000000086b00000, 0x0000000086b00000, 0x0000000086c00000|  0%| F|  |TAMS 0x0000000086b00000, 0x0000000086b00000| Untracked 
|  18|0x0000000086c00000, 0x0000000086c00000, 0x0000000086d00000|  0%| F|  |TAMS 0x0000000086c00000, 0x0000000086c00000| Untracked 
|  19|0x0000000086d00000, 0x0000000086d00000, 0x0000000086e00000|  0%| F|  |TAMS 0x0000000086d00000, 0x0000000086d00000| Untracked 
|  20|0x0000000086e00000, 0x0000000086e00000, 0x0000000086f00000|  0%| F|  |TAMS 0x0000000086e00000, 0x0000000086e00000| Untracked 
|  21|0x0000000086f00000, 0x0000000086f00000, 0x0000000087000000|  0%| F|  |TAMS 0x0000000086f00000, 0x0000000086f00000| Untracked 
|  22|0x0000000087000000, 0x0000000087000000, 0x0000000087100000|  0%| F|  |TAMS 0x0000000087000000, 0x0000000087000000| Untracked 
|  23|0x0000000087100000, 0x0000000087100000, 0x0000000087200000|  0%| F|  |TAMS 0x0000000087100000, 0x0000000087100000| Untracked 
|  24|0x0000000087200000, 0x0000000087200000, 0x0000000087300000|  0%| F|  |TAMS 0x0000000087200000, 0x0000000087200000| Untracked 
|  25|0x0000000087300000, 0x0000000087300000, 0x0000000087400000|  0%| F|  |TAMS 0x0000000087300000, 0x0000000087300000| Untracked 
|  26|0x0000000087400000, 0x0000000087400000, 0x0000000087500000|  0%| F|  |TAMS 0x0000000087400000, 0x0000000087400000| Untracked 
|  27|0x0000000087500000, 0x0000000087500000, 0x0000000087600000|  0%| F|  |TAMS 0x0000000087500000, 0x0000000087500000| Untracked 
|  28|0x0000000087600000, 0x0000000087600000, 0x0000000087700000|  0%| F|  |TAMS 0x0000000087600000, 0x0000000087600000| Untracked 
|  29|0x0000000087700000, 0x0000000087700000, 0x0000000087800000|  0%| F|  |TAMS 0x0000000087700000, 0x0000000087700000| Untracked 
|  30|0x0000000087800000, 0x0000000087800000, 0x0000000087900000|  0%| F|  |TAMS 0x0000000087800000, 0x0000000087800000| Untracked 
|  31|0x0000000087900000, 0x0000000087900000, 0x0000000087a00000|  0%| F|  |TAMS 0x0000000087900000, 0x0000000087900000| Untracked 
|  32|0x0000000087a00000, 0x0000000087a00000, 0x0000000087b00000|  0%| F|  |TAMS 0x0000000087a00000, 0x0000000087a00000| Untracked 
|  33|0x0000000087b00000, 0x0000000087b00000, 0x0000000087c00000|  0%| F|  |TAMS 0x0000000087b00000, 0x0000000087b00000| Untracked 
|  34|0x0000000087c00000, 0x0000000087c00000, 0x0000000087d00000|  0%| F|  |TAMS 0x0000000087c00000, 0x0000000087c00000| Untracked 
|  35|0x0000000087d00000, 0x0000000087d00000, 0x0000000087e00000|  0%| F|  |TAMS 0x0000000087d00000, 0x0000000087d00000| Untracked 
|  36|0x0000000087e00000, 0x0000000087e00000, 0x0000000087f00000|  0%| F|  |TAMS 0x0000000087e00000, 0x0000000087e00000| Untracked 
|  37|0x0000000087f00000, 0x0000000087f00000, 0x0000000088000000|  0%| F|  |TAMS 0x0000000087f00000, 0x0000000087f00000| Untracked 
|  38|0x0000000088000000, 0x0000000088000000, 0x0000000088100000|  0%| F|  |TAMS 0x0000000088000000, 0x0000000088000000| Untracked 
|  39|0x0000000088100000, 0x0000000088100000, 0x0000000088200000|  0%| F|  |TAMS 0x0000000088100000, 0x0000000088100000| Untracked 
|  40|0x0000000088200000, 0x0000000088200000, 0x0000000088300000|  0%| F|  |TAMS 0x0000000088200000, 0x0000000088200000| Untracked 
|  41|0x0000000088300000, 0x0000000088300000, 0x0000000088400000|  0%| F|  |TAMS 0x0000000088300000, 0x0000000088300000| Untracked 
|  42|0x0000000088400000, 0x0000000088400000, 0x0000000088500000|  0%| F|  |TAMS 0x0000000088400000, 0x0000000088400000| Untracked 
|  43|0x0000000088500000, 0x0000000088500000, 0x0000000088600000|  0%| F|  |TAMS 0x0000000088500000, 0x0000000088500000| Untracked 
|  44|0x0000000088600000, 0x0000000088600000, 0x0000000088700000|  0%| F|  |TAMS 0x0000000088600000, 0x0000000088600000| Untracked 
|  45|0x0000000088700000, 0x0000000088700000, 0x0000000088800000|  0%| F|  |TAMS 0x0000000088700000, 0x0000000088700000| Untracked 
|  46|0x0000000088800000, 0x0000000088800000, 0x0000000088900000|  0%| F|  |TAMS 0x0000000088800000, 0x0000000088800000| Untracked 
|  47|0x0000000088900000, 0x0000000088900000, 0x0000000088a00000|  0%| F|  |TAMS 0x0000000088900000, 0x0000000088900000| Untracked 
|  48|0x0000000088a00000, 0x0000000088a00000, 0x0000000088b00000|  0%| F|  |TAMS 0x0000000088a00000, 0x0000000088a00000| Untracked 
|  49|0x0000000088b00000, 0x0000000088b00000, 0x0000000088c00000|  0%| F|  |TAMS 0x0000000088b00000, 0x0000000088b00000| Untracked 
|  50|0x0000000088c00000, 0x0000000088c00000, 0x0000000088d00000|  0%| F|  |TAMS 0x0000000088c00000, 0x0000000088c00000| Untracked 
|  51|0x0000000088d00000, 0x0000000088d00000, 0x0000000088e00000|  0%| F|  |TAMS 0x0000000088d00000, 0x0000000088d00000| Untracked 
|  52|0x0000000088e00000, 0x0000000088e00000, 0x0000000088f00000|  0%| F|  |TAMS 0x0000000088e00000, 0x0000000088e00000| Untracked 
|  53|0x0000000088f00000, 0x0000000088f00000, 0x0000000089000000|  0%| F|  |TAMS 0x0000000088f00000, 0x0000000088f00000| Untracked 
|  54|0x0000000089000000, 0x0000000089000000, 0x0000000089100000|  0%| F|  |TAMS 0x0000000089000000, 0x0000000089000000| Untracked 
|  55|0x0000000089100000, 0x0000000089100000, 0x0000000089200000|  0%| F|  |TAMS 0x0000000089100000, 0x0000000089100000| Untracked 
|  56|0x0000000089200000, 0x0000000089200000, 0x0000000089300000|  0%| F|  |TAMS 0x0000000089200000, 0x0000000089200000| Untracked 
|  57|0x0000000089300000, 0x0000000089300000, 0x0000000089400000|  0%| F|  |TAMS 0x0000000089300000, 0x0000000089300000| Untracked 
|  58|0x0000000089400000, 0x0000000089400000, 0x0000000089500000|  0%| F|  |TAMS 0x0000000089400000, 0x0000000089400000| Untracked 
|  59|0x0000000089500000, 0x0000000089500000, 0x0000000089600000|  0%| F|  |TAMS 0x0000000089500000, 0x0000000089500000| Untracked 
|  60|0x0000000089600000, 0x0000000089600000, 0x0000000089700000|  0%| F|  |TAMS 0x0000000089600000, 0x0000000089600000| Untracked 
|  61|0x0000000089700000, 0x0000000089700000, 0x0000000089800000|  0%| F|  |TAMS 0x0000000089700000, 0x0000000089700000| Untracked 
|  62|0x0000000089800000, 0x0000000089800000, 0x0000000089900000|  0%| F|  |TAMS 0x0000000089800000, 0x0000000089800000| Untracked 
|  63|0x0000000089900000, 0x0000000089900000, 0x0000000089a00000|  0%| F|  |TAMS 0x0000000089900000, 0x0000000089900000| Untracked 
|  64|0x0000000089a00000, 0x0000000089a00000, 0x0000000089b00000|  0%| F|  |TAMS 0x0000000089a00000, 0x0000000089a00000| Untracked 
|  65|0x0000000089b00000, 0x0000000089b00000, 0x0000000089c00000|  0%| F|  |TAMS 0x0000000089b00000, 0x0000000089b00000| Untracked 
|  66|0x0000000089c00000, 0x0000000089c00000, 0x0000000089d00000|  0%| F|  |TAMS 0x0000000089c00000, 0x0000000089c00000| Untracked 
|  67|0x0000000089d00000, 0x0000000089d00000, 0x0000000089e00000|  0%| F|  |TAMS 0x0000000089d00000, 0x0000000089d00000| Untracked 
|  68|0x0000000089e00000, 0x0000000089e00000, 0x0000000089f00000|  0%| F|  |TAMS 0x0000000089e00000, 0x0000000089e00000| Untracked 
|  69|0x0000000089f00000, 0x0000000089f00000, 0x000000008a000000|  0%| F|  |TAMS 0x0000000089f00000, 0x0000000089f00000| Untracked 
|  70|0x000000008a000000, 0x000000008a000000, 0x000000008a100000|  0%| F|  |TAMS 0x000000008a000000, 0x000000008a000000| Untracked 
|  71|0x000000008a100000, 0x000000008a100000, 0x000000008a200000|  0%| F|  |TAMS 0x000000008a100000, 0x000000008a100000| Untracked 
|  72|0x000000008a200000, 0x000000008a200000, 0x000000008a300000|  0%| F|  |TAMS 0x000000008a200000, 0x000000008a200000| Untracked 
|  73|0x000000008a300000, 0x000000008a300000, 0x000000008a400000|  0%| F|  |TAMS 0x000000008a300000, 0x000000008a300000| Untracked 
|  74|0x000000008a400000, 0x000000008a400000, 0x000000008a500000|  0%| F|  |TAMS 0x000000008a400000, 0x000000008a400000| Untracked 
|  75|0x000000008a500000, 0x000000008a500000, 0x000000008a600000|  0%| F|  |TAMS 0x000000008a500000, 0x000000008a500000| Untracked 
|  76|0x000000008a600000, 0x000000008a600000, 0x000000008a700000|  0%| F|  |TAMS 0x000000008a600000, 0x000000008a600000| Untracked 
|  77|0x000000008a700000, 0x000000008a700000, 0x000000008a800000|  0%| F|  |TAMS 0x000000008a700000, 0x000000008a700000| Untracked 
|  78|0x000000008a800000, 0x000000008a800000, 0x000000008a900000|  0%| F|  |TAMS 0x000000008a800000, 0x000000008a800000| Untracked 
|  79|0x000000008a900000, 0x000000008a900000, 0x000000008aa00000|  0%| F|  |TAMS 0x000000008a900000, 0x000000008a900000| Untracked 
|  80|0x000000008aa00000, 0x000000008aa00000, 0x000000008ab00000|  0%| F|  |TAMS 0x000000008aa00000, 0x000000008aa00000| Untracked 
|  81|0x000000008ab00000, 0x000000008ab00000, 0x000000008ac00000|  0%| F|  |TAMS 0x000000008ab00000, 0x000000008ab00000| Untracked 
|  82|0x000000008ac00000, 0x000000008ac00000, 0x000000008ad00000|  0%| F|  |TAMS 0x000000008ac00000, 0x000000008ac00000| Untracked 
|  83|0x000000008ad00000, 0x000000008ad00000, 0x000000008ae00000|  0%| F|  |TAMS 0x000000008ad00000, 0x000000008ad00000| Untracked 
|  84|0x000000008ae00000, 0x000000008ae00000, 0x000000008af00000|  0%| F|  |TAMS 0x000000008ae00000, 0x000000008ae00000| Untracked 
|  85|0x000000008af00000, 0x000000008af00000, 0x000000008b000000|  0%| F|  |TAMS 0x000000008af00000, 0x000000008af00000| Untracked 
|  86|0x000000008b000000, 0x000000008b000000, 0x000000008b100000|  0%| F|  |TAMS 0x000000008b000000, 0x000000008b000000| Untracked 
|  87|0x000000008b100000, 0x000000008b100000, 0x000000008b200000|  0%| F|  |TAMS 0x000000008b100000, 0x000000008b100000| Untracked 
|  88|0x000000008b200000, 0x000000008b200000, 0x000000008b300000|  0%| F|  |TAMS 0x000000008b200000, 0x000000008b200000| Untracked 
|  89|0x000000008b300000, 0x000000008b300000, 0x000000008b400000|  0%| F|  |TAMS 0x000000008b300000, 0x000000008b300000| Untracked 
|  90|0x000000008b400000, 0x000000008b400000, 0x000000008b500000|  0%| F|  |TAMS 0x000000008b400000, 0x000000008b400000| Untracked 
|  91|0x000000008b500000, 0x000000008b500000, 0x000000008b600000|  0%| F|  |TAMS 0x000000008b500000, 0x000000008b500000| Untracked 
|  92|0x000000008b600000, 0x000000008b600000, 0x000000008b700000|  0%| F|  |TAMS 0x000000008b600000, 0x000000008b600000| Untracked 
|  93|0x000000008b700000, 0x000000008b700000, 0x000000008b800000|  0%| F|  |TAMS 0x000000008b700000, 0x000000008b700000| Untracked 
|  94|0x000000008b800000, 0x000000008b800000, 0x000000008b900000|  0%| F|  |TAMS 0x000000008b800000, 0x000000008b800000| Untracked 
|  95|0x000000008b900000, 0x000000008b900000, 0x000000008ba00000|  0%| F|  |TAMS 0x000000008b900000, 0x000000008b900000| Untracked 
|  96|0x000000008ba00000, 0x000000008ba00000, 0x000000008bb00000|  0%| F|  |TAMS 0x000000008ba00000, 0x000000008ba00000| Untracked 
|  97|0x000000008bb00000, 0x000000008bb00000, 0x000000008bc00000|  0%| F|  |TAMS 0x000000008bb00000, 0x000000008bb00000| Untracked 
|  98|0x000000008bc00000, 0x000000008bd00000, 0x000000008bd00000|100%| E|  |TAMS 0x000000008bc00000, 0x000000008bc00000| Complete 
|  99|0x000000008bd00000, 0x000000008be00000, 0x000000008be00000|100%| E|CS|TAMS 0x000000008bd00000, 0x000000008bd00000| Complete 
| 100|0x000000008be00000, 0x000000008bf00000, 0x000000008bf00000|100%| E|CS|TAMS 0x000000008be00000, 0x000000008be00000| Complete 
| 101|0x000000008bf00000, 0x000000008c000000, 0x000000008c000000|100%| E|CS|TAMS 0x000000008bf00000, 0x000000008bf00000| Complete 
| 102|0x000000008c000000, 0x000000008c100000, 0x000000008c100000|100%| E|CS|TAMS 0x000000008c000000, 0x000000008c000000| Complete 
| 103|0x000000008c100000, 0x000000008c200000, 0x000000008c200000|100%| E|CS|TAMS 0x000000008c100000, 0x000000008c100000| Complete 
| 104|0x000000008c200000, 0x000000008c300000, 0x000000008c300000|100%| E|CS|TAMS 0x000000008c200000, 0x000000008c200000| Complete 
| 105|0x000000008c300000, 0x000000008c400000, 0x000000008c400000|100%| E|CS|TAMS 0x000000008c300000, 0x000000008c300000| Complete 
| 106|0x000000008c400000, 0x000000008c500000, 0x000000008c500000|100%| E|CS|TAMS 0x000000008c400000, 0x000000008c400000| Complete 
| 107|0x000000008c500000, 0x000000008c600000, 0x000000008c600000|100%| E|CS|TAMS 0x000000008c500000, 0x000000008c500000| Complete 
| 108|0x000000008c600000, 0x000000008c700000, 0x000000008c700000|100%| E|CS|TAMS 0x000000008c600000, 0x000000008c600000| Complete 
| 109|0x000000008c700000, 0x000000008c7cfff8, 0x000000008c800000| 81%| S|CS|TAMS 0x000000008c700000, 0x000000008c700000| Complete 
| 110|0x000000008c800000, 0x000000008c900000, 0x000000008c900000|100%| E|CS|TAMS 0x000000008c800000, 0x000000008c800000| Complete 
| 111|0x000000008c900000, 0x000000008ca00000, 0x000000008ca00000|100%| E|CS|TAMS 0x000000008c900000, 0x000000008c900000| Complete 
| 112|0x000000008ca00000, 0x000000008cb00000, 0x000000008cb00000|100%| E|CS|TAMS 0x000000008ca00000, 0x000000008ca00000| Complete 
| 113|0x000000008cb00000, 0x000000008cc00000, 0x000000008cc00000|100%| E|CS|TAMS 0x000000008cb00000, 0x000000008cb00000| Complete 
| 114|0x000000008cc00000, 0x000000008cd00000, 0x000000008cd00000|100%| E|CS|TAMS 0x000000008cc00000, 0x000000008cc00000| Complete 
| 115|0x000000008cd00000, 0x000000008ce00000, 0x000000008ce00000|100%| E|CS|TAMS 0x000000008cd00000, 0x000000008cd00000| Complete 
| 116|0x000000008ce00000, 0x000000008cf00000, 0x000000008cf00000|100%| E|CS|TAMS 0x000000008ce00000, 0x000000008ce00000| Complete 
| 117|0x000000008cf00000, 0x000000008d000000, 0x000000008d000000|100%| E|CS|TAMS 0x000000008cf00000, 0x000000008cf00000| Complete 
| 118|0x000000008d000000, 0x000000008d100000, 0x000000008d100000|100%| E|CS|TAMS 0x000000008d000000, 0x000000008d000000| Complete 
| 119|0x000000008d100000, 0x000000008d200000, 0x000000008d200000|100%| E|CS|TAMS 0x000000008d100000, 0x000000008d100000| Complete 
| 120|0x000000008d200000, 0x000000008d300000, 0x000000008d300000|100%| E|CS|TAMS 0x000000008d200000, 0x000000008d200000| Complete 
| 121|0x000000008d300000, 0x000000008d400000, 0x000000008d400000|100%| E|CS|TAMS 0x000000008d300000, 0x000000008d300000| Complete 
| 122|0x000000008d400000, 0x000000008d500000, 0x000000008d500000|100%| E|CS|TAMS 0x000000008d400000, 0x000000008d400000| Complete 
| 123|0x000000008d500000, 0x000000008d600000, 0x000000008d600000|100%| E|CS|TAMS 0x000000008d500000, 0x000000008d500000| Complete 
|1956|0x00000000ffe00000, 0x00000000ffe47000, 0x00000000fff00000| 27%|OA|  |TAMS 0x00000000ffe00000, 0x00000000ffe00000| Untracked 
|1957|0x00000000fff00000, 0x00000000fff6b000, 0x0000000100000000| 41%|CA|  |TAMS 0x00000000fff00000, 0x00000000fff00000| Untracked 

Card table byte_map: [0x00007f11e57c6000,0x00007f11e5b99000] _byte_map_base: 0x00007f11e5399000

Marking Bits (Prev, Next): (CMBitMap*) 0x00007f11e0056388, (CMBitMap*) 0x00007f11e00563c0
 Prev Bits: [0x00007f11c2168000, 0x00007f11c4000000)
 Next Bits: [0x00007f11c02d0000, 0x00007f11c2168000)

Polling page: 0x00007f11e7ff5000

Metaspace:

Usage:
  Non-class:      5.05 MB capacity,     1.77 MB ( 35%) used,     3.27 MB ( 65%) free+waste,    15.31 KB ( <1%) overhead. 
      Class:    554.00 KB capacity,   155.09 KB ( 28%) used,   390.54 KB ( 70%) free+waste,     8.38 KB (  2%) overhead. 
       Both:      5.59 MB capacity,     1.92 MB ( 34%) used,     3.65 MB ( 65%) free+waste,    23.69 KB ( <1%) overhead. 

Virtual space:
  Non-class space:        8.00 MB reserved,       5.25 MB ( 66%) committed 
      Class space:        1.00 GB reserved,     640.00 KB ( <1%) committed 
             Both:        1.01 GB reserved,       5.88 MB ( <1%) committed 

Chunk freelists:
   Non-Class:  1.00 KB
       Class:  0 bytes
        Both:  1.00 KB

MaxMetaspaceSize: unlimited
CompressedClassSpaceSize: 1.00 GB
Initial GC threshold: 20.80 MB
Current GC threshold: 20.80 MB
CDS: on

CodeHeap 'non-profiled nmethods': size=120032Kb used=146Kb max_used=146Kb free=119886Kb
 bounds [0x00007f11d02e6000, 0x00007f11d0556000, 0x00007f11d781e000]
CodeHeap 'profiled nmethods': size=120032Kb used=774Kb max_used=774Kb free=119257Kb
 bounds [0x00007f11c8dae000, 0x00007f11c901e000, 0x00007f11d02e6000]
CodeHeap 'non-nmethods': size=5696Kb used=1137Kb max_used=1152Kb free=4559Kb
 bounds [0x00007f11c881e000, 0x00007f11c8a8e000, 0x00007f11c8dae000]
 total_blobs=888 nmethods=493 adapters=309
 compilation: enabled
              stopped_count=0, restarted_count=0
 full_count=0

Compilation events (20 events):
Event: 22.588 Thread 0x00007f11e011c800  484       3       java.nio.CharBuffer::hasArray (20 bytes)
Event: 22.588 Thread 0x00007f11e011c800 nmethod 484 0x00007f11c8e6a910 code [0x00007f11c8e6aac0, 0x00007f11c8e6ac70]
Event: 22.588 Thread 0x00007f11e011c800  485   !   3       java.nio.charset.CharsetEncoder::encode (285 bytes)
Event: 22.589 Thread 0x00007f11e011c800 nmethod 485 0x00007f11c8e6ad10 code [0x00007f11c8e6b040, 0x00007f11c8e6c3b0]
Event: 22.589 Thread 0x00007f11e011c800  486       3       java.nio.ByteBuffer::position (8 bytes)
Event: 22.589 Thread 0x00007f11e011c800 nmethod 486 0x00007f11c8e6c990 code [0x00007f11c8e6cb40, 0x00007f11c8e6cca0]
Event: 23.382 Thread 0x00007f11e011c800  487       3       java.lang.ClassLoader::checkName (37 bytes)
Event: 23.383 Thread 0x00007f11e011c800 nmethod 487 0x00007f11c8e6cd90 code [0x00007f11c8e6d000, 0x00007f11c8e6d970]
Event: 23.383 Thread 0x00007f11e011c800  488       3       java.lang.ref.SoftReference::get (29 bytes)
Event: 23.383 Thread 0x00007f11e011c800 nmethod 488 0x00007f11c8e6dd10 code [0x00007f11c8e6dec0, 0x00007f11c8e6e0b0]
Event: 23.384 Thread 0x00007f11e011c800  489       3       java.lang.invoke.BoundMethodHandle::<init> (32 bytes)
Event: 23.384 Thread 0x00007f11e011c800 nmethod 489 0x00007f11c8e6e110 code [0x00007f11c8e6e2c0, 0x00007f11c8e6e420]
Event: 23.384 Thread 0x00007f11e011c800  490       3       java.lang.StringConcatHelper::mixCoder (8 bytes)
Event: 23.384 Thread 0x00007f11e011c800 nmethod 490 0x00007f11c8e6e510 code [0x00007f11c8e6e6c0, 0x00007f11c8e6e830]
Event: 23.384 Thread 0x00007f11e011c800  491       3       java.lang.StringConcatHelper::checkOverflow (16 bytes)
Event: 23.384 Thread 0x00007f11e011c800 nmethod 491 0x00007f11c8e6e910 code [0x00007f11c8e6eae0, 0x00007f11c8e6ecc0]
Event: 23.384 Thread 0x00007f11e011c800  492       3       java.lang.StringConcatHelper::prepend (16 bytes)
Event: 23.384 Thread 0x00007f11e011c800 nmethod 492 0x00007f11c8e6ed90 code [0x00007f11c8e6ef60, 0x00007f11c8e6f180]
Event: 23.385 Thread 0x00007f11e011c800  493       3       java.lang.StringConcatHelper::mixLen (10 bytes)
Event: 23.385 Thread 0x00007f11e011c800 nmethod 493 0x00007f11c8e6f310 code [0x00007f11c8e6f500, 0x00007f11c8e6f840]

GC Heap History (2 events):
Event: 9.611 GC heap before
{Heap before GC invocations=0 (full 0):
 garbage-first heap   total 129024K, used 15048K [0x0000000085a00000, 0x0000000100000000)
  region size 1024K, 14 young (14336K), 0 survivors (0K)
 Metaspace       used 1888K, capacity 5661K, committed 5760K, reserved 1056768K
  class space    used 149K, capacity 554K, committed 640K, reserved 1048576K
}
Event: 9.620 GC heap after
{Heap after GC invocations=1 (full 0):
 garbage-first heap   total 129024K, used 1543K [0x0000000085a00000, 0x0000000100000000)
  region size 1024K, 1 young (1024K), 1 survivors (1024K)
 Metaspace       used 1888K, capacity 5661K, committed 5760K, reserved 1056768K
  class space    used 149K, capacity 554K, committed 640K, reserved 1048576K
}

Deoptimization events (4 events):
Event: 0.072 Thread 0x00007f11e0016000 Uncommon trap: trap_request=0xffffff4d fr.pc=0x00007f11d02edb9c relative=0x000000000000007c
Event: 0.072 Thread 0x00007f11e0016000 Uncommon trap: reason=unstable_if action=reinterpret pc=0x00007f11d02edb9c method=java.lang.String.isLatin1()Z @ 10 c2
Event: 0.072 Thread 0x00007f11e0016000 DEOPT PACKING pc=0x00007f11d02edb9c sp=0x00007f11e67b2370
Event: 0.072 Thread 0x00007f11e0016000 DEOPT UNPACKING pc=0x00007f11c8867ea5 sp=0x00007f11e67b22d0 mode 2

Classes redefined (0 events):
No events

Internal exceptions (1 events):
Event: 0.063 Thread 0x00007f11e0016000 Exception <a 'java/lang/NoSuchMethodError'{0x000000008d4d3fe0}: 'int java.lang.invoke.DirectMethodHandle$Holder.invokeSpecialIFC(java.lang.Object, java.lang.Object, int)'> (0x000000008d4d3fe0) thrown at [src/hotspot/share/interpreter/linkResolver.cpp, line 772]

Events (20 events):
Event: 23.385 Thread 0x00007f117c015000 Thread added: 0x00007f117c015000
Event: 23.385 Thread 0x00007f117c015000 Thread exited: 0x00007f117c015000
Event: 23.586 Protecting memory [0x00007f1186ae5000,0x00007f1186ae9000] with protection modes 0
Event: 23.586 Thread 0x00007f117c015000 Thread added: 0x00007f117c015000
Event: 23.587 Thread 0x00007f117c015000 Thread exited: 0x00007f117c015000
Event: 23.587 Protecting memory [0x00007f1186ae5000,0x00007f1186ae9000] with protection modes 0
Event: 23.587 Thread 0x00007f117c015000 Thread added: 0x00007f117c015000
Event: 23.587 Thread 0x00007f117c015000 Thread exited: 0x00007f117c015000
Event: 27.588 Protecting memory [0x00007f1186ae5000,0x00007f1186ae9000] with protection modes 0
Event: 27.588 Thread 0x00007f117c015000 Thread added: 0x00007f117c015000
Event: 27.588 Thread 0x00007f117c015000 Thread exited: 0x00007f117c015000
Event: 27.588 Protecting memory [0x00007f1186ae5000,0x00007f1186ae9000] with protection modes 0
Event: 27.588 Thread 0x00007f117c015000 Thread added: 0x00007f117c015000
Event: 27.589 Thread 0x00007f117c015000 Thread exited: 0x00007f117c015000
Event: 28.385 Protecting memory [0x00007f1186ae5000,0x00007f1186ae9000] with protection modes 0
Event: 28.385 Thread 0x00007f117c015000 Thread added: 0x00007f117c015000
Event: 28.385 Thread 0x00007f117c015000 Thread exited: 0x00007f117c015000
Event: 28.385 Protecting memory [0x00007f1186ae5000,0x00007f1186ae9000] with protection modes 0
Event: 28.386 Thread 0x00007f117c015000 Thread added: 0x00007f117c015000
Event: 28.386 Thread 0x00007f117c015000 Thread exited: 0x00007f117c015000


Dynamic libraries:
85a00000-8d600000 rw-p 00000000 00:00 0 
8d600000-ffe00000 ---p 00000000 00:00 0 
ffe00000-ffe47000 rw-p 01119000 08:02 1441990                            /usr/lib/jvm/java-11-openjdk-amd64/lib/server/classes.jsa
ffe47000-fff00000 rw-p 00000000 00:00 0 
fff00000-fff6b000 rw-p 010ae000 08:02 1441990                            /usr/lib/jvm/java-11-openjdk-amd64/lib/server/classes.jsa
fff6b000-100000000 rw-p 00000000 00:00 0 
800000000-800002000 rwxp 00001000 08:02 1441990                          /usr/lib/jvm/java-11-openjdk-amd64/lib/server/classes.jsa
800002000-8003cb000 rw-p 00003000 08:02 1441990                          /usr/lib/jvm/java-11-openjdk-amd64/lib/server/classes.jsa
8003cb000-800a9a000 r--p 003cc000 08:02 1441990                          /usr/lib/jvm/java-11-openjdk-amd64/lib/server/classes.jsa
800a9a000-800a9b000 rw-p 00a9b000 08:02 1441990                          /usr/lib/jvm/java-11-openjdk-amd64/lib/server/classes.jsa
800a9b000-8010ad000 r--p 00a9c000 08:02 1441990                          /usr/lib/jvm/java-11-openjdk-amd64/lib/server/classes.jsa
840000000-8400a0000 rw-p 00000000 00:00 0 
8400a0000-880000000 ---p 00000000 00:00 0 
5654a8861000-5654a8862000 r--p 00000000 08:02 1445569                    /usr/lib/jvm/java-11-openjdk-amd64/bin/java
5654a8862000-5654a8863000 r-xp 00001000 08:02 1445569                    /usr/lib/jvm/java-11-openjdk-amd64/bin/java
5654a8863000-5654a8864000 r--p 00002000 08:02 1445569                    /usr/lib/jvm/java-11-openjdk-amd64/bin/java
5654a8864000-5654a8865000 r--p 00002000 08:02 1445569                    /usr/lib/jvm/java-11-openjdk-amd64/bin/java
5654a8865000-5654a8866000 rw-p 00003000 08:02 1445569                    /usr/lib/jvm/java-11-openjdk-amd64/bin/java
5654a9573000-5654a9594000 rw-p 00000000 00:00 0                          [heap]
7f113c000000-7f113c021000 rw-p 00000000 00:00 0 
7f113c021000-7f1140000000 ---p 00000000 00:00 0 
7f1144000000-7f1144021000 rw-p 00000000 00:00 0 
7f1144021000-7f1148000000 ---p 00000000 00:00 0 
7f1148000000-7f1148021000 rw-p 00000000 00:00 0 
7f1148021000-7f114c000000 ---p 00000000 00:00 0 
7f114c000000-7f114c021000 rw-p 00000000 00:00 0 
7f114c021000-7f1150000000 ---p 00000000 00:00 0 
7f1150000000-7f1150021000 rw-p 00000000 00:00 0 
7f1150021000-7f1154000000 ---p 00000000 00:00 0 
7f1160000000-7f1160021000 rw-p 00000000 00:00 0 
7f1160021000-7f1164000000 ---p 00000000 00:00 0 
7f1170000000-7f1170021000 rw-p 00000000 00:00 0 
7f1170021000-7f1174000000 ---p 00000000 00:00 0 
7f117c000000-7f117c04e000 rw-p 00000000 00:00 0 
7f117c04e000-7f1180000000 ---p 00000000 00:00 0 
7f1180000000-7f1180021000 rw-p 00000000 00:00 0 
7f1180021000-7f1184000000 ---p 00000000 00:00 0 
7f11847d9000-7f11847da000 ---p 00000000 00:00 0 
7f11847da000-7f11848db000 rw-p 00000000 00:00 0 
7f11848db000-7f11848dc000 ---p 00000000 00:00 0 
7f11848dc000-7f11849dd000 rw-p 00000000 00:00 0 
7f11849dd000-7f11849de000 ---p 00000000 00:00 0 
7f11849de000-7f1184adf000 rw-p 00000000 00:00 0 
7f1184adf000-7f1184ae0000 ---p 00000000 00:00 0 
7f1184ae0000-7f11852e0000 rw-p 00000000 00:00 0 
7f11852e0000-7f11852e1000 ---p 00000000 00:00 0 
7f11852e1000-7f11852e2000 rw-p 00000000 00:00 0 
7f11852e2000-7f11852e6000 ---p 00000000 00:00 0 
7f11852e6000-7f1185ae1000 rw-p 00000000 00:00 0 
7f1185ae1000-7f1185ae2000 ---p 00000000 00:00 0 
7f1185ae2000-7f11862e2000 rw-p 00000000 00:00 0 
7f11862e2000-7f11862e3000 ---p 00000000 00:00 0 
7f11862e3000-7f1186ae3000 rw-p 00000000 00:00 0 
7f1186ae3000-7f1186ae4000 ---p 00000000 00:00 0 
7f1186ae4000-7f1186ae5000 rw-p 00000000 00:00 0 
7f1186ae5000-7f1186ae9000 ---p 00000000 00:00 0 
7f1186ae9000-7f11872e4000 rw-p 00000000 00:00 0 
7f11872e4000-7f11872e5000 ---p 00000000 00:00 0 
7f11872e5000-7f1187ae5000 rw-p 00000000 00:00 0 
7f1187ae5000-7f1187b05000 r--p 00000000 08:02 1449217                    /usr/lib/x86_64-linux-gnu/libdb-5.3.so
7f1187b05000-7f1187c47000 r-xp 00020000 08:02 1449217                    /usr/lib/x86_64-linux-gnu/libdb-5.3.so
7f1187c47000-7f1187c8c000 r--p 00162000 08:02 1449217                    /usr/lib/x86_64-linux-gnu/libdb-5.3.so
7f1187c8c000-7f1187c93000 r--p 001a6000 08:02 1449217                    /usr/lib/x86_64-linux-gnu/libdb-5.3.so
7f1187c93000-7f1187c94000 rw-p 001ad000 08:02 1449217                    /usr/lib/x86_64-linux-gnu/libdb-5.3.so
7f1187c94000-7f1187dff000 r-xp 00000000 08:02 1450125                    /usr/lib/x86_64-linux-gnu/libsamplerate.so.0.1.8
7f1187dff000-7f1187ffe000 ---p 0016b000 08:02 1450125                    /usr/lib/x86_64-linux-gnu/libsamplerate.so.0.1.8
7f1187ffe000-7f1187fff000 r--p 0016a000 08:02 1450125                    /usr/lib/x86_64-linux-gnu/libsamplerate.so.0.1.8
7f1187fff000-7f1188000000 rw-p 0016b000 08:02 1450125                    /usr/lib/x86_64-linux-gnu/libsamplerate.so.0.1.8
7f1188000000-7f1188021000 rw-p 00000000 00:00 0 
7f1188021000-7f118c000000 ---p 00000000 00:00 0 
7f118c000000-7f118c021000 rw-p 00000000 00:00 0 
7f118c021000-7f1190000000 ---p 00000000 00:00 0 
7f1190000000-7f11901d5000 rw-p 00000000 00:00 0 
7f11901d5000-7f1194000000 ---p 00000000 00:00 0 
7f1194000000-7f11941e5000 rw-p 00000000 00:00 0 
7f11941e5000-7f1198000000 ---p 00000000 00:00 0 
7f1198000000-7f1198021000 rw-p 00000000 00:00 0 
7f1198021000-7f119c000000 ---p 00000000 00:00 0 
7f119c000000-7f119c021000 rw-p 00000000 00:00 0 
7f119c021000-7f11a0000000 ---p 00000000 00:00 0 
7f11a0000000-7f11a0021000 rw-p 00000000 00:00 0 
7f11a0021000-7f11a4000000 ---p 00000000 00:00 0 
7f11a4000000-7f11a4021000 rw-p 00000000 00:00 0 
7f11a4021000-7f11a8000000 ---p 00000000 00:00 0 
7f11a8000000-7f11a8021000 rw-p 00000000 00:00 0 
7f11a8021000-7f11ac000000 ---p 00000000 00:00 0 
7f11ac000000-7f11ac021000 rw-p 00000000 00:00 0 
7f11ac021000-7f11b0000000 ---p 00000000 00:00 0 
7f11b0000000-7f11b0021000 rw-p 00000000 00:00 0 
7f11b0021000-7f11b4000000 ---p 00000000 00:00 0 
7f11b4000000-7f11b4021000 rw-p 00000000 00:00 0 
7f11b4021000-7f11b8000000 ---p 00000000 00:00 0 
7f11b8013000-7f11b8019000 r--p 00000000 08:02 1442494                    /usr/lib/x86_64-linux-gnu/libjack.so.0.0.28
7f11b8019000-7f11b8025000 r-xp 00006000 08:02 1442494                    /usr/lib/x86_64-linux-gnu/libjack.so.0.0.28
7f11b8025000-7f11b802a000 r--p 00012000 08:02 1442494                    /usr/lib/x86_64-linux-gnu/libjack.so.0.0.28
7f11b802a000-7f11b802b000 r--p 00016000 08:02 1442494                    /usr/lib/x86_64-linux-gnu/libjack.so.0.0.28
7f11b802b000-7f11b802c000 rw-p 00017000 08:02 1442494                    /usr/lib/x86_64-linux-gnu/libjack.so.0.0.28
7f11b802c000-7f11b8036000 rw-p 00000000 00:00 0 
7f11b804d000-7f11b804f000 r--p 00000000 08:02 2097964                    /usr/lib/x86_64-linux-gnu/alsa-lib/libasound_module_ctl_pulse.so
7f11b804f000-7f11b8052000 r-xp 00002000 08:02 2097964                    /usr/lib/x86_64-linux-gnu/alsa-lib/libasound_module_ctl_pulse.so
7f11b8052000-7f11b8053000 r--p 00005000 08:02 2097964                    /usr/lib/x86_64-linux-gnu/alsa-lib/libasound_module_ctl_pulse.so
7f11b8053000-7f11b8054000 r--p 00005000 08:02 2097964                    /usr/lib/x86_64-linux-gnu/alsa-lib/libasound_module_ctl_pulse.so
7f11b8054000-7f11b8055000 rw-p 00006000 08:02 2097964                    /usr/lib/x86_64-linux-gnu/alsa-lib/libasound_module_ctl_pulse.so
7f11b8055000-7f11b8056000 ---p 00000000 00:00 0 
7f11b8056000-7f11b8856000 rw-p 00000000 00:00 0 
7f11b8856000-7f11b885a000 r--p 00000000 08:02 1449497                    /usr/lib/x86_64-linux-gnu/libgpg-error.so.0.28.0
7f11b885a000-7f11b886d000 r-xp 00004000 08:02 1449497                    /usr/lib/x86_64-linux-gnu/libgpg-error.so.0.28.0
7f11b886d000-7f11b8877000 r--p 00017000 08:02 1449497                    /usr/lib/x86_64-linux-gnu/libgpg-error.so.0.28.0
7f11b8877000-7f11b8878000 r--p 00020000 08:02 1449497                    /usr/lib/x86_64-linux-gnu/libgpg-error.so.0.28.0
7f11b8878000-7f11b8879000 rw-p 00021000 08:02 1449497                    /usr/lib/x86_64-linux-gnu/libgpg-error.so.0.28.0
7f11b8879000-7f11b887d000 r--p 00000000 08:02 1449109                    /usr/lib/x86_64-linux-gnu/libbsd.so.0.10.0
7f11b887d000-7f11b888c000 r-xp 00004000 08:02 1449109                    /usr/lib/x86_64-linux-gnu/libbsd.so.0.10.0
7f11b888c000-7f11b888f000 r--p 00013000 08:02 1449109                    /usr/lib/x86_64-linux-gnu/libbsd.so.0.10.0
7f11b888f000-7f11b8890000 ---p 00016000 08:02 1449109                    /usr/lib/x86_64-linux-gnu/libbsd.so.0.10.0
7f11b8890000-7f11b8891000 r--p 00016000 08:02 1449109                    /usr/lib/x86_64-linux-gnu/libbsd.so.0.10.0
7f11b8891000-7f11b8892000 rw-p 00017000 08:02 1449109                    /usr/lib/x86_64-linux-gnu/libbsd.so.0.10.0
7f11b8892000-7f11b8893000 rw-p 00000000 00:00 0 
7f11b8893000-7f11b8897000 r--p 00000000 08:02 1445806                    /usr/lib/x86_64-linux-gnu/libresolv-2.31.so
7f11b8897000-7f11b88a7000 r-xp 00004000 08:02 1445806                    /usr/lib/x86_64-linux-gnu/libresolv-2.31.so
7f11b88a7000-7f11b88ab000 r--p 00014000 08:02 1445806                    /usr/lib/x86_64-linux-gnu/libresolv-2.31.so
7f11b88ab000-7f11b88ac000 r--p 00017000 08:02 1445806                    /usr/lib/x86_64-linux-gnu/libresolv-2.31.so
7f11b88ac000-7f11b88ad000 rw-p 00018000 08:02 1445806                    /usr/lib/x86_64-linux-gnu/libresolv-2.31.so
7f11b88ad000-7f11b88af000 rw-p 00000000 00:00 0 
7f11b88af000-7f11b88c3000 r--p 00000000 08:02 1450341                    /usr/lib/x86_64-linux-gnu/libvorbisenc.so.2.0.11
7f11b88c3000-7f11b88c6000 r-xp 00014000 08:02 1450341                    /usr/lib/x86_64-linux-gnu/libvorbisenc.so.2.0.11
7f11b88c6000-7f11b893d000 r--p 00017000 08:02 1450341                    /usr/lib/x86_64-linux-gnu/libvorbisenc.so.2.0.11
7f11b893d000-7f11b8959000 r--p 0008d000 08:02 1450341                    /usr/lib/x86_64-linux-gnu/libvorbisenc.so.2.0.11
7f11b8959000-7f11b895a000 rw-p 000a9000 08:02 1450341                    /usr/lib/x86_64-linux-gnu/libvorbisenc.so.2.0.11
7f11b895a000-7f11b895d000 r--p 00000000 08:02 1450339                    /usr/lib/x86_64-linux-gnu/libvorbis.so.0.4.8
7f11b895d000-7f11b8974000 r-xp 00003000 08:02 1450339                    /usr/lib/x86_64-linux-gnu/libvorbis.so.0.4.8
7f11b8974000-7f11b8985000 r--p 0001a000 08:02 1450339                    /usr/lib/x86_64-linux-gnu/libvorbis.so.0.4.8
7f11b8985000-7f11b8986000 ---p 0002b000 08:02 1450339                    /usr/lib/x86_64-linux-gnu/libvorbis.so.0.4.8
7f11b8986000-7f11b8987000 r--p 0002b000 08:02 1450339                    /usr/lib/x86_64-linux-gnu/libvorbis.so.0.4.8
7f11b8987000-7f11b8988000 rw-p 0002c000 08:02 1450339                    /usr/lib/x86_64-linux-gnu/libvorbis.so.0.4.8
7f11b8988000-7f11b898a000 r--p 00000000 08:02 1449917                    /usr/lib/x86_64-linux-gnu/libogg.so.0.8.4
7f11b898a000-7f11b898f000 r-xp 00002000 08:02 1449917                    /usr/lib/x86_64-linux-gnu/libogg.so.0.8.4
7f11b898f000-7f11b8992000 r--p 00007000 08:02 1449917                    /usr/lib/x86_64-linux-gnu/libogg.so.0.8.4
7f11b8992000-7f11b8993000 ---p 0000a000 08:02 1449917                    /usr/lib/x86_64-linux-gnu/libogg.so.0.8.4
7f11b8993000-7f11b8994000 r--p 0000a000 08:02 1449917                    /usr/lib/x86_64-linux-gnu/libogg.so.0.8.4
7f11b8994000-7f11b8995000 rw-p 0000b000 08:02 1449917                    /usr/lib/x86_64-linux-gnu/libogg.so.0.8.4
7f11b8995000-7f11b899d000 r--p 00000000 08:02 1448904                    /usr/lib/x86_64-linux-gnu/libFLAC.so.8.3.0
7f11b899d000-7f11b89c6000 r-xp 00008000 08:02 1448904                    /usr/lib/x86_64-linux-gnu/libFLAC.so.8.3.0
7f11b89c6000-7f11b89d0000 r--p 00031000 08:02 1448904                    /usr/lib/x86_64-linux-gnu/libFLAC.so.8.3.0
7f11b89d0000-7f11b89d1000 ---p 0003b000 08:02 1448904                    /usr/lib/x86_64-linux-gnu/libFLAC.so.8.3.0
7f11b89d1000-7f11b89d2000 r--p 0003b000 08:02 1448904                    /usr/lib/x86_64-linux-gnu/libFLAC.so.8.3.0
7f11b89d2000-7f11b89d3000 rw-p 0003c000 08:02 1448904                    /usr/lib/x86_64-linux-gnu/libFLAC.so.8.3.0
7f11b89d3000-7f11b89d7000 r--p 00000000 08:02 1445797                    /usr/lib/x86_64-linux-gnu/libnsl-2.31.so
7f11b89d7000-7f11b89e7000 r-xp 00004000 08:02 1445797                    /usr/lib/x86_64-linux-gnu/libnsl-2.31.so
7f11b89e7000-7f11b89ec000 r--p 00014000 08:02 1445797                    /usr/lib/x86_64-linux-gnu/libnsl-2.31.so
7f11b89ec000-7f11b89ed000 r--p 00018000 08:02 1445797                    /usr/lib/x86_64-linux-gnu/libnsl-2.31.so
7f11b89ed000-7f11b89ee000 rw-p 00019000 08:02 1445797                    /usr/lib/x86_64-linux-gnu/libnsl-2.31.so
7f11b89ee000-7f11b89f0000 rw-p 00000000 00:00 0 
7f11b89f0000-7f11b89fc000 r--p 00000000 08:02 1447651                    /usr/lib/x86_64-linux-gnu/libgcrypt.so.20.2.5
7f11b89fc000-7f11b8aca000 r-xp 0000c000 08:02 1447651                    /usr/lib/x86_64-linux-gnu/libgcrypt.so.20.2.5
7f11b8aca000-7f11b8b07000 r--p 000da000 08:02 1447651                    /usr/lib/x86_64-linux-gnu/libgcrypt.so.20.2.5
7f11b8b07000-7f11b8b09000 r--p 00116000 08:02 1447651                    /usr/lib/x86_64-linux-gnu/libgcrypt.so.20.2.5
7f11b8b09000-7f11b8b0e000 rw-p 00118000 08:02 1447651                    /usr/lib/x86_64-linux-gnu/libgcrypt.so.20.2.5
7f11b8b0e000-7f11b8b10000 r--p 00000000 08:02 1449762                    /usr/lib/x86_64-linux-gnu/liblz4.so.1.9.2
7f11b8b10000-7f11b8b2a000 r-xp 00002000 08:02 1449762                    /usr/lib/x86_64-linux-gnu/liblz4.so.1.9.2
7f11b8b2a000-7f11b8b2d000 r--p 0001c000 08:02 1449762                    /usr/lib/x86_64-linux-gnu/liblz4.so.1.9.2
7f11b8b2d000-7f11b8b2e000 r--p 0001e000 08:02 1449762                    /usr/lib/x86_64-linux-gnu/liblz4.so.1.9.2
7f11b8b2e000-7f11b8b2f000 rw-p 0001f000 08:02 1449762                    /usr/lib/x86_64-linux-gnu/liblz4.so.1.9.2
7f11b8b2f000-7f11b8b32000 r--p 00000000 08:02 1443497                    /usr/lib/x86_64-linux-gnu/liblzma.so.5.2.4
7f11b8b32000-7f11b8b4a000 r-xp 00003000 08:02 1443497                    /usr/lib/x86_64-linux-gnu/liblzma.so.5.2.4
7f11b8b4a000-7f11b8b55000 r--p 0001b000 08:02 1443497                    /usr/lib/x86_64-linux-gnu/liblzma.so.5.2.4
7f11b8b55000-7f11b8b56000 ---p 00026000 08:02 1443497                    /usr/lib/x86_64-linux-gnu/liblzma.so.5.2.4
7f11b8b56000-7f11b8b57000 r--p 00026000 08:02 1443497                    /usr/lib/x86_64-linux-gnu/liblzma.so.5.2.4
7f11b8b57000-7f11b8b58000 rw-p 00027000 08:02 1443497                    /usr/lib/x86_64-linux-gnu/liblzma.so.5.2.4
7f11b8b58000-7f11b8b5b000 r--p 00000000 08:02 1449007                    /usr/lib/x86_64-linux-gnu/libapparmor.so.1.6.1
7f11b8b5b000-7f11b8b64000 r-xp 00003000 08:02 1449007                    /usr/lib/x86_64-linux-gnu/libapparmor.so.1.6.1
7f11b8b64000-7f11b8b6b000 r--p 0000c000 08:02 1449007                    /usr/lib/x86_64-linux-gnu/libapparmor.so.1.6.1
7f11b8b6b000-7f11b8b6c000 r--p 00012000 08:02 1449007                    /usr/lib/x86_64-linux-gnu/libapparmor.so.1.6.1
7f11b8b6c000-7f11b8b6d000 rw-p 00013000 08:02 1449007                    /usr/lib/x86_64-linux-gnu/libapparmor.so.1.6.1
7f11b8b6d000-7f11b8b72000 r-xp 00000000 08:02 1449028                    /usr/lib/x86_64-linux-gnu/libasyncns.so.0.3.1
7f11b8b72000-7f11b8d71000 ---p 00005000 08:02 1449028                    /usr/lib/x86_64-linux-gnu/libasyncns.so.0.3.1
7f11b8d71000-7f11b8d72000 r--p 00004000 08:02 1449028                    /usr/lib/x86_64-linux-gnu/libasyncns.so.0.3.1
7f11b8d72000-7f11b8d73000 rw-p 00005000 08:02 1449028                    /usr/lib/x86_64-linux-gnu/libasyncns.so.0.3.1
7f11b8d73000-7f11b8d7a000 r--p 00000000 08:02 1450170                    /usr/lib/x86_64-linux-gnu/libsndfile.so.1.0.28
7f11b8d7a000-7f11b8dcd000 r-xp 00007000 08:02 1450170                    /usr/lib/x86_64-linux-gnu/libsndfile.so.1.0.28
7f11b8dcd000-7f11b8dea000 r--p 0005a000 08:02 1450170                    /usr/lib/x86_64-linux-gnu/libsndfile.so.1.0.28
7f11b8dea000-7f11b8deb000 ---p 00077000 08:02 1450170                    /usr/lib/x86_64-linux-gnu/libsndfile.so.1.0.28
7f11b8deb000-7f11b8dee000 r--p 00077000 08:02 1450170                    /usr/lib/x86_64-linux-gnu/libsndfile.so.1.0.28
7f11b8dee000-7f11b8def000 rw-p 0007a000 08:02 1450170                    /usr/lib/x86_64-linux-gnu/libsndfile.so.1.0.28
7f11b8def000-7f11b8df1000 rw-p 00000000 00:00 0 
7f11b8df1000-7f11b8e01000 r--p 00000000 08:02 1446018                    /usr/lib/x86_64-linux-gnu/libsystemd.so.0.28.0
7f11b8e01000-7f11b8e76000 r-xp 00010000 08:02 1446018                    /usr/lib/x86_64-linux-gnu/libsystemd.so.0.28.0
7f11b8e76000-7f11b8e9b000 r--p 00085000 08:02 1446018                    /usr/lib/x86_64-linux-gnu/libsystemd.so.0.28.0
7f11b8e9b000-7f11b8e9e000 r--p 000a9000 08:02 1446018                    /usr/lib/x86_64-linux-gnu/libsystemd.so.0.28.0
7f11b8e9e000-7f11b8e9f000 rw-p 000ac000 08:02 1446018                    /usr/lib/x86_64-linux-gnu/libsystemd.so.0.28.0
7f11b8e9f000-7f11b8ea0000 rw-p 00000000 00:00 0 
7f11b8ea0000-7f11b8eab000 r--p 00000000 08:02 1450442                    /usr/lib/x86_64-linux-gnu/libxcb.so.1.1.0
7f11b8eab000-7f11b8ebf000 r-xp 0000b000 08:02 1450442                    /usr/lib/x86_64-linux-gnu/libxcb.so.1.1.0
7f11b8ebf000-7f11b8ec8000 r--p 0001f000 08:02 1450442                    /usr/lib/x86_64-linux-gnu/libxcb.so.1.1.0
7f11b8ec8000-7f11b8ec9000 r--p 00027000 08:02 1450442                    /usr/lib/x86_64-linux-gnu/libxcb.so.1.1.0
7f11b8ec9000-7f11b8eca000 rw-p 00028000 08:02 1450442                    /usr/lib/x86_64-linux-gnu/libxcb.so.1.1.0
7f11b8eca000-7f11b8ed5000 r--p 00000000 08:02 1442000                    /usr/lib/x86_64-linux-gnu/libdbus-1.so.3.19.11
7f11b8ed5000-7f11b8f03000 r-xp 0000b000 08:02 1442000                    /usr/lib/x86_64-linux-gnu/libdbus-1.so.3.19.11
7f11b8f03000-7f11b8f18000 r--p 00039000 08:02 1442000                    /usr/lib/x86_64-linux-gnu/libdbus-1.so.3.19.11
7f11b8f18000-7f11b8f19000 ---p 0004e000 08:02 1442000                    /usr/lib/x86_64-linux-gnu/libdbus-1.so.3.19.11
7f11b8f19000-7f11b8f1a000 r--p 0004e000 08:02 1442000                    /usr/lib/x86_64-linux-gnu/libdbus-1.so.3.19.11
7f11b8f1a000-7f11b8f1b000 rw-p 0004f000 08:02 1442000                    /usr/lib/x86_64-linux-gnu/libdbus-1.so.3.19.11
7f11b8f1b000-7f11b8f2c000 r--p 00000000 08:02 2097637                    /usr/lib/x86_64-linux-gnu/pulseaudio/libpulsecommon-13.99.so
7f11b8f2c000-7f11b8f74000 r-xp 00011000 08:02 2097637                    /usr/lib/x86_64-linux-gnu/pulseaudio/libpulsecommon-13.99.so
7f11b8f74000-7f11b8f99000 r--p 00059000 08:02 2097637                    /usr/lib/x86_64-linux-gnu/pulseaudio/libpulsecommon-13.99.so
7f11b8f99000-7f11b8f9a000 ---p 0007e000 08:02 2097637                    /usr/lib/x86_64-linux-gnu/pulseaudio/libpulsecommon-13.99.so
7f11b8f9a000-7f11b8f9c000 r--p 0007e000 08:02 2097637                    /usr/lib/x86_64-linux-gnu/pulseaudio/libpulsecommon-13.99.so
7f11b8f9c000-7f11b8f9d000 rw-p 00080000 08:02 2097637                    /usr/lib/x86_64-linux-gnu/pulseaudio/libpulsecommon-13.99.so
7f11b8f9d000-7f11b8fa9000 r--p 00000000 08:02 1442666                    /usr/lib/x86_64-linux-gnu/libpulse.so.0.21.2
7f11b8fa9000-7f11b8fd9000 r-xp 0000c000 08:02 1442666                    /usr/lib/x86_64-linux-gnu/libpulse.so.0.21.2
7f11b8fd9000-7f11b8fef000 r--p 0003c000 08:02 1442666                    /usr/lib/x86_64-linux-gnu/libpulse.so.0.21.2
7f11b8fef000-7f11b8ff1000 r--p 00051000 08:02 1442666                    /usr/lib/x86_64-linux-gnu/libpulse.so.0.21.2
7f11b8ff1000-7f11b8ff2000 rw-p 00053000 08:02 1442666                    /usr/lib/x86_64-linux-gnu/libpulse.so.0.21.2
7f11b8ff2000-7f11b8ff3000 r--p 00000000 08:02 2097968                    /usr/lib/x86_64-linux-gnu/alsa-lib/libasound_module_pcm_upmix.so
7f11b8ff3000-7f11b8ff5000 r-xp 00001000 08:02 2097968                    /usr/lib/x86_64-linux-gnu/alsa-lib/libasound_module_pcm_upmix.so
7f11b8ff5000-7f11b8ff6000 r--p 00003000 08:02 2097968                    /usr/lib/x86_64-linux-gnu/alsa-lib/libasound_module_pcm_upmix.so
7f11b8ff6000-7f11b8ff7000 r--p 00003000 08:02 2097968                    /usr/lib/x86_64-linux-gnu/alsa-lib/libasound_module_pcm_upmix.so
7f11b8ff7000-7f11b8ff8000 rw-p 00004000 08:02 2097968                    /usr/lib/x86_64-linux-gnu/alsa-lib/libasound_module_pcm_upmix.so
7f11b8ff8000-7f11b8ff9000 r--p 00000000 08:02 2097966                    /usr/lib/x86_64-linux-gnu/alsa-lib/libasound_module_pcm_oss.so
7f11b8ff9000-7f11b8ffb000 r-xp 00001000 08:02 2097966                    /usr/lib/x86_64-linux-gnu/alsa-lib/libasound_module_pcm_oss.so
7f11b8ffb000-7f11b8ffc000 r--p 00003000 08:02 2097966                    /usr/lib/x86_64-linux-gnu/alsa-lib/libasound_module_pcm_oss.so
7f11b8ffc000-7f11b8ffd000 r--p 00003000 08:02 2097966                    /usr/lib/x86_64-linux-gnu/alsa-lib/libasound_module_pcm_oss.so
7f11b8ffd000-7f11b8ffe000 rw-p 00004000 08:02 2097966                    /usr/lib/x86_64-linux-gnu/alsa-lib/libasound_module_pcm_oss.so
7f11b8ffe000-7f11b9000000 r--p 00000000 08:02 2097965                    /usr/lib/x86_64-linux-gnu/alsa-lib/libasound_module_pcm_jack.so
7f11b9000000-7f11b9002000 r-xp 00002000 08:02 2097965                    /usr/lib/x86_64-linux-gnu/alsa-lib/libasound_module_pcm_jack.so
7f11b9002000-7f11b9003000 r--p 00004000 08:02 2097965                    /usr/lib/x86_64-linux-gnu/alsa-lib/libasound_module_pcm_jack.so
7f11b9003000-7f11b9004000 r--p 00004000 08:02 2097965                    /usr/lib/x86_64-linux-gnu/alsa-lib/libasound_module_pcm_jack.so
7f11b9004000-7f11b9005000 rw-p 00005000 08:02 2097965                    /usr/lib/x86_64-linux-gnu/alsa-lib/libasound_module_pcm_jack.so
7f11b9005000-7f11b9006000 r--p 00000000 08:02 2097976                    /usr/lib/x86_64-linux-gnu/alsa-lib/libasound_module_rate_speexrate.so
7f11b9006000-7f11b9009000 r-xp 00001000 08:02 2097976                    /usr/lib/x86_64-linux-gnu/alsa-lib/libasound_module_rate_speexrate.so
7f11b9009000-7f11b900a000 r--p 00004000 08:02 2097976                    /usr/lib/x86_64-linux-gnu/alsa-lib/libasound_module_rate_speexrate.so
7f11b900a000-7f11b900b000 r--p 00004000 08:02 2097976                    /usr/lib/x86_64-linux-gnu/alsa-lib/libasound_module_rate_speexrate.so
7f11b900b000-7f11b900c000 rw-p 00005000 08:02 2097976                    /usr/lib/x86_64-linux-gnu/alsa-lib/libasound_module_rate_speexrate.so
7f11b900c000-7f11b900d000 r--p 00000000 08:02 2097971                    /usr/lib/x86_64-linux-gnu/alsa-lib/libasound_module_rate_samplerate.so
7f11b900d000-7f11b900e000 r-xp 00001000 08:02 2097971                    /usr/lib/x86_64-linux-gnu/alsa-lib/libasound_module_rate_samplerate.so
7f11b900e000-7f11b900f000 r--p 00002000 08:02 2097971                    /usr/lib/x86_64-linux-gnu/alsa-lib/libasound_module_rate_samplerate.so
7f11b900f000-7f11b9010000 r--p 00002000 08:02 2097971                    /usr/lib/x86_64-linux-gnu/alsa-lib/libasound_module_rate_samplerate.so
7f11b9010000-7f11b9011000 rw-p 00003000 08:02 2097971                    /usr/lib/x86_64-linux-gnu/alsa-lib/libasound_module_rate_samplerate.so
7f11b9011000-7f11b904e000 rw-p 00000000 00:00 0 
7f11b904e000-7f11b9050000 r--p 00000000 08:02 2234013                    /usr/local/lib/libilbccodec.so.2
7f11b9050000-7f11b905a000 r-xp 00002000 08:02 2234013                    /usr/local/lib/libilbccodec.so.2
7f11b905a000-7f11b905c000 r--p 0000c000 08:02 2234013                    /usr/local/lib/libilbccodec.so.2
7f11b905c000-7f11b905d000 r--p 0000d000 08:02 2234013                    /usr/local/lib/libilbccodec.so.2
7f11b905d000-7f11b905f000 rw-p 0000e000 08:02 2234013                    /usr/local/lib/libilbccodec.so.2
7f11b905f000-7f11b9060000 r--p 00000000 08:02 2234009                    /usr/local/lib/libgsmcodec.so.2
7f11b9060000-7f11b9068000 r-xp 00001000 08:02 2234009                    /usr/local/lib/libgsmcodec.so.2
7f11b9068000-7f11b9069000 r--p 00009000 08:02 2234009                    /usr/local/lib/libgsmcodec.so.2
7f11b9069000-7f11b906a000 r--p 00009000 08:02 2234009                    /usr/local/lib/libgsmcodec.so.2
7f11b906a000-7f11b906b000 rw-p 0000a000 08:02 2234009                    /usr/local/lib/libgsmcodec.so.2
7f11b906b000-7f11b9095000 r--p 00000000 08:02 1442673                    /usr/lib/x86_64-linux-gnu/libasound.so.2.0.0
7f11b9095000-7f11b9124000 r-xp 0002a000 08:02 1442673                    /usr/lib/x86_64-linux-gnu/libasound.so.2.0.0
7f11b9124000-7f11b915e000 r--p 000b9000 08:02 1442673                    /usr/lib/x86_64-linux-gnu/libasound.so.2.0.0
7f11b915e000-7f11b9165000 r--p 000f2000 08:02 1442673                    /usr/lib/x86_64-linux-gnu/libasound.so.2.0.0
7f11b9165000-7f11b9166000 rw-p 000f9000 08:02 1442673                    /usr/lib/x86_64-linux-gnu/libasound.so.2.0.0
7f11b9166000-7f11b9182000 r--p 00000000 08:02 1444741                    /usr/lib/x86_64-linux-gnu/libssl.so.1.1
7f11b9182000-7f11b91d1000 r-xp 0001c000 08:02 1444741                    /usr/lib/x86_64-linux-gnu/libssl.so.1.1
7f11b91d1000-7f11b91eb000 r--p 0006b000 08:02 1444741                    /usr/lib/x86_64-linux-gnu/libssl.so.1.1
7f11b91eb000-7f11b91ec000 ---p 00085000 08:02 1444741                    /usr/lib/x86_64-linux-gnu/libssl.so.1.1
7f11b91ec000-7f11b91f5000 r--p 00085000 08:02 1444741                    /usr/lib/x86_64-linux-gnu/libssl.so.1.1
7f11b91f5000-7f11b91f9000 rw-p 0008e000 08:02 1444741                    /usr/lib/x86_64-linux-gnu/libssl.so.1.1
7f11b91f9000-7f11b91ff000 r--p 00000000 08:02 2234019                    /usr/local/lib/libwebrtc.so.2
7f11b91ff000-7f11b9218000 r-xp 00006000 08:02 2234019                    /usr/local/lib/libwebrtc.so.2
7f11b9218000-7f11b9220000 r--p 0001f000 08:02 2234019                    /usr/local/lib/libwebrtc.so.2
7f11b9220000-7f11b9221000 r--p 00026000 08:02 2234019                    /usr/local/lib/libwebrtc.so.2
7f11b9221000-7f11b9222000 rw-p 00027000 08:02 2234019                    /usr/local/lib/libwebrtc.so.2
7f11b9222000-7f11b9228000 r--p 00000000 08:02 2234011                    /usr/local/lib/libspeex.so.2
7f11b9228000-7f11b9246000 r-xp 00006000 08:02 2234011                    /usr/local/lib/libspeex.so.2
7f11b9246000-7f11b924e000 r--p 00024000 08:02 2234011                    /usr/local/lib/libspeex.so.2
7f11b924e000-7f11b924f000 ---p 0002c000 08:02 2234011                    /usr/local/lib/libspeex.so.2
7f11b924f000-7f11b9250000 r--p 0002c000 08:02 2234011                    /usr/local/lib/libspeex.so.2
7f11b9250000-7f11b9251000 rw-p 0002d000 08:02 2234011                    /usr/local/lib/libspeex.so.2
7f11b9251000-7f11b9252000 r--p 00000000 08:02 2234007                    /usr/local/lib/libresample.so.2
7f11b9252000-7f11b9253000 r-xp 00001000 08:02 2234007                    /usr/local/lib/libresample.so.2
7f11b9253000-7f11b925e000 r--p 00002000 08:02 2234007                    /usr/local/lib/libresample.so.2
7f11b925e000-7f11b925f000 r--p 0000c000 08:02 2234007                    /usr/local/lib/libresample.so.2
7f11b925f000-7f11b9260000 rw-p 0000d000 08:02 2234007                    /usr/local/lib/libresample.so.2
7f11b9260000-7f11b9265000 r--p 00000000 08:02 2234005                    /usr/local/lib/libsrtp.so.2
7f11b9265000-7f11b9270000 r-xp 00005000 08:02 2234005                    /usr/local/lib/libsrtp.so.2
7f11b9270000-7f11b9274000 r--p 00010000 08:02 2234005                    /usr/local/lib/libsrtp.so.2
7f11b9274000-7f11b9275000 r--p 00013000 08:02 2234005                    /usr/local/lib/libsrtp.so.2
7f11b9275000-7f11b9276000 rw-p 00014000 08:02 2234005                    /usr/local/lib/libsrtp.so.2
7f11b9276000-7f11b92ee000 r--p 00000000 08:02 1442965                    /usr/lib/x86_64-linux-gnu/libcrypto.so.1.1
7f11b92ee000-7f11b9489000 r-xp 00078000 08:02 1442965                    /usr/lib/x86_64-linux-gnu/libcrypto.so.1.1
7f11b9489000-7f11b951a000 r--p 00213000 08:02 1442965                    /usr/lib/x86_64-linux-gnu/libcrypto.so.1.1
7f11b951a000-7f11b9546000 r--p 002a3000 08:02 1442965                    /usr/lib/x86_64-linux-gnu/libcrypto.so.1.1
7f11b9546000-7f11b9548000 rw-p 002cf000 08:02 1442965                    /usr/lib/x86_64-linux-gnu/libcrypto.so.1.1
7f11b9548000-7f11b954c000 rw-p 00000000 00:00 0 
7f11b954c000-7f11b9554000 r--p 00000000 08:02 2234039                    /usr/local/lib/libpjnath.so.2
7f11b9554000-7f11b9572000 r-xp 00008000 08:02 2234039                    /usr/local/lib/libpjnath.so.2
7f11b9572000-7f11b957e000 r--p 00026000 08:02 2234039                    /usr/local/lib/libpjnath.so.2
7f11b957e000-7f11b957f000 r--p 00031000 08:02 2234039                    /usr/local/lib/libpjnath.so.2
7f11b957f000-7f11b9581000 rw-p 00032000 08:02 2234039                    /usr/local/lib/libpjnath.so.2
7f11b9581000-7f11b9587000 r--p 00000000 08:02 2234025                    /usr/local/lib/libpjsip-ua.so.2
7f11b9587000-7f11b9599000 r-xp 00006000 08:02 2234025                    /usr/local/lib/libpjsip-ua.so.2
7f11b9599000-7f11b959f000 r--p 00018000 08:02 2234025                    /usr/local/lib/libpjsip-ua.so.2
7f11b959f000-7f11b95a0000 r--p 0001d000 08:02 2234025                    /usr/local/lib/libpjsip-ua.so.2
7f11b95a0000-7f11b95a1000 rw-p 0001e000 08:02 2234025                    /usr/local/lib/libpjsip-ua.so.2
7f11b95a1000-7f11b95ad000 r--p 00000000 08:02 2234043                    /usr/local/lib/libpj.so.2
7f11b95ad000-7f11b95cb000 r-xp 0000c000 08:02 2234043                    /usr/local/lib/libpj.so.2
7f11b95cb000-7f11b95d6000 r--p 0002a000 08:02 2234043                    /usr/local/lib/libpj.so.2
7f11b95d6000-7f11b95d7000 ---p 00035000 08:02 2234043                    /usr/local/lib/libpj.so.2
7f11b95d7000-7f11b95d8000 r--p 00035000 08:02 2234043                    /usr/local/lib/libpj.so.2
7f11b95d8000-7f11b95d9000 rw-p 00036000 08:02 2234043                    /usr/local/lib/libpj.so.2
7f11b95d9000-7f11b95db000 rw-p 00000000 00:00 0 
7f11b95db000-7f11b95e9000 r--p 00000000 08:02 2234035                    /usr/local/lib/libpjmedia.so.2
7f11b95e9000-7f11b9621000 r-xp 0000e000 08:02 2234035                    /usr/local/lib/libpjmedia.so.2
7f11b9621000-7f11b963e000 r--p 00046000 08:02 2234035                    /usr/local/lib/libpjmedia.so.2
7f11b963e000-7f11b963f000 ---p 00063000 08:02 2234035                    /usr/local/lib/libpjmedia.so.2
7f11b963f000-7f11b9640000 r--p 00063000 08:02 2234035                    /usr/local/lib/libpjmedia.so.2
7f11b9640000-7f11b9642000 rw-p 00064000 08:02 2234035                    /usr/local/lib/libpjmedia.so.2
7f11b9642000-7f11b9643000 rw-p 00000000 00:00 0 
7f11b9643000-7f11b9651000 r--p 00000000 08:02 2234023                    /usr/local/lib/libpjsua.so.2
7f11b9651000-7f11b9686000 r-xp 0000e000 08:02 2234023                    /usr/local/lib/libpjsua.so.2
7f11b9686000-7f11b9693000 r--p 00043000 08:02 2234023                    /usr/local/lib/libpjsua.so.2
7f11b9693000-7f11b9694000 r--p 0004f000 08:02 2234023                    /usr/local/lib/libpjsua.so.2
7f11b9694000-7f11b9696000 rw-p 00050000 08:02 2234023                    /usr/local/lib/libpjsua.so.2
7f11b9696000-7f11b9778000 rw-p 00000000 00:00 0 
7f11b9778000-7f11b97c7000 r--p 00000000 08:02 1444779                    /usr/lib/libpjsua2.so
7f11b97c7000-7f11b9853000 r-xp 0004f000 08:02 1444779                    /usr/lib/libpjsua2.so
7f11b9853000-7f11b9889000 r--p 000db000 08:02 1444779                    /usr/lib/libpjsua2.so
7f11b9889000-7f11b988a000 ---p 00111000 08:02 1444779                    /usr/lib/libpjsua2.so
7f11b988a000-7f11b988b000 r--p 00111000 08:02 1444779                    /usr/lib/libpjsua2.so
7f11b988b000-7f11b988d000 rw-p 00112000 08:02 1444779                    /usr/lib/libpjsua2.so
7f11b988d000-7f11b99f6000 r-xp 00000000 08:02 1444772                    /usr/lib/libopenh264.so
7f11b99f6000-7f11b9bf6000 ---p 00169000 08:02 1444772                    /usr/lib/libopenh264.so
7f11b9bf6000-7f11b9bf9000 r--p 00169000 08:02 1444772                    /usr/lib/libopenh264.so
7f11b9bf9000-7f11b9bfb000 rw-p 0016c000 08:02 1444772                    /usr/lib/libopenh264.so
7f11b9bfb000-7f11b9bff000 ---p 00000000 00:00 0 
7f11b9bff000-7f11b9cfc000 rw-p 00000000 00:00 0 
7f11b9cfc000-7f11b9cfd000 ---p 00000000 00:00 0 
7f11b9cfd000-7f11b9dfe000 rw-p 00000000 00:00 0 
7f11b9dfe000-7f11b9e02000 ---p 00000000 00:00 0 
7f11b9e02000-7f11b9eff000 rw-p 00000000 00:00 0 
7f11b9eff000-7f11b9f03000 ---p 00000000 00:00 0 
7f11b9f03000-7f11bc000000 rw-p 00000000 00:00 0 
7f11bc000000-7f11bc021000 rw-p 00000000 00:00 0 
7f11bc021000-7f11c0000000 ---p 00000000 00:00 0 
7f11c0001000-7f11c0003000 r--p 00000000 08:02 2097967                    /usr/lib/x86_64-linux-gnu/alsa-lib/libasound_module_pcm_pulse.so
7f11c0003000-7f11c0006000 r-xp 00002000 08:02 2097967                    /usr/lib/x86_64-linux-gnu/alsa-lib/libasound_module_pcm_pulse.so
7f11c0006000-7f11c0007000 r--p 00005000 08:02 2097967                    /usr/lib/x86_64-linux-gnu/alsa-lib/libasound_module_pcm_pulse.so
7f11c0007000-7f11c0008000 ---p 00006000 08:02 2097967                    /usr/lib/x86_64-linux-gnu/alsa-lib/libasound_module_pcm_pulse.so
7f11c0008000-7f11c0009000 r--p 00006000 08:02 2097967                    /usr/lib/x86_64-linux-gnu/alsa-lib/libasound_module_pcm_pulse.so
7f11c0009000-7f11c000a000 rw-p 00007000 08:02 2097967                    /usr/lib/x86_64-linux-gnu/alsa-lib/libasound_module_pcm_pulse.so
7f11c000a000-7f11c000d000 r--p 00000000 08:02 2234031                    /usr/local/lib/libpjmedia-codec.so.2
7f11c000d000-7f11c0015000 r-xp 00003000 08:02 2234031                    /usr/local/lib/libpjmedia-codec.so.2
7f11c0015000-7f11c0018000 r--p 0000b000 08:02 2234031                    /usr/local/lib/libpjmedia-codec.so.2
7f11c0018000-7f11c0019000 r--p 0000d000 08:02 2234031                    /usr/local/lib/libpjmedia-codec.so.2
7f11c0019000-7f11c001a000 rw-p 0000e000 08:02 2234031                    /usr/local/lib/libpjmedia-codec.so.2
7f11c001a000-7f11c0021000 r--p 00000000 08:02 2234041                    /usr/local/lib/libpjlib-util.so.2
7f11c0021000-7f11c003b000 r-xp 00007000 08:02 2234041                    /usr/local/lib/libpjlib-util.so.2
7f11c003b000-7f11c0043000 r--p 00021000 08:02 2234041                    /usr/local/lib/libpjlib-util.so.2
7f11c0043000-7f11c0044000 r--p 00028000 08:02 2234041                    /usr/local/lib/libpjlib-util.so.2
7f11c0044000-7f11c0045000 rw-p 00029000 08:02 2234041                    /usr/local/lib/libpjlib-util.so.2
7f11c0045000-7f11c0061000 r--p 00000000 08:02 2234021                    /usr/local/lib/libpjsua2.so.2
7f11c0061000-7f11c00b5000 r-xp 0001c000 08:02 2234021                    /usr/local/lib/libpjsua2.so.2
7f11c00b5000-7f11c00ca000 r--p 00070000 08:02 2234021                    /usr/local/lib/libpjsua2.so.2
7f11c00ca000-7f11c00cc000 r--p 00084000 08:02 2234021                    /usr/local/lib/libpjsua2.so.2
7f11c00cc000-7f11c00ce000 rw-p 00086000 08:02 2234021                    /usr/local/lib/libpjsua2.so.2
7f11c00ce000-7f11c00d2000 ---p 00000000 00:00 0 
7f11c00d2000-7f11c01cf000 rw-p 00000000 00:00 0 
7f11c01cf000-7f11c01d3000 ---p 00000000 00:00 0 
7f11c01d3000-7f11c04c0000 rw-p 00000000 00:00 0 
7f11c04c0000-7f11c2160000 ---p 00000000 00:00 0 
7f11c2160000-7f11c2358000 rw-p 00000000 00:00 0 
7f11c2358000-7f11c3ff8000 ---p 00000000 00:00 0 
7f11c3ff8000-7f11c4000000 rw-p 00000000 00:00 0 
7f11c4000000-7f11c4021000 rw-p 00000000 00:00 0 
7f11c4021000-7f11c8000000 ---p 00000000 00:00 0 
7f11c8002000-7f11c8004000 r--p 00000000 08:02 1442187                    /usr/lib/x86_64-linux-gnu/libuuid.so.1.3.0
7f11c8004000-7f11c8008000 r-xp 00002000 08:02 1442187                    /usr/lib/x86_64-linux-gnu/libuuid.so.1.3.0
7f11c8008000-7f11c8009000 r--p 00006000 08:02 1442187                    /usr/lib/x86_64-linux-gnu/libuuid.so.1.3.0
7f11c8009000-7f11c800a000 r--p 00006000 08:02 1442187                    /usr/lib/x86_64-linux-gnu/libuuid.so.1.3.0
7f11c800a000-7f11c800b000 rw-p 00007000 08:02 1442187                    /usr/lib/x86_64-linux-gnu/libuuid.so.1.3.0
7f11c800b000-7f11c8019000 r--p 00000000 08:02 2234029                    /usr/local/lib/libpjsip.so.2
7f11c8019000-7f11c8049000 r-xp 0000e000 08:02 2234029                    /usr/local/lib/libpjsip.so.2
7f11c8049000-7f11c805a000 r--p 0003e000 08:02 2234029                    /usr/local/lib/libpjsip.so.2
7f11c805a000-7f11c805c000 r--p 0004e000 08:02 2234029                    /usr/local/lib/libpjsip.so.2
7f11c805c000-7f11c805e000 rw-p 00050000 08:02 2234029                    /usr/local/lib/libpjsip.so.2
7f11c805e000-7f11c8063000 rw-p 00000000 00:00 0 
7f11c8063000-7f11c8069000 r--p 00000000 08:02 2234027                    /usr/local/lib/libpjsip-simple.so.2
7f11c8069000-7f11c8074000 r-xp 00006000 08:02 2234027                    /usr/local/lib/libpjsip-simple.so.2
7f11c8074000-7f11c8078000 r--p 00011000 08:02 2234027                    /usr/local/lib/libpjsip-simple.so.2
7f11c8078000-7f11c8079000 ---p 00015000 08:02 2234027                    /usr/local/lib/libpjsip-simple.so.2
7f11c8079000-7f11c807a000 r--p 00015000 08:02 2234027                    /usr/local/lib/libpjsip-simple.so.2
7f11c807a000-7f11c807b000 rw-p 00016000 08:02 2234027                    /usr/local/lib/libpjsip-simple.so.2
7f11c807b000-7f11c80ac000 rw-p 00000000 00:00 0 
7f11c80ac000-7f11c80b0000 ---p 00000000 00:00 0 
7f11c80b0000-7f11c81ad000 rw-p 00000000 00:00 0 
7f11c81ad000-7f11c871d000 r--p 00000000 08:02 1444832                    /usr/lib/locale/locale-archive
7f11c871d000-7f11c8721000 ---p 00000000 00:00 0 
7f11c8721000-7f11c881e000 rw-p 00000000 00:00 0 
7f11c881e000-7f11c8a8e000 rwxp 00000000 00:00 0 
7f11c8a8e000-7f11c8dae000 ---p 00000000 00:00 0 
7f11c8dae000-7f11c901e000 rwxp 00000000 00:00 0 
7f11c901e000-7f11d02e6000 ---p 00000000 00:00 0 
7f11d02e6000-7f11d0556000 rwxp 00000000 00:00 0 
7f11d0556000-7f11d781e000 ---p 00000000 00:00 0 
7f11d781e000-7f11e0000000 r--s 00000000 08:02 1447911                    /usr/lib/jvm/java-11-openjdk-amd64/lib/modules
7f11e0000000-7f11e037c000 rw-p 00000000 00:00 0 
7f11e037c000-7f11e4000000 ---p 00000000 00:00 0 
7f11e4000000-7f11e4007000 r--s 00000000 08:02 2102563                    /usr/lib/x86_64-linux-gnu/gconv/gconv-modules.cache
7f11e4007000-7f11e4009000 r--p 00000000 08:02 2234037                    /usr/local/lib/libpjmedia-audiodev.so.2
7f11e4009000-7f11e400d000 r-xp 00002000 08:02 2234037                    /usr/local/lib/libpjmedia-audiodev.so.2
7f11e400d000-7f11e400e000 r--p 00006000 08:02 2234037                    /usr/local/lib/libpjmedia-audiodev.so.2
7f11e400e000-7f11e400f000 ---p 00007000 08:02 2234037                    /usr/local/lib/libpjmedia-audiodev.so.2
7f11e400f000-7f11e4010000 r--p 00007000 08:02 2234037                    /usr/local/lib/libpjmedia-audiodev.so.2
7f11e4010000-7f11e4011000 rw-p 00008000 08:02 2234037                    /usr/local/lib/libpjmedia-audiodev.so.2
7f11e4011000-7f11e4013000 r--p 00000000 08:02 1448951                    /usr/lib/x86_64-linux-gnu/libXdmcp.so.6.0.0
7f11e4013000-7f11e4015000 r-xp 00002000 08:02 1448951                    /usr/lib/x86_64-linux-gnu/libXdmcp.so.6.0.0
7f11e4015000-7f11e4017000 r--p 00004000 08:02 1448951                    /usr/lib/x86_64-linux-gnu/libXdmcp.so.6.0.0
7f11e4017000-7f11e4018000 r--p 00005000 08:02 1448951                    /usr/lib/x86_64-linux-gnu/libXdmcp.so.6.0.0
7f11e4018000-7f11e4019000 rw-p 00006000 08:02 1448951                    /usr/lib/x86_64-linux-gnu/libXdmcp.so.6.0.0
7f11e4019000-7f11e401a000 r--p 00000000 08:02 1448940                    /usr/lib/x86_64-linux-gnu/libXau.so.6.0.0
7f11e401a000-7f11e401c000 r-xp 00001000 08:02 1448940                    /usr/lib/x86_64-linux-gnu/libXau.so.6.0.0
7f11e401c000-7f11e401d000 r--p 00003000 08:02 1448940                    /usr/lib/x86_64-linux-gnu/libXau.so.6.0.0
7f11e401d000-7f11e401e000 r--p 00003000 08:02 1448940                    /usr/lib/x86_64-linux-gnu/libXau.so.6.0.0
7f11e401e000-7f11e401f000 rw-p 00004000 08:02 1448940                    /usr/lib/x86_64-linux-gnu/libXau.so.6.0.0
7f11e401f000-7f11e4022000 r--p 00000000 08:02 1450402                    /usr/lib/x86_64-linux-gnu/libwrap.so.0.7.6
7f11e4022000-7f11e4027000 r-xp 00003000 08:02 1450402                    /usr/lib/x86_64-linux-gnu/libwrap.so.0.7.6
7f11e4027000-7f11e4029000 r--p 00008000 08:02 1450402                    /usr/lib/x86_64-linux-gnu/libwrap.so.0.7.6
7f11e4029000-7f11e402a000 r--p 00009000 08:02 1450402                    /usr/lib/x86_64-linux-gnu/libwrap.so.0.7.6
7f11e402a000-7f11e402b000 rw-p 0000a000 08:02 1450402                    /usr/lib/x86_64-linux-gnu/libwrap.so.0.7.6
7f11e402b000-7f11e402c000 r--p 00000000 08:02 2097970                    /usr/lib/x86_64-linux-gnu/alsa-lib/libasound_module_pcm_vdownmix.so
7f11e402c000-7f11e402d000 r-xp 00001000 08:02 2097970                    /usr/lib/x86_64-linux-gnu/alsa-lib/libasound_module_pcm_vdownmix.so
7f11e402d000-7f11e402e000 r--p 00002000 08:02 2097970                    /usr/lib/x86_64-linux-gnu/alsa-lib/libasound_module_pcm_vdownmix.so
7f11e402e000-7f11e402f000 r--p 00002000 08:02 2097970                    /usr/lib/x86_64-linux-gnu/alsa-lib/libasound_module_pcm_vdownmix.so
7f11e402f000-7f11e4030000 rw-p 00003000 08:02 2097970                    /usr/lib/x86_64-linux-gnu/alsa-lib/libasound_module_pcm_vdownmix.so
7f11e4030000-7f11e4034000 r--p 00000000 08:02 1447901                    /usr/lib/jvm/java-11-openjdk-amd64/lib/libnet.so
7f11e4034000-7f11e4042000 r-xp 00004000 08:02 1447901                    /usr/lib/jvm/java-11-openjdk-amd64/lib/libnet.so
7f11e4042000-7f11e4046000 r--p 00012000 08:02 1447901                    /usr/lib/jvm/java-11-openjdk-amd64/lib/libnet.so
7f11e4046000-7f11e4047000 r--p 00015000 08:02 1447901                    /usr/lib/jvm/java-11-openjdk-amd64/lib/libnet.so
7f11e4047000-7f11e4048000 rw-p 00016000 08:02 1447901                    /usr/lib/jvm/java-11-openjdk-amd64/lib/libnet.so
7f11e4048000-7f11e404f000 r--p 00000000 08:02 1447902                    /usr/lib/jvm/java-11-openjdk-amd64/lib/libnio.so
7f11e404f000-7f11e4057000 r-xp 00007000 08:02 1447902                    /usr/lib/jvm/java-11-openjdk-amd64/lib/libnio.so
7f11e4057000-7f11e405a000 r--p 0000f000 08:02 1447902                    /usr/lib/jvm/java-11-openjdk-amd64/lib/libnio.so
7f11e405a000-7f11e405b000 r--p 00011000 08:02 1447902                    /usr/lib/jvm/java-11-openjdk-amd64/lib/libnio.so
7f11e405b000-7f11e405c000 rw-p 00012000 08:02 1447902                    /usr/lib/jvm/java-11-openjdk-amd64/lib/libnio.so
7f11e405c000-7f11e4060000 ---p 00000000 00:00 0 
7f11e4060000-7f11e415d000 rw-p 00000000 00:00 0 
7f11e415d000-7f11e415e000 ---p 00000000 00:00 0 
7f11e415e000-7f11e48a3000 rw-p 00000000 00:00 0 
7f11e48a3000-7f11e4b63000 ---p 00000000 00:00 0 
7f11e4b63000-7f11e4ba5000 rw-p 00000000 00:00 0 
7f11e4ba5000-7f11e4ba6000 ---p 00000000 00:00 0 
7f11e4ba6000-7f11e4ca7000 rw-p 00000000 00:00 0 
7f11e4ca7000-7f11e4ca8000 ---p 00000000 00:00 0 
7f11e4ca8000-7f11e51ad000 rw-p 00000000 00:00 0 
7f11e51ad000-7f11e51ae000 ---p 00000000 00:00 0 
7f11e51ae000-7f11e52af000 rw-p 00000000 00:00 0 
7f11e52af000-7f11e52b0000 ---p 00000000 00:00 0 
7f11e52b0000-7f11e5431000 rw-p 00000000 00:00 0 
7f11e5431000-7f11e57c5000 ---p 00000000 00:00 0 
7f11e57c5000-7f11e5804000 rw-p 00000000 00:00 0 
7f11e5804000-7f11e5b98000 ---p 00000000 00:00 0 
7f11e5b98000-7f11e5bd7000 rw-p 00000000 00:00 0 
7f11e5bd7000-7f11e5f6b000 ---p 00000000 00:00 0 
7f11e5f6b000-7f11e6370000 rw-p 00000000 00:00 0 
7f11e6370000-7f11e6371000 ---p 00000000 00:00 0 
7f11e6371000-7f11e6477000 rw-p 00000000 00:00 0 
7f11e6477000-7f11e655d000 ---p 00000000 00:00 0 
7f11e655d000-7f11e6562000 rw-p 00000000 00:00 0 
7f11e6562000-7f11e6648000 ---p 00000000 00:00 0 
7f11e6648000-7f11e664b000 r--p 00000000 08:02 1445800                    /usr/lib/x86_64-linux-gnu/libnss_files-2.31.so
7f11e664b000-7f11e6652000 r-xp 00003000 08:02 1445800                    /usr/lib/x86_64-linux-gnu/libnss_files-2.31.so
7f11e6652000-7f11e6654000 r--p 0000a000 08:02 1445800                    /usr/lib/x86_64-linux-gnu/libnss_files-2.31.so
7f11e6654000-7f11e6655000 r--p 0000b000 08:02 1445800                    /usr/lib/x86_64-linux-gnu/libnss_files-2.31.so
7f11e6655000-7f11e6656000 rw-p 0000c000 08:02 1445800                    /usr/lib/x86_64-linux-gnu/libnss_files-2.31.so
7f11e6656000-7f11e6661000 rw-p 00000000 00:00 0 
7f11e6661000-7f11e6668000 ---p 00000000 00:00 0 
7f11e6668000-7f11e666a000 r--p 00000000 08:02 1447910                    /usr/lib/jvm/java-11-openjdk-amd64/lib/libzip.so
7f11e666a000-7f11e666f000 r-xp 00002000 08:02 1447910                    /usr/lib/jvm/java-11-openjdk-amd64/lib/libzip.so
7f11e666f000-7f11e6671000 r--p 00007000 08:02 1447910                    /usr/lib/jvm/java-11-openjdk-amd64/lib/libzip.so
7f11e6671000-7f11e6672000 r--p 00008000 08:02 1447910                    /usr/lib/jvm/java-11-openjdk-amd64/lib/libzip.so
7f11e6672000-7f11e6673000 rw-p 00009000 08:02 1447910                    /usr/lib/jvm/java-11-openjdk-amd64/lib/libzip.so
7f11e6673000-7f11e667b000 rw-s 00000000 08:02 8913086                    /tmp/hsperfdata_user/13619
7f11e667b000-7f11e6689000 r--p 00000000 08:02 1447890                    /usr/lib/jvm/java-11-openjdk-amd64/lib/libjava.so
7f11e6689000-7f11e669f000 r-xp 0000e000 08:02 1447890                    /usr/lib/jvm/java-11-openjdk-amd64/lib/libjava.so
7f11e669f000-7f11e66a6000 r--p 00024000 08:02 1447890                    /usr/lib/jvm/java-11-openjdk-amd64/lib/libjava.so
7f11e66a6000-7f11e66a7000 r--p 0002a000 08:02 1447890                    /usr/lib/jvm/java-11-openjdk-amd64/lib/libjava.so
7f11e66a7000-7f11e66a8000 rw-p 0002b000 08:02 1447890                    /usr/lib/jvm/java-11-openjdk-amd64/lib/libjava.so
7f11e66a8000-7f11e66a9000 rw-p 00000000 00:00 0 
7f11e66a9000-7f11e66ab000 r--p 00000000 08:02 1445807                    /usr/lib/x86_64-linux-gnu/librt-2.31.so
7f11e66ab000-7f11e66af000 r-xp 00002000 08:02 1445807                    /usr/lib/x86_64-linux-gnu/librt-2.31.so
7f11e66af000-7f11e66b1000 r--p 00006000 08:02 1445807                    /usr/lib/x86_64-linux-gnu/librt-2.31.so
7f11e66b1000-7f11e66b2000 r--p 00007000 08:02 1445807                    /usr/lib/x86_64-linux-gnu/librt-2.31.so
7f11e66b2000-7f11e66b3000 rw-p 00008000 08:02 1445807                    /usr/lib/x86_64-linux-gnu/librt-2.31.so
7f11e66b3000-7f11e66b7000 ---p 00000000 00:00 0 
7f11e66b7000-7f11e67b4000 rw-p 00000000 00:00 0 
7f11e67b4000-7f11e67b7000 r--p 00000000 08:02 1449406                    /usr/lib/x86_64-linux-gnu/libgcc_s.so.1
7f11e67b7000-7f11e67c9000 r-xp 00003000 08:02 1449406                    /usr/lib/x86_64-linux-gnu/libgcc_s.so.1
7f11e67c9000-7f11e67cd000 r--p 00015000 08:02 1449406                    /usr/lib/x86_64-linux-gnu/libgcc_s.so.1
7f11e67cd000-7f11e67ce000 r--p 00018000 08:02 1449406                    /usr/lib/x86_64-linux-gnu/libgcc_s.so.1
7f11e67ce000-7f11e67cf000 rw-p 00019000 08:02 1449406                    /usr/lib/x86_64-linux-gnu/libgcc_s.so.1
7f11e67cf000-7f11e67dc000 r--p 00000000 08:02 1445794                    /usr/lib/x86_64-linux-gnu/libm-2.31.so
7f11e67dc000-7f11e6883000 r-xp 0000d000 08:02 1445794                    /usr/lib/x86_64-linux-gnu/libm-2.31.so
7f11e6883000-7f11e691c000 r--p 000b4000 08:02 1445794                    /usr/lib/x86_64-linux-gnu/libm-2.31.so
7f11e691c000-7f11e691d000 r--p 0014c000 08:02 1445794                    /usr/lib/x86_64-linux-gnu/libm-2.31.so
7f11e691d000-7f11e691e000 rw-p 0014d000 08:02 1445794                    /usr/lib/x86_64-linux-gnu/libm-2.31.so
7f11e691e000-7f11e69b4000 r--p 00000000 08:02 1450209                    /usr/lib/x86_64-linux-gnu/libstdc++.so.6.0.28
7f11e69b4000-7f11e6aa5000 r-xp 00096000 08:02 1450209                    /usr/lib/x86_64-linux-gnu/libstdc++.so.6.0.28
7f11e6aa5000-7f11e6aee000 r--p 00187000 08:02 1450209                    /usr/lib/x86_64-linux-gnu/libstdc++.so.6.0.28
7f11e6aee000-7f11e6aef000 ---p 001d0000 08:02 1450209                    /usr/lib/x86_64-linux-gnu/libstdc++.so.6.0.28
7f11e6aef000-7f11e6afa000 r--p 001d0000 08:02 1450209                    /usr/lib/x86_64-linux-gnu/libstdc++.so.6.0.28
7f11e6afa000-7f11e6afd000 rw-p 001db000 08:02 1450209                    /usr/lib/x86_64-linux-gnu/libstdc++.so.6.0.28
7f11e6afd000-7f11e6b00000 rw-p 00000000 00:00 0 
7f11e6b00000-7f11e6d82000 r--p 00000000 08:02 1447914                    /usr/lib/jvm/java-11-openjdk-amd64/lib/server/libjvm.so
7f11e6d82000-7f11e7a08000 r-xp 00282000 08:02 1447914                    /usr/lib/jvm/java-11-openjdk-amd64/lib/server/libjvm.so
7f11e7a08000-7f11e7c64000 r--p 00f08000 08:02 1447914                    /usr/lib/jvm/java-11-openjdk-amd64/lib/server/libjvm.so
7f11e7c64000-7f11e7d28000 r--p 01163000 08:02 1447914                    /usr/lib/jvm/java-11-openjdk-amd64/lib/server/libjvm.so
7f11e7d28000-7f11e7d63000 rw-p 01227000 08:02 1447914                    /usr/lib/jvm/java-11-openjdk-amd64/lib/server/libjvm.so
7f11e7d63000-7f11e7dbc000 rw-p 00000000 00:00 0 
7f11e7dbc000-7f11e7dc2000 r--p 00000000 08:02 1445805                    /usr/lib/x86_64-linux-gnu/libpthread-2.31.so
7f11e7dc2000-7f11e7dd3000 r-xp 00006000 08:02 1445805                    /usr/lib/x86_64-linux-gnu/libpthread-2.31.so
7f11e7dd3000-7f11e7dd9000 r--p 00017000 08:02 1445805                    /usr/lib/x86_64-linux-gnu/libpthread-2.31.so
7f11e7dd9000-7f11e7dda000 r--p 0001c000 08:02 1445805                    /usr/lib/x86_64-linux-gnu/libpthread-2.31.so
7f11e7dda000-7f11e7ddb000 rw-p 0001d000 08:02 1445805                    /usr/lib/x86_64-linux-gnu/libpthread-2.31.so
7f11e7ddb000-7f11e7ddf000 rw-p 00000000 00:00 0 
7f11e7ddf000-7f11e7de0000 r--p 00000000 08:02 1445793                    /usr/lib/x86_64-linux-gnu/libdl-2.31.so
7f11e7de0000-7f11e7de2000 r-xp 00001000 08:02 1445793                    /usr/lib/x86_64-linux-gnu/libdl-2.31.so
7f11e7de2000-7f11e7de3000 r--p 00003000 08:02 1445793                    /usr/lib/x86_64-linux-gnu/libdl-2.31.so
7f11e7de3000-7f11e7de4000 r--p 00003000 08:02 1445793                    /usr/lib/x86_64-linux-gnu/libdl-2.31.so
7f11e7de4000-7f11e7de5000 rw-p 00004000 08:02 1445793                    /usr/lib/x86_64-linux-gnu/libdl-2.31.so
7f11e7de5000-7f11e7de7000 r--p 00000000 08:02 1445493                    /usr/lib/x86_64-linux-gnu/libz.so.1.2.11
7f11e7de7000-7f11e7df8000 r-xp 00002000 08:02 1445493                    /usr/lib/x86_64-linux-gnu/libz.so.1.2.11
7f11e7df8000-7f11e7dfe000 r--p 00013000 08:02 1445493                    /usr/lib/x86_64-linux-gnu/libz.so.1.2.11
7f11e7dfe000-7f11e7dff000 ---p 00019000 08:02 1445493                    /usr/lib/x86_64-linux-gnu/libz.so.1.2.11
7f11e7dff000-7f11e7e00000 r--p 00019000 08:02 1445493                    /usr/lib/x86_64-linux-gnu/libz.so.1.2.11
7f11e7e00000-7f11e7e01000 rw-p 0001a000 08:02 1445493                    /usr/lib/x86_64-linux-gnu/libz.so.1.2.11
7f11e7e01000-7f11e7e23000 r--p 00000000 08:02 1445792                    /usr/lib/x86_64-linux-gnu/libc-2.31.so
7f11e7e23000-7f11e7f9b000 r-xp 00022000 08:02 1445792                    /usr/lib/x86_64-linux-gnu/libc-2.31.so
7f11e7f9b000-7f11e7fe9000 r--p 0019a000 08:02 1445792                    /usr/lib/x86_64-linux-gnu/libc-2.31.so
7f11e7fe9000-7f11e7fed000 r--p 001e7000 08:02 1445792                    /usr/lib/x86_64-linux-gnu/libc-2.31.so
7f11e7fed000-7f11e7fef000 rw-p 001eb000 08:02 1445792                    /usr/lib/x86_64-linux-gnu/libc-2.31.so
7f11e7fef000-7f11e7ff3000 rw-p 00000000 00:00 0 
7f11e7ff3000-7f11e7ff5000 r--s 0000c000 08:02 2235382                    /usr/share/java/java-atk-wrapper.jar
7f11e7ff5000-7f11e7ff6000 ---p 00000000 00:00 0 
7f11e7ff6000-7f11e7ff7000 r--p 00000000 00:00 0 
7f11e7ff7000-7f11e7ff9000 r--p 00000000 08:02 1447893                    /usr/lib/jvm/java-11-openjdk-amd64/lib/libjimage.so
7f11e7ff9000-7f11e7ffc000 r-xp 00002000 08:02 1447893                    /usr/lib/jvm/java-11-openjdk-amd64/lib/libjimage.so
7f11e7ffc000-7f11e7ffd000 r--p 00005000 08:02 1447893                    /usr/lib/jvm/java-11-openjdk-amd64/lib/libjimage.so
7f11e7ffd000-7f11e7ffe000 ---p 00006000 08:02 1447893                    /usr/lib/jvm/java-11-openjdk-amd64/lib/libjimage.so
7f11e7ffe000-7f11e7fff000 r--p 00006000 08:02 1447893                    /usr/lib/jvm/java-11-openjdk-amd64/lib/libjimage.so
7f11e7fff000-7f11e8000000 rw-p 00007000 08:02 1447893                    /usr/lib/jvm/java-11-openjdk-amd64/lib/libjimage.so
7f11e8000000-7f11e8005000 r--p 00000000 08:02 1447909                    /usr/lib/jvm/java-11-openjdk-amd64/lib/libverify.so
7f11e8005000-7f11e800c000 r-xp 00005000 08:02 1447909                    /usr/lib/jvm/java-11-openjdk-amd64/lib/libverify.so
7f11e800c000-7f11e800e000 r--p 0000c000 08:02 1447909                    /usr/lib/jvm/java-11-openjdk-amd64/lib/libverify.so
7f11e800e000-7f11e800f000 ---p 0000e000 08:02 1447909                    /usr/lib/jvm/java-11-openjdk-amd64/lib/libverify.so
7f11e800f000-7f11e8011000 r--p 0000e000 08:02 1447909                    /usr/lib/jvm/java-11-openjdk-amd64/lib/libverify.so
7f11e8011000-7f11e8012000 rw-p 00010000 08:02 1447909                    /usr/lib/jvm/java-11-openjdk-amd64/lib/libverify.so
7f11e8012000-7f11e8015000 r--p 00000000 08:02 1447875                    /usr/lib/jvm/java-11-openjdk-amd64/lib/jli/libjli.so
7f11e8015000-7f11e801f000 r-xp 00003000 08:02 1447875                    /usr/lib/jvm/java-11-openjdk-amd64/lib/jli/libjli.so
7f11e801f000-7f11e8022000 r--p 0000d000 08:02 1447875                    /usr/lib/jvm/java-11-openjdk-amd64/lib/jli/libjli.so
7f11e8022000-7f11e8023000 ---p 00010000 08:02 1447875                    /usr/lib/jvm/java-11-openjdk-amd64/lib/jli/libjli.so
7f11e8023000-7f11e8024000 r--p 00010000 08:02 1447875                    /usr/lib/jvm/java-11-openjdk-amd64/lib/jli/libjli.so
7f11e8024000-7f11e8025000 rw-p 00011000 08:02 1447875                    /usr/lib/jvm/java-11-openjdk-amd64/lib/jli/libjli.so
7f11e8025000-7f11e8027000 rw-p 00000000 00:00 0 
7f11e8027000-7f11e8028000 r--p 00000000 08:02 1445788                    /usr/lib/x86_64-linux-gnu/ld-2.31.so
7f11e8028000-7f11e804b000 r-xp 00001000 08:02 1445788                    /usr/lib/x86_64-linux-gnu/ld-2.31.so
7f11e804b000-7f11e8053000 r--p 00024000 08:02 1445788                    /usr/lib/x86_64-linux-gnu/ld-2.31.so
7f11e8054000-7f11e8055000 r--p 0002c000 08:02 1445788                    /usr/lib/x86_64-linux-gnu/ld-2.31.so
7f11e8055000-7f11e8056000 rw-p 0002d000 08:02 1445788                    /usr/lib/x86_64-linux-gnu/ld-2.31.so
7f11e8056000-7f11e8057000 rw-p 00000000 00:00 0 
7ffeb4408000-7ffeb4429000 rw-p 00000000 00:00 0                          [stack]
7ffeb454a000-7ffeb454e000 r--p 00000000 00:00 0                          [vvar]
7ffeb454e000-7ffeb4550000 r-xp 00000000 00:00 0                          [vdso]
ffffffffff600000-ffffffffff601000 --xp 00000000 00:00 0                  [vsyscall]


VM Arguments:
java_command: com.zilogic.mypjsip.MyApp
java_class_path (initial): /home/user/NetBeansProjects/mypjsip/target/classes:/home/user/.m2/repository/pjsip/pjsip/1.0/pjsip-1.0.jar
Launcher Type: SUN_STANDARD

[Global flags]
     intx CICompilerCount                          = 3                                         {product} {ergonomic}
     uint ConcGCThreads                            = 1                                         {product} {ergonomic}
     uint G1ConcRefinementThreads                  = 4                                         {product} {ergonomic}
   size_t G1HeapRegionSize                         = 1048576                                   {product} {ergonomic}
    uintx GCDrainStackTargetSize                   = 64                                        {product} {ergonomic}
   size_t InitialHeapSize                          = 130023424                                 {product} {ergonomic}
   size_t MarkStackSize                            = 4194304                                   {product} {ergonomic}
   size_t MaxHeapSize                              = 2053111808                                {product} {ergonomic}
   size_t MaxNewSize                               = 1231028224                                {product} {ergonomic}
   size_t MinHeapDeltaBytes                        = 1048576                                   {product} {ergonomic}
    uintx NonNMethodCodeHeapSize                   = 5830732                                {pd product} {ergonomic}
    uintx NonProfiledCodeHeapSize                  = 122913754                              {pd product} {ergonomic}
    uintx ProfiledCodeHeapSize                     = 122913754                              {pd product} {ergonomic}
    uintx ReservedCodeCacheSize                    = 251658240                              {pd product} {ergonomic}
     bool SegmentedCodeCache                       = true                                      {product} {ergonomic}
     bool UseCompressedClassPointers               = true                                 {lp64_product} {ergonomic}
     bool UseCompressedOops                        = true                                 {lp64_product} {ergonomic}
     bool UseG1GC                                  = true                                      {product} {ergonomic}

Logging:
Log output configuration:
 #0: stdout all=warning uptime,level,tags
 #1: stderr all=off uptime,level,tags

Environment Variables:
JAVA_HOME=/usr/lib/jvm/java-11-openjdk-amd64
PATH=/home/user/.local/bin:/usr/local/sbin:/usr/local/bin:/usr/sbin:/usr/bin:/sbin:/bin:/usr/games:/usr/local/games:/snap/bin
USERNAME=user
SHELL=/bin/bash
DISPLAY=:0
LANG=en_IN

Signal Handlers:
SIGSEGV: [libjvm.so+0xe95100], sa_mask[0]=11111111011111111101111111111110, sa_flags=SA_RESTART|SA_SIGINFO
SIGBUS: [libjvm.so+0xe95100], sa_mask[0]=11111111011111111101111111111110, sa_flags=SA_RESTART|SA_SIGINFO
SIGFPE: [libjvm.so+0xe95100], sa_mask[0]=11111111011111111101111111111110, sa_flags=SA_RESTART|SA_SIGINFO
SIGPIPE: [libjvm.so+0xbdca50], sa_mask[0]=11111111011111111101111111111110, sa_flags=SA_RESTART|SA_SIGINFO
SIGXFSZ: [libjvm.so+0xbdca50], sa_mask[0]=11111111011111111101111111111110, sa_flags=SA_RESTART|SA_SIGINFO
SIGILL: [libjvm.so+0xe95100], sa_mask[0]=11111111011111111101111111111110, sa_flags=SA_RESTART|SA_SIGINFO
SIGUSR2: [libjvm.so+0xbdc8f0], sa_mask[0]=00100000000000000000000000000000, sa_flags=SA_RESTART|SA_SIGINFO
SIGHUP: [libjvm.so+0xbdcd90], sa_mask[0]=11111111011111111101111111111110, sa_flags=SA_RESTART|SA_SIGINFO
SIGINT: SIG_IGN, sa_mask[0]=00000000000000000000000000000000, sa_flags=none
SIGTERM: [libjvm.so+0xbdcd90], sa_mask[0]=11111111011111111101111111111110, sa_flags=SA_RESTART|SA_SIGINFO
SIGQUIT: [libjvm.so+0xbdcd90], sa_mask[0]=11111111011111111101111111111110, sa_flags=SA_RESTART|SA_SIGINFO


---------------  S Y S T E M  ---------------

OS:DISTRIB_ID=Ubuntu
DISTRIB_RELEASE=20.04
DISTRIB_CODENAME=focal
DISTRIB_DESCRIPTION="Ubuntu 20.04.4 LTS"
uname:Linux 5.13.0-52-generic #59~20.04.1-Ubuntu SMP Thu Jun 16 21:21:28 UTC 2022 x86_64
OS uptime: 0 days 1:47 hours
libc:glibc 2.31 NPTL 2.31 
rlimit (soft/hard): STACK 8192k/infinity , CORE 0k/infinity , NPROC 31037/31037 , NOFILE 1048576/1048576 , AS infinity/infinity , CPU infinity/infinity , DATA infinity/infinity , FSIZE infinity/infinity , MEMLOCK 65536k/65536k
load average:0.77 0.43 0.50

/proc/meminfo:
MemTotal:        8017192 kB
MemFree:          180360 kB
MemAvailable:    2606064 kB
Buffers:          518076 kB
Cached:          2437528 kB
SwapCached:          304 kB
Active:          1679444 kB
Inactive:        5588780 kB
Active(anon):     263904 kB
Inactive(anon):  4516272 kB
Active(file):    1415540 kB
Inactive(file):  1072508 kB
Unevictable:       54984 kB
Mlocked:              16 kB
SwapTotal:       3999740 kB
SwapFree:        3994072 kB
Dirty:               552 kB
Writeback:             0 kB
AnonPages:       4367312 kB
Mapped:           793824 kB
Shmem:            474596 kB
KReclaimable:     241708 kB
Slab:             386660 kB
SReclaimable:     241708 kB
SUnreclaim:       144952 kB
KernelStack:       17808 kB
PageTables:        38620 kB
NFS_Unstable:          0 kB
Bounce:                0 kB
WritebackTmp:          0 kB
CommitLimit:     8008336 kB
Committed_AS:   10874780 kB
VmallocTotal:   34359738367 kB
VmallocUsed:       43292 kB
VmallocChunk:          0 kB
Percpu:             4048 kB
HardwareCorrupted:     0 kB
AnonHugePages:         0 kB
ShmemHugePages:        0 kB
ShmemPmdMapped:        0 kB
FileHugePages:         0 kB
FilePmdMapped:         0 kB
HugePages_Total:       0
HugePages_Free:        0
HugePages_Rsvd:        0
HugePages_Surp:        0
Hugepagesize:       2048 kB
Hugetlb:               0 kB
DirectMap4k:      387488 kB
DirectMap2M:     7876608 kB
DirectMap1G:           0 kB

/sys/kernel/mm/transparent_hugepage/enabled:
always [madvise] never
/sys/kernel/mm/transparent_hugepage/defrag (defrag/compaction efforts parameter):
always defer defer+madvise [madvise] never

Process Memory:
Virtual Size: 5291304K (peak: 13435636K)
Resident Set Size: 60768K (peak: 60900K) (anon: 24164K, file: 36604K, shmem: 0K)
Swapped out: 0K
C-Heap outstanding allocations: 3570K

/proc/sys/kernel/threads-max (system-wide limit on the number of threads):
62075
/proc/sys/vm/max_map_count (maximum number of memory map areas a process may have):
65530
/proc/sys/kernel/pid_max (system-wide limit on number of process identifiers):
4194304

container (cgroup) information:
container_type: cgroupv1
cpu_cpuset_cpus: 0-3
cpu_memory_nodes: 0
active_processor_count: 4
cpu_quota: -1
cpu_period: 100000
cpu_shares: -1
memory_limit_in_bytes: -1
memory_and_swap_limit_in_bytes: -1
memory_soft_limit_in_bytes: -1
memory_usage_in_bytes: 5550030848
memory_max_usage_in_bytes: 5642944512

Steal ticks since vm start: 0
Steal ticks percentage since vm start:  0.000

CPU:total 4 (initial active 4) (4 cores per cpu, 1 threads per core) family 6 model 158 stepping 9 microcode 0xf0, cmov, cx8, fxsr, mmx, sse, sse2, sse3, ssse3, sse4.1, sse4.2, popcnt, avx, avx2, aes, clmul, erms, rtm, 3dnowpref, lzcnt, tsc, tscinvbit, bmi1, bmi2, adx, fma
CPU Model and flags from /proc/cpuinfo:
model name	: Intel(R) Core(TM) i5-7500 CPU @ 3.40GHz
flags		: fpu vme de pse tsc msr pae mce cx8 apic sep mtrr pge mca cmov pat pse36 clflush dts acpi mmx fxsr sse sse2 ss ht tm pbe syscall nx pdpe1gb rdtscp lm constant_tsc art arch_perfmon pebs bts rep_good nopl xtopology nonstop_tsc cpuid aperfmperf pni pclmulqdq dtes64 monitor ds_cpl vmx smx est tm2 ssse3 sdbg fma cx16 xtpr pdcm pcid sse4_1 sse4_2 x2apic movbe popcnt tsc_deadline_timer aes xsave avx f16c rdrand lahf_lm abm 3dnowprefetch cpuid_fault epb invpcid_single pti ssbd ibrs ibpb stibp tpr_shadow vnmi flexpriority ept vpid ept_ad fsgsbase tsc_adjust bmi1 hle avx2 smep bmi2 erms invpcid rtm mpx rdseed adx smap clflushopt intel_pt xsaveopt xsavec xgetbv1 xsaves dtherm ida arat pln pts hwp hwp_notify hwp_act_window hwp_epp md_clear flush_l1d arch_capabilities
Online cpus:
0-3
Offline cpus:

BIOS frequency limitation:
<Not Available>
Frequency switch latency (ns):
0
Available cpu frequencies:
<Not Available>
Current governor:
powersave
Core performance/turbo boost:
<Not Available>

Memory: 4k page, physical 8017192k(180360k free), swap 3999740k(3994072k free)

vm_info: OpenJDK 64-Bit Server VM (11.0.15+10-Ubuntu-0ubuntu0.20.04.1) for linux-amd64 JRE (11.0.15+10-Ubuntu-0ubuntu0.20.04.1), built on Apr 23 2022 13:02:10 by "unknown" with gcc 9.4.0

END.
