#
# A fatal error has been detected by the Java Runtime Environment:
#
#  SIGSEGV (0xb) at pc=0x00007fe0cd4e366d, pid=130922, tid=130924
#
# JRE version: OpenJDK Runtime Environment (11.0.15+10) (build 11.0.15+10-Ubuntu-0ubuntu0.20.04.1)
# Java VM: OpenJDK 64-Bit Server VM (11.0.15+10-Ubuntu-0ubuntu0.20.04.1, mixed mode, sharing, tiered, compressed oops, g1 gc, linux-amd64)
# Problematic frame:
# C  [libpjsua2.so.2+0x6066d]  pj::Call::makeCall(std::__cxx11::basic_string<char, std::char_traits<char>, std::allocator<char> > const&, pj::CallOpParam const&)+0x8d
#
# Core dump will be written. Default location: Core dumps may be processed with "/usr/share/apport/apport -p%p -s%s -c%c -d%d -P%P -u%u -g%g -- %E" (or dumping to /home/user/NetBeansProjects/mypjsip/core.130922)
#
# If you would like to submit a bug report, please visit:
#   Unknown
# The crash happened outside the Java Virtual Machine in native code.
# See problematic frame for where to report the bug.
#

---------------  S U M M A R Y ------------

Command Line: com.zilogic.mypjsip.MyApp

Host: Intel(R) Core(TM) i5-7500 CPU @ 3.40GHz, 4 cores, 7G, Ubuntu 20.04.4 LTS
Time: Mon Jul 11 17:37:37 2022 IST elapsed time: 87.416603 seconds (0d 0h 1m 27s)

---------------  T H R E A D  ---------------

Current thread (0x00007fe0f4016000):  JavaThread "main" [_thread_in_native, id=130924, stack(0x00007fe0fa386000,0x00007fe0fa487000)]

Stack: [0x00007fe0fa386000,0x00007fe0fa487000],  sp=0x00007fe0fa485470,  free space=1021k
Native frames: (J=compiled Java code, A=aot compiled Java code, j=interpreted, Vv=VM code, C=native code)
C  [libpjsua2.so.2+0x6066d]  pj::Call::makeCall(std::__cxx11::basic_string<char, std::char_traits<char>, std::allocator<char> > const&, pj::CallOpParam const&)+0x8d
C  0x0000000000000000

Java frames: (J=compiled Java code, j=interpreted, Vv=VM code)
j  org.pjsip.pjsua2.pjsua2JNI.Call_makeCall(JLorg/pjsip/pjsua2/Call;Ljava/lang/String;JLorg/pjsip/pjsua2/CallOpParam;)V+0
j  org.pjsip.pjsua2.Call.makeCall(Ljava/lang/String;Lorg/pjsip/pjsua2/CallOpParam;)V+11
j  com.zilogic.mypjsip.MyApp.main([Ljava/lang/String;)V+648
v  ~StubRoutines::call_stub

siginfo: si_signo: 11 (SIGSEGV), si_code: 1 (SEGV_MAPERR), si_addr: 0x0000000000000008

Register to memory mapping:

RAX=0x0 is NULL
RBX=0x00007fe0fa4854f0 is pointing into the stack for thread: 0x00007fe0f4016000
RCX=0x0000000000000016 is an unknown value
RDX=0x0 is NULL
RSP=0x00007fe0fa485470 is pointing into the stack for thread: 0x00007fe0f4016000
RBP=0x00007fe0fa4854e0 is pointing into the stack for thread: 0x00007fe0f4016000
RSI=0x00007fe0cd4f3736: <offset 0x0000000000070736> in /usr/local/lib/libpjsua2.so.2 at 0x00007fe0cd483000
RDI=0x00007fe0fa4854f0 is pointing into the stack for thread: 0x00007fe0f4016000
R8 =0x0 is NULL
R9 =0x00007fe0fa4854e0 is pointing into the stack for thread: 0x00007fe0f4016000
R10=0x000000008d0048ee points into unknown readable memory: 00 00
R11=0x000000008c703360 points into unknown readable memory: 0x0000002ff4acd009 | 09 d0 ac f4 2f 00 00 00
R12=0x0 is NULL
R13=0x00007fe0f42ed010 points into unknown readable memory: 0x0000000000000000 | 00 00 00 00 00 00 00 00
R14=0x0 is NULL
R15=0x00007fe0f42cfcc0 points into unknown readable memory: 0x00007fe0fb9ed118 | 18 d1 9e fb e0 7f 00 00


Registers:
RAX=0x0000000000000000, RBX=0x00007fe0fa4854f0, RCX=0x0000000000000016, RDX=0x0000000000000000
RSP=0x00007fe0fa485470, RBP=0x00007fe0fa4854e0, RSI=0x00007fe0cd4f3736, RDI=0x00007fe0fa4854f0
R8 =0x0000000000000000, R9 =0x00007fe0fa4854e0, R10=0x000000008d0048ee, R11=0x000000008c703360
R12=0x0000000000000000, R13=0x00007fe0f42ed010, R14=0x0000000000000000, R15=0x00007fe0f42cfcc0
RIP=0x00007fe0cd4e366d, EFLAGS=0x0000000000010246, CSGSFS=0x002b000000000033, ERR=0x0000000000000004
  TRAPNO=0x000000000000000e

Top of Stack: (sp=0x00007fe0fa485470)
0x00007fe0fa485470:   00007fe0f42cc8b0 0000000000000016
0x00007fe0fa485480:   0000000000000005 00007f0100000016
0x00007fe0fa485490:   00007fe0fa4855c0 00007fe0fb62322b
0x00007fe0fa4854a0:   0000000000000004 0000000000000000 

Instructions: (pc=0x00007fe0cd4e366d)
0x00007fe0cd4e356d:   44 24 40 48 39 c7 74 05 e8 56 ea fb ff 48 8b 7c
0x00007fe0cd4e357d:   24 10 48 85 ff 0f 84 c8 fd ff ff e8 43 ea fb ff
0x00007fe0cd4e358d:   e9 be fd ff ff e8 69 ec fb ff f3 0f 1e fa 49 89
0x00007fe0cd4e359d:   c4 49 89 d5 e9 2c 68 fc ff f3 0f 1e fa 48 89 c7
0x00007fe0cd4e35ad:   48 89 d0 e9 2b 68 fc ff 90 66 2e 0f 1f 84 00 00
0x00007fe0cd4e35bd:   00 00 00 f3 0f 1e fa 55 48 89 fd e8 73 f6 fb ff
0x00007fe0cd4e35cd:   48 89 ef be 48 00 00 00 5d e9 05 eb fb ff 90 0f
0x00007fe0cd4e35dd:   1f 40 00 f3 0f 1e fa 41 56 41 55 49 89 d5 41 54
0x00007fe0cd4e35ed:   49 89 fc 55 53 48 81 ec 80 02 00 00 48 8b 16 64
0x00007fe0cd4e35fd:   48 8b 04 25 28 00 00 00 48 89 84 24 78 02 00 00
0x00007fe0cd4e360d:   31 c0 48 8d 6c 24 70 48 8b 46 08 48 8d 9c 24 80
0x00007fe0cd4e361d:   00 00 00 48 89 14 24 48 8d 15 0b 01 01 00 48 89
0x00007fe0cd4e362d:   ef 48 89 d6 48 89 44 24 08 48 89 5c 24 70 e8 c0
0x00007fe0cd4e363d:   de fb ff 49 8d 4d 30 49 8d 75 58 49 89 e9 48 8d
0x00007fe0cd4e364d:   bc 24 e0 00 00 00 45 31 c0 4c 89 ea e8 b2 f6 fb
0x00007fe0cd4e365d:   ff 48 8b 7c 24 70 48 39 df 74 05 e8 63 e9 fb ff
0x00007fe0cd4e366d:   49 8b 7c 24 08 48 8b 9c 24 f8 01 00 00 4c 8b ac
0x00007fe0cd4e367d:   24 50 02 00 00 e8 69 e4 fb ff 4d 8d 4c 24 10 4c
0x00007fe0cd4e368d:   89 e1 48 89 e6 89 c7 49 89 d8 4c 89 ea e8 01 f8
0x00007fe0cd4e369d:   fb ff 41 89 c4 85 c0 75 27 48 8b 84 24 78 02 00
0x00007fe0cd4e36ad:   00 64 48 33 04 25 28 00 00 00 0f 85 ef 00 00 00
0x00007fe0cd4e36bd:   48 81 c4 80 02 00 00 5b 5d 41 5c 41 5d 41 5e c3
0x00007fe0cd4e36cd:   4c 8d 6c 24 50 48 8d 35 6e 13 01 00 4c 89 ef 4c
0x00007fe0cd4e36dd:   8d 74 24 30 48 8d 5c 24 20 e8 15 ac ff ff 48 8d
0x00007fe0cd4e36ed:   35 56 19 01 00 4c 89 f7 48 89 5c 24 10 48 c7 44
0x00007fe0cd4e36fd:   24 18 00 00 00 00 c6 44 24 20 00 e8 f3 ab ff ff
0x00007fe0cd4e370d:   48 8d 4c 24 10 4d 89 e8 4c 89 f2 44 89 e6 41 b9
0x00007fe0cd4e371d:   b8 02 00 00 48 89 ef e8 67 f1 fb ff 48 8b 7c 24
0x00007fe0cd4e372d:   30 48 8d 44 24 40 48 39 c7 74 05 e8 93 e8 fb ff
0x00007fe0cd4e373d:   48 8b 7c 24 10 48 39 df 74 05 e8 84 e8 fb ff 48
0x00007fe0cd4e374d:   8b 7c 24 50 48 8d 5c 24 60 48 39 df 74 05 e8 70
0x00007fe0cd4e375d:   e8 fb ff e8 7b ed fb ff 85 c0 0f 8e 02 67 fc ff 


Stack slot to memory mapping:
stack at sp + 0 slots: 0x00007fe0f42cc8b0 points into unknown readable memory: 0x313030363a706973 | 73 69 70 3a 36 30 30 31
stack at sp + 1 slots: 0x0000000000000016 is an unknown value
stack at sp + 2 slots: 0x0000000000000005 is an unknown value
stack at sp + 3 slots: 0x00007f0100000016 is an unknown value
stack at sp + 4 slots: 0x00007fe0fa4855c0 is pointing into the stack for thread: 0x00007fe0f4016000
stack at sp + 5 slots: 0x00007fe0fb62322b: <offset 0x0000000000e5022b> in /usr/lib/jvm/java-11-openjdk-amd64/lib/server/libjvm.so at 0x00007fe0fa7d3000
stack at sp + 6 slots: 0x0000000000000004 is an unknown value
stack at sp + 7 slots: 0x0 is NULL


---------------  P R O C E S S  ---------------

Threads class SMR info:
_java_thread_list=0x00007fe05c002020, length=9, elements={
0x00007fe0f4016000, 0x00007fe0f410f000, 0x00007fe0f4111000, 0x00007fe0f4116800,
0x00007fe0f4118800, 0x00007fe0f411a800, 0x00007fe0f411c800, 0x00007fe0f411e800,
0x00007fe0f417a000
}

Java Threads: ( => current thread )
=>0x00007fe0f4016000 JavaThread "main" [_thread_in_native, id=130924, stack(0x00007fe0fa386000,0x00007fe0fa487000)]
  0x00007fe0f410f000 JavaThread "Reference Handler" daemon [_thread_blocked, id=130936, stack(0x00007fe0dc53f000,0x00007fe0dc640000)]
  0x00007fe0f4111000 JavaThread "Finalizer" daemon [_thread_blocked, id=130937, stack(0x00007fe0dc43e000,0x00007fe0dc53f000)]
  0x00007fe0f4116800 JavaThread "Signal Dispatcher" daemon [_thread_blocked, id=130938, stack(0x00007fe0dc33d000,0x00007fe0dc43e000)]
  0x00007fe0f4118800 JavaThread "Service Thread" daemon [_thread_blocked, id=130939, stack(0x00007fe0dc23c000,0x00007fe0dc33d000)]
  0x00007fe0f411a800 JavaThread "C2 CompilerThread0" daemon [_thread_blocked, id=130940, stack(0x00007fe0dc13b000,0x00007fe0dc23c000)]
  0x00007fe0f411c800 JavaThread "C1 CompilerThread0" daemon [_thread_blocked, id=130941, stack(0x00007fe0dc03a000,0x00007fe0dc13b000)]
  0x00007fe0f411e800 JavaThread "Sweeper thread" daemon [_thread_blocked, id=130942, stack(0x00007fe0d41cf000,0x00007fe0d42d0000)]
  0x00007fe0f417a000 JavaThread "Common-Cleaner" daemon [_thread_blocked, id=130944, stack(0x00007fe0cd98f000,0x00007fe0cda90000)]

Other Threads:
  0x00007fe0f410c000 VMThread "VM Thread" [stack: 0x00007fe0dc642000,0x00007fe0dc742000] [id=130935]
  0x00007fe0f4177800 WatcherThread [stack: 0x00007fe0d40cf000,0x00007fe0d41cf000] [id=130943]
  0x00007fe0f402e000 GCTaskThread "GC Thread#0" [stack: 0x00007fe0fa045000,0x00007fe0fa145000] [id=130930]
  0x00007fe0c0001000 GCTaskThread "GC Thread#1" [stack: 0x00007fe0cc145000,0x00007fe0cc245000] [id=130981]
  0x00007fe0c0002800 GCTaskThread "GC Thread#2" [stack: 0x00007fe0cc043000,0x00007fe0cc143000] [id=130982]
  0x00007fe0c0004000 GCTaskThread "GC Thread#3" [stack: 0x00007fe098efa000,0x00007fe098ffa000] [id=130983]
  0x00007fe0f405f000 ConcurrentGCThread "G1 Main Marker" [stack: 0x00007fe0f8f84000,0x00007fe0f9084000] [id=130931]
  0x00007fe0f4060800 ConcurrentGCThread "G1 Conc#0" [stack: 0x00007fe0f8e82000,0x00007fe0f8f82000] [id=130932]
  0x00007fe0f40d9000 ConcurrentGCThread "G1 Refine#0" [stack: 0x00007fe0f897c000,0x00007fe0f8a7c000] [id=130933]
  0x00007fe0f40da800 ConcurrentGCThread "G1 Young RemSet Sampling" [stack: 0x00007fe0f887a000,0x00007fe0f897a000] [id=130934]

Threads with active compile tasks:

VM state:not at safepoint (normal execution)

VM Mutex/Monitor currently owned by a thread: None

Heap address: 0x0000000085a00000, size: 1958 MB, Compressed Oops mode: 32-bit
Narrow klass base: 0x0000000800000000, Narrow klass shift: 3
Compressed class space size: 1073741824 Address: 0x0000000840000000

Heap:
 garbage-first heap   total 129024K, used 23072K [0x0000000085a00000, 0x0000000100000000)
  region size 1024K, 23 young (23552K), 1 survivors (1024K)
 Metaspace       used 2168K, capacity 5849K, committed 6016K, reserved 1056768K
  class space    used 190K, capacity 599K, committed 640K, reserved 1048576K
Heap Regions: E=young(eden), S=young(survivor), O=old, HS=humongous(starts), HC=humongous(continues), CS=collection set, F=free, A=archive, TAMS=top-at-mark-start (previous, next)
|   0|0x0000000085a00000, 0x0000000085a00000, 0x0000000085b00000|  0%| F|  |TAMS 0x0000000085a00000, 0x0000000085a00000| Untracked 
|   1|0x0000000085b00000, 0x0000000085b00000, 0x0000000085c00000|  0%| F|  |TAMS 0x0000000085b00000, 0x0000000085b00000| Untracked 
|   2|0x0000000085c00000, 0x0000000085c00000, 0x0000000085d00000|  0%| F|  |TAMS 0x0000000085c00000, 0x0000000085c00000| Untracked 
|   3|0x0000000085d00000, 0x0000000085d00000, 0x0000000085e00000|  0%| F|  |TAMS 0x0000000085d00000, 0x0000000085d00000| Untracked 
|   4|0x0000000085e00000, 0x0000000085e00000, 0x0000000085f00000|  0%| F|  |TAMS 0x0000000085e00000, 0x0000000085e00000| Untracked 
|   5|0x0000000085f00000, 0x0000000085f00000, 0x0000000086000000|  0%| F|  |TAMS 0x0000000085f00000, 0x0000000085f00000| Untracked 
|   6|0x0000000086000000, 0x0000000086000000, 0x0000000086100000|  0%| F|  |TAMS 0x0000000086000000, 0x0000000086000000| Untracked 
|   7|0x0000000086100000, 0x0000000086100000, 0x0000000086200000|  0%| F|  |TAMS 0x0000000086100000, 0x0000000086100000| Untracked 
|   8|0x0000000086200000, 0x0000000086200000, 0x0000000086300000|  0%| F|  |TAMS 0x0000000086200000, 0x0000000086200000| Untracked 
|   9|0x0000000086300000, 0x0000000086300000, 0x0000000086400000|  0%| F|  |TAMS 0x0000000086300000, 0x0000000086300000| Untracked 
|  10|0x0000000086400000, 0x0000000086400000, 0x0000000086500000|  0%| F|  |TAMS 0x0000000086400000, 0x0000000086400000| Untracked 
|  11|0x0000000086500000, 0x0000000086500000, 0x0000000086600000|  0%| F|  |TAMS 0x0000000086500000, 0x0000000086500000| Untracked 
|  12|0x0000000086600000, 0x0000000086600000, 0x0000000086700000|  0%| F|  |TAMS 0x0000000086600000, 0x0000000086600000| Untracked 
|  13|0x0000000086700000, 0x0000000086700000, 0x0000000086800000|  0%| F|  |TAMS 0x0000000086700000, 0x0000000086700000| Untracked 
|  14|0x0000000086800000, 0x0000000086800000, 0x0000000086900000|  0%| F|  |TAMS 0x0000000086800000, 0x0000000086800000| Untracked 
|  15|0x0000000086900000, 0x0000000086900000, 0x0000000086a00000|  0%| F|  |TAMS 0x0000000086900000, 0x0000000086900000| Untracked 
|  16|0x0000000086a00000, 0x0000000086a00000, 0x0000000086b00000|  0%| F|  |TAMS 0x0000000086a00000, 0x0000000086a00000| Untracked 
|  17|0x0000000086b00000, 0x0000000086b00000, 0x0000000086c00000|  0%| F|  |TAMS 0x0000000086b00000, 0x0000000086b00000| Untracked 
|  18|0x0000000086c00000, 0x0000000086c00000, 0x0000000086d00000|  0%| F|  |TAMS 0x0000000086c00000, 0x0000000086c00000| Untracked 
|  19|0x0000000086d00000, 0x0000000086d00000, 0x0000000086e00000|  0%| F|  |TAMS 0x0000000086d00000, 0x0000000086d00000| Untracked 
|  20|0x0000000086e00000, 0x0000000086e00000, 0x0000000086f00000|  0%| F|  |TAMS 0x0000000086e00000, 0x0000000086e00000| Untracked 
|  21|0x0000000086f00000, 0x0000000086f00000, 0x0000000087000000|  0%| F|  |TAMS 0x0000000086f00000, 0x0000000086f00000| Untracked 
|  22|0x0000000087000000, 0x0000000087000000, 0x0000000087100000|  0%| F|  |TAMS 0x0000000087000000, 0x0000000087000000| Untracked 
|  23|0x0000000087100000, 0x0000000087100000, 0x0000000087200000|  0%| F|  |TAMS 0x0000000087100000, 0x0000000087100000| Untracked 
|  24|0x0000000087200000, 0x0000000087200000, 0x0000000087300000|  0%| F|  |TAMS 0x0000000087200000, 0x0000000087200000| Untracked 
|  25|0x0000000087300000, 0x0000000087300000, 0x0000000087400000|  0%| F|  |TAMS 0x0000000087300000, 0x0000000087300000| Untracked 
|  26|0x0000000087400000, 0x0000000087400000, 0x0000000087500000|  0%| F|  |TAMS 0x0000000087400000, 0x0000000087400000| Untracked 
|  27|0x0000000087500000, 0x0000000087500000, 0x0000000087600000|  0%| F|  |TAMS 0x0000000087500000, 0x0000000087500000| Untracked 
|  28|0x0000000087600000, 0x0000000087600000, 0x0000000087700000|  0%| F|  |TAMS 0x0000000087600000, 0x0000000087600000| Untracked 
|  29|0x0000000087700000, 0x0000000087700000, 0x0000000087800000|  0%| F|  |TAMS 0x0000000087700000, 0x0000000087700000| Untracked 
|  30|0x0000000087800000, 0x0000000087800000, 0x0000000087900000|  0%| F|  |TAMS 0x0000000087800000, 0x0000000087800000| Untracked 
|  31|0x0000000087900000, 0x0000000087900000, 0x0000000087a00000|  0%| F|  |TAMS 0x0000000087900000, 0x0000000087900000| Untracked 
|  32|0x0000000087a00000, 0x0000000087a00000, 0x0000000087b00000|  0%| F|  |TAMS 0x0000000087a00000, 0x0000000087a00000| Untracked 
|  33|0x0000000087b00000, 0x0000000087b00000, 0x0000000087c00000|  0%| F|  |TAMS 0x0000000087b00000, 0x0000000087b00000| Untracked 
|  34|0x0000000087c00000, 0x0000000087c00000, 0x0000000087d00000|  0%| F|  |TAMS 0x0000000087c00000, 0x0000000087c00000| Untracked 
|  35|0x0000000087d00000, 0x0000000087d00000, 0x0000000087e00000|  0%| F|  |TAMS 0x0000000087d00000, 0x0000000087d00000| Untracked 
|  36|0x0000000087e00000, 0x0000000087e00000, 0x0000000087f00000|  0%| F|  |TAMS 0x0000000087e00000, 0x0000000087e00000| Untracked 
|  37|0x0000000087f00000, 0x0000000087f00000, 0x0000000088000000|  0%| F|  |TAMS 0x0000000087f00000, 0x0000000087f00000| Untracked 
|  38|0x0000000088000000, 0x0000000088000000, 0x0000000088100000|  0%| F|  |TAMS 0x0000000088000000, 0x0000000088000000| Untracked 
|  39|0x0000000088100000, 0x0000000088100000, 0x0000000088200000|  0%| F|  |TAMS 0x0000000088100000, 0x0000000088100000| Untracked 
|  40|0x0000000088200000, 0x0000000088200000, 0x0000000088300000|  0%| F|  |TAMS 0x0000000088200000, 0x0000000088200000| Untracked 
|  41|0x0000000088300000, 0x0000000088300000, 0x0000000088400000|  0%| F|  |TAMS 0x0000000088300000, 0x0000000088300000| Untracked 
|  42|0x0000000088400000, 0x0000000088400000, 0x0000000088500000|  0%| F|  |TAMS 0x0000000088400000, 0x0000000088400000| Untracked 
|  43|0x0000000088500000, 0x0000000088500000, 0x0000000088600000|  0%| F|  |TAMS 0x0000000088500000, 0x0000000088500000| Untracked 
|  44|0x0000000088600000, 0x0000000088600000, 0x0000000088700000|  0%| F|  |TAMS 0x0000000088600000, 0x0000000088600000| Untracked 
|  45|0x0000000088700000, 0x0000000088700000, 0x0000000088800000|  0%| F|  |TAMS 0x0000000088700000, 0x0000000088700000| Untracked 
|  46|0x0000000088800000, 0x0000000088800000, 0x0000000088900000|  0%| F|  |TAMS 0x0000000088800000, 0x0000000088800000| Untracked 
|  47|0x0000000088900000, 0x0000000088900000, 0x0000000088a00000|  0%| F|  |TAMS 0x0000000088900000, 0x0000000088900000| Untracked 
|  48|0x0000000088a00000, 0x0000000088a00000, 0x0000000088b00000|  0%| F|  |TAMS 0x0000000088a00000, 0x0000000088a00000| Untracked 
|  49|0x0000000088b00000, 0x0000000088b00000, 0x0000000088c00000|  0%| F|  |TAMS 0x0000000088b00000, 0x0000000088b00000| Untracked 
|  50|0x0000000088c00000, 0x0000000088c00000, 0x0000000088d00000|  0%| F|  |TAMS 0x0000000088c00000, 0x0000000088c00000| Untracked 
|  51|0x0000000088d00000, 0x0000000088d00000, 0x0000000088e00000|  0%| F|  |TAMS 0x0000000088d00000, 0x0000000088d00000| Untracked 
|  52|0x0000000088e00000, 0x0000000088e00000, 0x0000000088f00000|  0%| F|  |TAMS 0x0000000088e00000, 0x0000000088e00000| Untracked 
|  53|0x0000000088f00000, 0x0000000088f00000, 0x0000000089000000|  0%| F|  |TAMS 0x0000000088f00000, 0x0000000088f00000| Untracked 
|  54|0x0000000089000000, 0x0000000089000000, 0x0000000089100000|  0%| F|  |TAMS 0x0000000089000000, 0x0000000089000000| Untracked 
|  55|0x0000000089100000, 0x0000000089100000, 0x0000000089200000|  0%| F|  |TAMS 0x0000000089100000, 0x0000000089100000| Untracked 
|  56|0x0000000089200000, 0x0000000089200000, 0x0000000089300000|  0%| F|  |TAMS 0x0000000089200000, 0x0000000089200000| Untracked 
|  57|0x0000000089300000, 0x0000000089300000, 0x0000000089400000|  0%| F|  |TAMS 0x0000000089300000, 0x0000000089300000| Untracked 
|  58|0x0000000089400000, 0x0000000089400000, 0x0000000089500000|  0%| F|  |TAMS 0x0000000089400000, 0x0000000089400000| Untracked 
|  59|0x0000000089500000, 0x0000000089500000, 0x0000000089600000|  0%| F|  |TAMS 0x0000000089500000, 0x0000000089500000| Untracked 
|  60|0x0000000089600000, 0x0000000089600000, 0x0000000089700000|  0%| F|  |TAMS 0x0000000089600000, 0x0000000089600000| Untracked 
|  61|0x0000000089700000, 0x0000000089700000, 0x0000000089800000|  0%| F|  |TAMS 0x0000000089700000, 0x0000000089700000| Untracked 
|  62|0x0000000089800000, 0x0000000089800000, 0x0000000089900000|  0%| F|  |TAMS 0x0000000089800000, 0x0000000089800000| Untracked 
|  63|0x0000000089900000, 0x0000000089900000, 0x0000000089a00000|  0%| F|  |TAMS 0x0000000089900000, 0x0000000089900000| Untracked 
|  64|0x0000000089a00000, 0x0000000089a00000, 0x0000000089b00000|  0%| F|  |TAMS 0x0000000089a00000, 0x0000000089a00000| Untracked 
|  65|0x0000000089b00000, 0x0000000089b00000, 0x0000000089c00000|  0%| F|  |TAMS 0x0000000089b00000, 0x0000000089b00000| Untracked 
|  66|0x0000000089c00000, 0x0000000089c00000, 0x0000000089d00000|  0%| F|  |TAMS 0x0000000089c00000, 0x0000000089c00000| Untracked 
|  67|0x0000000089d00000, 0x0000000089d00000, 0x0000000089e00000|  0%| F|  |TAMS 0x0000000089d00000, 0x0000000089d00000| Untracked 
|  68|0x0000000089e00000, 0x0000000089e00000, 0x0000000089f00000|  0%| F|  |TAMS 0x0000000089e00000, 0x0000000089e00000| Untracked 
|  69|0x0000000089f00000, 0x0000000089f00000, 0x000000008a000000|  0%| F|  |TAMS 0x0000000089f00000, 0x0000000089f00000| Untracked 
|  70|0x000000008a000000, 0x000000008a000000, 0x000000008a100000|  0%| F|  |TAMS 0x000000008a000000, 0x000000008a000000| Untracked 
|  71|0x000000008a100000, 0x000000008a100000, 0x000000008a200000|  0%| F|  |TAMS 0x000000008a100000, 0x000000008a100000| Untracked 
|  72|0x000000008a200000, 0x000000008a200000, 0x000000008a300000|  0%| F|  |TAMS 0x000000008a200000, 0x000000008a200000| Untracked 
|  73|0x000000008a300000, 0x000000008a300000, 0x000000008a400000|  0%| F|  |TAMS 0x000000008a300000, 0x000000008a300000| Untracked 
|  74|0x000000008a400000, 0x000000008a400000, 0x000000008a500000|  0%| F|  |TAMS 0x000000008a400000, 0x000000008a400000| Untracked 
|  75|0x000000008a500000, 0x000000008a500000, 0x000000008a600000|  0%| F|  |TAMS 0x000000008a500000, 0x000000008a500000| Untracked 
|  76|0x000000008a600000, 0x000000008a600000, 0x000000008a700000|  0%| F|  |TAMS 0x000000008a600000, 0x000000008a600000| Untracked 
|  77|0x000000008a700000, 0x000000008a700000, 0x000000008a800000|  0%| F|  |TAMS 0x000000008a700000, 0x000000008a700000| Untracked 
|  78|0x000000008a800000, 0x000000008a800000, 0x000000008a900000|  0%| F|  |TAMS 0x000000008a800000, 0x000000008a800000| Untracked 
|  79|0x000000008a900000, 0x000000008a900000, 0x000000008aa00000|  0%| F|  |TAMS 0x000000008a900000, 0x000000008a900000| Untracked 
|  80|0x000000008aa00000, 0x000000008aa00000, 0x000000008ab00000|  0%| F|  |TAMS 0x000000008aa00000, 0x000000008aa00000| Untracked 
|  81|0x000000008ab00000, 0x000000008ab00000, 0x000000008ac00000|  0%| F|  |TAMS 0x000000008ab00000, 0x000000008ab00000| Untracked 
|  82|0x000000008ac00000, 0x000000008ac00000, 0x000000008ad00000|  0%| F|  |TAMS 0x000000008ac00000, 0x000000008ac00000| Untracked 
|  83|0x000000008ad00000, 0x000000008ad00000, 0x000000008ae00000|  0%| F|  |TAMS 0x000000008ad00000, 0x000000008ad00000| Untracked 
|  84|0x000000008ae00000, 0x000000008ae00000, 0x000000008af00000|  0%| F|  |TAMS 0x000000008ae00000, 0x000000008ae00000| Untracked 
|  85|0x000000008af00000, 0x000000008af00000, 0x000000008b000000|  0%| F|  |TAMS 0x000000008af00000, 0x000000008af00000| Untracked 
|  86|0x000000008b000000, 0x000000008b000000, 0x000000008b100000|  0%| F|  |TAMS 0x000000008b000000, 0x000000008b000000| Untracked 
|  87|0x000000008b100000, 0x000000008b100000, 0x000000008b200000|  0%| F|  |TAMS 0x000000008b100000, 0x000000008b100000| Untracked 
|  88|0x000000008b200000, 0x000000008b200000, 0x000000008b300000|  0%| F|  |TAMS 0x000000008b200000, 0x000000008b200000| Untracked 
|  89|0x000000008b300000, 0x000000008b300000, 0x000000008b400000|  0%| F|  |TAMS 0x000000008b300000, 0x000000008b300000| Untracked 
|  90|0x000000008b400000, 0x000000008b400000, 0x000000008b500000|  0%| F|  |TAMS 0x000000008b400000, 0x000000008b400000| Untracked 
|  91|0x000000008b500000, 0x000000008b500000, 0x000000008b600000|  0%| F|  |TAMS 0x000000008b500000, 0x000000008b500000| Untracked 
|  92|0x000000008b600000, 0x000000008b600000, 0x000000008b700000|  0%| F|  |TAMS 0x000000008b600000, 0x000000008b600000| Untracked 
|  93|0x000000008b700000, 0x000000008b700000, 0x000000008b800000|  0%| F|  |TAMS 0x000000008b700000, 0x000000008b700000| Untracked 
|  94|0x000000008b800000, 0x000000008b800000, 0x000000008b900000|  0%| F|  |TAMS 0x000000008b800000, 0x000000008b800000| Untracked 
|  95|0x000000008b900000, 0x000000008b900000, 0x000000008ba00000|  0%| F|  |TAMS 0x000000008b900000, 0x000000008b900000| Untracked 
|  96|0x000000008ba00000, 0x000000008ba00000, 0x000000008bb00000|  0%| F|  |TAMS 0x000000008ba00000, 0x000000008ba00000| Untracked 
|  97|0x000000008bb00000, 0x000000008bb00000, 0x000000008bc00000|  0%| F|  |TAMS 0x000000008bb00000, 0x000000008bb00000| Untracked 
|  98|0x000000008bc00000, 0x000000008bc00000, 0x000000008bd00000|  0%| F|  |TAMS 0x000000008bc00000, 0x000000008bc00000| Untracked 
|  99|0x000000008bd00000, 0x000000008bd00000, 0x000000008be00000|  0%| F|  |TAMS 0x000000008bd00000, 0x000000008bd00000| Untracked 
| 100|0x000000008be00000, 0x000000008be00000, 0x000000008bf00000|  0%| F|  |TAMS 0x000000008be00000, 0x000000008be00000| Untracked 
| 101|0x000000008bf00000, 0x000000008bf00800, 0x000000008c000000|  0%| E|  |TAMS 0x000000008bf00000, 0x000000008bf00000| Complete 
| 102|0x000000008c000000, 0x000000008c100000, 0x000000008c100000|100%| E|CS|TAMS 0x000000008c000000, 0x000000008c000000| Complete 
| 103|0x000000008c100000, 0x000000008c200000, 0x000000008c200000|100%| E|CS|TAMS 0x000000008c100000, 0x000000008c100000| Complete 
| 104|0x000000008c200000, 0x000000008c300000, 0x000000008c300000|100%| E|CS|TAMS 0x000000008c200000, 0x000000008c200000| Complete 
| 105|0x000000008c300000, 0x000000008c400000, 0x000000008c400000|100%| E|CS|TAMS 0x000000008c300000, 0x000000008c300000| Complete 
| 106|0x000000008c400000, 0x000000008c500000, 0x000000008c500000|100%| E|CS|TAMS 0x000000008c400000, 0x000000008c400000| Complete 
| 107|0x000000008c500000, 0x000000008c600000, 0x000000008c600000|100%| E|CS|TAMS 0x000000008c500000, 0x000000008c500000| Complete 
| 108|0x000000008c600000, 0x000000008c700000, 0x000000008c700000|100%| E|CS|TAMS 0x000000008c600000, 0x000000008c600000| Complete 
| 109|0x000000008c700000, 0x000000008c7d62e0, 0x000000008c800000| 83%| S|CS|TAMS 0x000000008c700000, 0x000000008c700000| Complete 
| 110|0x000000008c800000, 0x000000008c900000, 0x000000008c900000|100%| E|CS|TAMS 0x000000008c800000, 0x000000008c800000| Complete 
| 111|0x000000008c900000, 0x000000008ca00000, 0x000000008ca00000|100%| E|CS|TAMS 0x000000008c900000, 0x000000008c900000| Complete 
| 112|0x000000008ca00000, 0x000000008cb00000, 0x000000008cb00000|100%| E|CS|TAMS 0x000000008ca00000, 0x000000008ca00000| Complete 
| 113|0x000000008cb00000, 0x000000008cc00000, 0x000000008cc00000|100%| E|CS|TAMS 0x000000008cb00000, 0x000000008cb00000| Complete 
| 114|0x000000008cc00000, 0x000000008cd00000, 0x000000008cd00000|100%| E|CS|TAMS 0x000000008cc00000, 0x000000008cc00000| Complete 
| 115|0x000000008cd00000, 0x000000008ce00000, 0x000000008ce00000|100%| E|CS|TAMS 0x000000008cd00000, 0x000000008cd00000| Complete 
| 116|0x000000008ce00000, 0x000000008cf00000, 0x000000008cf00000|100%| E|CS|TAMS 0x000000008ce00000, 0x000000008ce00000| Complete 
| 117|0x000000008cf00000, 0x000000008d000000, 0x000000008d000000|100%| E|CS|TAMS 0x000000008cf00000, 0x000000008cf00000| Complete 
| 118|0x000000008d000000, 0x000000008d100000, 0x000000008d100000|100%| E|CS|TAMS 0x000000008d000000, 0x000000008d000000| Complete 
| 119|0x000000008d100000, 0x000000008d200000, 0x000000008d200000|100%| E|CS|TAMS 0x000000008d100000, 0x000000008d100000| Complete 
| 120|0x000000008d200000, 0x000000008d300000, 0x000000008d300000|100%| E|CS|TAMS 0x000000008d200000, 0x000000008d200000| Complete 
| 121|0x000000008d300000, 0x000000008d400000, 0x000000008d400000|100%| E|CS|TAMS 0x000000008d300000, 0x000000008d300000| Complete 
| 122|0x000000008d400000, 0x000000008d500000, 0x000000008d500000|100%| E|CS|TAMS 0x000000008d400000, 0x000000008d400000| Complete 
| 123|0x000000008d500000, 0x000000008d600000, 0x000000008d600000|100%| E|CS|TAMS 0x000000008d500000, 0x000000008d500000| Complete 
|1956|0x00000000ffe00000, 0x00000000ffe47000, 0x00000000fff00000| 27%|OA|  |TAMS 0x00000000ffe00000, 0x00000000ffe00000| Untracked 
|1957|0x00000000fff00000, 0x00000000fff6b000, 0x0000000100000000| 41%|CA|  |TAMS 0x00000000fff00000, 0x00000000fff00000| Untracked 

Card table byte_map: [0x00007fe0f9499000,0x00007fe0f986c000] _byte_map_base: 0x00007fe0f906c000

Marking Bits (Prev, Next): (CMBitMap*) 0x00007fe0f4056388, (CMBitMap*) 0x00007fe0f40563c0
 Prev Bits: [0x00007fe0d6168000, 0x00007fe0d8000000)
 Next Bits: [0x00007fe0d42d0000, 0x00007fe0d6168000)

Polling page: 0x00007fe0fbcc8000

Metaspace:

Usage:
  Non-class:      5.13 MB capacity,     1.93 MB ( 38%) used,     3.18 MB ( 62%) free+waste,    20.25 KB ( <1%) overhead. 
      Class:    599.00 KB capacity,   190.24 KB ( 32%) used,   397.57 KB ( 66%) free+waste,    11.19 KB (  2%) overhead. 
       Both:      5.71 MB capacity,     2.12 MB ( 37%) used,     3.56 MB ( 62%) free+waste,    31.44 KB ( <1%) overhead. 

Virtual space:
  Non-class space:        8.00 MB reserved,       5.25 MB ( 66%) committed 
      Class space:        1.00 GB reserved,     640.00 KB ( <1%) committed 
             Both:        1.01 GB reserved,       5.88 MB ( <1%) committed 

Chunk freelists:
   Non-Class:  0 bytes
       Class:  0 bytes
        Both:  0 bytes

MaxMetaspaceSize: unlimited
CompressedClassSpaceSize: 1.00 GB
Initial GC threshold: 20.80 MB
Current GC threshold: 20.80 MB
CDS: on

CodeHeap 'non-profiled nmethods': size=120032Kb used=200Kb max_used=200Kb free=119831Kb
 bounds [0x00007fe0e42e6000, 0x00007fe0e4556000, 0x00007fe0eb81e000]
CodeHeap 'profiled nmethods': size=120032Kb used=870Kb max_used=870Kb free=119161Kb
 bounds [0x00007fe0dcdae000, 0x00007fe0dd01e000, 0x00007fe0e42e6000]
CodeHeap 'non-nmethods': size=5696Kb used=1146Kb max_used=1174Kb free=4549Kb
 bounds [0x00007fe0dc81e000, 0x00007fe0dca8e000, 0x00007fe0dcdae000]
 total_blobs=987 nmethods=580 adapters=321
 compilation: enabled
              stopped_count=0, restarted_count=0
 full_count=0

Compilation events (20 events):
Event: 41.018 Thread 0x00007fe0f411c800  571       1       java.net.URL::getQuery (5 bytes)
Event: 41.018 Thread 0x00007fe0f411c800 nmethod 571 0x00007fe0e4317310 code [0x00007fe0e43174c0, 0x00007fe0e4317590]
Event: 41.018 Thread 0x00007fe0f411c800  572       1       java.net.URL::getRef (5 bytes)
Event: 41.019 Thread 0x00007fe0f411c800 nmethod 572 0x00007fe0e4317610 code [0x00007fe0e43177c0, 0x00007fe0e4317890]
Event: 41.019 Thread 0x00007fe0f411c800  573       3       java.io.UnixFileSystem::normalize (75 bytes)
Event: 41.020 Thread 0x00007fe0f411c800 nmethod 573 0x00007fe0dce84610 code [0x00007fe0dce84860, 0x00007fe0dce85190]
Event: 41.020 Thread 0x00007fe0f411c800  574       3       java.lang.String::regionMatches (150 bytes)
Event: 41.022 Thread 0x00007fe0f411c800 nmethod 574 0x00007fe0dce85590 code [0x00007fe0dce85800, 0x00007fe0dce861c0]
Event: 41.022 Thread 0x00007fe0f411c800  575       1       jdk.internal.loader.URLClassPath$Loader::getBaseURL (5 bytes)
Event: 41.022 Thread 0x00007fe0f411c800 nmethod 575 0x00007fe0e4317910 code [0x00007fe0e4317ac0, 0x00007fe0e4317b90]
Event: 41.024 Thread 0x00007fe0f411c800  576       3       java.lang.StringConcatHelper::mixCoder (8 bytes)
Event: 41.024 Thread 0x00007fe0f411c800 nmethod 576 0x00007fe0dce86510 code [0x00007fe0dce866c0, 0x00007fe0dce86830]
Event: 46.743 Thread 0x00007fe0f411c800  577       3       java.lang.StringConcatHelper::prepend (16 bytes)
Event: 46.743 Thread 0x00007fe0f411c800 nmethod 577 0x00007fe0dce86910 code [0x00007fe0dce86ae0, 0x00007fe0dce86d00]
Event: 53.997 Thread 0x00007fe0f411c800  578       3       java.lang.StringConcatHelper::checkOverflow (16 bytes)
Event: 53.997 Thread 0x00007fe0f411c800 nmethod 578 0x00007fe0dce86e90 code [0x00007fe0dce87060, 0x00007fe0dce87240]
Event: 54.000 Thread 0x00007fe0f411c800  579       3       java.lang.StringConcatHelper::mixLen (10 bytes)
Event: 54.001 Thread 0x00007fe0f411c800 nmethod 579 0x00007fe0dce87310 code [0x00007fe0dce87500, 0x00007fe0dce87840]
Event: 55.000 Thread 0x00007fe0f411a800  580 %     4       java.lang.StringLatin1::inflate @ 3 (34 bytes)
Event: 55.007 Thread 0x00007fe0f411a800 nmethod 580% 0x00007fe0e4317c10 code [0x00007fe0e4317dc0, 0x00007fe0e4318198]

GC Heap History (2 events):
Event: 36.595 GC heap before
{Heap before GC invocations=0 (full 0):
 garbage-first heap   total 129024K, used 15048K [0x0000000085a00000, 0x0000000100000000)
  region size 1024K, 14 young (14336K), 0 survivors (0K)
 Metaspace       used 1938K, capacity 5753K, committed 6016K, reserved 1056768K
  class space    used 157K, capacity 563K, committed 640K, reserved 1048576K
}
Event: 36.610 GC heap after
{Heap after GC invocations=1 (full 0):
 garbage-first heap   total 129024K, used 1568K [0x0000000085a00000, 0x0000000100000000)
  region size 1024K, 1 young (1024K), 1 survivors (1024K)
 Metaspace       used 1938K, capacity 5753K, committed 6016K, reserved 1056768K
  class space    used 157K, capacity 563K, committed 640K, reserved 1048576K
}

Deoptimization events (4 events):
Event: 0.258 Thread 0x00007fe0f4016000 Uncommon trap: trap_request=0xffffff4d fr.pc=0x00007fe0e42ee79c relative=0x000000000000007c
Event: 0.258 Thread 0x00007fe0f4016000 Uncommon trap: reason=unstable_if action=reinterpret pc=0x00007fe0e42ee79c method=java.lang.String.isLatin1()Z @ 10 c2
Event: 0.258 Thread 0x00007fe0f4016000 DEOPT PACKING pc=0x00007fe0e42ee79c sp=0x00007fe0fa485200
Event: 0.258 Thread 0x00007fe0f4016000 DEOPT UNPACKING pc=0x00007fe0dc867ea5 sp=0x00007fe0fa485160 mode 2

Classes redefined (0 events):
No events

Internal exceptions (6 events):
Event: 0.262 Thread 0x00007fe0f4016000 Exception <a 'java/lang/NoSuchMethodError'{0x000000008d0675a0}: 'int java.lang.invoke.DirectMethodHandle$Holder.invokeSpecialIFC(java.lang.Object, java.lang.Object, int)'> (0x000000008d0675a0) thrown at [src/hotspot/share/interpreter/linkResolver.cpp, line 772]
Event: 37.598 Thread 0x00007fe08c024800 Exception <a 'java/lang/NoSuchMethodError'{0x000000008cf60cc0}: 'java.lang.Object java.lang.invoke.DirectMethodHandle$Holder.invokeStatic(java.lang.Object, java.lang.Object, java.lang.Object, java.lang.Object, java.lang.Object, java.lang.Object, java.lang.Object, java.lang.Object, java.lang.Object, java.lang.Object, java.lang.Object, java.lang.Object, java.lang.Object, java.lang.Object, java.lang.Object)'> (0x000000008cf60cc0) thrown at [src/hotspot/share/interpreter/linkResolver.cpp, line 772]
Event: 37.600 Thread 0x00007fe08c024800 Exception <a 'java/lang/NoSuchMethodError'{0x000000008cf6ec50}: 'java.lang.Object java.lang.invoke.DirectMethodHandle$Holder.invokeStatic(java.lang.Object, java.lang.Object, java.lang.Object, java.lang.Object, java.lang.Object, java.lang.Object, java.lang.Object, java.lang.Object, java.lang.Object, java.lang.Object, java.lang.Object, java.lang.Object, java.lang.Object, java.lang.Object, java.lang.Object, java.lang.Object)'> (0x000000008cf6ec50) thrown at [src/hotspot/share/interpreter/linkResolver.cpp, lin
Event: 37.602 Thread 0x00007fe08c024800 Exception <a 'java/lang/NoSuchMethodError'{0x000000008cf7c8c0}: 'java.lang.Object java.lang.invoke.DirectMethodHandle$Holder.invokeSpecial(java.lang.Object, java.lang.Object, int, int, java.lang.Object, java.lang.Object, java.lang.Object)'> (0x000000008cf7c8c0) thrown at [src/hotspot/share/interpreter/linkResolver.cpp, line 772]
Event: 37.602 Thread 0x00007fe08c024800 Exception <a 'java/lang/NoSuchMethodError'{0x000000008cf7fba8}: 'java.lang.Object java.lang.invoke.DelegatingMethodHandle$Holder.reinvoke_L(java.lang.Object, int, int, java.lang.Object, java.lang.Object, java.lang.Object)'> (0x000000008cf7fba8) thrown at [src/hotspot/share/interpreter/linkResolver.cpp, line 772]
Event: 37.603 Thread 0x00007fe08c024800 Exception <a 'java/lang/NoSuchMethodError'{0x000000008cf83ec8}: 'java.lang.Object java.lang.invoke.DirectMethodHandle$Holder.invokeStatic(java.lang.Object, java.lang.Object, java.lang.Object, java.lang.Object, int)'> (0x000000008cf83ec8) thrown at [src/hotspot/share/interpreter/linkResolver.cpp, line 772]

Events (20 events):
Event: 54.000 Thread 0x00007fe08c035000 Thread added: 0x00007fe08c035000
Event: 54.000 Thread 0x00007fe08c035000 Thread exited: 0x00007fe08c035000
Event: 54.000 Protecting memory [0x00007fe09b000000,0x00007fe09b004000] with protection modes 0
Event: 54.000 Thread 0x00007fe08c035000 Thread added: 0x00007fe08c035000
Event: 54.000 Thread 0x00007fe08c035000 Thread exited: 0x00007fe08c035000
Event: 54.000 Protecting memory [0x00007fe09b000000,0x00007fe09b004000] with protection modes 0
Event: 54.000 Thread 0x00007fe08c035000 Thread added: 0x00007fe08c035000
Event: 54.000 Thread 0x00007fe08c035000 Thread exited: 0x00007fe08c035000
Event: 54.000 Protecting memory [0x00007fe09b000000,0x00007fe09b004000] with protection modes 0
Event: 54.000 Thread 0x00007fe08c035000 Thread added: 0x00007fe08c035000
Event: 54.000 Thread 0x00007fe08c035000 Thread exited: 0x00007fe08c035000
Event: 54.000 Protecting memory [0x00007fe09b000000,0x00007fe09b004000] with protection modes 0
Event: 54.000 Thread 0x00007fe08c035000 Thread added: 0x00007fe08c035000
Event: 54.001 Thread 0x00007fe08c035000 Thread exited: 0x00007fe08c035000
Event: 54.999 Protecting memory [0x00007fe09b000000,0x00007fe09b004000] with protection modes 0
Event: 54.999 Thread 0x00007fe08c035000 Thread added: 0x00007fe08c035000
Event: 55.000 Thread 0x00007fe08c035000 Thread exited: 0x00007fe08c035000
Event: 55.000 Protecting memory [0x00007fe09b000000,0x00007fe09b004000] with protection modes 0
Event: 55.000 Thread 0x00007fe08c035000 Thread added: 0x00007fe08c035000
Event: 55.000 Thread 0x00007fe08c035000 Thread exited: 0x00007fe08c035000


Dynamic libraries:
85a00000-8d600000 rw-p 00000000 00:00 0 
8d600000-ffe00000 ---p 00000000 00:00 0 
ffe00000-ffe47000 rw-p 01119000 08:02 1441990                            /usr/lib/jvm/java-11-openjdk-amd64/lib/server/classes.jsa
ffe47000-fff00000 rw-p 00000000 00:00 0 
fff00000-fff6b000 rw-p 010ae000 08:02 1441990                            /usr/lib/jvm/java-11-openjdk-amd64/lib/server/classes.jsa
fff6b000-100000000 rw-p 00000000 00:00 0 
800000000-800002000 rwxp 00001000 08:02 1441990                          /usr/lib/jvm/java-11-openjdk-amd64/lib/server/classes.jsa
800002000-8003cb000 rw-p 00003000 08:02 1441990                          /usr/lib/jvm/java-11-openjdk-amd64/lib/server/classes.jsa
8003cb000-800a9a000 r--p 003cc000 08:02 1441990                          /usr/lib/jvm/java-11-openjdk-amd64/lib/server/classes.jsa
800a9a000-800a9b000 rw-p 00a9b000 08:02 1441990                          /usr/lib/jvm/java-11-openjdk-amd64/lib/server/classes.jsa
800a9b000-8010ad000 r--p 00a9c000 08:02 1441990                          /usr/lib/jvm/java-11-openjdk-amd64/lib/server/classes.jsa
840000000-8400a0000 rw-p 00000000 00:00 0 
8400a0000-880000000 ---p 00000000 00:00 0 
560c9cdb1000-560c9cdb2000 r--p 00000000 08:02 1445569                    /usr/lib/jvm/java-11-openjdk-amd64/bin/java
560c9cdb2000-560c9cdb3000 r-xp 00001000 08:02 1445569                    /usr/lib/jvm/java-11-openjdk-amd64/bin/java
560c9cdb3000-560c9cdb4000 r--p 00002000 08:02 1445569                    /usr/lib/jvm/java-11-openjdk-amd64/bin/java
560c9cdb4000-560c9cdb5000 r--p 00002000 08:02 1445569                    /usr/lib/jvm/java-11-openjdk-amd64/bin/java
560c9cdb5000-560c9cdb6000 rw-p 00003000 08:02 1445569                    /usr/lib/jvm/java-11-openjdk-amd64/bin/java
560c9cdf4000-560c9ce15000 rw-p 00000000 00:00 0                          [heap]
7fe04c000000-7fe04c021000 rw-p 00000000 00:00 0 
7fe04c021000-7fe050000000 ---p 00000000 00:00 0 
7fe054000000-7fe054021000 rw-p 00000000 00:00 0 
7fe054021000-7fe058000000 ---p 00000000 00:00 0 
7fe058000000-7fe058021000 rw-p 00000000 00:00 0 
7fe058021000-7fe05c000000 ---p 00000000 00:00 0 
7fe05c000000-7fe05c021000 rw-p 00000000 00:00 0 
7fe05c021000-7fe060000000 ---p 00000000 00:00 0 
7fe060000000-7fe060021000 rw-p 00000000 00:00 0 
7fe060021000-7fe064000000 ---p 00000000 00:00 0 
7fe070000000-7fe070021000 rw-p 00000000 00:00 0 
7fe070021000-7fe074000000 ---p 00000000 00:00 0 
7fe084000000-7fe08403e000 rw-p 00000000 00:00 0 
7fe08403e000-7fe088000000 ---p 00000000 00:00 0 
7fe08c000000-7fe08c072000 rw-p 00000000 00:00 0 
7fe08c072000-7fe090000000 ---p 00000000 00:00 0 
7fe0937ff000-7fe093800000 ---p 00000000 00:00 0 
7fe093800000-7fe094000000 rw-p 00000000 00:00 0 
7fe094000000-7fe094021000 rw-p 00000000 00:00 0 
7fe094021000-7fe098000000 ---p 00000000 00:00 0 
7fe098ef8000-7fe098ef9000 ---p 00000000 00:00 0 
7fe098ef9000-7fe098ffa000 rw-p 00000000 00:00 0 
7fe098ffa000-7fe098ffb000 ---p 00000000 00:00 0 
7fe098ffb000-7fe0997fb000 rw-p 00000000 00:00 0 
7fe0997fb000-7fe0997fc000 ---p 00000000 00:00 0 
7fe0997fc000-7fe0997fd000 rw-p 00000000 00:00 0 
7fe0997fd000-7fe099801000 ---p 00000000 00:00 0 
7fe099801000-7fe099ffc000 rw-p 00000000 00:00 0 
7fe099ffc000-7fe099ffd000 ---p 00000000 00:00 0 
7fe099ffd000-7fe09a7fd000 rw-p 00000000 00:00 0 
7fe09a7fd000-7fe09a7fe000 ---p 00000000 00:00 0 
7fe09a7fe000-7fe09affe000 rw-p 00000000 00:00 0 
7fe09affe000-7fe09afff000 ---p 00000000 00:00 0 
7fe09afff000-7fe09b000000 rw-p 00000000 00:00 0 
7fe09b000000-7fe09b004000 ---p 00000000 00:00 0 
7fe09b004000-7fe09b7ff000 rw-p 00000000 00:00 0 
7fe09b7ff000-7fe09b800000 ---p 00000000 00:00 0 
7fe09b800000-7fe09c000000 rw-p 00000000 00:00 0 
7fe09c000000-7fe09c021000 rw-p 00000000 00:00 0 
7fe09c021000-7fe0a0000000 ---p 00000000 00:00 0 
7fe0a0000000-7fe0a0021000 rw-p 00000000 00:00 0 
7fe0a0021000-7fe0a4000000 ---p 00000000 00:00 0 
7fe0a4000000-7fe0a49c4000 rw-p 00000000 00:00 0 
7fe0a49c4000-7fe0a8000000 ---p 00000000 00:00 0 
7fe0a8000000-7fe0a81a9000 rw-p 00000000 00:00 0 
7fe0a81a9000-7fe0ac000000 ---p 00000000 00:00 0 
7fe0ac000000-7fe0ac021000 rw-p 00000000 00:00 0 
7fe0ac021000-7fe0b0000000 ---p 00000000 00:00 0 
7fe0b0000000-7fe0b0021000 rw-p 00000000 00:00 0 
7fe0b0021000-7fe0b4000000 ---p 00000000 00:00 0 
7fe0b4000000-7fe0b4021000 rw-p 00000000 00:00 0 
7fe0b4021000-7fe0b8000000 ---p 00000000 00:00 0 
7fe0b8000000-7fe0b8021000 rw-p 00000000 00:00 0 
7fe0b8021000-7fe0bc000000 ---p 00000000 00:00 0 
7fe0bc000000-7fe0bc021000 rw-p 00000000 00:00 0 
7fe0bc021000-7fe0c0000000 ---p 00000000 00:00 0 
7fe0c0000000-7fe0c0047000 rw-p 00000000 00:00 0 
7fe0c0047000-7fe0c4000000 ---p 00000000 00:00 0 
7fe0c4000000-7fe0c4021000 rw-p 00000000 00:00 0 
7fe0c4021000-7fe0c8000000 ---p 00000000 00:00 0 
7fe0c8000000-7fe0c8021000 rw-p 00000000 00:00 0 
7fe0c8021000-7fe0cc000000 ---p 00000000 00:00 0 
7fe0cc041000-7fe0cc042000 ---p 00000000 00:00 0 
7fe0cc042000-7fe0cc143000 rw-p 00000000 00:00 0 
7fe0cc143000-7fe0cc144000 ---p 00000000 00:00 0 
7fe0cc144000-7fe0cc245000 rw-p 00000000 00:00 0 
7fe0cc245000-7fe0cc249000 ---p 00000000 00:00 0 
7fe0cc249000-7fe0cc346000 rw-p 00000000 00:00 0 
7fe0cc346000-7fe0cc366000 r--p 00000000 08:02 1449217                    /usr/lib/x86_64-linux-gnu/libdb-5.3.so
7fe0cc366000-7fe0cc4a8000 r-xp 00020000 08:02 1449217                    /usr/lib/x86_64-linux-gnu/libdb-5.3.so
7fe0cc4a8000-7fe0cc4ed000 r--p 00162000 08:02 1449217                    /usr/lib/x86_64-linux-gnu/libdb-5.3.so
7fe0cc4ed000-7fe0cc4f4000 r--p 001a6000 08:02 1449217                    /usr/lib/x86_64-linux-gnu/libdb-5.3.so
7fe0cc4f4000-7fe0cc4f5000 rw-p 001ad000 08:02 1449217                    /usr/lib/x86_64-linux-gnu/libdb-5.3.so
7fe0cc4f5000-7fe0cc4fb000 r--p 00000000 08:02 1442494                    /usr/lib/x86_64-linux-gnu/libjack.so.0.0.28
7fe0cc4fb000-7fe0cc507000 r-xp 00006000 08:02 1442494                    /usr/lib/x86_64-linux-gnu/libjack.so.0.0.28
7fe0cc507000-7fe0cc50c000 r--p 00012000 08:02 1442494                    /usr/lib/x86_64-linux-gnu/libjack.so.0.0.28
7fe0cc50c000-7fe0cc50d000 r--p 00016000 08:02 1442494                    /usr/lib/x86_64-linux-gnu/libjack.so.0.0.28
7fe0cc50d000-7fe0cc50e000 rw-p 00017000 08:02 1442494                    /usr/lib/x86_64-linux-gnu/libjack.so.0.0.28
7fe0cc50e000-7fe0cc518000 rw-p 00000000 00:00 0 
7fe0cc529000-7fe0cc52b000 r--p 00000000 08:02 2097964                    /usr/lib/x86_64-linux-gnu/alsa-lib/libasound_module_ctl_pulse.so
7fe0cc52b000-7fe0cc52e000 r-xp 00002000 08:02 2097964                    /usr/lib/x86_64-linux-gnu/alsa-lib/libasound_module_ctl_pulse.so
7fe0cc52e000-7fe0cc52f000 r--p 00005000 08:02 2097964                    /usr/lib/x86_64-linux-gnu/alsa-lib/libasound_module_ctl_pulse.so
7fe0cc52f000-7fe0cc530000 r--p 00005000 08:02 2097964                    /usr/lib/x86_64-linux-gnu/alsa-lib/libasound_module_ctl_pulse.so
7fe0cc530000-7fe0cc531000 rw-p 00006000 08:02 2097964                    /usr/lib/x86_64-linux-gnu/alsa-lib/libasound_module_ctl_pulse.so
7fe0cc531000-7fe0cc532000 r--p 00000000 08:02 2097968                    /usr/lib/x86_64-linux-gnu/alsa-lib/libasound_module_pcm_upmix.so
7fe0cc532000-7fe0cc534000 r-xp 00001000 08:02 2097968                    /usr/lib/x86_64-linux-gnu/alsa-lib/libasound_module_pcm_upmix.so
7fe0cc534000-7fe0cc535000 r--p 00003000 08:02 2097968                    /usr/lib/x86_64-linux-gnu/alsa-lib/libasound_module_pcm_upmix.so
7fe0cc535000-7fe0cc536000 r--p 00003000 08:02 2097968                    /usr/lib/x86_64-linux-gnu/alsa-lib/libasound_module_pcm_upmix.so
7fe0cc536000-7fe0cc537000 rw-p 00004000 08:02 2097968                    /usr/lib/x86_64-linux-gnu/alsa-lib/libasound_module_pcm_upmix.so
7fe0cc537000-7fe0cc53b000 r--p 00000000 08:02 1449497                    /usr/lib/x86_64-linux-gnu/libgpg-error.so.0.28.0
7fe0cc53b000-7fe0cc54e000 r-xp 00004000 08:02 1449497                    /usr/lib/x86_64-linux-gnu/libgpg-error.so.0.28.0
7fe0cc54e000-7fe0cc558000 r--p 00017000 08:02 1449497                    /usr/lib/x86_64-linux-gnu/libgpg-error.so.0.28.0
7fe0cc558000-7fe0cc559000 r--p 00020000 08:02 1449497                    /usr/lib/x86_64-linux-gnu/libgpg-error.so.0.28.0
7fe0cc559000-7fe0cc55a000 rw-p 00021000 08:02 1449497                    /usr/lib/x86_64-linux-gnu/libgpg-error.so.0.28.0
7fe0cc55a000-7fe0cc55e000 r--p 00000000 08:02 1449109                    /usr/lib/x86_64-linux-gnu/libbsd.so.0.10.0
7fe0cc55e000-7fe0cc56d000 r-xp 00004000 08:02 1449109                    /usr/lib/x86_64-linux-gnu/libbsd.so.0.10.0
7fe0cc56d000-7fe0cc570000 r--p 00013000 08:02 1449109                    /usr/lib/x86_64-linux-gnu/libbsd.so.0.10.0
7fe0cc570000-7fe0cc571000 ---p 00016000 08:02 1449109                    /usr/lib/x86_64-linux-gnu/libbsd.so.0.10.0
7fe0cc571000-7fe0cc572000 r--p 00016000 08:02 1449109                    /usr/lib/x86_64-linux-gnu/libbsd.so.0.10.0
7fe0cc572000-7fe0cc573000 rw-p 00017000 08:02 1449109                    /usr/lib/x86_64-linux-gnu/libbsd.so.0.10.0
7fe0cc573000-7fe0cc574000 rw-p 00000000 00:00 0 
7fe0cc574000-7fe0cc578000 r--p 00000000 08:02 1445806                    /usr/lib/x86_64-linux-gnu/libresolv-2.31.so
7fe0cc578000-7fe0cc588000 r-xp 00004000 08:02 1445806                    /usr/lib/x86_64-linux-gnu/libresolv-2.31.so
7fe0cc588000-7fe0cc58c000 r--p 00014000 08:02 1445806                    /usr/lib/x86_64-linux-gnu/libresolv-2.31.so
7fe0cc58c000-7fe0cc58d000 r--p 00017000 08:02 1445806                    /usr/lib/x86_64-linux-gnu/libresolv-2.31.so
7fe0cc58d000-7fe0cc58e000 rw-p 00018000 08:02 1445806                    /usr/lib/x86_64-linux-gnu/libresolv-2.31.so
7fe0cc58e000-7fe0cc590000 rw-p 00000000 00:00 0 
7fe0cc590000-7fe0cc5a4000 r--p 00000000 08:02 1450341                    /usr/lib/x86_64-linux-gnu/libvorbisenc.so.2.0.11
7fe0cc5a4000-7fe0cc5a7000 r-xp 00014000 08:02 1450341                    /usr/lib/x86_64-linux-gnu/libvorbisenc.so.2.0.11
7fe0cc5a7000-7fe0cc61e000 r--p 00017000 08:02 1450341                    /usr/lib/x86_64-linux-gnu/libvorbisenc.so.2.0.11
7fe0cc61e000-7fe0cc63a000 r--p 0008d000 08:02 1450341                    /usr/lib/x86_64-linux-gnu/libvorbisenc.so.2.0.11
7fe0cc63a000-7fe0cc63b000 rw-p 000a9000 08:02 1450341                    /usr/lib/x86_64-linux-gnu/libvorbisenc.so.2.0.11
7fe0cc63b000-7fe0cc63e000 r--p 00000000 08:02 1450339                    /usr/lib/x86_64-linux-gnu/libvorbis.so.0.4.8
7fe0cc63e000-7fe0cc655000 r-xp 00003000 08:02 1450339                    /usr/lib/x86_64-linux-gnu/libvorbis.so.0.4.8
7fe0cc655000-7fe0cc666000 r--p 0001a000 08:02 1450339                    /usr/lib/x86_64-linux-gnu/libvorbis.so.0.4.8
7fe0cc666000-7fe0cc667000 ---p 0002b000 08:02 1450339                    /usr/lib/x86_64-linux-gnu/libvorbis.so.0.4.8
7fe0cc667000-7fe0cc668000 r--p 0002b000 08:02 1450339                    /usr/lib/x86_64-linux-gnu/libvorbis.so.0.4.8
7fe0cc668000-7fe0cc669000 rw-p 0002c000 08:02 1450339                    /usr/lib/x86_64-linux-gnu/libvorbis.so.0.4.8
7fe0cc669000-7fe0cc66b000 r--p 00000000 08:02 1449917                    /usr/lib/x86_64-linux-gnu/libogg.so.0.8.4
7fe0cc66b000-7fe0cc670000 r-xp 00002000 08:02 1449917                    /usr/lib/x86_64-linux-gnu/libogg.so.0.8.4
7fe0cc670000-7fe0cc673000 r--p 00007000 08:02 1449917                    /usr/lib/x86_64-linux-gnu/libogg.so.0.8.4
7fe0cc673000-7fe0cc674000 ---p 0000a000 08:02 1449917                    /usr/lib/x86_64-linux-gnu/libogg.so.0.8.4
7fe0cc674000-7fe0cc675000 r--p 0000a000 08:02 1449917                    /usr/lib/x86_64-linux-gnu/libogg.so.0.8.4
7fe0cc675000-7fe0cc676000 rw-p 0000b000 08:02 1449917                    /usr/lib/x86_64-linux-gnu/libogg.so.0.8.4
7fe0cc676000-7fe0cc67e000 r--p 00000000 08:02 1448904                    /usr/lib/x86_64-linux-gnu/libFLAC.so.8.3.0
7fe0cc67e000-7fe0cc6a7000 r-xp 00008000 08:02 1448904                    /usr/lib/x86_64-linux-gnu/libFLAC.so.8.3.0
7fe0cc6a7000-7fe0cc6b1000 r--p 00031000 08:02 1448904                    /usr/lib/x86_64-linux-gnu/libFLAC.so.8.3.0
7fe0cc6b1000-7fe0cc6b2000 ---p 0003b000 08:02 1448904                    /usr/lib/x86_64-linux-gnu/libFLAC.so.8.3.0
7fe0cc6b2000-7fe0cc6b3000 r--p 0003b000 08:02 1448904                    /usr/lib/x86_64-linux-gnu/libFLAC.so.8.3.0
7fe0cc6b3000-7fe0cc6b4000 rw-p 0003c000 08:02 1448904                    /usr/lib/x86_64-linux-gnu/libFLAC.so.8.3.0
7fe0cc6b4000-7fe0cc6b8000 r--p 00000000 08:02 1445797                    /usr/lib/x86_64-linux-gnu/libnsl-2.31.so
7fe0cc6b8000-7fe0cc6c8000 r-xp 00004000 08:02 1445797                    /usr/lib/x86_64-linux-gnu/libnsl-2.31.so
7fe0cc6c8000-7fe0cc6cd000 r--p 00014000 08:02 1445797                    /usr/lib/x86_64-linux-gnu/libnsl-2.31.so
7fe0cc6cd000-7fe0cc6ce000 r--p 00018000 08:02 1445797                    /usr/lib/x86_64-linux-gnu/libnsl-2.31.so
7fe0cc6ce000-7fe0cc6cf000 rw-p 00019000 08:02 1445797                    /usr/lib/x86_64-linux-gnu/libnsl-2.31.so
7fe0cc6cf000-7fe0cc6d1000 rw-p 00000000 00:00 0 
7fe0cc6d1000-7fe0cc6dd000 r--p 00000000 08:02 1447651                    /usr/lib/x86_64-linux-gnu/libgcrypt.so.20.2.5
7fe0cc6dd000-7fe0cc7ab000 r-xp 0000c000 08:02 1447651                    /usr/lib/x86_64-linux-gnu/libgcrypt.so.20.2.5
7fe0cc7ab000-7fe0cc7e8000 r--p 000da000 08:02 1447651                    /usr/lib/x86_64-linux-gnu/libgcrypt.so.20.2.5
7fe0cc7e8000-7fe0cc7ea000 r--p 00116000 08:02 1447651                    /usr/lib/x86_64-linux-gnu/libgcrypt.so.20.2.5
7fe0cc7ea000-7fe0cc7ef000 rw-p 00118000 08:02 1447651                    /usr/lib/x86_64-linux-gnu/libgcrypt.so.20.2.5
7fe0cc7ef000-7fe0cc7f1000 r--p 00000000 08:02 1449762                    /usr/lib/x86_64-linux-gnu/liblz4.so.1.9.2
7fe0cc7f1000-7fe0cc80b000 r-xp 00002000 08:02 1449762                    /usr/lib/x86_64-linux-gnu/liblz4.so.1.9.2
7fe0cc80b000-7fe0cc80e000 r--p 0001c000 08:02 1449762                    /usr/lib/x86_64-linux-gnu/liblz4.so.1.9.2
7fe0cc80e000-7fe0cc80f000 r--p 0001e000 08:02 1449762                    /usr/lib/x86_64-linux-gnu/liblz4.so.1.9.2
7fe0cc80f000-7fe0cc810000 rw-p 0001f000 08:02 1449762                    /usr/lib/x86_64-linux-gnu/liblz4.so.1.9.2
7fe0cc810000-7fe0cc813000 r--p 00000000 08:02 1443497                    /usr/lib/x86_64-linux-gnu/liblzma.so.5.2.4
7fe0cc813000-7fe0cc82b000 r-xp 00003000 08:02 1443497                    /usr/lib/x86_64-linux-gnu/liblzma.so.5.2.4
7fe0cc82b000-7fe0cc836000 r--p 0001b000 08:02 1443497                    /usr/lib/x86_64-linux-gnu/liblzma.so.5.2.4
7fe0cc836000-7fe0cc837000 ---p 00026000 08:02 1443497                    /usr/lib/x86_64-linux-gnu/liblzma.so.5.2.4
7fe0cc837000-7fe0cc838000 r--p 00026000 08:02 1443497                    /usr/lib/x86_64-linux-gnu/liblzma.so.5.2.4
7fe0cc838000-7fe0cc839000 rw-p 00027000 08:02 1443497                    /usr/lib/x86_64-linux-gnu/liblzma.so.5.2.4
7fe0cc839000-7fe0cc83b000 r--p 00000000 08:02 1448951                    /usr/lib/x86_64-linux-gnu/libXdmcp.so.6.0.0
7fe0cc83b000-7fe0cc83d000 r-xp 00002000 08:02 1448951                    /usr/lib/x86_64-linux-gnu/libXdmcp.so.6.0.0
7fe0cc83d000-7fe0cc83f000 r--p 00004000 08:02 1448951                    /usr/lib/x86_64-linux-gnu/libXdmcp.so.6.0.0
7fe0cc83f000-7fe0cc840000 r--p 00005000 08:02 1448951                    /usr/lib/x86_64-linux-gnu/libXdmcp.so.6.0.0
7fe0cc840000-7fe0cc841000 rw-p 00006000 08:02 1448951                    /usr/lib/x86_64-linux-gnu/libXdmcp.so.6.0.0
7fe0cc841000-7fe0cc842000 r--p 00000000 08:02 1448940                    /usr/lib/x86_64-linux-gnu/libXau.so.6.0.0
7fe0cc842000-7fe0cc844000 r-xp 00001000 08:02 1448940                    /usr/lib/x86_64-linux-gnu/libXau.so.6.0.0
7fe0cc844000-7fe0cc845000 r--p 00003000 08:02 1448940                    /usr/lib/x86_64-linux-gnu/libXau.so.6.0.0
7fe0cc845000-7fe0cc846000 r--p 00003000 08:02 1448940                    /usr/lib/x86_64-linux-gnu/libXau.so.6.0.0
7fe0cc846000-7fe0cc847000 rw-p 00004000 08:02 1448940                    /usr/lib/x86_64-linux-gnu/libXau.so.6.0.0
7fe0cc847000-7fe0cc84a000 r--p 00000000 08:02 1449007                    /usr/lib/x86_64-linux-gnu/libapparmor.so.1.6.1
7fe0cc84a000-7fe0cc853000 r-xp 00003000 08:02 1449007                    /usr/lib/x86_64-linux-gnu/libapparmor.so.1.6.1
7fe0cc853000-7fe0cc85a000 r--p 0000c000 08:02 1449007                    /usr/lib/x86_64-linux-gnu/libapparmor.so.1.6.1
7fe0cc85a000-7fe0cc85b000 r--p 00012000 08:02 1449007                    /usr/lib/x86_64-linux-gnu/libapparmor.so.1.6.1
7fe0cc85b000-7fe0cc85c000 rw-p 00013000 08:02 1449007                    /usr/lib/x86_64-linux-gnu/libapparmor.so.1.6.1
7fe0cc85c000-7fe0cc861000 r-xp 00000000 08:02 1449028                    /usr/lib/x86_64-linux-gnu/libasyncns.so.0.3.1
7fe0cc861000-7fe0cca60000 ---p 00005000 08:02 1449028                    /usr/lib/x86_64-linux-gnu/libasyncns.so.0.3.1
7fe0cca60000-7fe0cca61000 r--p 00004000 08:02 1449028                    /usr/lib/x86_64-linux-gnu/libasyncns.so.0.3.1
7fe0cca61000-7fe0cca62000 rw-p 00005000 08:02 1449028                    /usr/lib/x86_64-linux-gnu/libasyncns.so.0.3.1
7fe0cca62000-7fe0cca69000 r--p 00000000 08:02 1450170                    /usr/lib/x86_64-linux-gnu/libsndfile.so.1.0.28
7fe0cca69000-7fe0ccabc000 r-xp 00007000 08:02 1450170                    /usr/lib/x86_64-linux-gnu/libsndfile.so.1.0.28
7fe0ccabc000-7fe0ccad9000 r--p 0005a000 08:02 1450170                    /usr/lib/x86_64-linux-gnu/libsndfile.so.1.0.28
7fe0ccad9000-7fe0ccada000 ---p 00077000 08:02 1450170                    /usr/lib/x86_64-linux-gnu/libsndfile.so.1.0.28
7fe0ccada000-7fe0ccadd000 r--p 00077000 08:02 1450170                    /usr/lib/x86_64-linux-gnu/libsndfile.so.1.0.28
7fe0ccadd000-7fe0ccade000 rw-p 0007a000 08:02 1450170                    /usr/lib/x86_64-linux-gnu/libsndfile.so.1.0.28
7fe0ccade000-7fe0ccae0000 rw-p 00000000 00:00 0 
7fe0ccae0000-7fe0ccae3000 r--p 00000000 08:02 1450402                    /usr/lib/x86_64-linux-gnu/libwrap.so.0.7.6
7fe0ccae3000-7fe0ccae8000 r-xp 00003000 08:02 1450402                    /usr/lib/x86_64-linux-gnu/libwrap.so.0.7.6
7fe0ccae8000-7fe0ccaea000 r--p 00008000 08:02 1450402                    /usr/lib/x86_64-linux-gnu/libwrap.so.0.7.6
7fe0ccaea000-7fe0ccaeb000 r--p 00009000 08:02 1450402                    /usr/lib/x86_64-linux-gnu/libwrap.so.0.7.6
7fe0ccaeb000-7fe0ccaec000 rw-p 0000a000 08:02 1450402                    /usr/lib/x86_64-linux-gnu/libwrap.so.0.7.6
7fe0ccaec000-7fe0ccafc000 r--p 00000000 08:02 1446018                    /usr/lib/x86_64-linux-gnu/libsystemd.so.0.28.0
7fe0ccafc000-7fe0ccb71000 r-xp 00010000 08:02 1446018                    /usr/lib/x86_64-linux-gnu/libsystemd.so.0.28.0
7fe0ccb71000-7fe0ccb96000 r--p 00085000 08:02 1446018                    /usr/lib/x86_64-linux-gnu/libsystemd.so.0.28.0
7fe0ccb96000-7fe0ccb99000 r--p 000a9000 08:02 1446018                    /usr/lib/x86_64-linux-gnu/libsystemd.so.0.28.0
7fe0ccb99000-7fe0ccb9a000 rw-p 000ac000 08:02 1446018                    /usr/lib/x86_64-linux-gnu/libsystemd.so.0.28.0
7fe0ccb9a000-7fe0ccb9b000 rw-p 00000000 00:00 0 
7fe0ccb9b000-7fe0ccba6000 r--p 00000000 08:02 1450442                    /usr/lib/x86_64-linux-gnu/libxcb.so.1.1.0
7fe0ccba6000-7fe0ccbba000 r-xp 0000b000 08:02 1450442                    /usr/lib/x86_64-linux-gnu/libxcb.so.1.1.0
7fe0ccbba000-7fe0ccbc3000 r--p 0001f000 08:02 1450442                    /usr/lib/x86_64-linux-gnu/libxcb.so.1.1.0
7fe0ccbc3000-7fe0ccbc4000 r--p 00027000 08:02 1450442                    /usr/lib/x86_64-linux-gnu/libxcb.so.1.1.0
7fe0ccbc4000-7fe0ccbc5000 rw-p 00028000 08:02 1450442                    /usr/lib/x86_64-linux-gnu/libxcb.so.1.1.0
7fe0ccbc5000-7fe0ccbd0000 r--p 00000000 08:02 1442000                    /usr/lib/x86_64-linux-gnu/libdbus-1.so.3.19.11
7fe0ccbd0000-7fe0ccbfe000 r-xp 0000b000 08:02 1442000                    /usr/lib/x86_64-linux-gnu/libdbus-1.so.3.19.11
7fe0ccbfe000-7fe0ccc13000 r--p 00039000 08:02 1442000                    /usr/lib/x86_64-linux-gnu/libdbus-1.so.3.19.11
7fe0ccc13000-7fe0ccc14000 ---p 0004e000 08:02 1442000                    /usr/lib/x86_64-linux-gnu/libdbus-1.so.3.19.11
7fe0ccc14000-7fe0ccc15000 r--p 0004e000 08:02 1442000                    /usr/lib/x86_64-linux-gnu/libdbus-1.so.3.19.11
7fe0ccc15000-7fe0ccc16000 rw-p 0004f000 08:02 1442000                    /usr/lib/x86_64-linux-gnu/libdbus-1.so.3.19.11
7fe0ccc16000-7fe0ccc27000 r--p 00000000 08:02 2097637                    /usr/lib/x86_64-linux-gnu/pulseaudio/libpulsecommon-13.99.so
7fe0ccc27000-7fe0ccc6f000 r-xp 00011000 08:02 2097637                    /usr/lib/x86_64-linux-gnu/pulseaudio/libpulsecommon-13.99.so
7fe0ccc6f000-7fe0ccc94000 r--p 00059000 08:02 2097637                    /usr/lib/x86_64-linux-gnu/pulseaudio/libpulsecommon-13.99.so
7fe0ccc94000-7fe0ccc95000 ---p 0007e000 08:02 2097637                    /usr/lib/x86_64-linux-gnu/pulseaudio/libpulsecommon-13.99.so
7fe0ccc95000-7fe0ccc97000 r--p 0007e000 08:02 2097637                    /usr/lib/x86_64-linux-gnu/pulseaudio/libpulsecommon-13.99.so
7fe0ccc97000-7fe0ccc98000 rw-p 00080000 08:02 2097637                    /usr/lib/x86_64-linux-gnu/pulseaudio/libpulsecommon-13.99.so
7fe0ccc98000-7fe0ccca4000 r--p 00000000 08:02 1442666                    /usr/lib/x86_64-linux-gnu/libpulse.so.0.21.2
7fe0ccca4000-7fe0cccd4000 r-xp 0000c000 08:02 1442666                    /usr/lib/x86_64-linux-gnu/libpulse.so.0.21.2
7fe0cccd4000-7fe0cccea000 r--p 0003c000 08:02 1442666                    /usr/lib/x86_64-linux-gnu/libpulse.so.0.21.2
7fe0cccea000-7fe0cccec000 r--p 00051000 08:02 1442666                    /usr/lib/x86_64-linux-gnu/libpulse.so.0.21.2
7fe0cccec000-7fe0ccced000 rw-p 00053000 08:02 1442666                    /usr/lib/x86_64-linux-gnu/libpulse.so.0.21.2
7fe0ccced000-7fe0ccd2a000 rw-p 00000000 00:00 0 
7fe0ccd2a000-7fe0ccd2c000 r--p 00000000 08:02 2234013                    /usr/local/lib/libilbccodec.so.2
7fe0ccd2c000-7fe0ccd36000 r-xp 00002000 08:02 2234013                    /usr/local/lib/libilbccodec.so.2
7fe0ccd36000-7fe0ccd38000 r--p 0000c000 08:02 2234013                    /usr/local/lib/libilbccodec.so.2
7fe0ccd38000-7fe0ccd39000 r--p 0000d000 08:02 2234013                    /usr/local/lib/libilbccodec.so.2
7fe0ccd39000-7fe0ccd3b000 rw-p 0000e000 08:02 2234013                    /usr/local/lib/libilbccodec.so.2
7fe0ccd3b000-7fe0ccd65000 r--p 00000000 08:02 1442673                    /usr/lib/x86_64-linux-gnu/libasound.so.2.0.0
7fe0ccd65000-7fe0ccdf4000 r-xp 0002a000 08:02 1442673                    /usr/lib/x86_64-linux-gnu/libasound.so.2.0.0
7fe0ccdf4000-7fe0cce2e000 r--p 000b9000 08:02 1442673                    /usr/lib/x86_64-linux-gnu/libasound.so.2.0.0
7fe0cce2e000-7fe0cce35000 r--p 000f2000 08:02 1442673                    /usr/lib/x86_64-linux-gnu/libasound.so.2.0.0
7fe0cce35000-7fe0cce36000 rw-p 000f9000 08:02 1442673                    /usr/lib/x86_64-linux-gnu/libasound.so.2.0.0
7fe0cce36000-7fe0cce52000 r--p 00000000 08:02 1444741                    /usr/lib/x86_64-linux-gnu/libssl.so.1.1
7fe0cce52000-7fe0ccea1000 r-xp 0001c000 08:02 1444741                    /usr/lib/x86_64-linux-gnu/libssl.so.1.1
7fe0ccea1000-7fe0ccebb000 r--p 0006b000 08:02 1444741                    /usr/lib/x86_64-linux-gnu/libssl.so.1.1
7fe0ccebb000-7fe0ccebc000 ---p 00085000 08:02 1444741                    /usr/lib/x86_64-linux-gnu/libssl.so.1.1
7fe0ccebc000-7fe0ccec5000 r--p 00085000 08:02 1444741                    /usr/lib/x86_64-linux-gnu/libssl.so.1.1
7fe0ccec5000-7fe0ccec9000 rw-p 0008e000 08:02 1444741                    /usr/lib/x86_64-linux-gnu/libssl.so.1.1
7fe0ccec9000-7fe0ccecf000 r--p 00000000 08:02 2234019                    /usr/local/lib/libwebrtc.so.2
7fe0ccecf000-7fe0ccee8000 r-xp 00006000 08:02 2234019                    /usr/local/lib/libwebrtc.so.2
7fe0ccee8000-7fe0ccef0000 r--p 0001f000 08:02 2234019                    /usr/local/lib/libwebrtc.so.2
7fe0ccef0000-7fe0ccef1000 r--p 00026000 08:02 2234019                    /usr/local/lib/libwebrtc.so.2
7fe0ccef1000-7fe0ccef2000 rw-p 00027000 08:02 2234019                    /usr/local/lib/libwebrtc.so.2
7fe0ccef2000-7fe0ccef8000 r--p 00000000 08:02 2234011                    /usr/local/lib/libspeex.so.2
7fe0ccef8000-7fe0ccf16000 r-xp 00006000 08:02 2234011                    /usr/local/lib/libspeex.so.2
7fe0ccf16000-7fe0ccf1e000 r--p 00024000 08:02 2234011                    /usr/local/lib/libspeex.so.2
7fe0ccf1e000-7fe0ccf1f000 ---p 0002c000 08:02 2234011                    /usr/local/lib/libspeex.so.2
7fe0ccf1f000-7fe0ccf20000 r--p 0002c000 08:02 2234011                    /usr/local/lib/libspeex.so.2
7fe0ccf20000-7fe0ccf21000 rw-p 0002d000 08:02 2234011                    /usr/local/lib/libspeex.so.2
7fe0ccf21000-7fe0ccf22000 r--p 00000000 08:02 2234007                    /usr/local/lib/libresample.so.2
7fe0ccf22000-7fe0ccf23000 r-xp 00001000 08:02 2234007                    /usr/local/lib/libresample.so.2
7fe0ccf23000-7fe0ccf2e000 r--p 00002000 08:02 2234007                    /usr/local/lib/libresample.so.2
7fe0ccf2e000-7fe0ccf2f000 r--p 0000c000 08:02 2234007                    /usr/local/lib/libresample.so.2
7fe0ccf2f000-7fe0ccf30000 rw-p 0000d000 08:02 2234007                    /usr/local/lib/libresample.so.2
7fe0ccf30000-7fe0ccf35000 r--p 00000000 08:02 2234005                    /usr/local/lib/libsrtp.so.2
7fe0ccf35000-7fe0ccf40000 r-xp 00005000 08:02 2234005                    /usr/local/lib/libsrtp.so.2
7fe0ccf40000-7fe0ccf44000 r--p 00010000 08:02 2234005                    /usr/local/lib/libsrtp.so.2
7fe0ccf44000-7fe0ccf45000 r--p 00013000 08:02 2234005                    /usr/local/lib/libsrtp.so.2
7fe0ccf45000-7fe0ccf46000 rw-p 00014000 08:02 2234005                    /usr/local/lib/libsrtp.so.2
7fe0ccf46000-7fe0ccfbe000 r--p 00000000 08:02 1442965                    /usr/lib/x86_64-linux-gnu/libcrypto.so.1.1
7fe0ccfbe000-7fe0cd159000 r-xp 00078000 08:02 1442965                    /usr/lib/x86_64-linux-gnu/libcrypto.so.1.1
7fe0cd159000-7fe0cd1ea000 r--p 00213000 08:02 1442965                    /usr/lib/x86_64-linux-gnu/libcrypto.so.1.1
7fe0cd1ea000-7fe0cd216000 r--p 002a3000 08:02 1442965                    /usr/lib/x86_64-linux-gnu/libcrypto.so.1.1
7fe0cd216000-7fe0cd218000 rw-p 002cf000 08:02 1442965                    /usr/lib/x86_64-linux-gnu/libcrypto.so.1.1
7fe0cd218000-7fe0cd21c000 rw-p 00000000 00:00 0 
7fe0cd21c000-7fe0cd224000 r--p 00000000 08:02 2234039                    /usr/local/lib/libpjnath.so.2
7fe0cd224000-7fe0cd242000 r-xp 00008000 08:02 2234039                    /usr/local/lib/libpjnath.so.2
7fe0cd242000-7fe0cd24e000 r--p 00026000 08:02 2234039                    /usr/local/lib/libpjnath.so.2
7fe0cd24e000-7fe0cd24f000 r--p 00031000 08:02 2234039                    /usr/local/lib/libpjnath.so.2
7fe0cd24f000-7fe0cd251000 rw-p 00032000 08:02 2234039                    /usr/local/lib/libpjnath.so.2
7fe0cd251000-7fe0cd254000 r--p 00000000 08:02 2234031                    /usr/local/lib/libpjmedia-codec.so.2
7fe0cd254000-7fe0cd25c000 r-xp 00003000 08:02 2234031                    /usr/local/lib/libpjmedia-codec.so.2
7fe0cd25c000-7fe0cd25f000 r--p 0000b000 08:02 2234031                    /usr/local/lib/libpjmedia-codec.so.2
7fe0cd25f000-7fe0cd260000 r--p 0000d000 08:02 2234031                    /usr/local/lib/libpjmedia-codec.so.2
7fe0cd260000-7fe0cd261000 rw-p 0000e000 08:02 2234031                    /usr/local/lib/libpjmedia-codec.so.2
7fe0cd261000-7fe0cd267000 r--p 00000000 08:02 2234025                    /usr/local/lib/libpjsip-ua.so.2
7fe0cd267000-7fe0cd279000 r-xp 00006000 08:02 2234025                    /usr/local/lib/libpjsip-ua.so.2
7fe0cd279000-7fe0cd27f000 r--p 00018000 08:02 2234025                    /usr/local/lib/libpjsip-ua.so.2
7fe0cd27f000-7fe0cd280000 r--p 0001d000 08:02 2234025                    /usr/local/lib/libpjsip-ua.so.2
7fe0cd280000-7fe0cd281000 rw-p 0001e000 08:02 2234025                    /usr/local/lib/libpjsip-ua.so.2
7fe0cd281000-7fe0cd28d000 r--p 00000000 08:02 2234043                    /usr/local/lib/libpj.so.2
7fe0cd28d000-7fe0cd2ab000 r-xp 0000c000 08:02 2234043                    /usr/local/lib/libpj.so.2
7fe0cd2ab000-7fe0cd2b6000 r--p 0002a000 08:02 2234043                    /usr/local/lib/libpj.so.2
7fe0cd2b6000-7fe0cd2b7000 ---p 00035000 08:02 2234043                    /usr/local/lib/libpj.so.2
7fe0cd2b7000-7fe0cd2b8000 r--p 00035000 08:02 2234043                    /usr/local/lib/libpj.so.2
7fe0cd2b8000-7fe0cd2b9000 rw-p 00036000 08:02 2234043                    /usr/local/lib/libpj.so.2
7fe0cd2b9000-7fe0cd2bb000 rw-p 00000000 00:00 0 
7fe0cd2bb000-7fe0cd2c2000 r--p 00000000 08:02 2234041                    /usr/local/lib/libpjlib-util.so.2
7fe0cd2c2000-7fe0cd2dc000 r-xp 00007000 08:02 2234041                    /usr/local/lib/libpjlib-util.so.2
7fe0cd2dc000-7fe0cd2e4000 r--p 00021000 08:02 2234041                    /usr/local/lib/libpjlib-util.so.2
7fe0cd2e4000-7fe0cd2e5000 r--p 00028000 08:02 2234041                    /usr/local/lib/libpjlib-util.so.2
7fe0cd2e5000-7fe0cd2e6000 rw-p 00029000 08:02 2234041                    /usr/local/lib/libpjlib-util.so.2
7fe0cd2e6000-7fe0cd2f4000 r--p 00000000 08:02 2234035                    /usr/local/lib/libpjmedia.so.2
7fe0cd2f4000-7fe0cd32c000 r-xp 0000e000 08:02 2234035                    /usr/local/lib/libpjmedia.so.2
7fe0cd32c000-7fe0cd349000 r--p 00046000 08:02 2234035                    /usr/local/lib/libpjmedia.so.2
7fe0cd349000-7fe0cd34a000 ---p 00063000 08:02 2234035                    /usr/local/lib/libpjmedia.so.2
7fe0cd34a000-7fe0cd34b000 r--p 00063000 08:02 2234035                    /usr/local/lib/libpjmedia.so.2
7fe0cd34b000-7fe0cd34d000 rw-p 00064000 08:02 2234035                    /usr/local/lib/libpjmedia.so.2
7fe0cd34d000-7fe0cd34e000 rw-p 00000000 00:00 0 
7fe0cd34e000-7fe0cd35c000 r--p 00000000 08:02 2234023                    /usr/local/lib/libpjsua.so.2
7fe0cd35c000-7fe0cd391000 r-xp 0000e000 08:02 2234023                    /usr/local/lib/libpjsua.so.2
7fe0cd391000-7fe0cd39e000 r--p 00043000 08:02 2234023                    /usr/local/lib/libpjsua.so.2
7fe0cd39e000-7fe0cd39f000 r--p 0004f000 08:02 2234023                    /usr/local/lib/libpjsua.so.2
7fe0cd39f000-7fe0cd3a1000 rw-p 00050000 08:02 2234023                    /usr/local/lib/libpjsua.so.2
7fe0cd3a1000-7fe0cd483000 rw-p 00000000 00:00 0 
7fe0cd483000-7fe0cd49f000 r--p 00000000 08:02 2234021                    /usr/local/lib/libpjsua2.so.2
7fe0cd49f000-7fe0cd4f3000 r-xp 0001c000 08:02 2234021                    /usr/local/lib/libpjsua2.so.2
7fe0cd4f3000-7fe0cd508000 r--p 00070000 08:02 2234021                    /usr/local/lib/libpjsua2.so.2
7fe0cd508000-7fe0cd50a000 r--p 00084000 08:02 2234021                    /usr/local/lib/libpjsua2.so.2
7fe0cd50a000-7fe0cd50c000 rw-p 00086000 08:02 2234021                    /usr/local/lib/libpjsua2.so.2
7fe0cd50c000-7fe0cd55b000 r--p 00000000 08:02 1444779                    /usr/lib/libpjsua2.so
7fe0cd55b000-7fe0cd5e7000 r-xp 0004f000 08:02 1444779                    /usr/lib/libpjsua2.so
7fe0cd5e7000-7fe0cd61d000 r--p 000db000 08:02 1444779                    /usr/lib/libpjsua2.so
7fe0cd61d000-7fe0cd61e000 ---p 00111000 08:02 1444779                    /usr/lib/libpjsua2.so
7fe0cd61e000-7fe0cd61f000 r--p 00111000 08:02 1444779                    /usr/lib/libpjsua2.so
7fe0cd61f000-7fe0cd621000 rw-p 00112000 08:02 1444779                    /usr/lib/libpjsua2.so
7fe0cd621000-7fe0cd78a000 r-xp 00000000 08:02 1444772                    /usr/lib/libopenh264.so
7fe0cd78a000-7fe0cd98a000 ---p 00169000 08:02 1444772                    /usr/lib/libopenh264.so
7fe0cd98a000-7fe0cd98d000 r--p 00169000 08:02 1444772                    /usr/lib/libopenh264.so
7fe0cd98d000-7fe0cd98f000 rw-p 0016c000 08:02 1444772                    /usr/lib/libopenh264.so
7fe0cd98f000-7fe0cd993000 ---p 00000000 00:00 0 
7fe0cd993000-7fe0cda90000 rw-p 00000000 00:00 0 
7fe0cda90000-7fe0ce000000 r--p 00000000 08:02 1444832                    /usr/lib/locale/locale-archive
7fe0ce000000-7fe0d0000000 rw-p 00000000 00:00 0 
7fe0d0000000-7fe0d0021000 rw-p 00000000 00:00 0 
7fe0d0021000-7fe0d4000000 ---p 00000000 00:00 0 
7fe0d4001000-7fe0d4002000 r--p 00000000 08:02 2234009                    /usr/local/lib/libgsmcodec.so.2
7fe0d4002000-7fe0d400a000 r-xp 00001000 08:02 2234009                    /usr/local/lib/libgsmcodec.so.2
7fe0d400a000-7fe0d400b000 r--p 00009000 08:02 2234009                    /usr/local/lib/libgsmcodec.so.2
7fe0d400b000-7fe0d400c000 r--p 00009000 08:02 2234009                    /usr/local/lib/libgsmcodec.so.2
7fe0d400c000-7fe0d400d000 rw-p 0000a000 08:02 2234009                    /usr/local/lib/libgsmcodec.so.2
7fe0d400d000-7fe0d401b000 r--p 00000000 08:02 2234029                    /usr/local/lib/libpjsip.so.2
7fe0d401b000-7fe0d404b000 r-xp 0000e000 08:02 2234029                    /usr/local/lib/libpjsip.so.2
7fe0d404b000-7fe0d405c000 r--p 0003e000 08:02 2234029                    /usr/local/lib/libpjsip.so.2
7fe0d405c000-7fe0d405e000 r--p 0004e000 08:02 2234029                    /usr/local/lib/libpjsip.so.2
7fe0d405e000-7fe0d4060000 rw-p 00050000 08:02 2234029                    /usr/local/lib/libpjsip.so.2
7fe0d4060000-7fe0d4065000 rw-p 00000000 00:00 0 
7fe0d4065000-7fe0d406b000 r--p 00000000 08:02 2234027                    /usr/local/lib/libpjsip-simple.so.2
7fe0d406b000-7fe0d4076000 r-xp 00006000 08:02 2234027                    /usr/local/lib/libpjsip-simple.so.2
7fe0d4076000-7fe0d407a000 r--p 00011000 08:02 2234027                    /usr/local/lib/libpjsip-simple.so.2
7fe0d407a000-7fe0d407b000 ---p 00015000 08:02 2234027                    /usr/local/lib/libpjsip-simple.so.2
7fe0d407b000-7fe0d407c000 r--p 00015000 08:02 2234027                    /usr/local/lib/libpjsip-simple.so.2
7fe0d407c000-7fe0d407d000 rw-p 00016000 08:02 2234027                    /usr/local/lib/libpjsip-simple.so.2
7fe0d407f000-7fe0d4080000 r--p 00000000 08:02 2097966                    /usr/lib/x86_64-linux-gnu/alsa-lib/libasound_module_pcm_oss.so
7fe0d4080000-7fe0d4082000 r-xp 00001000 08:02 2097966                    /usr/lib/x86_64-linux-gnu/alsa-lib/libasound_module_pcm_oss.so
7fe0d4082000-7fe0d4083000 r--p 00003000 08:02 2097966                    /usr/lib/x86_64-linux-gnu/alsa-lib/libasound_module_pcm_oss.so
7fe0d4083000-7fe0d4084000 r--p 00003000 08:02 2097966                    /usr/lib/x86_64-linux-gnu/alsa-lib/libasound_module_pcm_oss.so
7fe0d4084000-7fe0d4085000 rw-p 00004000 08:02 2097966                    /usr/lib/x86_64-linux-gnu/alsa-lib/libasound_module_pcm_oss.so
7fe0d4085000-7fe0d4087000 r--p 00000000 08:02 2097965                    /usr/lib/x86_64-linux-gnu/alsa-lib/libasound_module_pcm_jack.so
7fe0d4087000-7fe0d4089000 r-xp 00002000 08:02 2097965                    /usr/lib/x86_64-linux-gnu/alsa-lib/libasound_module_pcm_jack.so
7fe0d4089000-7fe0d408a000 r--p 00004000 08:02 2097965                    /usr/lib/x86_64-linux-gnu/alsa-lib/libasound_module_pcm_jack.so
7fe0d408a000-7fe0d408b000 r--p 00004000 08:02 2097965                    /usr/lib/x86_64-linux-gnu/alsa-lib/libasound_module_pcm_jack.so
7fe0d408b000-7fe0d408c000 rw-p 00005000 08:02 2097965                    /usr/lib/x86_64-linux-gnu/alsa-lib/libasound_module_pcm_jack.so
7fe0d408c000-7fe0d408e000 r--p 00000000 08:02 2097967                    /usr/lib/x86_64-linux-gnu/alsa-lib/libasound_module_pcm_pulse.so
7fe0d408e000-7fe0d4091000 r-xp 00002000 08:02 2097967                    /usr/lib/x86_64-linux-gnu/alsa-lib/libasound_module_pcm_pulse.so
7fe0d4091000-7fe0d4092000 r--p 00005000 08:02 2097967                    /usr/lib/x86_64-linux-gnu/alsa-lib/libasound_module_pcm_pulse.so
7fe0d4092000-7fe0d4093000 ---p 00006000 08:02 2097967                    /usr/lib/x86_64-linux-gnu/alsa-lib/libasound_module_pcm_pulse.so
7fe0d4093000-7fe0d4094000 r--p 00006000 08:02 2097967                    /usr/lib/x86_64-linux-gnu/alsa-lib/libasound_module_pcm_pulse.so
7fe0d4094000-7fe0d4095000 rw-p 00007000 08:02 2097967                    /usr/lib/x86_64-linux-gnu/alsa-lib/libasound_module_pcm_pulse.so
7fe0d4095000-7fe0d409c000 r--s 00000000 08:02 2102563                    /usr/lib/x86_64-linux-gnu/gconv/gconv-modules.cache
7fe0d409c000-7fe0d40cd000 rw-p 00000000 00:00 0 
7fe0d40cd000-7fe0d40ce000 ---p 00000000 00:00 0 
7fe0d40ce000-7fe0d41cf000 rw-p 00000000 00:00 0 
7fe0d41cf000-7fe0d41d3000 ---p 00000000 00:00 0 
7fe0d41d3000-7fe0d44c0000 rw-p 00000000 00:00 0 
7fe0d44c0000-7fe0d6160000 ---p 00000000 00:00 0 
7fe0d6160000-7fe0d6358000 rw-p 00000000 00:00 0 
7fe0d6358000-7fe0d7ff8000 ---p 00000000 00:00 0 
7fe0d7ff8000-7fe0d8000000 rw-p 00000000 00:00 0 
7fe0d8000000-7fe0d8021000 rw-p 00000000 00:00 0 
7fe0d8021000-7fe0dc000000 ---p 00000000 00:00 0 
7fe0dc000000-7fe0dc001000 r--p 00000000 08:02 2097970                    /usr/lib/x86_64-linux-gnu/alsa-lib/libasound_module_pcm_vdownmix.so
7fe0dc001000-7fe0dc002000 r-xp 00001000 08:02 2097970                    /usr/lib/x86_64-linux-gnu/alsa-lib/libasound_module_pcm_vdownmix.so
7fe0dc002000-7fe0dc003000 r--p 00002000 08:02 2097970                    /usr/lib/x86_64-linux-gnu/alsa-lib/libasound_module_pcm_vdownmix.so
7fe0dc003000-7fe0dc004000 r--p 00002000 08:02 2097970                    /usr/lib/x86_64-linux-gnu/alsa-lib/libasound_module_pcm_vdownmix.so
7fe0dc004000-7fe0dc005000 rw-p 00003000 08:02 2097970                    /usr/lib/x86_64-linux-gnu/alsa-lib/libasound_module_pcm_vdownmix.so
7fe0dc005000-7fe0dc007000 r--p 00000000 08:02 1442187                    /usr/lib/x86_64-linux-gnu/libuuid.so.1.3.0
7fe0dc007000-7fe0dc00b000 r-xp 00002000 08:02 1442187                    /usr/lib/x86_64-linux-gnu/libuuid.so.1.3.0
7fe0dc00b000-7fe0dc00c000 r--p 00006000 08:02 1442187                    /usr/lib/x86_64-linux-gnu/libuuid.so.1.3.0
7fe0dc00c000-7fe0dc00d000 r--p 00006000 08:02 1442187                    /usr/lib/x86_64-linux-gnu/libuuid.so.1.3.0
7fe0dc00d000-7fe0dc00e000 rw-p 00007000 08:02 1442187                    /usr/lib/x86_64-linux-gnu/libuuid.so.1.3.0
7fe0dc00e000-7fe0dc012000 r--p 00000000 08:02 1447901                    /usr/lib/jvm/java-11-openjdk-amd64/lib/libnet.so
7fe0dc012000-7fe0dc020000 r-xp 00004000 08:02 1447901                    /usr/lib/jvm/java-11-openjdk-amd64/lib/libnet.so
7fe0dc020000-7fe0dc024000 r--p 00012000 08:02 1447901                    /usr/lib/jvm/java-11-openjdk-amd64/lib/libnet.so
7fe0dc024000-7fe0dc025000 r--p 00015000 08:02 1447901                    /usr/lib/jvm/java-11-openjdk-amd64/lib/libnet.so
7fe0dc025000-7fe0dc026000 rw-p 00016000 08:02 1447901                    /usr/lib/jvm/java-11-openjdk-amd64/lib/libnet.so
7fe0dc026000-7fe0dc02d000 r--p 00000000 08:02 1447902                    /usr/lib/jvm/java-11-openjdk-amd64/lib/libnio.so
7fe0dc02d000-7fe0dc035000 r-xp 00007000 08:02 1447902                    /usr/lib/jvm/java-11-openjdk-amd64/lib/libnio.so
7fe0dc035000-7fe0dc038000 r--p 0000f000 08:02 1447902                    /usr/lib/jvm/java-11-openjdk-amd64/lib/libnio.so
7fe0dc038000-7fe0dc039000 r--p 00011000 08:02 1447902                    /usr/lib/jvm/java-11-openjdk-amd64/lib/libnio.so
7fe0dc039000-7fe0dc03a000 rw-p 00012000 08:02 1447902                    /usr/lib/jvm/java-11-openjdk-amd64/lib/libnio.so
7fe0dc03a000-7fe0dc03e000 ---p 00000000 00:00 0 
7fe0dc03e000-7fe0dc13b000 rw-p 00000000 00:00 0 
7fe0dc13b000-7fe0dc13f000 ---p 00000000 00:00 0 
7fe0dc13f000-7fe0dc23c000 rw-p 00000000 00:00 0 
7fe0dc23c000-7fe0dc240000 ---p 00000000 00:00 0 
7fe0dc240000-7fe0dc33d000 rw-p 00000000 00:00 0 
7fe0dc33d000-7fe0dc341000 ---p 00000000 00:00 0 
7fe0dc341000-7fe0dc43e000 rw-p 00000000 00:00 0 
7fe0dc43e000-7fe0dc442000 ---p 00000000 00:00 0 
7fe0dc442000-7fe0dc53f000 rw-p 00000000 00:00 0 
7fe0dc53f000-7fe0dc543000 ---p 00000000 00:00 0 
7fe0dc543000-7fe0dc640000 rw-p 00000000 00:00 0 
7fe0dc640000-7fe0dc641000 ---p 00000000 00:00 0 
7fe0dc641000-7fe0dc81e000 rw-p 00000000 00:00 0 
7fe0dc81e000-7fe0dca8e000 rwxp 00000000 00:00 0 
7fe0dca8e000-7fe0dcdae000 ---p 00000000 00:00 0 
7fe0dcdae000-7fe0dd01e000 rwxp 00000000 00:00 0 
7fe0dd01e000-7fe0e42e6000 ---p 00000000 00:00 0 
7fe0e42e6000-7fe0e4556000 rwxp 00000000 00:00 0 
7fe0e4556000-7fe0eb81e000 ---p 00000000 00:00 0 
7fe0eb81e000-7fe0f4000000 r--s 00000000 08:02 1447911                    /usr/lib/jvm/java-11-openjdk-amd64/lib/modules
7fe0f4000000-7fe0f4344000 rw-p 00000000 00:00 0 
7fe0f4344000-7fe0f8000000 ---p 00000000 00:00 0 
7fe0f8004000-7fe0f8006000 r--p 00000000 08:02 2234037                    /usr/local/lib/libpjmedia-audiodev.so.2
7fe0f8006000-7fe0f800a000 r-xp 00002000 08:02 2234037                    /usr/local/lib/libpjmedia-audiodev.so.2
7fe0f800a000-7fe0f800b000 r--p 00006000 08:02 2234037                    /usr/local/lib/libpjmedia-audiodev.so.2
7fe0f800b000-7fe0f800c000 ---p 00007000 08:02 2234037                    /usr/local/lib/libpjmedia-audiodev.so.2
7fe0f800c000-7fe0f800d000 r--p 00007000 08:02 2234037                    /usr/local/lib/libpjmedia-audiodev.so.2
7fe0f800d000-7fe0f800e000 rw-p 00008000 08:02 2234037                    /usr/local/lib/libpjmedia-audiodev.so.2
7fe0f800e000-7fe0f8576000 rw-p 00000000 00:00 0 
7fe0f8576000-7fe0f8836000 ---p 00000000 00:00 0 
7fe0f8836000-7fe0f8878000 rw-p 00000000 00:00 0 
7fe0f8878000-7fe0f8879000 ---p 00000000 00:00 0 
7fe0f8879000-7fe0f897a000 rw-p 00000000 00:00 0 
7fe0f897a000-7fe0f897b000 ---p 00000000 00:00 0 
7fe0f897b000-7fe0f8e80000 rw-p 00000000 00:00 0 
7fe0f8e80000-7fe0f8e81000 ---p 00000000 00:00 0 
7fe0f8e81000-7fe0f8f82000 rw-p 00000000 00:00 0 
7fe0f8f82000-7fe0f8f83000 ---p 00000000 00:00 0 
7fe0f8f83000-7fe0f9104000 rw-p 00000000 00:00 0 
7fe0f9104000-7fe0f9498000 ---p 00000000 00:00 0 
7fe0f9498000-7fe0f94d7000 rw-p 00000000 00:00 0 
7fe0f94d7000-7fe0f986b000 ---p 00000000 00:00 0 
7fe0f986b000-7fe0f98aa000 rw-p 00000000 00:00 0 
7fe0f98aa000-7fe0f9c3e000 ---p 00000000 00:00 0 
7fe0f9c3e000-7fe0fa043000 rw-p 00000000 00:00 0 
7fe0fa043000-7fe0fa044000 ---p 00000000 00:00 0 
7fe0fa044000-7fe0fa14a000 rw-p 00000000 00:00 0 
7fe0fa14a000-7fe0fa230000 ---p 00000000 00:00 0 
7fe0fa230000-7fe0fa235000 rw-p 00000000 00:00 0 
7fe0fa235000-7fe0fa31b000 ---p 00000000 00:00 0 
7fe0fa31b000-7fe0fa31e000 r--p 00000000 08:02 1445800                    /usr/lib/x86_64-linux-gnu/libnss_files-2.31.so
7fe0fa31e000-7fe0fa325000 r-xp 00003000 08:02 1445800                    /usr/lib/x86_64-linux-gnu/libnss_files-2.31.so
7fe0fa325000-7fe0fa327000 r--p 0000a000 08:02 1445800                    /usr/lib/x86_64-linux-gnu/libnss_files-2.31.so
7fe0fa327000-7fe0fa328000 r--p 0000b000 08:02 1445800                    /usr/lib/x86_64-linux-gnu/libnss_files-2.31.so
7fe0fa328000-7fe0fa329000 rw-p 0000c000 08:02 1445800                    /usr/lib/x86_64-linux-gnu/libnss_files-2.31.so
7fe0fa329000-7fe0fa334000 rw-p 00000000 00:00 0 
7fe0fa334000-7fe0fa33b000 ---p 00000000 00:00 0 
7fe0fa33b000-7fe0fa33d000 r--p 00000000 08:02 1447910                    /usr/lib/jvm/java-11-openjdk-amd64/lib/libzip.so
7fe0fa33d000-7fe0fa342000 r-xp 00002000 08:02 1447910                    /usr/lib/jvm/java-11-openjdk-amd64/lib/libzip.so
7fe0fa342000-7fe0fa344000 r--p 00007000 08:02 1447910                    /usr/lib/jvm/java-11-openjdk-amd64/lib/libzip.so
7fe0fa344000-7fe0fa345000 r--p 00008000 08:02 1447910                    /usr/lib/jvm/java-11-openjdk-amd64/lib/libzip.so
7fe0fa345000-7fe0fa346000 rw-p 00009000 08:02 1447910                    /usr/lib/jvm/java-11-openjdk-amd64/lib/libzip.so
7fe0fa346000-7fe0fa34e000 rw-s 00000000 08:02 9446038                    /tmp/hsperfdata_user/130922
7fe0fa34e000-7fe0fa35c000 r--p 00000000 08:02 1447890                    /usr/lib/jvm/java-11-openjdk-amd64/lib/libjava.so
7fe0fa35c000-7fe0fa372000 r-xp 0000e000 08:02 1447890                    /usr/lib/jvm/java-11-openjdk-amd64/lib/libjava.so
7fe0fa372000-7fe0fa379000 r--p 00024000 08:02 1447890                    /usr/lib/jvm/java-11-openjdk-amd64/lib/libjava.so
7fe0fa379000-7fe0fa37a000 r--p 0002a000 08:02 1447890                    /usr/lib/jvm/java-11-openjdk-amd64/lib/libjava.so
7fe0fa37a000-7fe0fa37b000 rw-p 0002b000 08:02 1447890                    /usr/lib/jvm/java-11-openjdk-amd64/lib/libjava.so
7fe0fa37b000-7fe0fa37c000 rw-p 00000000 00:00 0 
7fe0fa37c000-7fe0fa37e000 r--p 00000000 08:02 1445807                    /usr/lib/x86_64-linux-gnu/librt-2.31.so
7fe0fa37e000-7fe0fa382000 r-xp 00002000 08:02 1445807                    /usr/lib/x86_64-linux-gnu/librt-2.31.so
7fe0fa382000-7fe0fa384000 r--p 00006000 08:02 1445807                    /usr/lib/x86_64-linux-gnu/librt-2.31.so
7fe0fa384000-7fe0fa385000 r--p 00007000 08:02 1445807                    /usr/lib/x86_64-linux-gnu/librt-2.31.so
7fe0fa385000-7fe0fa386000 rw-p 00008000 08:02 1445807                    /usr/lib/x86_64-linux-gnu/librt-2.31.so
7fe0fa386000-7fe0fa38a000 ---p 00000000 00:00 0 
7fe0fa38a000-7fe0fa487000 rw-p 00000000 00:00 0 
7fe0fa487000-7fe0fa48a000 r--p 00000000 08:02 1449406                    /usr/lib/x86_64-linux-gnu/libgcc_s.so.1
7fe0fa48a000-7fe0fa49c000 r-xp 00003000 08:02 1449406                    /usr/lib/x86_64-linux-gnu/libgcc_s.so.1
7fe0fa49c000-7fe0fa4a0000 r--p 00015000 08:02 1449406                    /usr/lib/x86_64-linux-gnu/libgcc_s.so.1
7fe0fa4a0000-7fe0fa4a1000 r--p 00018000 08:02 1449406                    /usr/lib/x86_64-linux-gnu/libgcc_s.so.1
7fe0fa4a1000-7fe0fa4a2000 rw-p 00019000 08:02 1449406                    /usr/lib/x86_64-linux-gnu/libgcc_s.so.1
7fe0fa4a2000-7fe0fa4af000 r--p 00000000 08:02 1445794                    /usr/lib/x86_64-linux-gnu/libm-2.31.so
7fe0fa4af000-7fe0fa556000 r-xp 0000d000 08:02 1445794                    /usr/lib/x86_64-linux-gnu/libm-2.31.so
7fe0fa556000-7fe0fa5ef000 r--p 000b4000 08:02 1445794                    /usr/lib/x86_64-linux-gnu/libm-2.31.so
7fe0fa5ef000-7fe0fa5f0000 r--p 0014c000 08:02 1445794                    /usr/lib/x86_64-linux-gnu/libm-2.31.so
7fe0fa5f0000-7fe0fa5f1000 rw-p 0014d000 08:02 1445794                    /usr/lib/x86_64-linux-gnu/libm-2.31.so
7fe0fa5f1000-7fe0fa687000 r--p 00000000 08:02 1450209                    /usr/lib/x86_64-linux-gnu/libstdc++.so.6.0.28
7fe0fa687000-7fe0fa778000 r-xp 00096000 08:02 1450209                    /usr/lib/x86_64-linux-gnu/libstdc++.so.6.0.28
7fe0fa778000-7fe0fa7c1000 r--p 00187000 08:02 1450209                    /usr/lib/x86_64-linux-gnu/libstdc++.so.6.0.28
7fe0fa7c1000-7fe0fa7c2000 ---p 001d0000 08:02 1450209                    /usr/lib/x86_64-linux-gnu/libstdc++.so.6.0.28
7fe0fa7c2000-7fe0fa7cd000 r--p 001d0000 08:02 1450209                    /usr/lib/x86_64-linux-gnu/libstdc++.so.6.0.28
7fe0fa7cd000-7fe0fa7d0000 rw-p 001db000 08:02 1450209                    /usr/lib/x86_64-linux-gnu/libstdc++.so.6.0.28
7fe0fa7d0000-7fe0fa7d3000 rw-p 00000000 00:00 0 
7fe0fa7d3000-7fe0faa55000 r--p 00000000 08:02 1447914                    /usr/lib/jvm/java-11-openjdk-amd64/lib/server/libjvm.so
7fe0faa55000-7fe0fb6db000 r-xp 00282000 08:02 1447914                    /usr/lib/jvm/java-11-openjdk-amd64/lib/server/libjvm.so
7fe0fb6db000-7fe0fb937000 r--p 00f08000 08:02 1447914                    /usr/lib/jvm/java-11-openjdk-amd64/lib/server/libjvm.so
7fe0fb937000-7fe0fb9fb000 r--p 01163000 08:02 1447914                    /usr/lib/jvm/java-11-openjdk-amd64/lib/server/libjvm.so
7fe0fb9fb000-7fe0fba36000 rw-p 01227000 08:02 1447914                    /usr/lib/jvm/java-11-openjdk-amd64/lib/server/libjvm.so
7fe0fba36000-7fe0fba8f000 rw-p 00000000 00:00 0 
7fe0fba8f000-7fe0fba95000 r--p 00000000 08:02 1445805                    /usr/lib/x86_64-linux-gnu/libpthread-2.31.so
7fe0fba95000-7fe0fbaa6000 r-xp 00006000 08:02 1445805                    /usr/lib/x86_64-linux-gnu/libpthread-2.31.so
7fe0fbaa6000-7fe0fbaac000 r--p 00017000 08:02 1445805                    /usr/lib/x86_64-linux-gnu/libpthread-2.31.so
7fe0fbaac000-7fe0fbaad000 r--p 0001c000 08:02 1445805                    /usr/lib/x86_64-linux-gnu/libpthread-2.31.so
7fe0fbaad000-7fe0fbaae000 rw-p 0001d000 08:02 1445805                    /usr/lib/x86_64-linux-gnu/libpthread-2.31.so
7fe0fbaae000-7fe0fbab2000 rw-p 00000000 00:00 0 
7fe0fbab2000-7fe0fbab3000 r--p 00000000 08:02 1445793                    /usr/lib/x86_64-linux-gnu/libdl-2.31.so
7fe0fbab3000-7fe0fbab5000 r-xp 00001000 08:02 1445793                    /usr/lib/x86_64-linux-gnu/libdl-2.31.so
7fe0fbab5000-7fe0fbab6000 r--p 00003000 08:02 1445793                    /usr/lib/x86_64-linux-gnu/libdl-2.31.so
7fe0fbab6000-7fe0fbab7000 r--p 00003000 08:02 1445793                    /usr/lib/x86_64-linux-gnu/libdl-2.31.so
7fe0fbab7000-7fe0fbab8000 rw-p 00004000 08:02 1445793                    /usr/lib/x86_64-linux-gnu/libdl-2.31.so
7fe0fbab8000-7fe0fbaba000 r--p 00000000 08:02 1445493                    /usr/lib/x86_64-linux-gnu/libz.so.1.2.11
7fe0fbaba000-7fe0fbacb000 r-xp 00002000 08:02 1445493                    /usr/lib/x86_64-linux-gnu/libz.so.1.2.11
7fe0fbacb000-7fe0fbad1000 r--p 00013000 08:02 1445493                    /usr/lib/x86_64-linux-gnu/libz.so.1.2.11
7fe0fbad1000-7fe0fbad2000 ---p 00019000 08:02 1445493                    /usr/lib/x86_64-linux-gnu/libz.so.1.2.11
7fe0fbad2000-7fe0fbad3000 r--p 00019000 08:02 1445493                    /usr/lib/x86_64-linux-gnu/libz.so.1.2.11
7fe0fbad3000-7fe0fbad4000 rw-p 0001a000 08:02 1445493                    /usr/lib/x86_64-linux-gnu/libz.so.1.2.11
7fe0fbad4000-7fe0fbaf6000 r--p 00000000 08:02 1445792                    /usr/lib/x86_64-linux-gnu/libc-2.31.so
7fe0fbaf6000-7fe0fbc6e000 r-xp 00022000 08:02 1445792                    /usr/lib/x86_64-linux-gnu/libc-2.31.so
7fe0fbc6e000-7fe0fbcbc000 r--p 0019a000 08:02 1445792                    /usr/lib/x86_64-linux-gnu/libc-2.31.so
7fe0fbcbc000-7fe0fbcc0000 r--p 001e7000 08:02 1445792                    /usr/lib/x86_64-linux-gnu/libc-2.31.so
7fe0fbcc0000-7fe0fbcc2000 rw-p 001eb000 08:02 1445792                    /usr/lib/x86_64-linux-gnu/libc-2.31.so
7fe0fbcc2000-7fe0fbcc6000 rw-p 00000000 00:00 0 
7fe0fbcc6000-7fe0fbcc8000 r--s 0000c000 08:02 2235382                    /usr/share/java/java-atk-wrapper.jar
7fe0fbcc8000-7fe0fbcc9000 ---p 00000000 00:00 0 
7fe0fbcc9000-7fe0fbcca000 r--p 00000000 00:00 0 
7fe0fbcca000-7fe0fbccc000 r--p 00000000 08:02 1447893                    /usr/lib/jvm/java-11-openjdk-amd64/lib/libjimage.so
7fe0fbccc000-7fe0fbccf000 r-xp 00002000 08:02 1447893                    /usr/lib/jvm/java-11-openjdk-amd64/lib/libjimage.so
7fe0fbccf000-7fe0fbcd0000 r--p 00005000 08:02 1447893                    /usr/lib/jvm/java-11-openjdk-amd64/lib/libjimage.so
7fe0fbcd0000-7fe0fbcd1000 ---p 00006000 08:02 1447893                    /usr/lib/jvm/java-11-openjdk-amd64/lib/libjimage.so
7fe0fbcd1000-7fe0fbcd2000 r--p 00006000 08:02 1447893                    /usr/lib/jvm/java-11-openjdk-amd64/lib/libjimage.so
7fe0fbcd2000-7fe0fbcd3000 rw-p 00007000 08:02 1447893                    /usr/lib/jvm/java-11-openjdk-amd64/lib/libjimage.so
7fe0fbcd3000-7fe0fbcd8000 r--p 00000000 08:02 1447909                    /usr/lib/jvm/java-11-openjdk-amd64/lib/libverify.so
7fe0fbcd8000-7fe0fbcdf000 r-xp 00005000 08:02 1447909                    /usr/lib/jvm/java-11-openjdk-amd64/lib/libverify.so
7fe0fbcdf000-7fe0fbce1000 r--p 0000c000 08:02 1447909                    /usr/lib/jvm/java-11-openjdk-amd64/lib/libverify.so
7fe0fbce1000-7fe0fbce2000 ---p 0000e000 08:02 1447909                    /usr/lib/jvm/java-11-openjdk-amd64/lib/libverify.so
7fe0fbce2000-7fe0fbce4000 r--p 0000e000 08:02 1447909                    /usr/lib/jvm/java-11-openjdk-amd64/lib/libverify.so
7fe0fbce4000-7fe0fbce5000 rw-p 00010000 08:02 1447909                    /usr/lib/jvm/java-11-openjdk-amd64/lib/libverify.so
7fe0fbce5000-7fe0fbce8000 r--p 00000000 08:02 1447875                    /usr/lib/jvm/java-11-openjdk-amd64/lib/jli/libjli.so
7fe0fbce8000-7fe0fbcf2000 r-xp 00003000 08:02 1447875                    /usr/lib/jvm/java-11-openjdk-amd64/lib/jli/libjli.so
7fe0fbcf2000-7fe0fbcf5000 r--p 0000d000 08:02 1447875                    /usr/lib/jvm/java-11-openjdk-amd64/lib/jli/libjli.so
7fe0fbcf5000-7fe0fbcf6000 ---p 00010000 08:02 1447875                    /usr/lib/jvm/java-11-openjdk-amd64/lib/jli/libjli.so
7fe0fbcf6000-7fe0fbcf7000 r--p 00010000 08:02 1447875                    /usr/lib/jvm/java-11-openjdk-amd64/lib/jli/libjli.so
7fe0fbcf7000-7fe0fbcf8000 rw-p 00011000 08:02 1447875                    /usr/lib/jvm/java-11-openjdk-amd64/lib/jli/libjli.so
7fe0fbcf8000-7fe0fbcfa000 rw-p 00000000 00:00 0 
7fe0fbcfa000-7fe0fbcfb000 r--p 00000000 08:02 1445788                    /usr/lib/x86_64-linux-gnu/ld-2.31.so
7fe0fbcfb000-7fe0fbd1e000 r-xp 00001000 08:02 1445788                    /usr/lib/x86_64-linux-gnu/ld-2.31.so
7fe0fbd1e000-7fe0fbd26000 r--p 00024000 08:02 1445788                    /usr/lib/x86_64-linux-gnu/ld-2.31.so
7fe0fbd27000-7fe0fbd28000 r--p 0002c000 08:02 1445788                    /usr/lib/x86_64-linux-gnu/ld-2.31.so
7fe0fbd28000-7fe0fbd29000 rw-p 0002d000 08:02 1445788                    /usr/lib/x86_64-linux-gnu/ld-2.31.so
7fe0fbd29000-7fe0fbd2a000 rw-p 00000000 00:00 0 
7ffdddd08000-7ffdddd29000 rw-p 00000000 00:00 0                          [stack]
7ffdddd42000-7ffdddd46000 r--p 00000000 00:00 0                          [vvar]
7ffdddd46000-7ffdddd48000 r-xp 00000000 00:00 0                          [vdso]
ffffffffff600000-ffffffffff601000 --xp 00000000 00:00 0                  [vsyscall]


VM Arguments:
java_command: com.zilogic.mypjsip.MyApp
java_class_path (initial): /home/user/NetBeansProjects/mypjsip/target/classes:/home/user/.m2/repository/pjsip/pjsip/1.0/pjsip-1.0.jar
Launcher Type: SUN_STANDARD

[Global flags]
     intx CICompilerCount                          = 3                                         {product} {ergonomic}
     uint ConcGCThreads                            = 1                                         {product} {ergonomic}
     uint G1ConcRefinementThreads                  = 4                                         {product} {ergonomic}
   size_t G1HeapRegionSize                         = 1048576                                   {product} {ergonomic}
    uintx GCDrainStackTargetSize                   = 64                                        {product} {ergonomic}
   size_t InitialHeapSize                          = 130023424                                 {product} {ergonomic}
   size_t MarkStackSize                            = 4194304                                   {product} {ergonomic}
   size_t MaxHeapSize                              = 2053111808                                {product} {ergonomic}
   size_t MaxNewSize                               = 1231028224                                {product} {ergonomic}
   size_t MinHeapDeltaBytes                        = 1048576                                   {product} {ergonomic}
    uintx NonNMethodCodeHeapSize                   = 5830732                                {pd product} {ergonomic}
    uintx NonProfiledCodeHeapSize                  = 122913754                              {pd product} {ergonomic}
    uintx ProfiledCodeHeapSize                     = 122913754                              {pd product} {ergonomic}
    uintx ReservedCodeCacheSize                    = 251658240                              {pd product} {ergonomic}
     bool SegmentedCodeCache                       = true                                      {product} {ergonomic}
     bool UseCompressedClassPointers               = true                                 {lp64_product} {ergonomic}
     bool UseCompressedOops                        = true                                 {lp64_product} {ergonomic}
     bool UseG1GC                                  = true                                      {product} {ergonomic}

Logging:
Log output configuration:
 #0: stdout all=warning uptime,level,tags
 #1: stderr all=off uptime,level,tags

Environment Variables:
JAVA_HOME=/usr/lib/jvm/java-11-openjdk-amd64
PATH=/home/user/.local/bin:/usr/local/sbin:/usr/local/bin:/usr/sbin:/usr/bin:/sbin:/bin:/usr/games:/usr/local/games:/snap/bin
USERNAME=user
SHELL=/bin/bash
DISPLAY=:0
LANG=en_IN

Signal Handlers:
SIGSEGV: [libjvm.so+0xe95100], sa_mask[0]=11111111011111111101111111111110, sa_flags=SA_RESTART|SA_SIGINFO
SIGBUS: [libjvm.so+0xe95100], sa_mask[0]=11111111011111111101111111111110, sa_flags=SA_RESTART|SA_SIGINFO
SIGFPE: [libjvm.so+0xe95100], sa_mask[0]=11111111011111111101111111111110, sa_flags=SA_RESTART|SA_SIGINFO
SIGPIPE: [libjvm.so+0xbdca50], sa_mask[0]=11111111011111111101111111111110, sa_flags=SA_RESTART|SA_SIGINFO
SIGXFSZ: [libjvm.so+0xbdca50], sa_mask[0]=11111111011111111101111111111110, sa_flags=SA_RESTART|SA_SIGINFO
SIGILL: [libjvm.so+0xe95100], sa_mask[0]=11111111011111111101111111111110, sa_flags=SA_RESTART|SA_SIGINFO
SIGUSR2: [libjvm.so+0xbdc8f0], sa_mask[0]=00100000000000000000000000000000, sa_flags=SA_RESTART|SA_SIGINFO
SIGHUP: [libjvm.so+0xbdcd90], sa_mask[0]=11111111011111111101111111111110, sa_flags=SA_RESTART|SA_SIGINFO
SIGINT: SIG_IGN, sa_mask[0]=00000000000000000000000000000000, sa_flags=none
SIGTERM: [libjvm.so+0xbdcd90], sa_mask[0]=11111111011111111101111111111110, sa_flags=SA_RESTART|SA_SIGINFO
SIGQUIT: [libjvm.so+0xbdcd90], sa_mask[0]=11111111011111111101111111111110, sa_flags=SA_RESTART|SA_SIGINFO


---------------  S Y S T E M  ---------------

OS:DISTRIB_ID=Ubuntu
DISTRIB_RELEASE=20.04
DISTRIB_CODENAME=focal
DISTRIB_DESCRIPTION="Ubuntu 20.04.4 LTS"
uname:Linux 5.13.0-52-generic #59~20.04.1-Ubuntu SMP Thu Jun 16 21:21:28 UTC 2022 x86_64
OS uptime: 0 days 8:39 hours
libc:glibc 2.31 NPTL 2.31 
rlimit (soft/hard): STACK 8192k/infinity , CORE 0k/infinity , NPROC 31037/31037 , NOFILE 1048576/1048576 , AS infinity/infinity , CPU infinity/infinity , DATA infinity/infinity , FSIZE infinity/infinity , MEMLOCK 65536k/65536k
load average:0.64 1.51 1.84

/proc/meminfo:
MemTotal:        8017184 kB
MemFree:         1434768 kB
MemAvailable:    3343320 kB
Buffers:          243304 kB
Cached:          2018156 kB
SwapCached:       263392 kB
Active:          2644164 kB
Inactive:        3199412 kB
Active(anon):    1941236 kB
Inactive(anon):  2048536 kB
Active(file):     702928 kB
Inactive(file):  1150876 kB
Unevictable:       69328 kB
Mlocked:              16 kB
SwapTotal:       3999740 kB
SwapFree:        2111424 kB
Dirty:                28 kB
Writeback:             0 kB
AnonPages:       3449372 kB
Mapped:           379356 kB
Shmem:            410140 kB
KReclaimable:     358984 kB
Slab:             529944 kB
SReclaimable:     358984 kB
SUnreclaim:       170960 kB
KernelStack:       20512 kB
PageTables:        44996 kB
NFS_Unstable:          0 kB
Bounce:                0 kB
WritebackTmp:          0 kB
CommitLimit:     8008332 kB
Committed_AS:   12495548 kB
VmallocTotal:   34359738367 kB
VmallocUsed:       45840 kB
VmallocChunk:          0 kB
Percpu:             4400 kB
HardwareCorrupted:     0 kB
AnonHugePages:         0 kB
ShmemHugePages:        0 kB
ShmemPmdMapped:        0 kB
FileHugePages:         0 kB
FilePmdMapped:         0 kB
HugePages_Total:       0
HugePages_Free:        0
HugePages_Rsvd:        0
HugePages_Surp:        0
Hugepagesize:       2048 kB
Hugetlb:               0 kB
DirectMap4k:      489888 kB
DirectMap2M:     7774208 kB
DirectMap1G:           0 kB

/sys/kernel/mm/transparent_hugepage/enabled:
always [madvise] never
/sys/kernel/mm/transparent_hugepage/defrag (defrag/compaction efforts parameter):
always defer defer+madvise [madvise] never

Process Memory:
Virtual Size: 5288780K (peak: 13435636K)
Resident Set Size: 62264K (peak: 70384K) (anon: 25596K, file: 36668K, shmem: 0K)
Swapped out: 0K
C-Heap outstanding allocations: 3550K

/proc/sys/kernel/threads-max (system-wide limit on the number of threads):
62075
/proc/sys/vm/max_map_count (maximum number of memory map areas a process may have):
65530
/proc/sys/kernel/pid_max (system-wide limit on number of process identifiers):
4194304

container (cgroup) information:
container_type: cgroupv1
cpu_cpuset_cpus: 0-3
cpu_memory_nodes: 0
active_processor_count: 4
cpu_quota: -1
cpu_period: 100000
cpu_shares: -1
memory_limit_in_bytes: -1
memory_and_swap_limit_in_bytes: -1
memory_soft_limit_in_bytes: -1
memory_usage_in_bytes: 4598829056
memory_max_usage_in_bytes: 6924566528

Steal ticks since vm start: 0
Steal ticks percentage since vm start:  0.000

CPU:total 4 (initial active 4) (4 cores per cpu, 1 threads per core) family 6 model 158 stepping 9 microcode 0xf0, cmov, cx8, fxsr, mmx, sse, sse2, sse3, ssse3, sse4.1, sse4.2, popcnt, avx, avx2, aes, clmul, erms, rtm, 3dnowpref, lzcnt, tsc, tscinvbit, bmi1, bmi2, adx, fma
CPU Model and flags from /proc/cpuinfo:
model name	: Intel(R) Core(TM) i5-7500 CPU @ 3.40GHz
flags		: fpu vme de pse tsc msr pae mce cx8 apic sep mtrr pge mca cmov pat pse36 clflush dts acpi mmx fxsr sse sse2 ss ht tm pbe syscall nx pdpe1gb rdtscp lm constant_tsc art arch_perfmon pebs bts rep_good nopl xtopology nonstop_tsc cpuid aperfmperf pni pclmulqdq dtes64 monitor ds_cpl vmx smx est tm2 ssse3 sdbg fma cx16 xtpr pdcm pcid sse4_1 sse4_2 x2apic movbe popcnt tsc_deadline_timer aes xsave avx f16c rdrand lahf_lm abm 3dnowprefetch cpuid_fault epb invpcid_single pti ssbd ibrs ibpb stibp tpr_shadow vnmi flexpriority ept vpid ept_ad fsgsbase tsc_adjust bmi1 hle avx2 smep bmi2 erms invpcid rtm mpx rdseed adx smap clflushopt intel_pt xsaveopt xsavec xgetbv1 xsaves dtherm ida arat pln pts hwp hwp_notify hwp_act_window hwp_epp md_clear flush_l1d arch_capabilities
Online cpus:
0-3
Offline cpus:

BIOS frequency limitation:
<Not Available>
Frequency switch latency (ns):
0
Available cpu frequencies:
<Not Available>
Current governor:
powersave
Core performance/turbo boost:
<Not Available>

Memory: 4k page, physical 8017184k(1434768k free), swap 3999740k(2111424k free)

vm_info: OpenJDK 64-Bit Server VM (11.0.15+10-Ubuntu-0ubuntu0.20.04.1) for linux-amd64 JRE (11.0.15+10-Ubuntu-0ubuntu0.20.04.1), built on Apr 23 2022 13:02:10 by "unknown" with gcc 9.4.0

END.
