#
# A fatal error has been detected by the Java Runtime Environment:
#
#  SIGSEGV (0xb) at pc=0x00007eff866d9162, pid=47673, tid=47674
#
# JRE version: OpenJDK Runtime Environment (11.0.15+10) (build 11.0.15+10-Ubuntu-0ubuntu0.20.04.1)
# Java VM: OpenJDK 64-Bit Server VM (11.0.15+10-Ubuntu-0ubuntu0.20.04.1, mixed mode, sharing, tiered, compressed oops, g1 gc, linux-amd64)
# Problematic frame:
# C  [libpjsua2.so.2+0x5d162]  pj::Call::sendInstantMessage(pj::SendInstantMessageParam const&)+0x62
#
# Core dump will be written. Default location: Core dumps may be processed with "/usr/share/apport/apport -p%p -s%s -c%c -d%d -P%P -u%u -g%g -- %E" (or dumping to /home/user/NetBeansProjects/mypjsip/core.47673)
#
# If you would like to submit a bug report, please visit:
#   Unknown
# The crash happened outside the Java Virtual Machine in native code.
# See problematic frame for where to report the bug.
#

---------------  S U M M A R Y ------------

Command Line: com.zilogic.mypjsip.MyApp

Host: Intel(R) Core(TM) i5-7500 CPU @ 3.40GHz, 4 cores, 7G, Ubuntu 20.04.4 LTS
Time: Mon Jul 11 15:00:41 2022 IST elapsed time: 58.452314 seconds (0d 0h 0m 58s)

---------------  T H R E A D  ---------------

Current thread (0x00007effb4016000):  JavaThread "main" [_thread_in_native, id=47674, stack(0x00007effbb530000,0x00007effbb631000)]

Stack: [0x00007effbb530000,0x00007effbb631000],  sp=0x00007effbb62f4f0,  free space=1021k
Native frames: (J=compiled Java code, A=aot compiled Java code, j=interpreted, Vv=VM code, C=native code)
C  [libpjsua2.so.2+0x5d162]  pj::Call::sendInstantMessage(pj::SendInstantMessageParam const&)+0x62

Java frames: (J=compiled Java code, j=interpreted, Vv=VM code)
j  org.pjsip.pjsua2.pjsua2JNI.Call_sendInstantMessage(JLorg/pjsip/pjsua2/Call;JLorg/pjsip/pjsua2/SendInstantMessageParam;)V+0
j  org.pjsip.pjsua2.Call.sendInstantMessage(Lorg/pjsip/pjsua2/SendInstantMessageParam;)V+10
j  com.zilogic.mypjsip.MyApp.main([Ljava/lang/String;)V+581
v  ~StubRoutines::call_stub

siginfo: si_signo: 11 (SIGSEGV), si_code: 1 (SEGV_MAPERR), si_addr: 0x0000000000000010

Register to memory mapping:

RAX=0x0000000000000001 is an unknown value
RBX=0x00007effb42390d0 points into unknown readable memory: 0x00007effb42390e0 | e0 90 23 b4 ff 7e 00 00
RCX=0x0000000000000016 is an unknown value
RDX=0x0 is NULL
RSP=0x00007effbb62f4f0 is pointing into the stack for thread: 0x00007effb4016000
RBP=0x0 is NULL
RSI=0x00007eff866ec736: <offset 0x0000000000070736> in /usr/local/lib/libpjsua2.so.2 at 0x00007eff8667c000
RDI=0x00007eff866ec720: <offset 0x0000000000070720> in /usr/local/lib/libpjsua2.so.2 at 0x00007eff8667c000
R8 =0x00007effb42390d0 points into unknown readable memory: 0x00007effb42390e0 | e0 90 23 b4 ff 7e 00 00
R9 =0x00007effbb62f8b0 is pointing into the stack for thread: 0x00007effb4016000
R10=0x00007eff8668d295: <offset 0x0000000000011295> in /usr/local/lib/libpjsua2.so.2 at 0x00007eff8667c000
R11=0x00007eff866d6920: _ZN10call_paramC1ERKN2pj11SipTxOptionE+0x0000000000000000 in /usr/local/lib/libpjsua2.so.2 at 0x00007eff8667c000
R12=0x0 is NULL
R13=0x00007eff87c93a78 is pointing into metadata
R14=0x00007effbb62f8d8 is pointing into the stack for thread: 0x00007effb4016000
R15=0x00007effb4016000 is a thread


Registers:
RAX=0x0000000000000001, RBX=0x00007effb42390d0, RCX=0x0000000000000016, RDX=0x0000000000000000
RSP=0x00007effbb62f4f0, RBP=0x0000000000000000, RSI=0x00007eff866ec736, RDI=0x00007eff866ec720
R8 =0x00007effb42390d0, R9 =0x00007effbb62f8b0, R10=0x00007eff8668d295, R11=0x00007eff866d6920
R12=0x0000000000000000, R13=0x00007eff87c93a78, R14=0x00007effbb62f8d8, R15=0x00007effb4016000
RIP=0x00007eff866d9162, EFLAGS=0x0000000000010206, CSGSFS=0x002b000000000033, ERR=0x0000000000000004
  TRAPNO=0x000000000000000e

Top of Stack: (sp=0x00007effbb62f4f0)
0x00007effbb62f4f0:   00007effb42390e0 000000000000000a
0x00007effbb62f500:   00007effb4239100 0000000000000008
0x00007effbb62f510:   0000000100000001 0000000100000001
0x00007effbb62f520:   0000000100000001 0000000100000001 

Instructions: (pc=0x00007eff866d9162)
0x00007eff866d9062:   48 8b 7c 24 60 48 8d 5c 24 70 48 39 df 74 05 e8
0x00007eff866d9072:   5a 1f fc ff e8 65 24 fc ff 85 c0 0f 8e eb 93 fc
0x00007eff866d9082:   ff 31 d2 4c 89 e6 4c 89 ef e8 a0 16 fc ff 48 8b
0x00007eff866d9092:   54 24 60 48 8d 35 e5 2f 01 00 48 8d 3d b2 49 01
0x00007eff866d90a2:   00 31 c0 e8 d6 1f fc ff 48 8b 7c 24 60 48 39 df
0x00007eff866d90b2:   0f 84 b6 93 fc ff e8 13 1f fc ff e9 ac 93 fc ff
0x00007eff866d90c2:   e8 39 21 fc ff f3 0f 1e fa 48 89 c5 e9 c9 93 fc
0x00007eff866d90d2:   ff f3 0f 1e fa 48 89 c5 e9 d1 93 fc ff f3 0f 1e
0x00007eff866d90e2:   fa 48 89 c5 e9 07 94 fc ff f3 0f 1e fa e9 eb 93
0x00007eff866d90f2:   fc ff 66 66 2e 0f 1f 84 00 00 00 00 00 90 f3 0f
0x00007eff866d9102:   1e fa 41 57 41 56 41 55 41 54 55 48 89 fd 53 48
0x00007eff866d9112:   89 f3 48 83 c6 40 48 81 ec 98 02 00 00 48 8b 56
0x00007eff866d9122:   c0 64 48 8b 04 25 28 00 00 00 48 89 84 24 88 02
0x00007eff866d9132:   00 00 31 c0 48 8b 46 c8 48 8d bc 24 f0 00 00 00
0x00007eff866d9142:   48 89 14 24 48 8b 56 e0 48 89 44 24 08 48 8b 46
0x00007eff866d9152:   e8 48 89 54 24 10 48 89 44 24 18 e8 4e 2a fc ff
0x00007eff866d9162:   8b 7d 10 48 8d 54 24 10 48 89 e6 4c 8b 83 10 01
0x00007eff866d9172:   00 00 48 8b 8c 24 08 02 00 00 e8 8f 24 fc ff 85
0x00007eff866d9182:   c0 75 29 48 8b 84 24 88 02 00 00 64 48 33 04 25
0x00007eff866d9192:   28 00 00 00 0f 85 fc 00 00 00 48 81 c4 98 02 00
0x00007eff866d91a2:   00 5b 5d 41 5c 41 5d 41 5e 41 5f c3 48 8d 6c 24
0x00007eff866d91b2:   60 48 8d 35 8d 48 01 00 41 89 c7 48 89 ef 4c 8d
0x00007eff866d91c2:   74 24 40 4c 8d 6c 24 30 e8 31 e1 ff ff 48 8d 35
0x00007eff866d91d2:   ba 4b 01 00 4c 89 f7 4c 89 6c 24 20 48 c7 44 24
0x00007eff866d91e2:   28 00 00 00 00 c6 44 24 30 00 e8 0f e1 ff ff 48
0x00007eff866d91f2:   8d 4c 24 20 49 89 e8 4c 89 f2 44 89 fe 4c 8d a4
0x00007eff866d9202:   24 80 00 00 00 41 b9 1d 03 00 00 4c 89 e7 e8 7b
0x00007eff866d9212:   26 fc ff 48 8b 7c 24 40 48 8d 44 24 50 48 39 c7
0x00007eff866d9222:   74 05 e8 a7 1d fc ff 48 8b 7c 24 20 4c 39 ef 74
0x00007eff866d9232:   05 e8 98 1d fc ff 48 8b 7c 24 60 48 8d 5c 24 70
0x00007eff866d9242:   48 39 df 74 05 e8 84 1d fc ff e8 8f 22 fc ff 85
0x00007eff866d9252:   c0 0f 8e ab 92 fc ff 31 d2 4c 89 e6 48 89 ef e8 


Stack slot to memory mapping:
stack at sp + 0 slots: 0x00007effb42390e0 points into unknown readable memory: 0x616c702f74786574 | 74 65 78 74 2f 70 6c 61
stack at sp + 1 slots: 0x000000000000000a is an unknown value
stack at sp + 2 slots: 0x00007effb4239100 points into unknown readable memory: 0x616e756720696968 | 68 69 69 20 67 75 6e 61
stack at sp + 3 slots: 0x0000000000000008 is an unknown value
stack at sp + 4 slots: 0x0000000100000001 is an unknown value
stack at sp + 5 slots: 0x0000000100000001 is an unknown value
stack at sp + 6 slots: 0x0000000100000001 is an unknown value
stack at sp + 7 slots: 0x0000000100000001 is an unknown value


---------------  P R O C E S S  ---------------

Threads class SMR info:
_java_thread_list=0x00007eff50067340, length=9, elements={
0x00007effb4016000, 0x00007effb410f000, 0x00007effb4111000, 0x00007effb4116800,
0x00007effb4118800, 0x00007effb411a800, 0x00007effb411c800, 0x00007effb411e800,
0x00007effb416a000
}

Java Threads: ( => current thread )
=>0x00007effb4016000 JavaThread "main" [_thread_in_native, id=47674, stack(0x00007effbb530000,0x00007effbb631000)]
  0x00007effb410f000 JavaThread "Reference Handler" daemon [_thread_blocked, id=47685, stack(0x00007eff9c038000,0x00007eff9c139000)]
  0x00007effb4111000 JavaThread "Finalizer" daemon [_thread_blocked, id=47686, stack(0x00007eff94067000,0x00007eff94168000)]
  0x00007effb4116800 JavaThread "Signal Dispatcher" daemon [_thread_blocked, id=47687, stack(0x00007eff8718f000,0x00007eff87290000)]
  0x00007effb4118800 JavaThread "Service Thread" daemon [_thread_blocked, id=47688, stack(0x00007eff8708e000,0x00007eff8718f000)]
  0x00007effb411a800 JavaThread "C2 CompilerThread0" daemon [_thread_blocked, id=47689, stack(0x00007eff86f8d000,0x00007eff8708e000)]
  0x00007effb411c800 JavaThread "C1 CompilerThread0" daemon [_thread_blocked, id=47690, stack(0x00007eff86e8c000,0x00007eff86f8d000)]
  0x00007effb411e800 JavaThread "Sweeper thread" daemon [_thread_blocked, id=47691, stack(0x00007eff86d8b000,0x00007eff86e8c000)]
  0x00007effb416a000 JavaThread "Common-Cleaner" daemon [_thread_blocked, id=47693, stack(0x00007eff86b88000,0x00007eff86c89000)]

Other Threads:
  0x00007effb410c000 VMThread "VM Thread" [stack: 0x00007eff9c13b000,0x00007eff9c23b000] [id=47684]
  0x00007effb4167800 WatcherThread [stack: 0x00007eff86c8b000,0x00007eff86d8b000] [id=47692]
  0x00007effb402e000 GCTaskThread "GC Thread#0" [stack: 0x00007effbb1ef000,0x00007effbb2ef000] [id=47679]
  0x00007eff7c009000 GCTaskThread "GC Thread#1" [stack: 0x00007eff84065000,0x00007eff84165000] [id=47739]
  0x00007eff7c00a800 GCTaskThread "GC Thread#2" [stack: 0x00007eff596fb000,0x00007eff597fb000] [id=47740]
  0x00007eff7c00c000 GCTaskThread "GC Thread#3" [stack: 0x00007eff595f9000,0x00007eff596f9000] [id=47741]
  0x00007effb405f000 ConcurrentGCThread "G1 Main Marker" [stack: 0x00007effb8296000,0x00007effb8396000] [id=47680]
  0x00007effb4060800 ConcurrentGCThread "G1 Conc#0" [stack: 0x00007effb8194000,0x00007effb8294000] [id=47681]
  0x00007effb40d9000 ConcurrentGCThread "G1 Refine#0" [stack: 0x00007eff9c41b000,0x00007eff9c51b000] [id=47682]
  0x00007effb40da800 ConcurrentGCThread "G1 Young RemSet Sampling" [stack: 0x00007eff9c319000,0x00007eff9c419000] [id=47683]

Threads with active compile tasks:

VM state:not at safepoint (normal execution)

VM Mutex/Monitor currently owned by a thread: None

Heap address: 0x0000000085a00000, size: 1958 MB, Compressed Oops mode: 32-bit
Narrow klass base: 0x0000000800000000, Narrow klass shift: 3
Compressed class space size: 1073741824 Address: 0x0000000840000000

Heap:
 garbage-first heap   total 129024K, used 6664K [0x0000000085a00000, 0x0000000100000000)
  region size 1024K, 7 young (7168K), 1 survivors (1024K)
 Metaspace       used 1905K, capacity 5725K, committed 6016K, reserved 1056768K
  class space    used 150K, capacity 554K, committed 640K, reserved 1048576K
Heap Regions: E=young(eden), S=young(survivor), O=old, HS=humongous(starts), HC=humongous(continues), CS=collection set, F=free, A=archive, TAMS=top-at-mark-start (previous, next)
|   0|0x0000000085a00000, 0x0000000085a00000, 0x0000000085b00000|  0%| F|  |TAMS 0x0000000085a00000, 0x0000000085a00000| Untracked 
|   1|0x0000000085b00000, 0x0000000085b00000, 0x0000000085c00000|  0%| F|  |TAMS 0x0000000085b00000, 0x0000000085b00000| Untracked 
|   2|0x0000000085c00000, 0x0000000085c00000, 0x0000000085d00000|  0%| F|  |TAMS 0x0000000085c00000, 0x0000000085c00000| Untracked 
|   3|0x0000000085d00000, 0x0000000085d00000, 0x0000000085e00000|  0%| F|  |TAMS 0x0000000085d00000, 0x0000000085d00000| Untracked 
|   4|0x0000000085e00000, 0x0000000085e00000, 0x0000000085f00000|  0%| F|  |TAMS 0x0000000085e00000, 0x0000000085e00000| Untracked 
|   5|0x0000000085f00000, 0x0000000085f00000, 0x0000000086000000|  0%| F|  |TAMS 0x0000000085f00000, 0x0000000085f00000| Untracked 
|   6|0x0000000086000000, 0x0000000086000000, 0x0000000086100000|  0%| F|  |TAMS 0x0000000086000000, 0x0000000086000000| Untracked 
|   7|0x0000000086100000, 0x0000000086100000, 0x0000000086200000|  0%| F|  |TAMS 0x0000000086100000, 0x0000000086100000| Untracked 
|   8|0x0000000086200000, 0x0000000086200000, 0x0000000086300000|  0%| F|  |TAMS 0x0000000086200000, 0x0000000086200000| Untracked 
|   9|0x0000000086300000, 0x0000000086300000, 0x0000000086400000|  0%| F|  |TAMS 0x0000000086300000, 0x0000000086300000| Untracked 
|  10|0x0000000086400000, 0x0000000086400000, 0x0000000086500000|  0%| F|  |TAMS 0x0000000086400000, 0x0000000086400000| Untracked 
|  11|0x0000000086500000, 0x0000000086500000, 0x0000000086600000|  0%| F|  |TAMS 0x0000000086500000, 0x0000000086500000| Untracked 
|  12|0x0000000086600000, 0x0000000086600000, 0x0000000086700000|  0%| F|  |TAMS 0x0000000086600000, 0x0000000086600000| Untracked 
|  13|0x0000000086700000, 0x0000000086700000, 0x0000000086800000|  0%| F|  |TAMS 0x0000000086700000, 0x0000000086700000| Untracked 
|  14|0x0000000086800000, 0x0000000086800000, 0x0000000086900000|  0%| F|  |TAMS 0x0000000086800000, 0x0000000086800000| Untracked 
|  15|0x0000000086900000, 0x0000000086900000, 0x0000000086a00000|  0%| F|  |TAMS 0x0000000086900000, 0x0000000086900000| Untracked 
|  16|0x0000000086a00000, 0x0000000086a00000, 0x0000000086b00000|  0%| F|  |TAMS 0x0000000086a00000, 0x0000000086a00000| Untracked 
|  17|0x0000000086b00000, 0x0000000086b00000, 0x0000000086c00000|  0%| F|  |TAMS 0x0000000086b00000, 0x0000000086b00000| Untracked 
|  18|0x0000000086c00000, 0x0000000086c00000, 0x0000000086d00000|  0%| F|  |TAMS 0x0000000086c00000, 0x0000000086c00000| Untracked 
|  19|0x0000000086d00000, 0x0000000086d00000, 0x0000000086e00000|  0%| F|  |TAMS 0x0000000086d00000, 0x0000000086d00000| Untracked 
|  20|0x0000000086e00000, 0x0000000086e00000, 0x0000000086f00000|  0%| F|  |TAMS 0x0000000086e00000, 0x0000000086e00000| Untracked 
|  21|0x0000000086f00000, 0x0000000086f00000, 0x0000000087000000|  0%| F|  |TAMS 0x0000000086f00000, 0x0000000086f00000| Untracked 
|  22|0x0000000087000000, 0x0000000087000000, 0x0000000087100000|  0%| F|  |TAMS 0x0000000087000000, 0x0000000087000000| Untracked 
|  23|0x0000000087100000, 0x0000000087100000, 0x0000000087200000|  0%| F|  |TAMS 0x0000000087100000, 0x0000000087100000| Untracked 
|  24|0x0000000087200000, 0x0000000087200000, 0x0000000087300000|  0%| F|  |TAMS 0x0000000087200000, 0x0000000087200000| Untracked 
|  25|0x0000000087300000, 0x0000000087300000, 0x0000000087400000|  0%| F|  |TAMS 0x0000000087300000, 0x0000000087300000| Untracked 
|  26|0x0000000087400000, 0x0000000087400000, 0x0000000087500000|  0%| F|  |TAMS 0x0000000087400000, 0x0000000087400000| Untracked 
|  27|0x0000000087500000, 0x0000000087500000, 0x0000000087600000|  0%| F|  |TAMS 0x0000000087500000, 0x0000000087500000| Untracked 
|  28|0x0000000087600000, 0x0000000087600000, 0x0000000087700000|  0%| F|  |TAMS 0x0000000087600000, 0x0000000087600000| Untracked 
|  29|0x0000000087700000, 0x0000000087700000, 0x0000000087800000|  0%| F|  |TAMS 0x0000000087700000, 0x0000000087700000| Untracked 
|  30|0x0000000087800000, 0x0000000087800000, 0x0000000087900000|  0%| F|  |TAMS 0x0000000087800000, 0x0000000087800000| Untracked 
|  31|0x0000000087900000, 0x0000000087900000, 0x0000000087a00000|  0%| F|  |TAMS 0x0000000087900000, 0x0000000087900000| Untracked 
|  32|0x0000000087a00000, 0x0000000087a00000, 0x0000000087b00000|  0%| F|  |TAMS 0x0000000087a00000, 0x0000000087a00000| Untracked 
|  33|0x0000000087b00000, 0x0000000087b00000, 0x0000000087c00000|  0%| F|  |TAMS 0x0000000087b00000, 0x0000000087b00000| Untracked 
|  34|0x0000000087c00000, 0x0000000087c00000, 0x0000000087d00000|  0%| F|  |TAMS 0x0000000087c00000, 0x0000000087c00000| Untracked 
|  35|0x0000000087d00000, 0x0000000087d00000, 0x0000000087e00000|  0%| F|  |TAMS 0x0000000087d00000, 0x0000000087d00000| Untracked 
|  36|0x0000000087e00000, 0x0000000087e00000, 0x0000000087f00000|  0%| F|  |TAMS 0x0000000087e00000, 0x0000000087e00000| Untracked 
|  37|0x0000000087f00000, 0x0000000087f00000, 0x0000000088000000|  0%| F|  |TAMS 0x0000000087f00000, 0x0000000087f00000| Untracked 
|  38|0x0000000088000000, 0x0000000088000000, 0x0000000088100000|  0%| F|  |TAMS 0x0000000088000000, 0x0000000088000000| Untracked 
|  39|0x0000000088100000, 0x0000000088100000, 0x0000000088200000|  0%| F|  |TAMS 0x0000000088100000, 0x0000000088100000| Untracked 
|  40|0x0000000088200000, 0x0000000088200000, 0x0000000088300000|  0%| F|  |TAMS 0x0000000088200000, 0x0000000088200000| Untracked 
|  41|0x0000000088300000, 0x0000000088300000, 0x0000000088400000|  0%| F|  |TAMS 0x0000000088300000, 0x0000000088300000| Untracked 
|  42|0x0000000088400000, 0x0000000088400000, 0x0000000088500000|  0%| F|  |TAMS 0x0000000088400000, 0x0000000088400000| Untracked 
|  43|0x0000000088500000, 0x0000000088500000, 0x0000000088600000|  0%| F|  |TAMS 0x0000000088500000, 0x0000000088500000| Untracked 
|  44|0x0000000088600000, 0x0000000088600000, 0x0000000088700000|  0%| F|  |TAMS 0x0000000088600000, 0x0000000088600000| Untracked 
|  45|0x0000000088700000, 0x0000000088700000, 0x0000000088800000|  0%| F|  |TAMS 0x0000000088700000, 0x0000000088700000| Untracked 
|  46|0x0000000088800000, 0x0000000088800000, 0x0000000088900000|  0%| F|  |TAMS 0x0000000088800000, 0x0000000088800000| Untracked 
|  47|0x0000000088900000, 0x0000000088900000, 0x0000000088a00000|  0%| F|  |TAMS 0x0000000088900000, 0x0000000088900000| Untracked 
|  48|0x0000000088a00000, 0x0000000088a00000, 0x0000000088b00000|  0%| F|  |TAMS 0x0000000088a00000, 0x0000000088a00000| Untracked 
|  49|0x0000000088b00000, 0x0000000088b00000, 0x0000000088c00000|  0%| F|  |TAMS 0x0000000088b00000, 0x0000000088b00000| Untracked 
|  50|0x0000000088c00000, 0x0000000088c00000, 0x0000000088d00000|  0%| F|  |TAMS 0x0000000088c00000, 0x0000000088c00000| Untracked 
|  51|0x0000000088d00000, 0x0000000088d00000, 0x0000000088e00000|  0%| F|  |TAMS 0x0000000088d00000, 0x0000000088d00000| Untracked 
|  52|0x0000000088e00000, 0x0000000088e00000, 0x0000000088f00000|  0%| F|  |TAMS 0x0000000088e00000, 0x0000000088e00000| Untracked 
|  53|0x0000000088f00000, 0x0000000088f00000, 0x0000000089000000|  0%| F|  |TAMS 0x0000000088f00000, 0x0000000088f00000| Untracked 
|  54|0x0000000089000000, 0x0000000089000000, 0x0000000089100000|  0%| F|  |TAMS 0x0000000089000000, 0x0000000089000000| Untracked 
|  55|0x0000000089100000, 0x0000000089100000, 0x0000000089200000|  0%| F|  |TAMS 0x0000000089100000, 0x0000000089100000| Untracked 
|  56|0x0000000089200000, 0x0000000089200000, 0x0000000089300000|  0%| F|  |TAMS 0x0000000089200000, 0x0000000089200000| Untracked 
|  57|0x0000000089300000, 0x0000000089300000, 0x0000000089400000|  0%| F|  |TAMS 0x0000000089300000, 0x0000000089300000| Untracked 
|  58|0x0000000089400000, 0x0000000089400000, 0x0000000089500000|  0%| F|  |TAMS 0x0000000089400000, 0x0000000089400000| Untracked 
|  59|0x0000000089500000, 0x0000000089500000, 0x0000000089600000|  0%| F|  |TAMS 0x0000000089500000, 0x0000000089500000| Untracked 
|  60|0x0000000089600000, 0x0000000089600000, 0x0000000089700000|  0%| F|  |TAMS 0x0000000089600000, 0x0000000089600000| Untracked 
|  61|0x0000000089700000, 0x0000000089700000, 0x0000000089800000|  0%| F|  |TAMS 0x0000000089700000, 0x0000000089700000| Untracked 
|  62|0x0000000089800000, 0x0000000089800000, 0x0000000089900000|  0%| F|  |TAMS 0x0000000089800000, 0x0000000089800000| Untracked 
|  63|0x0000000089900000, 0x0000000089900000, 0x0000000089a00000|  0%| F|  |TAMS 0x0000000089900000, 0x0000000089900000| Untracked 
|  64|0x0000000089a00000, 0x0000000089a00000, 0x0000000089b00000|  0%| F|  |TAMS 0x0000000089a00000, 0x0000000089a00000| Untracked 
|  65|0x0000000089b00000, 0x0000000089b00000, 0x0000000089c00000|  0%| F|  |TAMS 0x0000000089b00000, 0x0000000089b00000| Untracked 
|  66|0x0000000089c00000, 0x0000000089c00000, 0x0000000089d00000|  0%| F|  |TAMS 0x0000000089c00000, 0x0000000089c00000| Untracked 
|  67|0x0000000089d00000, 0x0000000089d00000, 0x0000000089e00000|  0%| F|  |TAMS 0x0000000089d00000, 0x0000000089d00000| Untracked 
|  68|0x0000000089e00000, 0x0000000089e00000, 0x0000000089f00000|  0%| F|  |TAMS 0x0000000089e00000, 0x0000000089e00000| Untracked 
|  69|0x0000000089f00000, 0x0000000089f00000, 0x000000008a000000|  0%| F|  |TAMS 0x0000000089f00000, 0x0000000089f00000| Untracked 
|  70|0x000000008a000000, 0x000000008a000000, 0x000000008a100000|  0%| F|  |TAMS 0x000000008a000000, 0x000000008a000000| Untracked 
|  71|0x000000008a100000, 0x000000008a100000, 0x000000008a200000|  0%| F|  |TAMS 0x000000008a100000, 0x000000008a100000| Untracked 
|  72|0x000000008a200000, 0x000000008a200000, 0x000000008a300000|  0%| F|  |TAMS 0x000000008a200000, 0x000000008a200000| Untracked 
|  73|0x000000008a300000, 0x000000008a300000, 0x000000008a400000|  0%| F|  |TAMS 0x000000008a300000, 0x000000008a300000| Untracked 
|  74|0x000000008a400000, 0x000000008a400000, 0x000000008a500000|  0%| F|  |TAMS 0x000000008a400000, 0x000000008a400000| Untracked 
|  75|0x000000008a500000, 0x000000008a500000, 0x000000008a600000|  0%| F|  |TAMS 0x000000008a500000, 0x000000008a500000| Untracked 
|  76|0x000000008a600000, 0x000000008a600000, 0x000000008a700000|  0%| F|  |TAMS 0x000000008a600000, 0x000000008a600000| Untracked 
|  77|0x000000008a700000, 0x000000008a700000, 0x000000008a800000|  0%| F|  |TAMS 0x000000008a700000, 0x000000008a700000| Untracked 
|  78|0x000000008a800000, 0x000000008a800000, 0x000000008a900000|  0%| F|  |TAMS 0x000000008a800000, 0x000000008a800000| Untracked 
|  79|0x000000008a900000, 0x000000008a900000, 0x000000008aa00000|  0%| F|  |TAMS 0x000000008a900000, 0x000000008a900000| Untracked 
|  80|0x000000008aa00000, 0x000000008aa00000, 0x000000008ab00000|  0%| F|  |TAMS 0x000000008aa00000, 0x000000008aa00000| Untracked 
|  81|0x000000008ab00000, 0x000000008ab00000, 0x000000008ac00000|  0%| F|  |TAMS 0x000000008ab00000, 0x000000008ab00000| Untracked 
|  82|0x000000008ac00000, 0x000000008ac00000, 0x000000008ad00000|  0%| F|  |TAMS 0x000000008ac00000, 0x000000008ac00000| Untracked 
|  83|0x000000008ad00000, 0x000000008ad00000, 0x000000008ae00000|  0%| F|  |TAMS 0x000000008ad00000, 0x000000008ad00000| Untracked 
|  84|0x000000008ae00000, 0x000000008ae00000, 0x000000008af00000|  0%| F|  |TAMS 0x000000008ae00000, 0x000000008ae00000| Untracked 
|  85|0x000000008af00000, 0x000000008af00000, 0x000000008b000000|  0%| F|  |TAMS 0x000000008af00000, 0x000000008af00000| Untracked 
|  86|0x000000008b000000, 0x000000008b000000, 0x000000008b100000|  0%| F|  |TAMS 0x000000008b000000, 0x000000008b000000| Untracked 
|  87|0x000000008b100000, 0x000000008b100000, 0x000000008b200000|  0%| F|  |TAMS 0x000000008b100000, 0x000000008b100000| Untracked 
|  88|0x000000008b200000, 0x000000008b200000, 0x000000008b300000|  0%| F|  |TAMS 0x000000008b200000, 0x000000008b200000| Untracked 
|  89|0x000000008b300000, 0x000000008b300000, 0x000000008b400000|  0%| F|  |TAMS 0x000000008b300000, 0x000000008b300000| Untracked 
|  90|0x000000008b400000, 0x000000008b400000, 0x000000008b500000|  0%| F|  |TAMS 0x000000008b400000, 0x000000008b400000| Untracked 
|  91|0x000000008b500000, 0x000000008b500000, 0x000000008b600000|  0%| F|  |TAMS 0x000000008b500000, 0x000000008b500000| Untracked 
|  92|0x000000008b600000, 0x000000008b600000, 0x000000008b700000|  0%| F|  |TAMS 0x000000008b600000, 0x000000008b600000| Untracked 
|  93|0x000000008b700000, 0x000000008b700000, 0x000000008b800000|  0%| F|  |TAMS 0x000000008b700000, 0x000000008b700000| Untracked 
|  94|0x000000008b800000, 0x000000008b800000, 0x000000008b900000|  0%| F|  |TAMS 0x000000008b800000, 0x000000008b800000| Untracked 
|  95|0x000000008b900000, 0x000000008b900000, 0x000000008ba00000|  0%| F|  |TAMS 0x000000008b900000, 0x000000008b900000| Untracked 
|  96|0x000000008ba00000, 0x000000008ba00000, 0x000000008bb00000|  0%| F|  |TAMS 0x000000008ba00000, 0x000000008ba00000| Untracked 
|  97|0x000000008bb00000, 0x000000008bb00000, 0x000000008bc00000|  0%| F|  |TAMS 0x000000008bb00000, 0x000000008bb00000| Untracked 
|  98|0x000000008bc00000, 0x000000008bc00000, 0x000000008bd00000|  0%| F|  |TAMS 0x000000008bc00000, 0x000000008bc00000| Untracked 
|  99|0x000000008bd00000, 0x000000008bd00000, 0x000000008be00000|  0%| F|  |TAMS 0x000000008bd00000, 0x000000008bd00000| Untracked 
| 100|0x000000008be00000, 0x000000008be00000, 0x000000008bf00000|  0%| F|  |TAMS 0x000000008be00000, 0x000000008be00000| Untracked 
| 101|0x000000008bf00000, 0x000000008bf00000, 0x000000008c000000|  0%| F|  |TAMS 0x000000008bf00000, 0x000000008bf00000| Untracked 
| 102|0x000000008c000000, 0x000000008c000000, 0x000000008c100000|  0%| F|  |TAMS 0x000000008c000000, 0x000000008c000000| Untracked 
| 103|0x000000008c100000, 0x000000008c100000, 0x000000008c200000|  0%| F|  |TAMS 0x000000008c100000, 0x000000008c100000| Untracked 
| 104|0x000000008c200000, 0x000000008c200000, 0x000000008c300000|  0%| F|  |TAMS 0x000000008c200000, 0x000000008c200000| Untracked 
| 105|0x000000008c300000, 0x000000008c300000, 0x000000008c400000|  0%| F|  |TAMS 0x000000008c300000, 0x000000008c300000| Untracked 
| 106|0x000000008c400000, 0x000000008c400000, 0x000000008c500000|  0%| F|  |TAMS 0x000000008c400000, 0x000000008c400000| Untracked 
| 107|0x000000008c500000, 0x000000008c500000, 0x000000008c600000|  0%| F|  |TAMS 0x000000008c500000, 0x000000008c500000| Untracked 
| 108|0x000000008c600000, 0x000000008c600000, 0x000000008c700000|  0%| F|  |TAMS 0x000000008c600000, 0x000000008c600000| Untracked 
| 109|0x000000008c700000, 0x000000008c7d02c8, 0x000000008c800000| 81%| S|CS|TAMS 0x000000008c700000, 0x000000008c700000| Complete 
| 110|0x000000008c800000, 0x000000008c800000, 0x000000008c900000|  0%| F|  |TAMS 0x000000008c800000, 0x000000008c800000| Untracked 
| 111|0x000000008c900000, 0x000000008c900000, 0x000000008ca00000|  0%| F|  |TAMS 0x000000008c900000, 0x000000008c900000| Untracked 
| 112|0x000000008ca00000, 0x000000008ca00000, 0x000000008cb00000|  0%| F|  |TAMS 0x000000008ca00000, 0x000000008ca00000| Untracked 
| 113|0x000000008cb00000, 0x000000008cb00000, 0x000000008cc00000|  0%| F|  |TAMS 0x000000008cb00000, 0x000000008cb00000| Untracked 
| 114|0x000000008cc00000, 0x000000008cc00000, 0x000000008cd00000|  0%| F|  |TAMS 0x000000008cc00000, 0x000000008cc00000| Untracked 
| 115|0x000000008cd00000, 0x000000008cd00000, 0x000000008ce00000|  0%| F|  |TAMS 0x000000008cd00000, 0x000000008cd00000| Untracked 
| 116|0x000000008ce00000, 0x000000008ce00000, 0x000000008cf00000|  0%| F|  |TAMS 0x000000008ce00000, 0x000000008ce00000| Untracked 
| 117|0x000000008cf00000, 0x000000008cf00000, 0x000000008d000000|  0%| F|  |TAMS 0x000000008cf00000, 0x000000008cf00000| Untracked 
| 118|0x000000008d000000, 0x000000008d100000, 0x000000008d100000|100%| E|  |TAMS 0x000000008d000000, 0x000000008d000000| Complete 
| 119|0x000000008d100000, 0x000000008d200000, 0x000000008d200000|100%| E|CS|TAMS 0x000000008d100000, 0x000000008d100000| Complete 
| 120|0x000000008d200000, 0x000000008d300000, 0x000000008d300000|100%| E|CS|TAMS 0x000000008d200000, 0x000000008d200000| Complete 
| 121|0x000000008d300000, 0x000000008d400000, 0x000000008d400000|100%| E|CS|TAMS 0x000000008d300000, 0x000000008d300000| Complete 
| 122|0x000000008d400000, 0x000000008d500000, 0x000000008d500000|100%| E|CS|TAMS 0x000000008d400000, 0x000000008d400000| Complete 
| 123|0x000000008d500000, 0x000000008d600000, 0x000000008d600000|100%| E|CS|TAMS 0x000000008d500000, 0x000000008d500000| Complete 
|1956|0x00000000ffe00000, 0x00000000ffe47000, 0x00000000fff00000| 27%|OA|  |TAMS 0x00000000ffe00000, 0x00000000ffe00000| Untracked 
|1957|0x00000000fff00000, 0x00000000fff6b000, 0x0000000100000000| 41%|CA|  |TAMS 0x00000000fff00000, 0x00000000fff00000| Untracked 

Card table byte_map: [0x00007effba643000,0x00007effbaa16000] _byte_map_base: 0x00007effba216000

Marking Bits (Prev, Next): (CMBitMap*) 0x00007effb4056388, (CMBitMap*) 0x00007effb40563c0
 Prev Bits: [0x00007effb83d8000, 0x00007effba270000)
 Next Bits: [0x00007eff96168000, 0x00007eff98000000)

Polling page: 0x00007effbce72000

Metaspace:

Usage:
  Non-class:      5.05 MB capacity,     1.71 MB ( 34%) used,     3.32 MB ( 66%) free+waste,    15.31 KB ( <1%) overhead. 
      Class:    554.00 KB capacity,   150.64 KB ( 27%) used,   394.98 KB ( 71%) free+waste,     8.38 KB (  2%) overhead. 
       Both:      5.59 MB capacity,     1.86 MB ( 33%) used,     3.71 MB ( 66%) free+waste,    23.69 KB ( <1%) overhead. 

Virtual space:
  Non-class space:        8.00 MB reserved,       5.25 MB ( 66%) committed 
      Class space:        1.00 GB reserved,     640.00 KB ( <1%) committed 
             Both:        1.01 GB reserved,       5.88 MB ( <1%) committed 

Chunk freelists:
   Non-Class:  13.00 KB
       Class:  0 bytes
        Both:  13.00 KB

MaxMetaspaceSize: unlimited
CompressedClassSpaceSize: 1.00 GB
Initial GC threshold: 20.80 MB
Current GC threshold: 20.80 MB
CDS: on

CodeHeap 'non-profiled nmethods': size=120032Kb used=138Kb max_used=138Kb free=119893Kb
 bounds [0x00007effa42e6000, 0x00007effa4556000, 0x00007effab81e000]
CodeHeap 'profiled nmethods': size=120032Kb used=688Kb max_used=688Kb free=119343Kb
 bounds [0x00007eff9cdae000, 0x00007eff9d01e000, 0x00007effa42e6000]
CodeHeap 'non-nmethods': size=5696Kb used=1137Kb max_used=1152Kb free=4558Kb
 bounds [0x00007eff9c81e000, 0x00007eff9ca8e000, 0x00007eff9cdae000]
 total_blobs=852 nmethods=457 adapters=309
 compilation: enabled
              stopped_count=0, restarted_count=0
 full_count=0

Compilation events (20 events):
Event: 57.465 Thread 0x00007effb411c800 nmethod 449 0x00007eff9ce56c90 code [0x00007eff9ce56e60, 0x00007eff9ce57020]
Event: 57.465 Thread 0x00007effb411c800  450       3       java.nio.ByteBuffer::array (35 bytes)
Event: 57.465 Thread 0x00007effb411c800 nmethod 450 0x00007eff9ce57110 code [0x00007eff9ce572e0, 0x00007eff9ce57550]
Event: 57.465 Thread 0x00007effb411c800  448       3       java.lang.String::toString (2 bytes)
Event: 57.465 Thread 0x00007effb411c800 nmethod 448 0x00007eff9ce57690 code [0x00007eff9ce57840, 0x00007eff9ce57950]
Event: 57.466 Thread 0x00007effb411a800 nmethod 447 0x00007effa4307d10 code [0x00007effa4307ea0, 0x00007effa4308098]
Event: 57.466 Thread 0x00007effb411a800  437       4       jdk.internal.org.objectweb.asm.ClassWriter::put (152 bytes)
Event: 57.469 Thread 0x00007effb411c800  451       3       java.lang.String::valueOf (14 bytes)
Event: 57.469 Thread 0x00007effb411c800 nmethod 451 0x00007eff9ce57a10 code [0x00007eff9ce57be0, 0x00007eff9ce57de0]
Event: 57.482 Thread 0x00007effb411c800  453   !   3       java.lang.ref.ReferenceQueue::enqueue (119 bytes)
Event: 57.482 Thread 0x00007effb411a800 nmethod 437 0x00007effa4308590 code [0x00007effa4308720, 0x00007effa43089f8]
Event: 57.484 Thread 0x00007effb411c800 nmethod 453 0x00007eff9ce57e90 code [0x00007eff9ce58080, 0x00007eff9ce58860]
Event: 57.484 Thread 0x00007effb411c800  456       3       java.io.BufferedWriter::ensureOpen (18 bytes)
Event: 57.484 Thread 0x00007effb411c800 nmethod 456 0x00007eff9ce58a10 code [0x00007eff9ce58be0, 0x00007eff9ce58e20]
Event: 57.484 Thread 0x00007effb411c800  457       3       java.io.PrintStream::ensureOpen (18 bytes)
Event: 57.485 Thread 0x00007effb411c800 nmethod 457 0x00007eff9ce58f10 code [0x00007eff9ce590e0, 0x00007eff9ce59320]
Event: 57.485 Thread 0x00007effb411c800  454       3       java.lang.invoke.DirectMethodHandle$Holder::invokeStatic (20 bytes)
Event: 57.485 Thread 0x00007effb411c800 nmethod 454 0x00007eff9ce59410 code [0x00007eff9ce595e0, 0x00007eff9ce59b30]
Event: 57.485 Thread 0x00007effb411c800  455       3       java.lang.StringConcatHelper::prepend (16 bytes)
Event: 57.485 Thread 0x00007effb411c800 nmethod 455 0x00007eff9ce59c90 code [0x00007eff9ce59e60, 0x00007eff9ce5a080]

GC Heap History (2 events):
Event: 57.470 GC heap before
{Heap before GC invocations=0 (full 0):
 garbage-first heap   total 129024K, used 15048K [0x0000000085a00000, 0x0000000100000000)
  region size 1024K, 14 young (14336K), 0 survivors (0K)
 Metaspace       used 1894K, capacity 5725K, committed 6016K, reserved 1056768K
  class space    used 150K, capacity 554K, committed 640K, reserved 1048576K
}
Event: 57.481 GC heap after
{Heap after GC invocations=1 (full 0):
 garbage-first heap   total 129024K, used 1544K [0x0000000085a00000, 0x0000000100000000)
  region size 1024K, 1 young (1024K), 1 survivors (1024K)
 Metaspace       used 1894K, capacity 5725K, committed 6016K, reserved 1056768K
  class space    used 150K, capacity 554K, committed 640K, reserved 1048576K
}

Deoptimization events (4 events):
Event: 0.209 Thread 0x00007effb4016000 Uncommon trap: trap_request=0xffffff4d fr.pc=0x00007effa42ee79c relative=0x000000000000007c
Event: 0.210 Thread 0x00007effb4016000 Uncommon trap: reason=unstable_if action=reinterpret pc=0x00007effa42ee79c method=java.lang.String.isLatin1()Z @ 10 c2
Event: 0.210 Thread 0x00007effb4016000 DEOPT PACKING pc=0x00007effa42ee79c sp=0x00007effbb62f220
Event: 0.210 Thread 0x00007effb4016000 DEOPT UNPACKING pc=0x00007eff9c867ea5 sp=0x00007effbb62f180 mode 2

Classes redefined (0 events):
No events

Internal exceptions (1 events):
Event: 0.225 Thread 0x00007effb4016000 Exception <a 'java/lang/NoSuchMethodError'{0x000000008d06bc60}: 'int java.lang.invoke.DirectMethodHandle$Holder.invokeSpecialIFC(java.lang.Object, java.lang.Object, int)'> (0x000000008d06bc60) thrown at [src/hotspot/share/interpreter/linkResolver.cpp, line 772]

Events (20 events):
Event: 57.483 Protecting memory [0x00007eff5b801000,0x00007eff5b805000] with protection modes 0
Event: 57.483 Thread 0x00007eff5006e000 Thread added: 0x00007eff5006e000
Event: 57.483 Thread 0x00007eff5006e000 Thread exited: 0x00007eff5006e000
Event: 57.483 Protecting memory [0x00007eff5b801000,0x00007eff5b805000] with protection modes 0
Event: 57.483 Thread 0x00007eff5006e000 Thread added: 0x00007eff5006e000
Event: 57.483 Thread 0x00007eff5006e000 Thread exited: 0x00007eff5006e000
Event: 57.483 Protecting memory [0x00007eff5b801000,0x00007eff5b805000] with protection modes 0
Event: 57.483 Thread 0x00007eff5001c000 Thread added: 0x00007eff5001c000
Event: 57.483 Thread 0x00007eff5001c000 Thread exited: 0x00007eff5001c000
Event: 57.483 Protecting memory [0x00007eff5b801000,0x00007eff5b805000] with protection modes 0
Event: 57.483 Thread 0x00007eff5001c000 Thread added: 0x00007eff5001c000
Event: 57.484 Thread 0x00007eff5001c000 Thread exited: 0x00007eff5001c000
Event: 57.484 Protecting memory [0x00007eff5b801000,0x00007eff5b805000] with protection modes 0
Event: 57.484 Thread 0x00007eff50012000 Thread added: 0x00007eff50012000
Event: 57.484 Thread 0x00007eff50012000 Thread exited: 0x00007eff50012000
Event: 57.484 Protecting memory [0x00007eff5b801000,0x00007eff5b805000] with protection modes 0
Event: 57.484 Thread 0x00007eff50012000 Thread added: 0x00007eff50012000
Event: 57.484 Thread 0x00007eff50012000 Thread exited: 0x00007eff50012000
Event: 58.434 loading class org/pjsip/pjsua2/SendInstantMessageParam
Event: 58.434 loading class org/pjsip/pjsua2/SendInstantMessageParam done


Dynamic libraries:
85a00000-8d600000 rw-p 00000000 00:00 0 
8d600000-ffe00000 ---p 00000000 00:00 0 
ffe00000-ffe47000 rw-p 01119000 08:02 1441990                            /usr/lib/jvm/java-11-openjdk-amd64/lib/server/classes.jsa
ffe47000-fff00000 rw-p 00000000 00:00 0 
fff00000-fff6b000 rw-p 010ae000 08:02 1441990                            /usr/lib/jvm/java-11-openjdk-amd64/lib/server/classes.jsa
fff6b000-100000000 rw-p 00000000 00:00 0 
800000000-800002000 rwxp 00001000 08:02 1441990                          /usr/lib/jvm/java-11-openjdk-amd64/lib/server/classes.jsa
800002000-8003cb000 rw-p 00003000 08:02 1441990                          /usr/lib/jvm/java-11-openjdk-amd64/lib/server/classes.jsa
8003cb000-800a9a000 r--p 003cc000 08:02 1441990                          /usr/lib/jvm/java-11-openjdk-amd64/lib/server/classes.jsa
800a9a000-800a9b000 rw-p 00a9b000 08:02 1441990                          /usr/lib/jvm/java-11-openjdk-amd64/lib/server/classes.jsa
800a9b000-8010ad000 r--p 00a9c000 08:02 1441990                          /usr/lib/jvm/java-11-openjdk-amd64/lib/server/classes.jsa
840000000-8400a0000 rw-p 00000000 00:00 0 
8400a0000-880000000 ---p 00000000 00:00 0 
559fd0611000-559fd0612000 r--p 00000000 08:02 1445569                    /usr/lib/jvm/java-11-openjdk-amd64/bin/java
559fd0612000-559fd0613000 r-xp 00001000 08:02 1445569                    /usr/lib/jvm/java-11-openjdk-amd64/bin/java
559fd0613000-559fd0614000 r--p 00002000 08:02 1445569                    /usr/lib/jvm/java-11-openjdk-amd64/bin/java
559fd0614000-559fd0615000 r--p 00002000 08:02 1445569                    /usr/lib/jvm/java-11-openjdk-amd64/bin/java
559fd0615000-559fd0616000 rw-p 00003000 08:02 1445569                    /usr/lib/jvm/java-11-openjdk-amd64/bin/java
559fd0d4c000-559fd0d6d000 rw-p 00000000 00:00 0                          [heap]
7eff10000000-7eff10021000 rw-p 00000000 00:00 0 
7eff10021000-7eff14000000 ---p 00000000 00:00 0 
7eff18000000-7eff18021000 rw-p 00000000 00:00 0 
7eff18021000-7eff1c000000 ---p 00000000 00:00 0 
7eff1c000000-7eff1c021000 rw-p 00000000 00:00 0 
7eff1c021000-7eff20000000 ---p 00000000 00:00 0 
7eff20000000-7eff20021000 rw-p 00000000 00:00 0 
7eff20021000-7eff24000000 ---p 00000000 00:00 0 
7eff24000000-7eff24021000 rw-p 00000000 00:00 0 
7eff24021000-7eff28000000 ---p 00000000 00:00 0 
7eff28000000-7eff2c000000 rw-s 00000000 00:01 11048                      /memfd:pulseaudio (deleted)
7eff2c000000-7eff30000000 rw-s 00000000 00:01 2053                       /memfd:pulseaudio (deleted)
7eff30000000-7eff34000000 rw-s 00000000 00:01 9856                       /memfd:pulseaudio (deleted)
7eff34000000-7eff34021000 rw-p 00000000 00:00 0 
7eff34021000-7eff38000000 ---p 00000000 00:00 0 
7eff38000000-7eff3c000000 rw-s 00000000 00:01 9856                       /memfd:pulseaudio (deleted)
7eff3c000000-7eff40000000 rw-s 00000000 00:01 8974                       /memfd:pulseaudio (deleted)
7eff40000000-7eff44000000 rw-s 00000000 00:01 2053                       /memfd:pulseaudio (deleted)
7eff44000000-7eff44021000 rw-p 00000000 00:00 0 
7eff44021000-7eff48000000 ---p 00000000 00:00 0 
7eff48000000-7eff4c000000 rw-s 00000000 00:01 11047                      /memfd:pulseaudio (deleted)
7eff4c000000-7eff50000000 rw-s 00000000 00:01 11047                      /memfd:pulseaudio (deleted)
7eff50000000-7eff50074000 rw-p 00000000 00:00 0 
7eff50074000-7eff54000000 ---p 00000000 00:00 0 
7eff54000000-7eff54021000 rw-p 00000000 00:00 0 
7eff54021000-7eff58000000 ---p 00000000 00:00 0 
7eff595f7000-7eff595f8000 ---p 00000000 00:00 0 
7eff595f8000-7eff596f9000 rw-p 00000000 00:00 0 
7eff596f9000-7eff596fa000 ---p 00000000 00:00 0 
7eff596fa000-7eff597fb000 rw-p 00000000 00:00 0 
7eff597fb000-7eff597fc000 ---p 00000000 00:00 0 
7eff597fc000-7eff59ffc000 rw-p 00000000 00:00 0 
7eff59ffc000-7eff59ffd000 ---p 00000000 00:00 0 
7eff59ffd000-7eff5a7fd000 rw-p 00000000 00:00 0 
7eff5a7fd000-7eff5a7fe000 ---p 00000000 00:00 0 
7eff5a7fe000-7eff5affe000 rw-p 00000000 00:00 0 
7eff5affe000-7eff5afff000 ---p 00000000 00:00 0 
7eff5afff000-7eff5b7ff000 rw-p 00000000 00:00 0 
7eff5b7ff000-7eff5b800000 ---p 00000000 00:00 0 
7eff5b800000-7eff5b801000 rw-p 00000000 00:00 0 
7eff5b801000-7eff5b805000 ---p 00000000 00:00 0 
7eff5b805000-7eff5c000000 rw-p 00000000 00:00 0 
7eff5c000000-7eff5c021000 rw-p 00000000 00:00 0 
7eff5c021000-7eff60000000 ---p 00000000 00:00 0 
7eff60000000-7eff60021000 rw-p 00000000 00:00 0 
7eff60021000-7eff64000000 ---p 00000000 00:00 0 
7eff64000000-7eff64270000 rw-p 00000000 00:00 0 
7eff64270000-7eff68000000 ---p 00000000 00:00 0 
7eff68000000-7eff6816b000 rw-p 00000000 00:00 0 
7eff6816b000-7eff6c000000 ---p 00000000 00:00 0 
7eff6c000000-7eff6c021000 rw-p 00000000 00:00 0 
7eff6c021000-7eff70000000 ---p 00000000 00:00 0 
7eff70000000-7eff70021000 rw-p 00000000 00:00 0 
7eff70021000-7eff74000000 ---p 00000000 00:00 0 
7eff74000000-7eff74021000 rw-p 00000000 00:00 0 
7eff74021000-7eff78000000 ---p 00000000 00:00 0 
7eff78000000-7eff78021000 rw-p 00000000 00:00 0 
7eff78021000-7eff7c000000 ---p 00000000 00:00 0 
7eff7c000000-7eff7c021000 rw-p 00000000 00:00 0 
7eff7c021000-7eff80000000 ---p 00000000 00:00 0 
7eff80000000-7eff80021000 rw-p 00000000 00:00 0 
7eff80021000-7eff84000000 ---p 00000000 00:00 0 
7eff84063000-7eff84064000 ---p 00000000 00:00 0 
7eff84064000-7eff84165000 rw-p 00000000 00:00 0 
7eff84165000-7eff84166000 ---p 00000000 00:00 0 
7eff84166000-7eff84966000 rw-p 00000000 00:00 0 
7eff84966000-7eff84986000 r--p 00000000 08:02 1449217                    /usr/lib/x86_64-linux-gnu/libdb-5.3.so
7eff84986000-7eff84ac8000 r-xp 00020000 08:02 1449217                    /usr/lib/x86_64-linux-gnu/libdb-5.3.so
7eff84ac8000-7eff84b0d000 r--p 00162000 08:02 1449217                    /usr/lib/x86_64-linux-gnu/libdb-5.3.so
7eff84b0d000-7eff84b14000 r--p 001a6000 08:02 1449217                    /usr/lib/x86_64-linux-gnu/libdb-5.3.so
7eff84b14000-7eff84b15000 rw-p 001ad000 08:02 1449217                    /usr/lib/x86_64-linux-gnu/libdb-5.3.so
7eff84b15000-7eff84b1b000 r--p 00000000 08:02 1442494                    /usr/lib/x86_64-linux-gnu/libjack.so.0.0.28
7eff84b1b000-7eff84b27000 r-xp 00006000 08:02 1442494                    /usr/lib/x86_64-linux-gnu/libjack.so.0.0.28
7eff84b27000-7eff84b2c000 r--p 00012000 08:02 1442494                    /usr/lib/x86_64-linux-gnu/libjack.so.0.0.28
7eff84b2c000-7eff84b2d000 r--p 00016000 08:02 1442494                    /usr/lib/x86_64-linux-gnu/libjack.so.0.0.28
7eff84b2d000-7eff84b2e000 rw-p 00017000 08:02 1442494                    /usr/lib/x86_64-linux-gnu/libjack.so.0.0.28
7eff84b2e000-7eff84b38000 rw-p 00000000 00:00 0 
7eff84b57000-7eff84cc2000 r-xp 00000000 08:02 1450125                    /usr/lib/x86_64-linux-gnu/libsamplerate.so.0.1.8
7eff84cc2000-7eff84ec1000 ---p 0016b000 08:02 1450125                    /usr/lib/x86_64-linux-gnu/libsamplerate.so.0.1.8
7eff84ec1000-7eff84ec2000 r--p 0016a000 08:02 1450125                    /usr/lib/x86_64-linux-gnu/libsamplerate.so.0.1.8
7eff84ec2000-7eff84ec3000 rw-p 0016b000 08:02 1450125                    /usr/lib/x86_64-linux-gnu/libsamplerate.so.0.1.8
7eff84ec7000-7eff84ec9000 r--p 00000000 08:02 2097964                    /usr/lib/x86_64-linux-gnu/alsa-lib/libasound_module_ctl_pulse.so
7eff84ec9000-7eff84ecc000 r-xp 00002000 08:02 2097964                    /usr/lib/x86_64-linux-gnu/alsa-lib/libasound_module_ctl_pulse.so
7eff84ecc000-7eff84ecd000 r--p 00005000 08:02 2097964                    /usr/lib/x86_64-linux-gnu/alsa-lib/libasound_module_ctl_pulse.so
7eff84ecd000-7eff84ece000 r--p 00005000 08:02 2097964                    /usr/lib/x86_64-linux-gnu/alsa-lib/libasound_module_ctl_pulse.so
7eff84ece000-7eff84ecf000 rw-p 00006000 08:02 2097964                    /usr/lib/x86_64-linux-gnu/alsa-lib/libasound_module_ctl_pulse.so
7eff84ecf000-7eff84ed0000 r--p 00000000 08:02 2097968                    /usr/lib/x86_64-linux-gnu/alsa-lib/libasound_module_pcm_upmix.so
7eff84ed0000-7eff84ed2000 r-xp 00001000 08:02 2097968                    /usr/lib/x86_64-linux-gnu/alsa-lib/libasound_module_pcm_upmix.so
7eff84ed2000-7eff84ed3000 r--p 00003000 08:02 2097968                    /usr/lib/x86_64-linux-gnu/alsa-lib/libasound_module_pcm_upmix.so
7eff84ed3000-7eff84ed4000 r--p 00003000 08:02 2097968                    /usr/lib/x86_64-linux-gnu/alsa-lib/libasound_module_pcm_upmix.so
7eff84ed4000-7eff84ed5000 rw-p 00004000 08:02 2097968                    /usr/lib/x86_64-linux-gnu/alsa-lib/libasound_module_pcm_upmix.so
7eff84ed5000-7eff84ed6000 r--p 00000000 08:02 2097966                    /usr/lib/x86_64-linux-gnu/alsa-lib/libasound_module_pcm_oss.so
7eff84ed6000-7eff84ed8000 r-xp 00001000 08:02 2097966                    /usr/lib/x86_64-linux-gnu/alsa-lib/libasound_module_pcm_oss.so
7eff84ed8000-7eff84ed9000 r--p 00003000 08:02 2097966                    /usr/lib/x86_64-linux-gnu/alsa-lib/libasound_module_pcm_oss.so
7eff84ed9000-7eff84eda000 r--p 00003000 08:02 2097966                    /usr/lib/x86_64-linux-gnu/alsa-lib/libasound_module_pcm_oss.so
7eff84eda000-7eff84edb000 rw-p 00004000 08:02 2097966                    /usr/lib/x86_64-linux-gnu/alsa-lib/libasound_module_pcm_oss.so
7eff84edb000-7eff84edd000 r--p 00000000 08:02 2097965                    /usr/lib/x86_64-linux-gnu/alsa-lib/libasound_module_pcm_jack.so
7eff84edd000-7eff84edf000 r-xp 00002000 08:02 2097965                    /usr/lib/x86_64-linux-gnu/alsa-lib/libasound_module_pcm_jack.so
7eff84edf000-7eff84ee0000 r--p 00004000 08:02 2097965                    /usr/lib/x86_64-linux-gnu/alsa-lib/libasound_module_pcm_jack.so
7eff84ee0000-7eff84ee1000 r--p 00004000 08:02 2097965                    /usr/lib/x86_64-linux-gnu/alsa-lib/libasound_module_pcm_jack.so
7eff84ee1000-7eff84ee2000 rw-p 00005000 08:02 2097965                    /usr/lib/x86_64-linux-gnu/alsa-lib/libasound_module_pcm_jack.so
7eff84ee2000-7eff84ee3000 ---p 00000000 00:00 0 
7eff84ee3000-7eff856e3000 rw-p 00000000 00:00 0 
7eff856e3000-7eff856e7000 r--p 00000000 08:02 1449497                    /usr/lib/x86_64-linux-gnu/libgpg-error.so.0.28.0
7eff856e7000-7eff856fa000 r-xp 00004000 08:02 1449497                    /usr/lib/x86_64-linux-gnu/libgpg-error.so.0.28.0
7eff856fa000-7eff85704000 r--p 00017000 08:02 1449497                    /usr/lib/x86_64-linux-gnu/libgpg-error.so.0.28.0
7eff85704000-7eff85705000 r--p 00020000 08:02 1449497                    /usr/lib/x86_64-linux-gnu/libgpg-error.so.0.28.0
7eff85705000-7eff85706000 rw-p 00021000 08:02 1449497                    /usr/lib/x86_64-linux-gnu/libgpg-error.so.0.28.0
7eff85706000-7eff8570a000 r--p 00000000 08:02 1449109                    /usr/lib/x86_64-linux-gnu/libbsd.so.0.10.0
7eff8570a000-7eff85719000 r-xp 00004000 08:02 1449109                    /usr/lib/x86_64-linux-gnu/libbsd.so.0.10.0
7eff85719000-7eff8571c000 r--p 00013000 08:02 1449109                    /usr/lib/x86_64-linux-gnu/libbsd.so.0.10.0
7eff8571c000-7eff8571d000 ---p 00016000 08:02 1449109                    /usr/lib/x86_64-linux-gnu/libbsd.so.0.10.0
7eff8571d000-7eff8571e000 r--p 00016000 08:02 1449109                    /usr/lib/x86_64-linux-gnu/libbsd.so.0.10.0
7eff8571e000-7eff8571f000 rw-p 00017000 08:02 1449109                    /usr/lib/x86_64-linux-gnu/libbsd.so.0.10.0
7eff8571f000-7eff85720000 rw-p 00000000 00:00 0 
7eff85720000-7eff85724000 r--p 00000000 08:02 1445806                    /usr/lib/x86_64-linux-gnu/libresolv-2.31.so
7eff85724000-7eff85734000 r-xp 00004000 08:02 1445806                    /usr/lib/x86_64-linux-gnu/libresolv-2.31.so
7eff85734000-7eff85738000 r--p 00014000 08:02 1445806                    /usr/lib/x86_64-linux-gnu/libresolv-2.31.so
7eff85738000-7eff85739000 r--p 00017000 08:02 1445806                    /usr/lib/x86_64-linux-gnu/libresolv-2.31.so
7eff85739000-7eff8573a000 rw-p 00018000 08:02 1445806                    /usr/lib/x86_64-linux-gnu/libresolv-2.31.so
7eff8573a000-7eff8573c000 rw-p 00000000 00:00 0 
7eff8573c000-7eff85750000 r--p 00000000 08:02 1450341                    /usr/lib/x86_64-linux-gnu/libvorbisenc.so.2.0.11
7eff85750000-7eff85753000 r-xp 00014000 08:02 1450341                    /usr/lib/x86_64-linux-gnu/libvorbisenc.so.2.0.11
7eff85753000-7eff857ca000 r--p 00017000 08:02 1450341                    /usr/lib/x86_64-linux-gnu/libvorbisenc.so.2.0.11
7eff857ca000-7eff857e6000 r--p 0008d000 08:02 1450341                    /usr/lib/x86_64-linux-gnu/libvorbisenc.so.2.0.11
7eff857e6000-7eff857e7000 rw-p 000a9000 08:02 1450341                    /usr/lib/x86_64-linux-gnu/libvorbisenc.so.2.0.11
7eff857e7000-7eff857ea000 r--p 00000000 08:02 1450339                    /usr/lib/x86_64-linux-gnu/libvorbis.so.0.4.8
7eff857ea000-7eff85801000 r-xp 00003000 08:02 1450339                    /usr/lib/x86_64-linux-gnu/libvorbis.so.0.4.8
7eff85801000-7eff85812000 r--p 0001a000 08:02 1450339                    /usr/lib/x86_64-linux-gnu/libvorbis.so.0.4.8
7eff85812000-7eff85813000 ---p 0002b000 08:02 1450339                    /usr/lib/x86_64-linux-gnu/libvorbis.so.0.4.8
7eff85813000-7eff85814000 r--p 0002b000 08:02 1450339                    /usr/lib/x86_64-linux-gnu/libvorbis.so.0.4.8
7eff85814000-7eff85815000 rw-p 0002c000 08:02 1450339                    /usr/lib/x86_64-linux-gnu/libvorbis.so.0.4.8
7eff85815000-7eff85817000 r--p 00000000 08:02 1449917                    /usr/lib/x86_64-linux-gnu/libogg.so.0.8.4
7eff85817000-7eff8581c000 r-xp 00002000 08:02 1449917                    /usr/lib/x86_64-linux-gnu/libogg.so.0.8.4
7eff8581c000-7eff8581f000 r--p 00007000 08:02 1449917                    /usr/lib/x86_64-linux-gnu/libogg.so.0.8.4
7eff8581f000-7eff85820000 ---p 0000a000 08:02 1449917                    /usr/lib/x86_64-linux-gnu/libogg.so.0.8.4
7eff85820000-7eff85821000 r--p 0000a000 08:02 1449917                    /usr/lib/x86_64-linux-gnu/libogg.so.0.8.4
7eff85821000-7eff85822000 rw-p 0000b000 08:02 1449917                    /usr/lib/x86_64-linux-gnu/libogg.so.0.8.4
7eff85822000-7eff8582a000 r--p 00000000 08:02 1448904                    /usr/lib/x86_64-linux-gnu/libFLAC.so.8.3.0
7eff8582a000-7eff85853000 r-xp 00008000 08:02 1448904                    /usr/lib/x86_64-linux-gnu/libFLAC.so.8.3.0
7eff85853000-7eff8585d000 r--p 00031000 08:02 1448904                    /usr/lib/x86_64-linux-gnu/libFLAC.so.8.3.0
7eff8585d000-7eff8585e000 ---p 0003b000 08:02 1448904                    /usr/lib/x86_64-linux-gnu/libFLAC.so.8.3.0
7eff8585e000-7eff8585f000 r--p 0003b000 08:02 1448904                    /usr/lib/x86_64-linux-gnu/libFLAC.so.8.3.0
7eff8585f000-7eff85860000 rw-p 0003c000 08:02 1448904                    /usr/lib/x86_64-linux-gnu/libFLAC.so.8.3.0
7eff85860000-7eff85864000 r--p 00000000 08:02 1445797                    /usr/lib/x86_64-linux-gnu/libnsl-2.31.so
7eff85864000-7eff85874000 r-xp 00004000 08:02 1445797                    /usr/lib/x86_64-linux-gnu/libnsl-2.31.so
7eff85874000-7eff85879000 r--p 00014000 08:02 1445797                    /usr/lib/x86_64-linux-gnu/libnsl-2.31.so
7eff85879000-7eff8587a000 r--p 00018000 08:02 1445797                    /usr/lib/x86_64-linux-gnu/libnsl-2.31.so
7eff8587a000-7eff8587b000 rw-p 00019000 08:02 1445797                    /usr/lib/x86_64-linux-gnu/libnsl-2.31.so
7eff8587b000-7eff8587d000 rw-p 00000000 00:00 0 
7eff8587d000-7eff85889000 r--p 00000000 08:02 1447651                    /usr/lib/x86_64-linux-gnu/libgcrypt.so.20.2.5
7eff85889000-7eff85957000 r-xp 0000c000 08:02 1447651                    /usr/lib/x86_64-linux-gnu/libgcrypt.so.20.2.5
7eff85957000-7eff85994000 r--p 000da000 08:02 1447651                    /usr/lib/x86_64-linux-gnu/libgcrypt.so.20.2.5
7eff85994000-7eff85996000 r--p 00116000 08:02 1447651                    /usr/lib/x86_64-linux-gnu/libgcrypt.so.20.2.5
7eff85996000-7eff8599b000 rw-p 00118000 08:02 1447651                    /usr/lib/x86_64-linux-gnu/libgcrypt.so.20.2.5
7eff8599b000-7eff8599d000 r--p 00000000 08:02 1449762                    /usr/lib/x86_64-linux-gnu/liblz4.so.1.9.2
7eff8599d000-7eff859b7000 r-xp 00002000 08:02 1449762                    /usr/lib/x86_64-linux-gnu/liblz4.so.1.9.2
7eff859b7000-7eff859ba000 r--p 0001c000 08:02 1449762                    /usr/lib/x86_64-linux-gnu/liblz4.so.1.9.2
7eff859ba000-7eff859bb000 r--p 0001e000 08:02 1449762                    /usr/lib/x86_64-linux-gnu/liblz4.so.1.9.2
7eff859bb000-7eff859bc000 rw-p 0001f000 08:02 1449762                    /usr/lib/x86_64-linux-gnu/liblz4.so.1.9.2
7eff859bc000-7eff859bf000 r--p 00000000 08:02 1443497                    /usr/lib/x86_64-linux-gnu/liblzma.so.5.2.4
7eff859bf000-7eff859d7000 r-xp 00003000 08:02 1443497                    /usr/lib/x86_64-linux-gnu/liblzma.so.5.2.4
7eff859d7000-7eff859e2000 r--p 0001b000 08:02 1443497                    /usr/lib/x86_64-linux-gnu/liblzma.so.5.2.4
7eff859e2000-7eff859e3000 ---p 00026000 08:02 1443497                    /usr/lib/x86_64-linux-gnu/liblzma.so.5.2.4
7eff859e3000-7eff859e4000 r--p 00026000 08:02 1443497                    /usr/lib/x86_64-linux-gnu/liblzma.so.5.2.4
7eff859e4000-7eff859e5000 rw-p 00027000 08:02 1443497                    /usr/lib/x86_64-linux-gnu/liblzma.so.5.2.4
7eff859e5000-7eff859e8000 r--p 00000000 08:02 1449007                    /usr/lib/x86_64-linux-gnu/libapparmor.so.1.6.1
7eff859e8000-7eff859f1000 r-xp 00003000 08:02 1449007                    /usr/lib/x86_64-linux-gnu/libapparmor.so.1.6.1
7eff859f1000-7eff859f8000 r--p 0000c000 08:02 1449007                    /usr/lib/x86_64-linux-gnu/libapparmor.so.1.6.1
7eff859f8000-7eff859f9000 r--p 00012000 08:02 1449007                    /usr/lib/x86_64-linux-gnu/libapparmor.so.1.6.1
7eff859f9000-7eff859fa000 rw-p 00013000 08:02 1449007                    /usr/lib/x86_64-linux-gnu/libapparmor.so.1.6.1
7eff859fa000-7eff859ff000 r-xp 00000000 08:02 1449028                    /usr/lib/x86_64-linux-gnu/libasyncns.so.0.3.1
7eff859ff000-7eff85bfe000 ---p 00005000 08:02 1449028                    /usr/lib/x86_64-linux-gnu/libasyncns.so.0.3.1
7eff85bfe000-7eff85bff000 r--p 00004000 08:02 1449028                    /usr/lib/x86_64-linux-gnu/libasyncns.so.0.3.1
7eff85bff000-7eff85c00000 rw-p 00005000 08:02 1449028                    /usr/lib/x86_64-linux-gnu/libasyncns.so.0.3.1
7eff85c00000-7eff85c07000 r--p 00000000 08:02 1450170                    /usr/lib/x86_64-linux-gnu/libsndfile.so.1.0.28
7eff85c07000-7eff85c5a000 r-xp 00007000 08:02 1450170                    /usr/lib/x86_64-linux-gnu/libsndfile.so.1.0.28
7eff85c5a000-7eff85c77000 r--p 0005a000 08:02 1450170                    /usr/lib/x86_64-linux-gnu/libsndfile.so.1.0.28
7eff85c77000-7eff85c78000 ---p 00077000 08:02 1450170                    /usr/lib/x86_64-linux-gnu/libsndfile.so.1.0.28
7eff85c78000-7eff85c7b000 r--p 00077000 08:02 1450170                    /usr/lib/x86_64-linux-gnu/libsndfile.so.1.0.28
7eff85c7b000-7eff85c7c000 rw-p 0007a000 08:02 1450170                    /usr/lib/x86_64-linux-gnu/libsndfile.so.1.0.28
7eff85c7c000-7eff85c7e000 rw-p 00000000 00:00 0 
7eff85c7e000-7eff85c8e000 r--p 00000000 08:02 1446018                    /usr/lib/x86_64-linux-gnu/libsystemd.so.0.28.0
7eff85c8e000-7eff85d03000 r-xp 00010000 08:02 1446018                    /usr/lib/x86_64-linux-gnu/libsystemd.so.0.28.0
7eff85d03000-7eff85d28000 r--p 00085000 08:02 1446018                    /usr/lib/x86_64-linux-gnu/libsystemd.so.0.28.0
7eff85d28000-7eff85d2b000 r--p 000a9000 08:02 1446018                    /usr/lib/x86_64-linux-gnu/libsystemd.so.0.28.0
7eff85d2b000-7eff85d2c000 rw-p 000ac000 08:02 1446018                    /usr/lib/x86_64-linux-gnu/libsystemd.so.0.28.0
7eff85d2c000-7eff85d2d000 rw-p 00000000 00:00 0 
7eff85d2d000-7eff85d38000 r--p 00000000 08:02 1450442                    /usr/lib/x86_64-linux-gnu/libxcb.so.1.1.0
7eff85d38000-7eff85d4c000 r-xp 0000b000 08:02 1450442                    /usr/lib/x86_64-linux-gnu/libxcb.so.1.1.0
7eff85d4c000-7eff85d55000 r--p 0001f000 08:02 1450442                    /usr/lib/x86_64-linux-gnu/libxcb.so.1.1.0
7eff85d55000-7eff85d56000 r--p 00027000 08:02 1450442                    /usr/lib/x86_64-linux-gnu/libxcb.so.1.1.0
7eff85d56000-7eff85d57000 rw-p 00028000 08:02 1450442                    /usr/lib/x86_64-linux-gnu/libxcb.so.1.1.0
7eff85d57000-7eff85d62000 r--p 00000000 08:02 1442000                    /usr/lib/x86_64-linux-gnu/libdbus-1.so.3.19.11
7eff85d62000-7eff85d90000 r-xp 0000b000 08:02 1442000                    /usr/lib/x86_64-linux-gnu/libdbus-1.so.3.19.11
7eff85d90000-7eff85da5000 r--p 00039000 08:02 1442000                    /usr/lib/x86_64-linux-gnu/libdbus-1.so.3.19.11
7eff85da5000-7eff85da6000 ---p 0004e000 08:02 1442000                    /usr/lib/x86_64-linux-gnu/libdbus-1.so.3.19.11
7eff85da6000-7eff85da7000 r--p 0004e000 08:02 1442000                    /usr/lib/x86_64-linux-gnu/libdbus-1.so.3.19.11
7eff85da7000-7eff85da8000 rw-p 0004f000 08:02 1442000                    /usr/lib/x86_64-linux-gnu/libdbus-1.so.3.19.11
7eff85da8000-7eff85db9000 r--p 00000000 08:02 2097637                    /usr/lib/x86_64-linux-gnu/pulseaudio/libpulsecommon-13.99.so
7eff85db9000-7eff85e01000 r-xp 00011000 08:02 2097637                    /usr/lib/x86_64-linux-gnu/pulseaudio/libpulsecommon-13.99.so
7eff85e01000-7eff85e26000 r--p 00059000 08:02 2097637                    /usr/lib/x86_64-linux-gnu/pulseaudio/libpulsecommon-13.99.so
7eff85e26000-7eff85e27000 ---p 0007e000 08:02 2097637                    /usr/lib/x86_64-linux-gnu/pulseaudio/libpulsecommon-13.99.so
7eff85e27000-7eff85e29000 r--p 0007e000 08:02 2097637                    /usr/lib/x86_64-linux-gnu/pulseaudio/libpulsecommon-13.99.so
7eff85e29000-7eff85e2a000 rw-p 00080000 08:02 2097637                    /usr/lib/x86_64-linux-gnu/pulseaudio/libpulsecommon-13.99.so
7eff85e2a000-7eff85e36000 r--p 00000000 08:02 1442666                    /usr/lib/x86_64-linux-gnu/libpulse.so.0.21.2
7eff85e36000-7eff85e66000 r-xp 0000c000 08:02 1442666                    /usr/lib/x86_64-linux-gnu/libpulse.so.0.21.2
7eff85e66000-7eff85e7c000 r--p 0003c000 08:02 1442666                    /usr/lib/x86_64-linux-gnu/libpulse.so.0.21.2
7eff85e7c000-7eff85e7e000 r--p 00051000 08:02 1442666                    /usr/lib/x86_64-linux-gnu/libpulse.so.0.21.2
7eff85e7e000-7eff85e7f000 rw-p 00053000 08:02 1442666                    /usr/lib/x86_64-linux-gnu/libpulse.so.0.21.2
7eff85e82000-7eff85e83000 r--p 00000000 08:02 2097976                    /usr/lib/x86_64-linux-gnu/alsa-lib/libasound_module_rate_speexrate.so
7eff85e83000-7eff85e86000 r-xp 00001000 08:02 2097976                    /usr/lib/x86_64-linux-gnu/alsa-lib/libasound_module_rate_speexrate.so
7eff85e86000-7eff85e87000 r--p 00004000 08:02 2097976                    /usr/lib/x86_64-linux-gnu/alsa-lib/libasound_module_rate_speexrate.so
7eff85e87000-7eff85e88000 r--p 00004000 08:02 2097976                    /usr/lib/x86_64-linux-gnu/alsa-lib/libasound_module_rate_speexrate.so
7eff85e88000-7eff85e89000 rw-p 00005000 08:02 2097976                    /usr/lib/x86_64-linux-gnu/alsa-lib/libasound_module_rate_speexrate.so
7eff85e89000-7eff85e8a000 r--p 00000000 08:02 2097971                    /usr/lib/x86_64-linux-gnu/alsa-lib/libasound_module_rate_samplerate.so
7eff85e8a000-7eff85e8b000 r-xp 00001000 08:02 2097971                    /usr/lib/x86_64-linux-gnu/alsa-lib/libasound_module_rate_samplerate.so
7eff85e8b000-7eff85e8c000 r--p 00002000 08:02 2097971                    /usr/lib/x86_64-linux-gnu/alsa-lib/libasound_module_rate_samplerate.so
7eff85e8c000-7eff85e8d000 r--p 00002000 08:02 2097971                    /usr/lib/x86_64-linux-gnu/alsa-lib/libasound_module_rate_samplerate.so
7eff85e8d000-7eff85e8e000 rw-p 00003000 08:02 2097971                    /usr/lib/x86_64-linux-gnu/alsa-lib/libasound_module_rate_samplerate.so
7eff85e8e000-7eff85e90000 r--p 00000000 08:02 2097967                    /usr/lib/x86_64-linux-gnu/alsa-lib/libasound_module_pcm_pulse.so
7eff85e90000-7eff85e93000 r-xp 00002000 08:02 2097967                    /usr/lib/x86_64-linux-gnu/alsa-lib/libasound_module_pcm_pulse.so
7eff85e93000-7eff85e94000 r--p 00005000 08:02 2097967                    /usr/lib/x86_64-linux-gnu/alsa-lib/libasound_module_pcm_pulse.so
7eff85e94000-7eff85e95000 ---p 00006000 08:02 2097967                    /usr/lib/x86_64-linux-gnu/alsa-lib/libasound_module_pcm_pulse.so
7eff85e95000-7eff85e96000 r--p 00006000 08:02 2097967                    /usr/lib/x86_64-linux-gnu/alsa-lib/libasound_module_pcm_pulse.so
7eff85e96000-7eff85e97000 rw-p 00007000 08:02 2097967                    /usr/lib/x86_64-linux-gnu/alsa-lib/libasound_module_pcm_pulse.so
7eff85e97000-7eff85e9e000 r--s 00000000 08:02 2102563                    /usr/lib/x86_64-linux-gnu/gconv/gconv-modules.cache
7eff85e9e000-7eff85edb000 rw-p 00000000 00:00 0 
7eff85edb000-7eff85edd000 r--p 00000000 08:02 2234013                    /usr/local/lib/libilbccodec.so.2
7eff85edd000-7eff85ee7000 r-xp 00002000 08:02 2234013                    /usr/local/lib/libilbccodec.so.2
7eff85ee7000-7eff85ee9000 r--p 0000c000 08:02 2234013                    /usr/local/lib/libilbccodec.so.2
7eff85ee9000-7eff85eea000 r--p 0000d000 08:02 2234013                    /usr/local/lib/libilbccodec.so.2
7eff85eea000-7eff85eec000 rw-p 0000e000 08:02 2234013                    /usr/local/lib/libilbccodec.so.2
7eff85eec000-7eff85f16000 r--p 00000000 08:02 1442673                    /usr/lib/x86_64-linux-gnu/libasound.so.2.0.0
7eff85f16000-7eff85fa5000 r-xp 0002a000 08:02 1442673                    /usr/lib/x86_64-linux-gnu/libasound.so.2.0.0
7eff85fa5000-7eff85fdf000 r--p 000b9000 08:02 1442673                    /usr/lib/x86_64-linux-gnu/libasound.so.2.0.0
7eff85fdf000-7eff85fe6000 r--p 000f2000 08:02 1442673                    /usr/lib/x86_64-linux-gnu/libasound.so.2.0.0
7eff85fe6000-7eff85fe7000 rw-p 000f9000 08:02 1442673                    /usr/lib/x86_64-linux-gnu/libasound.so.2.0.0
7eff85fe7000-7eff86003000 r--p 00000000 08:02 1444741                    /usr/lib/x86_64-linux-gnu/libssl.so.1.1
7eff86003000-7eff86052000 r-xp 0001c000 08:02 1444741                    /usr/lib/x86_64-linux-gnu/libssl.so.1.1
7eff86052000-7eff8606c000 r--p 0006b000 08:02 1444741                    /usr/lib/x86_64-linux-gnu/libssl.so.1.1
7eff8606c000-7eff8606d000 ---p 00085000 08:02 1444741                    /usr/lib/x86_64-linux-gnu/libssl.so.1.1
7eff8606d000-7eff86076000 r--p 00085000 08:02 1444741                    /usr/lib/x86_64-linux-gnu/libssl.so.1.1
7eff86076000-7eff8607a000 rw-p 0008e000 08:02 1444741                    /usr/lib/x86_64-linux-gnu/libssl.so.1.1
7eff8607a000-7eff86080000 r--p 00000000 08:02 2234019                    /usr/local/lib/libwebrtc.so.2
7eff86080000-7eff86099000 r-xp 00006000 08:02 2234019                    /usr/local/lib/libwebrtc.so.2
7eff86099000-7eff860a1000 r--p 0001f000 08:02 2234019                    /usr/local/lib/libwebrtc.so.2
7eff860a1000-7eff860a2000 r--p 00026000 08:02 2234019                    /usr/local/lib/libwebrtc.so.2
7eff860a2000-7eff860a3000 rw-p 00027000 08:02 2234019                    /usr/local/lib/libwebrtc.so.2
7eff860a3000-7eff860a9000 r--p 00000000 08:02 2234011                    /usr/local/lib/libspeex.so.2
7eff860a9000-7eff860c7000 r-xp 00006000 08:02 2234011                    /usr/local/lib/libspeex.so.2
7eff860c7000-7eff860cf000 r--p 00024000 08:02 2234011                    /usr/local/lib/libspeex.so.2
7eff860cf000-7eff860d0000 ---p 0002c000 08:02 2234011                    /usr/local/lib/libspeex.so.2
7eff860d0000-7eff860d1000 r--p 0002c000 08:02 2234011                    /usr/local/lib/libspeex.so.2
7eff860d1000-7eff860d2000 rw-p 0002d000 08:02 2234011                    /usr/local/lib/libspeex.so.2
7eff860d2000-7eff860d3000 r--p 00000000 08:02 2234007                    /usr/local/lib/libresample.so.2
7eff860d3000-7eff860d4000 r-xp 00001000 08:02 2234007                    /usr/local/lib/libresample.so.2
7eff860d4000-7eff860df000 r--p 00002000 08:02 2234007                    /usr/local/lib/libresample.so.2
7eff860df000-7eff860e0000 r--p 0000c000 08:02 2234007                    /usr/local/lib/libresample.so.2
7eff860e0000-7eff860e1000 rw-p 0000d000 08:02 2234007                    /usr/local/lib/libresample.so.2
7eff860e1000-7eff860e6000 r--p 00000000 08:02 2234005                    /usr/local/lib/libsrtp.so.2
7eff860e6000-7eff860f1000 r-xp 00005000 08:02 2234005                    /usr/local/lib/libsrtp.so.2
7eff860f1000-7eff860f5000 r--p 00010000 08:02 2234005                    /usr/local/lib/libsrtp.so.2
7eff860f5000-7eff860f6000 r--p 00013000 08:02 2234005                    /usr/local/lib/libsrtp.so.2
7eff860f6000-7eff860f7000 rw-p 00014000 08:02 2234005                    /usr/local/lib/libsrtp.so.2
7eff860f7000-7eff8616f000 r--p 00000000 08:02 1442965                    /usr/lib/x86_64-linux-gnu/libcrypto.so.1.1
7eff8616f000-7eff8630a000 r-xp 00078000 08:02 1442965                    /usr/lib/x86_64-linux-gnu/libcrypto.so.1.1
7eff8630a000-7eff8639b000 r--p 00213000 08:02 1442965                    /usr/lib/x86_64-linux-gnu/libcrypto.so.1.1
7eff8639b000-7eff863c7000 r--p 002a3000 08:02 1442965                    /usr/lib/x86_64-linux-gnu/libcrypto.so.1.1
7eff863c7000-7eff863c9000 rw-p 002cf000 08:02 1442965                    /usr/lib/x86_64-linux-gnu/libcrypto.so.1.1
7eff863c9000-7eff863cd000 rw-p 00000000 00:00 0 
7eff863cd000-7eff863d5000 r--p 00000000 08:02 2234039                    /usr/local/lib/libpjnath.so.2
7eff863d5000-7eff863f3000 r-xp 00008000 08:02 2234039                    /usr/local/lib/libpjnath.so.2
7eff863f3000-7eff863ff000 r--p 00026000 08:02 2234039                    /usr/local/lib/libpjnath.so.2
7eff863ff000-7eff86400000 r--p 00031000 08:02 2234039                    /usr/local/lib/libpjnath.so.2
7eff86400000-7eff86402000 rw-p 00032000 08:02 2234039                    /usr/local/lib/libpjnath.so.2
7eff86402000-7eff86408000 r--p 00000000 08:02 2234025                    /usr/local/lib/libpjsip-ua.so.2
7eff86408000-7eff8641a000 r-xp 00006000 08:02 2234025                    /usr/local/lib/libpjsip-ua.so.2
7eff8641a000-7eff86420000 r--p 00018000 08:02 2234025                    /usr/local/lib/libpjsip-ua.so.2
7eff86420000-7eff86421000 r--p 0001d000 08:02 2234025                    /usr/local/lib/libpjsip-ua.so.2
7eff86421000-7eff86422000 rw-p 0001e000 08:02 2234025                    /usr/local/lib/libpjsip-ua.so.2
7eff86422000-7eff8642e000 r--p 00000000 08:02 2234043                    /usr/local/lib/libpj.so.2
7eff8642e000-7eff8644c000 r-xp 0000c000 08:02 2234043                    /usr/local/lib/libpj.so.2
7eff8644c000-7eff86457000 r--p 0002a000 08:02 2234043                    /usr/local/lib/libpj.so.2
7eff86457000-7eff86458000 ---p 00035000 08:02 2234043                    /usr/local/lib/libpj.so.2
7eff86458000-7eff86459000 r--p 00035000 08:02 2234043                    /usr/local/lib/libpj.so.2
7eff86459000-7eff8645a000 rw-p 00036000 08:02 2234043                    /usr/local/lib/libpj.so.2
7eff8645a000-7eff8645c000 rw-p 00000000 00:00 0 
7eff8645c000-7eff86463000 r--p 00000000 08:02 2234041                    /usr/local/lib/libpjlib-util.so.2
7eff86463000-7eff8647d000 r-xp 00007000 08:02 2234041                    /usr/local/lib/libpjlib-util.so.2
7eff8647d000-7eff86485000 r--p 00021000 08:02 2234041                    /usr/local/lib/libpjlib-util.so.2
7eff86485000-7eff86486000 r--p 00028000 08:02 2234041                    /usr/local/lib/libpjlib-util.so.2
7eff86486000-7eff86487000 rw-p 00029000 08:02 2234041                    /usr/local/lib/libpjlib-util.so.2
7eff86487000-7eff86495000 r--p 00000000 08:02 2234035                    /usr/local/lib/libpjmedia.so.2
7eff86495000-7eff864cd000 r-xp 0000e000 08:02 2234035                    /usr/local/lib/libpjmedia.so.2
7eff864cd000-7eff864ea000 r--p 00046000 08:02 2234035                    /usr/local/lib/libpjmedia.so.2
7eff864ea000-7eff864eb000 ---p 00063000 08:02 2234035                    /usr/local/lib/libpjmedia.so.2
7eff864eb000-7eff864ec000 r--p 00063000 08:02 2234035                    /usr/local/lib/libpjmedia.so.2
7eff864ec000-7eff864ee000 rw-p 00064000 08:02 2234035                    /usr/local/lib/libpjmedia.so.2
7eff864ee000-7eff864ef000 rw-p 00000000 00:00 0 
7eff864ef000-7eff864fd000 r--p 00000000 08:02 2234029                    /usr/local/lib/libpjsip.so.2
7eff864fd000-7eff8652d000 r-xp 0000e000 08:02 2234029                    /usr/local/lib/libpjsip.so.2
7eff8652d000-7eff8653e000 r--p 0003e000 08:02 2234029                    /usr/local/lib/libpjsip.so.2
7eff8653e000-7eff86540000 r--p 0004e000 08:02 2234029                    /usr/local/lib/libpjsip.so.2
7eff86540000-7eff86542000 rw-p 00050000 08:02 2234029                    /usr/local/lib/libpjsip.so.2
7eff86542000-7eff86547000 rw-p 00000000 00:00 0 
7eff86547000-7eff86555000 r--p 00000000 08:02 2234023                    /usr/local/lib/libpjsua.so.2
7eff86555000-7eff8658a000 r-xp 0000e000 08:02 2234023                    /usr/local/lib/libpjsua.so.2
7eff8658a000-7eff86597000 r--p 00043000 08:02 2234023                    /usr/local/lib/libpjsua.so.2
7eff86597000-7eff86598000 r--p 0004f000 08:02 2234023                    /usr/local/lib/libpjsua.so.2
7eff86598000-7eff8659a000 rw-p 00050000 08:02 2234023                    /usr/local/lib/libpjsua.so.2
7eff8659a000-7eff8667c000 rw-p 00000000 00:00 0 
7eff8667c000-7eff86698000 r--p 00000000 08:02 2234021                    /usr/local/lib/libpjsua2.so.2
7eff86698000-7eff866ec000 r-xp 0001c000 08:02 2234021                    /usr/local/lib/libpjsua2.so.2
7eff866ec000-7eff86701000 r--p 00070000 08:02 2234021                    /usr/local/lib/libpjsua2.so.2
7eff86701000-7eff86703000 r--p 00084000 08:02 2234021                    /usr/local/lib/libpjsua2.so.2
7eff86703000-7eff86705000 rw-p 00086000 08:02 2234021                    /usr/local/lib/libpjsua2.so.2
7eff86705000-7eff86754000 r--p 00000000 08:02 1444779                    /usr/lib/libpjsua2.so
7eff86754000-7eff867e0000 r-xp 0004f000 08:02 1444779                    /usr/lib/libpjsua2.so
7eff867e0000-7eff86816000 r--p 000db000 08:02 1444779                    /usr/lib/libpjsua2.so
7eff86816000-7eff86817000 ---p 00111000 08:02 1444779                    /usr/lib/libpjsua2.so
7eff86817000-7eff86818000 r--p 00111000 08:02 1444779                    /usr/lib/libpjsua2.so
7eff86818000-7eff8681a000 rw-p 00112000 08:02 1444779                    /usr/lib/libpjsua2.so
7eff8681a000-7eff86983000 r-xp 00000000 08:02 1444772                    /usr/lib/libopenh264.so
7eff86983000-7eff86b83000 ---p 00169000 08:02 1444772                    /usr/lib/libopenh264.so
7eff86b83000-7eff86b86000 r--p 00169000 08:02 1444772                    /usr/lib/libopenh264.so
7eff86b86000-7eff86b88000 rw-p 0016c000 08:02 1444772                    /usr/lib/libopenh264.so
7eff86b88000-7eff86b8c000 ---p 00000000 00:00 0 
7eff86b8c000-7eff86c89000 rw-p 00000000 00:00 0 
7eff86c89000-7eff86c8a000 ---p 00000000 00:00 0 
7eff86c8a000-7eff86d8b000 rw-p 00000000 00:00 0 
7eff86d8b000-7eff86d8f000 ---p 00000000 00:00 0 
7eff86d8f000-7eff86e8c000 rw-p 00000000 00:00 0 
7eff86e8c000-7eff86e90000 ---p 00000000 00:00 0 
7eff86e90000-7eff86f8d000 rw-p 00000000 00:00 0 
7eff86f8d000-7eff86f91000 ---p 00000000 00:00 0 
7eff86f91000-7eff8708e000 rw-p 00000000 00:00 0 
7eff8708e000-7eff87092000 ---p 00000000 00:00 0 
7eff87092000-7eff8718f000 rw-p 00000000 00:00 0 
7eff8718f000-7eff87193000 ---p 00000000 00:00 0 
7eff87193000-7eff87290000 rw-p 00000000 00:00 0 
7eff87290000-7eff87800000 r--p 00000000 08:02 1444832                    /usr/lib/locale/locale-archive
7eff87800000-7eff87d40000 rw-p 00000000 00:00 0 
7eff87d40000-7eff88000000 ---p 00000000 00:00 0 
7eff88000000-7eff88021000 rw-p 00000000 00:00 0 
7eff88021000-7eff8c000000 ---p 00000000 00:00 0 
7eff8c000000-7eff8c021000 rw-p 00000000 00:00 0 
7eff8c021000-7eff90000000 ---p 00000000 00:00 0 
7eff90000000-7eff90021000 rw-p 00000000 00:00 0 
7eff90021000-7eff94000000 ---p 00000000 00:00 0 
7eff94002000-7eff94003000 r--p 00000000 08:02 2234009                    /usr/local/lib/libgsmcodec.so.2
7eff94003000-7eff9400b000 r-xp 00001000 08:02 2234009                    /usr/local/lib/libgsmcodec.so.2
7eff9400b000-7eff9400c000 r--p 00009000 08:02 2234009                    /usr/local/lib/libgsmcodec.so.2
7eff9400c000-7eff9400d000 r--p 00009000 08:02 2234009                    /usr/local/lib/libgsmcodec.so.2
7eff9400d000-7eff9400e000 rw-p 0000a000 08:02 2234009                    /usr/local/lib/libgsmcodec.so.2
7eff9400e000-7eff94011000 r--p 00000000 08:02 2234031                    /usr/local/lib/libpjmedia-codec.so.2
7eff94011000-7eff94019000 r-xp 00003000 08:02 2234031                    /usr/local/lib/libpjmedia-codec.so.2
7eff94019000-7eff9401c000 r--p 0000b000 08:02 2234031                    /usr/local/lib/libpjmedia-codec.so.2
7eff9401c000-7eff9401d000 r--p 0000d000 08:02 2234031                    /usr/local/lib/libpjmedia-codec.so.2
7eff9401d000-7eff9401e000 rw-p 0000e000 08:02 2234031                    /usr/local/lib/libpjmedia-codec.so.2
7eff9401e000-7eff94024000 r--p 00000000 08:02 2234027                    /usr/local/lib/libpjsip-simple.so.2
7eff94024000-7eff9402f000 r-xp 00006000 08:02 2234027                    /usr/local/lib/libpjsip-simple.so.2
7eff9402f000-7eff94033000 r--p 00011000 08:02 2234027                    /usr/local/lib/libpjsip-simple.so.2
7eff94033000-7eff94034000 ---p 00015000 08:02 2234027                    /usr/local/lib/libpjsip-simple.so.2
7eff94034000-7eff94035000 r--p 00015000 08:02 2234027                    /usr/local/lib/libpjsip-simple.so.2
7eff94035000-7eff94036000 rw-p 00016000 08:02 2234027                    /usr/local/lib/libpjsip-simple.so.2
7eff94036000-7eff94067000 rw-p 00000000 00:00 0 
7eff94067000-7eff9406b000 ---p 00000000 00:00 0 
7eff9406b000-7eff96358000 rw-p 00000000 00:00 0 
7eff96358000-7eff97ff8000 ---p 00000000 00:00 0 
7eff97ff8000-7eff98000000 rw-p 00000000 00:00 0 
7eff98000000-7eff98021000 rw-p 00000000 00:00 0 
7eff98021000-7eff9c000000 ---p 00000000 00:00 0 
7eff9c001000-7eff9c003000 r--p 00000000 08:02 1448951                    /usr/lib/x86_64-linux-gnu/libXdmcp.so.6.0.0
7eff9c003000-7eff9c005000 r-xp 00002000 08:02 1448951                    /usr/lib/x86_64-linux-gnu/libXdmcp.so.6.0.0
7eff9c005000-7eff9c007000 r--p 00004000 08:02 1448951                    /usr/lib/x86_64-linux-gnu/libXdmcp.so.6.0.0
7eff9c007000-7eff9c008000 r--p 00005000 08:02 1448951                    /usr/lib/x86_64-linux-gnu/libXdmcp.so.6.0.0
7eff9c008000-7eff9c009000 rw-p 00006000 08:02 1448951                    /usr/lib/x86_64-linux-gnu/libXdmcp.so.6.0.0
7eff9c009000-7eff9c00a000 r--p 00000000 08:02 1448940                    /usr/lib/x86_64-linux-gnu/libXau.so.6.0.0
7eff9c00a000-7eff9c00c000 r-xp 00001000 08:02 1448940                    /usr/lib/x86_64-linux-gnu/libXau.so.6.0.0
7eff9c00c000-7eff9c00d000 r--p 00003000 08:02 1448940                    /usr/lib/x86_64-linux-gnu/libXau.so.6.0.0
7eff9c00d000-7eff9c00e000 r--p 00003000 08:02 1448940                    /usr/lib/x86_64-linux-gnu/libXau.so.6.0.0
7eff9c00e000-7eff9c00f000 rw-p 00004000 08:02 1448940                    /usr/lib/x86_64-linux-gnu/libXau.so.6.0.0
7eff9c00f000-7eff9c012000 r--p 00000000 08:02 1450402                    /usr/lib/x86_64-linux-gnu/libwrap.so.0.7.6
7eff9c012000-7eff9c017000 r-xp 00003000 08:02 1450402                    /usr/lib/x86_64-linux-gnu/libwrap.so.0.7.6
7eff9c017000-7eff9c019000 r--p 00008000 08:02 1450402                    /usr/lib/x86_64-linux-gnu/libwrap.so.0.7.6
7eff9c019000-7eff9c01a000 r--p 00009000 08:02 1450402                    /usr/lib/x86_64-linux-gnu/libwrap.so.0.7.6
7eff9c01a000-7eff9c01b000 rw-p 0000a000 08:02 1450402                    /usr/lib/x86_64-linux-gnu/libwrap.so.0.7.6
7eff9c01b000-7eff9c01c000 r--p 00000000 08:02 2097970                    /usr/lib/x86_64-linux-gnu/alsa-lib/libasound_module_pcm_vdownmix.so
7eff9c01c000-7eff9c01d000 r-xp 00001000 08:02 2097970                    /usr/lib/x86_64-linux-gnu/alsa-lib/libasound_module_pcm_vdownmix.so
7eff9c01d000-7eff9c01e000 r--p 00002000 08:02 2097970                    /usr/lib/x86_64-linux-gnu/alsa-lib/libasound_module_pcm_vdownmix.so
7eff9c01e000-7eff9c01f000 r--p 00002000 08:02 2097970                    /usr/lib/x86_64-linux-gnu/alsa-lib/libasound_module_pcm_vdownmix.so
7eff9c01f000-7eff9c020000 rw-p 00003000 08:02 2097970                    /usr/lib/x86_64-linux-gnu/alsa-lib/libasound_module_pcm_vdownmix.so
7eff9c020000-7eff9c024000 r--p 00000000 08:02 1447901                    /usr/lib/jvm/java-11-openjdk-amd64/lib/libnet.so
7eff9c024000-7eff9c032000 r-xp 00004000 08:02 1447901                    /usr/lib/jvm/java-11-openjdk-amd64/lib/libnet.so
7eff9c032000-7eff9c036000 r--p 00012000 08:02 1447901                    /usr/lib/jvm/java-11-openjdk-amd64/lib/libnet.so
7eff9c036000-7eff9c037000 r--p 00015000 08:02 1447901                    /usr/lib/jvm/java-11-openjdk-amd64/lib/libnet.so
7eff9c037000-7eff9c038000 rw-p 00016000 08:02 1447901                    /usr/lib/jvm/java-11-openjdk-amd64/lib/libnet.so
7eff9c038000-7eff9c03c000 ---p 00000000 00:00 0 
7eff9c03c000-7eff9c139000 rw-p 00000000 00:00 0 
7eff9c139000-7eff9c13a000 ---p 00000000 00:00 0 
7eff9c13a000-7eff9c317000 rw-p 00000000 00:00 0 
7eff9c317000-7eff9c318000 ---p 00000000 00:00 0 
7eff9c318000-7eff9c419000 rw-p 00000000 00:00 0 
7eff9c419000-7eff9c41a000 ---p 00000000 00:00 0 
7eff9c41a000-7eff9c81e000 rw-p 00000000 00:00 0 
7eff9c81e000-7eff9ca8e000 rwxp 00000000 00:00 0 
7eff9ca8e000-7eff9cdae000 ---p 00000000 00:00 0 
7eff9cdae000-7eff9d01e000 rwxp 00000000 00:00 0 
7eff9d01e000-7effa42e6000 ---p 00000000 00:00 0 
7effa42e6000-7effa4556000 rwxp 00000000 00:00 0 
7effa4556000-7effab81e000 ---p 00000000 00:00 0 
7effab81e000-7effb4000000 r--s 00000000 08:02 1447911                    /usr/lib/jvm/java-11-openjdk-amd64/lib/modules
7effb4000000-7effb4304000 rw-p 00000000 00:00 0 
7effb4304000-7effb8000000 ---p 00000000 00:00 0 
7effb8000000-7effb8002000 r--p 00000000 08:02 1442187                    /usr/lib/x86_64-linux-gnu/libuuid.so.1.3.0
7effb8002000-7effb8006000 r-xp 00002000 08:02 1442187                    /usr/lib/x86_64-linux-gnu/libuuid.so.1.3.0
7effb8006000-7effb8007000 r--p 00006000 08:02 1442187                    /usr/lib/x86_64-linux-gnu/libuuid.so.1.3.0
7effb8007000-7effb8008000 r--p 00006000 08:02 1442187                    /usr/lib/x86_64-linux-gnu/libuuid.so.1.3.0
7effb8008000-7effb8009000 rw-p 00007000 08:02 1442187                    /usr/lib/x86_64-linux-gnu/libuuid.so.1.3.0
7effb8009000-7effb800b000 r--p 00000000 08:02 2234037                    /usr/local/lib/libpjmedia-audiodev.so.2
7effb800b000-7effb800f000 r-xp 00002000 08:02 2234037                    /usr/local/lib/libpjmedia-audiodev.so.2
7effb800f000-7effb8010000 r--p 00006000 08:02 2234037                    /usr/local/lib/libpjmedia-audiodev.so.2
7effb8010000-7effb8011000 ---p 00007000 08:02 2234037                    /usr/local/lib/libpjmedia-audiodev.so.2
7effb8011000-7effb8012000 r--p 00007000 08:02 2234037                    /usr/local/lib/libpjmedia-audiodev.so.2
7effb8012000-7effb8013000 rw-p 00008000 08:02 2234037                    /usr/local/lib/libpjmedia-audiodev.so.2
7effb8013000-7effb801a000 r--p 00000000 08:02 1447902                    /usr/lib/jvm/java-11-openjdk-amd64/lib/libnio.so
7effb801a000-7effb8022000 r-xp 00007000 08:02 1447902                    /usr/lib/jvm/java-11-openjdk-amd64/lib/libnio.so
7effb8022000-7effb8025000 r--p 0000f000 08:02 1447902                    /usr/lib/jvm/java-11-openjdk-amd64/lib/libnio.so
7effb8025000-7effb8026000 r--p 00011000 08:02 1447902                    /usr/lib/jvm/java-11-openjdk-amd64/lib/libnio.so
7effb8026000-7effb8027000 rw-p 00012000 08:02 1447902                    /usr/lib/jvm/java-11-openjdk-amd64/lib/libnio.so
7effb8027000-7effb8192000 rw-p 00000000 00:00 0 
7effb8192000-7effb8193000 ---p 00000000 00:00 0 
7effb8193000-7effb8294000 rw-p 00000000 00:00 0 
7effb8294000-7effb8295000 ---p 00000000 00:00 0 
7effb8295000-7effb85c8000 rw-p 00000000 00:00 0 
7effb85c8000-7effba268000 ---p 00000000 00:00 0 
7effba268000-7effba2ae000 rw-p 00000000 00:00 0 
7effba2ae000-7effba642000 ---p 00000000 00:00 0 
7effba642000-7effba681000 rw-p 00000000 00:00 0 
7effba681000-7effbaa15000 ---p 00000000 00:00 0 
7effbaa15000-7effbaa54000 rw-p 00000000 00:00 0 
7effbaa54000-7effbade8000 ---p 00000000 00:00 0 
7effbade8000-7effbb1ed000 rw-p 00000000 00:00 0 
7effbb1ed000-7effbb1ee000 ---p 00000000 00:00 0 
7effbb1ee000-7effbb2f4000 rw-p 00000000 00:00 0 
7effbb2f4000-7effbb3da000 ---p 00000000 00:00 0 
7effbb3da000-7effbb3df000 rw-p 00000000 00:00 0 
7effbb3df000-7effbb4c5000 ---p 00000000 00:00 0 
7effbb4c5000-7effbb4c8000 r--p 00000000 08:02 1445800                    /usr/lib/x86_64-linux-gnu/libnss_files-2.31.so
7effbb4c8000-7effbb4cf000 r-xp 00003000 08:02 1445800                    /usr/lib/x86_64-linux-gnu/libnss_files-2.31.so
7effbb4cf000-7effbb4d1000 r--p 0000a000 08:02 1445800                    /usr/lib/x86_64-linux-gnu/libnss_files-2.31.so
7effbb4d1000-7effbb4d2000 r--p 0000b000 08:02 1445800                    /usr/lib/x86_64-linux-gnu/libnss_files-2.31.so
7effbb4d2000-7effbb4d3000 rw-p 0000c000 08:02 1445800                    /usr/lib/x86_64-linux-gnu/libnss_files-2.31.so
7effbb4d3000-7effbb4de000 rw-p 00000000 00:00 0 
7effbb4de000-7effbb4e5000 ---p 00000000 00:00 0 
7effbb4e5000-7effbb4e7000 r--p 00000000 08:02 1447910                    /usr/lib/jvm/java-11-openjdk-amd64/lib/libzip.so
7effbb4e7000-7effbb4ec000 r-xp 00002000 08:02 1447910                    /usr/lib/jvm/java-11-openjdk-amd64/lib/libzip.so
7effbb4ec000-7effbb4ee000 r--p 00007000 08:02 1447910                    /usr/lib/jvm/java-11-openjdk-amd64/lib/libzip.so
7effbb4ee000-7effbb4ef000 r--p 00008000 08:02 1447910                    /usr/lib/jvm/java-11-openjdk-amd64/lib/libzip.so
7effbb4ef000-7effbb4f0000 rw-p 00009000 08:02 1447910                    /usr/lib/jvm/java-11-openjdk-amd64/lib/libzip.so
7effbb4f0000-7effbb4f8000 rw-s 00000000 08:02 9446020                    /tmp/hsperfdata_user/47673
7effbb4f8000-7effbb506000 r--p 00000000 08:02 1447890                    /usr/lib/jvm/java-11-openjdk-amd64/lib/libjava.so
7effbb506000-7effbb51c000 r-xp 0000e000 08:02 1447890                    /usr/lib/jvm/java-11-openjdk-amd64/lib/libjava.so
7effbb51c000-7effbb523000 r--p 00024000 08:02 1447890                    /usr/lib/jvm/java-11-openjdk-amd64/lib/libjava.so
7effbb523000-7effbb524000 r--p 0002a000 08:02 1447890                    /usr/lib/jvm/java-11-openjdk-amd64/lib/libjava.so
7effbb524000-7effbb525000 rw-p 0002b000 08:02 1447890                    /usr/lib/jvm/java-11-openjdk-amd64/lib/libjava.so
7effbb525000-7effbb526000 rw-p 00000000 00:00 0 
7effbb526000-7effbb528000 r--p 00000000 08:02 1445807                    /usr/lib/x86_64-linux-gnu/librt-2.31.so
7effbb528000-7effbb52c000 r-xp 00002000 08:02 1445807                    /usr/lib/x86_64-linux-gnu/librt-2.31.so
7effbb52c000-7effbb52e000 r--p 00006000 08:02 1445807                    /usr/lib/x86_64-linux-gnu/librt-2.31.so
7effbb52e000-7effbb52f000 r--p 00007000 08:02 1445807                    /usr/lib/x86_64-linux-gnu/librt-2.31.so
7effbb52f000-7effbb530000 rw-p 00008000 08:02 1445807                    /usr/lib/x86_64-linux-gnu/librt-2.31.so
7effbb530000-7effbb534000 ---p 00000000 00:00 0 
7effbb534000-7effbb631000 rw-p 00000000 00:00 0 
7effbb631000-7effbb634000 r--p 00000000 08:02 1449406                    /usr/lib/x86_64-linux-gnu/libgcc_s.so.1
7effbb634000-7effbb646000 r-xp 00003000 08:02 1449406                    /usr/lib/x86_64-linux-gnu/libgcc_s.so.1
7effbb646000-7effbb64a000 r--p 00015000 08:02 1449406                    /usr/lib/x86_64-linux-gnu/libgcc_s.so.1
7effbb64a000-7effbb64b000 r--p 00018000 08:02 1449406                    /usr/lib/x86_64-linux-gnu/libgcc_s.so.1
7effbb64b000-7effbb64c000 rw-p 00019000 08:02 1449406                    /usr/lib/x86_64-linux-gnu/libgcc_s.so.1
7effbb64c000-7effbb659000 r--p 00000000 08:02 1445794                    /usr/lib/x86_64-linux-gnu/libm-2.31.so
7effbb659000-7effbb700000 r-xp 0000d000 08:02 1445794                    /usr/lib/x86_64-linux-gnu/libm-2.31.so
7effbb700000-7effbb799000 r--p 000b4000 08:02 1445794                    /usr/lib/x86_64-linux-gnu/libm-2.31.so
7effbb799000-7effbb79a000 r--p 0014c000 08:02 1445794                    /usr/lib/x86_64-linux-gnu/libm-2.31.so
7effbb79a000-7effbb79b000 rw-p 0014d000 08:02 1445794                    /usr/lib/x86_64-linux-gnu/libm-2.31.so
7effbb79b000-7effbb831000 r--p 00000000 08:02 1450209                    /usr/lib/x86_64-linux-gnu/libstdc++.so.6.0.28
7effbb831000-7effbb922000 r-xp 00096000 08:02 1450209                    /usr/lib/x86_64-linux-gnu/libstdc++.so.6.0.28
7effbb922000-7effbb96b000 r--p 00187000 08:02 1450209                    /usr/lib/x86_64-linux-gnu/libstdc++.so.6.0.28
7effbb96b000-7effbb96c000 ---p 001d0000 08:02 1450209                    /usr/lib/x86_64-linux-gnu/libstdc++.so.6.0.28
7effbb96c000-7effbb977000 r--p 001d0000 08:02 1450209                    /usr/lib/x86_64-linux-gnu/libstdc++.so.6.0.28
7effbb977000-7effbb97a000 rw-p 001db000 08:02 1450209                    /usr/lib/x86_64-linux-gnu/libstdc++.so.6.0.28
7effbb97a000-7effbb97d000 rw-p 00000000 00:00 0 
7effbb97d000-7effbbbff000 r--p 00000000 08:02 1447914                    /usr/lib/jvm/java-11-openjdk-amd64/lib/server/libjvm.so
7effbbbff000-7effbc885000 r-xp 00282000 08:02 1447914                    /usr/lib/jvm/java-11-openjdk-amd64/lib/server/libjvm.so
7effbc885000-7effbcae1000 r--p 00f08000 08:02 1447914                    /usr/lib/jvm/java-11-openjdk-amd64/lib/server/libjvm.so
7effbcae1000-7effbcba5000 r--p 01163000 08:02 1447914                    /usr/lib/jvm/java-11-openjdk-amd64/lib/server/libjvm.so
7effbcba5000-7effbcbe0000 rw-p 01227000 08:02 1447914                    /usr/lib/jvm/java-11-openjdk-amd64/lib/server/libjvm.so
7effbcbe0000-7effbcc39000 rw-p 00000000 00:00 0 
7effbcc39000-7effbcc3f000 r--p 00000000 08:02 1445805                    /usr/lib/x86_64-linux-gnu/libpthread-2.31.so
7effbcc3f000-7effbcc50000 r-xp 00006000 08:02 1445805                    /usr/lib/x86_64-linux-gnu/libpthread-2.31.so
7effbcc50000-7effbcc56000 r--p 00017000 08:02 1445805                    /usr/lib/x86_64-linux-gnu/libpthread-2.31.so
7effbcc56000-7effbcc57000 r--p 0001c000 08:02 1445805                    /usr/lib/x86_64-linux-gnu/libpthread-2.31.so
7effbcc57000-7effbcc58000 rw-p 0001d000 08:02 1445805                    /usr/lib/x86_64-linux-gnu/libpthread-2.31.so
7effbcc58000-7effbcc5c000 rw-p 00000000 00:00 0 
7effbcc5c000-7effbcc5d000 r--p 00000000 08:02 1445793                    /usr/lib/x86_64-linux-gnu/libdl-2.31.so
7effbcc5d000-7effbcc5f000 r-xp 00001000 08:02 1445793                    /usr/lib/x86_64-linux-gnu/libdl-2.31.so
7effbcc5f000-7effbcc60000 r--p 00003000 08:02 1445793                    /usr/lib/x86_64-linux-gnu/libdl-2.31.so
7effbcc60000-7effbcc61000 r--p 00003000 08:02 1445793                    /usr/lib/x86_64-linux-gnu/libdl-2.31.so
7effbcc61000-7effbcc62000 rw-p 00004000 08:02 1445793                    /usr/lib/x86_64-linux-gnu/libdl-2.31.so
7effbcc62000-7effbcc64000 r--p 00000000 08:02 1445493                    /usr/lib/x86_64-linux-gnu/libz.so.1.2.11
7effbcc64000-7effbcc75000 r-xp 00002000 08:02 1445493                    /usr/lib/x86_64-linux-gnu/libz.so.1.2.11
7effbcc75000-7effbcc7b000 r--p 00013000 08:02 1445493                    /usr/lib/x86_64-linux-gnu/libz.so.1.2.11
7effbcc7b000-7effbcc7c000 ---p 00019000 08:02 1445493                    /usr/lib/x86_64-linux-gnu/libz.so.1.2.11
7effbcc7c000-7effbcc7d000 r--p 00019000 08:02 1445493                    /usr/lib/x86_64-linux-gnu/libz.so.1.2.11
7effbcc7d000-7effbcc7e000 rw-p 0001a000 08:02 1445493                    /usr/lib/x86_64-linux-gnu/libz.so.1.2.11
7effbcc7e000-7effbcca0000 r--p 00000000 08:02 1445792                    /usr/lib/x86_64-linux-gnu/libc-2.31.so
7effbcca0000-7effbce18000 r-xp 00022000 08:02 1445792                    /usr/lib/x86_64-linux-gnu/libc-2.31.so
7effbce18000-7effbce66000 r--p 0019a000 08:02 1445792                    /usr/lib/x86_64-linux-gnu/libc-2.31.so
7effbce66000-7effbce6a000 r--p 001e7000 08:02 1445792                    /usr/lib/x86_64-linux-gnu/libc-2.31.so
7effbce6a000-7effbce6c000 rw-p 001eb000 08:02 1445792                    /usr/lib/x86_64-linux-gnu/libc-2.31.so
7effbce6c000-7effbce70000 rw-p 00000000 00:00 0 
7effbce70000-7effbce72000 r--s 0000c000 08:02 2235382                    /usr/share/java/java-atk-wrapper.jar
7effbce72000-7effbce73000 ---p 00000000 00:00 0 
7effbce73000-7effbce74000 r--p 00000000 00:00 0 
7effbce74000-7effbce76000 r--p 00000000 08:02 1447893                    /usr/lib/jvm/java-11-openjdk-amd64/lib/libjimage.so
7effbce76000-7effbce79000 r-xp 00002000 08:02 1447893                    /usr/lib/jvm/java-11-openjdk-amd64/lib/libjimage.so
7effbce79000-7effbce7a000 r--p 00005000 08:02 1447893                    /usr/lib/jvm/java-11-openjdk-amd64/lib/libjimage.so
7effbce7a000-7effbce7b000 ---p 00006000 08:02 1447893                    /usr/lib/jvm/java-11-openjdk-amd64/lib/libjimage.so
7effbce7b000-7effbce7c000 r--p 00006000 08:02 1447893                    /usr/lib/jvm/java-11-openjdk-amd64/lib/libjimage.so
7effbce7c000-7effbce7d000 rw-p 00007000 08:02 1447893                    /usr/lib/jvm/java-11-openjdk-amd64/lib/libjimage.so
7effbce7d000-7effbce82000 r--p 00000000 08:02 1447909                    /usr/lib/jvm/java-11-openjdk-amd64/lib/libverify.so
7effbce82000-7effbce89000 r-xp 00005000 08:02 1447909                    /usr/lib/jvm/java-11-openjdk-amd64/lib/libverify.so
7effbce89000-7effbce8b000 r--p 0000c000 08:02 1447909                    /usr/lib/jvm/java-11-openjdk-amd64/lib/libverify.so
7effbce8b000-7effbce8c000 ---p 0000e000 08:02 1447909                    /usr/lib/jvm/java-11-openjdk-amd64/lib/libverify.so
7effbce8c000-7effbce8e000 r--p 0000e000 08:02 1447909                    /usr/lib/jvm/java-11-openjdk-amd64/lib/libverify.so
7effbce8e000-7effbce8f000 rw-p 00010000 08:02 1447909                    /usr/lib/jvm/java-11-openjdk-amd64/lib/libverify.so
7effbce8f000-7effbce92000 r--p 00000000 08:02 1447875                    /usr/lib/jvm/java-11-openjdk-amd64/lib/jli/libjli.so
7effbce92000-7effbce9c000 r-xp 00003000 08:02 1447875                    /usr/lib/jvm/java-11-openjdk-amd64/lib/jli/libjli.so
7effbce9c000-7effbce9f000 r--p 0000d000 08:02 1447875                    /usr/lib/jvm/java-11-openjdk-amd64/lib/jli/libjli.so
7effbce9f000-7effbcea0000 ---p 00010000 08:02 1447875                    /usr/lib/jvm/java-11-openjdk-amd64/lib/jli/libjli.so
7effbcea0000-7effbcea1000 r--p 00010000 08:02 1447875                    /usr/lib/jvm/java-11-openjdk-amd64/lib/jli/libjli.so
7effbcea1000-7effbcea2000 rw-p 00011000 08:02 1447875                    /usr/lib/jvm/java-11-openjdk-amd64/lib/jli/libjli.so
7effbcea2000-7effbcea4000 rw-p 00000000 00:00 0 
7effbcea4000-7effbcea5000 r--p 00000000 08:02 1445788                    /usr/lib/x86_64-linux-gnu/ld-2.31.so
7effbcea5000-7effbcec8000 r-xp 00001000 08:02 1445788                    /usr/lib/x86_64-linux-gnu/ld-2.31.so
7effbcec8000-7effbced0000 r--p 00024000 08:02 1445788                    /usr/lib/x86_64-linux-gnu/ld-2.31.so
7effbced1000-7effbced2000 r--p 0002c000 08:02 1445788                    /usr/lib/x86_64-linux-gnu/ld-2.31.so
7effbced2000-7effbced3000 rw-p 0002d000 08:02 1445788                    /usr/lib/x86_64-linux-gnu/ld-2.31.so
7effbced3000-7effbced4000 rw-p 00000000 00:00 0 
7ffda3f8e000-7ffda3faf000 rw-p 00000000 00:00 0                          [stack]
7ffda3fd4000-7ffda3fd8000 r--p 00000000 00:00 0                          [vvar]
7ffda3fd8000-7ffda3fda000 r-xp 00000000 00:00 0                          [vdso]
ffffffffff600000-ffffffffff601000 --xp 00000000 00:00 0                  [vsyscall]


VM Arguments:
java_command: com.zilogic.mypjsip.MyApp
java_class_path (initial): /home/user/NetBeansProjects/mypjsip/target/classes:/home/user/.m2/repository/pjsip/pjsip/1.0/pjsip-1.0.jar
Launcher Type: SUN_STANDARD

[Global flags]
     intx CICompilerCount                          = 3                                         {product} {ergonomic}
     uint ConcGCThreads                            = 1                                         {product} {ergonomic}
     uint G1ConcRefinementThreads                  = 4                                         {product} {ergonomic}
   size_t G1HeapRegionSize                         = 1048576                                   {product} {ergonomic}
    uintx GCDrainStackTargetSize                   = 64                                        {product} {ergonomic}
   size_t InitialHeapSize                          = 130023424                                 {product} {ergonomic}
   size_t MarkStackSize                            = 4194304                                   {product} {ergonomic}
   size_t MaxHeapSize                              = 2053111808                                {product} {ergonomic}
   size_t MaxNewSize                               = 1231028224                                {product} {ergonomic}
   size_t MinHeapDeltaBytes                        = 1048576                                   {product} {ergonomic}
    uintx NonNMethodCodeHeapSize                   = 5830732                                {pd product} {ergonomic}
    uintx NonProfiledCodeHeapSize                  = 122913754                              {pd product} {ergonomic}
    uintx ProfiledCodeHeapSize                     = 122913754                              {pd product} {ergonomic}
    uintx ReservedCodeCacheSize                    = 251658240                              {pd product} {ergonomic}
     bool SegmentedCodeCache                       = true                                      {product} {ergonomic}
     bool UseCompressedClassPointers               = true                                 {lp64_product} {ergonomic}
     bool UseCompressedOops                        = true                                 {lp64_product} {ergonomic}
     bool UseG1GC                                  = true                                      {product} {ergonomic}

Logging:
Log output configuration:
 #0: stdout all=warning uptime,level,tags
 #1: stderr all=off uptime,level,tags

Environment Variables:
JAVA_HOME=/usr/lib/jvm/java-11-openjdk-amd64
PATH=/home/user/.local/bin:/usr/local/sbin:/usr/local/bin:/usr/sbin:/usr/bin:/sbin:/bin:/usr/games:/usr/local/games:/snap/bin
USERNAME=user
SHELL=/bin/bash
DISPLAY=:0
LANG=en_IN

Signal Handlers:
SIGSEGV: [libjvm.so+0xe95100], sa_mask[0]=11111111011111111101111111111110, sa_flags=SA_RESTART|SA_SIGINFO
SIGBUS: [libjvm.so+0xe95100], sa_mask[0]=11111111011111111101111111111110, sa_flags=SA_RESTART|SA_SIGINFO
SIGFPE: [libjvm.so+0xe95100], sa_mask[0]=11111111011111111101111111111110, sa_flags=SA_RESTART|SA_SIGINFO
SIGPIPE: [libjvm.so+0xbdca50], sa_mask[0]=11111111011111111101111111111110, sa_flags=SA_RESTART|SA_SIGINFO
SIGXFSZ: [libjvm.so+0xbdca50], sa_mask[0]=11111111011111111101111111111110, sa_flags=SA_RESTART|SA_SIGINFO
SIGILL: [libjvm.so+0xe95100], sa_mask[0]=11111111011111111101111111111110, sa_flags=SA_RESTART|SA_SIGINFO
SIGUSR2: [libjvm.so+0xbdc8f0], sa_mask[0]=00100000000000000000000000000000, sa_flags=SA_RESTART|SA_SIGINFO
SIGHUP: [libjvm.so+0xbdcd90], sa_mask[0]=11111111011111111101111111111110, sa_flags=SA_RESTART|SA_SIGINFO
SIGINT: SIG_IGN, sa_mask[0]=00000000000000000000000000000000, sa_flags=none
SIGTERM: [libjvm.so+0xbdcd90], sa_mask[0]=11111111011111111101111111111110, sa_flags=SA_RESTART|SA_SIGINFO
SIGQUIT: [libjvm.so+0xbdcd90], sa_mask[0]=11111111011111111101111111111110, sa_flags=SA_RESTART|SA_SIGINFO


---------------  S Y S T E M  ---------------

OS:DISTRIB_ID=Ubuntu
DISTRIB_RELEASE=20.04
DISTRIB_CODENAME=focal
DISTRIB_DESCRIPTION="Ubuntu 20.04.4 LTS"
uname:Linux 5.13.0-52-generic #59~20.04.1-Ubuntu SMP Thu Jun 16 21:21:28 UTC 2022 x86_64
OS uptime: 0 days 6:02 hours
libc:glibc 2.31 NPTL 2.31 
rlimit (soft/hard): STACK 8192k/infinity , CORE 0k/infinity , NPROC 31037/31037 , NOFILE 1048576/1048576 , AS infinity/infinity , CPU infinity/infinity , DATA infinity/infinity , FSIZE infinity/infinity , MEMLOCK 65536k/65536k
load average:0.71 1.01 0.85

/proc/meminfo:
MemTotal:        8017184 kB
MemFree:          308296 kB
MemAvailable:    1999052 kB
Buffers:          203276 kB
Cached:          2142752 kB
SwapCached:        44608 kB
Active:          1699840 kB
Inactive:        5322336 kB
Active(anon):     468520 kB
Inactive(anon):  4763144 kB
Active(file):    1231320 kB
Inactive(file):   559192 kB
Unevictable:      171552 kB
Mlocked:              32 kB
SwapTotal:       3999740 kB
SwapFree:        3322388 kB
Dirty:               904 kB
Writeback:             0 kB
AnonPages:       4813176 kB
Mapped:           678428 kB
Shmem:            558620 kB
KReclaimable:     204480 kB
Slab:             365200 kB
SReclaimable:     204480 kB
SUnreclaim:       160720 kB
KernelStack:       22768 kB
PageTables:        56288 kB
NFS_Unstable:          0 kB
Bounce:                0 kB
WritebackTmp:          0 kB
CommitLimit:     8008332 kB
Committed_AS:   14660400 kB
VmallocTotal:   34359738367 kB
VmallocUsed:       48228 kB
VmallocChunk:          0 kB
Percpu:             4208 kB
HardwareCorrupted:     0 kB
AnonHugePages:         0 kB
ShmemHugePages:        0 kB
ShmemPmdMapped:        0 kB
FileHugePages:         0 kB
FilePmdMapped:         0 kB
HugePages_Total:       0
HugePages_Free:        0
HugePages_Rsvd:        0
HugePages_Surp:        0
Hugepagesize:       2048 kB
Hugetlb:               0 kB
DirectMap4k:      426400 kB
DirectMap2M:     7837696 kB
DirectMap1G:           0 kB

/sys/kernel/mm/transparent_hugepage/enabled:
always [madvise] never
/sys/kernel/mm/transparent_hugepage/defrag (defrag/compaction efforts parameter):
always defer defer+madvise [madvise] never

Process Memory:
Virtual Size: 5815592K (peak: 13435636K)
Resident Set Size: 59056K (peak: 59056K) (anon: 22452K, file: 36604K, shmem: 0K)
Swapped out: 0K
C-Heap outstanding allocations: 4522K

/proc/sys/kernel/threads-max (system-wide limit on the number of threads):
62075
/proc/sys/vm/max_map_count (maximum number of memory map areas a process may have):
65530
/proc/sys/kernel/pid_max (system-wide limit on number of process identifiers):
4194304

container (cgroup) information:
container_type: cgroupv1
cpu_cpuset_cpus: 0-3
cpu_memory_nodes: 0
active_processor_count: 4
cpu_quota: -1
cpu_period: 100000
cpu_shares: -1
memory_limit_in_bytes: -1
memory_and_swap_limit_in_bytes: -1
memory_soft_limit_in_bytes: -1
memory_usage_in_bytes: 6424285184
memory_max_usage_in_bytes: 6633541632

Steal ticks since vm start: 0
Steal ticks percentage since vm start:  0.000

CPU:total 4 (initial active 4) (4 cores per cpu, 1 threads per core) family 6 model 158 stepping 9 microcode 0xf0, cmov, cx8, fxsr, mmx, sse, sse2, sse3, ssse3, sse4.1, sse4.2, popcnt, avx, avx2, aes, clmul, erms, rtm, 3dnowpref, lzcnt, tsc, tscinvbit, bmi1, bmi2, adx, fma
CPU Model and flags from /proc/cpuinfo:
model name	: Intel(R) Core(TM) i5-7500 CPU @ 3.40GHz
flags		: fpu vme de pse tsc msr pae mce cx8 apic sep mtrr pge mca cmov pat pse36 clflush dts acpi mmx fxsr sse sse2 ss ht tm pbe syscall nx pdpe1gb rdtscp lm constant_tsc art arch_perfmon pebs bts rep_good nopl xtopology nonstop_tsc cpuid aperfmperf pni pclmulqdq dtes64 monitor ds_cpl vmx smx est tm2 ssse3 sdbg fma cx16 xtpr pdcm pcid sse4_1 sse4_2 x2apic movbe popcnt tsc_deadline_timer aes xsave avx f16c rdrand lahf_lm abm 3dnowprefetch cpuid_fault epb invpcid_single pti ssbd ibrs ibpb stibp tpr_shadow vnmi flexpriority ept vpid ept_ad fsgsbase tsc_adjust bmi1 hle avx2 smep bmi2 erms invpcid rtm mpx rdseed adx smap clflushopt intel_pt xsaveopt xsavec xgetbv1 xsaves dtherm ida arat pln pts hwp hwp_notify hwp_act_window hwp_epp md_clear flush_l1d arch_capabilities
Online cpus:
0-3
Offline cpus:

BIOS frequency limitation:
<Not Available>
Frequency switch latency (ns):
0
Available cpu frequencies:
<Not Available>
Current governor:
powersave
Core performance/turbo boost:
<Not Available>

Memory: 4k page, physical 8017184k(308296k free), swap 3999740k(3322388k free)

vm_info: OpenJDK 64-Bit Server VM (11.0.15+10-Ubuntu-0ubuntu0.20.04.1) for linux-amd64 JRE (11.0.15+10-Ubuntu-0ubuntu0.20.04.1), built on Apr 23 2022 13:02:10 by "unknown" with gcc 9.4.0

END.
