#
# A fatal error has been detected by the Java Runtime Environment:
#
#  SIGSEGV (0xb) at pc=0x00007f2c84be166d, pid=131136, tid=131137
#
# JRE version: OpenJDK Runtime Environment (11.0.15+10) (build 11.0.15+10-Ubuntu-0ubuntu0.20.04.1)
# Java VM: OpenJDK 64-Bit Server VM (11.0.15+10-Ubuntu-0ubuntu0.20.04.1, mixed mode, sharing, tiered, compressed oops, g1 gc, linux-amd64)
# Problematic frame:
# C  [libpjsua2.so.2+0x6066d]  pj::Call::makeCall(std::__cxx11::basic_string<char, std::char_traits<char>, std::allocator<char> > const&, pj::CallOpParam const&)+0x8d
#
# Core dump will be written. Default location: Core dumps may be processed with "/usr/share/apport/apport -p%p -s%s -c%c -d%d -P%P -u%u -g%g -- %E" (or dumping to /home/user/NetBeansProjects/mypjsip/core.131136)
#
# If you would like to submit a bug report, please visit:
#   Unknown
# The crash happened outside the Java Virtual Machine in native code.
# See problematic frame for where to report the bug.
#

---------------  S U M M A R Y ------------

Command Line: com.zilogic.mypjsip.MyApp

Host: Intel(R) Core(TM) i5-7500 CPU @ 3.40GHz, 4 cores, 7G, Ubuntu 20.04.4 LTS
Time: Mon Jul 11 17:39:31 2022 IST elapsed time: 65.836593 seconds (0d 0h 1m 5s)

---------------  T H R E A D  ---------------

Current thread (0x00007f2cac016000):  JavaThread "main" [_thread_in_native, id=131137, stack(0x00007f2cb1a55000,0x00007f2cb1b56000)]

Stack: [0x00007f2cb1a55000,0x00007f2cb1b56000],  sp=0x00007f2cb1b54470,  free space=1021k
Native frames: (J=compiled Java code, A=aot compiled Java code, j=interpreted, Vv=VM code, C=native code)
C  [libpjsua2.so.2+0x6066d]  pj::Call::makeCall(std::__cxx11::basic_string<char, std::char_traits<char>, std::allocator<char> > const&, pj::CallOpParam const&)+0x8d
C  0x0000000000000000

Java frames: (J=compiled Java code, j=interpreted, Vv=VM code)
j  org.pjsip.pjsua2.pjsua2JNI.Call_makeCall(JLorg/pjsip/pjsua2/Call;Ljava/lang/String;JLorg/pjsip/pjsua2/CallOpParam;)V+0
j  org.pjsip.pjsua2.Call.makeCall(Ljava/lang/String;Lorg/pjsip/pjsua2/CallOpParam;)V+11
j  com.zilogic.mypjsip.MyApp.main([Ljava/lang/String;)V+648
v  ~StubRoutines::call_stub

siginfo: si_signo: 11 (SIGSEGV), si_code: 1 (SEGV_MAPERR), si_addr: 0x0000000000000008

Register to memory mapping:

RAX=0x0 is NULL
RBX=0x00007f2cb1b544f0 is pointing into the stack for thread: 0x00007f2cac016000
RCX=0x0000000000000016 is an unknown value
RDX=0x0 is NULL
RSP=0x00007f2cb1b54470 is pointing into the stack for thread: 0x00007f2cac016000
RBP=0x00007f2cb1b544e0 is pointing into the stack for thread: 0x00007f2cac016000
RSI=0x00007f2c84bf1736: <offset 0x0000000000070736> in /usr/local/lib/libpjsua2.so.2 at 0x00007f2c84b81000
RDI=0x00007f2cb1b544f0 is pointing into the stack for thread: 0x00007f2cac016000
R8 =0x0 is NULL
R9 =0x00007f2cb1b544e0 is pointing into the stack for thread: 0x00007f2cac016000
R10=0x00007f2cac0008d0 points into unknown readable memory: 0x0007000400070006 | 06 00 07 00 04 00 07 00
R11=0x000000008c708e50 points into unknown readable memory: 0x0000002ff4acd009 | 09 d0 ac f4 2f 00 00 00
R12=0x0 is NULL
R13=0x00007f2cac2f9a00 points into unknown readable memory: 0x0000000000000000 | 00 00 00 00 00 00 00 00
R14=0x0 is NULL
R15=0x00007f2cac21e6c0 points into unknown readable memory: 0x00007f2cac000090 | 90 00 00 ac 2c 7f 00 00


Registers:
RAX=0x0000000000000000, RBX=0x00007f2cb1b544f0, RCX=0x0000000000000016, RDX=0x0000000000000000
RSP=0x00007f2cb1b54470, RBP=0x00007f2cb1b544e0, RSI=0x00007f2c84bf1736, RDI=0x00007f2cb1b544f0
R8 =0x0000000000000000, R9 =0x00007f2cb1b544e0, R10=0x00007f2cac0008d0, R11=0x000000008c708e50
R12=0x0000000000000000, R13=0x00007f2cac2f9a00, R14=0x0000000000000000, R15=0x00007f2cac21e6c0
RIP=0x00007f2c84be166d, EFLAGS=0x0000000000010246, CSGSFS=0x002b000000000033, ERR=0x0000000000000004
  TRAPNO=0x000000000000000e

Top of Stack: (sp=0x00007f2cb1b54470)
0x00007f2cb1b54470:   00007f2cac128ac0 0000000000000016
0x00007f2cb1b54480:   0000000000000005 00007f0100000016
0x00007f2cb1b54490:   00007f2cb1b545c0 00007f2cb2cf222b
0x00007f2cb1b544a0:   0000000000000004 0000000000000000 

Instructions: (pc=0x00007f2c84be166d)
0x00007f2c84be156d:   44 24 40 48 39 c7 74 05 e8 56 ea fb ff 48 8b 7c
0x00007f2c84be157d:   24 10 48 85 ff 0f 84 c8 fd ff ff e8 43 ea fb ff
0x00007f2c84be158d:   e9 be fd ff ff e8 69 ec fb ff f3 0f 1e fa 49 89
0x00007f2c84be159d:   c4 49 89 d5 e9 2c 68 fc ff f3 0f 1e fa 48 89 c7
0x00007f2c84be15ad:   48 89 d0 e9 2b 68 fc ff 90 66 2e 0f 1f 84 00 00
0x00007f2c84be15bd:   00 00 00 f3 0f 1e fa 55 48 89 fd e8 73 f6 fb ff
0x00007f2c84be15cd:   48 89 ef be 48 00 00 00 5d e9 05 eb fb ff 90 0f
0x00007f2c84be15dd:   1f 40 00 f3 0f 1e fa 41 56 41 55 49 89 d5 41 54
0x00007f2c84be15ed:   49 89 fc 55 53 48 81 ec 80 02 00 00 48 8b 16 64
0x00007f2c84be15fd:   48 8b 04 25 28 00 00 00 48 89 84 24 78 02 00 00
0x00007f2c84be160d:   31 c0 48 8d 6c 24 70 48 8b 46 08 48 8d 9c 24 80
0x00007f2c84be161d:   00 00 00 48 89 14 24 48 8d 15 0b 01 01 00 48 89
0x00007f2c84be162d:   ef 48 89 d6 48 89 44 24 08 48 89 5c 24 70 e8 c0
0x00007f2c84be163d:   de fb ff 49 8d 4d 30 49 8d 75 58 49 89 e9 48 8d
0x00007f2c84be164d:   bc 24 e0 00 00 00 45 31 c0 4c 89 ea e8 b2 f6 fb
0x00007f2c84be165d:   ff 48 8b 7c 24 70 48 39 df 74 05 e8 63 e9 fb ff
0x00007f2c84be166d:   49 8b 7c 24 08 48 8b 9c 24 f8 01 00 00 4c 8b ac
0x00007f2c84be167d:   24 50 02 00 00 e8 69 e4 fb ff 4d 8d 4c 24 10 4c
0x00007f2c84be168d:   89 e1 48 89 e6 89 c7 49 89 d8 4c 89 ea e8 01 f8
0x00007f2c84be169d:   fb ff 41 89 c4 85 c0 75 27 48 8b 84 24 78 02 00
0x00007f2c84be16ad:   00 64 48 33 04 25 28 00 00 00 0f 85 ef 00 00 00
0x00007f2c84be16bd:   48 81 c4 80 02 00 00 5b 5d 41 5c 41 5d 41 5e c3
0x00007f2c84be16cd:   4c 8d 6c 24 50 48 8d 35 6e 13 01 00 4c 89 ef 4c
0x00007f2c84be16dd:   8d 74 24 30 48 8d 5c 24 20 e8 15 ac ff ff 48 8d
0x00007f2c84be16ed:   35 56 19 01 00 4c 89 f7 48 89 5c 24 10 48 c7 44
0x00007f2c84be16fd:   24 18 00 00 00 00 c6 44 24 20 00 e8 f3 ab ff ff
0x00007f2c84be170d:   48 8d 4c 24 10 4d 89 e8 4c 89 f2 44 89 e6 41 b9
0x00007f2c84be171d:   b8 02 00 00 48 89 ef e8 67 f1 fb ff 48 8b 7c 24
0x00007f2c84be172d:   30 48 8d 44 24 40 48 39 c7 74 05 e8 93 e8 fb ff
0x00007f2c84be173d:   48 8b 7c 24 10 48 39 df 74 05 e8 84 e8 fb ff 48
0x00007f2c84be174d:   8b 7c 24 50 48 8d 5c 24 60 48 39 df 74 05 e8 70
0x00007f2c84be175d:   e8 fb ff e8 7b ed fb ff 85 c0 0f 8e 02 67 fc ff 


Stack slot to memory mapping:
stack at sp + 0 slots: 0x00007f2cac128ac0 points into unknown readable memory: 0x313030363a706973 | 73 69 70 3a 36 30 30 31
stack at sp + 1 slots: 0x0000000000000016 is an unknown value
stack at sp + 2 slots: 0x0000000000000005 is an unknown value
stack at sp + 3 slots: 0x00007f0100000016 is an unknown value
stack at sp + 4 slots: 0x00007f2cb1b545c0 is pointing into the stack for thread: 0x00007f2cac016000
stack at sp + 5 slots: 0x00007f2cb2cf222b: <offset 0x0000000000e5022b> in /usr/lib/jvm/java-11-openjdk-amd64/lib/server/libjvm.so at 0x00007f2cb1ea2000
stack at sp + 6 slots: 0x0000000000000004 is an unknown value
stack at sp + 7 slots: 0x0 is NULL


---------------  P R O C E S S  ---------------

Threads class SMR info:
_java_thread_list=0x00007f2c440969a0, length=9, elements={
0x00007f2cac016000, 0x00007f2cac10f000, 0x00007f2cac111000, 0x00007f2cac116800,
0x00007f2cac118800, 0x00007f2cac11a800, 0x00007f2cac11c800, 0x00007f2cac11e800,
0x00007f2cac169800
}

Java Threads: ( => current thread )
=>0x00007f2cac016000 JavaThread "main" [_thread_in_native, id=131137, stack(0x00007f2cb1a55000,0x00007f2cb1b56000)]
  0x00007f2cac10f000 JavaThread "Reference Handler" daemon [_thread_blocked, id=131148, stack(0x00007f2c94415000,0x00007f2c94516000)]
  0x00007f2cac111000 JavaThread "Finalizer" daemon [_thread_blocked, id=131149, stack(0x00007f2c94314000,0x00007f2c94415000)]
  0x00007f2cac116800 JavaThread "Signal Dispatcher" daemon [_thread_blocked, id=131150, stack(0x00007f2c94213000,0x00007f2c94314000)]
  0x00007f2cac118800 JavaThread "Service Thread" daemon [_thread_blocked, id=131151, stack(0x00007f2c94112000,0x00007f2c94213000)]
  0x00007f2cac11a800 JavaThread "C2 CompilerThread0" daemon [_thread_blocked, id=131152, stack(0x00007f2c94011000,0x00007f2c94112000)]
  0x00007f2cac11c800 JavaThread "C1 CompilerThread0" daemon [_thread_blocked, id=131153, stack(0x00007f2c8c1cf000,0x00007f2c8c2d0000)]
  0x00007f2cac11e800 JavaThread "Sweeper thread" daemon [_thread_blocked, id=131154, stack(0x00007f2c8c0ce000,0x00007f2c8c1cf000)]
  0x00007f2cac169800 JavaThread "Common-Cleaner" daemon [_thread_blocked, id=131156, stack(0x00007f2c8508d000,0x00007f2c8518e000)]

Other Threads:
  0x00007f2cac10c000 VMThread "VM Thread" [stack: 0x00007f2c94518000,0x00007f2c94618000] [id=131147]
  0x00007f2cac167800 WatcherThread [stack: 0x00007f2c85190000,0x00007f2c85290000] [id=131155]
  0x00007f2cac02e000 GCTaskThread "GC Thread#0" [stack: 0x00007f2cb1714000,0x00007f2cb1814000] [id=131142]
  0x00007f2c78021000 GCTaskThread "GC Thread#1" [stack: 0x00007f2c17f00000,0x00007f2c18000000] [id=131178]
  0x00007f2c78022800 GCTaskThread "GC Thread#2" [stack: 0x00007f2c17dfe000,0x00007f2c17efe000] [id=131179]
  0x00007f2c78024800 GCTaskThread "GC Thread#3" [stack: 0x00007f2c17cfc000,0x00007f2c17dfc000] [id=131180]
  0x00007f2cac05f000 ConcurrentGCThread "G1 Main Marker" [stack: 0x00007f2cb0653000,0x00007f2cb0753000] [id=131143]
  0x00007f2cac060800 ConcurrentGCThread "G1 Conc#0" [stack: 0x00007f2cb0551000,0x00007f2cb0651000] [id=131144]
  0x00007f2cac0d9000 ConcurrentGCThread "G1 Refine#0" [stack: 0x00007f2cb004b000,0x00007f2cb014b000] [id=131145]
  0x00007f2cac0da800 ConcurrentGCThread "G1 Young RemSet Sampling" [stack: 0x00007f2c9471e000,0x00007f2c9481e000] [id=131146]

Threads with active compile tasks:

VM state:not at safepoint (normal execution)

VM Mutex/Monitor currently owned by a thread: None

Heap address: 0x0000000085a00000, size: 1958 MB, Compressed Oops mode: 32-bit
Narrow klass base: 0x0000000800000000, Narrow klass shift: 3
Compressed class space size: 1073741824 Address: 0x0000000840000000

Heap:
 garbage-first heap   total 129024K, used 13895K [0x0000000085a00000, 0x0000000100000000)
  region size 1024K, 14 young (14336K), 1 survivors (1024K)
 Metaspace       used 2113K, capacity 5821K, committed 6016K, reserved 1056768K
  class space    used 182K, capacity 590K, committed 640K, reserved 1048576K
Heap Regions: E=young(eden), S=young(survivor), O=old, HS=humongous(starts), HC=humongous(continues), CS=collection set, F=free, A=archive, TAMS=top-at-mark-start (previous, next)
|   0|0x0000000085a00000, 0x0000000085a00000, 0x0000000085b00000|  0%| F|  |TAMS 0x0000000085a00000, 0x0000000085a00000| Untracked 
|   1|0x0000000085b00000, 0x0000000085b00000, 0x0000000085c00000|  0%| F|  |TAMS 0x0000000085b00000, 0x0000000085b00000| Untracked 
|   2|0x0000000085c00000, 0x0000000085c00000, 0x0000000085d00000|  0%| F|  |TAMS 0x0000000085c00000, 0x0000000085c00000| Untracked 
|   3|0x0000000085d00000, 0x0000000085d00000, 0x0000000085e00000|  0%| F|  |TAMS 0x0000000085d00000, 0x0000000085d00000| Untracked 
|   4|0x0000000085e00000, 0x0000000085e00000, 0x0000000085f00000|  0%| F|  |TAMS 0x0000000085e00000, 0x0000000085e00000| Untracked 
|   5|0x0000000085f00000, 0x0000000085f00000, 0x0000000086000000|  0%| F|  |TAMS 0x0000000085f00000, 0x0000000085f00000| Untracked 
|   6|0x0000000086000000, 0x0000000086000000, 0x0000000086100000|  0%| F|  |TAMS 0x0000000086000000, 0x0000000086000000| Untracked 
|   7|0x0000000086100000, 0x0000000086100000, 0x0000000086200000|  0%| F|  |TAMS 0x0000000086100000, 0x0000000086100000| Untracked 
|   8|0x0000000086200000, 0x0000000086200000, 0x0000000086300000|  0%| F|  |TAMS 0x0000000086200000, 0x0000000086200000| Untracked 
|   9|0x0000000086300000, 0x0000000086300000, 0x0000000086400000|  0%| F|  |TAMS 0x0000000086300000, 0x0000000086300000| Untracked 
|  10|0x0000000086400000, 0x0000000086400000, 0x0000000086500000|  0%| F|  |TAMS 0x0000000086400000, 0x0000000086400000| Untracked 
|  11|0x0000000086500000, 0x0000000086500000, 0x0000000086600000|  0%| F|  |TAMS 0x0000000086500000, 0x0000000086500000| Untracked 
|  12|0x0000000086600000, 0x0000000086600000, 0x0000000086700000|  0%| F|  |TAMS 0x0000000086600000, 0x0000000086600000| Untracked 
|  13|0x0000000086700000, 0x0000000086700000, 0x0000000086800000|  0%| F|  |TAMS 0x0000000086700000, 0x0000000086700000| Untracked 
|  14|0x0000000086800000, 0x0000000086800000, 0x0000000086900000|  0%| F|  |TAMS 0x0000000086800000, 0x0000000086800000| Untracked 
|  15|0x0000000086900000, 0x0000000086900000, 0x0000000086a00000|  0%| F|  |TAMS 0x0000000086900000, 0x0000000086900000| Untracked 
|  16|0x0000000086a00000, 0x0000000086a00000, 0x0000000086b00000|  0%| F|  |TAMS 0x0000000086a00000, 0x0000000086a00000| Untracked 
|  17|0x0000000086b00000, 0x0000000086b00000, 0x0000000086c00000|  0%| F|  |TAMS 0x0000000086b00000, 0x0000000086b00000| Untracked 
|  18|0x0000000086c00000, 0x0000000086c00000, 0x0000000086d00000|  0%| F|  |TAMS 0x0000000086c00000, 0x0000000086c00000| Untracked 
|  19|0x0000000086d00000, 0x0000000086d00000, 0x0000000086e00000|  0%| F|  |TAMS 0x0000000086d00000, 0x0000000086d00000| Untracked 
|  20|0x0000000086e00000, 0x0000000086e00000, 0x0000000086f00000|  0%| F|  |TAMS 0x0000000086e00000, 0x0000000086e00000| Untracked 
|  21|0x0000000086f00000, 0x0000000086f00000, 0x0000000087000000|  0%| F|  |TAMS 0x0000000086f00000, 0x0000000086f00000| Untracked 
|  22|0x0000000087000000, 0x0000000087000000, 0x0000000087100000|  0%| F|  |TAMS 0x0000000087000000, 0x0000000087000000| Untracked 
|  23|0x0000000087100000, 0x0000000087100000, 0x0000000087200000|  0%| F|  |TAMS 0x0000000087100000, 0x0000000087100000| Untracked 
|  24|0x0000000087200000, 0x0000000087200000, 0x0000000087300000|  0%| F|  |TAMS 0x0000000087200000, 0x0000000087200000| Untracked 
|  25|0x0000000087300000, 0x0000000087300000, 0x0000000087400000|  0%| F|  |TAMS 0x0000000087300000, 0x0000000087300000| Untracked 
|  26|0x0000000087400000, 0x0000000087400000, 0x0000000087500000|  0%| F|  |TAMS 0x0000000087400000, 0x0000000087400000| Untracked 
|  27|0x0000000087500000, 0x0000000087500000, 0x0000000087600000|  0%| F|  |TAMS 0x0000000087500000, 0x0000000087500000| Untracked 
|  28|0x0000000087600000, 0x0000000087600000, 0x0000000087700000|  0%| F|  |TAMS 0x0000000087600000, 0x0000000087600000| Untracked 
|  29|0x0000000087700000, 0x0000000087700000, 0x0000000087800000|  0%| F|  |TAMS 0x0000000087700000, 0x0000000087700000| Untracked 
|  30|0x0000000087800000, 0x0000000087800000, 0x0000000087900000|  0%| F|  |TAMS 0x0000000087800000, 0x0000000087800000| Untracked 
|  31|0x0000000087900000, 0x0000000087900000, 0x0000000087a00000|  0%| F|  |TAMS 0x0000000087900000, 0x0000000087900000| Untracked 
|  32|0x0000000087a00000, 0x0000000087a00000, 0x0000000087b00000|  0%| F|  |TAMS 0x0000000087a00000, 0x0000000087a00000| Untracked 
|  33|0x0000000087b00000, 0x0000000087b00000, 0x0000000087c00000|  0%| F|  |TAMS 0x0000000087b00000, 0x0000000087b00000| Untracked 
|  34|0x0000000087c00000, 0x0000000087c00000, 0x0000000087d00000|  0%| F|  |TAMS 0x0000000087c00000, 0x0000000087c00000| Untracked 
|  35|0x0000000087d00000, 0x0000000087d00000, 0x0000000087e00000|  0%| F|  |TAMS 0x0000000087d00000, 0x0000000087d00000| Untracked 
|  36|0x0000000087e00000, 0x0000000087e00000, 0x0000000087f00000|  0%| F|  |TAMS 0x0000000087e00000, 0x0000000087e00000| Untracked 
|  37|0x0000000087f00000, 0x0000000087f00000, 0x0000000088000000|  0%| F|  |TAMS 0x0000000087f00000, 0x0000000087f00000| Untracked 
|  38|0x0000000088000000, 0x0000000088000000, 0x0000000088100000|  0%| F|  |TAMS 0x0000000088000000, 0x0000000088000000| Untracked 
|  39|0x0000000088100000, 0x0000000088100000, 0x0000000088200000|  0%| F|  |TAMS 0x0000000088100000, 0x0000000088100000| Untracked 
|  40|0x0000000088200000, 0x0000000088200000, 0x0000000088300000|  0%| F|  |TAMS 0x0000000088200000, 0x0000000088200000| Untracked 
|  41|0x0000000088300000, 0x0000000088300000, 0x0000000088400000|  0%| F|  |TAMS 0x0000000088300000, 0x0000000088300000| Untracked 
|  42|0x0000000088400000, 0x0000000088400000, 0x0000000088500000|  0%| F|  |TAMS 0x0000000088400000, 0x0000000088400000| Untracked 
|  43|0x0000000088500000, 0x0000000088500000, 0x0000000088600000|  0%| F|  |TAMS 0x0000000088500000, 0x0000000088500000| Untracked 
|  44|0x0000000088600000, 0x0000000088600000, 0x0000000088700000|  0%| F|  |TAMS 0x0000000088600000, 0x0000000088600000| Untracked 
|  45|0x0000000088700000, 0x0000000088700000, 0x0000000088800000|  0%| F|  |TAMS 0x0000000088700000, 0x0000000088700000| Untracked 
|  46|0x0000000088800000, 0x0000000088800000, 0x0000000088900000|  0%| F|  |TAMS 0x0000000088800000, 0x0000000088800000| Untracked 
|  47|0x0000000088900000, 0x0000000088900000, 0x0000000088a00000|  0%| F|  |TAMS 0x0000000088900000, 0x0000000088900000| Untracked 
|  48|0x0000000088a00000, 0x0000000088a00000, 0x0000000088b00000|  0%| F|  |TAMS 0x0000000088a00000, 0x0000000088a00000| Untracked 
|  49|0x0000000088b00000, 0x0000000088b00000, 0x0000000088c00000|  0%| F|  |TAMS 0x0000000088b00000, 0x0000000088b00000| Untracked 
|  50|0x0000000088c00000, 0x0000000088c00000, 0x0000000088d00000|  0%| F|  |TAMS 0x0000000088c00000, 0x0000000088c00000| Untracked 
|  51|0x0000000088d00000, 0x0000000088d00000, 0x0000000088e00000|  0%| F|  |TAMS 0x0000000088d00000, 0x0000000088d00000| Untracked 
|  52|0x0000000088e00000, 0x0000000088e00000, 0x0000000088f00000|  0%| F|  |TAMS 0x0000000088e00000, 0x0000000088e00000| Untracked 
|  53|0x0000000088f00000, 0x0000000088f00000, 0x0000000089000000|  0%| F|  |TAMS 0x0000000088f00000, 0x0000000088f00000| Untracked 
|  54|0x0000000089000000, 0x0000000089000000, 0x0000000089100000|  0%| F|  |TAMS 0x0000000089000000, 0x0000000089000000| Untracked 
|  55|0x0000000089100000, 0x0000000089100000, 0x0000000089200000|  0%| F|  |TAMS 0x0000000089100000, 0x0000000089100000| Untracked 
|  56|0x0000000089200000, 0x0000000089200000, 0x0000000089300000|  0%| F|  |TAMS 0x0000000089200000, 0x0000000089200000| Untracked 
|  57|0x0000000089300000, 0x0000000089300000, 0x0000000089400000|  0%| F|  |TAMS 0x0000000089300000, 0x0000000089300000| Untracked 
|  58|0x0000000089400000, 0x0000000089400000, 0x0000000089500000|  0%| F|  |TAMS 0x0000000089400000, 0x0000000089400000| Untracked 
|  59|0x0000000089500000, 0x0000000089500000, 0x0000000089600000|  0%| F|  |TAMS 0x0000000089500000, 0x0000000089500000| Untracked 
|  60|0x0000000089600000, 0x0000000089600000, 0x0000000089700000|  0%| F|  |TAMS 0x0000000089600000, 0x0000000089600000| Untracked 
|  61|0x0000000089700000, 0x0000000089700000, 0x0000000089800000|  0%| F|  |TAMS 0x0000000089700000, 0x0000000089700000| Untracked 
|  62|0x0000000089800000, 0x0000000089800000, 0x0000000089900000|  0%| F|  |TAMS 0x0000000089800000, 0x0000000089800000| Untracked 
|  63|0x0000000089900000, 0x0000000089900000, 0x0000000089a00000|  0%| F|  |TAMS 0x0000000089900000, 0x0000000089900000| Untracked 
|  64|0x0000000089a00000, 0x0000000089a00000, 0x0000000089b00000|  0%| F|  |TAMS 0x0000000089a00000, 0x0000000089a00000| Untracked 
|  65|0x0000000089b00000, 0x0000000089b00000, 0x0000000089c00000|  0%| F|  |TAMS 0x0000000089b00000, 0x0000000089b00000| Untracked 
|  66|0x0000000089c00000, 0x0000000089c00000, 0x0000000089d00000|  0%| F|  |TAMS 0x0000000089c00000, 0x0000000089c00000| Untracked 
|  67|0x0000000089d00000, 0x0000000089d00000, 0x0000000089e00000|  0%| F|  |TAMS 0x0000000089d00000, 0x0000000089d00000| Untracked 
|  68|0x0000000089e00000, 0x0000000089e00000, 0x0000000089f00000|  0%| F|  |TAMS 0x0000000089e00000, 0x0000000089e00000| Untracked 
|  69|0x0000000089f00000, 0x0000000089f00000, 0x000000008a000000|  0%| F|  |TAMS 0x0000000089f00000, 0x0000000089f00000| Untracked 
|  70|0x000000008a000000, 0x000000008a000000, 0x000000008a100000|  0%| F|  |TAMS 0x000000008a000000, 0x000000008a000000| Untracked 
|  71|0x000000008a100000, 0x000000008a100000, 0x000000008a200000|  0%| F|  |TAMS 0x000000008a100000, 0x000000008a100000| Untracked 
|  72|0x000000008a200000, 0x000000008a200000, 0x000000008a300000|  0%| F|  |TAMS 0x000000008a200000, 0x000000008a200000| Untracked 
|  73|0x000000008a300000, 0x000000008a300000, 0x000000008a400000|  0%| F|  |TAMS 0x000000008a300000, 0x000000008a300000| Untracked 
|  74|0x000000008a400000, 0x000000008a400000, 0x000000008a500000|  0%| F|  |TAMS 0x000000008a400000, 0x000000008a400000| Untracked 
|  75|0x000000008a500000, 0x000000008a500000, 0x000000008a600000|  0%| F|  |TAMS 0x000000008a500000, 0x000000008a500000| Untracked 
|  76|0x000000008a600000, 0x000000008a600000, 0x000000008a700000|  0%| F|  |TAMS 0x000000008a600000, 0x000000008a600000| Untracked 
|  77|0x000000008a700000, 0x000000008a700000, 0x000000008a800000|  0%| F|  |TAMS 0x000000008a700000, 0x000000008a700000| Untracked 
|  78|0x000000008a800000, 0x000000008a800000, 0x000000008a900000|  0%| F|  |TAMS 0x000000008a800000, 0x000000008a800000| Untracked 
|  79|0x000000008a900000, 0x000000008a900000, 0x000000008aa00000|  0%| F|  |TAMS 0x000000008a900000, 0x000000008a900000| Untracked 
|  80|0x000000008aa00000, 0x000000008aa00000, 0x000000008ab00000|  0%| F|  |TAMS 0x000000008aa00000, 0x000000008aa00000| Untracked 
|  81|0x000000008ab00000, 0x000000008ab00000, 0x000000008ac00000|  0%| F|  |TAMS 0x000000008ab00000, 0x000000008ab00000| Untracked 
|  82|0x000000008ac00000, 0x000000008ac00000, 0x000000008ad00000|  0%| F|  |TAMS 0x000000008ac00000, 0x000000008ac00000| Untracked 
|  83|0x000000008ad00000, 0x000000008ad00000, 0x000000008ae00000|  0%| F|  |TAMS 0x000000008ad00000, 0x000000008ad00000| Untracked 
|  84|0x000000008ae00000, 0x000000008ae00000, 0x000000008af00000|  0%| F|  |TAMS 0x000000008ae00000, 0x000000008ae00000| Untracked 
|  85|0x000000008af00000, 0x000000008af00000, 0x000000008b000000|  0%| F|  |TAMS 0x000000008af00000, 0x000000008af00000| Untracked 
|  86|0x000000008b000000, 0x000000008b000000, 0x000000008b100000|  0%| F|  |TAMS 0x000000008b000000, 0x000000008b000000| Untracked 
|  87|0x000000008b100000, 0x000000008b100000, 0x000000008b200000|  0%| F|  |TAMS 0x000000008b100000, 0x000000008b100000| Untracked 
|  88|0x000000008b200000, 0x000000008b200000, 0x000000008b300000|  0%| F|  |TAMS 0x000000008b200000, 0x000000008b200000| Untracked 
|  89|0x000000008b300000, 0x000000008b300000, 0x000000008b400000|  0%| F|  |TAMS 0x000000008b300000, 0x000000008b300000| Untracked 
|  90|0x000000008b400000, 0x000000008b400000, 0x000000008b500000|  0%| F|  |TAMS 0x000000008b400000, 0x000000008b400000| Untracked 
|  91|0x000000008b500000, 0x000000008b500000, 0x000000008b600000|  0%| F|  |TAMS 0x000000008b500000, 0x000000008b500000| Untracked 
|  92|0x000000008b600000, 0x000000008b600000, 0x000000008b700000|  0%| F|  |TAMS 0x000000008b600000, 0x000000008b600000| Untracked 
|  93|0x000000008b700000, 0x000000008b700000, 0x000000008b800000|  0%| F|  |TAMS 0x000000008b700000, 0x000000008b700000| Untracked 
|  94|0x000000008b800000, 0x000000008b800000, 0x000000008b900000|  0%| F|  |TAMS 0x000000008b800000, 0x000000008b800000| Untracked 
|  95|0x000000008b900000, 0x000000008b900000, 0x000000008ba00000|  0%| F|  |TAMS 0x000000008b900000, 0x000000008b900000| Untracked 
|  96|0x000000008ba00000, 0x000000008ba00000, 0x000000008bb00000|  0%| F|  |TAMS 0x000000008ba00000, 0x000000008ba00000| Untracked 
|  97|0x000000008bb00000, 0x000000008bb00000, 0x000000008bc00000|  0%| F|  |TAMS 0x000000008bb00000, 0x000000008bb00000| Untracked 
|  98|0x000000008bc00000, 0x000000008bc00000, 0x000000008bd00000|  0%| F|  |TAMS 0x000000008bc00000, 0x000000008bc00000| Untracked 
|  99|0x000000008bd00000, 0x000000008bd00000, 0x000000008be00000|  0%| F|  |TAMS 0x000000008bd00000, 0x000000008bd00000| Untracked 
| 100|0x000000008be00000, 0x000000008be00000, 0x000000008bf00000|  0%| F|  |TAMS 0x000000008be00000, 0x000000008be00000| Untracked 
| 101|0x000000008bf00000, 0x000000008bf00000, 0x000000008c000000|  0%| F|  |TAMS 0x000000008bf00000, 0x000000008bf00000| Untracked 
| 102|0x000000008c000000, 0x000000008c000000, 0x000000008c100000|  0%| F|  |TAMS 0x000000008c000000, 0x000000008c000000| Untracked 
| 103|0x000000008c100000, 0x000000008c100000, 0x000000008c200000|  0%| F|  |TAMS 0x000000008c100000, 0x000000008c100000| Untracked 
| 104|0x000000008c200000, 0x000000008c200000, 0x000000008c300000|  0%| F|  |TAMS 0x000000008c200000, 0x000000008c200000| Untracked 
| 105|0x000000008c300000, 0x000000008c300000, 0x000000008c400000|  0%| F|  |TAMS 0x000000008c300000, 0x000000008c300000| Untracked 
| 106|0x000000008c400000, 0x000000008c400000, 0x000000008c500000|  0%| F|  |TAMS 0x000000008c400000, 0x000000008c400000| Untracked 
| 107|0x000000008c500000, 0x000000008c500000, 0x000000008c600000|  0%| F|  |TAMS 0x000000008c500000, 0x000000008c500000| Untracked 
| 108|0x000000008c600000, 0x000000008c600000, 0x000000008c700000|  0%| F|  |TAMS 0x000000008c600000, 0x000000008c600000| Untracked 
| 109|0x000000008c700000, 0x000000008c7dfd78, 0x000000008c800000| 87%| S|CS|TAMS 0x000000008c700000, 0x000000008c700000| Complete 
| 110|0x000000008c800000, 0x000000008c800000, 0x000000008c900000|  0%| F|  |TAMS 0x000000008c800000, 0x000000008c800000| Untracked 
| 111|0x000000008c900000, 0x000000008c980800, 0x000000008ca00000| 50%| E|  |TAMS 0x000000008c900000, 0x000000008c900000| Complete 
| 112|0x000000008ca00000, 0x000000008cb00000, 0x000000008cb00000|100%| E|CS|TAMS 0x000000008ca00000, 0x000000008ca00000| Complete 
| 113|0x000000008cb00000, 0x000000008cc00000, 0x000000008cc00000|100%| E|CS|TAMS 0x000000008cb00000, 0x000000008cb00000| Complete 
| 114|0x000000008cc00000, 0x000000008cd00000, 0x000000008cd00000|100%| E|CS|TAMS 0x000000008cc00000, 0x000000008cc00000| Complete 
| 115|0x000000008cd00000, 0x000000008ce00000, 0x000000008ce00000|100%| E|CS|TAMS 0x000000008cd00000, 0x000000008cd00000| Complete 
| 116|0x000000008ce00000, 0x000000008cf00000, 0x000000008cf00000|100%| E|CS|TAMS 0x000000008ce00000, 0x000000008ce00000| Complete 
| 117|0x000000008cf00000, 0x000000008d000000, 0x000000008d000000|100%| E|CS|TAMS 0x000000008cf00000, 0x000000008cf00000| Complete 
| 118|0x000000008d000000, 0x000000008d100000, 0x000000008d100000|100%| E|CS|TAMS 0x000000008d000000, 0x000000008d000000| Complete 
| 119|0x000000008d100000, 0x000000008d200000, 0x000000008d200000|100%| E|CS|TAMS 0x000000008d100000, 0x000000008d100000| Complete 
| 120|0x000000008d200000, 0x000000008d300000, 0x000000008d300000|100%| E|CS|TAMS 0x000000008d200000, 0x000000008d200000| Complete 
| 121|0x000000008d300000, 0x000000008d400000, 0x000000008d400000|100%| E|CS|TAMS 0x000000008d300000, 0x000000008d300000| Complete 
| 122|0x000000008d400000, 0x000000008d500000, 0x000000008d500000|100%| E|CS|TAMS 0x000000008d400000, 0x000000008d400000| Complete 
| 123|0x000000008d500000, 0x000000008d600000, 0x000000008d600000|100%| E|CS|TAMS 0x000000008d500000, 0x000000008d500000| Complete 
|1956|0x00000000ffe00000, 0x00000000ffe47000, 0x00000000fff00000| 27%|OA|  |TAMS 0x00000000ffe00000, 0x00000000ffe00000| Untracked 
|1957|0x00000000fff00000, 0x00000000fff6b000, 0x0000000100000000| 41%|CA|  |TAMS 0x00000000fff00000, 0x00000000fff00000| Untracked 

Card table byte_map: [0x00007f2cb0b68000,0x00007f2cb0f3b000] _byte_map_base: 0x00007f2cb073b000

Marking Bits (Prev, Next): (CMBitMap*) 0x00007f2cac056388, (CMBitMap*) 0x00007f2cac0563c0
 Prev Bits: [0x00007f2c8e168000, 0x00007f2c90000000)
 Next Bits: [0x00007f2c8c2d0000, 0x00007f2c8e168000)

Polling page: 0x00007f2cb3397000

Metaspace:

Usage:
  Non-class:      5.11 MB capacity,     1.89 MB ( 37%) used,     3.20 MB ( 63%) free+waste,    19.06 KB ( <1%) overhead. 
      Class:    590.00 KB capacity,   182.99 KB ( 31%) used,   396.38 KB ( 67%) free+waste,    10.62 KB (  2%) overhead. 
       Both:      5.68 MB capacity,     2.06 MB ( 36%) used,     3.59 MB ( 63%) free+waste,    29.69 KB ( <1%) overhead. 

Virtual space:
  Non-class space:        8.00 MB reserved,       5.25 MB ( 66%) committed 
      Class space:        1.00 GB reserved,     640.00 KB ( <1%) committed 
             Both:        1.01 GB reserved,       5.88 MB ( <1%) committed 

Chunk freelists:
   Non-Class:  0 bytes
       Class:  0 bytes
        Both:  0 bytes

MaxMetaspaceSize: unlimited
CompressedClassSpaceSize: 1.00 GB
Initial GC threshold: 20.80 MB
Current GC threshold: 20.80 MB
CDS: on

CodeHeap 'non-profiled nmethods': size=120032Kb used=186Kb max_used=186Kb free=119846Kb
 bounds [0x00007f2c9c2e6000, 0x00007f2c9c556000, 0x00007f2ca381e000]
CodeHeap 'profiled nmethods': size=120032Kb used=837Kb max_used=837Kb free=119194Kb
 bounds [0x00007f2c94dae000, 0x00007f2c9501e000, 0x00007f2c9c2e6000]
CodeHeap 'non-nmethods': size=5696Kb used=1143Kb max_used=1164Kb free=4552Kb
 bounds [0x00007f2c9481e000, 0x00007f2c94a8e000, 0x00007f2c94dae000]
 total_blobs=953 nmethods=549 adapters=318
 compilation: enabled
              stopped_count=0, restarted_count=0
 full_count=0

Compilation events (20 events):
Event: 20.931 Thread 0x00007f2cac11c800  540       3       java.nio.CharBuffer::limit (8 bytes)
Event: 20.931 Thread 0x00007f2cac11c800 nmethod 540 0x00007f2c94e7ac10 code [0x00007f2c94e7adc0, 0x00007f2c94e7af20]
Event: 20.931 Thread 0x00007f2cac11c800  541       3       java.nio.ByteBuffer::position (6 bytes)
Event: 20.931 Thread 0x00007f2cac11c800 nmethod 541 0x00007f2c94e7b010 code [0x00007f2c94e7b1c0, 0x00007f2c94e7b3a0]
Event: 20.932 Thread 0x00007f2cac11c800  542       3       java.nio.CharBuffer::<init> (22 bytes)
Event: 20.932 Thread 0x00007f2cac11c800 nmethod 542 0x00007f2c94e7b490 code [0x00007f2c94e7b640, 0x00007f2c94e7b800]
Event: 20.932 Thread 0x00007f2cac11c800  543       3       java.nio.CharBuffer::limit (6 bytes)
Event: 20.933 Thread 0x00007f2cac11c800 nmethod 543 0x00007f2c94e7b910 code [0x00007f2c94e7bae0, 0x00007f2c94e7bca0]
Event: 20.933 Thread 0x00007f2cac11c800  544       3       java.nio.CharBuffer::hasArray (20 bytes)
Event: 20.933 Thread 0x00007f2cac11c800 nmethod 544 0x00007f2c94e7bd90 code [0x00007f2c94e7bf40, 0x00007f2c94e7c0f0]
Event: 20.933 Thread 0x00007f2cac11c800  545   !   3       java.nio.CharBuffer::wrap (20 bytes)
Event: 20.933 Thread 0x00007f2cac11c800 nmethod 545 0x00007f2c94e7c190 code [0x00007f2c94e7c380, 0x00007f2c94e7c750]
Event: 20.934 Thread 0x00007f2cac11c800  546       3       java.nio.HeapCharBuffer::<init> (21 bytes)
Event: 20.934 Thread 0x00007f2cac11c800 nmethod 546 0x00007f2c94e7c990 code [0x00007f2c94e7cb60, 0x00007f2c94e7cda0]
Event: 20.934 Thread 0x00007f2cac11c800  547   !   3       java.nio.charset.CharsetEncoder::encode (285 bytes)
Event: 20.938 Thread 0x00007f2cac11c800 nmethod 547 0x00007f2c94e7cf10 code [0x00007f2c94e7d240, 0x00007f2c94e7e5b0]
Event: 20.938 Thread 0x00007f2cac11c800  549       3       java.nio.ByteBuffer::position (8 bytes)
Event: 20.938 Thread 0x00007f2cac11c800 nmethod 549 0x00007f2c94e7eb90 code [0x00007f2c94e7ed40, 0x00007f2c94e7eea0]
Event: 20.938 Thread 0x00007f2cac11c800  548       3       sun.nio.cs.UTF_8$Encoder::encodeLoop (28 bytes)
Event: 20.939 Thread 0x00007f2cac11c800 nmethod 548 0x00007f2c94e7ef90 code [0x00007f2c94e7f180, 0x00007f2c94e7f570]

GC Heap History (2 events):
Event: 7.150 GC heap before
{Heap before GC invocations=0 (full 0):
 garbage-first heap   total 129024K, used 15048K [0x0000000085a00000, 0x0000000100000000)
  region size 1024K, 14 young (14336K), 0 survivors (0K)
 Metaspace       used 1962K, capacity 5784K, committed 6016K, reserved 1056768K
  class space    used 164K, capacity 575K, committed 640K, reserved 1048576K
}
Event: 7.165 GC heap after
{Heap after GC invocations=1 (full 0):
 garbage-first heap   total 129024K, used 1607K [0x0000000085a00000, 0x0000000100000000)
  region size 1024K, 1 young (1024K), 1 survivors (1024K)
 Metaspace       used 1962K, capacity 5784K, committed 6016K, reserved 1056768K
  class space    used 164K, capacity 575K, committed 640K, reserved 1048576K
}

Deoptimization events (4 events):
Event: 0.229 Thread 0x00007f2cac016000 Uncommon trap: trap_request=0xffffff4d fr.pc=0x00007f2c9c2ee49c relative=0x000000000000007c
Event: 0.229 Thread 0x00007f2cac016000 Uncommon trap: reason=unstable_if action=reinterpret pc=0x00007f2c9c2ee49c method=java.lang.String.isLatin1()Z @ 10 c2
Event: 0.229 Thread 0x00007f2cac016000 DEOPT PACKING pc=0x00007f2c9c2ee49c sp=0x00007f2cb1b54200
Event: 0.229 Thread 0x00007f2cac016000 DEOPT UNPACKING pc=0x00007f2c94867ea5 sp=0x00007f2cb1b54160 mode 2

Classes redefined (0 events):
No events

Internal exceptions (6 events):
Event: 0.232 Thread 0x00007f2cac016000 Exception <a 'java/lang/NoSuchMethodError'{0x000000008d0675a0}: 'int java.lang.invoke.DirectMethodHandle$Holder.invokeSpecialIFC(java.lang.Object, java.lang.Object, int)'> (0x000000008d0675a0) thrown at [src/hotspot/share/interpreter/linkResolver.cpp, line 772]
Event: 7.149 Thread 0x00007f2c44033000 Exception <a 'java/lang/NoSuchMethodError'{0x000000008c8f3758}: 'java.lang.Object java.lang.invoke.DirectMethodHandle$Holder.invokeStatic(java.lang.Object, java.lang.Object, java.lang.Object, java.lang.Object, java.lang.Object, java.lang.Object, java.lang.Object, java.lang.Object, java.lang.Object, java.lang.Object, java.lang.Object, java.lang.Object, java.lang.Object, java.lang.Object, java.lang.Object)'> (0x000000008c8f3758) thrown at [src/hotspot/share/interpreter/linkResolver.cpp, line 772]
Event: 7.166 Thread 0x00007f2c44033000 Exception <a 'java/lang/NoSuchMethodError'{0x000000008d501dc8}: 'java.lang.Object java.lang.invoke.DirectMethodHandle$Holder.invokeStatic(java.lang.Object, java.lang.Object, java.lang.Object, java.lang.Object, java.lang.Object, java.lang.Object, java.lang.Object, java.lang.Object, java.lang.Object, java.lang.Object, java.lang.Object, java.lang.Object, java.lang.Object, java.lang.Object, java.lang.Object, java.lang.Object)'> (0x000000008d501dc8) thrown at [src/hotspot/share/interpreter/linkResolver.cpp, lin
Event: 7.171 Thread 0x00007f2c44033000 Exception <a 'java/lang/NoSuchMethodError'{0x000000008d50fcd0}: 'java.lang.Object java.lang.invoke.DirectMethodHandle$Holder.invokeSpecial(java.lang.Object, java.lang.Object, int, int, java.lang.Object, java.lang.Object, java.lang.Object)'> (0x000000008d50fcd0) thrown at [src/hotspot/share/interpreter/linkResolver.cpp, line 772]
Event: 7.171 Thread 0x00007f2c44033000 Exception <a 'java/lang/NoSuchMethodError'{0x000000008d512fb8}: 'java.lang.Object java.lang.invoke.DelegatingMethodHandle$Holder.reinvoke_L(java.lang.Object, int, int, java.lang.Object, java.lang.Object, java.lang.Object)'> (0x000000008d512fb8) thrown at [src/hotspot/share/interpreter/linkResolver.cpp, line 772]
Event: 7.172 Thread 0x00007f2c44033000 Exception <a 'java/lang/NoSuchMethodError'{0x000000008d5172a8}: 'java.lang.Object java.lang.invoke.DirectMethodHandle$Holder.invokeStatic(java.lang.Object, java.lang.Object, java.lang.Object, java.lang.Object, int)'> (0x000000008d5172a8) thrown at [src/hotspot/share/interpreter/linkResolver.cpp, line 772]

Events (20 events):
Event: 20.934 Thread 0x00007f2c44012800 Thread added: 0x00007f2c44012800
Event: 20.934 Thread 0x00007f2c44012800 Thread exited: 0x00007f2c44012800
Event: 20.934 Protecting memory [0x00007f2c52202000,0x00007f2c52206000] with protection modes 0
Event: 20.934 Thread 0x00007f2c44091000 Thread added: 0x00007f2c44091000
Event: 20.934 Thread 0x00007f2c44091000 Thread exited: 0x00007f2c44091000
Event: 20.934 Protecting memory [0x00007f2c52202000,0x00007f2c52206000] with protection modes 0
Event: 20.934 Thread 0x00007f2c44091000 Thread added: 0x00007f2c44091000
Event: 20.936 Thread 0x00007f2c44091000 Thread exited: 0x00007f2c44091000
Event: 21.933 Protecting memory [0x00007f2c52202000,0x00007f2c52206000] with protection modes 0
Event: 21.933 Thread 0x00007f2c4400a000 Thread added: 0x00007f2c4400a000
Event: 21.933 Thread 0x00007f2c4400a000 Thread exited: 0x00007f2c4400a000
Event: 21.933 Protecting memory [0x00007f2c52202000,0x00007f2c52206000] with protection modes 0
Event: 21.933 Thread 0x00007f2c4400a000 Thread added: 0x00007f2c4400a000
Event: 21.933 Thread 0x00007f2c4400a000 Thread exited: 0x00007f2c4400a000
Event: 25.936 Protecting memory [0x00007f2c52202000,0x00007f2c52206000] with protection modes 0
Event: 25.936 Thread 0x00007f2c4400a000 Thread added: 0x00007f2c4400a000
Event: 25.936 Thread 0x00007f2c4400a000 Thread exited: 0x00007f2c4400a000
Event: 25.936 Protecting memory [0x00007f2c52202000,0x00007f2c52206000] with protection modes 0
Event: 25.936 Thread 0x00007f2c4400a000 Thread added: 0x00007f2c4400a000
Event: 25.936 Thread 0x00007f2c4400a000 Thread exited: 0x00007f2c4400a000


Dynamic libraries:
85a00000-8d600000 rw-p 00000000 00:00 0 
8d600000-ffe00000 ---p 00000000 00:00 0 
ffe00000-ffe47000 rw-p 01119000 08:02 1441990                            /usr/lib/jvm/java-11-openjdk-amd64/lib/server/classes.jsa
ffe47000-fff00000 rw-p 00000000 00:00 0 
fff00000-fff6b000 rw-p 010ae000 08:02 1441990                            /usr/lib/jvm/java-11-openjdk-amd64/lib/server/classes.jsa
fff6b000-100000000 rw-p 00000000 00:00 0 
800000000-800002000 rwxp 00001000 08:02 1441990                          /usr/lib/jvm/java-11-openjdk-amd64/lib/server/classes.jsa
800002000-8003cb000 rw-p 00003000 08:02 1441990                          /usr/lib/jvm/java-11-openjdk-amd64/lib/server/classes.jsa
8003cb000-800a9a000 r--p 003cc000 08:02 1441990                          /usr/lib/jvm/java-11-openjdk-amd64/lib/server/classes.jsa
800a9a000-800a9b000 rw-p 00a9b000 08:02 1441990                          /usr/lib/jvm/java-11-openjdk-amd64/lib/server/classes.jsa
800a9b000-8010ad000 r--p 00a9c000 08:02 1441990                          /usr/lib/jvm/java-11-openjdk-amd64/lib/server/classes.jsa
840000000-8400a0000 rw-p 00000000 00:00 0 
8400a0000-880000000 ---p 00000000 00:00 0 
56417e29f000-56417e2a0000 r--p 00000000 08:02 1445569                    /usr/lib/jvm/java-11-openjdk-amd64/bin/java
56417e2a0000-56417e2a1000 r-xp 00001000 08:02 1445569                    /usr/lib/jvm/java-11-openjdk-amd64/bin/java
56417e2a1000-56417e2a2000 r--p 00002000 08:02 1445569                    /usr/lib/jvm/java-11-openjdk-amd64/bin/java
56417e2a2000-56417e2a3000 r--p 00002000 08:02 1445569                    /usr/lib/jvm/java-11-openjdk-amd64/bin/java
56417e2a3000-56417e2a4000 rw-p 00003000 08:02 1445569                    /usr/lib/jvm/java-11-openjdk-amd64/bin/java
5641800d6000-5641800f7000 rw-p 00000000 00:00 0                          [heap]
7f2c00000000-7f2c00239000 rw-p 00000000 00:00 0 
7f2c00239000-7f2c04000000 ---p 00000000 00:00 0 
7f2c08000000-7f2c08021000 rw-p 00000000 00:00 0 
7f2c08021000-7f2c0c000000 ---p 00000000 00:00 0 
7f2c0c000000-7f2c0c021000 rw-p 00000000 00:00 0 
7f2c0c021000-7f2c10000000 ---p 00000000 00:00 0 
7f2c10000000-7f2c10021000 rw-p 00000000 00:00 0 
7f2c10021000-7f2c14000000 ---p 00000000 00:00 0 
7f2c17cfa000-7f2c17cfb000 ---p 00000000 00:00 0 
7f2c17cfb000-7f2c17dfc000 rw-p 00000000 00:00 0 
7f2c17dfc000-7f2c17dfd000 ---p 00000000 00:00 0 
7f2c17dfd000-7f2c17efe000 rw-p 00000000 00:00 0 
7f2c17efe000-7f2c17eff000 ---p 00000000 00:00 0 
7f2c17eff000-7f2c18000000 rw-p 00000000 00:00 0 
7f2c18000000-7f2c18021000 rw-p 00000000 00:00 0 
7f2c18021000-7f2c1c000000 ---p 00000000 00:00 0 
7f2c1c000000-7f2c1c021000 rw-p 00000000 00:00 0 
7f2c1c021000-7f2c20000000 ---p 00000000 00:00 0 
7f2c2c000000-7f2c2c021000 rw-p 00000000 00:00 0 
7f2c2c021000-7f2c30000000 ---p 00000000 00:00 0 
7f2c3c000000-7f2c3c021000 rw-p 00000000 00:00 0 
7f2c3c021000-7f2c40000000 ---p 00000000 00:00 0 
7f2c44000000-7f2c4409f000 rw-p 00000000 00:00 0 
7f2c4409f000-7f2c48000000 ---p 00000000 00:00 0 
7f2c4c000000-7f2c4c021000 rw-p 00000000 00:00 0 
7f2c4c021000-7f2c50000000 ---p 00000000 00:00 0 
7f2c500fb000-7f2c500fc000 ---p 00000000 00:00 0 
7f2c500fc000-7f2c508fc000 rw-p 00000000 00:00 0 
7f2c508fc000-7f2c508fd000 ---p 00000000 00:00 0 
7f2c508fd000-7f2c508fe000 rw-p 00000000 00:00 0 
7f2c508fe000-7f2c50902000 ---p 00000000 00:00 0 
7f2c50902000-7f2c510fd000 rw-p 00000000 00:00 0 
7f2c510fd000-7f2c510fe000 ---p 00000000 00:00 0 
7f2c510fe000-7f2c518fe000 rw-p 00000000 00:00 0 
7f2c518fe000-7f2c518ff000 ---p 00000000 00:00 0 
7f2c518ff000-7f2c520ff000 rw-p 00000000 00:00 0 
7f2c520ff000-7f2c52103000 ---p 00000000 00:00 0 
7f2c52103000-7f2c52200000 rw-p 00000000 00:00 0 
7f2c52200000-7f2c52201000 ---p 00000000 00:00 0 
7f2c52201000-7f2c52202000 rw-p 00000000 00:00 0 
7f2c52202000-7f2c52206000 ---p 00000000 00:00 0 
7f2c52206000-7f2c52a01000 rw-p 00000000 00:00 0 
7f2c52a01000-7f2c52a02000 ---p 00000000 00:00 0 
7f2c52a02000-7f2c53202000 rw-p 00000000 00:00 0 
7f2c53202000-7f2c53222000 r--p 00000000 08:02 1449217                    /usr/lib/x86_64-linux-gnu/libdb-5.3.so
7f2c53222000-7f2c53364000 r-xp 00020000 08:02 1449217                    /usr/lib/x86_64-linux-gnu/libdb-5.3.so
7f2c53364000-7f2c533a9000 r--p 00162000 08:02 1449217                    /usr/lib/x86_64-linux-gnu/libdb-5.3.so
7f2c533a9000-7f2c533b0000 r--p 001a6000 08:02 1449217                    /usr/lib/x86_64-linux-gnu/libdb-5.3.so
7f2c533b0000-7f2c533b1000 rw-p 001ad000 08:02 1449217                    /usr/lib/x86_64-linux-gnu/libdb-5.3.so
7f2c533b1000-7f2c533b7000 r--p 00000000 08:02 1442494                    /usr/lib/x86_64-linux-gnu/libjack.so.0.0.28
7f2c533b7000-7f2c533c3000 r-xp 00006000 08:02 1442494                    /usr/lib/x86_64-linux-gnu/libjack.so.0.0.28
7f2c533c3000-7f2c533c8000 r--p 00012000 08:02 1442494                    /usr/lib/x86_64-linux-gnu/libjack.so.0.0.28
7f2c533c8000-7f2c533c9000 r--p 00016000 08:02 1442494                    /usr/lib/x86_64-linux-gnu/libjack.so.0.0.28
7f2c533c9000-7f2c533ca000 rw-p 00017000 08:02 1442494                    /usr/lib/x86_64-linux-gnu/libjack.so.0.0.28
7f2c533ca000-7f2c533d4000 rw-p 00000000 00:00 0 
7f2c533f3000-7f2c533f4000 ---p 00000000 00:00 0 
7f2c533f4000-7f2c53bf4000 rw-p 00000000 00:00 0 
7f2c53bf4000-7f2c53bf8000 r--p 00000000 08:02 1449497                    /usr/lib/x86_64-linux-gnu/libgpg-error.so.0.28.0
7f2c53bf8000-7f2c53c0b000 r-xp 00004000 08:02 1449497                    /usr/lib/x86_64-linux-gnu/libgpg-error.so.0.28.0
7f2c53c0b000-7f2c53c15000 r--p 00017000 08:02 1449497                    /usr/lib/x86_64-linux-gnu/libgpg-error.so.0.28.0
7f2c53c15000-7f2c53c16000 r--p 00020000 08:02 1449497                    /usr/lib/x86_64-linux-gnu/libgpg-error.so.0.28.0
7f2c53c16000-7f2c53c17000 rw-p 00021000 08:02 1449497                    /usr/lib/x86_64-linux-gnu/libgpg-error.so.0.28.0
7f2c53c17000-7f2c53c1b000 r--p 00000000 08:02 1449109                    /usr/lib/x86_64-linux-gnu/libbsd.so.0.10.0
7f2c53c1b000-7f2c53c2a000 r-xp 00004000 08:02 1449109                    /usr/lib/x86_64-linux-gnu/libbsd.so.0.10.0
7f2c53c2a000-7f2c53c2d000 r--p 00013000 08:02 1449109                    /usr/lib/x86_64-linux-gnu/libbsd.so.0.10.0
7f2c53c2d000-7f2c53c2e000 ---p 00016000 08:02 1449109                    /usr/lib/x86_64-linux-gnu/libbsd.so.0.10.0
7f2c53c2e000-7f2c53c2f000 r--p 00016000 08:02 1449109                    /usr/lib/x86_64-linux-gnu/libbsd.so.0.10.0
7f2c53c2f000-7f2c53c30000 rw-p 00017000 08:02 1449109                    /usr/lib/x86_64-linux-gnu/libbsd.so.0.10.0
7f2c53c30000-7f2c53c31000 rw-p 00000000 00:00 0 
7f2c53c31000-7f2c53c45000 r--p 00000000 08:02 1450341                    /usr/lib/x86_64-linux-gnu/libvorbisenc.so.2.0.11
7f2c53c45000-7f2c53c48000 r-xp 00014000 08:02 1450341                    /usr/lib/x86_64-linux-gnu/libvorbisenc.so.2.0.11
7f2c53c48000-7f2c53cbf000 r--p 00017000 08:02 1450341                    /usr/lib/x86_64-linux-gnu/libvorbisenc.so.2.0.11
7f2c53cbf000-7f2c53cdb000 r--p 0008d000 08:02 1450341                    /usr/lib/x86_64-linux-gnu/libvorbisenc.so.2.0.11
7f2c53cdb000-7f2c53cdc000 rw-p 000a9000 08:02 1450341                    /usr/lib/x86_64-linux-gnu/libvorbisenc.so.2.0.11
7f2c53cdc000-7f2c53ce8000 r--p 00000000 08:02 1447651                    /usr/lib/x86_64-linux-gnu/libgcrypt.so.20.2.5
7f2c53ce8000-7f2c53db6000 r-xp 0000c000 08:02 1447651                    /usr/lib/x86_64-linux-gnu/libgcrypt.so.20.2.5
7f2c53db6000-7f2c53df3000 r--p 000da000 08:02 1447651                    /usr/lib/x86_64-linux-gnu/libgcrypt.so.20.2.5
7f2c53df3000-7f2c53df5000 r--p 00116000 08:02 1447651                    /usr/lib/x86_64-linux-gnu/libgcrypt.so.20.2.5
7f2c53df5000-7f2c53dfa000 rw-p 00118000 08:02 1447651                    /usr/lib/x86_64-linux-gnu/libgcrypt.so.20.2.5
7f2c53dfa000-7f2c53dff000 r-xp 00000000 08:02 1449028                    /usr/lib/x86_64-linux-gnu/libasyncns.so.0.3.1
7f2c53dff000-7f2c53ffe000 ---p 00005000 08:02 1449028                    /usr/lib/x86_64-linux-gnu/libasyncns.so.0.3.1
7f2c53ffe000-7f2c53fff000 r--p 00004000 08:02 1449028                    /usr/lib/x86_64-linux-gnu/libasyncns.so.0.3.1
7f2c53fff000-7f2c54000000 rw-p 00005000 08:02 1449028                    /usr/lib/x86_64-linux-gnu/libasyncns.so.0.3.1
7f2c54000000-7f2c54021000 rw-p 00000000 00:00 0 
7f2c54021000-7f2c58000000 ---p 00000000 00:00 0 
7f2c58000000-7f2c58021000 rw-p 00000000 00:00 0 
7f2c58021000-7f2c5c000000 ---p 00000000 00:00 0 
7f2c5c000000-7f2c5c373000 rw-p 00000000 00:00 0 
7f2c5c373000-7f2c60000000 ---p 00000000 00:00 0 
7f2c60000000-7f2c602cb000 rw-p 00000000 00:00 0 
7f2c602cb000-7f2c64000000 ---p 00000000 00:00 0 
7f2c64000000-7f2c64021000 rw-p 00000000 00:00 0 
7f2c64021000-7f2c68000000 ---p 00000000 00:00 0 
7f2c68000000-7f2c68021000 rw-p 00000000 00:00 0 
7f2c68021000-7f2c6c000000 ---p 00000000 00:00 0 
7f2c6c000000-7f2c6c021000 rw-p 00000000 00:00 0 
7f2c6c021000-7f2c70000000 ---p 00000000 00:00 0 
7f2c70000000-7f2c70021000 rw-p 00000000 00:00 0 
7f2c70021000-7f2c74000000 ---p 00000000 00:00 0 
7f2c74000000-7f2c74021000 rw-p 00000000 00:00 0 
7f2c74021000-7f2c78000000 ---p 00000000 00:00 0 
7f2c78000000-7f2c7804f000 rw-p 00000000 00:00 0 
7f2c7804f000-7f2c7c000000 ---p 00000000 00:00 0 
7f2c7c000000-7f2c7c021000 rw-p 00000000 00:00 0 
7f2c7c021000-7f2c80000000 ---p 00000000 00:00 0 
7f2c80000000-7f2c80021000 rw-p 00000000 00:00 0 
7f2c80021000-7f2c84000000 ---p 00000000 00:00 0 
7f2c84007000-7f2c84009000 r--p 00000000 08:02 2097964                    /usr/lib/x86_64-linux-gnu/alsa-lib/libasound_module_ctl_pulse.so
7f2c84009000-7f2c8400c000 r-xp 00002000 08:02 2097964                    /usr/lib/x86_64-linux-gnu/alsa-lib/libasound_module_ctl_pulse.so
7f2c8400c000-7f2c8400d000 r--p 00005000 08:02 2097964                    /usr/lib/x86_64-linux-gnu/alsa-lib/libasound_module_ctl_pulse.so
7f2c8400d000-7f2c8400e000 r--p 00005000 08:02 2097964                    /usr/lib/x86_64-linux-gnu/alsa-lib/libasound_module_ctl_pulse.so
7f2c8400e000-7f2c8400f000 rw-p 00006000 08:02 2097964                    /usr/lib/x86_64-linux-gnu/alsa-lib/libasound_module_ctl_pulse.so
7f2c8400f000-7f2c84010000 r--p 00000000 08:02 2097970                    /usr/lib/x86_64-linux-gnu/alsa-lib/libasound_module_pcm_vdownmix.so
7f2c84010000-7f2c84011000 r-xp 00001000 08:02 2097970                    /usr/lib/x86_64-linux-gnu/alsa-lib/libasound_module_pcm_vdownmix.so
7f2c84011000-7f2c84012000 r--p 00002000 08:02 2097970                    /usr/lib/x86_64-linux-gnu/alsa-lib/libasound_module_pcm_vdownmix.so
7f2c84012000-7f2c84013000 r--p 00002000 08:02 2097970                    /usr/lib/x86_64-linux-gnu/alsa-lib/libasound_module_pcm_vdownmix.so
7f2c84013000-7f2c84014000 rw-p 00003000 08:02 2097970                    /usr/lib/x86_64-linux-gnu/alsa-lib/libasound_module_pcm_vdownmix.so
7f2c84014000-7f2c84018000 r--p 00000000 08:02 1445806                    /usr/lib/x86_64-linux-gnu/libresolv-2.31.so
7f2c84018000-7f2c84028000 r-xp 00004000 08:02 1445806                    /usr/lib/x86_64-linux-gnu/libresolv-2.31.so
7f2c84028000-7f2c8402c000 r--p 00014000 08:02 1445806                    /usr/lib/x86_64-linux-gnu/libresolv-2.31.so
7f2c8402c000-7f2c8402d000 r--p 00017000 08:02 1445806                    /usr/lib/x86_64-linux-gnu/libresolv-2.31.so
7f2c8402d000-7f2c8402e000 rw-p 00018000 08:02 1445806                    /usr/lib/x86_64-linux-gnu/libresolv-2.31.so
7f2c8402e000-7f2c84030000 rw-p 00000000 00:00 0 
7f2c84030000-7f2c84033000 r--p 00000000 08:02 1450339                    /usr/lib/x86_64-linux-gnu/libvorbis.so.0.4.8
7f2c84033000-7f2c8404a000 r-xp 00003000 08:02 1450339                    /usr/lib/x86_64-linux-gnu/libvorbis.so.0.4.8
7f2c8404a000-7f2c8405b000 r--p 0001a000 08:02 1450339                    /usr/lib/x86_64-linux-gnu/libvorbis.so.0.4.8
7f2c8405b000-7f2c8405c000 ---p 0002b000 08:02 1450339                    /usr/lib/x86_64-linux-gnu/libvorbis.so.0.4.8
7f2c8405c000-7f2c8405d000 r--p 0002b000 08:02 1450339                    /usr/lib/x86_64-linux-gnu/libvorbis.so.0.4.8
7f2c8405d000-7f2c8405e000 rw-p 0002c000 08:02 1450339                    /usr/lib/x86_64-linux-gnu/libvorbis.so.0.4.8
7f2c8405e000-7f2c84060000 r--p 00000000 08:02 1449917                    /usr/lib/x86_64-linux-gnu/libogg.so.0.8.4
7f2c84060000-7f2c84065000 r-xp 00002000 08:02 1449917                    /usr/lib/x86_64-linux-gnu/libogg.so.0.8.4
7f2c84065000-7f2c84068000 r--p 00007000 08:02 1449917                    /usr/lib/x86_64-linux-gnu/libogg.so.0.8.4
7f2c84068000-7f2c84069000 ---p 0000a000 08:02 1449917                    /usr/lib/x86_64-linux-gnu/libogg.so.0.8.4
7f2c84069000-7f2c8406a000 r--p 0000a000 08:02 1449917                    /usr/lib/x86_64-linux-gnu/libogg.so.0.8.4
7f2c8406a000-7f2c8406b000 rw-p 0000b000 08:02 1449917                    /usr/lib/x86_64-linux-gnu/libogg.so.0.8.4
7f2c8406b000-7f2c84073000 r--p 00000000 08:02 1448904                    /usr/lib/x86_64-linux-gnu/libFLAC.so.8.3.0
7f2c84073000-7f2c8409c000 r-xp 00008000 08:02 1448904                    /usr/lib/x86_64-linux-gnu/libFLAC.so.8.3.0
7f2c8409c000-7f2c840a6000 r--p 00031000 08:02 1448904                    /usr/lib/x86_64-linux-gnu/libFLAC.so.8.3.0
7f2c840a6000-7f2c840a7000 ---p 0003b000 08:02 1448904                    /usr/lib/x86_64-linux-gnu/libFLAC.so.8.3.0
7f2c840a7000-7f2c840a8000 r--p 0003b000 08:02 1448904                    /usr/lib/x86_64-linux-gnu/libFLAC.so.8.3.0
7f2c840a8000-7f2c840a9000 rw-p 0003c000 08:02 1448904                    /usr/lib/x86_64-linux-gnu/libFLAC.so.8.3.0
7f2c840a9000-7f2c840ad000 r--p 00000000 08:02 1445797                    /usr/lib/x86_64-linux-gnu/libnsl-2.31.so
7f2c840ad000-7f2c840bd000 r-xp 00004000 08:02 1445797                    /usr/lib/x86_64-linux-gnu/libnsl-2.31.so
7f2c840bd000-7f2c840c2000 r--p 00014000 08:02 1445797                    /usr/lib/x86_64-linux-gnu/libnsl-2.31.so
7f2c840c2000-7f2c840c3000 r--p 00018000 08:02 1445797                    /usr/lib/x86_64-linux-gnu/libnsl-2.31.so
7f2c840c3000-7f2c840c4000 rw-p 00019000 08:02 1445797                    /usr/lib/x86_64-linux-gnu/libnsl-2.31.so
7f2c840c4000-7f2c840c6000 rw-p 00000000 00:00 0 
7f2c840c6000-7f2c840c8000 r--p 00000000 08:02 1449762                    /usr/lib/x86_64-linux-gnu/liblz4.so.1.9.2
7f2c840c8000-7f2c840e2000 r-xp 00002000 08:02 1449762                    /usr/lib/x86_64-linux-gnu/liblz4.so.1.9.2
7f2c840e2000-7f2c840e5000 r--p 0001c000 08:02 1449762                    /usr/lib/x86_64-linux-gnu/liblz4.so.1.9.2
7f2c840e5000-7f2c840e6000 r--p 0001e000 08:02 1449762                    /usr/lib/x86_64-linux-gnu/liblz4.so.1.9.2
7f2c840e6000-7f2c840e7000 rw-p 0001f000 08:02 1449762                    /usr/lib/x86_64-linux-gnu/liblz4.so.1.9.2
7f2c840e7000-7f2c840ea000 r--p 00000000 08:02 1443497                    /usr/lib/x86_64-linux-gnu/liblzma.so.5.2.4
7f2c840ea000-7f2c84102000 r-xp 00003000 08:02 1443497                    /usr/lib/x86_64-linux-gnu/liblzma.so.5.2.4
7f2c84102000-7f2c8410d000 r--p 0001b000 08:02 1443497                    /usr/lib/x86_64-linux-gnu/liblzma.so.5.2.4
7f2c8410d000-7f2c8410e000 ---p 00026000 08:02 1443497                    /usr/lib/x86_64-linux-gnu/liblzma.so.5.2.4
7f2c8410e000-7f2c8410f000 r--p 00026000 08:02 1443497                    /usr/lib/x86_64-linux-gnu/liblzma.so.5.2.4
7f2c8410f000-7f2c84110000 rw-p 00027000 08:02 1443497                    /usr/lib/x86_64-linux-gnu/liblzma.so.5.2.4
7f2c84110000-7f2c84112000 r--p 00000000 08:02 1448951                    /usr/lib/x86_64-linux-gnu/libXdmcp.so.6.0.0
7f2c84112000-7f2c84114000 r-xp 00002000 08:02 1448951                    /usr/lib/x86_64-linux-gnu/libXdmcp.so.6.0.0
7f2c84114000-7f2c84116000 r--p 00004000 08:02 1448951                    /usr/lib/x86_64-linux-gnu/libXdmcp.so.6.0.0
7f2c84116000-7f2c84117000 r--p 00005000 08:02 1448951                    /usr/lib/x86_64-linux-gnu/libXdmcp.so.6.0.0
7f2c84117000-7f2c84118000 rw-p 00006000 08:02 1448951                    /usr/lib/x86_64-linux-gnu/libXdmcp.so.6.0.0
7f2c84118000-7f2c8411b000 r--p 00000000 08:02 1449007                    /usr/lib/x86_64-linux-gnu/libapparmor.so.1.6.1
7f2c8411b000-7f2c84124000 r-xp 00003000 08:02 1449007                    /usr/lib/x86_64-linux-gnu/libapparmor.so.1.6.1
7f2c84124000-7f2c8412b000 r--p 0000c000 08:02 1449007                    /usr/lib/x86_64-linux-gnu/libapparmor.so.1.6.1
7f2c8412b000-7f2c8412c000 r--p 00012000 08:02 1449007                    /usr/lib/x86_64-linux-gnu/libapparmor.so.1.6.1
7f2c8412c000-7f2c8412d000 rw-p 00013000 08:02 1449007                    /usr/lib/x86_64-linux-gnu/libapparmor.so.1.6.1
7f2c8412d000-7f2c84134000 r--p 00000000 08:02 1450170                    /usr/lib/x86_64-linux-gnu/libsndfile.so.1.0.28
7f2c84134000-7f2c84187000 r-xp 00007000 08:02 1450170                    /usr/lib/x86_64-linux-gnu/libsndfile.so.1.0.28
7f2c84187000-7f2c841a4000 r--p 0005a000 08:02 1450170                    /usr/lib/x86_64-linux-gnu/libsndfile.so.1.0.28
7f2c841a4000-7f2c841a5000 ---p 00077000 08:02 1450170                    /usr/lib/x86_64-linux-gnu/libsndfile.so.1.0.28
7f2c841a5000-7f2c841a8000 r--p 00077000 08:02 1450170                    /usr/lib/x86_64-linux-gnu/libsndfile.so.1.0.28
7f2c841a8000-7f2c841a9000 rw-p 0007a000 08:02 1450170                    /usr/lib/x86_64-linux-gnu/libsndfile.so.1.0.28
7f2c841a9000-7f2c841ab000 rw-p 00000000 00:00 0 
7f2c841ab000-7f2c841ae000 r--p 00000000 08:02 1450402                    /usr/lib/x86_64-linux-gnu/libwrap.so.0.7.6
7f2c841ae000-7f2c841b3000 r-xp 00003000 08:02 1450402                    /usr/lib/x86_64-linux-gnu/libwrap.so.0.7.6
7f2c841b3000-7f2c841b5000 r--p 00008000 08:02 1450402                    /usr/lib/x86_64-linux-gnu/libwrap.so.0.7.6
7f2c841b5000-7f2c841b6000 r--p 00009000 08:02 1450402                    /usr/lib/x86_64-linux-gnu/libwrap.so.0.7.6
7f2c841b6000-7f2c841b7000 rw-p 0000a000 08:02 1450402                    /usr/lib/x86_64-linux-gnu/libwrap.so.0.7.6
7f2c841b7000-7f2c841c7000 r--p 00000000 08:02 1446018                    /usr/lib/x86_64-linux-gnu/libsystemd.so.0.28.0
7f2c841c7000-7f2c8423c000 r-xp 00010000 08:02 1446018                    /usr/lib/x86_64-linux-gnu/libsystemd.so.0.28.0
7f2c8423c000-7f2c84261000 r--p 00085000 08:02 1446018                    /usr/lib/x86_64-linux-gnu/libsystemd.so.0.28.0
7f2c84261000-7f2c84264000 r--p 000a9000 08:02 1446018                    /usr/lib/x86_64-linux-gnu/libsystemd.so.0.28.0
7f2c84264000-7f2c84265000 rw-p 000ac000 08:02 1446018                    /usr/lib/x86_64-linux-gnu/libsystemd.so.0.28.0
7f2c84265000-7f2c84266000 rw-p 00000000 00:00 0 
7f2c84266000-7f2c84271000 r--p 00000000 08:02 1450442                    /usr/lib/x86_64-linux-gnu/libxcb.so.1.1.0
7f2c84271000-7f2c84285000 r-xp 0000b000 08:02 1450442                    /usr/lib/x86_64-linux-gnu/libxcb.so.1.1.0
7f2c84285000-7f2c8428e000 r--p 0001f000 08:02 1450442                    /usr/lib/x86_64-linux-gnu/libxcb.so.1.1.0
7f2c8428e000-7f2c8428f000 r--p 00027000 08:02 1450442                    /usr/lib/x86_64-linux-gnu/libxcb.so.1.1.0
7f2c8428f000-7f2c84290000 rw-p 00028000 08:02 1450442                    /usr/lib/x86_64-linux-gnu/libxcb.so.1.1.0
7f2c84290000-7f2c8429b000 r--p 00000000 08:02 1442000                    /usr/lib/x86_64-linux-gnu/libdbus-1.so.3.19.11
7f2c8429b000-7f2c842c9000 r-xp 0000b000 08:02 1442000                    /usr/lib/x86_64-linux-gnu/libdbus-1.so.3.19.11
7f2c842c9000-7f2c842de000 r--p 00039000 08:02 1442000                    /usr/lib/x86_64-linux-gnu/libdbus-1.so.3.19.11
7f2c842de000-7f2c842df000 ---p 0004e000 08:02 1442000                    /usr/lib/x86_64-linux-gnu/libdbus-1.so.3.19.11
7f2c842df000-7f2c842e0000 r--p 0004e000 08:02 1442000                    /usr/lib/x86_64-linux-gnu/libdbus-1.so.3.19.11
7f2c842e0000-7f2c842e1000 rw-p 0004f000 08:02 1442000                    /usr/lib/x86_64-linux-gnu/libdbus-1.so.3.19.11
7f2c842e1000-7f2c842f2000 r--p 00000000 08:02 2097637                    /usr/lib/x86_64-linux-gnu/pulseaudio/libpulsecommon-13.99.so
7f2c842f2000-7f2c8433a000 r-xp 00011000 08:02 2097637                    /usr/lib/x86_64-linux-gnu/pulseaudio/libpulsecommon-13.99.so
7f2c8433a000-7f2c8435f000 r--p 00059000 08:02 2097637                    /usr/lib/x86_64-linux-gnu/pulseaudio/libpulsecommon-13.99.so
7f2c8435f000-7f2c84360000 ---p 0007e000 08:02 2097637                    /usr/lib/x86_64-linux-gnu/pulseaudio/libpulsecommon-13.99.so
7f2c84360000-7f2c84362000 r--p 0007e000 08:02 2097637                    /usr/lib/x86_64-linux-gnu/pulseaudio/libpulsecommon-13.99.so
7f2c84362000-7f2c84363000 rw-p 00080000 08:02 2097637                    /usr/lib/x86_64-linux-gnu/pulseaudio/libpulsecommon-13.99.so
7f2c84363000-7f2c8436f000 r--p 00000000 08:02 1442666                    /usr/lib/x86_64-linux-gnu/libpulse.so.0.21.2
7f2c8436f000-7f2c8439f000 r-xp 0000c000 08:02 1442666                    /usr/lib/x86_64-linux-gnu/libpulse.so.0.21.2
7f2c8439f000-7f2c843b5000 r--p 0003c000 08:02 1442666                    /usr/lib/x86_64-linux-gnu/libpulse.so.0.21.2
7f2c843b5000-7f2c843b7000 r--p 00051000 08:02 1442666                    /usr/lib/x86_64-linux-gnu/libpulse.so.0.21.2
7f2c843b7000-7f2c843b8000 rw-p 00053000 08:02 1442666                    /usr/lib/x86_64-linux-gnu/libpulse.so.0.21.2
7f2c843b8000-7f2c843f5000 rw-p 00000000 00:00 0 
7f2c843f5000-7f2c843f7000 r--p 00000000 08:02 2234013                    /usr/local/lib/libilbccodec.so.2
7f2c843f7000-7f2c84401000 r-xp 00002000 08:02 2234013                    /usr/local/lib/libilbccodec.so.2
7f2c84401000-7f2c84403000 r--p 0000c000 08:02 2234013                    /usr/local/lib/libilbccodec.so.2
7f2c84403000-7f2c84404000 r--p 0000d000 08:02 2234013                    /usr/local/lib/libilbccodec.so.2
7f2c84404000-7f2c84406000 rw-p 0000e000 08:02 2234013                    /usr/local/lib/libilbccodec.so.2
7f2c84406000-7f2c84407000 r--p 00000000 08:02 2234009                    /usr/local/lib/libgsmcodec.so.2
7f2c84407000-7f2c8440f000 r-xp 00001000 08:02 2234009                    /usr/local/lib/libgsmcodec.so.2
7f2c8440f000-7f2c84410000 r--p 00009000 08:02 2234009                    /usr/local/lib/libgsmcodec.so.2
7f2c84410000-7f2c84411000 r--p 00009000 08:02 2234009                    /usr/local/lib/libgsmcodec.so.2
7f2c84411000-7f2c84412000 rw-p 0000a000 08:02 2234009                    /usr/local/lib/libgsmcodec.so.2
7f2c84412000-7f2c8443c000 r--p 00000000 08:02 1442673                    /usr/lib/x86_64-linux-gnu/libasound.so.2.0.0
7f2c8443c000-7f2c844cb000 r-xp 0002a000 08:02 1442673                    /usr/lib/x86_64-linux-gnu/libasound.so.2.0.0
7f2c844cb000-7f2c84505000 r--p 000b9000 08:02 1442673                    /usr/lib/x86_64-linux-gnu/libasound.so.2.0.0
7f2c84505000-7f2c8450c000 r--p 000f2000 08:02 1442673                    /usr/lib/x86_64-linux-gnu/libasound.so.2.0.0
7f2c8450c000-7f2c8450d000 rw-p 000f9000 08:02 1442673                    /usr/lib/x86_64-linux-gnu/libasound.so.2.0.0
7f2c8450d000-7f2c8450f000 r--p 00000000 08:02 1442187                    /usr/lib/x86_64-linux-gnu/libuuid.so.1.3.0
7f2c8450f000-7f2c84513000 r-xp 00002000 08:02 1442187                    /usr/lib/x86_64-linux-gnu/libuuid.so.1.3.0
7f2c84513000-7f2c84514000 r--p 00006000 08:02 1442187                    /usr/lib/x86_64-linux-gnu/libuuid.so.1.3.0
7f2c84514000-7f2c84515000 r--p 00006000 08:02 1442187                    /usr/lib/x86_64-linux-gnu/libuuid.so.1.3.0
7f2c84515000-7f2c84516000 rw-p 00007000 08:02 1442187                    /usr/lib/x86_64-linux-gnu/libuuid.so.1.3.0
7f2c84516000-7f2c84532000 r--p 00000000 08:02 1444741                    /usr/lib/x86_64-linux-gnu/libssl.so.1.1
7f2c84532000-7f2c84581000 r-xp 0001c000 08:02 1444741                    /usr/lib/x86_64-linux-gnu/libssl.so.1.1
7f2c84581000-7f2c8459b000 r--p 0006b000 08:02 1444741                    /usr/lib/x86_64-linux-gnu/libssl.so.1.1
7f2c8459b000-7f2c8459c000 ---p 00085000 08:02 1444741                    /usr/lib/x86_64-linux-gnu/libssl.so.1.1
7f2c8459c000-7f2c845a5000 r--p 00085000 08:02 1444741                    /usr/lib/x86_64-linux-gnu/libssl.so.1.1
7f2c845a5000-7f2c845a9000 rw-p 0008e000 08:02 1444741                    /usr/lib/x86_64-linux-gnu/libssl.so.1.1
7f2c845a9000-7f2c845af000 r--p 00000000 08:02 2234019                    /usr/local/lib/libwebrtc.so.2
7f2c845af000-7f2c845c8000 r-xp 00006000 08:02 2234019                    /usr/local/lib/libwebrtc.so.2
7f2c845c8000-7f2c845d0000 r--p 0001f000 08:02 2234019                    /usr/local/lib/libwebrtc.so.2
7f2c845d0000-7f2c845d1000 r--p 00026000 08:02 2234019                    /usr/local/lib/libwebrtc.so.2
7f2c845d1000-7f2c845d2000 rw-p 00027000 08:02 2234019                    /usr/local/lib/libwebrtc.so.2
7f2c845d2000-7f2c845d8000 r--p 00000000 08:02 2234011                    /usr/local/lib/libspeex.so.2
7f2c845d8000-7f2c845f6000 r-xp 00006000 08:02 2234011                    /usr/local/lib/libspeex.so.2
7f2c845f6000-7f2c845fe000 r--p 00024000 08:02 2234011                    /usr/local/lib/libspeex.so.2
7f2c845fe000-7f2c845ff000 ---p 0002c000 08:02 2234011                    /usr/local/lib/libspeex.so.2
7f2c845ff000-7f2c84600000 r--p 0002c000 08:02 2234011                    /usr/local/lib/libspeex.so.2
7f2c84600000-7f2c84601000 rw-p 0002d000 08:02 2234011                    /usr/local/lib/libspeex.so.2
7f2c84601000-7f2c84606000 r--p 00000000 08:02 2234005                    /usr/local/lib/libsrtp.so.2
7f2c84606000-7f2c84611000 r-xp 00005000 08:02 2234005                    /usr/local/lib/libsrtp.so.2
7f2c84611000-7f2c84615000 r--p 00010000 08:02 2234005                    /usr/local/lib/libsrtp.so.2
7f2c84615000-7f2c84616000 r--p 00013000 08:02 2234005                    /usr/local/lib/libsrtp.so.2
7f2c84616000-7f2c84617000 rw-p 00014000 08:02 2234005                    /usr/local/lib/libsrtp.so.2
7f2c84617000-7f2c8468f000 r--p 00000000 08:02 1442965                    /usr/lib/x86_64-linux-gnu/libcrypto.so.1.1
7f2c8468f000-7f2c8482a000 r-xp 00078000 08:02 1442965                    /usr/lib/x86_64-linux-gnu/libcrypto.so.1.1
7f2c8482a000-7f2c848bb000 r--p 00213000 08:02 1442965                    /usr/lib/x86_64-linux-gnu/libcrypto.so.1.1
7f2c848bb000-7f2c848e7000 r--p 002a3000 08:02 1442965                    /usr/lib/x86_64-linux-gnu/libcrypto.so.1.1
7f2c848e7000-7f2c848e9000 rw-p 002cf000 08:02 1442965                    /usr/lib/x86_64-linux-gnu/libcrypto.so.1.1
7f2c848e9000-7f2c848ed000 rw-p 00000000 00:00 0 
7f2c848ed000-7f2c848f5000 r--p 00000000 08:02 2234039                    /usr/local/lib/libpjnath.so.2
7f2c848f5000-7f2c84913000 r-xp 00008000 08:02 2234039                    /usr/local/lib/libpjnath.so.2
7f2c84913000-7f2c8491f000 r--p 00026000 08:02 2234039                    /usr/local/lib/libpjnath.so.2
7f2c8491f000-7f2c84920000 r--p 00031000 08:02 2234039                    /usr/local/lib/libpjnath.so.2
7f2c84920000-7f2c84922000 rw-p 00032000 08:02 2234039                    /usr/local/lib/libpjnath.so.2
7f2c84922000-7f2c84925000 r--p 00000000 08:02 2234031                    /usr/local/lib/libpjmedia-codec.so.2
7f2c84925000-7f2c8492d000 r-xp 00003000 08:02 2234031                    /usr/local/lib/libpjmedia-codec.so.2
7f2c8492d000-7f2c84930000 r--p 0000b000 08:02 2234031                    /usr/local/lib/libpjmedia-codec.so.2
7f2c84930000-7f2c84931000 r--p 0000d000 08:02 2234031                    /usr/local/lib/libpjmedia-codec.so.2
7f2c84931000-7f2c84932000 rw-p 0000e000 08:02 2234031                    /usr/local/lib/libpjmedia-codec.so.2
7f2c84932000-7f2c84938000 r--p 00000000 08:02 2234025                    /usr/local/lib/libpjsip-ua.so.2
7f2c84938000-7f2c8494a000 r-xp 00006000 08:02 2234025                    /usr/local/lib/libpjsip-ua.so.2
7f2c8494a000-7f2c84950000 r--p 00018000 08:02 2234025                    /usr/local/lib/libpjsip-ua.so.2
7f2c84950000-7f2c84951000 r--p 0001d000 08:02 2234025                    /usr/local/lib/libpjsip-ua.so.2
7f2c84951000-7f2c84952000 rw-p 0001e000 08:02 2234025                    /usr/local/lib/libpjsip-ua.so.2
7f2c84952000-7f2c8495e000 r--p 00000000 08:02 2234043                    /usr/local/lib/libpj.so.2
7f2c8495e000-7f2c8497c000 r-xp 0000c000 08:02 2234043                    /usr/local/lib/libpj.so.2
7f2c8497c000-7f2c84987000 r--p 0002a000 08:02 2234043                    /usr/local/lib/libpj.so.2
7f2c84987000-7f2c84988000 ---p 00035000 08:02 2234043                    /usr/local/lib/libpj.so.2
7f2c84988000-7f2c84989000 r--p 00035000 08:02 2234043                    /usr/local/lib/libpj.so.2
7f2c84989000-7f2c8498a000 rw-p 00036000 08:02 2234043                    /usr/local/lib/libpj.so.2
7f2c8498a000-7f2c8498c000 rw-p 00000000 00:00 0 
7f2c8498c000-7f2c8499a000 r--p 00000000 08:02 2234035                    /usr/local/lib/libpjmedia.so.2
7f2c8499a000-7f2c849d2000 r-xp 0000e000 08:02 2234035                    /usr/local/lib/libpjmedia.so.2
7f2c849d2000-7f2c849ef000 r--p 00046000 08:02 2234035                    /usr/local/lib/libpjmedia.so.2
7f2c849ef000-7f2c849f0000 ---p 00063000 08:02 2234035                    /usr/local/lib/libpjmedia.so.2
7f2c849f0000-7f2c849f1000 r--p 00063000 08:02 2234035                    /usr/local/lib/libpjmedia.so.2
7f2c849f1000-7f2c849f3000 rw-p 00064000 08:02 2234035                    /usr/local/lib/libpjmedia.so.2
7f2c849f3000-7f2c849f4000 rw-p 00000000 00:00 0 
7f2c849f4000-7f2c84a02000 r--p 00000000 08:02 2234029                    /usr/local/lib/libpjsip.so.2
7f2c84a02000-7f2c84a32000 r-xp 0000e000 08:02 2234029                    /usr/local/lib/libpjsip.so.2
7f2c84a32000-7f2c84a43000 r--p 0003e000 08:02 2234029                    /usr/local/lib/libpjsip.so.2
7f2c84a43000-7f2c84a45000 r--p 0004e000 08:02 2234029                    /usr/local/lib/libpjsip.so.2
7f2c84a45000-7f2c84a47000 rw-p 00050000 08:02 2234029                    /usr/local/lib/libpjsip.so.2
7f2c84a47000-7f2c84a4c000 rw-p 00000000 00:00 0 
7f2c84a4c000-7f2c84a5a000 r--p 00000000 08:02 2234023                    /usr/local/lib/libpjsua.so.2
7f2c84a5a000-7f2c84a8f000 r-xp 0000e000 08:02 2234023                    /usr/local/lib/libpjsua.so.2
7f2c84a8f000-7f2c84a9c000 r--p 00043000 08:02 2234023                    /usr/local/lib/libpjsua.so.2
7f2c84a9c000-7f2c84a9d000 r--p 0004f000 08:02 2234023                    /usr/local/lib/libpjsua.so.2
7f2c84a9d000-7f2c84a9f000 rw-p 00050000 08:02 2234023                    /usr/local/lib/libpjsua.so.2
7f2c84a9f000-7f2c84b81000 rw-p 00000000 00:00 0 
7f2c84b81000-7f2c84b9d000 r--p 00000000 08:02 2234021                    /usr/local/lib/libpjsua2.so.2
7f2c84b9d000-7f2c84bf1000 r-xp 0001c000 08:02 2234021                    /usr/local/lib/libpjsua2.so.2
7f2c84bf1000-7f2c84c06000 r--p 00070000 08:02 2234021                    /usr/local/lib/libpjsua2.so.2
7f2c84c06000-7f2c84c08000 r--p 00084000 08:02 2234021                    /usr/local/lib/libpjsua2.so.2
7f2c84c08000-7f2c84c0a000 rw-p 00086000 08:02 2234021                    /usr/local/lib/libpjsua2.so.2
7f2c84c0a000-7f2c84c59000 r--p 00000000 08:02 1444779                    /usr/lib/libpjsua2.so
7f2c84c59000-7f2c84ce5000 r-xp 0004f000 08:02 1444779                    /usr/lib/libpjsua2.so
7f2c84ce5000-7f2c84d1b000 r--p 000db000 08:02 1444779                    /usr/lib/libpjsua2.so
7f2c84d1b000-7f2c84d1c000 ---p 00111000 08:02 1444779                    /usr/lib/libpjsua2.so
7f2c84d1c000-7f2c84d1d000 r--p 00111000 08:02 1444779                    /usr/lib/libpjsua2.so
7f2c84d1d000-7f2c84d1f000 rw-p 00112000 08:02 1444779                    /usr/lib/libpjsua2.so
7f2c84d1f000-7f2c84e88000 r-xp 00000000 08:02 1444772                    /usr/lib/libopenh264.so
7f2c84e88000-7f2c85088000 ---p 00169000 08:02 1444772                    /usr/lib/libopenh264.so
7f2c85088000-7f2c8508b000 r--p 00169000 08:02 1444772                    /usr/lib/libopenh264.so
7f2c8508b000-7f2c8508d000 rw-p 0016c000 08:02 1444772                    /usr/lib/libopenh264.so
7f2c8508d000-7f2c85091000 ---p 00000000 00:00 0 
7f2c85091000-7f2c8518e000 rw-p 00000000 00:00 0 
7f2c8518e000-7f2c8518f000 ---p 00000000 00:00 0 
7f2c8518f000-7f2c85290000 rw-p 00000000 00:00 0 
7f2c85290000-7f2c85800000 r--p 00000000 08:02 1444832                    /usr/lib/locale/locale-archive
7f2c85800000-7f2c85d40000 rw-p 00000000 00:00 0 
7f2c85d40000-7f2c86000000 ---p 00000000 00:00 0 
7f2c86000000-7f2c88000000 rw-p 00000000 00:00 0 
7f2c88000000-7f2c88021000 rw-p 00000000 00:00 0 
7f2c88021000-7f2c8c000000 ---p 00000000 00:00 0 
7f2c8c000000-7f2c8c001000 r--p 00000000 08:02 2234007                    /usr/local/lib/libresample.so.2
7f2c8c001000-7f2c8c002000 r-xp 00001000 08:02 2234007                    /usr/local/lib/libresample.so.2
7f2c8c002000-7f2c8c00d000 r--p 00002000 08:02 2234007                    /usr/local/lib/libresample.so.2
7f2c8c00d000-7f2c8c00e000 r--p 0000c000 08:02 2234007                    /usr/local/lib/libresample.so.2
7f2c8c00e000-7f2c8c00f000 rw-p 0000d000 08:02 2234007                    /usr/local/lib/libresample.so.2
7f2c8c00f000-7f2c8c016000 r--p 00000000 08:02 2234041                    /usr/local/lib/libpjlib-util.so.2
7f2c8c016000-7f2c8c030000 r-xp 00007000 08:02 2234041                    /usr/local/lib/libpjlib-util.so.2
7f2c8c030000-7f2c8c038000 r--p 00021000 08:02 2234041                    /usr/local/lib/libpjlib-util.so.2
7f2c8c038000-7f2c8c039000 r--p 00028000 08:02 2234041                    /usr/local/lib/libpjlib-util.so.2
7f2c8c039000-7f2c8c03a000 rw-p 00029000 08:02 2234041                    /usr/local/lib/libpjlib-util.so.2
7f2c8c03a000-7f2c8c040000 r--p 00000000 08:02 2234027                    /usr/local/lib/libpjsip-simple.so.2
7f2c8c040000-7f2c8c04b000 r-xp 00006000 08:02 2234027                    /usr/local/lib/libpjsip-simple.so.2
7f2c8c04b000-7f2c8c04f000 r--p 00011000 08:02 2234027                    /usr/local/lib/libpjsip-simple.so.2
7f2c8c04f000-7f2c8c050000 ---p 00015000 08:02 2234027                    /usr/local/lib/libpjsip-simple.so.2
7f2c8c050000-7f2c8c051000 r--p 00015000 08:02 2234027                    /usr/local/lib/libpjsip-simple.so.2
7f2c8c051000-7f2c8c052000 rw-p 00016000 08:02 2234027                    /usr/local/lib/libpjsip-simple.so.2
7f2c8c055000-7f2c8c056000 r--p 00000000 08:02 2097968                    /usr/lib/x86_64-linux-gnu/alsa-lib/libasound_module_pcm_upmix.so
7f2c8c056000-7f2c8c058000 r-xp 00001000 08:02 2097968                    /usr/lib/x86_64-linux-gnu/alsa-lib/libasound_module_pcm_upmix.so
7f2c8c058000-7f2c8c059000 r--p 00003000 08:02 2097968                    /usr/lib/x86_64-linux-gnu/alsa-lib/libasound_module_pcm_upmix.so
7f2c8c059000-7f2c8c05a000 r--p 00003000 08:02 2097968                    /usr/lib/x86_64-linux-gnu/alsa-lib/libasound_module_pcm_upmix.so
7f2c8c05a000-7f2c8c05b000 rw-p 00004000 08:02 2097968                    /usr/lib/x86_64-linux-gnu/alsa-lib/libasound_module_pcm_upmix.so
7f2c8c05b000-7f2c8c05c000 r--p 00000000 08:02 2097966                    /usr/lib/x86_64-linux-gnu/alsa-lib/libasound_module_pcm_oss.so
7f2c8c05c000-7f2c8c05e000 r-xp 00001000 08:02 2097966                    /usr/lib/x86_64-linux-gnu/alsa-lib/libasound_module_pcm_oss.so
7f2c8c05e000-7f2c8c05f000 r--p 00003000 08:02 2097966                    /usr/lib/x86_64-linux-gnu/alsa-lib/libasound_module_pcm_oss.so
7f2c8c05f000-7f2c8c060000 r--p 00003000 08:02 2097966                    /usr/lib/x86_64-linux-gnu/alsa-lib/libasound_module_pcm_oss.so
7f2c8c060000-7f2c8c061000 rw-p 00004000 08:02 2097966                    /usr/lib/x86_64-linux-gnu/alsa-lib/libasound_module_pcm_oss.so
7f2c8c061000-7f2c8c063000 r--p 00000000 08:02 2097967                    /usr/lib/x86_64-linux-gnu/alsa-lib/libasound_module_pcm_pulse.so
7f2c8c063000-7f2c8c066000 r-xp 00002000 08:02 2097967                    /usr/lib/x86_64-linux-gnu/alsa-lib/libasound_module_pcm_pulse.so
7f2c8c066000-7f2c8c067000 r--p 00005000 08:02 2097967                    /usr/lib/x86_64-linux-gnu/alsa-lib/libasound_module_pcm_pulse.so
7f2c8c067000-7f2c8c068000 ---p 00006000 08:02 2097967                    /usr/lib/x86_64-linux-gnu/alsa-lib/libasound_module_pcm_pulse.so
7f2c8c068000-7f2c8c069000 r--p 00006000 08:02 2097967                    /usr/lib/x86_64-linux-gnu/alsa-lib/libasound_module_pcm_pulse.so
7f2c8c069000-7f2c8c06a000 rw-p 00007000 08:02 2097967                    /usr/lib/x86_64-linux-gnu/alsa-lib/libasound_module_pcm_pulse.so
7f2c8c06a000-7f2c8c071000 r--s 00000000 08:02 2102563                    /usr/lib/x86_64-linux-gnu/gconv/gconv-modules.cache
7f2c8c071000-7f2c8c0a2000 rw-p 00000000 00:00 0 
7f2c8c0a2000-7f2c8c0a6000 r--p 00000000 08:02 1447901                    /usr/lib/jvm/java-11-openjdk-amd64/lib/libnet.so
7f2c8c0a6000-7f2c8c0b4000 r-xp 00004000 08:02 1447901                    /usr/lib/jvm/java-11-openjdk-amd64/lib/libnet.so
7f2c8c0b4000-7f2c8c0b8000 r--p 00012000 08:02 1447901                    /usr/lib/jvm/java-11-openjdk-amd64/lib/libnet.so
7f2c8c0b8000-7f2c8c0b9000 r--p 00015000 08:02 1447901                    /usr/lib/jvm/java-11-openjdk-amd64/lib/libnet.so
7f2c8c0b9000-7f2c8c0ba000 rw-p 00016000 08:02 1447901                    /usr/lib/jvm/java-11-openjdk-amd64/lib/libnet.so
7f2c8c0ba000-7f2c8c0c1000 r--p 00000000 08:02 1447902                    /usr/lib/jvm/java-11-openjdk-amd64/lib/libnio.so
7f2c8c0c1000-7f2c8c0c9000 r-xp 00007000 08:02 1447902                    /usr/lib/jvm/java-11-openjdk-amd64/lib/libnio.so
7f2c8c0c9000-7f2c8c0cc000 r--p 0000f000 08:02 1447902                    /usr/lib/jvm/java-11-openjdk-amd64/lib/libnio.so
7f2c8c0cc000-7f2c8c0cd000 r--p 00011000 08:02 1447902                    /usr/lib/jvm/java-11-openjdk-amd64/lib/libnio.so
7f2c8c0cd000-7f2c8c0ce000 rw-p 00012000 08:02 1447902                    /usr/lib/jvm/java-11-openjdk-amd64/lib/libnio.so
7f2c8c0ce000-7f2c8c0d2000 ---p 00000000 00:00 0 
7f2c8c0d2000-7f2c8c1cf000 rw-p 00000000 00:00 0 
7f2c8c1cf000-7f2c8c1d3000 ---p 00000000 00:00 0 
7f2c8c1d3000-7f2c8c4c0000 rw-p 00000000 00:00 0 
7f2c8c4c0000-7f2c8e160000 ---p 00000000 00:00 0 
7f2c8e160000-7f2c8e358000 rw-p 00000000 00:00 0 
7f2c8e358000-7f2c8fff8000 ---p 00000000 00:00 0 
7f2c8fff8000-7f2c90000000 rw-p 00000000 00:00 0 
7f2c90000000-7f2c90021000 rw-p 00000000 00:00 0 
7f2c90021000-7f2c94000000 ---p 00000000 00:00 0 
7f2c94001000-7f2c94002000 r--p 00000000 08:02 1448940                    /usr/lib/x86_64-linux-gnu/libXau.so.6.0.0
7f2c94002000-7f2c94004000 r-xp 00001000 08:02 1448940                    /usr/lib/x86_64-linux-gnu/libXau.so.6.0.0
7f2c94004000-7f2c94005000 r--p 00003000 08:02 1448940                    /usr/lib/x86_64-linux-gnu/libXau.so.6.0.0
7f2c94005000-7f2c94006000 r--p 00003000 08:02 1448940                    /usr/lib/x86_64-linux-gnu/libXau.so.6.0.0
7f2c94006000-7f2c94007000 rw-p 00004000 08:02 1448940                    /usr/lib/x86_64-linux-gnu/libXau.so.6.0.0
7f2c94007000-7f2c94009000 r--p 00000000 08:02 2234037                    /usr/local/lib/libpjmedia-audiodev.so.2
7f2c94009000-7f2c9400d000 r-xp 00002000 08:02 2234037                    /usr/local/lib/libpjmedia-audiodev.so.2
7f2c9400d000-7f2c9400e000 r--p 00006000 08:02 2234037                    /usr/local/lib/libpjmedia-audiodev.so.2
7f2c9400e000-7f2c9400f000 ---p 00007000 08:02 2234037                    /usr/local/lib/libpjmedia-audiodev.so.2
7f2c9400f000-7f2c94010000 r--p 00007000 08:02 2234037                    /usr/local/lib/libpjmedia-audiodev.so.2
7f2c94010000-7f2c94011000 rw-p 00008000 08:02 2234037                    /usr/local/lib/libpjmedia-audiodev.so.2
7f2c94011000-7f2c94015000 ---p 00000000 00:00 0 
7f2c94015000-7f2c94112000 rw-p 00000000 00:00 0 
7f2c94112000-7f2c94116000 ---p 00000000 00:00 0 
7f2c94116000-7f2c94213000 rw-p 00000000 00:00 0 
7f2c94213000-7f2c94217000 ---p 00000000 00:00 0 
7f2c94217000-7f2c94314000 rw-p 00000000 00:00 0 
7f2c94314000-7f2c94318000 ---p 00000000 00:00 0 
7f2c94318000-7f2c94415000 rw-p 00000000 00:00 0 
7f2c94415000-7f2c94419000 ---p 00000000 00:00 0 
7f2c94419000-7f2c94516000 rw-p 00000000 00:00 0 
7f2c94516000-7f2c94517000 ---p 00000000 00:00 0 
7f2c94517000-7f2c9471c000 rw-p 00000000 00:00 0 
7f2c9471c000-7f2c9471d000 ---p 00000000 00:00 0 
7f2c9471d000-7f2c9481e000 rw-p 00000000 00:00 0 
7f2c9481e000-7f2c94a8e000 rwxp 00000000 00:00 0 
7f2c94a8e000-7f2c94dae000 ---p 00000000 00:00 0 
7f2c94dae000-7f2c9501e000 rwxp 00000000 00:00 0 
7f2c9501e000-7f2c9c2e6000 ---p 00000000 00:00 0 
7f2c9c2e6000-7f2c9c556000 rwxp 00000000 00:00 0 
7f2c9c556000-7f2ca381e000 ---p 00000000 00:00 0 
7f2ca381e000-7f2cac000000 r--s 00000000 08:02 1447911                    /usr/lib/jvm/java-11-openjdk-amd64/lib/modules
7f2cac000000-7f2cac303000 rw-p 00000000 00:00 0 
7f2cac303000-7f2cb0000000 ---p 00000000 00:00 0 
7f2cb0000000-7f2cb0002000 r--p 00000000 08:02 2097965                    /usr/lib/x86_64-linux-gnu/alsa-lib/libasound_module_pcm_jack.so
7f2cb0002000-7f2cb0004000 r-xp 00002000 08:02 2097965                    /usr/lib/x86_64-linux-gnu/alsa-lib/libasound_module_pcm_jack.so
7f2cb0004000-7f2cb0005000 r--p 00004000 08:02 2097965                    /usr/lib/x86_64-linux-gnu/alsa-lib/libasound_module_pcm_jack.so
7f2cb0005000-7f2cb0006000 r--p 00004000 08:02 2097965                    /usr/lib/x86_64-linux-gnu/alsa-lib/libasound_module_pcm_jack.so
7f2cb0006000-7f2cb0007000 rw-p 00005000 08:02 2097965                    /usr/lib/x86_64-linux-gnu/alsa-lib/libasound_module_pcm_jack.so
7f2cb0007000-7f2cb0049000 rw-p 00000000 00:00 0 
7f2cb0049000-7f2cb004a000 ---p 00000000 00:00 0 
7f2cb004a000-7f2cb054f000 rw-p 00000000 00:00 0 
7f2cb054f000-7f2cb0550000 ---p 00000000 00:00 0 
7f2cb0550000-7f2cb0651000 rw-p 00000000 00:00 0 
7f2cb0651000-7f2cb0652000 ---p 00000000 00:00 0 
7f2cb0652000-7f2cb07d3000 rw-p 00000000 00:00 0 
7f2cb07d3000-7f2cb0b67000 ---p 00000000 00:00 0 
7f2cb0b67000-7f2cb0ba6000 rw-p 00000000 00:00 0 
7f2cb0ba6000-7f2cb0f3a000 ---p 00000000 00:00 0 
7f2cb0f3a000-7f2cb0f79000 rw-p 00000000 00:00 0 
7f2cb0f79000-7f2cb130d000 ---p 00000000 00:00 0 
7f2cb130d000-7f2cb1712000 rw-p 00000000 00:00 0 
7f2cb1712000-7f2cb1713000 ---p 00000000 00:00 0 
7f2cb1713000-7f2cb1819000 rw-p 00000000 00:00 0 
7f2cb1819000-7f2cb18ff000 ---p 00000000 00:00 0 
7f2cb18ff000-7f2cb1904000 rw-p 00000000 00:00 0 
7f2cb1904000-7f2cb19ea000 ---p 00000000 00:00 0 
7f2cb19ea000-7f2cb19ed000 r--p 00000000 08:02 1445800                    /usr/lib/x86_64-linux-gnu/libnss_files-2.31.so
7f2cb19ed000-7f2cb19f4000 r-xp 00003000 08:02 1445800                    /usr/lib/x86_64-linux-gnu/libnss_files-2.31.so
7f2cb19f4000-7f2cb19f6000 r--p 0000a000 08:02 1445800                    /usr/lib/x86_64-linux-gnu/libnss_files-2.31.so
7f2cb19f6000-7f2cb19f7000 r--p 0000b000 08:02 1445800                    /usr/lib/x86_64-linux-gnu/libnss_files-2.31.so
7f2cb19f7000-7f2cb19f8000 rw-p 0000c000 08:02 1445800                    /usr/lib/x86_64-linux-gnu/libnss_files-2.31.so
7f2cb19f8000-7f2cb1a03000 rw-p 00000000 00:00 0 
7f2cb1a03000-7f2cb1a0a000 ---p 00000000 00:00 0 
7f2cb1a0a000-7f2cb1a0c000 r--p 00000000 08:02 1447910                    /usr/lib/jvm/java-11-openjdk-amd64/lib/libzip.so
7f2cb1a0c000-7f2cb1a11000 r-xp 00002000 08:02 1447910                    /usr/lib/jvm/java-11-openjdk-amd64/lib/libzip.so
7f2cb1a11000-7f2cb1a13000 r--p 00007000 08:02 1447910                    /usr/lib/jvm/java-11-openjdk-amd64/lib/libzip.so
7f2cb1a13000-7f2cb1a14000 r--p 00008000 08:02 1447910                    /usr/lib/jvm/java-11-openjdk-amd64/lib/libzip.so
7f2cb1a14000-7f2cb1a15000 rw-p 00009000 08:02 1447910                    /usr/lib/jvm/java-11-openjdk-amd64/lib/libzip.so
7f2cb1a15000-7f2cb1a1d000 rw-s 00000000 08:02 9446038                    /tmp/hsperfdata_user/131136
7f2cb1a1d000-7f2cb1a2b000 r--p 00000000 08:02 1447890                    /usr/lib/jvm/java-11-openjdk-amd64/lib/libjava.so
7f2cb1a2b000-7f2cb1a41000 r-xp 0000e000 08:02 1447890                    /usr/lib/jvm/java-11-openjdk-amd64/lib/libjava.so
7f2cb1a41000-7f2cb1a48000 r--p 00024000 08:02 1447890                    /usr/lib/jvm/java-11-openjdk-amd64/lib/libjava.so
7f2cb1a48000-7f2cb1a49000 r--p 0002a000 08:02 1447890                    /usr/lib/jvm/java-11-openjdk-amd64/lib/libjava.so
7f2cb1a49000-7f2cb1a4a000 rw-p 0002b000 08:02 1447890                    /usr/lib/jvm/java-11-openjdk-amd64/lib/libjava.so
7f2cb1a4a000-7f2cb1a4b000 rw-p 00000000 00:00 0 
7f2cb1a4b000-7f2cb1a4d000 r--p 00000000 08:02 1445807                    /usr/lib/x86_64-linux-gnu/librt-2.31.so
7f2cb1a4d000-7f2cb1a51000 r-xp 00002000 08:02 1445807                    /usr/lib/x86_64-linux-gnu/librt-2.31.so
7f2cb1a51000-7f2cb1a53000 r--p 00006000 08:02 1445807                    /usr/lib/x86_64-linux-gnu/librt-2.31.so
7f2cb1a53000-7f2cb1a54000 r--p 00007000 08:02 1445807                    /usr/lib/x86_64-linux-gnu/librt-2.31.so
7f2cb1a54000-7f2cb1a55000 rw-p 00008000 08:02 1445807                    /usr/lib/x86_64-linux-gnu/librt-2.31.so
7f2cb1a55000-7f2cb1a59000 ---p 00000000 00:00 0 
7f2cb1a59000-7f2cb1b56000 rw-p 00000000 00:00 0 
7f2cb1b56000-7f2cb1b59000 r--p 00000000 08:02 1449406                    /usr/lib/x86_64-linux-gnu/libgcc_s.so.1
7f2cb1b59000-7f2cb1b6b000 r-xp 00003000 08:02 1449406                    /usr/lib/x86_64-linux-gnu/libgcc_s.so.1
7f2cb1b6b000-7f2cb1b6f000 r--p 00015000 08:02 1449406                    /usr/lib/x86_64-linux-gnu/libgcc_s.so.1
7f2cb1b6f000-7f2cb1b70000 r--p 00018000 08:02 1449406                    /usr/lib/x86_64-linux-gnu/libgcc_s.so.1
7f2cb1b70000-7f2cb1b71000 rw-p 00019000 08:02 1449406                    /usr/lib/x86_64-linux-gnu/libgcc_s.so.1
7f2cb1b71000-7f2cb1b7e000 r--p 00000000 08:02 1445794                    /usr/lib/x86_64-linux-gnu/libm-2.31.so
7f2cb1b7e000-7f2cb1c25000 r-xp 0000d000 08:02 1445794                    /usr/lib/x86_64-linux-gnu/libm-2.31.so
7f2cb1c25000-7f2cb1cbe000 r--p 000b4000 08:02 1445794                    /usr/lib/x86_64-linux-gnu/libm-2.31.so
7f2cb1cbe000-7f2cb1cbf000 r--p 0014c000 08:02 1445794                    /usr/lib/x86_64-linux-gnu/libm-2.31.so
7f2cb1cbf000-7f2cb1cc0000 rw-p 0014d000 08:02 1445794                    /usr/lib/x86_64-linux-gnu/libm-2.31.so
7f2cb1cc0000-7f2cb1d56000 r--p 00000000 08:02 1450209                    /usr/lib/x86_64-linux-gnu/libstdc++.so.6.0.28
7f2cb1d56000-7f2cb1e47000 r-xp 00096000 08:02 1450209                    /usr/lib/x86_64-linux-gnu/libstdc++.so.6.0.28
7f2cb1e47000-7f2cb1e90000 r--p 00187000 08:02 1450209                    /usr/lib/x86_64-linux-gnu/libstdc++.so.6.0.28
7f2cb1e90000-7f2cb1e91000 ---p 001d0000 08:02 1450209                    /usr/lib/x86_64-linux-gnu/libstdc++.so.6.0.28
7f2cb1e91000-7f2cb1e9c000 r--p 001d0000 08:02 1450209                    /usr/lib/x86_64-linux-gnu/libstdc++.so.6.0.28
7f2cb1e9c000-7f2cb1e9f000 rw-p 001db000 08:02 1450209                    /usr/lib/x86_64-linux-gnu/libstdc++.so.6.0.28
7f2cb1e9f000-7f2cb1ea2000 rw-p 00000000 00:00 0 
7f2cb1ea2000-7f2cb2124000 r--p 00000000 08:02 1447914                    /usr/lib/jvm/java-11-openjdk-amd64/lib/server/libjvm.so
7f2cb2124000-7f2cb2daa000 r-xp 00282000 08:02 1447914                    /usr/lib/jvm/java-11-openjdk-amd64/lib/server/libjvm.so
7f2cb2daa000-7f2cb3006000 r--p 00f08000 08:02 1447914                    /usr/lib/jvm/java-11-openjdk-amd64/lib/server/libjvm.so
7f2cb3006000-7f2cb30ca000 r--p 01163000 08:02 1447914                    /usr/lib/jvm/java-11-openjdk-amd64/lib/server/libjvm.so
7f2cb30ca000-7f2cb3105000 rw-p 01227000 08:02 1447914                    /usr/lib/jvm/java-11-openjdk-amd64/lib/server/libjvm.so
7f2cb3105000-7f2cb315e000 rw-p 00000000 00:00 0 
7f2cb315e000-7f2cb3164000 r--p 00000000 08:02 1445805                    /usr/lib/x86_64-linux-gnu/libpthread-2.31.so
7f2cb3164000-7f2cb3175000 r-xp 00006000 08:02 1445805                    /usr/lib/x86_64-linux-gnu/libpthread-2.31.so
7f2cb3175000-7f2cb317b000 r--p 00017000 08:02 1445805                    /usr/lib/x86_64-linux-gnu/libpthread-2.31.so
7f2cb317b000-7f2cb317c000 r--p 0001c000 08:02 1445805                    /usr/lib/x86_64-linux-gnu/libpthread-2.31.so
7f2cb317c000-7f2cb317d000 rw-p 0001d000 08:02 1445805                    /usr/lib/x86_64-linux-gnu/libpthread-2.31.so
7f2cb317d000-7f2cb3181000 rw-p 00000000 00:00 0 
7f2cb3181000-7f2cb3182000 r--p 00000000 08:02 1445793                    /usr/lib/x86_64-linux-gnu/libdl-2.31.so
7f2cb3182000-7f2cb3184000 r-xp 00001000 08:02 1445793                    /usr/lib/x86_64-linux-gnu/libdl-2.31.so
7f2cb3184000-7f2cb3185000 r--p 00003000 08:02 1445793                    /usr/lib/x86_64-linux-gnu/libdl-2.31.so
7f2cb3185000-7f2cb3186000 r--p 00003000 08:02 1445793                    /usr/lib/x86_64-linux-gnu/libdl-2.31.so
7f2cb3186000-7f2cb3187000 rw-p 00004000 08:02 1445793                    /usr/lib/x86_64-linux-gnu/libdl-2.31.so
7f2cb3187000-7f2cb3189000 r--p 00000000 08:02 1445493                    /usr/lib/x86_64-linux-gnu/libz.so.1.2.11
7f2cb3189000-7f2cb319a000 r-xp 00002000 08:02 1445493                    /usr/lib/x86_64-linux-gnu/libz.so.1.2.11
7f2cb319a000-7f2cb31a0000 r--p 00013000 08:02 1445493                    /usr/lib/x86_64-linux-gnu/libz.so.1.2.11
7f2cb31a0000-7f2cb31a1000 ---p 00019000 08:02 1445493                    /usr/lib/x86_64-linux-gnu/libz.so.1.2.11
7f2cb31a1000-7f2cb31a2000 r--p 00019000 08:02 1445493                    /usr/lib/x86_64-linux-gnu/libz.so.1.2.11
7f2cb31a2000-7f2cb31a3000 rw-p 0001a000 08:02 1445493                    /usr/lib/x86_64-linux-gnu/libz.so.1.2.11
7f2cb31a3000-7f2cb31c5000 r--p 00000000 08:02 1445792                    /usr/lib/x86_64-linux-gnu/libc-2.31.so
7f2cb31c5000-7f2cb333d000 r-xp 00022000 08:02 1445792                    /usr/lib/x86_64-linux-gnu/libc-2.31.so
7f2cb333d000-7f2cb338b000 r--p 0019a000 08:02 1445792                    /usr/lib/x86_64-linux-gnu/libc-2.31.so
7f2cb338b000-7f2cb338f000 r--p 001e7000 08:02 1445792                    /usr/lib/x86_64-linux-gnu/libc-2.31.so
7f2cb338f000-7f2cb3391000 rw-p 001eb000 08:02 1445792                    /usr/lib/x86_64-linux-gnu/libc-2.31.so
7f2cb3391000-7f2cb3395000 rw-p 00000000 00:00 0 
7f2cb3395000-7f2cb3397000 r--s 0000c000 08:02 2235382                    /usr/share/java/java-atk-wrapper.jar
7f2cb3397000-7f2cb3398000 ---p 00000000 00:00 0 
7f2cb3398000-7f2cb3399000 r--p 00000000 00:00 0 
7f2cb3399000-7f2cb339b000 r--p 00000000 08:02 1447893                    /usr/lib/jvm/java-11-openjdk-amd64/lib/libjimage.so
7f2cb339b000-7f2cb339e000 r-xp 00002000 08:02 1447893                    /usr/lib/jvm/java-11-openjdk-amd64/lib/libjimage.so
7f2cb339e000-7f2cb339f000 r--p 00005000 08:02 1447893                    /usr/lib/jvm/java-11-openjdk-amd64/lib/libjimage.so
7f2cb339f000-7f2cb33a0000 ---p 00006000 08:02 1447893                    /usr/lib/jvm/java-11-openjdk-amd64/lib/libjimage.so
7f2cb33a0000-7f2cb33a1000 r--p 00006000 08:02 1447893                    /usr/lib/jvm/java-11-openjdk-amd64/lib/libjimage.so
7f2cb33a1000-7f2cb33a2000 rw-p 00007000 08:02 1447893                    /usr/lib/jvm/java-11-openjdk-amd64/lib/libjimage.so
7f2cb33a2000-7f2cb33a7000 r--p 00000000 08:02 1447909                    /usr/lib/jvm/java-11-openjdk-amd64/lib/libverify.so
7f2cb33a7000-7f2cb33ae000 r-xp 00005000 08:02 1447909                    /usr/lib/jvm/java-11-openjdk-amd64/lib/libverify.so
7f2cb33ae000-7f2cb33b0000 r--p 0000c000 08:02 1447909                    /usr/lib/jvm/java-11-openjdk-amd64/lib/libverify.so
7f2cb33b0000-7f2cb33b1000 ---p 0000e000 08:02 1447909                    /usr/lib/jvm/java-11-openjdk-amd64/lib/libverify.so
7f2cb33b1000-7f2cb33b3000 r--p 0000e000 08:02 1447909                    /usr/lib/jvm/java-11-openjdk-amd64/lib/libverify.so
7f2cb33b3000-7f2cb33b4000 rw-p 00010000 08:02 1447909                    /usr/lib/jvm/java-11-openjdk-amd64/lib/libverify.so
7f2cb33b4000-7f2cb33b7000 r--p 00000000 08:02 1447875                    /usr/lib/jvm/java-11-openjdk-amd64/lib/jli/libjli.so
7f2cb33b7000-7f2cb33c1000 r-xp 00003000 08:02 1447875                    /usr/lib/jvm/java-11-openjdk-amd64/lib/jli/libjli.so
7f2cb33c1000-7f2cb33c4000 r--p 0000d000 08:02 1447875                    /usr/lib/jvm/java-11-openjdk-amd64/lib/jli/libjli.so
7f2cb33c4000-7f2cb33c5000 ---p 00010000 08:02 1447875                    /usr/lib/jvm/java-11-openjdk-amd64/lib/jli/libjli.so
7f2cb33c5000-7f2cb33c6000 r--p 00010000 08:02 1447875                    /usr/lib/jvm/java-11-openjdk-amd64/lib/jli/libjli.so
7f2cb33c6000-7f2cb33c7000 rw-p 00011000 08:02 1447875                    /usr/lib/jvm/java-11-openjdk-amd64/lib/jli/libjli.so
7f2cb33c7000-7f2cb33c9000 rw-p 00000000 00:00 0 
7f2cb33c9000-7f2cb33ca000 r--p 00000000 08:02 1445788                    /usr/lib/x86_64-linux-gnu/ld-2.31.so
7f2cb33ca000-7f2cb33ed000 r-xp 00001000 08:02 1445788                    /usr/lib/x86_64-linux-gnu/ld-2.31.so
7f2cb33ed000-7f2cb33f5000 r--p 00024000 08:02 1445788                    /usr/lib/x86_64-linux-gnu/ld-2.31.so
7f2cb33f6000-7f2cb33f7000 r--p 0002c000 08:02 1445788                    /usr/lib/x86_64-linux-gnu/ld-2.31.so
7f2cb33f7000-7f2cb33f8000 rw-p 0002d000 08:02 1445788                    /usr/lib/x86_64-linux-gnu/ld-2.31.so
7f2cb33f8000-7f2cb33f9000 rw-p 00000000 00:00 0 
7ffd04cfa000-7ffd04d1b000 rw-p 00000000 00:00 0                          [stack]
7ffd04db1000-7ffd04db5000 r--p 00000000 00:00 0                          [vvar]
7ffd04db5000-7ffd04db7000 r-xp 00000000 00:00 0                          [vdso]
ffffffffff600000-ffffffffff601000 --xp 00000000 00:00 0                  [vsyscall]


VM Arguments:
java_command: com.zilogic.mypjsip.MyApp
java_class_path (initial): /home/user/NetBeansProjects/mypjsip/target/classes:/home/user/.m2/repository/pjsip/pjsip/1.0/pjsip-1.0.jar
Launcher Type: SUN_STANDARD

[Global flags]
     intx CICompilerCount                          = 3                                         {product} {ergonomic}
     uint ConcGCThreads                            = 1                                         {product} {ergonomic}
     uint G1ConcRefinementThreads                  = 4                                         {product} {ergonomic}
   size_t G1HeapRegionSize                         = 1048576                                   {product} {ergonomic}
    uintx GCDrainStackTargetSize                   = 64                                        {product} {ergonomic}
   size_t InitialHeapSize                          = 130023424                                 {product} {ergonomic}
   size_t MarkStackSize                            = 4194304                                   {product} {ergonomic}
   size_t MaxHeapSize                              = 2053111808                                {product} {ergonomic}
   size_t MaxNewSize                               = 1231028224                                {product} {ergonomic}
   size_t MinHeapDeltaBytes                        = 1048576                                   {product} {ergonomic}
    uintx NonNMethodCodeHeapSize                   = 5830732                                {pd product} {ergonomic}
    uintx NonProfiledCodeHeapSize                  = 122913754                              {pd product} {ergonomic}
    uintx ProfiledCodeHeapSize                     = 122913754                              {pd product} {ergonomic}
    uintx ReservedCodeCacheSize                    = 251658240                              {pd product} {ergonomic}
     bool SegmentedCodeCache                       = true                                      {product} {ergonomic}
     bool UseCompressedClassPointers               = true                                 {lp64_product} {ergonomic}
     bool UseCompressedOops                        = true                                 {lp64_product} {ergonomic}
     bool UseG1GC                                  = true                                      {product} {ergonomic}

Logging:
Log output configuration:
 #0: stdout all=warning uptime,level,tags
 #1: stderr all=off uptime,level,tags

Environment Variables:
JAVA_HOME=/usr/lib/jvm/java-11-openjdk-amd64
PATH=/home/user/.local/bin:/usr/local/sbin:/usr/local/bin:/usr/sbin:/usr/bin:/sbin:/bin:/usr/games:/usr/local/games:/snap/bin
USERNAME=user
SHELL=/bin/bash
DISPLAY=:0
LANG=en_IN

Signal Handlers:
SIGSEGV: [libjvm.so+0xe95100], sa_mask[0]=11111111011111111101111111111110, sa_flags=SA_RESTART|SA_SIGINFO
SIGBUS: [libjvm.so+0xe95100], sa_mask[0]=11111111011111111101111111111110, sa_flags=SA_RESTART|SA_SIGINFO
SIGFPE: [libjvm.so+0xe95100], sa_mask[0]=11111111011111111101111111111110, sa_flags=SA_RESTART|SA_SIGINFO
SIGPIPE: [libjvm.so+0xbdca50], sa_mask[0]=11111111011111111101111111111110, sa_flags=SA_RESTART|SA_SIGINFO
SIGXFSZ: [libjvm.so+0xbdca50], sa_mask[0]=11111111011111111101111111111110, sa_flags=SA_RESTART|SA_SIGINFO
SIGILL: [libjvm.so+0xe95100], sa_mask[0]=11111111011111111101111111111110, sa_flags=SA_RESTART|SA_SIGINFO
SIGUSR2: [libjvm.so+0xbdc8f0], sa_mask[0]=00100000000000000000000000000000, sa_flags=SA_RESTART|SA_SIGINFO
SIGHUP: [libjvm.so+0xbdcd90], sa_mask[0]=11111111011111111101111111111110, sa_flags=SA_RESTART|SA_SIGINFO
SIGINT: SIG_IGN, sa_mask[0]=00000000000000000000000000000000, sa_flags=none
SIGTERM: [libjvm.so+0xbdcd90], sa_mask[0]=11111111011111111101111111111110, sa_flags=SA_RESTART|SA_SIGINFO
SIGQUIT: [libjvm.so+0xbdcd90], sa_mask[0]=11111111011111111101111111111110, sa_flags=SA_RESTART|SA_SIGINFO


---------------  S Y S T E M  ---------------

OS:DISTRIB_ID=Ubuntu
DISTRIB_RELEASE=20.04
DISTRIB_CODENAME=focal
DISTRIB_DESCRIPTION="Ubuntu 20.04.4 LTS"
uname:Linux 5.13.0-52-generic #59~20.04.1-Ubuntu SMP Thu Jun 16 21:21:28 UTC 2022 x86_64
OS uptime: 0 days 8:41 hours
libc:glibc 2.31 NPTL 2.31 
rlimit (soft/hard): STACK 8192k/infinity , CORE 0k/infinity , NPROC 31037/31037 , NOFILE 1048576/1048576 , AS infinity/infinity , CPU infinity/infinity , DATA infinity/infinity , FSIZE infinity/infinity , MEMLOCK 65536k/65536k
load average:0.46 1.19 1.69

/proc/meminfo:
MemTotal:        8017184 kB
MemFree:         1412356 kB
MemAvailable:    3323912 kB
Buffers:          245424 kB
Cached:          2018672 kB
SwapCached:       264128 kB
Active:          2649492 kB
Inactive:        3217468 kB
Active(anon):    1941624 kB
Inactive(anon):  2068528 kB
Active(file):     707868 kB
Inactive(file):  1148940 kB
Unevictable:       68896 kB
Mlocked:              16 kB
SwapTotal:       3999740 kB
SwapFree:        2112960 kB
Dirty:               780 kB
Writeback:             0 kB
AnonPages:       3468980 kB
Mapped:           379692 kB
Shmem:            409752 kB
KReclaimable:     358984 kB
Slab:             529852 kB
SReclaimable:     358984 kB
SUnreclaim:       170868 kB
KernelStack:       20480 kB
PageTables:        44984 kB
NFS_Unstable:          0 kB
Bounce:                0 kB
WritebackTmp:          0 kB
CommitLimit:     8008332 kB
Committed_AS:   12494184 kB
VmallocTotal:   34359738367 kB
VmallocUsed:       45856 kB
VmallocChunk:          0 kB
Percpu:             4400 kB
HardwareCorrupted:     0 kB
AnonHugePages:         0 kB
ShmemHugePages:        0 kB
ShmemPmdMapped:        0 kB
FileHugePages:         0 kB
FilePmdMapped:         0 kB
HugePages_Total:       0
HugePages_Free:        0
HugePages_Rsvd:        0
HugePages_Surp:        0
Hugepagesize:       2048 kB
Hugetlb:               0 kB
DirectMap4k:      489888 kB
DirectMap2M:     7774208 kB
DirectMap1G:           0 kB

/sys/kernel/mm/transparent_hugepage/enabled:
always [madvise] never
/sys/kernel/mm/transparent_hugepage/defrag (defrag/compaction efforts parameter):
always defer defer+madvise [madvise] never

Process Memory:
Virtual Size: 5354316K (peak: 13435636K)
Resident Set Size: 67184K (peak: 67388K) (anon: 30664K, file: 36520K, shmem: 0K)
Swapped out: 0K
C-Heap outstanding allocations: 3541K

/proc/sys/kernel/threads-max (system-wide limit on the number of threads):
62075
/proc/sys/vm/max_map_count (maximum number of memory map areas a process may have):
65530
/proc/sys/kernel/pid_max (system-wide limit on number of process identifiers):
4194304

container (cgroup) information:
container_type: cgroupv1
cpu_cpuset_cpus: 0-3
cpu_memory_nodes: 0
active_processor_count: 4
cpu_quota: -1
cpu_period: 100000
cpu_shares: -1
memory_limit_in_bytes: -1
memory_and_swap_limit_in_bytes: -1
memory_soft_limit_in_bytes: -1
memory_usage_in_bytes: 4622270464
memory_max_usage_in_bytes: 6924566528

Steal ticks since vm start: 0
Steal ticks percentage since vm start:  0.000

CPU:total 4 (initial active 4) (4 cores per cpu, 1 threads per core) family 6 model 158 stepping 9 microcode 0xf0, cmov, cx8, fxsr, mmx, sse, sse2, sse3, ssse3, sse4.1, sse4.2, popcnt, avx, avx2, aes, clmul, erms, rtm, 3dnowpref, lzcnt, tsc, tscinvbit, bmi1, bmi2, adx, fma
CPU Model and flags from /proc/cpuinfo:
model name	: Intel(R) Core(TM) i5-7500 CPU @ 3.40GHz
flags		: fpu vme de pse tsc msr pae mce cx8 apic sep mtrr pge mca cmov pat pse36 clflush dts acpi mmx fxsr sse sse2 ss ht tm pbe syscall nx pdpe1gb rdtscp lm constant_tsc art arch_perfmon pebs bts rep_good nopl xtopology nonstop_tsc cpuid aperfmperf pni pclmulqdq dtes64 monitor ds_cpl vmx smx est tm2 ssse3 sdbg fma cx16 xtpr pdcm pcid sse4_1 sse4_2 x2apic movbe popcnt tsc_deadline_timer aes xsave avx f16c rdrand lahf_lm abm 3dnowprefetch cpuid_fault epb invpcid_single pti ssbd ibrs ibpb stibp tpr_shadow vnmi flexpriority ept vpid ept_ad fsgsbase tsc_adjust bmi1 hle avx2 smep bmi2 erms invpcid rtm mpx rdseed adx smap clflushopt intel_pt xsaveopt xsavec xgetbv1 xsaves dtherm ida arat pln pts hwp hwp_notify hwp_act_window hwp_epp md_clear flush_l1d arch_capabilities
Online cpus:
0-3
Offline cpus:

BIOS frequency limitation:
<Not Available>
Frequency switch latency (ns):
0
Available cpu frequencies:
<Not Available>
Current governor:
powersave
Core performance/turbo boost:
<Not Available>

Memory: 4k page, physical 8017184k(1412356k free), swap 3999740k(2112960k free)

vm_info: OpenJDK 64-Bit Server VM (11.0.15+10-Ubuntu-0ubuntu0.20.04.1) for linux-amd64 JRE (11.0.15+10-Ubuntu-0ubuntu0.20.04.1), built on Apr 23 2022 13:02:10 by "unknown" with gcc 9.4.0

END.
