#
# A fatal error has been detected by the Java Runtime Environment:
#
#  SIGSEGV (0xb) at pc=0x00007fa5c0081c88, pid=12646, tid=12647
#
# JRE version: OpenJDK Runtime Environment (11.0.15+10) (build 11.0.15+10-Ubuntu-0ubuntu0.20.04.1)
# Java VM: OpenJDK 64-Bit Server VM (11.0.15+10-Ubuntu-0ubuntu0.20.04.1, mixed mode, sharing, tiered, compressed oops, g1 gc, linux-amd64)
# Problematic frame:
# C  [libpjsua2.so.2+0x5ac88]  pj::Call::hasMedia() const+0x8
#
# Core dump will be written. Default location: Core dumps may be processed with "/usr/share/apport/apport -p%p -s%s -c%c -d%d -P%P -u%u -g%g -- %E" (or dumping to /home/user/NetBeansProjects/mypjsip/core.12646)
#
# If you would like to submit a bug report, please visit:
#   Unknown
# The crash happened outside the Java Virtual Machine in native code.
# See problematic frame for where to report the bug.
#

---------------  S U M M A R Y ------------

Command Line: com.zilogic.mypjsip.MyApp

Host: Intel(R) Core(TM) i5-7500 CPU @ 3.40GHz, 4 cores, 7G, Ubuntu 20.04.4 LTS
Time: Tue Jul 12 11:37:30 2022 IST elapsed time: 107.009291 seconds (0d 0h 1m 47s)

---------------  T H R E A D  ---------------

Current thread (0x00007fa5e4016000):  JavaThread "main" [_thread_in_native, id=12647, stack(0x00007fa5e8738000,0x00007fa5e8839000)]

Stack: [0x00007fa5e8738000,0x00007fa5e8839000],  sp=0x00007fa5e8837840,  free space=1022k
Native frames: (J=compiled Java code, A=aot compiled Java code, j=interpreted, Vv=VM code, C=native code)
C  [libpjsua2.so.2+0x5ac88]  pj::Call::hasMedia() const+0x8
j  org.pjsip.pjsua2.Call.hasMedia()Z+5
j  com.zilogic.mypjsip.MyApp.main([Ljava/lang/String;)V+736
v  ~StubRoutines::call_stub
V  [libjvm.so+0x869cc4]
V  [libjvm.so+0x8e6d8d]
V  [libjvm.so+0x8e94a0]
C  [libjli.so+0x5a6a]
C  [libjli.so+0x9cdd]

Java frames: (J=compiled Java code, j=interpreted, Vv=VM code)
j  org.pjsip.pjsua2.pjsua2JNI.Call_hasMedia(JLorg/pjsip/pjsua2/Call;)Z+0
j  org.pjsip.pjsua2.Call.hasMedia()Z+5
j  com.zilogic.mypjsip.MyApp.main([Ljava/lang/String;)V+736
v  ~StubRoutines::call_stub

siginfo: si_signo: 11 (SIGSEGV), si_code: 1 (SEGV_MAPERR), si_addr: 0x0000000000000010

Register to memory mapping:

RAX=0x00007fa5939259a0: Java_org_pjsip_pjsua2_pjsua2JNI_Call_1hasMedia+0x0000000000000000 in /usr/lib/libpjsua2.so at 0x00007fa593879000
RBX={method} {0x00007fa5c12b2d80} 'Call_hasMedia' '(JLorg/pjsip/pjsua2/Call;)Z' in 'org/pjsip/pjsua2/pjsua2JNI'
RCX=0x00007fa5e88378d0 is pointing into the stack for thread: 0x00007fa5e4016000
RDX=0x0 is NULL
RSP=0x00007fa5e8837840 is pointing into the stack for thread: 0x00007fa5e4016000
RBP=0x00007fa5e88378b0 is pointing into the stack for thread: 0x00007fa5e4016000
RSI=0x00007fa5e88378c0 is pointing into the stack for thread: 0x00007fa5e4016000
RDI=0x0 is NULL
R8 =0x00000000fff008e8 points into unknown readable memory: 0x0000001451968801 | 01 88 96 51 14 00 00 00
R9 =0x0000000000000001 is an unknown value
R10=0x00007fa5cc82d9e1 is at code_begin+897 in an Interpreter codelet
method entry point (kind = native)  [0x00007fa5cc82d660, 0x00007fa5cc82dfe0]  2432 bytes
R11=0x000000008c706540 points into unknown readable memory: 0x0000002ff4acd009 | 09 d0 ac f4 2f 00 00 00
R12=0x0 is NULL
R13={method} {0x00007fa5c12b2d80} 'Call_hasMedia' '(JLorg/pjsip/pjsua2/Call;)Z' in 'org/pjsip/pjsua2/pjsua2JNI'
R14=0x00007fa5e88378e0 is pointing into the stack for thread: 0x00007fa5e4016000
R15=0x00007fa5e4016000 is a thread


Registers:
RAX=0x00007fa5939259a0, RBX=0x00007fa5c12b2d80, RCX=0x00007fa5e88378d0, RDX=0x0000000000000000
RSP=0x00007fa5e8837840, RBP=0x00007fa5e88378b0, RSI=0x00007fa5e88378c0, RDI=0x0000000000000000
R8 =0x00000000fff008e8, R9 =0x0000000000000001, R10=0x00007fa5cc82d9e1, R11=0x000000008c706540
R12=0x0000000000000000, R13=0x00007fa5c12b2d80, R14=0x00007fa5e88378e0, R15=0x00007fa5e4016000
RIP=0x00007fa5c0081c88, EFLAGS=0x0000000000010202, CSGSFS=0x002b000000000033, ERR=0x0000000000000004
  TRAPNO=0x000000000000000e

Top of Stack: (sp=0x00007fa5e8837840)
0x00007fa5e8837840:   00007fa5e88378a8 00007fa5cc82da10
0x00007fa5e8837850:   000000008c77e5f8 000000008c77dd28
0x00007fa5e8837860:   0000000000000001 00007fa5e8837868
0x00007fa5e8837870:   0000000000000000 00007fa5e88378e0 

Instructions: (pc=0x00007fa5c0081c88)
0x00007fa5c0081b88:   89 57 10 48 83 c0 10 48 c7 47 18 00 00 00 00 48
0x00007fa5c0081b98:   89 07 48 c7 47 20 00 00 00 00 48 c7 47 28 00 00
0x00007fa5c0081ba8:   00 00 48 c7 47 30 00 00 00 00 48 c7 47 38 00 00
0x00007fa5c0081bb8:   00 00 48 c7 47 40 00 00 00 00 83 fa ff 75 09 48
0x00007fa5c0081bc8:   83 c4 08 5b 5d c3 66 90 89 d7 48 89 de e8 86 3d
0x00007fa5c0081bd8:   fc ff 48 83 c4 08 5b 5d c3 f3 0f 1e fa 48 89 c5
0x00007fa5c0081be8:   e9 db ac fc ff 90 66 90 f3 0f 1e fa 8b 7f 10 83
0x00007fa5c0081bf8:   ff ff 74 14 48 83 ec 08 e8 4b 49 fc ff 85 c0 0f
0x00007fa5c0081c08:   95 c0 48 83 c4 08 c3 90 31 c0 c3 90 66 66 2e 0f
0x00007fa5c0081c18:   1f 84 00 00 00 00 00 90 f3 0f 1e fa 8b 47 10 c3
0x00007fa5c0081c28:   0f 1f 84 00 00 00 00 00 f3 0f 1e fa 55 53 89 fb
0x00007fa5c0081c38:   48 83 ec 08 e8 8f 3e fc ff 48 85 c0 74 17 39 58
0x00007fa5c0081c48:   10 74 12 48 8b 68 40 48 85 ed 74 06 83 7d 10 ff
0x00007fa5c0081c58:   74 0e 89 58 10 48 83 c4 08 5b 5d c3 0f 1f 40 00
0x00007fa5c0081c68:   48 89 ee 89 df e8 ee 3c fc ff 48 89 e8 eb e3 90
0x00007fa5c0081c78:   0f 1f 84 00 00 00 00 00 f3 0f 1e fa 48 83 ec 08
0x00007fa5c0081c88:   8b 7f 10 e8 d0 43 fc ff 85 c0 0f 95 c0 48 83 c4
0x00007fa5c0081c98:   08 c3 66 0f 1f 44 00 00 f3 0f 1e fa 55 89 f5 53
0x00007fa5c0081ca8:   48 83 ec 08 48 8b 57 20 48 8b 47 28 48 29 d0 48
0x00007fa5c0081cb8:   c1 f8 03 48 39 c5 73 30 48 8b 04 ea 48 85 c0 74
0x00007fa5c0081cc8:   18 48 89 fb 48 89 c7 e8 cc 4a fc ff 83 f8 01 48
0x00007fa5c0081cd8:   8b 43 20 74 23 48 8b 04 e8 48 83 c4 08 5b 5d c3
0x00007fa5c0081ce8:   0f 1f 84 00 00 00 00 00 48 83 c4 08 31 c0 5b 5d
0x00007fa5c0081cf8:   c3 0f 1f 80 00 00 00 00 48 8b 3c e8 e8 a7 45 fc
0x00007fa5c0081d08:   ff 83 f8 ff 74 e2 48 8b 43 20 eb c9 66 66 2e 0f
0x00007fa5c0081d18:   1f 84 00 00 00 00 00 90 f3 0f 1e fa 48 83 ec 38
0x00007fa5c0081d28:   8b 7f 10 64 48 8b 04 25 28 00 00 00 48 89 44 24
0x00007fa5c0081d38:   28 31 c0 48 8b 42 08 48 8b 12 83 fe 2c 48 89 14
0x00007fa5c0081d48:   24 48 8b 11 48 89 44 24 08 48 8b 41 08 48 8d 4c
0x00007fa5c0081d58:   24 10 48 89 54 24 10 48 89 e2 48 89 44 24 18 b8
0x00007fa5c0081d68:   00 00 00 00 48 0f 45 d0 e8 7b 43 fc ff 48 8b 7c
0x00007fa5c0081d78:   24 28 64 48 33 3c 25 28 00 00 00 75 05 48 83 c4 


Stack slot to memory mapping:
stack at sp + 0 slots: 0x00007fa5e88378a8 is pointing into the stack for thread: 0x00007fa5e4016000
stack at sp + 1 slots: 0x00007fa5cc82da10 is at code_begin+944 in an Interpreter codelet
method entry point (kind = native)  [0x00007fa5cc82d660, 0x00007fa5cc82dfe0]  2432 bytes
stack at sp + 2 slots: 0x000000008c77e5f8 points into unknown readable memory: 0x000000000000000d | 0d 00 00 00 00 00 00 00
stack at sp + 3 slots: 0x000000008c77dd28 is an oop: java.util.Scanner 
{0x000000008c77dd28} - klass: 'java/util/Scanner'
stack at sp + 4 slots: 0x0000000000000001 is an unknown value
stack at sp + 5 slots: 0x00007fa5e8837868 is pointing into the stack for thread: 0x00007fa5e4016000
stack at sp + 6 slots: 0x0 is NULL
stack at sp + 7 slots: 0x00007fa5e88378e0 is pointing into the stack for thread: 0x00007fa5e4016000


---------------  P R O C E S S  ---------------

Threads class SMR info:
_java_thread_list=0x00007fa578027f20, length=9, elements={
0x00007fa5e4016000, 0x00007fa5e410f000, 0x00007fa5e4111000, 0x00007fa5e4116800,
0x00007fa5e4118800, 0x00007fa5e411a800, 0x00007fa5e411c800, 0x00007fa5e411e800,
0x00007fa5e417a000
}

Java Threads: ( => current thread )
=>0x00007fa5e4016000 JavaThread "main" [_thread_in_native, id=12647, stack(0x00007fa5e8738000,0x00007fa5e8839000)]
  0x00007fa5e410f000 JavaThread "Reference Handler" daemon [_thread_blocked, id=12658, stack(0x00007fa5c0b44000,0x00007fa5c0c45000)]
  0x00007fa5e4111000 JavaThread "Finalizer" daemon [_thread_blocked, id=12659, stack(0x00007fa5c0a43000,0x00007fa5c0b44000)]
  0x00007fa5e4116800 JavaThread "Signal Dispatcher" daemon [_thread_blocked, id=12660, stack(0x00007fa5c03d2000,0x00007fa5c04d3000)]
  0x00007fa5e4118800 JavaThread "Service Thread" daemon [_thread_blocked, id=12661, stack(0x00007fa5c02d1000,0x00007fa5c03d2000)]
  0x00007fa5e411a800 JavaThread "C2 CompilerThread0" daemon [_thread_blocked, id=12662, stack(0x00007fa5c01d0000,0x00007fa5c02d1000)]
  0x00007fa5e411c800 JavaThread "C1 CompilerThread0" daemon [_thread_blocked, id=12663, stack(0x00007fa5c00cf000,0x00007fa5c01d0000)]
  0x00007fa5e411e800 JavaThread "Sweeper thread" daemon [_thread_blocked, id=12664, stack(0x00007fa593eff000,0x00007fa594000000)]
  0x00007fa5e417a000 JavaThread "Common-Cleaner" daemon [_thread_blocked, id=12666, stack(0x00007fa593cfc000,0x00007fa593dfd000)]

Other Threads:
  0x00007fa5e410c000 VMThread "VM Thread" [stack: 0x00007fa5c0c47000,0x00007fa5c0d47000] [id=12657]
  0x00007fa5e4177800 WatcherThread [stack: 0x00007fa593dff000,0x00007fa593eff000] [id=12665]
  0x00007fa5e402e000 GCTaskThread "GC Thread#0" [stack: 0x00007fa5e83f7000,0x00007fa5e84f7000] [id=12652]
  0x00007fa5b0001000 GCTaskThread "GC Thread#1" [stack: 0x00007fa590283000,0x00007fa590383000] [id=12693]
  0x00007fa5b0002800 GCTaskThread "GC Thread#2" [stack: 0x00007fa590181000,0x00007fa590281000] [id=12694]
  0x00007fa5b0004000 GCTaskThread "GC Thread#3" [stack: 0x00007fa59007f000,0x00007fa59017f000] [id=12695]
  0x00007fa5e405f000 ConcurrentGCThread "G1 Main Marker" [stack: 0x00007fa5cc24a000,0x00007fa5cc34a000] [id=12653]
  0x00007fa5e4060800 ConcurrentGCThread "G1 Conc#0" [stack: 0x00007fa5cc148000,0x00007fa5cc248000] [id=12654]
  0x00007fa5e40d9000 ConcurrentGCThread "G1 Refine#0" [stack: 0x00007fa5c1727000,0x00007fa5c1827000] [id=12655]
  0x00007fa5e40da800 ConcurrentGCThread "G1 Young RemSet Sampling" [stack: 0x00007fa5c1625000,0x00007fa5c1725000] [id=12656]

Threads with active compile tasks:

VM state:not at safepoint (normal execution)

VM Mutex/Monitor currently owned by a thread: None

Heap address: 0x0000000085a00000, size: 1958 MB, Compressed Oops mode: 32-bit
Narrow klass base: 0x0000000800000000, Narrow klass shift: 3
Compressed class space size: 1073741824 Address: 0x0000000840000000

Heap:
 garbage-first heap   total 129024K, used 11784K [0x0000000085a00000, 0x0000000100000000)
  region size 1024K, 12 young (12288K), 1 survivors (1024K)
 Metaspace       used 1931K, capacity 5725K, committed 6016K, reserved 1056768K
  class space    used 154K, capacity 554K, committed 640K, reserved 1048576K
Heap Regions: E=young(eden), S=young(survivor), O=old, HS=humongous(starts), HC=humongous(continues), CS=collection set, F=free, A=archive, TAMS=top-at-mark-start (previous, next)
|   0|0x0000000085a00000, 0x0000000085a00000, 0x0000000085b00000|  0%| F|  |TAMS 0x0000000085a00000, 0x0000000085a00000| Untracked 
|   1|0x0000000085b00000, 0x0000000085b00000, 0x0000000085c00000|  0%| F|  |TAMS 0x0000000085b00000, 0x0000000085b00000| Untracked 
|   2|0x0000000085c00000, 0x0000000085c00000, 0x0000000085d00000|  0%| F|  |TAMS 0x0000000085c00000, 0x0000000085c00000| Untracked 
|   3|0x0000000085d00000, 0x0000000085d00000, 0x0000000085e00000|  0%| F|  |TAMS 0x0000000085d00000, 0x0000000085d00000| Untracked 
|   4|0x0000000085e00000, 0x0000000085e00000, 0x0000000085f00000|  0%| F|  |TAMS 0x0000000085e00000, 0x0000000085e00000| Untracked 
|   5|0x0000000085f00000, 0x0000000085f00000, 0x0000000086000000|  0%| F|  |TAMS 0x0000000085f00000, 0x0000000085f00000| Untracked 
|   6|0x0000000086000000, 0x0000000086000000, 0x0000000086100000|  0%| F|  |TAMS 0x0000000086000000, 0x0000000086000000| Untracked 
|   7|0x0000000086100000, 0x0000000086100000, 0x0000000086200000|  0%| F|  |TAMS 0x0000000086100000, 0x0000000086100000| Untracked 
|   8|0x0000000086200000, 0x0000000086200000, 0x0000000086300000|  0%| F|  |TAMS 0x0000000086200000, 0x0000000086200000| Untracked 
|   9|0x0000000086300000, 0x0000000086300000, 0x0000000086400000|  0%| F|  |TAMS 0x0000000086300000, 0x0000000086300000| Untracked 
|  10|0x0000000086400000, 0x0000000086400000, 0x0000000086500000|  0%| F|  |TAMS 0x0000000086400000, 0x0000000086400000| Untracked 
|  11|0x0000000086500000, 0x0000000086500000, 0x0000000086600000|  0%| F|  |TAMS 0x0000000086500000, 0x0000000086500000| Untracked 
|  12|0x0000000086600000, 0x0000000086600000, 0x0000000086700000|  0%| F|  |TAMS 0x0000000086600000, 0x0000000086600000| Untracked 
|  13|0x0000000086700000, 0x0000000086700000, 0x0000000086800000|  0%| F|  |TAMS 0x0000000086700000, 0x0000000086700000| Untracked 
|  14|0x0000000086800000, 0x0000000086800000, 0x0000000086900000|  0%| F|  |TAMS 0x0000000086800000, 0x0000000086800000| Untracked 
|  15|0x0000000086900000, 0x0000000086900000, 0x0000000086a00000|  0%| F|  |TAMS 0x0000000086900000, 0x0000000086900000| Untracked 
|  16|0x0000000086a00000, 0x0000000086a00000, 0x0000000086b00000|  0%| F|  |TAMS 0x0000000086a00000, 0x0000000086a00000| Untracked 
|  17|0x0000000086b00000, 0x0000000086b00000, 0x0000000086c00000|  0%| F|  |TAMS 0x0000000086b00000, 0x0000000086b00000| Untracked 
|  18|0x0000000086c00000, 0x0000000086c00000, 0x0000000086d00000|  0%| F|  |TAMS 0x0000000086c00000, 0x0000000086c00000| Untracked 
|  19|0x0000000086d00000, 0x0000000086d00000, 0x0000000086e00000|  0%| F|  |TAMS 0x0000000086d00000, 0x0000000086d00000| Untracked 
|  20|0x0000000086e00000, 0x0000000086e00000, 0x0000000086f00000|  0%| F|  |TAMS 0x0000000086e00000, 0x0000000086e00000| Untracked 
|  21|0x0000000086f00000, 0x0000000086f00000, 0x0000000087000000|  0%| F|  |TAMS 0x0000000086f00000, 0x0000000086f00000| Untracked 
|  22|0x0000000087000000, 0x0000000087000000, 0x0000000087100000|  0%| F|  |TAMS 0x0000000087000000, 0x0000000087000000| Untracked 
|  23|0x0000000087100000, 0x0000000087100000, 0x0000000087200000|  0%| F|  |TAMS 0x0000000087100000, 0x0000000087100000| Untracked 
|  24|0x0000000087200000, 0x0000000087200000, 0x0000000087300000|  0%| F|  |TAMS 0x0000000087200000, 0x0000000087200000| Untracked 
|  25|0x0000000087300000, 0x0000000087300000, 0x0000000087400000|  0%| F|  |TAMS 0x0000000087300000, 0x0000000087300000| Untracked 
|  26|0x0000000087400000, 0x0000000087400000, 0x0000000087500000|  0%| F|  |TAMS 0x0000000087400000, 0x0000000087400000| Untracked 
|  27|0x0000000087500000, 0x0000000087500000, 0x0000000087600000|  0%| F|  |TAMS 0x0000000087500000, 0x0000000087500000| Untracked 
|  28|0x0000000087600000, 0x0000000087600000, 0x0000000087700000|  0%| F|  |TAMS 0x0000000087600000, 0x0000000087600000| Untracked 
|  29|0x0000000087700000, 0x0000000087700000, 0x0000000087800000|  0%| F|  |TAMS 0x0000000087700000, 0x0000000087700000| Untracked 
|  30|0x0000000087800000, 0x0000000087800000, 0x0000000087900000|  0%| F|  |TAMS 0x0000000087800000, 0x0000000087800000| Untracked 
|  31|0x0000000087900000, 0x0000000087900000, 0x0000000087a00000|  0%| F|  |TAMS 0x0000000087900000, 0x0000000087900000| Untracked 
|  32|0x0000000087a00000, 0x0000000087a00000, 0x0000000087b00000|  0%| F|  |TAMS 0x0000000087a00000, 0x0000000087a00000| Untracked 
|  33|0x0000000087b00000, 0x0000000087b00000, 0x0000000087c00000|  0%| F|  |TAMS 0x0000000087b00000, 0x0000000087b00000| Untracked 
|  34|0x0000000087c00000, 0x0000000087c00000, 0x0000000087d00000|  0%| F|  |TAMS 0x0000000087c00000, 0x0000000087c00000| Untracked 
|  35|0x0000000087d00000, 0x0000000087d00000, 0x0000000087e00000|  0%| F|  |TAMS 0x0000000087d00000, 0x0000000087d00000| Untracked 
|  36|0x0000000087e00000, 0x0000000087e00000, 0x0000000087f00000|  0%| F|  |TAMS 0x0000000087e00000, 0x0000000087e00000| Untracked 
|  37|0x0000000087f00000, 0x0000000087f00000, 0x0000000088000000|  0%| F|  |TAMS 0x0000000087f00000, 0x0000000087f00000| Untracked 
|  38|0x0000000088000000, 0x0000000088000000, 0x0000000088100000|  0%| F|  |TAMS 0x0000000088000000, 0x0000000088000000| Untracked 
|  39|0x0000000088100000, 0x0000000088100000, 0x0000000088200000|  0%| F|  |TAMS 0x0000000088100000, 0x0000000088100000| Untracked 
|  40|0x0000000088200000, 0x0000000088200000, 0x0000000088300000|  0%| F|  |TAMS 0x0000000088200000, 0x0000000088200000| Untracked 
|  41|0x0000000088300000, 0x0000000088300000, 0x0000000088400000|  0%| F|  |TAMS 0x0000000088300000, 0x0000000088300000| Untracked 
|  42|0x0000000088400000, 0x0000000088400000, 0x0000000088500000|  0%| F|  |TAMS 0x0000000088400000, 0x0000000088400000| Untracked 
|  43|0x0000000088500000, 0x0000000088500000, 0x0000000088600000|  0%| F|  |TAMS 0x0000000088500000, 0x0000000088500000| Untracked 
|  44|0x0000000088600000, 0x0000000088600000, 0x0000000088700000|  0%| F|  |TAMS 0x0000000088600000, 0x0000000088600000| Untracked 
|  45|0x0000000088700000, 0x0000000088700000, 0x0000000088800000|  0%| F|  |TAMS 0x0000000088700000, 0x0000000088700000| Untracked 
|  46|0x0000000088800000, 0x0000000088800000, 0x0000000088900000|  0%| F|  |TAMS 0x0000000088800000, 0x0000000088800000| Untracked 
|  47|0x0000000088900000, 0x0000000088900000, 0x0000000088a00000|  0%| F|  |TAMS 0x0000000088900000, 0x0000000088900000| Untracked 
|  48|0x0000000088a00000, 0x0000000088a00000, 0x0000000088b00000|  0%| F|  |TAMS 0x0000000088a00000, 0x0000000088a00000| Untracked 
|  49|0x0000000088b00000, 0x0000000088b00000, 0x0000000088c00000|  0%| F|  |TAMS 0x0000000088b00000, 0x0000000088b00000| Untracked 
|  50|0x0000000088c00000, 0x0000000088c00000, 0x0000000088d00000|  0%| F|  |TAMS 0x0000000088c00000, 0x0000000088c00000| Untracked 
|  51|0x0000000088d00000, 0x0000000088d00000, 0x0000000088e00000|  0%| F|  |TAMS 0x0000000088d00000, 0x0000000088d00000| Untracked 
|  52|0x0000000088e00000, 0x0000000088e00000, 0x0000000088f00000|  0%| F|  |TAMS 0x0000000088e00000, 0x0000000088e00000| Untracked 
|  53|0x0000000088f00000, 0x0000000088f00000, 0x0000000089000000|  0%| F|  |TAMS 0x0000000088f00000, 0x0000000088f00000| Untracked 
|  54|0x0000000089000000, 0x0000000089000000, 0x0000000089100000|  0%| F|  |TAMS 0x0000000089000000, 0x0000000089000000| Untracked 
|  55|0x0000000089100000, 0x0000000089100000, 0x0000000089200000|  0%| F|  |TAMS 0x0000000089100000, 0x0000000089100000| Untracked 
|  56|0x0000000089200000, 0x0000000089200000, 0x0000000089300000|  0%| F|  |TAMS 0x0000000089200000, 0x0000000089200000| Untracked 
|  57|0x0000000089300000, 0x0000000089300000, 0x0000000089400000|  0%| F|  |TAMS 0x0000000089300000, 0x0000000089300000| Untracked 
|  58|0x0000000089400000, 0x0000000089400000, 0x0000000089500000|  0%| F|  |TAMS 0x0000000089400000, 0x0000000089400000| Untracked 
|  59|0x0000000089500000, 0x0000000089500000, 0x0000000089600000|  0%| F|  |TAMS 0x0000000089500000, 0x0000000089500000| Untracked 
|  60|0x0000000089600000, 0x0000000089600000, 0x0000000089700000|  0%| F|  |TAMS 0x0000000089600000, 0x0000000089600000| Untracked 
|  61|0x0000000089700000, 0x0000000089700000, 0x0000000089800000|  0%| F|  |TAMS 0x0000000089700000, 0x0000000089700000| Untracked 
|  62|0x0000000089800000, 0x0000000089800000, 0x0000000089900000|  0%| F|  |TAMS 0x0000000089800000, 0x0000000089800000| Untracked 
|  63|0x0000000089900000, 0x0000000089900000, 0x0000000089a00000|  0%| F|  |TAMS 0x0000000089900000, 0x0000000089900000| Untracked 
|  64|0x0000000089a00000, 0x0000000089a00000, 0x0000000089b00000|  0%| F|  |TAMS 0x0000000089a00000, 0x0000000089a00000| Untracked 
|  65|0x0000000089b00000, 0x0000000089b00000, 0x0000000089c00000|  0%| F|  |TAMS 0x0000000089b00000, 0x0000000089b00000| Untracked 
|  66|0x0000000089c00000, 0x0000000089c00000, 0x0000000089d00000|  0%| F|  |TAMS 0x0000000089c00000, 0x0000000089c00000| Untracked 
|  67|0x0000000089d00000, 0x0000000089d00000, 0x0000000089e00000|  0%| F|  |TAMS 0x0000000089d00000, 0x0000000089d00000| Untracked 
|  68|0x0000000089e00000, 0x0000000089e00000, 0x0000000089f00000|  0%| F|  |TAMS 0x0000000089e00000, 0x0000000089e00000| Untracked 
|  69|0x0000000089f00000, 0x0000000089f00000, 0x000000008a000000|  0%| F|  |TAMS 0x0000000089f00000, 0x0000000089f00000| Untracked 
|  70|0x000000008a000000, 0x000000008a000000, 0x000000008a100000|  0%| F|  |TAMS 0x000000008a000000, 0x000000008a000000| Untracked 
|  71|0x000000008a100000, 0x000000008a100000, 0x000000008a200000|  0%| F|  |TAMS 0x000000008a100000, 0x000000008a100000| Untracked 
|  72|0x000000008a200000, 0x000000008a200000, 0x000000008a300000|  0%| F|  |TAMS 0x000000008a200000, 0x000000008a200000| Untracked 
|  73|0x000000008a300000, 0x000000008a300000, 0x000000008a400000|  0%| F|  |TAMS 0x000000008a300000, 0x000000008a300000| Untracked 
|  74|0x000000008a400000, 0x000000008a400000, 0x000000008a500000|  0%| F|  |TAMS 0x000000008a400000, 0x000000008a400000| Untracked 
|  75|0x000000008a500000, 0x000000008a500000, 0x000000008a600000|  0%| F|  |TAMS 0x000000008a500000, 0x000000008a500000| Untracked 
|  76|0x000000008a600000, 0x000000008a600000, 0x000000008a700000|  0%| F|  |TAMS 0x000000008a600000, 0x000000008a600000| Untracked 
|  77|0x000000008a700000, 0x000000008a700000, 0x000000008a800000|  0%| F|  |TAMS 0x000000008a700000, 0x000000008a700000| Untracked 
|  78|0x000000008a800000, 0x000000008a800000, 0x000000008a900000|  0%| F|  |TAMS 0x000000008a800000, 0x000000008a800000| Untracked 
|  79|0x000000008a900000, 0x000000008a900000, 0x000000008aa00000|  0%| F|  |TAMS 0x000000008a900000, 0x000000008a900000| Untracked 
|  80|0x000000008aa00000, 0x000000008aa00000, 0x000000008ab00000|  0%| F|  |TAMS 0x000000008aa00000, 0x000000008aa00000| Untracked 
|  81|0x000000008ab00000, 0x000000008ab00000, 0x000000008ac00000|  0%| F|  |TAMS 0x000000008ab00000, 0x000000008ab00000| Untracked 
|  82|0x000000008ac00000, 0x000000008ac00000, 0x000000008ad00000|  0%| F|  |TAMS 0x000000008ac00000, 0x000000008ac00000| Untracked 
|  83|0x000000008ad00000, 0x000000008ad00000, 0x000000008ae00000|  0%| F|  |TAMS 0x000000008ad00000, 0x000000008ad00000| Untracked 
|  84|0x000000008ae00000, 0x000000008ae00000, 0x000000008af00000|  0%| F|  |TAMS 0x000000008ae00000, 0x000000008ae00000| Untracked 
|  85|0x000000008af00000, 0x000000008af00000, 0x000000008b000000|  0%| F|  |TAMS 0x000000008af00000, 0x000000008af00000| Untracked 
|  86|0x000000008b000000, 0x000000008b000000, 0x000000008b100000|  0%| F|  |TAMS 0x000000008b000000, 0x000000008b000000| Untracked 
|  87|0x000000008b100000, 0x000000008b100000, 0x000000008b200000|  0%| F|  |TAMS 0x000000008b100000, 0x000000008b100000| Untracked 
|  88|0x000000008b200000, 0x000000008b200000, 0x000000008b300000|  0%| F|  |TAMS 0x000000008b200000, 0x000000008b200000| Untracked 
|  89|0x000000008b300000, 0x000000008b300000, 0x000000008b400000|  0%| F|  |TAMS 0x000000008b300000, 0x000000008b300000| Untracked 
|  90|0x000000008b400000, 0x000000008b400000, 0x000000008b500000|  0%| F|  |TAMS 0x000000008b400000, 0x000000008b400000| Untracked 
|  91|0x000000008b500000, 0x000000008b500000, 0x000000008b600000|  0%| F|  |TAMS 0x000000008b500000, 0x000000008b500000| Untracked 
|  92|0x000000008b600000, 0x000000008b600000, 0x000000008b700000|  0%| F|  |TAMS 0x000000008b600000, 0x000000008b600000| Untracked 
|  93|0x000000008b700000, 0x000000008b700000, 0x000000008b800000|  0%| F|  |TAMS 0x000000008b700000, 0x000000008b700000| Untracked 
|  94|0x000000008b800000, 0x000000008b800000, 0x000000008b900000|  0%| F|  |TAMS 0x000000008b800000, 0x000000008b800000| Untracked 
|  95|0x000000008b900000, 0x000000008b900000, 0x000000008ba00000|  0%| F|  |TAMS 0x000000008b900000, 0x000000008b900000| Untracked 
|  96|0x000000008ba00000, 0x000000008ba00000, 0x000000008bb00000|  0%| F|  |TAMS 0x000000008ba00000, 0x000000008ba00000| Untracked 
|  97|0x000000008bb00000, 0x000000008bb00000, 0x000000008bc00000|  0%| F|  |TAMS 0x000000008bb00000, 0x000000008bb00000| Untracked 
|  98|0x000000008bc00000, 0x000000008bc00000, 0x000000008bd00000|  0%| F|  |TAMS 0x000000008bc00000, 0x000000008bc00000| Untracked 
|  99|0x000000008bd00000, 0x000000008bd00000, 0x000000008be00000|  0%| F|  |TAMS 0x000000008bd00000, 0x000000008bd00000| Untracked 
| 100|0x000000008be00000, 0x000000008be00000, 0x000000008bf00000|  0%| F|  |TAMS 0x000000008be00000, 0x000000008be00000| Untracked 
| 101|0x000000008bf00000, 0x000000008bf00000, 0x000000008c000000|  0%| F|  |TAMS 0x000000008bf00000, 0x000000008bf00000| Untracked 
| 102|0x000000008c000000, 0x000000008c000000, 0x000000008c100000|  0%| F|  |TAMS 0x000000008c000000, 0x000000008c000000| Untracked 
| 103|0x000000008c100000, 0x000000008c100000, 0x000000008c200000|  0%| F|  |TAMS 0x000000008c100000, 0x000000008c100000| Untracked 
| 104|0x000000008c200000, 0x000000008c200000, 0x000000008c300000|  0%| F|  |TAMS 0x000000008c200000, 0x000000008c200000| Untracked 
| 105|0x000000008c300000, 0x000000008c300000, 0x000000008c400000|  0%| F|  |TAMS 0x000000008c300000, 0x000000008c300000| Untracked 
| 106|0x000000008c400000, 0x000000008c400000, 0x000000008c500000|  0%| F|  |TAMS 0x000000008c400000, 0x000000008c400000| Untracked 
| 107|0x000000008c500000, 0x000000008c500000, 0x000000008c600000|  0%| F|  |TAMS 0x000000008c500000, 0x000000008c500000| Untracked 
| 108|0x000000008c600000, 0x000000008c600000, 0x000000008c700000|  0%| F|  |TAMS 0x000000008c600000, 0x000000008c600000| Untracked 
| 109|0x000000008c700000, 0x000000008c7d01a8, 0x000000008c800000| 81%| S|CS|TAMS 0x000000008c700000, 0x000000008c700000| Complete 
| 110|0x000000008c800000, 0x000000008c800000, 0x000000008c900000|  0%| F|  |TAMS 0x000000008c800000, 0x000000008c800000| Untracked 
| 111|0x000000008c900000, 0x000000008c900000, 0x000000008ca00000|  0%| F|  |TAMS 0x000000008c900000, 0x000000008c900000| Untracked 
| 112|0x000000008ca00000, 0x000000008ca00000, 0x000000008cb00000|  0%| F|  |TAMS 0x000000008ca00000, 0x000000008ca00000| Untracked 
| 113|0x000000008cb00000, 0x000000008cc00000, 0x000000008cc00000|100%| E|  |TAMS 0x000000008cb00000, 0x000000008cb00000| Complete 
| 114|0x000000008cc00000, 0x000000008cd00000, 0x000000008cd00000|100%| E|CS|TAMS 0x000000008cc00000, 0x000000008cc00000| Complete 
| 115|0x000000008cd00000, 0x000000008ce00000, 0x000000008ce00000|100%| E|CS|TAMS 0x000000008cd00000, 0x000000008cd00000| Complete 
| 116|0x000000008ce00000, 0x000000008cf00000, 0x000000008cf00000|100%| E|CS|TAMS 0x000000008ce00000, 0x000000008ce00000| Complete 
| 117|0x000000008cf00000, 0x000000008d000000, 0x000000008d000000|100%| E|CS|TAMS 0x000000008cf00000, 0x000000008cf00000| Complete 
| 118|0x000000008d000000, 0x000000008d100000, 0x000000008d100000|100%| E|CS|TAMS 0x000000008d000000, 0x000000008d000000| Complete 
| 119|0x000000008d100000, 0x000000008d200000, 0x000000008d200000|100%| E|CS|TAMS 0x000000008d100000, 0x000000008d100000| Complete 
| 120|0x000000008d200000, 0x000000008d300000, 0x000000008d300000|100%| E|CS|TAMS 0x000000008d200000, 0x000000008d200000| Complete 
| 121|0x000000008d300000, 0x000000008d400000, 0x000000008d400000|100%| E|CS|TAMS 0x000000008d300000, 0x000000008d300000| Complete 
| 122|0x000000008d400000, 0x000000008d500000, 0x000000008d500000|100%| E|CS|TAMS 0x000000008d400000, 0x000000008d400000| Complete 
| 123|0x000000008d500000, 0x000000008d600000, 0x000000008d600000|100%| E|CS|TAMS 0x000000008d500000, 0x000000008d500000| Complete 
|1956|0x00000000ffe00000, 0x00000000ffe47000, 0x00000000fff00000| 27%|OA|  |TAMS 0x00000000ffe00000, 0x00000000ffe00000| Untracked 
|1957|0x00000000fff00000, 0x00000000fff6b000, 0x0000000100000000| 41%|CA|  |TAMS 0x00000000fff00000, 0x00000000fff00000| Untracked 

Card table byte_map: [0x00007fa5c7c2d000,0x00007fa5c8000000] _byte_map_base: 0x00007fa5c7800000

Marking Bits (Prev, Next): (CMBitMap*) 0x00007fa5e4056388, (CMBitMap*) 0x00007fa5e40563c0
 Prev Bits: [0x00007fa5c59c2000, 0x00007fa5c785a000)
 Next Bits: [0x00007fa5c3b2a000, 0x00007fa5c59c2000)

Polling page: 0x00007fa5ea07a000

Metaspace:

Usage:
  Non-class:      5.05 MB capacity,     1.74 MB ( 34%) used,     3.30 MB ( 65%) free+waste,    15.31 KB ( <1%) overhead. 
      Class:    554.00 KB capacity,   154.54 KB ( 28%) used,   391.09 KB ( 71%) free+waste,     8.38 KB (  2%) overhead. 
       Both:      5.59 MB capacity,     1.89 MB ( 34%) used,     3.68 MB ( 66%) free+waste,    23.69 KB ( <1%) overhead. 

Virtual space:
  Non-class space:        8.00 MB reserved,       5.25 MB ( 66%) committed 
      Class space:        1.00 GB reserved,     640.00 KB ( <1%) committed 
             Both:        1.01 GB reserved,       5.88 MB ( <1%) committed 

Chunk freelists:
   Non-Class:  1.00 KB
       Class:  0 bytes
        Both:  1.00 KB

MaxMetaspaceSize: unlimited
CompressedClassSpaceSize: 1.00 GB
Initial GC threshold: 20.80 MB
Current GC threshold: 20.80 MB
CDS: on

CodeHeap 'non-profiled nmethods': size=120032Kb used=139Kb max_used=139Kb free=119893Kb
 bounds [0x00007fa5d42e6000, 0x00007fa5d4556000, 0x00007fa5db81e000]
CodeHeap 'profiled nmethods': size=120032Kb used=701Kb max_used=701Kb free=119330Kb
 bounds [0x00007fa5ccdae000, 0x00007fa5cd01e000, 0x00007fa5d42e6000]
CodeHeap 'non-nmethods': size=5696Kb used=1137Kb max_used=1151Kb free=4558Kb
 bounds [0x00007fa5cc81e000, 0x00007fa5cca8e000, 0x00007fa5ccdae000]
 total_blobs=860 nmethods=465 adapters=309
 compilation: enabled
              stopped_count=0, restarted_count=0
 full_count=0

Compilation events (20 events):
Event: 10.392 Thread 0x00007fa5e411c800  456       3       java.lang.ref.ReferenceQueue::reallyPoll (65 bytes)
Event: 10.393 Thread 0x00007fa5e411c800 nmethod 456 0x00007fa5cce59110 code [0x00007fa5cce59300, 0x00007fa5cce59830]
Event: 10.395 Thread 0x00007fa5e411c800  457  s    3       java.io.BufferedOutputStream::flush (12 bytes)
Event: 10.395 Thread 0x00007fa5e411c800 nmethod 457 0x00007fa5cce59910 code [0x00007fa5cce59ae0, 0x00007fa5cce59ff0]
Event: 10.395 Thread 0x00007fa5e411c800  458       3       java.io.OutputStream::flush (1 bytes)
Event: 10.395 Thread 0x00007fa5e411c800 nmethod 458 0x00007fa5cce5a110 code [0x00007fa5cce5a2c0, 0x00007fa5cce5a3d0]
Event: 10.456 Thread 0x00007fa5e411c800  459       3       java.lang.String::checkBoundsOffCount (61 bytes)
Event: 10.457 Thread 0x00007fa5e411c800 nmethod 459 0x00007fa5cce5a490 code [0x00007fa5cce5a760, 0x00007fa5cce5b290]
Event: 10.458 Thread 0x00007fa5e411c800  460       3       java.nio.Buffer::remaining (20 bytes)
Event: 10.458 Thread 0x00007fa5e411c800 nmethod 460 0x00007fa5cce5b690 code [0x00007fa5cce5b840, 0x00007fa5cce5b9b0]
Event: 15.041 Thread 0x00007fa5e411c800  461       3       java.lang.invoke.MethodType::basicType (8 bytes)
Event: 15.041 Thread 0x00007fa5e411c800 nmethod 461 0x00007fa5cce5ba10 code [0x00007fa5cce5bbc0, 0x00007fa5cce5bcf0]
Event: 15.042 Thread 0x00007fa5e411c800  462       3       java.nio.CharBuffer::arrayOffset (35 bytes)
Event: 15.042 Thread 0x00007fa5e411c800 nmethod 462 0x00007fa5cce5bd90 code [0x00007fa5cce5bf60, 0x00007fa5cce5c250]
Event: 15.042 Thread 0x00007fa5e411c800  463       3       sun.nio.cs.UTF_8::updatePositions (23 bytes)
Event: 15.042 Thread 0x00007fa5e411c800 nmethod 463 0x00007fa5cce5c390 code [0x00007fa5cce5c580, 0x00007fa5cce5c9b0]
Event: 46.474 Thread 0x00007fa5e411c800  465       3       java.nio.CharBuffer::limit (8 bytes)
Event: 46.475 Thread 0x00007fa5e411c800 nmethod 465 0x00007fa5cce5cb10 code [0x00007fa5cce5ccc0, 0x00007fa5cce5ce20]
Event: 46.475 Thread 0x00007fa5e411c800  464       3       java.lang.invoke.DirectMethodHandle$Holder::invokeStatic (14 bytes)
Event: 46.476 Thread 0x00007fa5e411c800 nmethod 464 0x00007fa5cce5cf10 code [0x00007fa5cce5d0e0, 0x00007fa5cce5d5b0]

GC Heap History (2 events):
Event: 10.362 GC heap before
{Heap before GC invocations=0 (full 0):
 garbage-first heap   total 129024K, used 15048K [0x0000000085a00000, 0x0000000100000000)
  region size 1024K, 14 young (14336K), 0 survivors (0K)
 Metaspace       used 1872K, capacity 5661K, committed 5760K, reserved 1056768K
  class space    used 149K, capacity 554K, committed 640K, reserved 1048576K
}
Event: 10.381 GC heap after
{Heap after GC invocations=1 (full 0):
 garbage-first heap   total 129024K, used 1544K [0x0000000085a00000, 0x0000000100000000)
  region size 1024K, 1 young (1024K), 1 survivors (1024K)
 Metaspace       used 1872K, capacity 5661K, committed 5760K, reserved 1056768K
  class space    used 149K, capacity 554K, committed 640K, reserved 1048576K
}

Deoptimization events (4 events):
Event: 0.074 Thread 0x00007fa5e4016000 Uncommon trap: trap_request=0xffffff4d fr.pc=0x00007fa5d42edb9c relative=0x000000000000007c
Event: 0.074 Thread 0x00007fa5e4016000 Uncommon trap: reason=unstable_if action=reinterpret pc=0x00007fa5d42edb9c method=java.lang.String.isLatin1()Z @ 10 c2
Event: 0.074 Thread 0x00007fa5e4016000 DEOPT PACKING pc=0x00007fa5d42edb9c sp=0x00007fa5e8837370
Event: 0.074 Thread 0x00007fa5e4016000 DEOPT UNPACKING pc=0x00007fa5cc867ea5 sp=0x00007fa5e88372d0 mode 2

Classes redefined (0 events):
No events

Internal exceptions (1 events):
Event: 0.065 Thread 0x00007fa5e4016000 Exception <a 'java/lang/NoSuchMethodError'{0x000000008d4d3fe0}: 'int java.lang.invoke.DirectMethodHandle$Holder.invokeSpecialIFC(java.lang.Object, java.lang.Object, int)'> (0x000000008d4d3fe0) thrown at [src/hotspot/share/interpreter/linkResolver.cpp, line 772]

Events (20 events):
Event: 46.475 Thread 0x00007fa578026000 Thread added: 0x00007fa578026000
Event: 46.476 Thread 0x00007fa578026000 Thread exited: 0x00007fa578026000
Event: 47.473 Protecting memory [0x00007fa590b86000,0x00007fa590b8a000] with protection modes 0
Event: 47.473 Thread 0x00007fa578026000 Thread added: 0x00007fa578026000
Event: 47.474 Thread 0x00007fa578026000 Thread exited: 0x00007fa578026000
Event: 47.474 Protecting memory [0x00007fa590b86000,0x00007fa590b8a000] with protection modes 0
Event: 47.474 Thread 0x00007fa578026000 Thread added: 0x00007fa578026000
Event: 47.474 Thread 0x00007fa578026000 Thread exited: 0x00007fa578026000
Event: 84.720 Protecting memory [0x00007fa590b86000,0x00007fa590b8a000] with protection modes 0
Event: 84.720 Thread 0x00007fa578026000 Thread added: 0x00007fa578026000
Event: 84.720 Thread 0x00007fa578026000 Thread exited: 0x00007fa578026000
Event: 84.720 Protecting memory [0x00007fa590b86000,0x00007fa590b8a000] with protection modes 0
Event: 84.720 Thread 0x00007fa578026000 Thread added: 0x00007fa578026000
Event: 84.721 Thread 0x00007fa578026000 Thread exited: 0x00007fa578026000
Event: 84.721 Protecting memory [0x00007fa590b86000,0x00007fa590b8a000] with protection modes 0
Event: 84.721 Thread 0x00007fa578026000 Thread added: 0x00007fa578026000
Event: 84.722 Thread 0x00007fa578026000 Thread exited: 0x00007fa578026000
Event: 84.722 Protecting memory [0x00007fa590b86000,0x00007fa590b8a000] with protection modes 0
Event: 84.722 Thread 0x00007fa578026000 Thread added: 0x00007fa578026000
Event: 84.722 Thread 0x00007fa578026000 Thread exited: 0x00007fa578026000


Dynamic libraries:
85a00000-8d600000 rw-p 00000000 00:00 0 
8d600000-ffe00000 ---p 00000000 00:00 0 
ffe00000-ffe47000 rw-p 01119000 08:02 1441990                            /usr/lib/jvm/java-11-openjdk-amd64/lib/server/classes.jsa
ffe47000-fff00000 rw-p 00000000 00:00 0 
fff00000-fff6b000 rw-p 010ae000 08:02 1441990                            /usr/lib/jvm/java-11-openjdk-amd64/lib/server/classes.jsa
fff6b000-100000000 rw-p 00000000 00:00 0 
800000000-800002000 rwxp 00001000 08:02 1441990                          /usr/lib/jvm/java-11-openjdk-amd64/lib/server/classes.jsa
800002000-8003cb000 rw-p 00003000 08:02 1441990                          /usr/lib/jvm/java-11-openjdk-amd64/lib/server/classes.jsa
8003cb000-800a9a000 r--p 003cc000 08:02 1441990                          /usr/lib/jvm/java-11-openjdk-amd64/lib/server/classes.jsa
800a9a000-800a9b000 rw-p 00a9b000 08:02 1441990                          /usr/lib/jvm/java-11-openjdk-amd64/lib/server/classes.jsa
800a9b000-8010ad000 r--p 00a9c000 08:02 1441990                          /usr/lib/jvm/java-11-openjdk-amd64/lib/server/classes.jsa
840000000-8400a0000 rw-p 00000000 00:00 0 
8400a0000-880000000 ---p 00000000 00:00 0 
560060a70000-560060a71000 r--p 00000000 08:02 1445569                    /usr/lib/jvm/java-11-openjdk-amd64/bin/java
560060a71000-560060a72000 r-xp 00001000 08:02 1445569                    /usr/lib/jvm/java-11-openjdk-amd64/bin/java
560060a72000-560060a73000 r--p 00002000 08:02 1445569                    /usr/lib/jvm/java-11-openjdk-amd64/bin/java
560060a73000-560060a74000 r--p 00002000 08:02 1445569                    /usr/lib/jvm/java-11-openjdk-amd64/bin/java
560060a74000-560060a75000 rw-p 00003000 08:02 1445569                    /usr/lib/jvm/java-11-openjdk-amd64/bin/java
560061716000-560061737000 rw-p 00000000 00:00 0                          [heap]
7fa53c000000-7fa53c021000 rw-p 00000000 00:00 0 
7fa53c021000-7fa540000000 ---p 00000000 00:00 0 
7fa544000000-7fa544021000 rw-p 00000000 00:00 0 
7fa544021000-7fa548000000 ---p 00000000 00:00 0 
7fa548000000-7fa548021000 rw-p 00000000 00:00 0 
7fa548021000-7fa54c000000 ---p 00000000 00:00 0 
7fa54c000000-7fa54c021000 rw-p 00000000 00:00 0 
7fa54c021000-7fa550000000 ---p 00000000 00:00 0 
7fa550000000-7fa550021000 rw-p 00000000 00:00 0 
7fa550021000-7fa554000000 ---p 00000000 00:00 0 
7fa560000000-7fa560021000 rw-p 00000000 00:00 0 
7fa560021000-7fa564000000 ---p 00000000 00:00 0 
7fa5667fd000-7fa5667fe000 ---p 00000000 00:00 0 
7fa5667fe000-7fa566ffe000 rw-p 00000000 00:00 0 
7fa566ffe000-7fa566fff000 ---p 00000000 00:00 0 
7fa566fff000-7fa567000000 rw-p 00000000 00:00 0 
7fa567000000-7fa567004000 ---p 00000000 00:00 0 
7fa567004000-7fa5677ff000 rw-p 00000000 00:00 0 
7fa5677ff000-7fa567800000 ---p 00000000 00:00 0 
7fa567800000-7fa568000000 rw-p 00000000 00:00 0 
7fa578000000-7fa57806f000 rw-p 00000000 00:00 0 
7fa57806f000-7fa57c000000 ---p 00000000 00:00 0 
7fa57c000000-7fa57c021000 rw-p 00000000 00:00 0 
7fa57c021000-7fa580000000 ---p 00000000 00:00 0 
7fa584000000-7fa584021000 rw-p 00000000 00:00 0 
7fa584021000-7fa588000000 ---p 00000000 00:00 0 
7fa588000000-7fa588021000 rw-p 00000000 00:00 0 
7fa588021000-7fa58c000000 ---p 00000000 00:00 0 
7fa58c000000-7fa58c021000 rw-p 00000000 00:00 0 
7fa58c021000-7fa590000000 ---p 00000000 00:00 0 
7fa59007d000-7fa59007e000 ---p 00000000 00:00 0 
7fa59007e000-7fa59017f000 rw-p 00000000 00:00 0 
7fa59017f000-7fa590180000 ---p 00000000 00:00 0 
7fa590180000-7fa590281000 rw-p 00000000 00:00 0 
7fa590281000-7fa590282000 ---p 00000000 00:00 0 
7fa590282000-7fa590383000 rw-p 00000000 00:00 0 
7fa590383000-7fa590384000 ---p 00000000 00:00 0 
7fa590384000-7fa590b84000 rw-p 00000000 00:00 0 
7fa590b84000-7fa590b85000 ---p 00000000 00:00 0 
7fa590b85000-7fa590b86000 rw-p 00000000 00:00 0 
7fa590b86000-7fa590b8a000 ---p 00000000 00:00 0 
7fa590b8a000-7fa591385000 rw-p 00000000 00:00 0 
7fa591385000-7fa591386000 ---p 00000000 00:00 0 
7fa591386000-7fa591b86000 rw-p 00000000 00:00 0 
7fa591b86000-7fa591ba6000 r--p 00000000 08:02 1449217                    /usr/lib/x86_64-linux-gnu/libdb-5.3.so
7fa591ba6000-7fa591ce8000 r-xp 00020000 08:02 1449217                    /usr/lib/x86_64-linux-gnu/libdb-5.3.so
7fa591ce8000-7fa591d2d000 r--p 00162000 08:02 1449217                    /usr/lib/x86_64-linux-gnu/libdb-5.3.so
7fa591d2d000-7fa591d34000 r--p 001a6000 08:02 1449217                    /usr/lib/x86_64-linux-gnu/libdb-5.3.so
7fa591d34000-7fa591d35000 rw-p 001ad000 08:02 1449217                    /usr/lib/x86_64-linux-gnu/libdb-5.3.so
7fa591d35000-7fa591d3b000 r--p 00000000 08:02 1442494                    /usr/lib/x86_64-linux-gnu/libjack.so.0.0.28
7fa591d3b000-7fa591d47000 r-xp 00006000 08:02 1442494                    /usr/lib/x86_64-linux-gnu/libjack.so.0.0.28
7fa591d47000-7fa591d4c000 r--p 00012000 08:02 1442494                    /usr/lib/x86_64-linux-gnu/libjack.so.0.0.28
7fa591d4c000-7fa591d4d000 r--p 00016000 08:02 1442494                    /usr/lib/x86_64-linux-gnu/libjack.so.0.0.28
7fa591d4d000-7fa591d4e000 rw-p 00017000 08:02 1442494                    /usr/lib/x86_64-linux-gnu/libjack.so.0.0.28
7fa591d4e000-7fa591d58000 rw-p 00000000 00:00 0 
7fa591d58000-7fa591ec3000 r-xp 00000000 08:02 1450125                    /usr/lib/x86_64-linux-gnu/libsamplerate.so.0.1.8
7fa591ec3000-7fa5920c2000 ---p 0016b000 08:02 1450125                    /usr/lib/x86_64-linux-gnu/libsamplerate.so.0.1.8
7fa5920c2000-7fa5920c3000 r--p 0016a000 08:02 1450125                    /usr/lib/x86_64-linux-gnu/libsamplerate.so.0.1.8
7fa5920c3000-7fa5920c4000 rw-p 0016b000 08:02 1450125                    /usr/lib/x86_64-linux-gnu/libsamplerate.so.0.1.8
7fa5920d0000-7fa5920d2000 r--p 00000000 08:02 2097964                    /usr/lib/x86_64-linux-gnu/alsa-lib/libasound_module_ctl_pulse.so
7fa5920d2000-7fa5920d5000 r-xp 00002000 08:02 2097964                    /usr/lib/x86_64-linux-gnu/alsa-lib/libasound_module_ctl_pulse.so
7fa5920d5000-7fa5920d6000 r--p 00005000 08:02 2097964                    /usr/lib/x86_64-linux-gnu/alsa-lib/libasound_module_ctl_pulse.so
7fa5920d6000-7fa5920d7000 r--p 00005000 08:02 2097964                    /usr/lib/x86_64-linux-gnu/alsa-lib/libasound_module_ctl_pulse.so
7fa5920d7000-7fa5920d8000 rw-p 00006000 08:02 2097964                    /usr/lib/x86_64-linux-gnu/alsa-lib/libasound_module_ctl_pulse.so
7fa5920d8000-7fa5920d9000 r--p 00000000 08:02 2097970                    /usr/lib/x86_64-linux-gnu/alsa-lib/libasound_module_pcm_vdownmix.so
7fa5920d9000-7fa5920da000 r-xp 00001000 08:02 2097970                    /usr/lib/x86_64-linux-gnu/alsa-lib/libasound_module_pcm_vdownmix.so
7fa5920da000-7fa5920db000 r--p 00002000 08:02 2097970                    /usr/lib/x86_64-linux-gnu/alsa-lib/libasound_module_pcm_vdownmix.so
7fa5920db000-7fa5920dc000 r--p 00002000 08:02 2097970                    /usr/lib/x86_64-linux-gnu/alsa-lib/libasound_module_pcm_vdownmix.so
7fa5920dc000-7fa5920dd000 rw-p 00003000 08:02 2097970                    /usr/lib/x86_64-linux-gnu/alsa-lib/libasound_module_pcm_vdownmix.so
7fa5920dd000-7fa5920de000 r--p 00000000 08:02 2097968                    /usr/lib/x86_64-linux-gnu/alsa-lib/libasound_module_pcm_upmix.so
7fa5920de000-7fa5920e0000 r-xp 00001000 08:02 2097968                    /usr/lib/x86_64-linux-gnu/alsa-lib/libasound_module_pcm_upmix.so
7fa5920e0000-7fa5920e1000 r--p 00003000 08:02 2097968                    /usr/lib/x86_64-linux-gnu/alsa-lib/libasound_module_pcm_upmix.so
7fa5920e1000-7fa5920e2000 r--p 00003000 08:02 2097968                    /usr/lib/x86_64-linux-gnu/alsa-lib/libasound_module_pcm_upmix.so
7fa5920e2000-7fa5920e3000 rw-p 00004000 08:02 2097968                    /usr/lib/x86_64-linux-gnu/alsa-lib/libasound_module_pcm_upmix.so
7fa5920e3000-7fa5920e4000 ---p 00000000 00:00 0 
7fa5920e4000-7fa5928e4000 rw-p 00000000 00:00 0 
7fa5928e4000-7fa5928e8000 r--p 00000000 08:02 1449497                    /usr/lib/x86_64-linux-gnu/libgpg-error.so.0.28.0
7fa5928e8000-7fa5928fb000 r-xp 00004000 08:02 1449497                    /usr/lib/x86_64-linux-gnu/libgpg-error.so.0.28.0
7fa5928fb000-7fa592905000 r--p 00017000 08:02 1449497                    /usr/lib/x86_64-linux-gnu/libgpg-error.so.0.28.0
7fa592905000-7fa592906000 r--p 00020000 08:02 1449497                    /usr/lib/x86_64-linux-gnu/libgpg-error.so.0.28.0
7fa592906000-7fa592907000 rw-p 00021000 08:02 1449497                    /usr/lib/x86_64-linux-gnu/libgpg-error.so.0.28.0
7fa592907000-7fa59290b000 r--p 00000000 08:02 1449109                    /usr/lib/x86_64-linux-gnu/libbsd.so.0.10.0
7fa59290b000-7fa59291a000 r-xp 00004000 08:02 1449109                    /usr/lib/x86_64-linux-gnu/libbsd.so.0.10.0
7fa59291a000-7fa59291d000 r--p 00013000 08:02 1449109                    /usr/lib/x86_64-linux-gnu/libbsd.so.0.10.0
7fa59291d000-7fa59291e000 ---p 00016000 08:02 1449109                    /usr/lib/x86_64-linux-gnu/libbsd.so.0.10.0
7fa59291e000-7fa59291f000 r--p 00016000 08:02 1449109                    /usr/lib/x86_64-linux-gnu/libbsd.so.0.10.0
7fa59291f000-7fa592920000 rw-p 00017000 08:02 1449109                    /usr/lib/x86_64-linux-gnu/libbsd.so.0.10.0
7fa592920000-7fa592921000 rw-p 00000000 00:00 0 
7fa592921000-7fa592925000 r--p 00000000 08:02 1445806                    /usr/lib/x86_64-linux-gnu/libresolv-2.31.so
7fa592925000-7fa592935000 r-xp 00004000 08:02 1445806                    /usr/lib/x86_64-linux-gnu/libresolv-2.31.so
7fa592935000-7fa592939000 r--p 00014000 08:02 1445806                    /usr/lib/x86_64-linux-gnu/libresolv-2.31.so
7fa592939000-7fa59293a000 r--p 00017000 08:02 1445806                    /usr/lib/x86_64-linux-gnu/libresolv-2.31.so
7fa59293a000-7fa59293b000 rw-p 00018000 08:02 1445806                    /usr/lib/x86_64-linux-gnu/libresolv-2.31.so
7fa59293b000-7fa59293d000 rw-p 00000000 00:00 0 
7fa59293d000-7fa592951000 r--p 00000000 08:02 1450341                    /usr/lib/x86_64-linux-gnu/libvorbisenc.so.2.0.11
7fa592951000-7fa592954000 r-xp 00014000 08:02 1450341                    /usr/lib/x86_64-linux-gnu/libvorbisenc.so.2.0.11
7fa592954000-7fa5929cb000 r--p 00017000 08:02 1450341                    /usr/lib/x86_64-linux-gnu/libvorbisenc.so.2.0.11
7fa5929cb000-7fa5929e7000 r--p 0008d000 08:02 1450341                    /usr/lib/x86_64-linux-gnu/libvorbisenc.so.2.0.11
7fa5929e7000-7fa5929e8000 rw-p 000a9000 08:02 1450341                    /usr/lib/x86_64-linux-gnu/libvorbisenc.so.2.0.11
7fa5929e8000-7fa5929eb000 r--p 00000000 08:02 1450339                    /usr/lib/x86_64-linux-gnu/libvorbis.so.0.4.8
7fa5929eb000-7fa592a02000 r-xp 00003000 08:02 1450339                    /usr/lib/x86_64-linux-gnu/libvorbis.so.0.4.8
7fa592a02000-7fa592a13000 r--p 0001a000 08:02 1450339                    /usr/lib/x86_64-linux-gnu/libvorbis.so.0.4.8
7fa592a13000-7fa592a14000 ---p 0002b000 08:02 1450339                    /usr/lib/x86_64-linux-gnu/libvorbis.so.0.4.8
7fa592a14000-7fa592a15000 r--p 0002b000 08:02 1450339                    /usr/lib/x86_64-linux-gnu/libvorbis.so.0.4.8
7fa592a15000-7fa592a16000 rw-p 0002c000 08:02 1450339                    /usr/lib/x86_64-linux-gnu/libvorbis.so.0.4.8
7fa592a16000-7fa592a18000 r--p 00000000 08:02 1449917                    /usr/lib/x86_64-linux-gnu/libogg.so.0.8.4
7fa592a18000-7fa592a1d000 r-xp 00002000 08:02 1449917                    /usr/lib/x86_64-linux-gnu/libogg.so.0.8.4
7fa592a1d000-7fa592a20000 r--p 00007000 08:02 1449917                    /usr/lib/x86_64-linux-gnu/libogg.so.0.8.4
7fa592a20000-7fa592a21000 ---p 0000a000 08:02 1449917                    /usr/lib/x86_64-linux-gnu/libogg.so.0.8.4
7fa592a21000-7fa592a22000 r--p 0000a000 08:02 1449917                    /usr/lib/x86_64-linux-gnu/libogg.so.0.8.4
7fa592a22000-7fa592a23000 rw-p 0000b000 08:02 1449917                    /usr/lib/x86_64-linux-gnu/libogg.so.0.8.4
7fa592a23000-7fa592a2b000 r--p 00000000 08:02 1448904                    /usr/lib/x86_64-linux-gnu/libFLAC.so.8.3.0
7fa592a2b000-7fa592a54000 r-xp 00008000 08:02 1448904                    /usr/lib/x86_64-linux-gnu/libFLAC.so.8.3.0
7fa592a54000-7fa592a5e000 r--p 00031000 08:02 1448904                    /usr/lib/x86_64-linux-gnu/libFLAC.so.8.3.0
7fa592a5e000-7fa592a5f000 ---p 0003b000 08:02 1448904                    /usr/lib/x86_64-linux-gnu/libFLAC.so.8.3.0
7fa592a5f000-7fa592a60000 r--p 0003b000 08:02 1448904                    /usr/lib/x86_64-linux-gnu/libFLAC.so.8.3.0
7fa592a60000-7fa592a61000 rw-p 0003c000 08:02 1448904                    /usr/lib/x86_64-linux-gnu/libFLAC.so.8.3.0
7fa592a61000-7fa592a65000 r--p 00000000 08:02 1445797                    /usr/lib/x86_64-linux-gnu/libnsl-2.31.so
7fa592a65000-7fa592a75000 r-xp 00004000 08:02 1445797                    /usr/lib/x86_64-linux-gnu/libnsl-2.31.so
7fa592a75000-7fa592a7a000 r--p 00014000 08:02 1445797                    /usr/lib/x86_64-linux-gnu/libnsl-2.31.so
7fa592a7a000-7fa592a7b000 r--p 00018000 08:02 1445797                    /usr/lib/x86_64-linux-gnu/libnsl-2.31.so
7fa592a7b000-7fa592a7c000 rw-p 00019000 08:02 1445797                    /usr/lib/x86_64-linux-gnu/libnsl-2.31.so
7fa592a7c000-7fa592a7e000 rw-p 00000000 00:00 0 
7fa592a7e000-7fa592a8a000 r--p 00000000 08:02 1447651                    /usr/lib/x86_64-linux-gnu/libgcrypt.so.20.2.5
7fa592a8a000-7fa592b58000 r-xp 0000c000 08:02 1447651                    /usr/lib/x86_64-linux-gnu/libgcrypt.so.20.2.5
7fa592b58000-7fa592b95000 r--p 000da000 08:02 1447651                    /usr/lib/x86_64-linux-gnu/libgcrypt.so.20.2.5
7fa592b95000-7fa592b97000 r--p 00116000 08:02 1447651                    /usr/lib/x86_64-linux-gnu/libgcrypt.so.20.2.5
7fa592b97000-7fa592b9c000 rw-p 00118000 08:02 1447651                    /usr/lib/x86_64-linux-gnu/libgcrypt.so.20.2.5
7fa592b9c000-7fa592b9e000 r--p 00000000 08:02 1449762                    /usr/lib/x86_64-linux-gnu/liblz4.so.1.9.2
7fa592b9e000-7fa592bb8000 r-xp 00002000 08:02 1449762                    /usr/lib/x86_64-linux-gnu/liblz4.so.1.9.2
7fa592bb8000-7fa592bbb000 r--p 0001c000 08:02 1449762                    /usr/lib/x86_64-linux-gnu/liblz4.so.1.9.2
7fa592bbb000-7fa592bbc000 r--p 0001e000 08:02 1449762                    /usr/lib/x86_64-linux-gnu/liblz4.so.1.9.2
7fa592bbc000-7fa592bbd000 rw-p 0001f000 08:02 1449762                    /usr/lib/x86_64-linux-gnu/liblz4.so.1.9.2
7fa592bbd000-7fa592bc0000 r--p 00000000 08:02 1443497                    /usr/lib/x86_64-linux-gnu/liblzma.so.5.2.4
7fa592bc0000-7fa592bd8000 r-xp 00003000 08:02 1443497                    /usr/lib/x86_64-linux-gnu/liblzma.so.5.2.4
7fa592bd8000-7fa592be3000 r--p 0001b000 08:02 1443497                    /usr/lib/x86_64-linux-gnu/liblzma.so.5.2.4
7fa592be3000-7fa592be4000 ---p 00026000 08:02 1443497                    /usr/lib/x86_64-linux-gnu/liblzma.so.5.2.4
7fa592be4000-7fa592be5000 r--p 00026000 08:02 1443497                    /usr/lib/x86_64-linux-gnu/liblzma.so.5.2.4
7fa592be5000-7fa592be6000 rw-p 00027000 08:02 1443497                    /usr/lib/x86_64-linux-gnu/liblzma.so.5.2.4
7fa592be6000-7fa592be9000 r--p 00000000 08:02 1449007                    /usr/lib/x86_64-linux-gnu/libapparmor.so.1.6.1
7fa592be9000-7fa592bf2000 r-xp 00003000 08:02 1449007                    /usr/lib/x86_64-linux-gnu/libapparmor.so.1.6.1
7fa592bf2000-7fa592bf9000 r--p 0000c000 08:02 1449007                    /usr/lib/x86_64-linux-gnu/libapparmor.so.1.6.1
7fa592bf9000-7fa592bfa000 r--p 00012000 08:02 1449007                    /usr/lib/x86_64-linux-gnu/libapparmor.so.1.6.1
7fa592bfa000-7fa592bfb000 rw-p 00013000 08:02 1449007                    /usr/lib/x86_64-linux-gnu/libapparmor.so.1.6.1
7fa592bfb000-7fa592c00000 r-xp 00000000 08:02 1449028                    /usr/lib/x86_64-linux-gnu/libasyncns.so.0.3.1
7fa592c00000-7fa592dff000 ---p 00005000 08:02 1449028                    /usr/lib/x86_64-linux-gnu/libasyncns.so.0.3.1
7fa592dff000-7fa592e00000 r--p 00004000 08:02 1449028                    /usr/lib/x86_64-linux-gnu/libasyncns.so.0.3.1
7fa592e00000-7fa592e01000 rw-p 00005000 08:02 1449028                    /usr/lib/x86_64-linux-gnu/libasyncns.so.0.3.1
7fa592e01000-7fa592e08000 r--p 00000000 08:02 1450170                    /usr/lib/x86_64-linux-gnu/libsndfile.so.1.0.28
7fa592e08000-7fa592e5b000 r-xp 00007000 08:02 1450170                    /usr/lib/x86_64-linux-gnu/libsndfile.so.1.0.28
7fa592e5b000-7fa592e78000 r--p 0005a000 08:02 1450170                    /usr/lib/x86_64-linux-gnu/libsndfile.so.1.0.28
7fa592e78000-7fa592e79000 ---p 00077000 08:02 1450170                    /usr/lib/x86_64-linux-gnu/libsndfile.so.1.0.28
7fa592e79000-7fa592e7c000 r--p 00077000 08:02 1450170                    /usr/lib/x86_64-linux-gnu/libsndfile.so.1.0.28
7fa592e7c000-7fa592e7d000 rw-p 0007a000 08:02 1450170                    /usr/lib/x86_64-linux-gnu/libsndfile.so.1.0.28
7fa592e7d000-7fa592e7f000 rw-p 00000000 00:00 0 
7fa592e7f000-7fa592e8f000 r--p 00000000 08:02 1446018                    /usr/lib/x86_64-linux-gnu/libsystemd.so.0.28.0
7fa592e8f000-7fa592f04000 r-xp 00010000 08:02 1446018                    /usr/lib/x86_64-linux-gnu/libsystemd.so.0.28.0
7fa592f04000-7fa592f29000 r--p 00085000 08:02 1446018                    /usr/lib/x86_64-linux-gnu/libsystemd.so.0.28.0
7fa592f29000-7fa592f2c000 r--p 000a9000 08:02 1446018                    /usr/lib/x86_64-linux-gnu/libsystemd.so.0.28.0
7fa592f2c000-7fa592f2d000 rw-p 000ac000 08:02 1446018                    /usr/lib/x86_64-linux-gnu/libsystemd.so.0.28.0
7fa592f2d000-7fa592f2e000 rw-p 00000000 00:00 0 
7fa592f2e000-7fa592f39000 r--p 00000000 08:02 1450442                    /usr/lib/x86_64-linux-gnu/libxcb.so.1.1.0
7fa592f39000-7fa592f4d000 r-xp 0000b000 08:02 1450442                    /usr/lib/x86_64-linux-gnu/libxcb.so.1.1.0
7fa592f4d000-7fa592f56000 r--p 0001f000 08:02 1450442                    /usr/lib/x86_64-linux-gnu/libxcb.so.1.1.0
7fa592f56000-7fa592f57000 r--p 00027000 08:02 1450442                    /usr/lib/x86_64-linux-gnu/libxcb.so.1.1.0
7fa592f57000-7fa592f58000 rw-p 00028000 08:02 1450442                    /usr/lib/x86_64-linux-gnu/libxcb.so.1.1.0
7fa592f58000-7fa592f63000 r--p 00000000 08:02 1442000                    /usr/lib/x86_64-linux-gnu/libdbus-1.so.3.19.11
7fa592f63000-7fa592f91000 r-xp 0000b000 08:02 1442000                    /usr/lib/x86_64-linux-gnu/libdbus-1.so.3.19.11
7fa592f91000-7fa592fa6000 r--p 00039000 08:02 1442000                    /usr/lib/x86_64-linux-gnu/libdbus-1.so.3.19.11
7fa592fa6000-7fa592fa7000 ---p 0004e000 08:02 1442000                    /usr/lib/x86_64-linux-gnu/libdbus-1.so.3.19.11
7fa592fa7000-7fa592fa8000 r--p 0004e000 08:02 1442000                    /usr/lib/x86_64-linux-gnu/libdbus-1.so.3.19.11
7fa592fa8000-7fa592fa9000 rw-p 0004f000 08:02 1442000                    /usr/lib/x86_64-linux-gnu/libdbus-1.so.3.19.11
7fa592fa9000-7fa592fba000 r--p 00000000 08:02 2097637                    /usr/lib/x86_64-linux-gnu/pulseaudio/libpulsecommon-13.99.so
7fa592fba000-7fa593002000 r-xp 00011000 08:02 2097637                    /usr/lib/x86_64-linux-gnu/pulseaudio/libpulsecommon-13.99.so
7fa593002000-7fa593027000 r--p 00059000 08:02 2097637                    /usr/lib/x86_64-linux-gnu/pulseaudio/libpulsecommon-13.99.so
7fa593027000-7fa593028000 ---p 0007e000 08:02 2097637                    /usr/lib/x86_64-linux-gnu/pulseaudio/libpulsecommon-13.99.so
7fa593028000-7fa59302a000 r--p 0007e000 08:02 2097637                    /usr/lib/x86_64-linux-gnu/pulseaudio/libpulsecommon-13.99.so
7fa59302a000-7fa59302b000 rw-p 00080000 08:02 2097637                    /usr/lib/x86_64-linux-gnu/pulseaudio/libpulsecommon-13.99.so
7fa59302b000-7fa593037000 r--p 00000000 08:02 1442666                    /usr/lib/x86_64-linux-gnu/libpulse.so.0.21.2
7fa593037000-7fa593067000 r-xp 0000c000 08:02 1442666                    /usr/lib/x86_64-linux-gnu/libpulse.so.0.21.2
7fa593067000-7fa59307d000 r--p 0003c000 08:02 1442666                    /usr/lib/x86_64-linux-gnu/libpulse.so.0.21.2
7fa59307d000-7fa59307f000 r--p 00051000 08:02 1442666                    /usr/lib/x86_64-linux-gnu/libpulse.so.0.21.2
7fa59307f000-7fa593080000 rw-p 00053000 08:02 1442666                    /usr/lib/x86_64-linux-gnu/libpulse.so.0.21.2
7fa593082000-7fa593083000 r--p 00000000 08:02 2097966                    /usr/lib/x86_64-linux-gnu/alsa-lib/libasound_module_pcm_oss.so
7fa593083000-7fa593085000 r-xp 00001000 08:02 2097966                    /usr/lib/x86_64-linux-gnu/alsa-lib/libasound_module_pcm_oss.so
7fa593085000-7fa593086000 r--p 00003000 08:02 2097966                    /usr/lib/x86_64-linux-gnu/alsa-lib/libasound_module_pcm_oss.so
7fa593086000-7fa593087000 r--p 00003000 08:02 2097966                    /usr/lib/x86_64-linux-gnu/alsa-lib/libasound_module_pcm_oss.so
7fa593087000-7fa593088000 rw-p 00004000 08:02 2097966                    /usr/lib/x86_64-linux-gnu/alsa-lib/libasound_module_pcm_oss.so
7fa593088000-7fa59308a000 r--p 00000000 08:02 2097965                    /usr/lib/x86_64-linux-gnu/alsa-lib/libasound_module_pcm_jack.so
7fa59308a000-7fa59308c000 r-xp 00002000 08:02 2097965                    /usr/lib/x86_64-linux-gnu/alsa-lib/libasound_module_pcm_jack.so
7fa59308c000-7fa59308d000 r--p 00004000 08:02 2097965                    /usr/lib/x86_64-linux-gnu/alsa-lib/libasound_module_pcm_jack.so
7fa59308d000-7fa59308e000 r--p 00004000 08:02 2097965                    /usr/lib/x86_64-linux-gnu/alsa-lib/libasound_module_pcm_jack.so
7fa59308e000-7fa59308f000 rw-p 00005000 08:02 2097965                    /usr/lib/x86_64-linux-gnu/alsa-lib/libasound_module_pcm_jack.so
7fa59308f000-7fa593090000 r--p 00000000 08:02 2097976                    /usr/lib/x86_64-linux-gnu/alsa-lib/libasound_module_rate_speexrate.so
7fa593090000-7fa593093000 r-xp 00001000 08:02 2097976                    /usr/lib/x86_64-linux-gnu/alsa-lib/libasound_module_rate_speexrate.so
7fa593093000-7fa593094000 r--p 00004000 08:02 2097976                    /usr/lib/x86_64-linux-gnu/alsa-lib/libasound_module_rate_speexrate.so
7fa593094000-7fa593095000 r--p 00004000 08:02 2097976                    /usr/lib/x86_64-linux-gnu/alsa-lib/libasound_module_rate_speexrate.so
7fa593095000-7fa593096000 rw-p 00005000 08:02 2097976                    /usr/lib/x86_64-linux-gnu/alsa-lib/libasound_module_rate_speexrate.so
7fa593096000-7fa593098000 r--p 00000000 08:02 2097967                    /usr/lib/x86_64-linux-gnu/alsa-lib/libasound_module_pcm_pulse.so
7fa593098000-7fa59309b000 r-xp 00002000 08:02 2097967                    /usr/lib/x86_64-linux-gnu/alsa-lib/libasound_module_pcm_pulse.so
7fa59309b000-7fa59309c000 r--p 00005000 08:02 2097967                    /usr/lib/x86_64-linux-gnu/alsa-lib/libasound_module_pcm_pulse.so
7fa59309c000-7fa59309d000 ---p 00006000 08:02 2097967                    /usr/lib/x86_64-linux-gnu/alsa-lib/libasound_module_pcm_pulse.so
7fa59309d000-7fa59309e000 r--p 00006000 08:02 2097967                    /usr/lib/x86_64-linux-gnu/alsa-lib/libasound_module_pcm_pulse.so
7fa59309e000-7fa59309f000 rw-p 00007000 08:02 2097967                    /usr/lib/x86_64-linux-gnu/alsa-lib/libasound_module_pcm_pulse.so
7fa59309f000-7fa5930dc000 rw-p 00000000 00:00 0 
7fa5930dc000-7fa5930de000 r--p 00000000 08:02 2234013                    /usr/local/lib/libilbccodec.so.2
7fa5930de000-7fa5930e8000 r-xp 00002000 08:02 2234013                    /usr/local/lib/libilbccodec.so.2
7fa5930e8000-7fa5930ea000 r--p 0000c000 08:02 2234013                    /usr/local/lib/libilbccodec.so.2
7fa5930ea000-7fa5930eb000 r--p 0000d000 08:02 2234013                    /usr/local/lib/libilbccodec.so.2
7fa5930eb000-7fa5930ed000 rw-p 0000e000 08:02 2234013                    /usr/local/lib/libilbccodec.so.2
7fa5930ed000-7fa5930ee000 r--p 00000000 08:02 2234009                    /usr/local/lib/libgsmcodec.so.2
7fa5930ee000-7fa5930f6000 r-xp 00001000 08:02 2234009                    /usr/local/lib/libgsmcodec.so.2
7fa5930f6000-7fa5930f7000 r--p 00009000 08:02 2234009                    /usr/local/lib/libgsmcodec.so.2
7fa5930f7000-7fa5930f8000 r--p 00009000 08:02 2234009                    /usr/local/lib/libgsmcodec.so.2
7fa5930f8000-7fa5930f9000 rw-p 0000a000 08:02 2234009                    /usr/local/lib/libgsmcodec.so.2
7fa5930f9000-7fa593123000 r--p 00000000 08:02 1442673                    /usr/lib/x86_64-linux-gnu/libasound.so.2.0.0
7fa593123000-7fa5931b2000 r-xp 0002a000 08:02 1442673                    /usr/lib/x86_64-linux-gnu/libasound.so.2.0.0
7fa5931b2000-7fa5931ec000 r--p 000b9000 08:02 1442673                    /usr/lib/x86_64-linux-gnu/libasound.so.2.0.0
7fa5931ec000-7fa5931f3000 r--p 000f2000 08:02 1442673                    /usr/lib/x86_64-linux-gnu/libasound.so.2.0.0
7fa5931f3000-7fa5931f4000 rw-p 000f9000 08:02 1442673                    /usr/lib/x86_64-linux-gnu/libasound.so.2.0.0
7fa5931f4000-7fa593210000 r--p 00000000 08:02 1444741                    /usr/lib/x86_64-linux-gnu/libssl.so.1.1
7fa593210000-7fa59325f000 r-xp 0001c000 08:02 1444741                    /usr/lib/x86_64-linux-gnu/libssl.so.1.1
7fa59325f000-7fa593279000 r--p 0006b000 08:02 1444741                    /usr/lib/x86_64-linux-gnu/libssl.so.1.1
7fa593279000-7fa59327a000 ---p 00085000 08:02 1444741                    /usr/lib/x86_64-linux-gnu/libssl.so.1.1
7fa59327a000-7fa593283000 r--p 00085000 08:02 1444741                    /usr/lib/x86_64-linux-gnu/libssl.so.1.1
7fa593283000-7fa593287000 rw-p 0008e000 08:02 1444741                    /usr/lib/x86_64-linux-gnu/libssl.so.1.1
7fa593287000-7fa59328d000 r--p 00000000 08:02 2234019                    /usr/local/lib/libwebrtc.so.2
7fa59328d000-7fa5932a6000 r-xp 00006000 08:02 2234019                    /usr/local/lib/libwebrtc.so.2
7fa5932a6000-7fa5932ae000 r--p 0001f000 08:02 2234019                    /usr/local/lib/libwebrtc.so.2
7fa5932ae000-7fa5932af000 r--p 00026000 08:02 2234019                    /usr/local/lib/libwebrtc.so.2
7fa5932af000-7fa5932b0000 rw-p 00027000 08:02 2234019                    /usr/local/lib/libwebrtc.so.2
7fa5932b0000-7fa5932b6000 r--p 00000000 08:02 2234011                    /usr/local/lib/libspeex.so.2
7fa5932b6000-7fa5932d4000 r-xp 00006000 08:02 2234011                    /usr/local/lib/libspeex.so.2
7fa5932d4000-7fa5932dc000 r--p 00024000 08:02 2234011                    /usr/local/lib/libspeex.so.2
7fa5932dc000-7fa5932dd000 ---p 0002c000 08:02 2234011                    /usr/local/lib/libspeex.so.2
7fa5932dd000-7fa5932de000 r--p 0002c000 08:02 2234011                    /usr/local/lib/libspeex.so.2
7fa5932de000-7fa5932df000 rw-p 0002d000 08:02 2234011                    /usr/local/lib/libspeex.so.2
7fa5932df000-7fa5932e0000 r--p 00000000 08:02 2234007                    /usr/local/lib/libresample.so.2
7fa5932e0000-7fa5932e1000 r-xp 00001000 08:02 2234007                    /usr/local/lib/libresample.so.2
7fa5932e1000-7fa5932ec000 r--p 00002000 08:02 2234007                    /usr/local/lib/libresample.so.2
7fa5932ec000-7fa5932ed000 r--p 0000c000 08:02 2234007                    /usr/local/lib/libresample.so.2
7fa5932ed000-7fa5932ee000 rw-p 0000d000 08:02 2234007                    /usr/local/lib/libresample.so.2
7fa5932ee000-7fa5932f3000 r--p 00000000 08:02 2234005                    /usr/local/lib/libsrtp.so.2
7fa5932f3000-7fa5932fe000 r-xp 00005000 08:02 2234005                    /usr/local/lib/libsrtp.so.2
7fa5932fe000-7fa593302000 r--p 00010000 08:02 2234005                    /usr/local/lib/libsrtp.so.2
7fa593302000-7fa593303000 r--p 00013000 08:02 2234005                    /usr/local/lib/libsrtp.so.2
7fa593303000-7fa593304000 rw-p 00014000 08:02 2234005                    /usr/local/lib/libsrtp.so.2
7fa593304000-7fa59337c000 r--p 00000000 08:02 1442965                    /usr/lib/x86_64-linux-gnu/libcrypto.so.1.1
7fa59337c000-7fa593517000 r-xp 00078000 08:02 1442965                    /usr/lib/x86_64-linux-gnu/libcrypto.so.1.1
7fa593517000-7fa5935a8000 r--p 00213000 08:02 1442965                    /usr/lib/x86_64-linux-gnu/libcrypto.so.1.1
7fa5935a8000-7fa5935d4000 r--p 002a3000 08:02 1442965                    /usr/lib/x86_64-linux-gnu/libcrypto.so.1.1
7fa5935d4000-7fa5935d6000 rw-p 002cf000 08:02 1442965                    /usr/lib/x86_64-linux-gnu/libcrypto.so.1.1
7fa5935d6000-7fa5935da000 rw-p 00000000 00:00 0 
7fa5935da000-7fa5935e2000 r--p 00000000 08:02 2234039                    /usr/local/lib/libpjnath.so.2
7fa5935e2000-7fa593600000 r-xp 00008000 08:02 2234039                    /usr/local/lib/libpjnath.so.2
7fa593600000-7fa59360c000 r--p 00026000 08:02 2234039                    /usr/local/lib/libpjnath.so.2
7fa59360c000-7fa59360d000 r--p 00031000 08:02 2234039                    /usr/local/lib/libpjnath.so.2
7fa59360d000-7fa59360f000 rw-p 00032000 08:02 2234039                    /usr/local/lib/libpjnath.so.2
7fa59360f000-7fa593612000 r--p 00000000 08:02 2234031                    /usr/local/lib/libpjmedia-codec.so.2
7fa593612000-7fa59361a000 r-xp 00003000 08:02 2234031                    /usr/local/lib/libpjmedia-codec.so.2
7fa59361a000-7fa59361d000 r--p 0000b000 08:02 2234031                    /usr/local/lib/libpjmedia-codec.so.2
7fa59361d000-7fa59361e000 r--p 0000d000 08:02 2234031                    /usr/local/lib/libpjmedia-codec.so.2
7fa59361e000-7fa59361f000 rw-p 0000e000 08:02 2234031                    /usr/local/lib/libpjmedia-codec.so.2
7fa59361f000-7fa59362b000 r--p 00000000 08:02 2234043                    /usr/local/lib/libpj.so.2
7fa59362b000-7fa593649000 r-xp 0000c000 08:02 2234043                    /usr/local/lib/libpj.so.2
7fa593649000-7fa593654000 r--p 0002a000 08:02 2234043                    /usr/local/lib/libpj.so.2
7fa593654000-7fa593655000 ---p 00035000 08:02 2234043                    /usr/local/lib/libpj.so.2
7fa593655000-7fa593656000 r--p 00035000 08:02 2234043                    /usr/local/lib/libpj.so.2
7fa593656000-7fa593657000 rw-p 00036000 08:02 2234043                    /usr/local/lib/libpj.so.2
7fa593657000-7fa593659000 rw-p 00000000 00:00 0 
7fa593659000-7fa593660000 r--p 00000000 08:02 2234041                    /usr/local/lib/libpjlib-util.so.2
7fa593660000-7fa59367a000 r-xp 00007000 08:02 2234041                    /usr/local/lib/libpjlib-util.so.2
7fa59367a000-7fa593682000 r--p 00021000 08:02 2234041                    /usr/local/lib/libpjlib-util.so.2
7fa593682000-7fa593683000 r--p 00028000 08:02 2234041                    /usr/local/lib/libpjlib-util.so.2
7fa593683000-7fa593684000 rw-p 00029000 08:02 2234041                    /usr/local/lib/libpjlib-util.so.2
7fa593684000-7fa593692000 r--p 00000000 08:02 2234035                    /usr/local/lib/libpjmedia.so.2
7fa593692000-7fa5936ca000 r-xp 0000e000 08:02 2234035                    /usr/local/lib/libpjmedia.so.2
7fa5936ca000-7fa5936e7000 r--p 00046000 08:02 2234035                    /usr/local/lib/libpjmedia.so.2
7fa5936e7000-7fa5936e8000 ---p 00063000 08:02 2234035                    /usr/local/lib/libpjmedia.so.2
7fa5936e8000-7fa5936e9000 r--p 00063000 08:02 2234035                    /usr/local/lib/libpjmedia.so.2
7fa5936e9000-7fa5936eb000 rw-p 00064000 08:02 2234035                    /usr/local/lib/libpjmedia.so.2
7fa5936eb000-7fa5936ec000 rw-p 00000000 00:00 0 
7fa5936ec000-7fa5936fa000 r--p 00000000 08:02 2234029                    /usr/local/lib/libpjsip.so.2
7fa5936fa000-7fa59372a000 r-xp 0000e000 08:02 2234029                    /usr/local/lib/libpjsip.so.2
7fa59372a000-7fa59373b000 r--p 0003e000 08:02 2234029                    /usr/local/lib/libpjsip.so.2
7fa59373b000-7fa59373d000 r--p 0004e000 08:02 2234029                    /usr/local/lib/libpjsip.so.2
7fa59373d000-7fa59373f000 rw-p 00050000 08:02 2234029                    /usr/local/lib/libpjsip.so.2
7fa59373f000-7fa593744000 rw-p 00000000 00:00 0 
7fa593744000-7fa593752000 r--p 00000000 08:02 2234023                    /usr/local/lib/libpjsua.so.2
7fa593752000-7fa593787000 r-xp 0000e000 08:02 2234023                    /usr/local/lib/libpjsua.so.2
7fa593787000-7fa593794000 r--p 00043000 08:02 2234023                    /usr/local/lib/libpjsua.so.2
7fa593794000-7fa593795000 r--p 0004f000 08:02 2234023                    /usr/local/lib/libpjsua.so.2
7fa593795000-7fa593797000 rw-p 00050000 08:02 2234023                    /usr/local/lib/libpjsua.so.2
7fa593797000-7fa593879000 rw-p 00000000 00:00 0 
7fa593879000-7fa5938c8000 r--p 00000000 08:02 1444779                    /usr/lib/libpjsua2.so
7fa5938c8000-7fa593954000 r-xp 0004f000 08:02 1444779                    /usr/lib/libpjsua2.so
7fa593954000-7fa59398a000 r--p 000db000 08:02 1444779                    /usr/lib/libpjsua2.so
7fa59398a000-7fa59398b000 ---p 00111000 08:02 1444779                    /usr/lib/libpjsua2.so
7fa59398b000-7fa59398c000 r--p 00111000 08:02 1444779                    /usr/lib/libpjsua2.so
7fa59398c000-7fa59398e000 rw-p 00112000 08:02 1444779                    /usr/lib/libpjsua2.so
7fa59398e000-7fa593af7000 r-xp 00000000 08:02 1444772                    /usr/lib/libopenh264.so
7fa593af7000-7fa593cf7000 ---p 00169000 08:02 1444772                    /usr/lib/libopenh264.so
7fa593cf7000-7fa593cfa000 r--p 00169000 08:02 1444772                    /usr/lib/libopenh264.so
7fa593cfa000-7fa593cfc000 rw-p 0016c000 08:02 1444772                    /usr/lib/libopenh264.so
7fa593cfc000-7fa593d00000 ---p 00000000 00:00 0 
7fa593d00000-7fa593dfd000 rw-p 00000000 00:00 0 
7fa593dfd000-7fa593dfe000 ---p 00000000 00:00 0 
7fa593dfe000-7fa593eff000 rw-p 00000000 00:00 0 
7fa593eff000-7fa593f03000 ---p 00000000 00:00 0 
7fa593f03000-7fa594000000 rw-p 00000000 00:00 0 
7fa594000000-7fa59420d000 rw-p 00000000 00:00 0 
7fa59420d000-7fa598000000 ---p 00000000 00:00 0 
7fa598000000-7fa5981ab000 rw-p 00000000 00:00 0 
7fa5981ab000-7fa59c000000 ---p 00000000 00:00 0 
7fa59c000000-7fa59c021000 rw-p 00000000 00:00 0 
7fa59c021000-7fa5a0000000 ---p 00000000 00:00 0 
7fa5a0000000-7fa5a0021000 rw-p 00000000 00:00 0 
7fa5a0021000-7fa5a4000000 ---p 00000000 00:00 0 
7fa5a4000000-7fa5a4021000 rw-p 00000000 00:00 0 
7fa5a4021000-7fa5a8000000 ---p 00000000 00:00 0 
7fa5a8000000-7fa5a8021000 rw-p 00000000 00:00 0 
7fa5a8021000-7fa5ac000000 ---p 00000000 00:00 0 
7fa5ac000000-7fa5ac021000 rw-p 00000000 00:00 0 
7fa5ac021000-7fa5b0000000 ---p 00000000 00:00 0 
7fa5b0000000-7fa5b0021000 rw-p 00000000 00:00 0 
7fa5b0021000-7fa5b4000000 ---p 00000000 00:00 0 
7fa5b4000000-7fa5b4021000 rw-p 00000000 00:00 0 
7fa5b4021000-7fa5b8000000 ---p 00000000 00:00 0 
7fa5b8000000-7fa5b8021000 rw-p 00000000 00:00 0 
7fa5b8021000-7fa5bc000000 ---p 00000000 00:00 0 
7fa5bc000000-7fa5bc021000 rw-p 00000000 00:00 0 
7fa5bc021000-7fa5c0000000 ---p 00000000 00:00 0 
7fa5c0000000-7fa5c0007000 r--s 00000000 08:02 2102563                    /usr/lib/x86_64-linux-gnu/gconv/gconv-modules.cache
7fa5c0007000-7fa5c000d000 r--p 00000000 08:02 2234025                    /usr/local/lib/libpjsip-ua.so.2
7fa5c000d000-7fa5c001f000 r-xp 00006000 08:02 2234025                    /usr/local/lib/libpjsip-ua.so.2
7fa5c001f000-7fa5c0025000 r--p 00018000 08:02 2234025                    /usr/local/lib/libpjsip-ua.so.2
7fa5c0025000-7fa5c0026000 r--p 0001d000 08:02 2234025                    /usr/local/lib/libpjsip-ua.so.2
7fa5c0026000-7fa5c0027000 rw-p 0001e000 08:02 2234025                    /usr/local/lib/libpjsip-ua.so.2
7fa5c0027000-7fa5c0043000 r--p 00000000 08:02 2234021                    /usr/local/lib/libpjsua2.so.2
7fa5c0043000-7fa5c0097000 r-xp 0001c000 08:02 2234021                    /usr/local/lib/libpjsua2.so.2
7fa5c0097000-7fa5c00ac000 r--p 00070000 08:02 2234021                    /usr/local/lib/libpjsua2.so.2
7fa5c00ac000-7fa5c00ae000 r--p 00084000 08:02 2234021                    /usr/local/lib/libpjsua2.so.2
7fa5c00ae000-7fa5c00b0000 rw-p 00086000 08:02 2234021                    /usr/local/lib/libpjsua2.so.2
7fa5c00b0000-7fa5c00b2000 r--p 00000000 08:02 1448951                    /usr/lib/x86_64-linux-gnu/libXdmcp.so.6.0.0
7fa5c00b2000-7fa5c00b4000 r-xp 00002000 08:02 1448951                    /usr/lib/x86_64-linux-gnu/libXdmcp.so.6.0.0
7fa5c00b4000-7fa5c00b6000 r--p 00004000 08:02 1448951                    /usr/lib/x86_64-linux-gnu/libXdmcp.so.6.0.0
7fa5c00b6000-7fa5c00b7000 r--p 00005000 08:02 1448951                    /usr/lib/x86_64-linux-gnu/libXdmcp.so.6.0.0
7fa5c00b7000-7fa5c00b8000 rw-p 00006000 08:02 1448951                    /usr/lib/x86_64-linux-gnu/libXdmcp.so.6.0.0
7fa5c00b8000-7fa5c00b9000 r--p 00000000 08:02 1448940                    /usr/lib/x86_64-linux-gnu/libXau.so.6.0.0
7fa5c00b9000-7fa5c00bb000 r-xp 00001000 08:02 1448940                    /usr/lib/x86_64-linux-gnu/libXau.so.6.0.0
7fa5c00bb000-7fa5c00bc000 r--p 00003000 08:02 1448940                    /usr/lib/x86_64-linux-gnu/libXau.so.6.0.0
7fa5c00bc000-7fa5c00bd000 r--p 00003000 08:02 1448940                    /usr/lib/x86_64-linux-gnu/libXau.so.6.0.0
7fa5c00bd000-7fa5c00be000 rw-p 00004000 08:02 1448940                    /usr/lib/x86_64-linux-gnu/libXau.so.6.0.0
7fa5c00be000-7fa5c00c1000 r--p 00000000 08:02 1450402                    /usr/lib/x86_64-linux-gnu/libwrap.so.0.7.6
7fa5c00c1000-7fa5c00c6000 r-xp 00003000 08:02 1450402                    /usr/lib/x86_64-linux-gnu/libwrap.so.0.7.6
7fa5c00c6000-7fa5c00c8000 r--p 00008000 08:02 1450402                    /usr/lib/x86_64-linux-gnu/libwrap.so.0.7.6
7fa5c00c8000-7fa5c00c9000 r--p 00009000 08:02 1450402                    /usr/lib/x86_64-linux-gnu/libwrap.so.0.7.6
7fa5c00c9000-7fa5c00ca000 rw-p 0000a000 08:02 1450402                    /usr/lib/x86_64-linux-gnu/libwrap.so.0.7.6
7fa5c00ca000-7fa5c00cb000 r--p 00000000 08:02 2097971                    /usr/lib/x86_64-linux-gnu/alsa-lib/libasound_module_rate_samplerate.so
7fa5c00cb000-7fa5c00cc000 r-xp 00001000 08:02 2097971                    /usr/lib/x86_64-linux-gnu/alsa-lib/libasound_module_rate_samplerate.so
7fa5c00cc000-7fa5c00cd000 r--p 00002000 08:02 2097971                    /usr/lib/x86_64-linux-gnu/alsa-lib/libasound_module_rate_samplerate.so
7fa5c00cd000-7fa5c00ce000 r--p 00002000 08:02 2097971                    /usr/lib/x86_64-linux-gnu/alsa-lib/libasound_module_rate_samplerate.so
7fa5c00ce000-7fa5c00cf000 rw-p 00003000 08:02 2097971                    /usr/lib/x86_64-linux-gnu/alsa-lib/libasound_module_rate_samplerate.so
7fa5c00cf000-7fa5c00d3000 ---p 00000000 00:00 0 
7fa5c00d3000-7fa5c01d0000 rw-p 00000000 00:00 0 
7fa5c01d0000-7fa5c01d4000 ---p 00000000 00:00 0 
7fa5c01d4000-7fa5c02d1000 rw-p 00000000 00:00 0 
7fa5c02d1000-7fa5c02d5000 ---p 00000000 00:00 0 
7fa5c02d5000-7fa5c03d2000 rw-p 00000000 00:00 0 
7fa5c03d2000-7fa5c03d6000 ---p 00000000 00:00 0 
7fa5c03d6000-7fa5c04d3000 rw-p 00000000 00:00 0 
7fa5c04d3000-7fa5c0a43000 r--p 00000000 08:02 1444832                    /usr/lib/locale/locale-archive
7fa5c0a43000-7fa5c0a47000 ---p 00000000 00:00 0 
7fa5c0a47000-7fa5c0b44000 rw-p 00000000 00:00 0 
7fa5c0b44000-7fa5c0b48000 ---p 00000000 00:00 0 
7fa5c0b48000-7fa5c0c45000 rw-p 00000000 00:00 0 
7fa5c0c45000-7fa5c0c46000 ---p 00000000 00:00 0 
7fa5c0c46000-7fa5c1363000 rw-p 00000000 00:00 0 
7fa5c1363000-7fa5c1623000 ---p 00000000 00:00 0 
7fa5c1623000-7fa5c1624000 ---p 00000000 00:00 0 
7fa5c1624000-7fa5c1725000 rw-p 00000000 00:00 0 
7fa5c1725000-7fa5c1726000 ---p 00000000 00:00 0 
7fa5c1726000-7fa5c3d1a000 rw-p 00000000 00:00 0 
7fa5c3d1a000-7fa5c59ba000 ---p 00000000 00:00 0 
7fa5c59ba000-7fa5c5bb2000 rw-p 00000000 00:00 0 
7fa5c5bb2000-7fa5c7852000 ---p 00000000 00:00 0 
7fa5c7852000-7fa5c7898000 rw-p 00000000 00:00 0 
7fa5c7898000-7fa5c7c2c000 ---p 00000000 00:00 0 
7fa5c7c2c000-7fa5c7c6b000 rw-p 00000000 00:00 0 
7fa5c7c6b000-7fa5c7fff000 ---p 00000000 00:00 0 
7fa5c7fff000-7fa5c8000000 rw-p 00000000 00:00 0 
7fa5c8000000-7fa5c8021000 rw-p 00000000 00:00 0 
7fa5c8021000-7fa5cc000000 ---p 00000000 00:00 0 
7fa5cc001000-7fa5cc003000 r--p 00000000 08:02 1442187                    /usr/lib/x86_64-linux-gnu/libuuid.so.1.3.0
7fa5cc003000-7fa5cc007000 r-xp 00002000 08:02 1442187                    /usr/lib/x86_64-linux-gnu/libuuid.so.1.3.0
7fa5cc007000-7fa5cc008000 r--p 00006000 08:02 1442187                    /usr/lib/x86_64-linux-gnu/libuuid.so.1.3.0
7fa5cc008000-7fa5cc009000 r--p 00006000 08:02 1442187                    /usr/lib/x86_64-linux-gnu/libuuid.so.1.3.0
7fa5cc009000-7fa5cc00a000 rw-p 00007000 08:02 1442187                    /usr/lib/x86_64-linux-gnu/libuuid.so.1.3.0
7fa5cc00a000-7fa5cc00c000 r--p 00000000 08:02 2234037                    /usr/local/lib/libpjmedia-audiodev.so.2
7fa5cc00c000-7fa5cc010000 r-xp 00002000 08:02 2234037                    /usr/local/lib/libpjmedia-audiodev.so.2
7fa5cc010000-7fa5cc011000 r--p 00006000 08:02 2234037                    /usr/local/lib/libpjmedia-audiodev.so.2
7fa5cc011000-7fa5cc012000 ---p 00007000 08:02 2234037                    /usr/local/lib/libpjmedia-audiodev.so.2
7fa5cc012000-7fa5cc013000 r--p 00007000 08:02 2234037                    /usr/local/lib/libpjmedia-audiodev.so.2
7fa5cc013000-7fa5cc014000 rw-p 00008000 08:02 2234037                    /usr/local/lib/libpjmedia-audiodev.so.2
7fa5cc014000-7fa5cc146000 rw-p 00000000 00:00 0 
7fa5cc146000-7fa5cc147000 ---p 00000000 00:00 0 
7fa5cc147000-7fa5cc248000 rw-p 00000000 00:00 0 
7fa5cc248000-7fa5cc249000 ---p 00000000 00:00 0 
7fa5cc249000-7fa5cc388000 rw-p 00000000 00:00 0 
7fa5cc388000-7fa5cc71c000 ---p 00000000 00:00 0 
7fa5cc71c000-7fa5cc81e000 rw-p 00000000 00:00 0 
7fa5cc81e000-7fa5cca8e000 rwxp 00000000 00:00 0 
7fa5cca8e000-7fa5ccdae000 ---p 00000000 00:00 0 
7fa5ccdae000-7fa5cd01e000 rwxp 00000000 00:00 0 
7fa5cd01e000-7fa5d42e6000 ---p 00000000 00:00 0 
7fa5d42e6000-7fa5d4556000 rwxp 00000000 00:00 0 
7fa5d4556000-7fa5db81e000 ---p 00000000 00:00 0 
7fa5db81e000-7fa5e4000000 r--s 00000000 08:02 1447911                    /usr/lib/jvm/java-11-openjdk-amd64/lib/modules
7fa5e4000000-7fa5e437e000 rw-p 00000000 00:00 0 
7fa5e437e000-7fa5e8000000 ---p 00000000 00:00 0 
7fa5e8002000-7fa5e8008000 r--p 00000000 08:02 2234027                    /usr/local/lib/libpjsip-simple.so.2
7fa5e8008000-7fa5e8013000 r-xp 00006000 08:02 2234027                    /usr/local/lib/libpjsip-simple.so.2
7fa5e8013000-7fa5e8017000 r--p 00011000 08:02 2234027                    /usr/local/lib/libpjsip-simple.so.2
7fa5e8017000-7fa5e8018000 ---p 00015000 08:02 2234027                    /usr/local/lib/libpjsip-simple.so.2
7fa5e8018000-7fa5e8019000 r--p 00015000 08:02 2234027                    /usr/local/lib/libpjsip-simple.so.2
7fa5e8019000-7fa5e801a000 rw-p 00016000 08:02 2234027                    /usr/local/lib/libpjsip-simple.so.2
7fa5e801a000-7fa5e801e000 r--p 00000000 08:02 1447901                    /usr/lib/jvm/java-11-openjdk-amd64/lib/libnet.so
7fa5e801e000-7fa5e802c000 r-xp 00004000 08:02 1447901                    /usr/lib/jvm/java-11-openjdk-amd64/lib/libnet.so
7fa5e802c000-7fa5e8030000 r--p 00012000 08:02 1447901                    /usr/lib/jvm/java-11-openjdk-amd64/lib/libnet.so
7fa5e8030000-7fa5e8031000 r--p 00015000 08:02 1447901                    /usr/lib/jvm/java-11-openjdk-amd64/lib/libnet.so
7fa5e8031000-7fa5e8032000 rw-p 00016000 08:02 1447901                    /usr/lib/jvm/java-11-openjdk-amd64/lib/libnet.so
7fa5e8032000-7fa5e8039000 r--p 00000000 08:02 1447902                    /usr/lib/jvm/java-11-openjdk-amd64/lib/libnio.so
7fa5e8039000-7fa5e8041000 r-xp 00007000 08:02 1447902                    /usr/lib/jvm/java-11-openjdk-amd64/lib/libnio.so
7fa5e8041000-7fa5e8044000 r--p 0000f000 08:02 1447902                    /usr/lib/jvm/java-11-openjdk-amd64/lib/libnio.so
7fa5e8044000-7fa5e8045000 r--p 00011000 08:02 1447902                    /usr/lib/jvm/java-11-openjdk-amd64/lib/libnio.so
7fa5e8045000-7fa5e8046000 rw-p 00012000 08:02 1447902                    /usr/lib/jvm/java-11-openjdk-amd64/lib/libnio.so
7fa5e8046000-7fa5e83f5000 rw-p 00000000 00:00 0 
7fa5e83f5000-7fa5e83f6000 ---p 00000000 00:00 0 
7fa5e83f6000-7fa5e84fc000 rw-p 00000000 00:00 0 
7fa5e84fc000-7fa5e85e2000 ---p 00000000 00:00 0 
7fa5e85e2000-7fa5e85e7000 rw-p 00000000 00:00 0 
7fa5e85e7000-7fa5e86cd000 ---p 00000000 00:00 0 
7fa5e86cd000-7fa5e86d0000 r--p 00000000 08:02 1445800                    /usr/lib/x86_64-linux-gnu/libnss_files-2.31.so
7fa5e86d0000-7fa5e86d7000 r-xp 00003000 08:02 1445800                    /usr/lib/x86_64-linux-gnu/libnss_files-2.31.so
7fa5e86d7000-7fa5e86d9000 r--p 0000a000 08:02 1445800                    /usr/lib/x86_64-linux-gnu/libnss_files-2.31.so
7fa5e86d9000-7fa5e86da000 r--p 0000b000 08:02 1445800                    /usr/lib/x86_64-linux-gnu/libnss_files-2.31.so
7fa5e86da000-7fa5e86db000 rw-p 0000c000 08:02 1445800                    /usr/lib/x86_64-linux-gnu/libnss_files-2.31.so
7fa5e86db000-7fa5e86e6000 rw-p 00000000 00:00 0 
7fa5e86e6000-7fa5e86ed000 ---p 00000000 00:00 0 
7fa5e86ed000-7fa5e86ef000 r--p 00000000 08:02 1447910                    /usr/lib/jvm/java-11-openjdk-amd64/lib/libzip.so
7fa5e86ef000-7fa5e86f4000 r-xp 00002000 08:02 1447910                    /usr/lib/jvm/java-11-openjdk-amd64/lib/libzip.so
7fa5e86f4000-7fa5e86f6000 r--p 00007000 08:02 1447910                    /usr/lib/jvm/java-11-openjdk-amd64/lib/libzip.so
7fa5e86f6000-7fa5e86f7000 r--p 00008000 08:02 1447910                    /usr/lib/jvm/java-11-openjdk-amd64/lib/libzip.so
7fa5e86f7000-7fa5e86f8000 rw-p 00009000 08:02 1447910                    /usr/lib/jvm/java-11-openjdk-amd64/lib/libzip.so
7fa5e86f8000-7fa5e8700000 rw-s 00000000 08:02 8913087                    /tmp/hsperfdata_user/12646
7fa5e8700000-7fa5e870e000 r--p 00000000 08:02 1447890                    /usr/lib/jvm/java-11-openjdk-amd64/lib/libjava.so
7fa5e870e000-7fa5e8724000 r-xp 0000e000 08:02 1447890                    /usr/lib/jvm/java-11-openjdk-amd64/lib/libjava.so
7fa5e8724000-7fa5e872b000 r--p 00024000 08:02 1447890                    /usr/lib/jvm/java-11-openjdk-amd64/lib/libjava.so
7fa5e872b000-7fa5e872c000 r--p 0002a000 08:02 1447890                    /usr/lib/jvm/java-11-openjdk-amd64/lib/libjava.so
7fa5e872c000-7fa5e872d000 rw-p 0002b000 08:02 1447890                    /usr/lib/jvm/java-11-openjdk-amd64/lib/libjava.so
7fa5e872d000-7fa5e872e000 rw-p 00000000 00:00 0 
7fa5e872e000-7fa5e8730000 r--p 00000000 08:02 1445807                    /usr/lib/x86_64-linux-gnu/librt-2.31.so
7fa5e8730000-7fa5e8734000 r-xp 00002000 08:02 1445807                    /usr/lib/x86_64-linux-gnu/librt-2.31.so
7fa5e8734000-7fa5e8736000 r--p 00006000 08:02 1445807                    /usr/lib/x86_64-linux-gnu/librt-2.31.so
7fa5e8736000-7fa5e8737000 r--p 00007000 08:02 1445807                    /usr/lib/x86_64-linux-gnu/librt-2.31.so
7fa5e8737000-7fa5e8738000 rw-p 00008000 08:02 1445807                    /usr/lib/x86_64-linux-gnu/librt-2.31.so
7fa5e8738000-7fa5e873c000 ---p 00000000 00:00 0 
7fa5e873c000-7fa5e8839000 rw-p 00000000 00:00 0 
7fa5e8839000-7fa5e883c000 r--p 00000000 08:02 1449406                    /usr/lib/x86_64-linux-gnu/libgcc_s.so.1
7fa5e883c000-7fa5e884e000 r-xp 00003000 08:02 1449406                    /usr/lib/x86_64-linux-gnu/libgcc_s.so.1
7fa5e884e000-7fa5e8852000 r--p 00015000 08:02 1449406                    /usr/lib/x86_64-linux-gnu/libgcc_s.so.1
7fa5e8852000-7fa5e8853000 r--p 00018000 08:02 1449406                    /usr/lib/x86_64-linux-gnu/libgcc_s.so.1
7fa5e8853000-7fa5e8854000 rw-p 00019000 08:02 1449406                    /usr/lib/x86_64-linux-gnu/libgcc_s.so.1
7fa5e8854000-7fa5e8861000 r--p 00000000 08:02 1445794                    /usr/lib/x86_64-linux-gnu/libm-2.31.so
7fa5e8861000-7fa5e8908000 r-xp 0000d000 08:02 1445794                    /usr/lib/x86_64-linux-gnu/libm-2.31.so
7fa5e8908000-7fa5e89a1000 r--p 000b4000 08:02 1445794                    /usr/lib/x86_64-linux-gnu/libm-2.31.so
7fa5e89a1000-7fa5e89a2000 r--p 0014c000 08:02 1445794                    /usr/lib/x86_64-linux-gnu/libm-2.31.so
7fa5e89a2000-7fa5e89a3000 rw-p 0014d000 08:02 1445794                    /usr/lib/x86_64-linux-gnu/libm-2.31.so
7fa5e89a3000-7fa5e8a39000 r--p 00000000 08:02 1450209                    /usr/lib/x86_64-linux-gnu/libstdc++.so.6.0.28
7fa5e8a39000-7fa5e8b2a000 r-xp 00096000 08:02 1450209                    /usr/lib/x86_64-linux-gnu/libstdc++.so.6.0.28
7fa5e8b2a000-7fa5e8b73000 r--p 00187000 08:02 1450209                    /usr/lib/x86_64-linux-gnu/libstdc++.so.6.0.28
7fa5e8b73000-7fa5e8b74000 ---p 001d0000 08:02 1450209                    /usr/lib/x86_64-linux-gnu/libstdc++.so.6.0.28
7fa5e8b74000-7fa5e8b7f000 r--p 001d0000 08:02 1450209                    /usr/lib/x86_64-linux-gnu/libstdc++.so.6.0.28
7fa5e8b7f000-7fa5e8b82000 rw-p 001db000 08:02 1450209                    /usr/lib/x86_64-linux-gnu/libstdc++.so.6.0.28
7fa5e8b82000-7fa5e8b85000 rw-p 00000000 00:00 0 
7fa5e8b85000-7fa5e8e07000 r--p 00000000 08:02 1447914                    /usr/lib/jvm/java-11-openjdk-amd64/lib/server/libjvm.so
7fa5e8e07000-7fa5e9a8d000 r-xp 00282000 08:02 1447914                    /usr/lib/jvm/java-11-openjdk-amd64/lib/server/libjvm.so
7fa5e9a8d000-7fa5e9ce9000 r--p 00f08000 08:02 1447914                    /usr/lib/jvm/java-11-openjdk-amd64/lib/server/libjvm.so
7fa5e9ce9000-7fa5e9dad000 r--p 01163000 08:02 1447914                    /usr/lib/jvm/java-11-openjdk-amd64/lib/server/libjvm.so
7fa5e9dad000-7fa5e9de8000 rw-p 01227000 08:02 1447914                    /usr/lib/jvm/java-11-openjdk-amd64/lib/server/libjvm.so
7fa5e9de8000-7fa5e9e41000 rw-p 00000000 00:00 0 
7fa5e9e41000-7fa5e9e47000 r--p 00000000 08:02 1445805                    /usr/lib/x86_64-linux-gnu/libpthread-2.31.so
7fa5e9e47000-7fa5e9e58000 r-xp 00006000 08:02 1445805                    /usr/lib/x86_64-linux-gnu/libpthread-2.31.so
7fa5e9e58000-7fa5e9e5e000 r--p 00017000 08:02 1445805                    /usr/lib/x86_64-linux-gnu/libpthread-2.31.so
7fa5e9e5e000-7fa5e9e5f000 r--p 0001c000 08:02 1445805                    /usr/lib/x86_64-linux-gnu/libpthread-2.31.so
7fa5e9e5f000-7fa5e9e60000 rw-p 0001d000 08:02 1445805                    /usr/lib/x86_64-linux-gnu/libpthread-2.31.so
7fa5e9e60000-7fa5e9e64000 rw-p 00000000 00:00 0 
7fa5e9e64000-7fa5e9e65000 r--p 00000000 08:02 1445793                    /usr/lib/x86_64-linux-gnu/libdl-2.31.so
7fa5e9e65000-7fa5e9e67000 r-xp 00001000 08:02 1445793                    /usr/lib/x86_64-linux-gnu/libdl-2.31.so
7fa5e9e67000-7fa5e9e68000 r--p 00003000 08:02 1445793                    /usr/lib/x86_64-linux-gnu/libdl-2.31.so
7fa5e9e68000-7fa5e9e69000 r--p 00003000 08:02 1445793                    /usr/lib/x86_64-linux-gnu/libdl-2.31.so
7fa5e9e69000-7fa5e9e6a000 rw-p 00004000 08:02 1445793                    /usr/lib/x86_64-linux-gnu/libdl-2.31.so
7fa5e9e6a000-7fa5e9e6c000 r--p 00000000 08:02 1445493                    /usr/lib/x86_64-linux-gnu/libz.so.1.2.11
7fa5e9e6c000-7fa5e9e7d000 r-xp 00002000 08:02 1445493                    /usr/lib/x86_64-linux-gnu/libz.so.1.2.11
7fa5e9e7d000-7fa5e9e83000 r--p 00013000 08:02 1445493                    /usr/lib/x86_64-linux-gnu/libz.so.1.2.11
7fa5e9e83000-7fa5e9e84000 ---p 00019000 08:02 1445493                    /usr/lib/x86_64-linux-gnu/libz.so.1.2.11
7fa5e9e84000-7fa5e9e85000 r--p 00019000 08:02 1445493                    /usr/lib/x86_64-linux-gnu/libz.so.1.2.11
7fa5e9e85000-7fa5e9e86000 rw-p 0001a000 08:02 1445493                    /usr/lib/x86_64-linux-gnu/libz.so.1.2.11
7fa5e9e86000-7fa5e9ea8000 r--p 00000000 08:02 1445792                    /usr/lib/x86_64-linux-gnu/libc-2.31.so
7fa5e9ea8000-7fa5ea020000 r-xp 00022000 08:02 1445792                    /usr/lib/x86_64-linux-gnu/libc-2.31.so
7fa5ea020000-7fa5ea06e000 r--p 0019a000 08:02 1445792                    /usr/lib/x86_64-linux-gnu/libc-2.31.so
7fa5ea06e000-7fa5ea072000 r--p 001e7000 08:02 1445792                    /usr/lib/x86_64-linux-gnu/libc-2.31.so
7fa5ea072000-7fa5ea074000 rw-p 001eb000 08:02 1445792                    /usr/lib/x86_64-linux-gnu/libc-2.31.so
7fa5ea074000-7fa5ea078000 rw-p 00000000 00:00 0 
7fa5ea078000-7fa5ea07a000 r--s 0000c000 08:02 2235382                    /usr/share/java/java-atk-wrapper.jar
7fa5ea07a000-7fa5ea07b000 ---p 00000000 00:00 0 
7fa5ea07b000-7fa5ea07c000 r--p 00000000 00:00 0 
7fa5ea07c000-7fa5ea07e000 r--p 00000000 08:02 1447893                    /usr/lib/jvm/java-11-openjdk-amd64/lib/libjimage.so
7fa5ea07e000-7fa5ea081000 r-xp 00002000 08:02 1447893                    /usr/lib/jvm/java-11-openjdk-amd64/lib/libjimage.so
7fa5ea081000-7fa5ea082000 r--p 00005000 08:02 1447893                    /usr/lib/jvm/java-11-openjdk-amd64/lib/libjimage.so
7fa5ea082000-7fa5ea083000 ---p 00006000 08:02 1447893                    /usr/lib/jvm/java-11-openjdk-amd64/lib/libjimage.so
7fa5ea083000-7fa5ea084000 r--p 00006000 08:02 1447893                    /usr/lib/jvm/java-11-openjdk-amd64/lib/libjimage.so
7fa5ea084000-7fa5ea085000 rw-p 00007000 08:02 1447893                    /usr/lib/jvm/java-11-openjdk-amd64/lib/libjimage.so
7fa5ea085000-7fa5ea08a000 r--p 00000000 08:02 1447909                    /usr/lib/jvm/java-11-openjdk-amd64/lib/libverify.so
7fa5ea08a000-7fa5ea091000 r-xp 00005000 08:02 1447909                    /usr/lib/jvm/java-11-openjdk-amd64/lib/libverify.so
7fa5ea091000-7fa5ea093000 r--p 0000c000 08:02 1447909                    /usr/lib/jvm/java-11-openjdk-amd64/lib/libverify.so
7fa5ea093000-7fa5ea094000 ---p 0000e000 08:02 1447909                    /usr/lib/jvm/java-11-openjdk-amd64/lib/libverify.so
7fa5ea094000-7fa5ea096000 r--p 0000e000 08:02 1447909                    /usr/lib/jvm/java-11-openjdk-amd64/lib/libverify.so
7fa5ea096000-7fa5ea097000 rw-p 00010000 08:02 1447909                    /usr/lib/jvm/java-11-openjdk-amd64/lib/libverify.so
7fa5ea097000-7fa5ea09a000 r--p 00000000 08:02 1447875                    /usr/lib/jvm/java-11-openjdk-amd64/lib/jli/libjli.so
7fa5ea09a000-7fa5ea0a4000 r-xp 00003000 08:02 1447875                    /usr/lib/jvm/java-11-openjdk-amd64/lib/jli/libjli.so
7fa5ea0a4000-7fa5ea0a7000 r--p 0000d000 08:02 1447875                    /usr/lib/jvm/java-11-openjdk-amd64/lib/jli/libjli.so
7fa5ea0a7000-7fa5ea0a8000 ---p 00010000 08:02 1447875                    /usr/lib/jvm/java-11-openjdk-amd64/lib/jli/libjli.so
7fa5ea0a8000-7fa5ea0a9000 r--p 00010000 08:02 1447875                    /usr/lib/jvm/java-11-openjdk-amd64/lib/jli/libjli.so
7fa5ea0a9000-7fa5ea0aa000 rw-p 00011000 08:02 1447875                    /usr/lib/jvm/java-11-openjdk-amd64/lib/jli/libjli.so
7fa5ea0aa000-7fa5ea0ac000 rw-p 00000000 00:00 0 
7fa5ea0ac000-7fa5ea0ad000 r--p 00000000 08:02 1445788                    /usr/lib/x86_64-linux-gnu/ld-2.31.so
7fa5ea0ad000-7fa5ea0d0000 r-xp 00001000 08:02 1445788                    /usr/lib/x86_64-linux-gnu/ld-2.31.so
7fa5ea0d0000-7fa5ea0d8000 r--p 00024000 08:02 1445788                    /usr/lib/x86_64-linux-gnu/ld-2.31.so
7fa5ea0d9000-7fa5ea0da000 r--p 0002c000 08:02 1445788                    /usr/lib/x86_64-linux-gnu/ld-2.31.so
7fa5ea0da000-7fa5ea0db000 rw-p 0002d000 08:02 1445788                    /usr/lib/x86_64-linux-gnu/ld-2.31.so
7fa5ea0db000-7fa5ea0dc000 rw-p 00000000 00:00 0 
7fff90532000-7fff90553000 rw-p 00000000 00:00 0                          [stack]
7fff905cd000-7fff905d1000 r--p 00000000 00:00 0                          [vvar]
7fff905d1000-7fff905d3000 r-xp 00000000 00:00 0                          [vdso]
ffffffffff600000-ffffffffff601000 --xp 00000000 00:00 0                  [vsyscall]


VM Arguments:
java_command: com.zilogic.mypjsip.MyApp
java_class_path (initial): /home/user/NetBeansProjects/mypjsip/target/classes:/home/user/.m2/repository/pjsip/pjsip/1.0/pjsip-1.0.jar
Launcher Type: SUN_STANDARD

[Global flags]
     intx CICompilerCount                          = 3                                         {product} {ergonomic}
     uint ConcGCThreads                            = 1                                         {product} {ergonomic}
     uint G1ConcRefinementThreads                  = 4                                         {product} {ergonomic}
   size_t G1HeapRegionSize                         = 1048576                                   {product} {ergonomic}
    uintx GCDrainStackTargetSize                   = 64                                        {product} {ergonomic}
   size_t InitialHeapSize                          = 130023424                                 {product} {ergonomic}
   size_t MarkStackSize                            = 4194304                                   {product} {ergonomic}
   size_t MaxHeapSize                              = 2053111808                                {product} {ergonomic}
   size_t MaxNewSize                               = 1231028224                                {product} {ergonomic}
   size_t MinHeapDeltaBytes                        = 1048576                                   {product} {ergonomic}
    uintx NonNMethodCodeHeapSize                   = 5830732                                {pd product} {ergonomic}
    uintx NonProfiledCodeHeapSize                  = 122913754                              {pd product} {ergonomic}
    uintx ProfiledCodeHeapSize                     = 122913754                              {pd product} {ergonomic}
    uintx ReservedCodeCacheSize                    = 251658240                              {pd product} {ergonomic}
     bool SegmentedCodeCache                       = true                                      {product} {ergonomic}
     bool UseCompressedClassPointers               = true                                 {lp64_product} {ergonomic}
     bool UseCompressedOops                        = true                                 {lp64_product} {ergonomic}
     bool UseG1GC                                  = true                                      {product} {ergonomic}

Logging:
Log output configuration:
 #0: stdout all=warning uptime,level,tags
 #1: stderr all=off uptime,level,tags

Environment Variables:
JAVA_HOME=/usr/lib/jvm/java-11-openjdk-amd64
PATH=/home/user/.local/bin:/usr/local/sbin:/usr/local/bin:/usr/sbin:/usr/bin:/sbin:/bin:/usr/games:/usr/local/games:/snap/bin
USERNAME=user
SHELL=/bin/bash
DISPLAY=:0
LANG=en_IN

Signal Handlers:
SIGSEGV: [libjvm.so+0xe95100], sa_mask[0]=11111111011111111101111111111110, sa_flags=SA_RESTART|SA_SIGINFO
SIGBUS: [libjvm.so+0xe95100], sa_mask[0]=11111111011111111101111111111110, sa_flags=SA_RESTART|SA_SIGINFO
SIGFPE: [libjvm.so+0xe95100], sa_mask[0]=11111111011111111101111111111110, sa_flags=SA_RESTART|SA_SIGINFO
SIGPIPE: [libjvm.so+0xbdca50], sa_mask[0]=11111111011111111101111111111110, sa_flags=SA_RESTART|SA_SIGINFO
SIGXFSZ: [libjvm.so+0xbdca50], sa_mask[0]=11111111011111111101111111111110, sa_flags=SA_RESTART|SA_SIGINFO
SIGILL: [libjvm.so+0xe95100], sa_mask[0]=11111111011111111101111111111110, sa_flags=SA_RESTART|SA_SIGINFO
SIGUSR2: [libjvm.so+0xbdc8f0], sa_mask[0]=00100000000000000000000000000000, sa_flags=SA_RESTART|SA_SIGINFO
SIGHUP: [libjvm.so+0xbdcd90], sa_mask[0]=11111111011111111101111111111110, sa_flags=SA_RESTART|SA_SIGINFO
SIGINT: SIG_IGN, sa_mask[0]=00000000000000000000000000000000, sa_flags=none
SIGTERM: [libjvm.so+0xbdcd90], sa_mask[0]=11111111011111111101111111111110, sa_flags=SA_RESTART|SA_SIGINFO
SIGQUIT: [libjvm.so+0xbdcd90], sa_mask[0]=11111111011111111101111111111110, sa_flags=SA_RESTART|SA_SIGINFO


---------------  S Y S T E M  ---------------

OS:DISTRIB_ID=Ubuntu
DISTRIB_RELEASE=20.04
DISTRIB_CODENAME=focal
DISTRIB_DESCRIPTION="Ubuntu 20.04.4 LTS"
uname:Linux 5.13.0-52-generic #59~20.04.1-Ubuntu SMP Thu Jun 16 21:21:28 UTC 2022 x86_64
OS uptime: 0 days 1:40 hours
libc:glibc 2.31 NPTL 2.31 
rlimit (soft/hard): STACK 8192k/infinity , CORE 0k/infinity , NPROC 31037/31037 , NOFILE 1048576/1048576 , AS infinity/infinity , CPU infinity/infinity , DATA infinity/infinity , FSIZE infinity/infinity , MEMLOCK 65536k/65536k
load average:0.35 0.47 0.58

/proc/meminfo:
MemTotal:        8017192 kB
MemFree:          285204 kB
MemAvailable:    2581712 kB
Buffers:          515228 kB
Cached:          2313596 kB
SwapCached:          304 kB
Active:          1601496 kB
Inactive:        5559684 kB
Active(anon):     265968 kB
Inactive(anon):  4536220 kB
Active(file):    1335528 kB
Inactive(file):  1023464 kB
Unevictable:       55068 kB
Mlocked:              16 kB
SwapTotal:       3999740 kB
SwapFree:        3994072 kB
Dirty:              1000 kB
Writeback:             0 kB
AnonPages:       4387120 kB
Mapped:           805008 kB
Shmem:            476880 kB
KReclaimable:     241568 kB
Slab:             387056 kB
SReclaimable:     241568 kB
SUnreclaim:       145488 kB
KernelStack:       18144 kB
PageTables:        40800 kB
NFS_Unstable:          0 kB
Bounce:                0 kB
WritebackTmp:          0 kB
CommitLimit:     8008336 kB
Committed_AS:   10935248 kB
VmallocTotal:   34359738367 kB
VmallocUsed:       43588 kB
VmallocChunk:          0 kB
Percpu:             4048 kB
HardwareCorrupted:     0 kB
AnonHugePages:         0 kB
ShmemHugePages:        0 kB
ShmemPmdMapped:        0 kB
FileHugePages:         0 kB
FilePmdMapped:         0 kB
HugePages_Total:       0
HugePages_Free:        0
HugePages_Rsvd:        0
HugePages_Surp:        0
Hugepagesize:       2048 kB
Hugetlb:               0 kB
DirectMap4k:      387488 kB
DirectMap2M:     7876608 kB
DirectMap1G:           0 kB

/sys/kernel/mm/transparent_hugepage/enabled:
always [madvise] never
/sys/kernel/mm/transparent_hugepage/defrag (defrag/compaction efforts parameter):
always defer defer+madvise [madvise] never

Process Memory:
Virtual Size: 5291304K (peak: 13435636K)
Resident Set Size: 60340K (peak: 60480K) (anon: 23392K, file: 36948K, shmem: 0K)
Swapped out: 0K
C-Heap outstanding allocations: 3507K

/proc/sys/kernel/threads-max (system-wide limit on the number of threads):
62075
/proc/sys/vm/max_map_count (maximum number of memory map areas a process may have):
65530
/proc/sys/kernel/pid_max (system-wide limit on number of process identifiers):
4194304

container (cgroup) information:
container_type: cgroupv1
cpu_cpuset_cpus: 0-3
cpu_memory_nodes: 0
active_processor_count: 4
cpu_quota: -1
cpu_period: 100000
cpu_shares: -1
memory_limit_in_bytes: -1
memory_and_swap_limit_in_bytes: -1
memory_soft_limit_in_bytes: -1
memory_usage_in_bytes: 5467742208
memory_max_usage_in_bytes: 5642944512

Steal ticks since vm start: 0
Steal ticks percentage since vm start:  0.000

CPU:total 4 (initial active 4) (4 cores per cpu, 1 threads per core) family 6 model 158 stepping 9 microcode 0xf0, cmov, cx8, fxsr, mmx, sse, sse2, sse3, ssse3, sse4.1, sse4.2, popcnt, avx, avx2, aes, clmul, erms, rtm, 3dnowpref, lzcnt, tsc, tscinvbit, bmi1, bmi2, adx, fma
CPU Model and flags from /proc/cpuinfo:
model name	: Intel(R) Core(TM) i5-7500 CPU @ 3.40GHz
flags		: fpu vme de pse tsc msr pae mce cx8 apic sep mtrr pge mca cmov pat pse36 clflush dts acpi mmx fxsr sse sse2 ss ht tm pbe syscall nx pdpe1gb rdtscp lm constant_tsc art arch_perfmon pebs bts rep_good nopl xtopology nonstop_tsc cpuid aperfmperf pni pclmulqdq dtes64 monitor ds_cpl vmx smx est tm2 ssse3 sdbg fma cx16 xtpr pdcm pcid sse4_1 sse4_2 x2apic movbe popcnt tsc_deadline_timer aes xsave avx f16c rdrand lahf_lm abm 3dnowprefetch cpuid_fault epb invpcid_single pti ssbd ibrs ibpb stibp tpr_shadow vnmi flexpriority ept vpid ept_ad fsgsbase tsc_adjust bmi1 hle avx2 smep bmi2 erms invpcid rtm mpx rdseed adx smap clflushopt intel_pt xsaveopt xsavec xgetbv1 xsaves dtherm ida arat pln pts hwp hwp_notify hwp_act_window hwp_epp md_clear flush_l1d arch_capabilities
Online cpus:
0-3
Offline cpus:

BIOS frequency limitation:
<Not Available>
Frequency switch latency (ns):
0
Available cpu frequencies:
<Not Available>
Current governor:
powersave
Core performance/turbo boost:
<Not Available>

Memory: 4k page, physical 8017192k(285204k free), swap 3999740k(3994072k free)

vm_info: OpenJDK 64-Bit Server VM (11.0.15+10-Ubuntu-0ubuntu0.20.04.1) for linux-amd64 JRE (11.0.15+10-Ubuntu-0ubuntu0.20.04.1), built on Apr 23 2022 13:02:10 by "unknown" with gcc 9.4.0

END.
