#
# A fatal error has been detected by the Java Runtime Environment:
#
#  SIGSEGV (0xb) at pc=0x00007ff0d009fc88, pid=49330, tid=49331
#
# JRE version: OpenJDK Runtime Environment (11.0.15+10) (build 11.0.15+10-Ubuntu-0ubuntu0.20.04.1)
# Java VM: OpenJDK 64-Bit Server VM (11.0.15+10-Ubuntu-0ubuntu0.20.04.1, mixed mode, sharing, tiered, compressed oops, g1 gc, linux-amd64)
# Problematic frame:
# C  [libpjsua2.so.2+0x5ac88]  pj::Call::hasMedia() const+0x8
#
# Core dump will be written. Default location: Core dumps may be processed with "/usr/share/apport/apport -p%p -s%s -c%c -d%d -P%P -u%u -g%g -- %E" (or dumping to /home/user/NetBeansProjects/mypjsip/core.49330)
#
# If you would like to submit a bug report, please visit:
#   Unknown
# The crash happened outside the Java Virtual Machine in native code.
# See problematic frame for where to report the bug.
#

---------------  S U M M A R Y ------------

Command Line: com.zilogic.mypjsip.MyApp

Host: Intel(R) Core(TM) i5-7500 CPU @ 3.40GHz, 4 cores, 7G, Ubuntu 20.04.4 LTS
Time: Mon Jul 11 15:22:42 2022 IST elapsed time: 130.536055 seconds (0d 0h 2m 10s)

---------------  T H R E A D  ---------------

Current thread (0x00007ff0f0016000):  JavaThread "main" [_thread_in_native, id=49331, stack(0x00007ff0f679f000,0x00007ff0f68a0000)]

Stack: [0x00007ff0f679f000,0x00007ff0f68a0000],  sp=0x00007ff0f689e840,  free space=1022k
Native frames: (J=compiled Java code, A=aot compiled Java code, j=interpreted, Vv=VM code, C=native code)
C  [libpjsua2.so.2+0x5ac88]  pj::Call::hasMedia() const+0x8
j  org.pjsip.pjsua2.Call.hasMedia()Z+5
j  com.zilogic.mypjsip.MyApp.main([Ljava/lang/String;)V+610
v  ~StubRoutines::call_stub
V  [libjvm.so+0x869cc4]
V  [libjvm.so+0x8e6d8d]
V  [libjvm.so+0x8e94a0]
C  [libjli.so+0x5a6a]
C  [libjli.so+0x9cdd]

Java frames: (J=compiled Java code, j=interpreted, Vv=VM code)
j  org.pjsip.pjsua2.pjsua2JNI.Call_hasMedia(JLorg/pjsip/pjsua2/Call;)Z+0
j  org.pjsip.pjsua2.Call.hasMedia()Z+5
j  com.zilogic.mypjsip.MyApp.main([Ljava/lang/String;)V+610
v  ~StubRoutines::call_stub

siginfo: si_signo: 11 (SIGSEGV), si_code: 1 (SEGV_MAPERR), si_addr: 0x0000000000000010

Register to memory mapping:

RAX=0x00007ff0c99259a0: Java_org_pjsip_pjsua2_pjsua2JNI_Call_1hasMedia+0x0000000000000000 in /usr/lib/libpjsua2.so at 0x00007ff0c9879000
RBX={method} {0x00007ff0f48d2d80} 'Call_hasMedia' '(JLorg/pjsip/pjsua2/Call;)Z' in 'org/pjsip/pjsua2/pjsua2JNI'
RCX=0x00007ff0f689e8d0 is pointing into the stack for thread: 0x00007ff0f0016000
RDX=0x0 is NULL
RSP=0x00007ff0f689e840 is pointing into the stack for thread: 0x00007ff0f0016000
RBP=0x00007ff0f689e8b0 is pointing into the stack for thread: 0x00007ff0f0016000
RSI=0x00007ff0f689e8c0 is pointing into the stack for thread: 0x00007ff0f0016000
RDI=0x0 is NULL
R8 =0x000000008cf00178 points into unknown readable memory: 0x0000000000000001 | 01 00 00 00 00 00 00 00
R9 =0x0000000000000001 is an unknown value
R10=0x00007ff0d882d9e1 is at code_begin+897 in an Interpreter codelet
method entry point (kind = native)  [0x00007ff0d882d660, 0x00007ff0d882dfe0]  2432 bytes
R11=0x000000008c704ff8 points into unknown readable memory: 0x0000001f32e57509 | 09 75 e5 32 1f 00 00 00
R12=0x0 is NULL
R13={method} {0x00007ff0f48d2d80} 'Call_hasMedia' '(JLorg/pjsip/pjsua2/Call;)Z' in 'org/pjsip/pjsua2/pjsua2JNI'
R14=0x00007ff0f689e8e0 is pointing into the stack for thread: 0x00007ff0f0016000
R15=0x00007ff0f0016000 is a thread


Registers:
RAX=0x00007ff0c99259a0, RBX=0x00007ff0f48d2d80, RCX=0x00007ff0f689e8d0, RDX=0x0000000000000000
RSP=0x00007ff0f689e840, RBP=0x00007ff0f689e8b0, RSI=0x00007ff0f689e8c0, RDI=0x0000000000000000
R8 =0x000000008cf00178, R9 =0x0000000000000001, R10=0x00007ff0d882d9e1, R11=0x000000008c704ff8
R12=0x0000000000000000, R13=0x00007ff0f48d2d80, R14=0x00007ff0f689e8e0, R15=0x00007ff0f0016000
RIP=0x00007ff0d009fc88, EFLAGS=0x0000000000010202, CSGSFS=0x002b000000000033, ERR=0x0000000000000004
  TRAPNO=0x000000000000000e

Top of Stack: (sp=0x00007ff0f689e840)
0x00007ff0f689e840:   00007ff0f689e8a8 00007ff0d882da10
0x00007ff0f689e850:   000000008c79a848 000000008c702b48
0x00007ff0f689e860:   0000000000000001 00007ff0f689e868
0x00007ff0f689e870:   0000000000000000 00007ff0f689e8e0 

Instructions: (pc=0x00007ff0d009fc88)
0x00007ff0d009fb88:   89 57 10 48 83 c0 10 48 c7 47 18 00 00 00 00 48
0x00007ff0d009fb98:   89 07 48 c7 47 20 00 00 00 00 48 c7 47 28 00 00
0x00007ff0d009fba8:   00 00 48 c7 47 30 00 00 00 00 48 c7 47 38 00 00
0x00007ff0d009fbb8:   00 00 48 c7 47 40 00 00 00 00 83 fa ff 75 09 48
0x00007ff0d009fbc8:   83 c4 08 5b 5d c3 66 90 89 d7 48 89 de e8 86 3d
0x00007ff0d009fbd8:   fc ff 48 83 c4 08 5b 5d c3 f3 0f 1e fa 48 89 c5
0x00007ff0d009fbe8:   e9 db ac fc ff 90 66 90 f3 0f 1e fa 8b 7f 10 83
0x00007ff0d009fbf8:   ff ff 74 14 48 83 ec 08 e8 4b 49 fc ff 85 c0 0f
0x00007ff0d009fc08:   95 c0 48 83 c4 08 c3 90 31 c0 c3 90 66 66 2e 0f
0x00007ff0d009fc18:   1f 84 00 00 00 00 00 90 f3 0f 1e fa 8b 47 10 c3
0x00007ff0d009fc28:   0f 1f 84 00 00 00 00 00 f3 0f 1e fa 55 53 89 fb
0x00007ff0d009fc38:   48 83 ec 08 e8 8f 3e fc ff 48 85 c0 74 17 39 58
0x00007ff0d009fc48:   10 74 12 48 8b 68 40 48 85 ed 74 06 83 7d 10 ff
0x00007ff0d009fc58:   74 0e 89 58 10 48 83 c4 08 5b 5d c3 0f 1f 40 00
0x00007ff0d009fc68:   48 89 ee 89 df e8 ee 3c fc ff 48 89 e8 eb e3 90
0x00007ff0d009fc78:   0f 1f 84 00 00 00 00 00 f3 0f 1e fa 48 83 ec 08
0x00007ff0d009fc88:   8b 7f 10 e8 d0 43 fc ff 85 c0 0f 95 c0 48 83 c4
0x00007ff0d009fc98:   08 c3 66 0f 1f 44 00 00 f3 0f 1e fa 55 89 f5 53
0x00007ff0d009fca8:   48 83 ec 08 48 8b 57 20 48 8b 47 28 48 29 d0 48
0x00007ff0d009fcb8:   c1 f8 03 48 39 c5 73 30 48 8b 04 ea 48 85 c0 74
0x00007ff0d009fcc8:   18 48 89 fb 48 89 c7 e8 cc 4a fc ff 83 f8 01 48
0x00007ff0d009fcd8:   8b 43 20 74 23 48 8b 04 e8 48 83 c4 08 5b 5d c3
0x00007ff0d009fce8:   0f 1f 84 00 00 00 00 00 48 83 c4 08 31 c0 5b 5d
0x00007ff0d009fcf8:   c3 0f 1f 80 00 00 00 00 48 8b 3c e8 e8 a7 45 fc
0x00007ff0d009fd08:   ff 83 f8 ff 74 e2 48 8b 43 20 eb c9 66 66 2e 0f
0x00007ff0d009fd18:   1f 84 00 00 00 00 00 90 f3 0f 1e fa 48 83 ec 38
0x00007ff0d009fd28:   8b 7f 10 64 48 8b 04 25 28 00 00 00 48 89 44 24
0x00007ff0d009fd38:   28 31 c0 48 8b 42 08 48 8b 12 83 fe 2c 48 89 14
0x00007ff0d009fd48:   24 48 8b 11 48 89 44 24 08 48 8b 41 08 48 8d 4c
0x00007ff0d009fd58:   24 10 48 89 54 24 10 48 89 e2 48 89 44 24 18 b8
0x00007ff0d009fd68:   00 00 00 00 48 0f 45 d0 e8 7b 43 fc ff 48 8b 7c
0x00007ff0d009fd78:   24 28 64 48 33 3c 25 28 00 00 00 75 05 48 83 c4 


Stack slot to memory mapping:
stack at sp + 0 slots: 0x00007ff0f689e8a8 is pointing into the stack for thread: 0x00007ff0f0016000
stack at sp + 1 slots: 0x00007ff0d882da10 is at code_begin+944 in an Interpreter codelet
method entry point (kind = native)  [0x00007ff0d882d660, 0x00007ff0d882dfe0]  2432 bytes
stack at sp + 2 slots: 0x000000008c79a848 points into unknown readable memory: 0x000000000000000d | 0d 00 00 00 00 00 00 00
stack at sp + 3 slots: 0x000000008c702b48 is an oop: java.util.Scanner 
{0x000000008c702b48} - klass: 'java/util/Scanner'
stack at sp + 4 slots: 0x0000000000000001 is an unknown value
stack at sp + 5 slots: 0x00007ff0f689e868 is pointing into the stack for thread: 0x00007ff0f0016000
stack at sp + 6 slots: 0x0 is NULL
stack at sp + 7 slots: 0x00007ff0f689e8e0 is pointing into the stack for thread: 0x00007ff0f0016000


---------------  P R O C E S S  ---------------

Threads class SMR info:
_java_thread_list=0x00007ff08c05cfc0, length=9, elements={
0x00007ff0f0016000, 0x00007ff0f010f000, 0x00007ff0f0111000, 0x00007ff0f0116800,
0x00007ff0f0118800, 0x00007ff0f011a800, 0x00007ff0f011c800, 0x00007ff0f011e800,
0x00007ff0f0169800
}

Java Threads: ( => current thread )
=>0x00007ff0f0016000 JavaThread "main" [_thread_in_native, id=49331, stack(0x00007ff0f679f000,0x00007ff0f68a0000)]
  0x00007ff0f010f000 JavaThread "Reference Handler" daemon [_thread_blocked, id=49342, stack(0x00007ff0f4148000,0x00007ff0f4249000)]
  0x00007ff0f0111000 JavaThread "Finalizer" daemon [_thread_blocked, id=49343, stack(0x00007ff0f4047000,0x00007ff0f4148000)]
  0x00007ff0f0116800 JavaThread "Signal Dispatcher" daemon [_thread_blocked, id=49344, stack(0x00007ff0d81ad000,0x00007ff0d82ae000)]
  0x00007ff0f0118800 JavaThread "Service Thread" daemon [_thread_blocked, id=49345, stack(0x00007ff0d80ac000,0x00007ff0d81ad000)]
  0x00007ff0f011a800 JavaThread "C2 CompilerThread0" daemon [_thread_blocked, id=49346, stack(0x00007ff0d01cf000,0x00007ff0d02d0000)]
  0x00007ff0f011c800 JavaThread "C1 CompilerThread0" daemon [_thread_blocked, id=49347, stack(0x00007ff0d00ce000,0x00007ff0d01cf000)]
  0x00007ff0f011e800 JavaThread "Sweeper thread" daemon [_thread_blocked, id=49348, stack(0x00007ff0c9eff000,0x00007ff0ca000000)]
  0x00007ff0f0169800 JavaThread "Common-Cleaner" daemon [_thread_blocked, id=49350, stack(0x00007ff0c9cfc000,0x00007ff0c9dfd000)]

Other Threads:
  0x00007ff0f010c000 VMThread "VM Thread" [stack: 0x00007ff0f424b000,0x00007ff0f434b000] [id=49341]
  0x00007ff0f0167800 WatcherThread [stack: 0x00007ff0c9dff000,0x00007ff0c9eff000] [id=49349]
  0x00007ff0f002e000 GCTaskThread "GC Thread#0" [stack: 0x00007ff0f645e000,0x00007ff0f655e000] [id=49336]
  0x00007ff0bc001000 GCTaskThread "GC Thread#1" [stack: 0x00007ff0c800b000,0x00007ff0c810b000] [id=49397]
  0x00007ff0bc002800 GCTaskThread "GC Thread#2" [stack: 0x00007ff0949df000,0x00007ff094adf000] [id=49398]
  0x00007ff0bc004000 GCTaskThread "GC Thread#3" [stack: 0x00007ff0948dd000,0x00007ff0949dd000] [id=49399]
  0x00007ff0f005f000 ConcurrentGCThread "G1 Main Marker" [stack: 0x00007ff0f539d000,0x00007ff0f549d000] [id=49337]
  0x00007ff0f0060800 ConcurrentGCThread "G1 Conc#0" [stack: 0x00007ff0f529b000,0x00007ff0f539b000] [id=49338]
  0x00007ff0f00d9000 ConcurrentGCThread "G1 Refine#0" [stack: 0x00007ff0f4d95000,0x00007ff0f4e95000] [id=49339]
  0x00007ff0f00da800 ConcurrentGCThread "G1 Young RemSet Sampling" [stack: 0x00007ff0f4c93000,0x00007ff0f4d93000] [id=49340]

Threads with active compile tasks:

VM state:not at safepoint (normal execution)

VM Mutex/Monitor currently owned by a thread: None

Heap address: 0x0000000085a00000, size: 1958 MB, Compressed Oops mode: 32-bit
Narrow klass base: 0x0000000800000000, Narrow klass shift: 3
Compressed class space size: 1073741824 Address: 0x0000000840000000

Heap:
 garbage-first heap   total 129024K, used 17909K [0x0000000085a00000, 0x0000000100000000)
  region size 1024K, 18 young (18432K), 1 survivors (1024K)
 Metaspace       used 1926K, capacity 5725K, committed 6016K, reserved 1056768K
  class space    used 150K, capacity 554K, committed 640K, reserved 1048576K
Heap Regions: E=young(eden), S=young(survivor), O=old, HS=humongous(starts), HC=humongous(continues), CS=collection set, F=free, A=archive, TAMS=top-at-mark-start (previous, next)
|   0|0x0000000085a00000, 0x0000000085a00000, 0x0000000085b00000|  0%| F|  |TAMS 0x0000000085a00000, 0x0000000085a00000| Untracked 
|   1|0x0000000085b00000, 0x0000000085b00000, 0x0000000085c00000|  0%| F|  |TAMS 0x0000000085b00000, 0x0000000085b00000| Untracked 
|   2|0x0000000085c00000, 0x0000000085c00000, 0x0000000085d00000|  0%| F|  |TAMS 0x0000000085c00000, 0x0000000085c00000| Untracked 
|   3|0x0000000085d00000, 0x0000000085d00000, 0x0000000085e00000|  0%| F|  |TAMS 0x0000000085d00000, 0x0000000085d00000| Untracked 
|   4|0x0000000085e00000, 0x0000000085e00000, 0x0000000085f00000|  0%| F|  |TAMS 0x0000000085e00000, 0x0000000085e00000| Untracked 
|   5|0x0000000085f00000, 0x0000000085f00000, 0x0000000086000000|  0%| F|  |TAMS 0x0000000085f00000, 0x0000000085f00000| Untracked 
|   6|0x0000000086000000, 0x0000000086000000, 0x0000000086100000|  0%| F|  |TAMS 0x0000000086000000, 0x0000000086000000| Untracked 
|   7|0x0000000086100000, 0x0000000086100000, 0x0000000086200000|  0%| F|  |TAMS 0x0000000086100000, 0x0000000086100000| Untracked 
|   8|0x0000000086200000, 0x0000000086200000, 0x0000000086300000|  0%| F|  |TAMS 0x0000000086200000, 0x0000000086200000| Untracked 
|   9|0x0000000086300000, 0x0000000086300000, 0x0000000086400000|  0%| F|  |TAMS 0x0000000086300000, 0x0000000086300000| Untracked 
|  10|0x0000000086400000, 0x0000000086400000, 0x0000000086500000|  0%| F|  |TAMS 0x0000000086400000, 0x0000000086400000| Untracked 
|  11|0x0000000086500000, 0x0000000086500000, 0x0000000086600000|  0%| F|  |TAMS 0x0000000086500000, 0x0000000086500000| Untracked 
|  12|0x0000000086600000, 0x0000000086600000, 0x0000000086700000|  0%| F|  |TAMS 0x0000000086600000, 0x0000000086600000| Untracked 
|  13|0x0000000086700000, 0x0000000086700000, 0x0000000086800000|  0%| F|  |TAMS 0x0000000086700000, 0x0000000086700000| Untracked 
|  14|0x0000000086800000, 0x0000000086800000, 0x0000000086900000|  0%| F|  |TAMS 0x0000000086800000, 0x0000000086800000| Untracked 
|  15|0x0000000086900000, 0x0000000086900000, 0x0000000086a00000|  0%| F|  |TAMS 0x0000000086900000, 0x0000000086900000| Untracked 
|  16|0x0000000086a00000, 0x0000000086a00000, 0x0000000086b00000|  0%| F|  |TAMS 0x0000000086a00000, 0x0000000086a00000| Untracked 
|  17|0x0000000086b00000, 0x0000000086b00000, 0x0000000086c00000|  0%| F|  |TAMS 0x0000000086b00000, 0x0000000086b00000| Untracked 
|  18|0x0000000086c00000, 0x0000000086c00000, 0x0000000086d00000|  0%| F|  |TAMS 0x0000000086c00000, 0x0000000086c00000| Untracked 
|  19|0x0000000086d00000, 0x0000000086d00000, 0x0000000086e00000|  0%| F|  |TAMS 0x0000000086d00000, 0x0000000086d00000| Untracked 
|  20|0x0000000086e00000, 0x0000000086e00000, 0x0000000086f00000|  0%| F|  |TAMS 0x0000000086e00000, 0x0000000086e00000| Untracked 
|  21|0x0000000086f00000, 0x0000000086f00000, 0x0000000087000000|  0%| F|  |TAMS 0x0000000086f00000, 0x0000000086f00000| Untracked 
|  22|0x0000000087000000, 0x0000000087000000, 0x0000000087100000|  0%| F|  |TAMS 0x0000000087000000, 0x0000000087000000| Untracked 
|  23|0x0000000087100000, 0x0000000087100000, 0x0000000087200000|  0%| F|  |TAMS 0x0000000087100000, 0x0000000087100000| Untracked 
|  24|0x0000000087200000, 0x0000000087200000, 0x0000000087300000|  0%| F|  |TAMS 0x0000000087200000, 0x0000000087200000| Untracked 
|  25|0x0000000087300000, 0x0000000087300000, 0x0000000087400000|  0%| F|  |TAMS 0x0000000087300000, 0x0000000087300000| Untracked 
|  26|0x0000000087400000, 0x0000000087400000, 0x0000000087500000|  0%| F|  |TAMS 0x0000000087400000, 0x0000000087400000| Untracked 
|  27|0x0000000087500000, 0x0000000087500000, 0x0000000087600000|  0%| F|  |TAMS 0x0000000087500000, 0x0000000087500000| Untracked 
|  28|0x0000000087600000, 0x0000000087600000, 0x0000000087700000|  0%| F|  |TAMS 0x0000000087600000, 0x0000000087600000| Untracked 
|  29|0x0000000087700000, 0x0000000087700000, 0x0000000087800000|  0%| F|  |TAMS 0x0000000087700000, 0x0000000087700000| Untracked 
|  30|0x0000000087800000, 0x0000000087800000, 0x0000000087900000|  0%| F|  |TAMS 0x0000000087800000, 0x0000000087800000| Untracked 
|  31|0x0000000087900000, 0x0000000087900000, 0x0000000087a00000|  0%| F|  |TAMS 0x0000000087900000, 0x0000000087900000| Untracked 
|  32|0x0000000087a00000, 0x0000000087a00000, 0x0000000087b00000|  0%| F|  |TAMS 0x0000000087a00000, 0x0000000087a00000| Untracked 
|  33|0x0000000087b00000, 0x0000000087b00000, 0x0000000087c00000|  0%| F|  |TAMS 0x0000000087b00000, 0x0000000087b00000| Untracked 
|  34|0x0000000087c00000, 0x0000000087c00000, 0x0000000087d00000|  0%| F|  |TAMS 0x0000000087c00000, 0x0000000087c00000| Untracked 
|  35|0x0000000087d00000, 0x0000000087d00000, 0x0000000087e00000|  0%| F|  |TAMS 0x0000000087d00000, 0x0000000087d00000| Untracked 
|  36|0x0000000087e00000, 0x0000000087e00000, 0x0000000087f00000|  0%| F|  |TAMS 0x0000000087e00000, 0x0000000087e00000| Untracked 
|  37|0x0000000087f00000, 0x0000000087f00000, 0x0000000088000000|  0%| F|  |TAMS 0x0000000087f00000, 0x0000000087f00000| Untracked 
|  38|0x0000000088000000, 0x0000000088000000, 0x0000000088100000|  0%| F|  |TAMS 0x0000000088000000, 0x0000000088000000| Untracked 
|  39|0x0000000088100000, 0x0000000088100000, 0x0000000088200000|  0%| F|  |TAMS 0x0000000088100000, 0x0000000088100000| Untracked 
|  40|0x0000000088200000, 0x0000000088200000, 0x0000000088300000|  0%| F|  |TAMS 0x0000000088200000, 0x0000000088200000| Untracked 
|  41|0x0000000088300000, 0x0000000088300000, 0x0000000088400000|  0%| F|  |TAMS 0x0000000088300000, 0x0000000088300000| Untracked 
|  42|0x0000000088400000, 0x0000000088400000, 0x0000000088500000|  0%| F|  |TAMS 0x0000000088400000, 0x0000000088400000| Untracked 
|  43|0x0000000088500000, 0x0000000088500000, 0x0000000088600000|  0%| F|  |TAMS 0x0000000088500000, 0x0000000088500000| Untracked 
|  44|0x0000000088600000, 0x0000000088600000, 0x0000000088700000|  0%| F|  |TAMS 0x0000000088600000, 0x0000000088600000| Untracked 
|  45|0x0000000088700000, 0x0000000088700000, 0x0000000088800000|  0%| F|  |TAMS 0x0000000088700000, 0x0000000088700000| Untracked 
|  46|0x0000000088800000, 0x0000000088800000, 0x0000000088900000|  0%| F|  |TAMS 0x0000000088800000, 0x0000000088800000| Untracked 
|  47|0x0000000088900000, 0x0000000088900000, 0x0000000088a00000|  0%| F|  |TAMS 0x0000000088900000, 0x0000000088900000| Untracked 
|  48|0x0000000088a00000, 0x0000000088a00000, 0x0000000088b00000|  0%| F|  |TAMS 0x0000000088a00000, 0x0000000088a00000| Untracked 
|  49|0x0000000088b00000, 0x0000000088b00000, 0x0000000088c00000|  0%| F|  |TAMS 0x0000000088b00000, 0x0000000088b00000| Untracked 
|  50|0x0000000088c00000, 0x0000000088c00000, 0x0000000088d00000|  0%| F|  |TAMS 0x0000000088c00000, 0x0000000088c00000| Untracked 
|  51|0x0000000088d00000, 0x0000000088d00000, 0x0000000088e00000|  0%| F|  |TAMS 0x0000000088d00000, 0x0000000088d00000| Untracked 
|  52|0x0000000088e00000, 0x0000000088e00000, 0x0000000088f00000|  0%| F|  |TAMS 0x0000000088e00000, 0x0000000088e00000| Untracked 
|  53|0x0000000088f00000, 0x0000000088f00000, 0x0000000089000000|  0%| F|  |TAMS 0x0000000088f00000, 0x0000000088f00000| Untracked 
|  54|0x0000000089000000, 0x0000000089000000, 0x0000000089100000|  0%| F|  |TAMS 0x0000000089000000, 0x0000000089000000| Untracked 
|  55|0x0000000089100000, 0x0000000089100000, 0x0000000089200000|  0%| F|  |TAMS 0x0000000089100000, 0x0000000089100000| Untracked 
|  56|0x0000000089200000, 0x0000000089200000, 0x0000000089300000|  0%| F|  |TAMS 0x0000000089200000, 0x0000000089200000| Untracked 
|  57|0x0000000089300000, 0x0000000089300000, 0x0000000089400000|  0%| F|  |TAMS 0x0000000089300000, 0x0000000089300000| Untracked 
|  58|0x0000000089400000, 0x0000000089400000, 0x0000000089500000|  0%| F|  |TAMS 0x0000000089400000, 0x0000000089400000| Untracked 
|  59|0x0000000089500000, 0x0000000089500000, 0x0000000089600000|  0%| F|  |TAMS 0x0000000089500000, 0x0000000089500000| Untracked 
|  60|0x0000000089600000, 0x0000000089600000, 0x0000000089700000|  0%| F|  |TAMS 0x0000000089600000, 0x0000000089600000| Untracked 
|  61|0x0000000089700000, 0x0000000089700000, 0x0000000089800000|  0%| F|  |TAMS 0x0000000089700000, 0x0000000089700000| Untracked 
|  62|0x0000000089800000, 0x0000000089800000, 0x0000000089900000|  0%| F|  |TAMS 0x0000000089800000, 0x0000000089800000| Untracked 
|  63|0x0000000089900000, 0x0000000089900000, 0x0000000089a00000|  0%| F|  |TAMS 0x0000000089900000, 0x0000000089900000| Untracked 
|  64|0x0000000089a00000, 0x0000000089a00000, 0x0000000089b00000|  0%| F|  |TAMS 0x0000000089a00000, 0x0000000089a00000| Untracked 
|  65|0x0000000089b00000, 0x0000000089b00000, 0x0000000089c00000|  0%| F|  |TAMS 0x0000000089b00000, 0x0000000089b00000| Untracked 
|  66|0x0000000089c00000, 0x0000000089c00000, 0x0000000089d00000|  0%| F|  |TAMS 0x0000000089c00000, 0x0000000089c00000| Untracked 
|  67|0x0000000089d00000, 0x0000000089d00000, 0x0000000089e00000|  0%| F|  |TAMS 0x0000000089d00000, 0x0000000089d00000| Untracked 
|  68|0x0000000089e00000, 0x0000000089e00000, 0x0000000089f00000|  0%| F|  |TAMS 0x0000000089e00000, 0x0000000089e00000| Untracked 
|  69|0x0000000089f00000, 0x0000000089f00000, 0x000000008a000000|  0%| F|  |TAMS 0x0000000089f00000, 0x0000000089f00000| Untracked 
|  70|0x000000008a000000, 0x000000008a000000, 0x000000008a100000|  0%| F|  |TAMS 0x000000008a000000, 0x000000008a000000| Untracked 
|  71|0x000000008a100000, 0x000000008a100000, 0x000000008a200000|  0%| F|  |TAMS 0x000000008a100000, 0x000000008a100000| Untracked 
|  72|0x000000008a200000, 0x000000008a200000, 0x000000008a300000|  0%| F|  |TAMS 0x000000008a200000, 0x000000008a200000| Untracked 
|  73|0x000000008a300000, 0x000000008a300000, 0x000000008a400000|  0%| F|  |TAMS 0x000000008a300000, 0x000000008a300000| Untracked 
|  74|0x000000008a400000, 0x000000008a400000, 0x000000008a500000|  0%| F|  |TAMS 0x000000008a400000, 0x000000008a400000| Untracked 
|  75|0x000000008a500000, 0x000000008a500000, 0x000000008a600000|  0%| F|  |TAMS 0x000000008a500000, 0x000000008a500000| Untracked 
|  76|0x000000008a600000, 0x000000008a600000, 0x000000008a700000|  0%| F|  |TAMS 0x000000008a600000, 0x000000008a600000| Untracked 
|  77|0x000000008a700000, 0x000000008a700000, 0x000000008a800000|  0%| F|  |TAMS 0x000000008a700000, 0x000000008a700000| Untracked 
|  78|0x000000008a800000, 0x000000008a800000, 0x000000008a900000|  0%| F|  |TAMS 0x000000008a800000, 0x000000008a800000| Untracked 
|  79|0x000000008a900000, 0x000000008a900000, 0x000000008aa00000|  0%| F|  |TAMS 0x000000008a900000, 0x000000008a900000| Untracked 
|  80|0x000000008aa00000, 0x000000008aa00000, 0x000000008ab00000|  0%| F|  |TAMS 0x000000008aa00000, 0x000000008aa00000| Untracked 
|  81|0x000000008ab00000, 0x000000008ab00000, 0x000000008ac00000|  0%| F|  |TAMS 0x000000008ab00000, 0x000000008ab00000| Untracked 
|  82|0x000000008ac00000, 0x000000008ac00000, 0x000000008ad00000|  0%| F|  |TAMS 0x000000008ac00000, 0x000000008ac00000| Untracked 
|  83|0x000000008ad00000, 0x000000008ad00000, 0x000000008ae00000|  0%| F|  |TAMS 0x000000008ad00000, 0x000000008ad00000| Untracked 
|  84|0x000000008ae00000, 0x000000008ae00000, 0x000000008af00000|  0%| F|  |TAMS 0x000000008ae00000, 0x000000008ae00000| Untracked 
|  85|0x000000008af00000, 0x000000008af00000, 0x000000008b000000|  0%| F|  |TAMS 0x000000008af00000, 0x000000008af00000| Untracked 
|  86|0x000000008b000000, 0x000000008b000000, 0x000000008b100000|  0%| F|  |TAMS 0x000000008b000000, 0x000000008b000000| Untracked 
|  87|0x000000008b100000, 0x000000008b100000, 0x000000008b200000|  0%| F|  |TAMS 0x000000008b100000, 0x000000008b100000| Untracked 
|  88|0x000000008b200000, 0x000000008b200000, 0x000000008b300000|  0%| F|  |TAMS 0x000000008b200000, 0x000000008b200000| Untracked 
|  89|0x000000008b300000, 0x000000008b300000, 0x000000008b400000|  0%| F|  |TAMS 0x000000008b300000, 0x000000008b300000| Untracked 
|  90|0x000000008b400000, 0x000000008b400000, 0x000000008b500000|  0%| F|  |TAMS 0x000000008b400000, 0x000000008b400000| Untracked 
|  91|0x000000008b500000, 0x000000008b500000, 0x000000008b600000|  0%| F|  |TAMS 0x000000008b500000, 0x000000008b500000| Untracked 
|  92|0x000000008b600000, 0x000000008b600000, 0x000000008b700000|  0%| F|  |TAMS 0x000000008b600000, 0x000000008b600000| Untracked 
|  93|0x000000008b700000, 0x000000008b700000, 0x000000008b800000|  0%| F|  |TAMS 0x000000008b700000, 0x000000008b700000| Untracked 
|  94|0x000000008b800000, 0x000000008b800000, 0x000000008b900000|  0%| F|  |TAMS 0x000000008b800000, 0x000000008b800000| Untracked 
|  95|0x000000008b900000, 0x000000008b900000, 0x000000008ba00000|  0%| F|  |TAMS 0x000000008b900000, 0x000000008b900000| Untracked 
|  96|0x000000008ba00000, 0x000000008ba00000, 0x000000008bb00000|  0%| F|  |TAMS 0x000000008ba00000, 0x000000008ba00000| Untracked 
|  97|0x000000008bb00000, 0x000000008bb00000, 0x000000008bc00000|  0%| F|  |TAMS 0x000000008bb00000, 0x000000008bb00000| Untracked 
|  98|0x000000008bc00000, 0x000000008bc00000, 0x000000008bd00000|  0%| F|  |TAMS 0x000000008bc00000, 0x000000008bc00000| Untracked 
|  99|0x000000008bd00000, 0x000000008bd00000, 0x000000008be00000|  0%| F|  |TAMS 0x000000008bd00000, 0x000000008bd00000| Untracked 
| 100|0x000000008be00000, 0x000000008be00000, 0x000000008bf00000|  0%| F|  |TAMS 0x000000008be00000, 0x000000008be00000| Untracked 
| 101|0x000000008bf00000, 0x000000008bf00000, 0x000000008c000000|  0%| F|  |TAMS 0x000000008bf00000, 0x000000008bf00000| Untracked 
| 102|0x000000008c000000, 0x000000008c000000, 0x000000008c100000|  0%| F|  |TAMS 0x000000008c000000, 0x000000008c000000| Untracked 
| 103|0x000000008c100000, 0x000000008c100000, 0x000000008c200000|  0%| F|  |TAMS 0x000000008c100000, 0x000000008c100000| Untracked 
| 104|0x000000008c200000, 0x000000008c200000, 0x000000008c300000|  0%| F|  |TAMS 0x000000008c200000, 0x000000008c200000| Untracked 
| 105|0x000000008c300000, 0x000000008c300000, 0x000000008c400000|  0%| F|  |TAMS 0x000000008c300000, 0x000000008c300000| Untracked 
| 106|0x000000008c400000, 0x000000008c500000, 0x000000008c500000|100%| E|  |TAMS 0x000000008c400000, 0x000000008c400000| Complete 
| 107|0x000000008c500000, 0x000000008c600000, 0x000000008c600000|100%| E|CS|TAMS 0x000000008c500000, 0x000000008c500000| Complete 
| 108|0x000000008c600000, 0x000000008c700000, 0x000000008c700000|100%| E|CS|TAMS 0x000000008c600000, 0x000000008c600000| Complete 
| 109|0x000000008c700000, 0x000000008c7cb7a8, 0x000000008c800000| 79%| S|CS|TAMS 0x000000008c700000, 0x000000008c700000| Complete 
| 110|0x000000008c800000, 0x000000008c900000, 0x000000008c900000|100%| E|CS|TAMS 0x000000008c800000, 0x000000008c800000| Complete 
| 111|0x000000008c900000, 0x000000008ca00000, 0x000000008ca00000|100%| E|CS|TAMS 0x000000008c900000, 0x000000008c900000| Complete 
| 112|0x000000008ca00000, 0x000000008cb00000, 0x000000008cb00000|100%| E|CS|TAMS 0x000000008ca00000, 0x000000008ca00000| Complete 
| 113|0x000000008cb00000, 0x000000008cc00000, 0x000000008cc00000|100%| E|CS|TAMS 0x000000008cb00000, 0x000000008cb00000| Complete 
| 114|0x000000008cc00000, 0x000000008cd00000, 0x000000008cd00000|100%| E|CS|TAMS 0x000000008cc00000, 0x000000008cc00000| Complete 
| 115|0x000000008cd00000, 0x000000008ce00000, 0x000000008ce00000|100%| E|CS|TAMS 0x000000008cd00000, 0x000000008cd00000| Complete 
| 116|0x000000008ce00000, 0x000000008cf00000, 0x000000008cf00000|100%| E|CS|TAMS 0x000000008ce00000, 0x000000008ce00000| Complete 
| 117|0x000000008cf00000, 0x000000008d000000, 0x000000008d000000|100%| E|CS|TAMS 0x000000008cf00000, 0x000000008cf00000| Complete 
| 118|0x000000008d000000, 0x000000008d100000, 0x000000008d100000|100%| E|CS|TAMS 0x000000008d000000, 0x000000008d000000| Complete 
| 119|0x000000008d100000, 0x000000008d200000, 0x000000008d200000|100%| E|CS|TAMS 0x000000008d100000, 0x000000008d100000| Complete 
| 120|0x000000008d200000, 0x000000008d300000, 0x000000008d300000|100%| E|CS|TAMS 0x000000008d200000, 0x000000008d200000| Complete 
| 121|0x000000008d300000, 0x000000008d400000, 0x000000008d400000|100%| E|CS|TAMS 0x000000008d300000, 0x000000008d300000| Complete 
| 122|0x000000008d400000, 0x000000008d500000, 0x000000008d500000|100%| E|CS|TAMS 0x000000008d400000, 0x000000008d400000| Complete 
| 123|0x000000008d500000, 0x000000008d600000, 0x000000008d600000|100%| E|CS|TAMS 0x000000008d500000, 0x000000008d500000| Complete 
|1956|0x00000000ffe00000, 0x00000000ffe47000, 0x00000000fff00000| 27%|OA|  |TAMS 0x00000000ffe00000, 0x00000000ffe00000| Untracked 
|1957|0x00000000fff00000, 0x00000000fff6b000, 0x0000000100000000| 41%|CA|  |TAMS 0x00000000fff00000, 0x00000000fff00000| Untracked 

Card table byte_map: [0x00007ff0f58b2000,0x00007ff0f5c85000] _byte_map_base: 0x00007ff0f5485000

Marking Bits (Prev, Next): (CMBitMap*) 0x00007ff0f0056388, (CMBitMap*) 0x00007ff0f00563c0
 Prev Bits: [0x00007ff0d2168000, 0x00007ff0d4000000)
 Next Bits: [0x00007ff0d02d0000, 0x00007ff0d2168000)

Polling page: 0x00007ff0f80e1000

Metaspace:

Usage:
  Non-class:      5.05 MB capacity,     1.73 MB ( 34%) used,     3.30 MB ( 65%) free+waste,    15.31 KB ( <1%) overhead. 
      Class:    554.00 KB capacity,   150.64 KB ( 27%) used,   394.98 KB ( 71%) free+waste,     8.38 KB (  2%) overhead. 
       Both:      5.59 MB capacity,     1.88 MB ( 34%) used,     3.69 MB ( 66%) free+waste,    23.69 KB ( <1%) overhead. 

Virtual space:
  Non-class space:        8.00 MB reserved,       5.25 MB ( 66%) committed 
      Class space:        1.00 GB reserved,     640.00 KB ( <1%) committed 
             Both:        1.01 GB reserved,       5.88 MB ( <1%) committed 

Chunk freelists:
   Non-Class:  0 bytes
       Class:  0 bytes
        Both:  0 bytes

MaxMetaspaceSize: unlimited
CompressedClassSpaceSize: 1.00 GB
Initial GC threshold: 20.80 MB
Current GC threshold: 20.80 MB
CDS: on

CodeHeap 'non-profiled nmethods': size=120032Kb used=141Kb max_used=141Kb free=119891Kb
 bounds [0x00007ff0e02e6000, 0x00007ff0e0556000, 0x00007ff0e781e000]
CodeHeap 'profiled nmethods': size=120032Kb used=747Kb max_used=747Kb free=119285Kb
 bounds [0x00007ff0d8dae000, 0x00007ff0d901e000, 0x00007ff0e02e6000]
CodeHeap 'non-nmethods': size=5696Kb used=1136Kb max_used=1152Kb free=4559Kb
 bounds [0x00007ff0d881e000, 0x00007ff0d8a8e000, 0x00007ff0d8dae000]
 total_blobs=871 nmethods=476 adapters=309
 compilation: enabled
              stopped_count=0, restarted_count=0
 full_count=0

Compilation events (20 events):
Event: 46.129 Thread 0x00007ff0f011c800  467       3       java.nio.ByteBuffer::position (6 bytes)
Event: 46.129 Thread 0x00007ff0f011c800 nmethod 467 0x00007ff0d8e63c90 code [0x00007ff0d8e63e40, 0x00007ff0d8e64020]
Event: 46.129 Thread 0x00007ff0f011c800  468       3       java.nio.CharBuffer::<init> (22 bytes)
Event: 46.130 Thread 0x00007ff0f011c800 nmethod 468 0x00007ff0d8e64110 code [0x00007ff0d8e642c0, 0x00007ff0d8e64480]
Event: 46.130 Thread 0x00007ff0f011c800  469       3       java.nio.CharBuffer::limit (6 bytes)
Event: 46.130 Thread 0x00007ff0f011c800 nmethod 469 0x00007ff0d8e64590 code [0x00007ff0d8e64760, 0x00007ff0d8e64920]
Event: 46.130 Thread 0x00007ff0f011c800  470       3       java.nio.CharBuffer::hasArray (20 bytes)
Event: 46.130 Thread 0x00007ff0f011c800 nmethod 470 0x00007ff0d8e64a10 code [0x00007ff0d8e64bc0, 0x00007ff0d8e64d70]
Event: 46.130 Thread 0x00007ff0f011c800  471       3       java.nio.ByteBuffer::hasArray (20 bytes)
Event: 46.130 Thread 0x00007ff0f011c800 nmethod 471 0x00007ff0d8e64e10 code [0x00007ff0d8e64fc0, 0x00007ff0d8e65170]
Event: 46.595 Thread 0x00007ff0f011c800  472   !   3       java.nio.charset.CharsetEncoder::encode (285 bytes)
Event: 46.598 Thread 0x00007ff0f011c800 nmethod 472 0x00007ff0d8e65210 code [0x00007ff0d8e65520, 0x00007ff0d8e66830]
Event: 46.598 Thread 0x00007ff0f011c800  473       3       sun.nio.cs.UTF_8$Encoder::encodeLoop (28 bytes)
Event: 46.599 Thread 0x00007ff0f011c800 nmethod 473 0x00007ff0d8e66e10 code [0x00007ff0d8e67000, 0x00007ff0d8e673f0]
Event: 47.130 Thread 0x00007ff0f011c800  475   !   3       java.io.BufferedWriter::write (117 bytes)
Event: 47.132 Thread 0x00007ff0f011c800 nmethod 475 0x00007ff0d8e67590 code [0x00007ff0d8e677a0, 0x00007ff0d8e67ea0]
Event: 47.132 Thread 0x00007ff0f011c800  474       3       java.io.Writer::write (11 bytes)
Event: 47.132 Thread 0x00007ff0f011c800 nmethod 474 0x00007ff0d8e68210 code [0x00007ff0d8e683e0, 0x00007ff0d8e686c0]
Event: 57.733 Thread 0x00007ff0f011c800  476       3       java.nio.ByteBuffer::position (8 bytes)
Event: 57.734 Thread 0x00007ff0f011c800 nmethod 476 0x00007ff0d8e68810 code [0x00007ff0d8e689c0, 0x00007ff0d8e68b20]

GC Heap History (2 events):
Event: 34.594 GC heap before
{Heap before GC invocations=0 (full 0):
 garbage-first heap   total 129024K, used 15048K [0x0000000085a00000, 0x0000000100000000)
  region size 1024K, 14 young (14336K), 0 survivors (0K)
 Metaspace       used 1859K, capacity 5679K, committed 6016K, reserved 1056768K
  class space    used 142K, capacity 539K, committed 640K, reserved 1048576K
}
Event: 34.603 GC heap after
{Heap after GC invocations=1 (full 0):
 garbage-first heap   total 129024K, used 1525K [0x0000000085a00000, 0x0000000100000000)
  region size 1024K, 1 young (1024K), 1 survivors (1024K)
 Metaspace       used 1859K, capacity 5679K, committed 6016K, reserved 1056768K
  class space    used 142K, capacity 539K, committed 640K, reserved 1048576K
}

Deoptimization events (4 events):
Event: 3.883 Thread 0x00007ff0f0016000 Uncommon trap: trap_request=0xffffff4d fr.pc=0x00007ff0e02ee09c relative=0x000000000000007c
Event: 3.883 Thread 0x00007ff0f0016000 Uncommon trap: reason=unstable_if action=reinterpret pc=0x00007ff0e02ee09c method=java.lang.String.isLatin1()Z @ 10 c2
Event: 3.883 Thread 0x00007ff0f0016000 DEOPT PACKING pc=0x00007ff0e02ee09c sp=0x00007ff0f689e220
Event: 3.883 Thread 0x00007ff0f0016000 DEOPT UNPACKING pc=0x00007ff0d8867ea5 sp=0x00007ff0f689e180 mode 2

Classes redefined (0 events):
No events

Internal exceptions (1 events):
Event: 3.909 Thread 0x00007ff0f0016000 Exception <a 'java/lang/NoSuchMethodError'{0x000000008d2bbab0}: 'int java.lang.invoke.DirectMethodHandle$Holder.invokeSpecialIFC(java.lang.Object, java.lang.Object, int)'> (0x000000008d2bbab0) thrown at [src/hotspot/share/interpreter/linkResolver.cpp, line 772]

Events (20 events):
Event: 61.732 Thread 0x00007ff08c047800 Thread added: 0x00007ff08c047800
Event: 61.733 Thread 0x00007ff08c047800 Thread exited: 0x00007ff08c047800
Event: 65.733 Protecting memory [0x00007ff096ae5000,0x00007ff096ae9000] with protection modes 0
Event: 65.733 Thread 0x00007ff08c047800 Thread added: 0x00007ff08c047800
Event: 65.733 Thread 0x00007ff08c047800 Thread exited: 0x00007ff08c047800
Event: 69.733 Protecting memory [0x00007ff096ae5000,0x00007ff096ae9000] with protection modes 0
Event: 69.733 Thread 0x00007ff08c047800 Thread added: 0x00007ff08c047800
Event: 69.733 Thread 0x00007ff08c047800 Thread exited: 0x00007ff08c047800
Event: 73.733 Protecting memory [0x00007ff096ae5000,0x00007ff096ae9000] with protection modes 0
Event: 73.733 Thread 0x00007ff08c047800 Thread added: 0x00007ff08c047800
Event: 73.733 Thread 0x00007ff08c047800 Thread exited: 0x00007ff08c047800
Event: 74.231 Protecting memory [0x00007ff096ae5000,0x00007ff096ae9000] with protection modes 0
Event: 74.231 Thread 0x00007ff08c047800 Thread added: 0x00007ff08c047800
Event: 74.232 Thread 0x00007ff08c047800 Thread exited: 0x00007ff08c047800
Event: 74.232 Protecting memory [0x00007ff096ae5000,0x00007ff096ae9000] with protection modes 0
Event: 74.232 Thread 0x00007ff08c047800 Thread added: 0x00007ff08c047800
Event: 74.232 Thread 0x00007ff08c047800 Thread exited: 0x00007ff08c047800
Event: 74.232 Protecting memory [0x00007ff096ae5000,0x00007ff096ae9000] with protection modes 0
Event: 74.232 Thread 0x00007ff08c047800 Thread added: 0x00007ff08c047800
Event: 74.232 Thread 0x00007ff08c047800 Thread exited: 0x00007ff08c047800


Dynamic libraries:
85a00000-8d600000 rw-p 00000000 00:00 0 
8d600000-ffe00000 ---p 00000000 00:00 0 
ffe00000-ffe47000 rw-p 01119000 08:02 1441990                            /usr/lib/jvm/java-11-openjdk-amd64/lib/server/classes.jsa
ffe47000-fff00000 rw-p 00000000 00:00 0 
fff00000-fff6b000 rw-p 010ae000 08:02 1441990                            /usr/lib/jvm/java-11-openjdk-amd64/lib/server/classes.jsa
fff6b000-100000000 rw-p 00000000 00:00 0 
800000000-800002000 rwxp 00001000 08:02 1441990                          /usr/lib/jvm/java-11-openjdk-amd64/lib/server/classes.jsa
800002000-8003cb000 rw-p 00003000 08:02 1441990                          /usr/lib/jvm/java-11-openjdk-amd64/lib/server/classes.jsa
8003cb000-800a9a000 r--p 003cc000 08:02 1441990                          /usr/lib/jvm/java-11-openjdk-amd64/lib/server/classes.jsa
800a9a000-800a9b000 rw-p 00a9b000 08:02 1441990                          /usr/lib/jvm/java-11-openjdk-amd64/lib/server/classes.jsa
800a9b000-8010ad000 r--p 00a9c000 08:02 1441990                          /usr/lib/jvm/java-11-openjdk-amd64/lib/server/classes.jsa
840000000-8400a0000 rw-p 00000000 00:00 0 
8400a0000-880000000 ---p 00000000 00:00 0 
55ffcbe8d000-55ffcbe8e000 r--p 00000000 08:02 1445569                    /usr/lib/jvm/java-11-openjdk-amd64/bin/java
55ffcbe8e000-55ffcbe8f000 r-xp 00001000 08:02 1445569                    /usr/lib/jvm/java-11-openjdk-amd64/bin/java
55ffcbe8f000-55ffcbe90000 r--p 00002000 08:02 1445569                    /usr/lib/jvm/java-11-openjdk-amd64/bin/java
55ffcbe90000-55ffcbe91000 r--p 00002000 08:02 1445569                    /usr/lib/jvm/java-11-openjdk-amd64/bin/java
55ffcbe91000-55ffcbe92000 rw-p 00003000 08:02 1445569                    /usr/lib/jvm/java-11-openjdk-amd64/bin/java
55ffcc96f000-55ffcc990000 rw-p 00000000 00:00 0                          [heap]
7ff04c000000-7ff04c021000 rw-p 00000000 00:00 0 
7ff04c021000-7ff050000000 ---p 00000000 00:00 0 
7ff054000000-7ff054021000 rw-p 00000000 00:00 0 
7ff054021000-7ff058000000 ---p 00000000 00:00 0 
7ff058000000-7ff058021000 rw-p 00000000 00:00 0 
7ff058021000-7ff05c000000 ---p 00000000 00:00 0 
7ff05c000000-7ff05c021000 rw-p 00000000 00:00 0 
7ff05c021000-7ff060000000 ---p 00000000 00:00 0 
7ff060000000-7ff060021000 rw-p 00000000 00:00 0 
7ff060021000-7ff064000000 ---p 00000000 00:00 0 
7ff070000000-7ff070021000 rw-p 00000000 00:00 0 
7ff070021000-7ff074000000 ---p 00000000 00:00 0 
7ff080000000-7ff080021000 rw-p 00000000 00:00 0 
7ff080021000-7ff084000000 ---p 00000000 00:00 0 
7ff08c000000-7ff08c060000 rw-p 00000000 00:00 0 
7ff08c060000-7ff090000000 ---p 00000000 00:00 0 
7ff090000000-7ff090021000 rw-p 00000000 00:00 0 
7ff090021000-7ff094000000 ---p 00000000 00:00 0 
7ff0948db000-7ff0948dc000 ---p 00000000 00:00 0 
7ff0948dc000-7ff0949dd000 rw-p 00000000 00:00 0 
7ff0949dd000-7ff0949de000 ---p 00000000 00:00 0 
7ff0949de000-7ff094adf000 rw-p 00000000 00:00 0 
7ff094adf000-7ff094ae0000 ---p 00000000 00:00 0 
7ff094ae0000-7ff0952e0000 rw-p 00000000 00:00 0 
7ff0952e0000-7ff0952e1000 ---p 00000000 00:00 0 
7ff0952e1000-7ff0952e2000 rw-p 00000000 00:00 0 
7ff0952e2000-7ff0952e6000 ---p 00000000 00:00 0 
7ff0952e6000-7ff095ae1000 rw-p 00000000 00:00 0 
7ff095ae1000-7ff095ae2000 ---p 00000000 00:00 0 
7ff095ae2000-7ff0962e2000 rw-p 00000000 00:00 0 
7ff0962e2000-7ff0962e3000 ---p 00000000 00:00 0 
7ff0962e3000-7ff096ae3000 rw-p 00000000 00:00 0 
7ff096ae3000-7ff096ae4000 ---p 00000000 00:00 0 
7ff096ae4000-7ff096ae5000 rw-p 00000000 00:00 0 
7ff096ae5000-7ff096ae9000 ---p 00000000 00:00 0 
7ff096ae9000-7ff0972e4000 rw-p 00000000 00:00 0 
7ff0972e4000-7ff0972e5000 ---p 00000000 00:00 0 
7ff0972e5000-7ff097ae5000 rw-p 00000000 00:00 0 
7ff097ae5000-7ff097b05000 r--p 00000000 08:02 1449217                    /usr/lib/x86_64-linux-gnu/libdb-5.3.so
7ff097b05000-7ff097c47000 r-xp 00020000 08:02 1449217                    /usr/lib/x86_64-linux-gnu/libdb-5.3.so
7ff097c47000-7ff097c8c000 r--p 00162000 08:02 1449217                    /usr/lib/x86_64-linux-gnu/libdb-5.3.so
7ff097c8c000-7ff097c93000 r--p 001a6000 08:02 1449217                    /usr/lib/x86_64-linux-gnu/libdb-5.3.so
7ff097c93000-7ff097c94000 rw-p 001ad000 08:02 1449217                    /usr/lib/x86_64-linux-gnu/libdb-5.3.so
7ff097c94000-7ff097dff000 r-xp 00000000 08:02 1450125                    /usr/lib/x86_64-linux-gnu/libsamplerate.so.0.1.8
7ff097dff000-7ff097ffe000 ---p 0016b000 08:02 1450125                    /usr/lib/x86_64-linux-gnu/libsamplerate.so.0.1.8
7ff097ffe000-7ff097fff000 r--p 0016a000 08:02 1450125                    /usr/lib/x86_64-linux-gnu/libsamplerate.so.0.1.8
7ff097fff000-7ff098000000 rw-p 0016b000 08:02 1450125                    /usr/lib/x86_64-linux-gnu/libsamplerate.so.0.1.8
7ff098000000-7ff098021000 rw-p 00000000 00:00 0 
7ff098021000-7ff09c000000 ---p 00000000 00:00 0 
7ff09c000000-7ff09c021000 rw-p 00000000 00:00 0 
7ff09c021000-7ff0a0000000 ---p 00000000 00:00 0 
7ff0a0000000-7ff0a02b2000 rw-p 00000000 00:00 0 
7ff0a02b2000-7ff0a4000000 ---p 00000000 00:00 0 
7ff0a4000000-7ff0a41c1000 rw-p 00000000 00:00 0 
7ff0a41c1000-7ff0a8000000 ---p 00000000 00:00 0 
7ff0a8000000-7ff0a8021000 rw-p 00000000 00:00 0 
7ff0a8021000-7ff0ac000000 ---p 00000000 00:00 0 
7ff0ac000000-7ff0ac021000 rw-p 00000000 00:00 0 
7ff0ac021000-7ff0b0000000 ---p 00000000 00:00 0 
7ff0b0000000-7ff0b0021000 rw-p 00000000 00:00 0 
7ff0b0021000-7ff0b4000000 ---p 00000000 00:00 0 
7ff0b4000000-7ff0b4021000 rw-p 00000000 00:00 0 
7ff0b4021000-7ff0b8000000 ---p 00000000 00:00 0 
7ff0b8000000-7ff0b8021000 rw-p 00000000 00:00 0 
7ff0b8021000-7ff0bc000000 ---p 00000000 00:00 0 
7ff0bc000000-7ff0bc02f000 rw-p 00000000 00:00 0 
7ff0bc02f000-7ff0c0000000 ---p 00000000 00:00 0 
7ff0c0000000-7ff0c0021000 rw-p 00000000 00:00 0 
7ff0c0021000-7ff0c4000000 ---p 00000000 00:00 0 
7ff0c4000000-7ff0c4021000 rw-p 00000000 00:00 0 
7ff0c4021000-7ff0c8000000 ---p 00000000 00:00 0 
7ff0c8009000-7ff0c800a000 ---p 00000000 00:00 0 
7ff0c800a000-7ff0c810b000 rw-p 00000000 00:00 0 
7ff0c810b000-7ff0c8111000 r--p 00000000 08:02 1442494                    /usr/lib/x86_64-linux-gnu/libjack.so.0.0.28
7ff0c8111000-7ff0c811d000 r-xp 00006000 08:02 1442494                    /usr/lib/x86_64-linux-gnu/libjack.so.0.0.28
7ff0c811d000-7ff0c8122000 r--p 00012000 08:02 1442494                    /usr/lib/x86_64-linux-gnu/libjack.so.0.0.28
7ff0c8122000-7ff0c8123000 r--p 00016000 08:02 1442494                    /usr/lib/x86_64-linux-gnu/libjack.so.0.0.28
7ff0c8123000-7ff0c8124000 rw-p 00017000 08:02 1442494                    /usr/lib/x86_64-linux-gnu/libjack.so.0.0.28
7ff0c8124000-7ff0c812e000 rw-p 00000000 00:00 0 
7ff0c8134000-7ff0c8136000 r--p 00000000 08:02 2097964                    /usr/lib/x86_64-linux-gnu/alsa-lib/libasound_module_ctl_pulse.so
7ff0c8136000-7ff0c8139000 r-xp 00002000 08:02 2097964                    /usr/lib/x86_64-linux-gnu/alsa-lib/libasound_module_ctl_pulse.so
7ff0c8139000-7ff0c813a000 r--p 00005000 08:02 2097964                    /usr/lib/x86_64-linux-gnu/alsa-lib/libasound_module_ctl_pulse.so
7ff0c813a000-7ff0c813b000 r--p 00005000 08:02 2097964                    /usr/lib/x86_64-linux-gnu/alsa-lib/libasound_module_ctl_pulse.so
7ff0c813b000-7ff0c813c000 rw-p 00006000 08:02 2097964                    /usr/lib/x86_64-linux-gnu/alsa-lib/libasound_module_ctl_pulse.so
7ff0c813c000-7ff0c813d000 r--p 00000000 08:02 2097970                    /usr/lib/x86_64-linux-gnu/alsa-lib/libasound_module_pcm_vdownmix.so
7ff0c813d000-7ff0c813e000 r-xp 00001000 08:02 2097970                    /usr/lib/x86_64-linux-gnu/alsa-lib/libasound_module_pcm_vdownmix.so
7ff0c813e000-7ff0c813f000 r--p 00002000 08:02 2097970                    /usr/lib/x86_64-linux-gnu/alsa-lib/libasound_module_pcm_vdownmix.so
7ff0c813f000-7ff0c8140000 r--p 00002000 08:02 2097970                    /usr/lib/x86_64-linux-gnu/alsa-lib/libasound_module_pcm_vdownmix.so
7ff0c8140000-7ff0c8141000 rw-p 00003000 08:02 2097970                    /usr/lib/x86_64-linux-gnu/alsa-lib/libasound_module_pcm_vdownmix.so
7ff0c8141000-7ff0c8142000 r--p 00000000 08:02 2097968                    /usr/lib/x86_64-linux-gnu/alsa-lib/libasound_module_pcm_upmix.so
7ff0c8142000-7ff0c8144000 r-xp 00001000 08:02 2097968                    /usr/lib/x86_64-linux-gnu/alsa-lib/libasound_module_pcm_upmix.so
7ff0c8144000-7ff0c8145000 r--p 00003000 08:02 2097968                    /usr/lib/x86_64-linux-gnu/alsa-lib/libasound_module_pcm_upmix.so
7ff0c8145000-7ff0c8146000 r--p 00003000 08:02 2097968                    /usr/lib/x86_64-linux-gnu/alsa-lib/libasound_module_pcm_upmix.so
7ff0c8146000-7ff0c8147000 rw-p 00004000 08:02 2097968                    /usr/lib/x86_64-linux-gnu/alsa-lib/libasound_module_pcm_upmix.so
7ff0c8147000-7ff0c8148000 r--p 00000000 08:02 2097966                    /usr/lib/x86_64-linux-gnu/alsa-lib/libasound_module_pcm_oss.so
7ff0c8148000-7ff0c814a000 r-xp 00001000 08:02 2097966                    /usr/lib/x86_64-linux-gnu/alsa-lib/libasound_module_pcm_oss.so
7ff0c814a000-7ff0c814b000 r--p 00003000 08:02 2097966                    /usr/lib/x86_64-linux-gnu/alsa-lib/libasound_module_pcm_oss.so
7ff0c814b000-7ff0c814c000 r--p 00003000 08:02 2097966                    /usr/lib/x86_64-linux-gnu/alsa-lib/libasound_module_pcm_oss.so
7ff0c814c000-7ff0c814d000 rw-p 00004000 08:02 2097966                    /usr/lib/x86_64-linux-gnu/alsa-lib/libasound_module_pcm_oss.so
7ff0c814d000-7ff0c814e000 ---p 00000000 00:00 0 
7ff0c814e000-7ff0c894e000 rw-p 00000000 00:00 0 
7ff0c894e000-7ff0c8952000 r--p 00000000 08:02 1449497                    /usr/lib/x86_64-linux-gnu/libgpg-error.so.0.28.0
7ff0c8952000-7ff0c8965000 r-xp 00004000 08:02 1449497                    /usr/lib/x86_64-linux-gnu/libgpg-error.so.0.28.0
7ff0c8965000-7ff0c896f000 r--p 00017000 08:02 1449497                    /usr/lib/x86_64-linux-gnu/libgpg-error.so.0.28.0
7ff0c896f000-7ff0c8970000 r--p 00020000 08:02 1449497                    /usr/lib/x86_64-linux-gnu/libgpg-error.so.0.28.0
7ff0c8970000-7ff0c8971000 rw-p 00021000 08:02 1449497                    /usr/lib/x86_64-linux-gnu/libgpg-error.so.0.28.0
7ff0c8971000-7ff0c8975000 r--p 00000000 08:02 1449109                    /usr/lib/x86_64-linux-gnu/libbsd.so.0.10.0
7ff0c8975000-7ff0c8984000 r-xp 00004000 08:02 1449109                    /usr/lib/x86_64-linux-gnu/libbsd.so.0.10.0
7ff0c8984000-7ff0c8987000 r--p 00013000 08:02 1449109                    /usr/lib/x86_64-linux-gnu/libbsd.so.0.10.0
7ff0c8987000-7ff0c8988000 ---p 00016000 08:02 1449109                    /usr/lib/x86_64-linux-gnu/libbsd.so.0.10.0
7ff0c8988000-7ff0c8989000 r--p 00016000 08:02 1449109                    /usr/lib/x86_64-linux-gnu/libbsd.so.0.10.0
7ff0c8989000-7ff0c898a000 rw-p 00017000 08:02 1449109                    /usr/lib/x86_64-linux-gnu/libbsd.so.0.10.0
7ff0c898a000-7ff0c898b000 rw-p 00000000 00:00 0 
7ff0c898b000-7ff0c898f000 r--p 00000000 08:02 1445806                    /usr/lib/x86_64-linux-gnu/libresolv-2.31.so
7ff0c898f000-7ff0c899f000 r-xp 00004000 08:02 1445806                    /usr/lib/x86_64-linux-gnu/libresolv-2.31.so
7ff0c899f000-7ff0c89a3000 r--p 00014000 08:02 1445806                    /usr/lib/x86_64-linux-gnu/libresolv-2.31.so
7ff0c89a3000-7ff0c89a4000 r--p 00017000 08:02 1445806                    /usr/lib/x86_64-linux-gnu/libresolv-2.31.so
7ff0c89a4000-7ff0c89a5000 rw-p 00018000 08:02 1445806                    /usr/lib/x86_64-linux-gnu/libresolv-2.31.so
7ff0c89a5000-7ff0c89a7000 rw-p 00000000 00:00 0 
7ff0c89a7000-7ff0c89bb000 r--p 00000000 08:02 1450341                    /usr/lib/x86_64-linux-gnu/libvorbisenc.so.2.0.11
7ff0c89bb000-7ff0c89be000 r-xp 00014000 08:02 1450341                    /usr/lib/x86_64-linux-gnu/libvorbisenc.so.2.0.11
7ff0c89be000-7ff0c8a35000 r--p 00017000 08:02 1450341                    /usr/lib/x86_64-linux-gnu/libvorbisenc.so.2.0.11
7ff0c8a35000-7ff0c8a51000 r--p 0008d000 08:02 1450341                    /usr/lib/x86_64-linux-gnu/libvorbisenc.so.2.0.11
7ff0c8a51000-7ff0c8a52000 rw-p 000a9000 08:02 1450341                    /usr/lib/x86_64-linux-gnu/libvorbisenc.so.2.0.11
7ff0c8a52000-7ff0c8a55000 r--p 00000000 08:02 1450339                    /usr/lib/x86_64-linux-gnu/libvorbis.so.0.4.8
7ff0c8a55000-7ff0c8a6c000 r-xp 00003000 08:02 1450339                    /usr/lib/x86_64-linux-gnu/libvorbis.so.0.4.8
7ff0c8a6c000-7ff0c8a7d000 r--p 0001a000 08:02 1450339                    /usr/lib/x86_64-linux-gnu/libvorbis.so.0.4.8
7ff0c8a7d000-7ff0c8a7e000 ---p 0002b000 08:02 1450339                    /usr/lib/x86_64-linux-gnu/libvorbis.so.0.4.8
7ff0c8a7e000-7ff0c8a7f000 r--p 0002b000 08:02 1450339                    /usr/lib/x86_64-linux-gnu/libvorbis.so.0.4.8
7ff0c8a7f000-7ff0c8a80000 rw-p 0002c000 08:02 1450339                    /usr/lib/x86_64-linux-gnu/libvorbis.so.0.4.8
7ff0c8a80000-7ff0c8a82000 r--p 00000000 08:02 1449917                    /usr/lib/x86_64-linux-gnu/libogg.so.0.8.4
7ff0c8a82000-7ff0c8a87000 r-xp 00002000 08:02 1449917                    /usr/lib/x86_64-linux-gnu/libogg.so.0.8.4
7ff0c8a87000-7ff0c8a8a000 r--p 00007000 08:02 1449917                    /usr/lib/x86_64-linux-gnu/libogg.so.0.8.4
7ff0c8a8a000-7ff0c8a8b000 ---p 0000a000 08:02 1449917                    /usr/lib/x86_64-linux-gnu/libogg.so.0.8.4
7ff0c8a8b000-7ff0c8a8c000 r--p 0000a000 08:02 1449917                    /usr/lib/x86_64-linux-gnu/libogg.so.0.8.4
7ff0c8a8c000-7ff0c8a8d000 rw-p 0000b000 08:02 1449917                    /usr/lib/x86_64-linux-gnu/libogg.so.0.8.4
7ff0c8a8d000-7ff0c8a95000 r--p 00000000 08:02 1448904                    /usr/lib/x86_64-linux-gnu/libFLAC.so.8.3.0
7ff0c8a95000-7ff0c8abe000 r-xp 00008000 08:02 1448904                    /usr/lib/x86_64-linux-gnu/libFLAC.so.8.3.0
7ff0c8abe000-7ff0c8ac8000 r--p 00031000 08:02 1448904                    /usr/lib/x86_64-linux-gnu/libFLAC.so.8.3.0
7ff0c8ac8000-7ff0c8ac9000 ---p 0003b000 08:02 1448904                    /usr/lib/x86_64-linux-gnu/libFLAC.so.8.3.0
7ff0c8ac9000-7ff0c8aca000 r--p 0003b000 08:02 1448904                    /usr/lib/x86_64-linux-gnu/libFLAC.so.8.3.0
7ff0c8aca000-7ff0c8acb000 rw-p 0003c000 08:02 1448904                    /usr/lib/x86_64-linux-gnu/libFLAC.so.8.3.0
7ff0c8acb000-7ff0c8acf000 r--p 00000000 08:02 1445797                    /usr/lib/x86_64-linux-gnu/libnsl-2.31.so
7ff0c8acf000-7ff0c8adf000 r-xp 00004000 08:02 1445797                    /usr/lib/x86_64-linux-gnu/libnsl-2.31.so
7ff0c8adf000-7ff0c8ae4000 r--p 00014000 08:02 1445797                    /usr/lib/x86_64-linux-gnu/libnsl-2.31.so
7ff0c8ae4000-7ff0c8ae5000 r--p 00018000 08:02 1445797                    /usr/lib/x86_64-linux-gnu/libnsl-2.31.so
7ff0c8ae5000-7ff0c8ae6000 rw-p 00019000 08:02 1445797                    /usr/lib/x86_64-linux-gnu/libnsl-2.31.so
7ff0c8ae6000-7ff0c8ae8000 rw-p 00000000 00:00 0 
7ff0c8ae8000-7ff0c8af4000 r--p 00000000 08:02 1447651                    /usr/lib/x86_64-linux-gnu/libgcrypt.so.20.2.5
7ff0c8af4000-7ff0c8bc2000 r-xp 0000c000 08:02 1447651                    /usr/lib/x86_64-linux-gnu/libgcrypt.so.20.2.5
7ff0c8bc2000-7ff0c8bff000 r--p 000da000 08:02 1447651                    /usr/lib/x86_64-linux-gnu/libgcrypt.so.20.2.5
7ff0c8bff000-7ff0c8c01000 r--p 00116000 08:02 1447651                    /usr/lib/x86_64-linux-gnu/libgcrypt.so.20.2.5
7ff0c8c01000-7ff0c8c06000 rw-p 00118000 08:02 1447651                    /usr/lib/x86_64-linux-gnu/libgcrypt.so.20.2.5
7ff0c8c06000-7ff0c8c08000 r--p 00000000 08:02 1449762                    /usr/lib/x86_64-linux-gnu/liblz4.so.1.9.2
7ff0c8c08000-7ff0c8c22000 r-xp 00002000 08:02 1449762                    /usr/lib/x86_64-linux-gnu/liblz4.so.1.9.2
7ff0c8c22000-7ff0c8c25000 r--p 0001c000 08:02 1449762                    /usr/lib/x86_64-linux-gnu/liblz4.so.1.9.2
7ff0c8c25000-7ff0c8c26000 r--p 0001e000 08:02 1449762                    /usr/lib/x86_64-linux-gnu/liblz4.so.1.9.2
7ff0c8c26000-7ff0c8c27000 rw-p 0001f000 08:02 1449762                    /usr/lib/x86_64-linux-gnu/liblz4.so.1.9.2
7ff0c8c27000-7ff0c8c2a000 r--p 00000000 08:02 1443497                    /usr/lib/x86_64-linux-gnu/liblzma.so.5.2.4
7ff0c8c2a000-7ff0c8c42000 r-xp 00003000 08:02 1443497                    /usr/lib/x86_64-linux-gnu/liblzma.so.5.2.4
7ff0c8c42000-7ff0c8c4d000 r--p 0001b000 08:02 1443497                    /usr/lib/x86_64-linux-gnu/liblzma.so.5.2.4
7ff0c8c4d000-7ff0c8c4e000 ---p 00026000 08:02 1443497                    /usr/lib/x86_64-linux-gnu/liblzma.so.5.2.4
7ff0c8c4e000-7ff0c8c4f000 r--p 00026000 08:02 1443497                    /usr/lib/x86_64-linux-gnu/liblzma.so.5.2.4
7ff0c8c4f000-7ff0c8c50000 rw-p 00027000 08:02 1443497                    /usr/lib/x86_64-linux-gnu/liblzma.so.5.2.4
7ff0c8c50000-7ff0c8c53000 r--p 00000000 08:02 1449007                    /usr/lib/x86_64-linux-gnu/libapparmor.so.1.6.1
7ff0c8c53000-7ff0c8c5c000 r-xp 00003000 08:02 1449007                    /usr/lib/x86_64-linux-gnu/libapparmor.so.1.6.1
7ff0c8c5c000-7ff0c8c63000 r--p 0000c000 08:02 1449007                    /usr/lib/x86_64-linux-gnu/libapparmor.so.1.6.1
7ff0c8c63000-7ff0c8c64000 r--p 00012000 08:02 1449007                    /usr/lib/x86_64-linux-gnu/libapparmor.so.1.6.1
7ff0c8c64000-7ff0c8c65000 rw-p 00013000 08:02 1449007                    /usr/lib/x86_64-linux-gnu/libapparmor.so.1.6.1
7ff0c8c65000-7ff0c8c6a000 r-xp 00000000 08:02 1449028                    /usr/lib/x86_64-linux-gnu/libasyncns.so.0.3.1
7ff0c8c6a000-7ff0c8e69000 ---p 00005000 08:02 1449028                    /usr/lib/x86_64-linux-gnu/libasyncns.so.0.3.1
7ff0c8e69000-7ff0c8e6a000 r--p 00004000 08:02 1449028                    /usr/lib/x86_64-linux-gnu/libasyncns.so.0.3.1
7ff0c8e6a000-7ff0c8e6b000 rw-p 00005000 08:02 1449028                    /usr/lib/x86_64-linux-gnu/libasyncns.so.0.3.1
7ff0c8e6b000-7ff0c8e72000 r--p 00000000 08:02 1450170                    /usr/lib/x86_64-linux-gnu/libsndfile.so.1.0.28
7ff0c8e72000-7ff0c8ec5000 r-xp 00007000 08:02 1450170                    /usr/lib/x86_64-linux-gnu/libsndfile.so.1.0.28
7ff0c8ec5000-7ff0c8ee2000 r--p 0005a000 08:02 1450170                    /usr/lib/x86_64-linux-gnu/libsndfile.so.1.0.28
7ff0c8ee2000-7ff0c8ee3000 ---p 00077000 08:02 1450170                    /usr/lib/x86_64-linux-gnu/libsndfile.so.1.0.28
7ff0c8ee3000-7ff0c8ee6000 r--p 00077000 08:02 1450170                    /usr/lib/x86_64-linux-gnu/libsndfile.so.1.0.28
7ff0c8ee6000-7ff0c8ee7000 rw-p 0007a000 08:02 1450170                    /usr/lib/x86_64-linux-gnu/libsndfile.so.1.0.28
7ff0c8ee7000-7ff0c8ee9000 rw-p 00000000 00:00 0 
7ff0c8ee9000-7ff0c8ef9000 r--p 00000000 08:02 1446018                    /usr/lib/x86_64-linux-gnu/libsystemd.so.0.28.0
7ff0c8ef9000-7ff0c8f6e000 r-xp 00010000 08:02 1446018                    /usr/lib/x86_64-linux-gnu/libsystemd.so.0.28.0
7ff0c8f6e000-7ff0c8f93000 r--p 00085000 08:02 1446018                    /usr/lib/x86_64-linux-gnu/libsystemd.so.0.28.0
7ff0c8f93000-7ff0c8f96000 r--p 000a9000 08:02 1446018                    /usr/lib/x86_64-linux-gnu/libsystemd.so.0.28.0
7ff0c8f96000-7ff0c8f97000 rw-p 000ac000 08:02 1446018                    /usr/lib/x86_64-linux-gnu/libsystemd.so.0.28.0
7ff0c8f97000-7ff0c8f98000 rw-p 00000000 00:00 0 
7ff0c8f98000-7ff0c8fa3000 r--p 00000000 08:02 1450442                    /usr/lib/x86_64-linux-gnu/libxcb.so.1.1.0
7ff0c8fa3000-7ff0c8fb7000 r-xp 0000b000 08:02 1450442                    /usr/lib/x86_64-linux-gnu/libxcb.so.1.1.0
7ff0c8fb7000-7ff0c8fc0000 r--p 0001f000 08:02 1450442                    /usr/lib/x86_64-linux-gnu/libxcb.so.1.1.0
7ff0c8fc0000-7ff0c8fc1000 r--p 00027000 08:02 1450442                    /usr/lib/x86_64-linux-gnu/libxcb.so.1.1.0
7ff0c8fc1000-7ff0c8fc2000 rw-p 00028000 08:02 1450442                    /usr/lib/x86_64-linux-gnu/libxcb.so.1.1.0
7ff0c8fc2000-7ff0c8fcd000 r--p 00000000 08:02 1442000                    /usr/lib/x86_64-linux-gnu/libdbus-1.so.3.19.11
7ff0c8fcd000-7ff0c8ffb000 r-xp 0000b000 08:02 1442000                    /usr/lib/x86_64-linux-gnu/libdbus-1.so.3.19.11
7ff0c8ffb000-7ff0c9010000 r--p 00039000 08:02 1442000                    /usr/lib/x86_64-linux-gnu/libdbus-1.so.3.19.11
7ff0c9010000-7ff0c9011000 ---p 0004e000 08:02 1442000                    /usr/lib/x86_64-linux-gnu/libdbus-1.so.3.19.11
7ff0c9011000-7ff0c9012000 r--p 0004e000 08:02 1442000                    /usr/lib/x86_64-linux-gnu/libdbus-1.so.3.19.11
7ff0c9012000-7ff0c9013000 rw-p 0004f000 08:02 1442000                    /usr/lib/x86_64-linux-gnu/libdbus-1.so.3.19.11
7ff0c9013000-7ff0c9024000 r--p 00000000 08:02 2097637                    /usr/lib/x86_64-linux-gnu/pulseaudio/libpulsecommon-13.99.so
7ff0c9024000-7ff0c906c000 r-xp 00011000 08:02 2097637                    /usr/lib/x86_64-linux-gnu/pulseaudio/libpulsecommon-13.99.so
7ff0c906c000-7ff0c9091000 r--p 00059000 08:02 2097637                    /usr/lib/x86_64-linux-gnu/pulseaudio/libpulsecommon-13.99.so
7ff0c9091000-7ff0c9092000 ---p 0007e000 08:02 2097637                    /usr/lib/x86_64-linux-gnu/pulseaudio/libpulsecommon-13.99.so
7ff0c9092000-7ff0c9094000 r--p 0007e000 08:02 2097637                    /usr/lib/x86_64-linux-gnu/pulseaudio/libpulsecommon-13.99.so
7ff0c9094000-7ff0c9095000 rw-p 00080000 08:02 2097637                    /usr/lib/x86_64-linux-gnu/pulseaudio/libpulsecommon-13.99.so
7ff0c9095000-7ff0c90a1000 r--p 00000000 08:02 1442666                    /usr/lib/x86_64-linux-gnu/libpulse.so.0.21.2
7ff0c90a1000-7ff0c90d1000 r-xp 0000c000 08:02 1442666                    /usr/lib/x86_64-linux-gnu/libpulse.so.0.21.2
7ff0c90d1000-7ff0c90e7000 r--p 0003c000 08:02 1442666                    /usr/lib/x86_64-linux-gnu/libpulse.so.0.21.2
7ff0c90e7000-7ff0c90e9000 r--p 00051000 08:02 1442666                    /usr/lib/x86_64-linux-gnu/libpulse.so.0.21.2
7ff0c90e9000-7ff0c90ea000 rw-p 00053000 08:02 1442666                    /usr/lib/x86_64-linux-gnu/libpulse.so.0.21.2
7ff0c90eb000-7ff0c90ed000 r--p 00000000 08:02 2097965                    /usr/lib/x86_64-linux-gnu/alsa-lib/libasound_module_pcm_jack.so
7ff0c90ed000-7ff0c90ef000 r-xp 00002000 08:02 2097965                    /usr/lib/x86_64-linux-gnu/alsa-lib/libasound_module_pcm_jack.so
7ff0c90ef000-7ff0c90f0000 r--p 00004000 08:02 2097965                    /usr/lib/x86_64-linux-gnu/alsa-lib/libasound_module_pcm_jack.so
7ff0c90f0000-7ff0c90f1000 r--p 00004000 08:02 2097965                    /usr/lib/x86_64-linux-gnu/alsa-lib/libasound_module_pcm_jack.so
7ff0c90f1000-7ff0c90f2000 rw-p 00005000 08:02 2097965                    /usr/lib/x86_64-linux-gnu/alsa-lib/libasound_module_pcm_jack.so
7ff0c90f2000-7ff0c90f3000 r--p 00000000 08:02 2097976                    /usr/lib/x86_64-linux-gnu/alsa-lib/libasound_module_rate_speexrate.so
7ff0c90f3000-7ff0c90f6000 r-xp 00001000 08:02 2097976                    /usr/lib/x86_64-linux-gnu/alsa-lib/libasound_module_rate_speexrate.so
7ff0c90f6000-7ff0c90f7000 r--p 00004000 08:02 2097976                    /usr/lib/x86_64-linux-gnu/alsa-lib/libasound_module_rate_speexrate.so
7ff0c90f7000-7ff0c90f8000 r--p 00004000 08:02 2097976                    /usr/lib/x86_64-linux-gnu/alsa-lib/libasound_module_rate_speexrate.so
7ff0c90f8000-7ff0c90f9000 rw-p 00005000 08:02 2097976                    /usr/lib/x86_64-linux-gnu/alsa-lib/libasound_module_rate_speexrate.so
7ff0c90f9000-7ff0c90fb000 r--p 00000000 08:02 2097967                    /usr/lib/x86_64-linux-gnu/alsa-lib/libasound_module_pcm_pulse.so
7ff0c90fb000-7ff0c90fe000 r-xp 00002000 08:02 2097967                    /usr/lib/x86_64-linux-gnu/alsa-lib/libasound_module_pcm_pulse.so
7ff0c90fe000-7ff0c90ff000 r--p 00005000 08:02 2097967                    /usr/lib/x86_64-linux-gnu/alsa-lib/libasound_module_pcm_pulse.so
7ff0c90ff000-7ff0c9100000 ---p 00006000 08:02 2097967                    /usr/lib/x86_64-linux-gnu/alsa-lib/libasound_module_pcm_pulse.so
7ff0c9100000-7ff0c9101000 r--p 00006000 08:02 2097967                    /usr/lib/x86_64-linux-gnu/alsa-lib/libasound_module_pcm_pulse.so
7ff0c9101000-7ff0c9102000 rw-p 00007000 08:02 2097967                    /usr/lib/x86_64-linux-gnu/alsa-lib/libasound_module_pcm_pulse.so
7ff0c9102000-7ff0c9109000 r--s 00000000 08:02 2102563                    /usr/lib/x86_64-linux-gnu/gconv/gconv-modules.cache
7ff0c9109000-7ff0c9146000 rw-p 00000000 00:00 0 
7ff0c9146000-7ff0c9148000 r--p 00000000 08:02 2234013                    /usr/local/lib/libilbccodec.so.2
7ff0c9148000-7ff0c9152000 r-xp 00002000 08:02 2234013                    /usr/local/lib/libilbccodec.so.2
7ff0c9152000-7ff0c9154000 r--p 0000c000 08:02 2234013                    /usr/local/lib/libilbccodec.so.2
7ff0c9154000-7ff0c9155000 r--p 0000d000 08:02 2234013                    /usr/local/lib/libilbccodec.so.2
7ff0c9155000-7ff0c9157000 rw-p 0000e000 08:02 2234013                    /usr/local/lib/libilbccodec.so.2
7ff0c9157000-7ff0c9158000 r--p 00000000 08:02 2234009                    /usr/local/lib/libgsmcodec.so.2
7ff0c9158000-7ff0c9160000 r-xp 00001000 08:02 2234009                    /usr/local/lib/libgsmcodec.so.2
7ff0c9160000-7ff0c9161000 r--p 00009000 08:02 2234009                    /usr/local/lib/libgsmcodec.so.2
7ff0c9161000-7ff0c9162000 r--p 00009000 08:02 2234009                    /usr/local/lib/libgsmcodec.so.2
7ff0c9162000-7ff0c9163000 rw-p 0000a000 08:02 2234009                    /usr/local/lib/libgsmcodec.so.2
7ff0c9163000-7ff0c918d000 r--p 00000000 08:02 1442673                    /usr/lib/x86_64-linux-gnu/libasound.so.2.0.0
7ff0c918d000-7ff0c921c000 r-xp 0002a000 08:02 1442673                    /usr/lib/x86_64-linux-gnu/libasound.so.2.0.0
7ff0c921c000-7ff0c9256000 r--p 000b9000 08:02 1442673                    /usr/lib/x86_64-linux-gnu/libasound.so.2.0.0
7ff0c9256000-7ff0c925d000 r--p 000f2000 08:02 1442673                    /usr/lib/x86_64-linux-gnu/libasound.so.2.0.0
7ff0c925d000-7ff0c925e000 rw-p 000f9000 08:02 1442673                    /usr/lib/x86_64-linux-gnu/libasound.so.2.0.0
7ff0c925e000-7ff0c9260000 r--p 00000000 08:02 1442187                    /usr/lib/x86_64-linux-gnu/libuuid.so.1.3.0
7ff0c9260000-7ff0c9264000 r-xp 00002000 08:02 1442187                    /usr/lib/x86_64-linux-gnu/libuuid.so.1.3.0
7ff0c9264000-7ff0c9265000 r--p 00006000 08:02 1442187                    /usr/lib/x86_64-linux-gnu/libuuid.so.1.3.0
7ff0c9265000-7ff0c9266000 r--p 00006000 08:02 1442187                    /usr/lib/x86_64-linux-gnu/libuuid.so.1.3.0
7ff0c9266000-7ff0c9267000 rw-p 00007000 08:02 1442187                    /usr/lib/x86_64-linux-gnu/libuuid.so.1.3.0
7ff0c9267000-7ff0c9283000 r--p 00000000 08:02 1444741                    /usr/lib/x86_64-linux-gnu/libssl.so.1.1
7ff0c9283000-7ff0c92d2000 r-xp 0001c000 08:02 1444741                    /usr/lib/x86_64-linux-gnu/libssl.so.1.1
7ff0c92d2000-7ff0c92ec000 r--p 0006b000 08:02 1444741                    /usr/lib/x86_64-linux-gnu/libssl.so.1.1
7ff0c92ec000-7ff0c92ed000 ---p 00085000 08:02 1444741                    /usr/lib/x86_64-linux-gnu/libssl.so.1.1
7ff0c92ed000-7ff0c92f6000 r--p 00085000 08:02 1444741                    /usr/lib/x86_64-linux-gnu/libssl.so.1.1
7ff0c92f6000-7ff0c92fa000 rw-p 0008e000 08:02 1444741                    /usr/lib/x86_64-linux-gnu/libssl.so.1.1
7ff0c92fa000-7ff0c9300000 r--p 00000000 08:02 2234019                    /usr/local/lib/libwebrtc.so.2
7ff0c9300000-7ff0c9319000 r-xp 00006000 08:02 2234019                    /usr/local/lib/libwebrtc.so.2
7ff0c9319000-7ff0c9321000 r--p 0001f000 08:02 2234019                    /usr/local/lib/libwebrtc.so.2
7ff0c9321000-7ff0c9322000 r--p 00026000 08:02 2234019                    /usr/local/lib/libwebrtc.so.2
7ff0c9322000-7ff0c9323000 rw-p 00027000 08:02 2234019                    /usr/local/lib/libwebrtc.so.2
7ff0c9323000-7ff0c9329000 r--p 00000000 08:02 2234011                    /usr/local/lib/libspeex.so.2
7ff0c9329000-7ff0c9347000 r-xp 00006000 08:02 2234011                    /usr/local/lib/libspeex.so.2
7ff0c9347000-7ff0c934f000 r--p 00024000 08:02 2234011                    /usr/local/lib/libspeex.so.2
7ff0c934f000-7ff0c9350000 ---p 0002c000 08:02 2234011                    /usr/local/lib/libspeex.so.2
7ff0c9350000-7ff0c9351000 r--p 0002c000 08:02 2234011                    /usr/local/lib/libspeex.so.2
7ff0c9351000-7ff0c9352000 rw-p 0002d000 08:02 2234011                    /usr/local/lib/libspeex.so.2
7ff0c9352000-7ff0c9353000 r--p 00000000 08:02 2234007                    /usr/local/lib/libresample.so.2
7ff0c9353000-7ff0c9354000 r-xp 00001000 08:02 2234007                    /usr/local/lib/libresample.so.2
7ff0c9354000-7ff0c935f000 r--p 00002000 08:02 2234007                    /usr/local/lib/libresample.so.2
7ff0c935f000-7ff0c9360000 r--p 0000c000 08:02 2234007                    /usr/local/lib/libresample.so.2
7ff0c9360000-7ff0c9361000 rw-p 0000d000 08:02 2234007                    /usr/local/lib/libresample.so.2
7ff0c9361000-7ff0c9366000 r--p 00000000 08:02 2234005                    /usr/local/lib/libsrtp.so.2
7ff0c9366000-7ff0c9371000 r-xp 00005000 08:02 2234005                    /usr/local/lib/libsrtp.so.2
7ff0c9371000-7ff0c9375000 r--p 00010000 08:02 2234005                    /usr/local/lib/libsrtp.so.2
7ff0c9375000-7ff0c9376000 r--p 00013000 08:02 2234005                    /usr/local/lib/libsrtp.so.2
7ff0c9376000-7ff0c9377000 rw-p 00014000 08:02 2234005                    /usr/local/lib/libsrtp.so.2
7ff0c9377000-7ff0c93ef000 r--p 00000000 08:02 1442965                    /usr/lib/x86_64-linux-gnu/libcrypto.so.1.1
7ff0c93ef000-7ff0c958a000 r-xp 00078000 08:02 1442965                    /usr/lib/x86_64-linux-gnu/libcrypto.so.1.1
7ff0c958a000-7ff0c961b000 r--p 00213000 08:02 1442965                    /usr/lib/x86_64-linux-gnu/libcrypto.so.1.1
7ff0c961b000-7ff0c9647000 r--p 002a3000 08:02 1442965                    /usr/lib/x86_64-linux-gnu/libcrypto.so.1.1
7ff0c9647000-7ff0c9649000 rw-p 002cf000 08:02 1442965                    /usr/lib/x86_64-linux-gnu/libcrypto.so.1.1
7ff0c9649000-7ff0c964d000 rw-p 00000000 00:00 0 
7ff0c964d000-7ff0c9655000 r--p 00000000 08:02 2234039                    /usr/local/lib/libpjnath.so.2
7ff0c9655000-7ff0c9673000 r-xp 00008000 08:02 2234039                    /usr/local/lib/libpjnath.so.2
7ff0c9673000-7ff0c967f000 r--p 00026000 08:02 2234039                    /usr/local/lib/libpjnath.so.2
7ff0c967f000-7ff0c9680000 r--p 00031000 08:02 2234039                    /usr/local/lib/libpjnath.so.2
7ff0c9680000-7ff0c9682000 rw-p 00032000 08:02 2234039                    /usr/local/lib/libpjnath.so.2
7ff0c9682000-7ff0c9688000 r--p 00000000 08:02 2234025                    /usr/local/lib/libpjsip-ua.so.2
7ff0c9688000-7ff0c969a000 r-xp 00006000 08:02 2234025                    /usr/local/lib/libpjsip-ua.so.2
7ff0c969a000-7ff0c96a0000 r--p 00018000 08:02 2234025                    /usr/local/lib/libpjsip-ua.so.2
7ff0c96a0000-7ff0c96a1000 r--p 0001d000 08:02 2234025                    /usr/local/lib/libpjsip-ua.so.2
7ff0c96a1000-7ff0c96a2000 rw-p 0001e000 08:02 2234025                    /usr/local/lib/libpjsip-ua.so.2
7ff0c96a2000-7ff0c96ae000 r--p 00000000 08:02 2234043                    /usr/local/lib/libpj.so.2
7ff0c96ae000-7ff0c96cc000 r-xp 0000c000 08:02 2234043                    /usr/local/lib/libpj.so.2
7ff0c96cc000-7ff0c96d7000 r--p 0002a000 08:02 2234043                    /usr/local/lib/libpj.so.2
7ff0c96d7000-7ff0c96d8000 ---p 00035000 08:02 2234043                    /usr/local/lib/libpj.so.2
7ff0c96d8000-7ff0c96d9000 r--p 00035000 08:02 2234043                    /usr/local/lib/libpj.so.2
7ff0c96d9000-7ff0c96da000 rw-p 00036000 08:02 2234043                    /usr/local/lib/libpj.so.2
7ff0c96da000-7ff0c96dc000 rw-p 00000000 00:00 0 
7ff0c96dc000-7ff0c96ea000 r--p 00000000 08:02 2234035                    /usr/local/lib/libpjmedia.so.2
7ff0c96ea000-7ff0c9722000 r-xp 0000e000 08:02 2234035                    /usr/local/lib/libpjmedia.so.2
7ff0c9722000-7ff0c973f000 r--p 00046000 08:02 2234035                    /usr/local/lib/libpjmedia.so.2
7ff0c973f000-7ff0c9740000 ---p 00063000 08:02 2234035                    /usr/local/lib/libpjmedia.so.2
7ff0c9740000-7ff0c9741000 r--p 00063000 08:02 2234035                    /usr/local/lib/libpjmedia.so.2
7ff0c9741000-7ff0c9743000 rw-p 00064000 08:02 2234035                    /usr/local/lib/libpjmedia.so.2
7ff0c9743000-7ff0c9744000 rw-p 00000000 00:00 0 
7ff0c9744000-7ff0c9752000 r--p 00000000 08:02 2234023                    /usr/local/lib/libpjsua.so.2
7ff0c9752000-7ff0c9787000 r-xp 0000e000 08:02 2234023                    /usr/local/lib/libpjsua.so.2
7ff0c9787000-7ff0c9794000 r--p 00043000 08:02 2234023                    /usr/local/lib/libpjsua.so.2
7ff0c9794000-7ff0c9795000 r--p 0004f000 08:02 2234023                    /usr/local/lib/libpjsua.so.2
7ff0c9795000-7ff0c9797000 rw-p 00050000 08:02 2234023                    /usr/local/lib/libpjsua.so.2
7ff0c9797000-7ff0c9879000 rw-p 00000000 00:00 0 
7ff0c9879000-7ff0c98c8000 r--p 00000000 08:02 1444779                    /usr/lib/libpjsua2.so
7ff0c98c8000-7ff0c9954000 r-xp 0004f000 08:02 1444779                    /usr/lib/libpjsua2.so
7ff0c9954000-7ff0c998a000 r--p 000db000 08:02 1444779                    /usr/lib/libpjsua2.so
7ff0c998a000-7ff0c998b000 ---p 00111000 08:02 1444779                    /usr/lib/libpjsua2.so
7ff0c998b000-7ff0c998c000 r--p 00111000 08:02 1444779                    /usr/lib/libpjsua2.so
7ff0c998c000-7ff0c998e000 rw-p 00112000 08:02 1444779                    /usr/lib/libpjsua2.so
7ff0c998e000-7ff0c9af7000 r-xp 00000000 08:02 1444772                    /usr/lib/libopenh264.so
7ff0c9af7000-7ff0c9cf7000 ---p 00169000 08:02 1444772                    /usr/lib/libopenh264.so
7ff0c9cf7000-7ff0c9cfa000 r--p 00169000 08:02 1444772                    /usr/lib/libopenh264.so
7ff0c9cfa000-7ff0c9cfc000 rw-p 0016c000 08:02 1444772                    /usr/lib/libopenh264.so
7ff0c9cfc000-7ff0c9d00000 ---p 00000000 00:00 0 
7ff0c9d00000-7ff0c9dfd000 rw-p 00000000 00:00 0 
7ff0c9dfd000-7ff0c9dfe000 ---p 00000000 00:00 0 
7ff0c9dfe000-7ff0c9eff000 rw-p 00000000 00:00 0 
7ff0c9eff000-7ff0c9f03000 ---p 00000000 00:00 0 
7ff0c9f03000-7ff0cc000000 rw-p 00000000 00:00 0 
7ff0cc000000-7ff0cc021000 rw-p 00000000 00:00 0 
7ff0cc021000-7ff0d0000000 ---p 00000000 00:00 0 
7ff0d0000000-7ff0d0003000 r--p 00000000 08:02 2234031                    /usr/local/lib/libpjmedia-codec.so.2
7ff0d0003000-7ff0d000b000 r-xp 00003000 08:02 2234031                    /usr/local/lib/libpjmedia-codec.so.2
7ff0d000b000-7ff0d000e000 r--p 0000b000 08:02 2234031                    /usr/local/lib/libpjmedia-codec.so.2
7ff0d000e000-7ff0d000f000 r--p 0000d000 08:02 2234031                    /usr/local/lib/libpjmedia-codec.so.2
7ff0d000f000-7ff0d0010000 rw-p 0000e000 08:02 2234031                    /usr/local/lib/libpjmedia-codec.so.2
7ff0d0010000-7ff0d0012000 r--p 00000000 08:02 2234037                    /usr/local/lib/libpjmedia-audiodev.so.2
7ff0d0012000-7ff0d0016000 r-xp 00002000 08:02 2234037                    /usr/local/lib/libpjmedia-audiodev.so.2
7ff0d0016000-7ff0d0017000 r--p 00006000 08:02 2234037                    /usr/local/lib/libpjmedia-audiodev.so.2
7ff0d0017000-7ff0d0018000 ---p 00007000 08:02 2234037                    /usr/local/lib/libpjmedia-audiodev.so.2
7ff0d0018000-7ff0d0019000 r--p 00007000 08:02 2234037                    /usr/local/lib/libpjmedia-audiodev.so.2
7ff0d0019000-7ff0d001a000 rw-p 00008000 08:02 2234037                    /usr/local/lib/libpjmedia-audiodev.so.2
7ff0d001a000-7ff0d0021000 r--p 00000000 08:02 2234041                    /usr/local/lib/libpjlib-util.so.2
7ff0d0021000-7ff0d003b000 r-xp 00007000 08:02 2234041                    /usr/local/lib/libpjlib-util.so.2
7ff0d003b000-7ff0d0043000 r--p 00021000 08:02 2234041                    /usr/local/lib/libpjlib-util.so.2
7ff0d0043000-7ff0d0044000 r--p 00028000 08:02 2234041                    /usr/local/lib/libpjlib-util.so.2
7ff0d0044000-7ff0d0045000 rw-p 00029000 08:02 2234041                    /usr/local/lib/libpjlib-util.so.2
7ff0d0045000-7ff0d0061000 r--p 00000000 08:02 2234021                    /usr/local/lib/libpjsua2.so.2
7ff0d0061000-7ff0d00b5000 r-xp 0001c000 08:02 2234021                    /usr/local/lib/libpjsua2.so.2
7ff0d00b5000-7ff0d00ca000 r--p 00070000 08:02 2234021                    /usr/local/lib/libpjsua2.so.2
7ff0d00ca000-7ff0d00cc000 r--p 00084000 08:02 2234021                    /usr/local/lib/libpjsua2.so.2
7ff0d00cc000-7ff0d00ce000 rw-p 00086000 08:02 2234021                    /usr/local/lib/libpjsua2.so.2
7ff0d00ce000-7ff0d00d2000 ---p 00000000 00:00 0 
7ff0d00d2000-7ff0d01cf000 rw-p 00000000 00:00 0 
7ff0d01cf000-7ff0d01d3000 ---p 00000000 00:00 0 
7ff0d01d3000-7ff0d04c0000 rw-p 00000000 00:00 0 
7ff0d04c0000-7ff0d2160000 ---p 00000000 00:00 0 
7ff0d2160000-7ff0d2358000 rw-p 00000000 00:00 0 
7ff0d2358000-7ff0d3ff8000 ---p 00000000 00:00 0 
7ff0d3ff8000-7ff0d4000000 rw-p 00000000 00:00 0 
7ff0d4000000-7ff0d4021000 rw-p 00000000 00:00 0 
7ff0d4021000-7ff0d8000000 ---p 00000000 00:00 0 
7ff0d8004000-7ff0d8012000 r--p 00000000 08:02 2234029                    /usr/local/lib/libpjsip.so.2
7ff0d8012000-7ff0d8042000 r-xp 0000e000 08:02 2234029                    /usr/local/lib/libpjsip.so.2
7ff0d8042000-7ff0d8053000 r--p 0003e000 08:02 2234029                    /usr/local/lib/libpjsip.so.2
7ff0d8053000-7ff0d8055000 r--p 0004e000 08:02 2234029                    /usr/local/lib/libpjsip.so.2
7ff0d8055000-7ff0d8057000 rw-p 00050000 08:02 2234029                    /usr/local/lib/libpjsip.so.2
7ff0d8057000-7ff0d805c000 rw-p 00000000 00:00 0 
7ff0d805c000-7ff0d805e000 r--p 00000000 08:02 1448951                    /usr/lib/x86_64-linux-gnu/libXdmcp.so.6.0.0
7ff0d805e000-7ff0d8060000 r-xp 00002000 08:02 1448951                    /usr/lib/x86_64-linux-gnu/libXdmcp.so.6.0.0
7ff0d8060000-7ff0d8062000 r--p 00004000 08:02 1448951                    /usr/lib/x86_64-linux-gnu/libXdmcp.so.6.0.0
7ff0d8062000-7ff0d8063000 r--p 00005000 08:02 1448951                    /usr/lib/x86_64-linux-gnu/libXdmcp.so.6.0.0
7ff0d8063000-7ff0d8064000 rw-p 00006000 08:02 1448951                    /usr/lib/x86_64-linux-gnu/libXdmcp.so.6.0.0
7ff0d8064000-7ff0d8065000 r--p 00000000 08:02 1448940                    /usr/lib/x86_64-linux-gnu/libXau.so.6.0.0
7ff0d8065000-7ff0d8067000 r-xp 00001000 08:02 1448940                    /usr/lib/x86_64-linux-gnu/libXau.so.6.0.0
7ff0d8067000-7ff0d8068000 r--p 00003000 08:02 1448940                    /usr/lib/x86_64-linux-gnu/libXau.so.6.0.0
7ff0d8068000-7ff0d8069000 r--p 00003000 08:02 1448940                    /usr/lib/x86_64-linux-gnu/libXau.so.6.0.0
7ff0d8069000-7ff0d806a000 rw-p 00004000 08:02 1448940                    /usr/lib/x86_64-linux-gnu/libXau.so.6.0.0
7ff0d806a000-7ff0d806d000 r--p 00000000 08:02 1450402                    /usr/lib/x86_64-linux-gnu/libwrap.so.0.7.6
7ff0d806d000-7ff0d8072000 r-xp 00003000 08:02 1450402                    /usr/lib/x86_64-linux-gnu/libwrap.so.0.7.6
7ff0d8072000-7ff0d8074000 r--p 00008000 08:02 1450402                    /usr/lib/x86_64-linux-gnu/libwrap.so.0.7.6
7ff0d8074000-7ff0d8075000 r--p 00009000 08:02 1450402                    /usr/lib/x86_64-linux-gnu/libwrap.so.0.7.6
7ff0d8075000-7ff0d8076000 rw-p 0000a000 08:02 1450402                    /usr/lib/x86_64-linux-gnu/libwrap.so.0.7.6
7ff0d8076000-7ff0d8077000 r--p 00000000 08:02 2097971                    /usr/lib/x86_64-linux-gnu/alsa-lib/libasound_module_rate_samplerate.so
7ff0d8077000-7ff0d8078000 r-xp 00001000 08:02 2097971                    /usr/lib/x86_64-linux-gnu/alsa-lib/libasound_module_rate_samplerate.so
7ff0d8078000-7ff0d8079000 r--p 00002000 08:02 2097971                    /usr/lib/x86_64-linux-gnu/alsa-lib/libasound_module_rate_samplerate.so
7ff0d8079000-7ff0d807a000 r--p 00002000 08:02 2097971                    /usr/lib/x86_64-linux-gnu/alsa-lib/libasound_module_rate_samplerate.so
7ff0d807a000-7ff0d807b000 rw-p 00003000 08:02 2097971                    /usr/lib/x86_64-linux-gnu/alsa-lib/libasound_module_rate_samplerate.so
7ff0d807b000-7ff0d80ac000 rw-p 00000000 00:00 0 
7ff0d80ac000-7ff0d80b0000 ---p 00000000 00:00 0 
7ff0d80b0000-7ff0d81ad000 rw-p 00000000 00:00 0 
7ff0d81ad000-7ff0d81b1000 ---p 00000000 00:00 0 
7ff0d81b1000-7ff0d82ae000 rw-p 00000000 00:00 0 
7ff0d82ae000-7ff0d881e000 r--p 00000000 08:02 1444832                    /usr/lib/locale/locale-archive
7ff0d881e000-7ff0d8a8e000 rwxp 00000000 00:00 0 
7ff0d8a8e000-7ff0d8dae000 ---p 00000000 00:00 0 
7ff0d8dae000-7ff0d901e000 rwxp 00000000 00:00 0 
7ff0d901e000-7ff0e02e6000 ---p 00000000 00:00 0 
7ff0e02e6000-7ff0e0556000 rwxp 00000000 00:00 0 
7ff0e0556000-7ff0e781e000 ---p 00000000 00:00 0 
7ff0e781e000-7ff0f0000000 r--s 00000000 08:02 1447911                    /usr/lib/jvm/java-11-openjdk-amd64/lib/modules
7ff0f0000000-7ff0f0301000 rw-p 00000000 00:00 0 
7ff0f0301000-7ff0f4000000 ---p 00000000 00:00 0 
7ff0f4003000-7ff0f4009000 r--p 00000000 08:02 2234027                    /usr/local/lib/libpjsip-simple.so.2
7ff0f4009000-7ff0f4014000 r-xp 00006000 08:02 2234027                    /usr/local/lib/libpjsip-simple.so.2
7ff0f4014000-7ff0f4018000 r--p 00011000 08:02 2234027                    /usr/local/lib/libpjsip-simple.so.2
7ff0f4018000-7ff0f4019000 ---p 00015000 08:02 2234027                    /usr/local/lib/libpjsip-simple.so.2
7ff0f4019000-7ff0f401a000 r--p 00015000 08:02 2234027                    /usr/local/lib/libpjsip-simple.so.2
7ff0f401a000-7ff0f401b000 rw-p 00016000 08:02 2234027                    /usr/local/lib/libpjsip-simple.so.2
7ff0f401b000-7ff0f401f000 r--p 00000000 08:02 1447901                    /usr/lib/jvm/java-11-openjdk-amd64/lib/libnet.so
7ff0f401f000-7ff0f402d000 r-xp 00004000 08:02 1447901                    /usr/lib/jvm/java-11-openjdk-amd64/lib/libnet.so
7ff0f402d000-7ff0f4031000 r--p 00012000 08:02 1447901                    /usr/lib/jvm/java-11-openjdk-amd64/lib/libnet.so
7ff0f4031000-7ff0f4032000 r--p 00015000 08:02 1447901                    /usr/lib/jvm/java-11-openjdk-amd64/lib/libnet.so
7ff0f4032000-7ff0f4033000 rw-p 00016000 08:02 1447901                    /usr/lib/jvm/java-11-openjdk-amd64/lib/libnet.so
7ff0f4033000-7ff0f403a000 r--p 00000000 08:02 1447902                    /usr/lib/jvm/java-11-openjdk-amd64/lib/libnio.so
7ff0f403a000-7ff0f4042000 r-xp 00007000 08:02 1447902                    /usr/lib/jvm/java-11-openjdk-amd64/lib/libnio.so
7ff0f4042000-7ff0f4045000 r--p 0000f000 08:02 1447902                    /usr/lib/jvm/java-11-openjdk-amd64/lib/libnio.so
7ff0f4045000-7ff0f4046000 r--p 00011000 08:02 1447902                    /usr/lib/jvm/java-11-openjdk-amd64/lib/libnio.so
7ff0f4046000-7ff0f4047000 rw-p 00012000 08:02 1447902                    /usr/lib/jvm/java-11-openjdk-amd64/lib/libnio.so
7ff0f4047000-7ff0f404b000 ---p 00000000 00:00 0 
7ff0f404b000-7ff0f4148000 rw-p 00000000 00:00 0 
7ff0f4148000-7ff0f414c000 ---p 00000000 00:00 0 
7ff0f414c000-7ff0f4249000 rw-p 00000000 00:00 0 
7ff0f4249000-7ff0f424a000 ---p 00000000 00:00 0 
7ff0f424a000-7ff0f498f000 rw-p 00000000 00:00 0 
7ff0f498f000-7ff0f4c4f000 ---p 00000000 00:00 0 
7ff0f4c4f000-7ff0f4c91000 rw-p 00000000 00:00 0 
7ff0f4c91000-7ff0f4c92000 ---p 00000000 00:00 0 
7ff0f4c92000-7ff0f4d93000 rw-p 00000000 00:00 0 
7ff0f4d93000-7ff0f4d94000 ---p 00000000 00:00 0 
7ff0f4d94000-7ff0f5299000 rw-p 00000000 00:00 0 
7ff0f5299000-7ff0f529a000 ---p 00000000 00:00 0 
7ff0f529a000-7ff0f539b000 rw-p 00000000 00:00 0 
7ff0f539b000-7ff0f539c000 ---p 00000000 00:00 0 
7ff0f539c000-7ff0f551d000 rw-p 00000000 00:00 0 
7ff0f551d000-7ff0f58b1000 ---p 00000000 00:00 0 
7ff0f58b1000-7ff0f58f0000 rw-p 00000000 00:00 0 
7ff0f58f0000-7ff0f5c84000 ---p 00000000 00:00 0 
7ff0f5c84000-7ff0f5cc3000 rw-p 00000000 00:00 0 
7ff0f5cc3000-7ff0f6057000 ---p 00000000 00:00 0 
7ff0f6057000-7ff0f645c000 rw-p 00000000 00:00 0 
7ff0f645c000-7ff0f645d000 ---p 00000000 00:00 0 
7ff0f645d000-7ff0f6563000 rw-p 00000000 00:00 0 
7ff0f6563000-7ff0f6649000 ---p 00000000 00:00 0 
7ff0f6649000-7ff0f664e000 rw-p 00000000 00:00 0 
7ff0f664e000-7ff0f6734000 ---p 00000000 00:00 0 
7ff0f6734000-7ff0f6737000 r--p 00000000 08:02 1445800                    /usr/lib/x86_64-linux-gnu/libnss_files-2.31.so
7ff0f6737000-7ff0f673e000 r-xp 00003000 08:02 1445800                    /usr/lib/x86_64-linux-gnu/libnss_files-2.31.so
7ff0f673e000-7ff0f6740000 r--p 0000a000 08:02 1445800                    /usr/lib/x86_64-linux-gnu/libnss_files-2.31.so
7ff0f6740000-7ff0f6741000 r--p 0000b000 08:02 1445800                    /usr/lib/x86_64-linux-gnu/libnss_files-2.31.so
7ff0f6741000-7ff0f6742000 rw-p 0000c000 08:02 1445800                    /usr/lib/x86_64-linux-gnu/libnss_files-2.31.so
7ff0f6742000-7ff0f674d000 rw-p 00000000 00:00 0 
7ff0f674d000-7ff0f6754000 ---p 00000000 00:00 0 
7ff0f6754000-7ff0f6756000 r--p 00000000 08:02 1447910                    /usr/lib/jvm/java-11-openjdk-amd64/lib/libzip.so
7ff0f6756000-7ff0f675b000 r-xp 00002000 08:02 1447910                    /usr/lib/jvm/java-11-openjdk-amd64/lib/libzip.so
7ff0f675b000-7ff0f675d000 r--p 00007000 08:02 1447910                    /usr/lib/jvm/java-11-openjdk-amd64/lib/libzip.so
7ff0f675d000-7ff0f675e000 r--p 00008000 08:02 1447910                    /usr/lib/jvm/java-11-openjdk-amd64/lib/libzip.so
7ff0f675e000-7ff0f675f000 rw-p 00009000 08:02 1447910                    /usr/lib/jvm/java-11-openjdk-amd64/lib/libzip.so
7ff0f675f000-7ff0f6767000 rw-s 00000000 08:02 9446027                    /tmp/hsperfdata_user/49330
7ff0f6767000-7ff0f6775000 r--p 00000000 08:02 1447890                    /usr/lib/jvm/java-11-openjdk-amd64/lib/libjava.so
7ff0f6775000-7ff0f678b000 r-xp 0000e000 08:02 1447890                    /usr/lib/jvm/java-11-openjdk-amd64/lib/libjava.so
7ff0f678b000-7ff0f6792000 r--p 00024000 08:02 1447890                    /usr/lib/jvm/java-11-openjdk-amd64/lib/libjava.so
7ff0f6792000-7ff0f6793000 r--p 0002a000 08:02 1447890                    /usr/lib/jvm/java-11-openjdk-amd64/lib/libjava.so
7ff0f6793000-7ff0f6794000 rw-p 0002b000 08:02 1447890                    /usr/lib/jvm/java-11-openjdk-amd64/lib/libjava.so
7ff0f6794000-7ff0f6795000 rw-p 00000000 00:00 0 
7ff0f6795000-7ff0f6797000 r--p 00000000 08:02 1445807                    /usr/lib/x86_64-linux-gnu/librt-2.31.so
7ff0f6797000-7ff0f679b000 r-xp 00002000 08:02 1445807                    /usr/lib/x86_64-linux-gnu/librt-2.31.so
7ff0f679b000-7ff0f679d000 r--p 00006000 08:02 1445807                    /usr/lib/x86_64-linux-gnu/librt-2.31.so
7ff0f679d000-7ff0f679e000 r--p 00007000 08:02 1445807                    /usr/lib/x86_64-linux-gnu/librt-2.31.so
7ff0f679e000-7ff0f679f000 rw-p 00008000 08:02 1445807                    /usr/lib/x86_64-linux-gnu/librt-2.31.so
7ff0f679f000-7ff0f67a3000 ---p 00000000 00:00 0 
7ff0f67a3000-7ff0f68a0000 rw-p 00000000 00:00 0 
7ff0f68a0000-7ff0f68a3000 r--p 00000000 08:02 1449406                    /usr/lib/x86_64-linux-gnu/libgcc_s.so.1
7ff0f68a3000-7ff0f68b5000 r-xp 00003000 08:02 1449406                    /usr/lib/x86_64-linux-gnu/libgcc_s.so.1
7ff0f68b5000-7ff0f68b9000 r--p 00015000 08:02 1449406                    /usr/lib/x86_64-linux-gnu/libgcc_s.so.1
7ff0f68b9000-7ff0f68ba000 r--p 00018000 08:02 1449406                    /usr/lib/x86_64-linux-gnu/libgcc_s.so.1
7ff0f68ba000-7ff0f68bb000 rw-p 00019000 08:02 1449406                    /usr/lib/x86_64-linux-gnu/libgcc_s.so.1
7ff0f68bb000-7ff0f68c8000 r--p 00000000 08:02 1445794                    /usr/lib/x86_64-linux-gnu/libm-2.31.so
7ff0f68c8000-7ff0f696f000 r-xp 0000d000 08:02 1445794                    /usr/lib/x86_64-linux-gnu/libm-2.31.so
7ff0f696f000-7ff0f6a08000 r--p 000b4000 08:02 1445794                    /usr/lib/x86_64-linux-gnu/libm-2.31.so
7ff0f6a08000-7ff0f6a09000 r--p 0014c000 08:02 1445794                    /usr/lib/x86_64-linux-gnu/libm-2.31.so
7ff0f6a09000-7ff0f6a0a000 rw-p 0014d000 08:02 1445794                    /usr/lib/x86_64-linux-gnu/libm-2.31.so
7ff0f6a0a000-7ff0f6aa0000 r--p 00000000 08:02 1450209                    /usr/lib/x86_64-linux-gnu/libstdc++.so.6.0.28
7ff0f6aa0000-7ff0f6b91000 r-xp 00096000 08:02 1450209                    /usr/lib/x86_64-linux-gnu/libstdc++.so.6.0.28
7ff0f6b91000-7ff0f6bda000 r--p 00187000 08:02 1450209                    /usr/lib/x86_64-linux-gnu/libstdc++.so.6.0.28
7ff0f6bda000-7ff0f6bdb000 ---p 001d0000 08:02 1450209                    /usr/lib/x86_64-linux-gnu/libstdc++.so.6.0.28
7ff0f6bdb000-7ff0f6be6000 r--p 001d0000 08:02 1450209                    /usr/lib/x86_64-linux-gnu/libstdc++.so.6.0.28
7ff0f6be6000-7ff0f6be9000 rw-p 001db000 08:02 1450209                    /usr/lib/x86_64-linux-gnu/libstdc++.so.6.0.28
7ff0f6be9000-7ff0f6bec000 rw-p 00000000 00:00 0 
7ff0f6bec000-7ff0f6e6e000 r--p 00000000 08:02 1447914                    /usr/lib/jvm/java-11-openjdk-amd64/lib/server/libjvm.so
7ff0f6e6e000-7ff0f7af4000 r-xp 00282000 08:02 1447914                    /usr/lib/jvm/java-11-openjdk-amd64/lib/server/libjvm.so
7ff0f7af4000-7ff0f7d50000 r--p 00f08000 08:02 1447914                    /usr/lib/jvm/java-11-openjdk-amd64/lib/server/libjvm.so
7ff0f7d50000-7ff0f7e14000 r--p 01163000 08:02 1447914                    /usr/lib/jvm/java-11-openjdk-amd64/lib/server/libjvm.so
7ff0f7e14000-7ff0f7e4f000 rw-p 01227000 08:02 1447914                    /usr/lib/jvm/java-11-openjdk-amd64/lib/server/libjvm.so
7ff0f7e4f000-7ff0f7ea8000 rw-p 00000000 00:00 0 
7ff0f7ea8000-7ff0f7eae000 r--p 00000000 08:02 1445805                    /usr/lib/x86_64-linux-gnu/libpthread-2.31.so
7ff0f7eae000-7ff0f7ebf000 r-xp 00006000 08:02 1445805                    /usr/lib/x86_64-linux-gnu/libpthread-2.31.so
7ff0f7ebf000-7ff0f7ec5000 r--p 00017000 08:02 1445805                    /usr/lib/x86_64-linux-gnu/libpthread-2.31.so
7ff0f7ec5000-7ff0f7ec6000 r--p 0001c000 08:02 1445805                    /usr/lib/x86_64-linux-gnu/libpthread-2.31.so
7ff0f7ec6000-7ff0f7ec7000 rw-p 0001d000 08:02 1445805                    /usr/lib/x86_64-linux-gnu/libpthread-2.31.so
7ff0f7ec7000-7ff0f7ecb000 rw-p 00000000 00:00 0 
7ff0f7ecb000-7ff0f7ecc000 r--p 00000000 08:02 1445793                    /usr/lib/x86_64-linux-gnu/libdl-2.31.so
7ff0f7ecc000-7ff0f7ece000 r-xp 00001000 08:02 1445793                    /usr/lib/x86_64-linux-gnu/libdl-2.31.so
7ff0f7ece000-7ff0f7ecf000 r--p 00003000 08:02 1445793                    /usr/lib/x86_64-linux-gnu/libdl-2.31.so
7ff0f7ecf000-7ff0f7ed0000 r--p 00003000 08:02 1445793                    /usr/lib/x86_64-linux-gnu/libdl-2.31.so
7ff0f7ed0000-7ff0f7ed1000 rw-p 00004000 08:02 1445793                    /usr/lib/x86_64-linux-gnu/libdl-2.31.so
7ff0f7ed1000-7ff0f7ed3000 r--p 00000000 08:02 1445493                    /usr/lib/x86_64-linux-gnu/libz.so.1.2.11
7ff0f7ed3000-7ff0f7ee4000 r-xp 00002000 08:02 1445493                    /usr/lib/x86_64-linux-gnu/libz.so.1.2.11
7ff0f7ee4000-7ff0f7eea000 r--p 00013000 08:02 1445493                    /usr/lib/x86_64-linux-gnu/libz.so.1.2.11
7ff0f7eea000-7ff0f7eeb000 ---p 00019000 08:02 1445493                    /usr/lib/x86_64-linux-gnu/libz.so.1.2.11
7ff0f7eeb000-7ff0f7eec000 r--p 00019000 08:02 1445493                    /usr/lib/x86_64-linux-gnu/libz.so.1.2.11
7ff0f7eec000-7ff0f7eed000 rw-p 0001a000 08:02 1445493                    /usr/lib/x86_64-linux-gnu/libz.so.1.2.11
7ff0f7eed000-7ff0f7f0f000 r--p 00000000 08:02 1445792                    /usr/lib/x86_64-linux-gnu/libc-2.31.so
7ff0f7f0f000-7ff0f8087000 r-xp 00022000 08:02 1445792                    /usr/lib/x86_64-linux-gnu/libc-2.31.so
7ff0f8087000-7ff0f80d5000 r--p 0019a000 08:02 1445792                    /usr/lib/x86_64-linux-gnu/libc-2.31.so
7ff0f80d5000-7ff0f80d9000 r--p 001e7000 08:02 1445792                    /usr/lib/x86_64-linux-gnu/libc-2.31.so
7ff0f80d9000-7ff0f80db000 rw-p 001eb000 08:02 1445792                    /usr/lib/x86_64-linux-gnu/libc-2.31.so
7ff0f80db000-7ff0f80df000 rw-p 00000000 00:00 0 
7ff0f80df000-7ff0f80e1000 r--s 0000c000 08:02 2235382                    /usr/share/java/java-atk-wrapper.jar
7ff0f80e1000-7ff0f80e2000 ---p 00000000 00:00 0 
7ff0f80e2000-7ff0f80e3000 r--p 00000000 00:00 0 
7ff0f80e3000-7ff0f80e5000 r--p 00000000 08:02 1447893                    /usr/lib/jvm/java-11-openjdk-amd64/lib/libjimage.so
7ff0f80e5000-7ff0f80e8000 r-xp 00002000 08:02 1447893                    /usr/lib/jvm/java-11-openjdk-amd64/lib/libjimage.so
7ff0f80e8000-7ff0f80e9000 r--p 00005000 08:02 1447893                    /usr/lib/jvm/java-11-openjdk-amd64/lib/libjimage.so
7ff0f80e9000-7ff0f80ea000 ---p 00006000 08:02 1447893                    /usr/lib/jvm/java-11-openjdk-amd64/lib/libjimage.so
7ff0f80ea000-7ff0f80eb000 r--p 00006000 08:02 1447893                    /usr/lib/jvm/java-11-openjdk-amd64/lib/libjimage.so
7ff0f80eb000-7ff0f80ec000 rw-p 00007000 08:02 1447893                    /usr/lib/jvm/java-11-openjdk-amd64/lib/libjimage.so
7ff0f80ec000-7ff0f80f1000 r--p 00000000 08:02 1447909                    /usr/lib/jvm/java-11-openjdk-amd64/lib/libverify.so
7ff0f80f1000-7ff0f80f8000 r-xp 00005000 08:02 1447909                    /usr/lib/jvm/java-11-openjdk-amd64/lib/libverify.so
7ff0f80f8000-7ff0f80fa000 r--p 0000c000 08:02 1447909                    /usr/lib/jvm/java-11-openjdk-amd64/lib/libverify.so
7ff0f80fa000-7ff0f80fb000 ---p 0000e000 08:02 1447909                    /usr/lib/jvm/java-11-openjdk-amd64/lib/libverify.so
7ff0f80fb000-7ff0f80fd000 r--p 0000e000 08:02 1447909                    /usr/lib/jvm/java-11-openjdk-amd64/lib/libverify.so
7ff0f80fd000-7ff0f80fe000 rw-p 00010000 08:02 1447909                    /usr/lib/jvm/java-11-openjdk-amd64/lib/libverify.so
7ff0f80fe000-7ff0f8101000 r--p 00000000 08:02 1447875                    /usr/lib/jvm/java-11-openjdk-amd64/lib/jli/libjli.so
7ff0f8101000-7ff0f810b000 r-xp 00003000 08:02 1447875                    /usr/lib/jvm/java-11-openjdk-amd64/lib/jli/libjli.so
7ff0f810b000-7ff0f810e000 r--p 0000d000 08:02 1447875                    /usr/lib/jvm/java-11-openjdk-amd64/lib/jli/libjli.so
7ff0f810e000-7ff0f810f000 ---p 00010000 08:02 1447875                    /usr/lib/jvm/java-11-openjdk-amd64/lib/jli/libjli.so
7ff0f810f000-7ff0f8110000 r--p 00010000 08:02 1447875                    /usr/lib/jvm/java-11-openjdk-amd64/lib/jli/libjli.so
7ff0f8110000-7ff0f8111000 rw-p 00011000 08:02 1447875                    /usr/lib/jvm/java-11-openjdk-amd64/lib/jli/libjli.so
7ff0f8111000-7ff0f8113000 rw-p 00000000 00:00 0 
7ff0f8113000-7ff0f8114000 r--p 00000000 08:02 1445788                    /usr/lib/x86_64-linux-gnu/ld-2.31.so
7ff0f8114000-7ff0f8137000 r-xp 00001000 08:02 1445788                    /usr/lib/x86_64-linux-gnu/ld-2.31.so
7ff0f8137000-7ff0f813f000 r--p 00024000 08:02 1445788                    /usr/lib/x86_64-linux-gnu/ld-2.31.so
7ff0f8140000-7ff0f8141000 r--p 0002c000 08:02 1445788                    /usr/lib/x86_64-linux-gnu/ld-2.31.so
7ff0f8141000-7ff0f8142000 rw-p 0002d000 08:02 1445788                    /usr/lib/x86_64-linux-gnu/ld-2.31.so
7ff0f8142000-7ff0f8143000 rw-p 00000000 00:00 0 
7ffca38a9000-7ffca38ca000 rw-p 00000000 00:00 0                          [stack]
7ffca397c000-7ffca3980000 r--p 00000000 00:00 0                          [vvar]
7ffca3980000-7ffca3982000 r-xp 00000000 00:00 0                          [vdso]
ffffffffff600000-ffffffffff601000 --xp 00000000 00:00 0                  [vsyscall]


VM Arguments:
java_command: com.zilogic.mypjsip.MyApp
java_class_path (initial): /home/user/NetBeansProjects/mypjsip/target/classes:/home/user/.m2/repository/pjsip/pjsip/1.0/pjsip-1.0.jar
Launcher Type: SUN_STANDARD

[Global flags]
     intx CICompilerCount                          = 3                                         {product} {ergonomic}
     uint ConcGCThreads                            = 1                                         {product} {ergonomic}
     uint G1ConcRefinementThreads                  = 4                                         {product} {ergonomic}
   size_t G1HeapRegionSize                         = 1048576                                   {product} {ergonomic}
    uintx GCDrainStackTargetSize                   = 64                                        {product} {ergonomic}
   size_t InitialHeapSize                          = 130023424                                 {product} {ergonomic}
   size_t MarkStackSize                            = 4194304                                   {product} {ergonomic}
   size_t MaxHeapSize                              = 2053111808                                {product} {ergonomic}
   size_t MaxNewSize                               = 1231028224                                {product} {ergonomic}
   size_t MinHeapDeltaBytes                        = 1048576                                   {product} {ergonomic}
    uintx NonNMethodCodeHeapSize                   = 5830732                                {pd product} {ergonomic}
    uintx NonProfiledCodeHeapSize                  = 122913754                              {pd product} {ergonomic}
    uintx ProfiledCodeHeapSize                     = 122913754                              {pd product} {ergonomic}
    uintx ReservedCodeCacheSize                    = 251658240                              {pd product} {ergonomic}
     bool SegmentedCodeCache                       = true                                      {product} {ergonomic}
     bool UseCompressedClassPointers               = true                                 {lp64_product} {ergonomic}
     bool UseCompressedOops                        = true                                 {lp64_product} {ergonomic}
     bool UseG1GC                                  = true                                      {product} {ergonomic}

Logging:
Log output configuration:
 #0: stdout all=warning uptime,level,tags
 #1: stderr all=off uptime,level,tags

Environment Variables:
JAVA_HOME=/usr/lib/jvm/java-11-openjdk-amd64
PATH=/home/user/.local/bin:/usr/local/sbin:/usr/local/bin:/usr/sbin:/usr/bin:/sbin:/bin:/usr/games:/usr/local/games:/snap/bin
USERNAME=user
SHELL=/bin/bash
DISPLAY=:0
LANG=en_IN

Signal Handlers:
SIGSEGV: [libjvm.so+0xe95100], sa_mask[0]=11111111011111111101111111111110, sa_flags=SA_RESTART|SA_SIGINFO
SIGBUS: [libjvm.so+0xe95100], sa_mask[0]=11111111011111111101111111111110, sa_flags=SA_RESTART|SA_SIGINFO
SIGFPE: [libjvm.so+0xe95100], sa_mask[0]=11111111011111111101111111111110, sa_flags=SA_RESTART|SA_SIGINFO
SIGPIPE: [libjvm.so+0xbdca50], sa_mask[0]=11111111011111111101111111111110, sa_flags=SA_RESTART|SA_SIGINFO
SIGXFSZ: [libjvm.so+0xbdca50], sa_mask[0]=11111111011111111101111111111110, sa_flags=SA_RESTART|SA_SIGINFO
SIGILL: [libjvm.so+0xe95100], sa_mask[0]=11111111011111111101111111111110, sa_flags=SA_RESTART|SA_SIGINFO
SIGUSR2: [libjvm.so+0xbdc8f0], sa_mask[0]=00100000000000000000000000000000, sa_flags=SA_RESTART|SA_SIGINFO
SIGHUP: [libjvm.so+0xbdcd90], sa_mask[0]=11111111011111111101111111111110, sa_flags=SA_RESTART|SA_SIGINFO
SIGINT: SIG_IGN, sa_mask[0]=00000000000000000000000000000000, sa_flags=none
SIGTERM: [libjvm.so+0xbdcd90], sa_mask[0]=11111111011111111101111111111110, sa_flags=SA_RESTART|SA_SIGINFO
SIGQUIT: [libjvm.so+0xbdcd90], sa_mask[0]=11111111011111111101111111111110, sa_flags=SA_RESTART|SA_SIGINFO


---------------  S Y S T E M  ---------------

OS:DISTRIB_ID=Ubuntu
DISTRIB_RELEASE=20.04
DISTRIB_CODENAME=focal
DISTRIB_DESCRIPTION="Ubuntu 20.04.4 LTS"
uname:Linux 5.13.0-52-generic #59~20.04.1-Ubuntu SMP Thu Jun 16 21:21:28 UTC 2022 x86_64
OS uptime: 0 days 6:24 hours
libc:glibc 2.31 NPTL 2.31 
rlimit (soft/hard): STACK 8192k/infinity , CORE 0k/infinity , NPROC 31037/31037 , NOFILE 1048576/1048576 , AS infinity/infinity , CPU infinity/infinity , DATA infinity/infinity , FSIZE infinity/infinity , MEMLOCK 65536k/65536k
load average:2.33 2.35 1.47

/proc/meminfo:
MemTotal:        8017184 kB
MemFree:          134308 kB
MemAvailable:    2037664 kB
Buffers:          206436 kB
Cached:          2245288 kB
SwapCached:        37872 kB
Active:          1361352 kB
Inactive:        5905432 kB
Active(anon):     806956 kB
Inactive(anon):  4522616 kB
Active(file):     554396 kB
Inactive(file):  1382816 kB
Unevictable:       28400 kB
Mlocked:              32 kB
SwapTotal:       3999740 kB
SwapFree:        2682052 kB
Dirty:            129104 kB
Writeback:             0 kB
AnonPages:       4820024 kB
Mapped:           606436 kB
Shmem:            516304 kB
KReclaimable:     270380 kB
Slab:             432892 kB
SReclaimable:     270380 kB
SUnreclaim:       162512 kB
KernelStack:       22336 kB
PageTables:        58240 kB
NFS_Unstable:          0 kB
Bounce:                0 kB
WritebackTmp:          0 kB
CommitLimit:     8008332 kB
Committed_AS:   15568836 kB
VmallocTotal:   34359738367 kB
VmallocUsed:       47732 kB
VmallocChunk:          0 kB
Percpu:             4208 kB
HardwareCorrupted:     0 kB
AnonHugePages:         0 kB
ShmemHugePages:        0 kB
ShmemPmdMapped:        0 kB
FileHugePages:         0 kB
FilePmdMapped:         0 kB
HugePages_Total:       0
HugePages_Free:        0
HugePages_Rsvd:        0
HugePages_Surp:        0
Hugepagesize:       2048 kB
Hugetlb:               0 kB
DirectMap4k:      426400 kB
DirectMap2M:     7837696 kB
DirectMap1G:           0 kB

/sys/kernel/mm/transparent_hugepage/enabled:
always [madvise] never
/sys/kernel/mm/transparent_hugepage/defrag (defrag/compaction efforts parameter):
always defer defer+madvise [madvise] never

Process Memory:
Virtual Size: 5291304K (peak: 13435636K)
Resident Set Size: 60864K (peak: 61100K) (anon: 24732K, file: 36132K, shmem: 0K)
Swapped out: 0K
C-Heap outstanding allocations: 3482K

/proc/sys/kernel/threads-max (system-wide limit on the number of threads):
62075
/proc/sys/vm/max_map_count (maximum number of memory map areas a process may have):
65530
/proc/sys/kernel/pid_max (system-wide limit on number of process identifiers):
4194304

container (cgroup) information:
container_type: cgroupv1
cpu_cpuset_cpus: 0-3
cpu_memory_nodes: 0
active_processor_count: 4
cpu_quota: -1
cpu_period: 100000
cpu_shares: -1
memory_limit_in_bytes: -1
memory_and_swap_limit_in_bytes: -1
memory_soft_limit_in_bytes: -1
memory_usage_in_bytes: 6559240192
memory_max_usage_in_bytes: 6831960064

Steal ticks since vm start: 0
Steal ticks percentage since vm start:  0.000

CPU:total 4 (initial active 4) (4 cores per cpu, 1 threads per core) family 6 model 158 stepping 9 microcode 0xf0, cmov, cx8, fxsr, mmx, sse, sse2, sse3, ssse3, sse4.1, sse4.2, popcnt, avx, avx2, aes, clmul, erms, rtm, 3dnowpref, lzcnt, tsc, tscinvbit, bmi1, bmi2, adx, fma
CPU Model and flags from /proc/cpuinfo:
model name	: Intel(R) Core(TM) i5-7500 CPU @ 3.40GHz
flags		: fpu vme de pse tsc msr pae mce cx8 apic sep mtrr pge mca cmov pat pse36 clflush dts acpi mmx fxsr sse sse2 ss ht tm pbe syscall nx pdpe1gb rdtscp lm constant_tsc art arch_perfmon pebs bts rep_good nopl xtopology nonstop_tsc cpuid aperfmperf pni pclmulqdq dtes64 monitor ds_cpl vmx smx est tm2 ssse3 sdbg fma cx16 xtpr pdcm pcid sse4_1 sse4_2 x2apic movbe popcnt tsc_deadline_timer aes xsave avx f16c rdrand lahf_lm abm 3dnowprefetch cpuid_fault epb invpcid_single pti ssbd ibrs ibpb stibp tpr_shadow vnmi flexpriority ept vpid ept_ad fsgsbase tsc_adjust bmi1 hle avx2 smep bmi2 erms invpcid rtm mpx rdseed adx smap clflushopt intel_pt xsaveopt xsavec xgetbv1 xsaves dtherm ida arat pln pts hwp hwp_notify hwp_act_window hwp_epp md_clear flush_l1d arch_capabilities
Online cpus:
0-3
Offline cpus:

BIOS frequency limitation:
<Not Available>
Frequency switch latency (ns):
0
Available cpu frequencies:
<Not Available>
Current governor:
powersave
Core performance/turbo boost:
<Not Available>

Memory: 4k page, physical 8017184k(134308k free), swap 3999740k(2682052k free)

vm_info: OpenJDK 64-Bit Server VM (11.0.15+10-Ubuntu-0ubuntu0.20.04.1) for linux-amd64 JRE (11.0.15+10-Ubuntu-0ubuntu0.20.04.1), built on Apr 23 2022 13:02:10 by "unknown" with gcc 9.4.0

END.
