#
# A fatal error has been detected by the Java Runtime Environment:
#
#  SIGSEGV (0xb) at pc=0x00007f72e8061162, pid=42509, tid=42510
#
# JRE version: OpenJDK Runtime Environment (11.0.15+10) (build 11.0.15+10-Ubuntu-0ubuntu0.20.04.1)
# Java VM: OpenJDK 64-Bit Server VM (11.0.15+10-Ubuntu-0ubuntu0.20.04.1, mixed mode, sharing, tiered, compressed oops, g1 gc, linux-amd64)
# Problematic frame:
# C  [libpjsua2.so.2+0x5d162]  pj::Call::sendInstantMessage(pj::SendInstantMessageParam const&)+0x62
#
# Core dump will be written. Default location: Core dumps may be processed with "/usr/share/apport/apport -p%p -s%s -c%c -d%d -P%P -u%u -g%g -- %E" (or dumping to /home/user/NetBeansProjects/mypjsip/core.42509)
#
# If you would like to submit a bug report, please visit:
#   Unknown
# The crash happened outside the Java Virtual Machine in native code.
# See problematic frame for where to report the bug.
#

---------------  S U M M A R Y ------------

Command Line: com.zilogic.mypjsip.MyApp

Host: Intel(R) Core(TM) i5-7500 CPU @ 3.40GHz, 4 cores, 7G, Ubuntu 20.04.4 LTS
Time: Mon Jul 11 14:33:35 2022 IST elapsed time: 68.284742 seconds (0d 0h 1m 8s)

---------------  T H R E A D  ---------------

Current thread (0x00007f7300016000):  JavaThread "main" [_thread_in_native, id=42510, stack(0x00007f73069ca000,0x00007f7306acb000)]

Stack: [0x00007f73069ca000,0x00007f7306acb000],  sp=0x00007f7306ac94f0,  free space=1021k
Native frames: (J=compiled Java code, A=aot compiled Java code, j=interpreted, Vv=VM code, C=native code)
C  [libpjsua2.so.2+0x5d162]  pj::Call::sendInstantMessage(pj::SendInstantMessageParam const&)+0x62

Java frames: (J=compiled Java code, j=interpreted, Vv=VM code)
j  org.pjsip.pjsua2.pjsua2JNI.Call_sendInstantMessage(JLorg/pjsip/pjsua2/Call;JLorg/pjsip/pjsua2/SendInstantMessageParam;)V+0
j  org.pjsip.pjsua2.Call.sendInstantMessage(Lorg/pjsip/pjsua2/SendInstantMessageParam;)V+10
j  com.zilogic.mypjsip.MyApp.main([Ljava/lang/String;)V+592
v  ~StubRoutines::call_stub

siginfo: si_signo: 11 (SIGSEGV), si_code: 1 (SEGV_MAPERR), si_addr: 0x0000000000000010

Register to memory mapping:

RAX=0x0000000000000001 is an unknown value
RBX=0x00007f73002219a0 points into unknown readable memory: 0x00007f73002219b0 | b0 19 22 00 73 7f 00 00
RCX=0x0000000000000016 is an unknown value
RDX=0x0 is NULL
RSP=0x00007f7306ac94f0 is pointing into the stack for thread: 0x00007f7300016000
RBP=0x0 is NULL
RSI=0x00007f72e8074736: <offset 0x0000000000070736> in /usr/local/lib/libpjsua2.so.2 at 0x00007f72e8004000
RDI=0x00007f72e8074720: <offset 0x0000000000070720> in /usr/local/lib/libpjsua2.so.2 at 0x00007f72e8004000
R8 =0x00007f73002219a0 points into unknown readable memory: 0x00007f73002219b0 | b0 19 22 00 73 7f 00 00
R9 =0x00007f7306ac98b0 is pointing into the stack for thread: 0x00007f7300016000
R10=0x00007f72e8015295: <offset 0x0000000000011295> in /usr/local/lib/libpjsua2.so.2 at 0x00007f72e8004000
R11=0x00007f72e805e920: _ZN10call_paramC1ERKN2pj11SipTxOptionE+0x0000000000000000 in /usr/local/lib/libpjsua2.so.2 at 0x00007f72e8004000
R12=0x0 is NULL
R13=0x00007f7304b03a78 is pointing into metadata
R14=0x00007f7306ac98d8 is pointing into the stack for thread: 0x00007f7300016000
R15=0x00007f7300016000 is a thread


Registers:
RAX=0x0000000000000001, RBX=0x00007f73002219a0, RCX=0x0000000000000016, RDX=0x0000000000000000
RSP=0x00007f7306ac94f0, RBP=0x0000000000000000, RSI=0x00007f72e8074736, RDI=0x00007f72e8074720
R8 =0x00007f73002219a0, R9 =0x00007f7306ac98b0, R10=0x00007f72e8015295, R11=0x00007f72e805e920
R12=0x0000000000000000, R13=0x00007f7304b03a78, R14=0x00007f7306ac98d8, R15=0x00007f7300016000
RIP=0x00007f72e8061162, EFLAGS=0x0000000000010206, CSGSFS=0x002b000000000033, ERR=0x0000000000000004
  TRAPNO=0x000000000000000e

Top of Stack: (sp=0x00007f7306ac94f0)
0x00007f7306ac94f0:   00007f73002219b0 000000000000000a
0x00007f7306ac9500:   00007f73002219d0 0000000000000008
0x00007f7306ac9510:   0000000100000001 0000000100000001
0x00007f7306ac9520:   0000000100000001 0000000100000001 

Instructions: (pc=0x00007f72e8061162)
0x00007f72e8061062:   48 8b 7c 24 60 48 8d 5c 24 70 48 39 df 74 05 e8
0x00007f72e8061072:   5a 1f fc ff e8 65 24 fc ff 85 c0 0f 8e eb 93 fc
0x00007f72e8061082:   ff 31 d2 4c 89 e6 4c 89 ef e8 a0 16 fc ff 48 8b
0x00007f72e8061092:   54 24 60 48 8d 35 e5 2f 01 00 48 8d 3d b2 49 01
0x00007f72e80610a2:   00 31 c0 e8 d6 1f fc ff 48 8b 7c 24 60 48 39 df
0x00007f72e80610b2:   0f 84 b6 93 fc ff e8 13 1f fc ff e9 ac 93 fc ff
0x00007f72e80610c2:   e8 39 21 fc ff f3 0f 1e fa 48 89 c5 e9 c9 93 fc
0x00007f72e80610d2:   ff f3 0f 1e fa 48 89 c5 e9 d1 93 fc ff f3 0f 1e
0x00007f72e80610e2:   fa 48 89 c5 e9 07 94 fc ff f3 0f 1e fa e9 eb 93
0x00007f72e80610f2:   fc ff 66 66 2e 0f 1f 84 00 00 00 00 00 90 f3 0f
0x00007f72e8061102:   1e fa 41 57 41 56 41 55 41 54 55 48 89 fd 53 48
0x00007f72e8061112:   89 f3 48 83 c6 40 48 81 ec 98 02 00 00 48 8b 56
0x00007f72e8061122:   c0 64 48 8b 04 25 28 00 00 00 48 89 84 24 88 02
0x00007f72e8061132:   00 00 31 c0 48 8b 46 c8 48 8d bc 24 f0 00 00 00
0x00007f72e8061142:   48 89 14 24 48 8b 56 e0 48 89 44 24 08 48 8b 46
0x00007f72e8061152:   e8 48 89 54 24 10 48 89 44 24 18 e8 4e 2a fc ff
0x00007f72e8061162:   8b 7d 10 48 8d 54 24 10 48 89 e6 4c 8b 83 10 01
0x00007f72e8061172:   00 00 48 8b 8c 24 08 02 00 00 e8 8f 24 fc ff 85
0x00007f72e8061182:   c0 75 29 48 8b 84 24 88 02 00 00 64 48 33 04 25
0x00007f72e8061192:   28 00 00 00 0f 85 fc 00 00 00 48 81 c4 98 02 00
0x00007f72e80611a2:   00 5b 5d 41 5c 41 5d 41 5e 41 5f c3 48 8d 6c 24
0x00007f72e80611b2:   60 48 8d 35 8d 48 01 00 41 89 c7 48 89 ef 4c 8d
0x00007f72e80611c2:   74 24 40 4c 8d 6c 24 30 e8 31 e1 ff ff 48 8d 35
0x00007f72e80611d2:   ba 4b 01 00 4c 89 f7 4c 89 6c 24 20 48 c7 44 24
0x00007f72e80611e2:   28 00 00 00 00 c6 44 24 30 00 e8 0f e1 ff ff 48
0x00007f72e80611f2:   8d 4c 24 20 49 89 e8 4c 89 f2 44 89 fe 4c 8d a4
0x00007f72e8061202:   24 80 00 00 00 41 b9 1d 03 00 00 4c 89 e7 e8 7b
0x00007f72e8061212:   26 fc ff 48 8b 7c 24 40 48 8d 44 24 50 48 39 c7
0x00007f72e8061222:   74 05 e8 a7 1d fc ff 48 8b 7c 24 20 4c 39 ef 74
0x00007f72e8061232:   05 e8 98 1d fc ff 48 8b 7c 24 60 48 8d 5c 24 70
0x00007f72e8061242:   48 39 df 74 05 e8 84 1d fc ff e8 8f 22 fc ff 85
0x00007f72e8061252:   c0 0f 8e ab 92 fc ff 31 d2 4c 89 e6 48 89 ef e8 


Stack slot to memory mapping:
stack at sp + 0 slots: 0x00007f73002219b0 points into unknown readable memory: 0x616c702f74786574 | 74 65 78 74 2f 70 6c 61
stack at sp + 1 slots: 0x000000000000000a is an unknown value
stack at sp + 2 slots: 0x00007f73002219d0 points into unknown readable memory: 0x616e756720696968 | 68 69 69 20 67 75 6e 61
stack at sp + 3 slots: 0x0000000000000008 is an unknown value
stack at sp + 4 slots: 0x0000000100000001 is an unknown value
stack at sp + 5 slots: 0x0000000100000001 is an unknown value
stack at sp + 6 slots: 0x0000000100000001 is an unknown value
stack at sp + 7 slots: 0x0000000100000001 is an unknown value


---------------  P R O C E S S  ---------------

Threads class SMR info:
_java_thread_list=0x00007f729c010bd0, length=9, elements={
0x00007f7300016000, 0x00007f730010f000, 0x00007f7300111000, 0x00007f7300116800,
0x00007f7300118800, 0x00007f730011a800, 0x00007f730011c800, 0x00007f730011e800,
0x00007f7300159800
}

Java Threads: ( => current thread )
=>0x00007f7300016000 JavaThread "main" [_thread_in_native, id=42510, stack(0x00007f73069ca000,0x00007f7306acb000)]
  0x00007f730010f000 JavaThread "Reference Handler" daemon [_thread_blocked, id=42521, stack(0x00007f7304373000,0x00007f7304474000)]
  0x00007f7300111000 JavaThread "Finalizer" daemon [_thread_blocked, id=42522, stack(0x00007f7304272000,0x00007f7304373000)]
  0x00007f7300116800 JavaThread "Signal Dispatcher" daemon [_thread_blocked, id=42523, stack(0x00007f7304171000,0x00007f7304272000)]
  0x00007f7300118800 JavaThread "Service Thread" daemon [_thread_blocked, id=42524, stack(0x00007f7304070000,0x00007f7304171000)]
  0x00007f730011a800 JavaThread "C2 CompilerThread0" daemon [_thread_blocked, id=42525, stack(0x00007f72e81ad000,0x00007f72e82ae000)]
  0x00007f730011c800 JavaThread "C1 CompilerThread0" daemon [_thread_blocked, id=42526, stack(0x00007f72e80ac000,0x00007f72e81ad000)]
  0x00007f730011e800 JavaThread "Sweeper thread" daemon [_thread_blocked, id=42527, stack(0x00007f72e01cf000,0x00007f72e02d0000)]
  0x00007f7300159800 JavaThread "Common-Cleaner" daemon [_thread_blocked, id=42529, stack(0x00007f72d9eff000,0x00007f72da000000)]

Other Threads:
  0x00007f730010c000 VMThread "VM Thread" [stack: 0x00007f7304476000,0x00007f7304576000] [id=42520]
  0x00007f7300157800 WatcherThread [stack: 0x00007f72e00cf000,0x00007f72e01cf000] [id=42528]
  0x00007f730002e000 GCTaskThread "GC Thread#0" [stack: 0x00007f7306689000,0x00007f7306789000] [id=42515]
  0x00007f72cc001000 GCTaskThread "GC Thread#1" [stack: 0x00007f72d8081000,0x00007f72d8181000] [id=42572]
  0x00007f72cc002800 GCTaskThread "GC Thread#2" [stack: 0x00007f72a4b8e000,0x00007f72a4c8e000] [id=42573]
  0x00007f72cc004000 GCTaskThread "GC Thread#3" [stack: 0x00007f72a4a8c000,0x00007f72a4b8c000] [id=42574]
  0x00007f730005f000 ConcurrentGCThread "G1 Main Marker" [stack: 0x00007f73055c8000,0x00007f73056c8000] [id=42516]
  0x00007f7300060800 ConcurrentGCThread "G1 Conc#0" [stack: 0x00007f73054c6000,0x00007f73055c6000] [id=42517]
  0x00007f73000d9000 ConcurrentGCThread "G1 Refine#0" [stack: 0x00007f7304fc0000,0x00007f73050c0000] [id=42518]
  0x00007f73000da800 ConcurrentGCThread "G1 Young RemSet Sampling" [stack: 0x00007f7304ebe000,0x00007f7304fbe000] [id=42519]

Threads with active compile tasks:

VM state:not at safepoint (normal execution)

VM Mutex/Monitor currently owned by a thread: None

Heap address: 0x0000000085a00000, size: 1958 MB, Compressed Oops mode: 32-bit
Narrow klass base: 0x0000000800000000, Narrow klass shift: 3
Compressed class space size: 1073741824 Address: 0x0000000840000000

Heap:
 garbage-first heap   total 129024K, used 4619K [0x0000000085a00000, 0x0000000100000000)
  region size 1024K, 5 young (5120K), 1 survivors (1024K)
 Metaspace       used 1918K, capacity 5725K, committed 6016K, reserved 1056768K
  class space    used 151K, capacity 554K, committed 640K, reserved 1048576K
Heap Regions: E=young(eden), S=young(survivor), O=old, HS=humongous(starts), HC=humongous(continues), CS=collection set, F=free, A=archive, TAMS=top-at-mark-start (previous, next)
|   0|0x0000000085a00000, 0x0000000085a00000, 0x0000000085b00000|  0%| F|  |TAMS 0x0000000085a00000, 0x0000000085a00000| Untracked 
|   1|0x0000000085b00000, 0x0000000085b00000, 0x0000000085c00000|  0%| F|  |TAMS 0x0000000085b00000, 0x0000000085b00000| Untracked 
|   2|0x0000000085c00000, 0x0000000085c00000, 0x0000000085d00000|  0%| F|  |TAMS 0x0000000085c00000, 0x0000000085c00000| Untracked 
|   3|0x0000000085d00000, 0x0000000085d00000, 0x0000000085e00000|  0%| F|  |TAMS 0x0000000085d00000, 0x0000000085d00000| Untracked 
|   4|0x0000000085e00000, 0x0000000085e00000, 0x0000000085f00000|  0%| F|  |TAMS 0x0000000085e00000, 0x0000000085e00000| Untracked 
|   5|0x0000000085f00000, 0x0000000085f00000, 0x0000000086000000|  0%| F|  |TAMS 0x0000000085f00000, 0x0000000085f00000| Untracked 
|   6|0x0000000086000000, 0x0000000086000000, 0x0000000086100000|  0%| F|  |TAMS 0x0000000086000000, 0x0000000086000000| Untracked 
|   7|0x0000000086100000, 0x0000000086100000, 0x0000000086200000|  0%| F|  |TAMS 0x0000000086100000, 0x0000000086100000| Untracked 
|   8|0x0000000086200000, 0x0000000086200000, 0x0000000086300000|  0%| F|  |TAMS 0x0000000086200000, 0x0000000086200000| Untracked 
|   9|0x0000000086300000, 0x0000000086300000, 0x0000000086400000|  0%| F|  |TAMS 0x0000000086300000, 0x0000000086300000| Untracked 
|  10|0x0000000086400000, 0x0000000086400000, 0x0000000086500000|  0%| F|  |TAMS 0x0000000086400000, 0x0000000086400000| Untracked 
|  11|0x0000000086500000, 0x0000000086500000, 0x0000000086600000|  0%| F|  |TAMS 0x0000000086500000, 0x0000000086500000| Untracked 
|  12|0x0000000086600000, 0x0000000086600000, 0x0000000086700000|  0%| F|  |TAMS 0x0000000086600000, 0x0000000086600000| Untracked 
|  13|0x0000000086700000, 0x0000000086700000, 0x0000000086800000|  0%| F|  |TAMS 0x0000000086700000, 0x0000000086700000| Untracked 
|  14|0x0000000086800000, 0x0000000086800000, 0x0000000086900000|  0%| F|  |TAMS 0x0000000086800000, 0x0000000086800000| Untracked 
|  15|0x0000000086900000, 0x0000000086900000, 0x0000000086a00000|  0%| F|  |TAMS 0x0000000086900000, 0x0000000086900000| Untracked 
|  16|0x0000000086a00000, 0x0000000086a00000, 0x0000000086b00000|  0%| F|  |TAMS 0x0000000086a00000, 0x0000000086a00000| Untracked 
|  17|0x0000000086b00000, 0x0000000086b00000, 0x0000000086c00000|  0%| F|  |TAMS 0x0000000086b00000, 0x0000000086b00000| Untracked 
|  18|0x0000000086c00000, 0x0000000086c00000, 0x0000000086d00000|  0%| F|  |TAMS 0x0000000086c00000, 0x0000000086c00000| Untracked 
|  19|0x0000000086d00000, 0x0000000086d00000, 0x0000000086e00000|  0%| F|  |TAMS 0x0000000086d00000, 0x0000000086d00000| Untracked 
|  20|0x0000000086e00000, 0x0000000086e00000, 0x0000000086f00000|  0%| F|  |TAMS 0x0000000086e00000, 0x0000000086e00000| Untracked 
|  21|0x0000000086f00000, 0x0000000086f00000, 0x0000000087000000|  0%| F|  |TAMS 0x0000000086f00000, 0x0000000086f00000| Untracked 
|  22|0x0000000087000000, 0x0000000087000000, 0x0000000087100000|  0%| F|  |TAMS 0x0000000087000000, 0x0000000087000000| Untracked 
|  23|0x0000000087100000, 0x0000000087100000, 0x0000000087200000|  0%| F|  |TAMS 0x0000000087100000, 0x0000000087100000| Untracked 
|  24|0x0000000087200000, 0x0000000087200000, 0x0000000087300000|  0%| F|  |TAMS 0x0000000087200000, 0x0000000087200000| Untracked 
|  25|0x0000000087300000, 0x0000000087300000, 0x0000000087400000|  0%| F|  |TAMS 0x0000000087300000, 0x0000000087300000| Untracked 
|  26|0x0000000087400000, 0x0000000087400000, 0x0000000087500000|  0%| F|  |TAMS 0x0000000087400000, 0x0000000087400000| Untracked 
|  27|0x0000000087500000, 0x0000000087500000, 0x0000000087600000|  0%| F|  |TAMS 0x0000000087500000, 0x0000000087500000| Untracked 
|  28|0x0000000087600000, 0x0000000087600000, 0x0000000087700000|  0%| F|  |TAMS 0x0000000087600000, 0x0000000087600000| Untracked 
|  29|0x0000000087700000, 0x0000000087700000, 0x0000000087800000|  0%| F|  |TAMS 0x0000000087700000, 0x0000000087700000| Untracked 
|  30|0x0000000087800000, 0x0000000087800000, 0x0000000087900000|  0%| F|  |TAMS 0x0000000087800000, 0x0000000087800000| Untracked 
|  31|0x0000000087900000, 0x0000000087900000, 0x0000000087a00000|  0%| F|  |TAMS 0x0000000087900000, 0x0000000087900000| Untracked 
|  32|0x0000000087a00000, 0x0000000087a00000, 0x0000000087b00000|  0%| F|  |TAMS 0x0000000087a00000, 0x0000000087a00000| Untracked 
|  33|0x0000000087b00000, 0x0000000087b00000, 0x0000000087c00000|  0%| F|  |TAMS 0x0000000087b00000, 0x0000000087b00000| Untracked 
|  34|0x0000000087c00000, 0x0000000087c00000, 0x0000000087d00000|  0%| F|  |TAMS 0x0000000087c00000, 0x0000000087c00000| Untracked 
|  35|0x0000000087d00000, 0x0000000087d00000, 0x0000000087e00000|  0%| F|  |TAMS 0x0000000087d00000, 0x0000000087d00000| Untracked 
|  36|0x0000000087e00000, 0x0000000087e00000, 0x0000000087f00000|  0%| F|  |TAMS 0x0000000087e00000, 0x0000000087e00000| Untracked 
|  37|0x0000000087f00000, 0x0000000087f00000, 0x0000000088000000|  0%| F|  |TAMS 0x0000000087f00000, 0x0000000087f00000| Untracked 
|  38|0x0000000088000000, 0x0000000088000000, 0x0000000088100000|  0%| F|  |TAMS 0x0000000088000000, 0x0000000088000000| Untracked 
|  39|0x0000000088100000, 0x0000000088100000, 0x0000000088200000|  0%| F|  |TAMS 0x0000000088100000, 0x0000000088100000| Untracked 
|  40|0x0000000088200000, 0x0000000088200000, 0x0000000088300000|  0%| F|  |TAMS 0x0000000088200000, 0x0000000088200000| Untracked 
|  41|0x0000000088300000, 0x0000000088300000, 0x0000000088400000|  0%| F|  |TAMS 0x0000000088300000, 0x0000000088300000| Untracked 
|  42|0x0000000088400000, 0x0000000088400000, 0x0000000088500000|  0%| F|  |TAMS 0x0000000088400000, 0x0000000088400000| Untracked 
|  43|0x0000000088500000, 0x0000000088500000, 0x0000000088600000|  0%| F|  |TAMS 0x0000000088500000, 0x0000000088500000| Untracked 
|  44|0x0000000088600000, 0x0000000088600000, 0x0000000088700000|  0%| F|  |TAMS 0x0000000088600000, 0x0000000088600000| Untracked 
|  45|0x0000000088700000, 0x0000000088700000, 0x0000000088800000|  0%| F|  |TAMS 0x0000000088700000, 0x0000000088700000| Untracked 
|  46|0x0000000088800000, 0x0000000088800000, 0x0000000088900000|  0%| F|  |TAMS 0x0000000088800000, 0x0000000088800000| Untracked 
|  47|0x0000000088900000, 0x0000000088900000, 0x0000000088a00000|  0%| F|  |TAMS 0x0000000088900000, 0x0000000088900000| Untracked 
|  48|0x0000000088a00000, 0x0000000088a00000, 0x0000000088b00000|  0%| F|  |TAMS 0x0000000088a00000, 0x0000000088a00000| Untracked 
|  49|0x0000000088b00000, 0x0000000088b00000, 0x0000000088c00000|  0%| F|  |TAMS 0x0000000088b00000, 0x0000000088b00000| Untracked 
|  50|0x0000000088c00000, 0x0000000088c00000, 0x0000000088d00000|  0%| F|  |TAMS 0x0000000088c00000, 0x0000000088c00000| Untracked 
|  51|0x0000000088d00000, 0x0000000088d00000, 0x0000000088e00000|  0%| F|  |TAMS 0x0000000088d00000, 0x0000000088d00000| Untracked 
|  52|0x0000000088e00000, 0x0000000088e00000, 0x0000000088f00000|  0%| F|  |TAMS 0x0000000088e00000, 0x0000000088e00000| Untracked 
|  53|0x0000000088f00000, 0x0000000088f00000, 0x0000000089000000|  0%| F|  |TAMS 0x0000000088f00000, 0x0000000088f00000| Untracked 
|  54|0x0000000089000000, 0x0000000089000000, 0x0000000089100000|  0%| F|  |TAMS 0x0000000089000000, 0x0000000089000000| Untracked 
|  55|0x0000000089100000, 0x0000000089100000, 0x0000000089200000|  0%| F|  |TAMS 0x0000000089100000, 0x0000000089100000| Untracked 
|  56|0x0000000089200000, 0x0000000089200000, 0x0000000089300000|  0%| F|  |TAMS 0x0000000089200000, 0x0000000089200000| Untracked 
|  57|0x0000000089300000, 0x0000000089300000, 0x0000000089400000|  0%| F|  |TAMS 0x0000000089300000, 0x0000000089300000| Untracked 
|  58|0x0000000089400000, 0x0000000089400000, 0x0000000089500000|  0%| F|  |TAMS 0x0000000089400000, 0x0000000089400000| Untracked 
|  59|0x0000000089500000, 0x0000000089500000, 0x0000000089600000|  0%| F|  |TAMS 0x0000000089500000, 0x0000000089500000| Untracked 
|  60|0x0000000089600000, 0x0000000089600000, 0x0000000089700000|  0%| F|  |TAMS 0x0000000089600000, 0x0000000089600000| Untracked 
|  61|0x0000000089700000, 0x0000000089700000, 0x0000000089800000|  0%| F|  |TAMS 0x0000000089700000, 0x0000000089700000| Untracked 
|  62|0x0000000089800000, 0x0000000089800000, 0x0000000089900000|  0%| F|  |TAMS 0x0000000089800000, 0x0000000089800000| Untracked 
|  63|0x0000000089900000, 0x0000000089900000, 0x0000000089a00000|  0%| F|  |TAMS 0x0000000089900000, 0x0000000089900000| Untracked 
|  64|0x0000000089a00000, 0x0000000089a00000, 0x0000000089b00000|  0%| F|  |TAMS 0x0000000089a00000, 0x0000000089a00000| Untracked 
|  65|0x0000000089b00000, 0x0000000089b00000, 0x0000000089c00000|  0%| F|  |TAMS 0x0000000089b00000, 0x0000000089b00000| Untracked 
|  66|0x0000000089c00000, 0x0000000089c00000, 0x0000000089d00000|  0%| F|  |TAMS 0x0000000089c00000, 0x0000000089c00000| Untracked 
|  67|0x0000000089d00000, 0x0000000089d00000, 0x0000000089e00000|  0%| F|  |TAMS 0x0000000089d00000, 0x0000000089d00000| Untracked 
|  68|0x0000000089e00000, 0x0000000089e00000, 0x0000000089f00000|  0%| F|  |TAMS 0x0000000089e00000, 0x0000000089e00000| Untracked 
|  69|0x0000000089f00000, 0x0000000089f00000, 0x000000008a000000|  0%| F|  |TAMS 0x0000000089f00000, 0x0000000089f00000| Untracked 
|  70|0x000000008a000000, 0x000000008a000000, 0x000000008a100000|  0%| F|  |TAMS 0x000000008a000000, 0x000000008a000000| Untracked 
|  71|0x000000008a100000, 0x000000008a100000, 0x000000008a200000|  0%| F|  |TAMS 0x000000008a100000, 0x000000008a100000| Untracked 
|  72|0x000000008a200000, 0x000000008a200000, 0x000000008a300000|  0%| F|  |TAMS 0x000000008a200000, 0x000000008a200000| Untracked 
|  73|0x000000008a300000, 0x000000008a300000, 0x000000008a400000|  0%| F|  |TAMS 0x000000008a300000, 0x000000008a300000| Untracked 
|  74|0x000000008a400000, 0x000000008a400000, 0x000000008a500000|  0%| F|  |TAMS 0x000000008a400000, 0x000000008a400000| Untracked 
|  75|0x000000008a500000, 0x000000008a500000, 0x000000008a600000|  0%| F|  |TAMS 0x000000008a500000, 0x000000008a500000| Untracked 
|  76|0x000000008a600000, 0x000000008a600000, 0x000000008a700000|  0%| F|  |TAMS 0x000000008a600000, 0x000000008a600000| Untracked 
|  77|0x000000008a700000, 0x000000008a700000, 0x000000008a800000|  0%| F|  |TAMS 0x000000008a700000, 0x000000008a700000| Untracked 
|  78|0x000000008a800000, 0x000000008a800000, 0x000000008a900000|  0%| F|  |TAMS 0x000000008a800000, 0x000000008a800000| Untracked 
|  79|0x000000008a900000, 0x000000008a900000, 0x000000008aa00000|  0%| F|  |TAMS 0x000000008a900000, 0x000000008a900000| Untracked 
|  80|0x000000008aa00000, 0x000000008aa00000, 0x000000008ab00000|  0%| F|  |TAMS 0x000000008aa00000, 0x000000008aa00000| Untracked 
|  81|0x000000008ab00000, 0x000000008ab00000, 0x000000008ac00000|  0%| F|  |TAMS 0x000000008ab00000, 0x000000008ab00000| Untracked 
|  82|0x000000008ac00000, 0x000000008ac00000, 0x000000008ad00000|  0%| F|  |TAMS 0x000000008ac00000, 0x000000008ac00000| Untracked 
|  83|0x000000008ad00000, 0x000000008ad00000, 0x000000008ae00000|  0%| F|  |TAMS 0x000000008ad00000, 0x000000008ad00000| Untracked 
|  84|0x000000008ae00000, 0x000000008ae00000, 0x000000008af00000|  0%| F|  |TAMS 0x000000008ae00000, 0x000000008ae00000| Untracked 
|  85|0x000000008af00000, 0x000000008af00000, 0x000000008b000000|  0%| F|  |TAMS 0x000000008af00000, 0x000000008af00000| Untracked 
|  86|0x000000008b000000, 0x000000008b000000, 0x000000008b100000|  0%| F|  |TAMS 0x000000008b000000, 0x000000008b000000| Untracked 
|  87|0x000000008b100000, 0x000000008b100000, 0x000000008b200000|  0%| F|  |TAMS 0x000000008b100000, 0x000000008b100000| Untracked 
|  88|0x000000008b200000, 0x000000008b200000, 0x000000008b300000|  0%| F|  |TAMS 0x000000008b200000, 0x000000008b200000| Untracked 
|  89|0x000000008b300000, 0x000000008b300000, 0x000000008b400000|  0%| F|  |TAMS 0x000000008b300000, 0x000000008b300000| Untracked 
|  90|0x000000008b400000, 0x000000008b400000, 0x000000008b500000|  0%| F|  |TAMS 0x000000008b400000, 0x000000008b400000| Untracked 
|  91|0x000000008b500000, 0x000000008b500000, 0x000000008b600000|  0%| F|  |TAMS 0x000000008b500000, 0x000000008b500000| Untracked 
|  92|0x000000008b600000, 0x000000008b600000, 0x000000008b700000|  0%| F|  |TAMS 0x000000008b600000, 0x000000008b600000| Untracked 
|  93|0x000000008b700000, 0x000000008b700000, 0x000000008b800000|  0%| F|  |TAMS 0x000000008b700000, 0x000000008b700000| Untracked 
|  94|0x000000008b800000, 0x000000008b800000, 0x000000008b900000|  0%| F|  |TAMS 0x000000008b800000, 0x000000008b800000| Untracked 
|  95|0x000000008b900000, 0x000000008b900000, 0x000000008ba00000|  0%| F|  |TAMS 0x000000008b900000, 0x000000008b900000| Untracked 
|  96|0x000000008ba00000, 0x000000008ba00000, 0x000000008bb00000|  0%| F|  |TAMS 0x000000008ba00000, 0x000000008ba00000| Untracked 
|  97|0x000000008bb00000, 0x000000008bb00000, 0x000000008bc00000|  0%| F|  |TAMS 0x000000008bb00000, 0x000000008bb00000| Untracked 
|  98|0x000000008bc00000, 0x000000008bc00000, 0x000000008bd00000|  0%| F|  |TAMS 0x000000008bc00000, 0x000000008bc00000| Untracked 
|  99|0x000000008bd00000, 0x000000008bd00000, 0x000000008be00000|  0%| F|  |TAMS 0x000000008bd00000, 0x000000008bd00000| Untracked 
| 100|0x000000008be00000, 0x000000008be00000, 0x000000008bf00000|  0%| F|  |TAMS 0x000000008be00000, 0x000000008be00000| Untracked 
| 101|0x000000008bf00000, 0x000000008bf00000, 0x000000008c000000|  0%| F|  |TAMS 0x000000008bf00000, 0x000000008bf00000| Untracked 
| 102|0x000000008c000000, 0x000000008c000000, 0x000000008c100000|  0%| F|  |TAMS 0x000000008c000000, 0x000000008c000000| Untracked 
| 103|0x000000008c100000, 0x000000008c100000, 0x000000008c200000|  0%| F|  |TAMS 0x000000008c100000, 0x000000008c100000| Untracked 
| 104|0x000000008c200000, 0x000000008c200000, 0x000000008c300000|  0%| F|  |TAMS 0x000000008c200000, 0x000000008c200000| Untracked 
| 105|0x000000008c300000, 0x000000008c300000, 0x000000008c400000|  0%| F|  |TAMS 0x000000008c300000, 0x000000008c300000| Untracked 
| 106|0x000000008c400000, 0x000000008c400000, 0x000000008c500000|  0%| F|  |TAMS 0x000000008c400000, 0x000000008c400000| Untracked 
| 107|0x000000008c500000, 0x000000008c500000, 0x000000008c600000|  0%| F|  |TAMS 0x000000008c500000, 0x000000008c500000| Untracked 
| 108|0x000000008c600000, 0x000000008c600000, 0x000000008c700000|  0%| F|  |TAMS 0x000000008c600000, 0x000000008c600000| Untracked 
| 109|0x000000008c700000, 0x000000008c7d0f10, 0x000000008c800000| 81%| S|CS|TAMS 0x000000008c700000, 0x000000008c700000| Complete 
| 110|0x000000008c800000, 0x000000008c800000, 0x000000008c900000|  0%| F|  |TAMS 0x000000008c800000, 0x000000008c800000| Untracked 
| 111|0x000000008c900000, 0x000000008c900000, 0x000000008ca00000|  0%| F|  |TAMS 0x000000008c900000, 0x000000008c900000| Untracked 
| 112|0x000000008ca00000, 0x000000008ca00000, 0x000000008cb00000|  0%| F|  |TAMS 0x000000008ca00000, 0x000000008ca00000| Untracked 
| 113|0x000000008cb00000, 0x000000008cb00000, 0x000000008cc00000|  0%| F|  |TAMS 0x000000008cb00000, 0x000000008cb00000| Untracked 
| 114|0x000000008cc00000, 0x000000008cc00000, 0x000000008cd00000|  0%| F|  |TAMS 0x000000008cc00000, 0x000000008cc00000| Untracked 
| 115|0x000000008cd00000, 0x000000008cd00000, 0x000000008ce00000|  0%| F|  |TAMS 0x000000008cd00000, 0x000000008cd00000| Untracked 
| 116|0x000000008ce00000, 0x000000008ce00000, 0x000000008cf00000|  0%| F|  |TAMS 0x000000008ce00000, 0x000000008ce00000| Untracked 
| 117|0x000000008cf00000, 0x000000008cf00000, 0x000000008d000000|  0%| F|  |TAMS 0x000000008cf00000, 0x000000008cf00000| Untracked 
| 118|0x000000008d000000, 0x000000008d000000, 0x000000008d100000|  0%| F|  |TAMS 0x000000008d000000, 0x000000008d000000| Untracked 
| 119|0x000000008d100000, 0x000000008d100000, 0x000000008d200000|  0%| F|  |TAMS 0x000000008d100000, 0x000000008d100000| Untracked 
| 120|0x000000008d200000, 0x000000008d300000, 0x000000008d300000|100%| E|  |TAMS 0x000000008d200000, 0x000000008d200000| Complete 
| 121|0x000000008d300000, 0x000000008d400000, 0x000000008d400000|100%| E|CS|TAMS 0x000000008d300000, 0x000000008d300000| Complete 
| 122|0x000000008d400000, 0x000000008d500000, 0x000000008d500000|100%| E|CS|TAMS 0x000000008d400000, 0x000000008d400000| Complete 
| 123|0x000000008d500000, 0x000000008d600000, 0x000000008d600000|100%| E|CS|TAMS 0x000000008d500000, 0x000000008d500000| Complete 
|1956|0x00000000ffe00000, 0x00000000ffe47000, 0x00000000fff00000| 27%|OA|  |TAMS 0x00000000ffe00000, 0x00000000ffe00000| Untracked 
|1957|0x00000000fff00000, 0x00000000fff6b000, 0x0000000100000000| 41%|CA|  |TAMS 0x00000000fff00000, 0x00000000fff00000| Untracked 

Card table byte_map: [0x00007f7305add000,0x00007f7305eb0000] _byte_map_base: 0x00007f73056b0000

Marking Bits (Prev, Next): (CMBitMap*) 0x00007f7300056388, (CMBitMap*) 0x00007f73000563c0
 Prev Bits: [0x00007f72e2168000, 0x00007f72e4000000)
 Next Bits: [0x00007f72e02d0000, 0x00007f72e2168000)

Polling page: 0x00007f730830c000

Metaspace:

Usage:
  Non-class:      5.05 MB capacity,     1.73 MB ( 34%) used,     3.31 MB ( 66%) free+waste,    15.31 KB ( <1%) overhead. 
      Class:    554.00 KB capacity,   151.25 KB ( 27%) used,   394.38 KB ( 71%) free+waste,     8.38 KB (  2%) overhead. 
       Both:      5.59 MB capacity,     1.87 MB ( 34%) used,     3.69 MB ( 66%) free+waste,    23.69 KB ( <1%) overhead. 

Virtual space:
  Non-class space:        8.00 MB reserved,       5.25 MB ( 66%) committed 
      Class space:        1.00 GB reserved,     640.00 KB ( <1%) committed 
             Both:        1.01 GB reserved,       5.88 MB ( <1%) committed 

Chunk freelists:
   Non-Class:  37.00 KB
       Class:  0 bytes
        Both:  37.00 KB

MaxMetaspaceSize: unlimited
CompressedClassSpaceSize: 1.00 GB
Initial GC threshold: 20.80 MB
Current GC threshold: 20.80 MB
CDS: on

CodeHeap 'non-profiled nmethods': size=120032Kb used=135Kb max_used=135Kb free=119896Kb
 bounds [0x00007f72f02e6000, 0x00007f72f0556000, 0x00007f72f781e000]
CodeHeap 'profiled nmethods': size=120032Kb used=710Kb max_used=710Kb free=119321Kb
 bounds [0x00007f72e8dae000, 0x00007f72e901e000, 0x00007f72f02e6000]
CodeHeap 'non-nmethods': size=5696Kb used=1136Kb max_used=1151Kb free=4559Kb
 bounds [0x00007f72e881e000, 0x00007f72e8a8e000, 0x00007f72e8dae000]
 total_blobs=860 nmethods=465 adapters=309
 compilation: enabled
              stopped_count=0, restarted_count=0
 full_count=0

Compilation events (20 events):
Event: 67.283 Thread 0x00007f730011c800  456       3       java.nio.CharBuffer::position (6 bytes)
Event: 67.284 Thread 0x00007f730011c800 nmethod 456 0x00007f72e8e5a890 code [0x00007f72e8e5aa60, 0x00007f72e8e5ac20]
Event: 67.284 Thread 0x00007f730011c800  457       3       java.nio.ByteBuffer::array (35 bytes)
Event: 67.284 Thread 0x00007f730011c800 nmethod 457 0x00007f72e8e5ad10 code [0x00007f72e8e5aee0, 0x00007f72e8e5b150]
Event: 67.286 Thread 0x00007f730011c800  458       3       java.lang.String::valueOf (14 bytes)
Event: 67.286 Thread 0x00007f730011c800 nmethod 458 0x00007f72e8e5b290 code [0x00007f72e8e5b460, 0x00007f72e8e5b660]
Event: 67.286 Thread 0x00007f730011c800  459       3       java.io.BufferedWriter::ensureOpen (18 bytes)
Event: 67.287 Thread 0x00007f730011c800 nmethod 459 0x00007f72e8e5b710 code [0x00007f72e8e5b8e0, 0x00007f72e8e5bb20]
Event: 67.287 Thread 0x00007f730011c800  461       3       java.io.PrintStream::ensureOpen (18 bytes)
Event: 67.287 Thread 0x00007f730011c800 nmethod 461 0x00007f72e8e5bc10 code [0x00007f72e8e5bde0, 0x00007f72e8e5c020]
Event: 67.287 Thread 0x00007f730011c800  460       3       java.nio.Buffer::<init> (99 bytes)
Event: 67.288 Thread 0x00007f730011c800 nmethod 460 0x00007f72e8e5c110 code [0x00007f72e8e5c400, 0x00007f72e8e5d190]
Event: 67.327 Thread 0x00007f730011c800  462       3       java.lang.invoke.DirectMethodHandle$Holder::invokeStatic (20 bytes)
Event: 67.328 Thread 0x00007f730011c800 nmethod 462 0x00007f72e8e5d610 code [0x00007f72e8e5d7e0, 0x00007f72e8e5dd30]
Event: 67.328 Thread 0x00007f730011c800  464       3       java.io.OutputStream::flush (1 bytes)
Event: 67.329 Thread 0x00007f730011c800 nmethod 464 0x00007f72e8e5de90 code [0x00007f72e8e5e040, 0x00007f72e8e5e150]
Event: 67.329 Thread 0x00007f730011c800  463       3       java.lang.StringConcatHelper::prepend (16 bytes)
Event: 67.329 Thread 0x00007f730011c800 nmethod 463 0x00007f72e8e5e210 code [0x00007f72e8e5e3e0, 0x00007f72e8e5e600]
Event: 67.330 Thread 0x00007f730011c800  465       3       java.lang.String::checkBoundsOffCount (61 bytes)
Event: 67.331 Thread 0x00007f730011c800 nmethod 465 0x00007f72e8e5e790 code [0x00007f72e8e5ea60, 0x00007f72e8e5f590]

GC Heap History (2 events):
Event: 67.311 GC heap before
{Heap before GC invocations=0 (full 0):
 garbage-first heap   total 129024K, used 15048K [0x0000000085a00000, 0x0000000100000000)
  region size 1024K, 14 young (14336K), 0 survivors (0K)
 Metaspace       used 1911K, capacity 5725K, committed 6016K, reserved 1056768K
  class space    used 151K, capacity 554K, committed 640K, reserved 1048576K
}
Event: 67.327 GC heap after
{Heap after GC invocations=1 (full 0):
 garbage-first heap   total 129024K, used 1547K [0x0000000085a00000, 0x0000000100000000)
  region size 1024K, 1 young (1024K), 1 survivors (1024K)
 Metaspace       used 1911K, capacity 5725K, committed 6016K, reserved 1056768K
  class space    used 151K, capacity 554K, committed 640K, reserved 1048576K
}

Deoptimization events (4 events):
Event: 0.155 Thread 0x00007f7300016000 Uncommon trap: trap_request=0xffffff4d fr.pc=0x00007f72f02ee79c relative=0x000000000000007c
Event: 0.155 Thread 0x00007f7300016000 Uncommon trap: reason=unstable_if action=reinterpret pc=0x00007f72f02ee79c method=java.lang.String.isLatin1()Z @ 10 c2
Event: 0.155 Thread 0x00007f7300016000 DEOPT PACKING pc=0x00007f72f02ee79c sp=0x00007f7306ac9220
Event: 0.155 Thread 0x00007f7300016000 DEOPT UNPACKING pc=0x00007f72e8867ea5 sp=0x00007f7306ac9180 mode 2

Classes redefined (0 events):
No events

Internal exceptions (1 events):
Event: 0.171 Thread 0x00007f7300016000 Exception <a 'java/lang/NoSuchMethodError'{0x000000008d06b770}: 'int java.lang.invoke.DirectMethodHandle$Holder.invokeSpecialIFC(java.lang.Object, java.lang.Object, int)'> (0x000000008d06b770) thrown at [src/hotspot/share/interpreter/linkResolver.cpp, line 772]

Events (20 events):
Event: 67.329 Executing VM operation: RevokeBias
Event: 67.329 Protecting memory [0x00007f72a6c94000,0x00007f72a6c98000] with protection modes 0
Event: 67.329 Executing VM operation: RevokeBias done
Event: 67.329 Thread 0x00007f729c02c000 Thread added: 0x00007f729c02c000
Event: 67.329 Thread 0x00007f729c02c000 Thread exited: 0x00007f729c02c000
Event: 67.329 Protecting memory [0x00007f72a6c94000,0x00007f72a6c98000] with protection modes 0
Event: 67.329 Thread 0x00007f729c02c000 Thread added: 0x00007f729c02c000
Event: 67.329 Thread 0x00007f729c02c000 Thread exited: 0x00007f729c02c000
Event: 67.329 Protecting memory [0x00007f72a6c94000,0x00007f72a6c98000] with protection modes 0
Event: 67.329 Thread 0x00007f729c017000 Thread added: 0x00007f729c017000
Event: 67.329 Thread 0x00007f729c017000 Thread exited: 0x00007f729c017000
Event: 67.329 Protecting memory [0x00007f72a6c94000,0x00007f72a6c98000] with protection modes 0
Event: 67.329 Thread 0x00007f729c017000 Thread added: 0x00007f729c017000
Event: 67.329 Thread 0x00007f729c017000 Thread exited: 0x00007f729c017000
Event: 67.329 Protecting memory [0x00007f72a6c94000,0x00007f72a6c98000] with protection modes 0
Event: 67.329 Thread 0x00007f729c015800 Thread added: 0x00007f729c015800
Event: 67.330 Thread 0x00007f729c015800 Thread exited: 0x00007f729c015800
Event: 67.330 Protecting memory [0x00007f72a6c94000,0x00007f72a6c98000] with protection modes 0
Event: 67.330 Thread 0x00007f729c015800 Thread added: 0x00007f729c015800
Event: 67.330 Thread 0x00007f729c015800 Thread exited: 0x00007f729c015800


Dynamic libraries:
85a00000-8d600000 rw-p 00000000 00:00 0 
8d600000-ffe00000 ---p 00000000 00:00 0 
ffe00000-ffe47000 rw-p 01119000 08:02 1441990                            /usr/lib/jvm/java-11-openjdk-amd64/lib/server/classes.jsa
ffe47000-fff00000 rw-p 00000000 00:00 0 
fff00000-fff6b000 rw-p 010ae000 08:02 1441990                            /usr/lib/jvm/java-11-openjdk-amd64/lib/server/classes.jsa
fff6b000-100000000 rw-p 00000000 00:00 0 
800000000-800002000 rwxp 00001000 08:02 1441990                          /usr/lib/jvm/java-11-openjdk-amd64/lib/server/classes.jsa
800002000-8003cb000 rw-p 00003000 08:02 1441990                          /usr/lib/jvm/java-11-openjdk-amd64/lib/server/classes.jsa
8003cb000-800a9a000 r--p 003cc000 08:02 1441990                          /usr/lib/jvm/java-11-openjdk-amd64/lib/server/classes.jsa
800a9a000-800a9b000 rw-p 00a9b000 08:02 1441990                          /usr/lib/jvm/java-11-openjdk-amd64/lib/server/classes.jsa
800a9b000-8010ad000 r--p 00a9c000 08:02 1441990                          /usr/lib/jvm/java-11-openjdk-amd64/lib/server/classes.jsa
840000000-8400a0000 rw-p 00000000 00:00 0 
8400a0000-880000000 ---p 00000000 00:00 0 
55657a79d000-55657a79e000 r--p 00000000 08:02 1445569                    /usr/lib/jvm/java-11-openjdk-amd64/bin/java
55657a79e000-55657a79f000 r-xp 00001000 08:02 1445569                    /usr/lib/jvm/java-11-openjdk-amd64/bin/java
55657a79f000-55657a7a0000 r--p 00002000 08:02 1445569                    /usr/lib/jvm/java-11-openjdk-amd64/bin/java
55657a7a0000-55657a7a1000 r--p 00002000 08:02 1445569                    /usr/lib/jvm/java-11-openjdk-amd64/bin/java
55657a7a1000-55657a7a2000 rw-p 00003000 08:02 1445569                    /usr/lib/jvm/java-11-openjdk-amd64/bin/java
55657b47b000-55657b49c000 rw-p 00000000 00:00 0                          [heap]
7f725c000000-7f725c021000 rw-p 00000000 00:00 0 
7f725c021000-7f7260000000 ---p 00000000 00:00 0 
7f7264000000-7f7264021000 rw-p 00000000 00:00 0 
7f7264021000-7f7268000000 ---p 00000000 00:00 0 
7f7268000000-7f7268021000 rw-p 00000000 00:00 0 
7f7268021000-7f726c000000 ---p 00000000 00:00 0 
7f726c000000-7f726c021000 rw-p 00000000 00:00 0 
7f726c021000-7f7270000000 ---p 00000000 00:00 0 
7f7270000000-7f7270021000 rw-p 00000000 00:00 0 
7f7270021000-7f7274000000 ---p 00000000 00:00 0 
7f7274000000-7f7278000000 rw-s 00000000 00:01 9655                       /memfd:pulseaudio (deleted)
7f7278000000-7f727c000000 rw-s 00000000 00:01 2053                       /memfd:pulseaudio (deleted)
7f727c000000-7f7280000000 rw-s 00000000 00:01 8662                       /memfd:pulseaudio (deleted)
7f7280000000-7f7280021000 rw-p 00000000 00:00 0 
7f7280021000-7f7284000000 ---p 00000000 00:00 0 
7f7284000000-7f7288000000 rw-s 00000000 00:01 8662                       /memfd:pulseaudio (deleted)
7f7288000000-7f728c000000 rw-s 00000000 00:01 10708                      /memfd:pulseaudio (deleted)
7f728c000000-7f7290000000 rw-s 00000000 00:01 2053                       /memfd:pulseaudio (deleted)
7f7290000000-7f7290021000 rw-p 00000000 00:00 0 
7f7290021000-7f7294000000 ---p 00000000 00:00 0 
7f7294000000-7f7298000000 rw-s 00000000 00:01 9654                       /memfd:pulseaudio (deleted)
7f7298000000-7f729c000000 rw-s 00000000 00:01 9654                       /memfd:pulseaudio (deleted)
7f729c000000-7f729c032000 rw-p 00000000 00:00 0 
7f729c032000-7f72a0000000 ---p 00000000 00:00 0 
7f72a0000000-7f72a0021000 rw-p 00000000 00:00 0 
7f72a0021000-7f72a4000000 ---p 00000000 00:00 0 
7f72a4a8a000-7f72a4a8b000 ---p 00000000 00:00 0 
7f72a4a8b000-7f72a4b8c000 rw-p 00000000 00:00 0 
7f72a4b8c000-7f72a4b8d000 ---p 00000000 00:00 0 
7f72a4b8d000-7f72a4c8e000 rw-p 00000000 00:00 0 
7f72a4c8e000-7f72a4c8f000 ---p 00000000 00:00 0 
7f72a4c8f000-7f72a548f000 rw-p 00000000 00:00 0 
7f72a548f000-7f72a5490000 ---p 00000000 00:00 0 
7f72a5490000-7f72a5c90000 rw-p 00000000 00:00 0 
7f72a5c90000-7f72a5c91000 ---p 00000000 00:00 0 
7f72a5c91000-7f72a6491000 rw-p 00000000 00:00 0 
7f72a6491000-7f72a6492000 ---p 00000000 00:00 0 
7f72a6492000-7f72a6c92000 rw-p 00000000 00:00 0 
7f72a6c92000-7f72a6c93000 ---p 00000000 00:00 0 
7f72a6c93000-7f72a6c94000 rw-p 00000000 00:00 0 
7f72a6c94000-7f72a6c98000 ---p 00000000 00:00 0 
7f72a6c98000-7f72a7493000 rw-p 00000000 00:00 0 
7f72a7493000-7f72a7494000 ---p 00000000 00:00 0 
7f72a7494000-7f72a7c94000 rw-p 00000000 00:00 0 
7f72a7c94000-7f72a7dff000 r-xp 00000000 08:02 1450125                    /usr/lib/x86_64-linux-gnu/libsamplerate.so.0.1.8
7f72a7dff000-7f72a7ffe000 ---p 0016b000 08:02 1450125                    /usr/lib/x86_64-linux-gnu/libsamplerate.so.0.1.8
7f72a7ffe000-7f72a7fff000 r--p 0016a000 08:02 1450125                    /usr/lib/x86_64-linux-gnu/libsamplerate.so.0.1.8
7f72a7fff000-7f72a8000000 rw-p 0016b000 08:02 1450125                    /usr/lib/x86_64-linux-gnu/libsamplerate.so.0.1.8
7f72a8000000-7f72a8021000 rw-p 00000000 00:00 0 
7f72a8021000-7f72ac000000 ---p 00000000 00:00 0 
7f72ac000000-7f72ac021000 rw-p 00000000 00:00 0 
7f72ac021000-7f72b0000000 ---p 00000000 00:00 0 
7f72b0000000-7f72b02ba000 rw-p 00000000 00:00 0 
7f72b02ba000-7f72b4000000 ---p 00000000 00:00 0 
7f72b4000000-7f72b4140000 rw-p 00000000 00:00 0 
7f72b4140000-7f72b8000000 ---p 00000000 00:00 0 
7f72b8000000-7f72b8021000 rw-p 00000000 00:00 0 
7f72b8021000-7f72bc000000 ---p 00000000 00:00 0 
7f72bc000000-7f72bc021000 rw-p 00000000 00:00 0 
7f72bc021000-7f72c0000000 ---p 00000000 00:00 0 
7f72c0000000-7f72c0021000 rw-p 00000000 00:00 0 
7f72c0021000-7f72c4000000 ---p 00000000 00:00 0 
7f72c4000000-7f72c4021000 rw-p 00000000 00:00 0 
7f72c4021000-7f72c8000000 ---p 00000000 00:00 0 
7f72c8000000-7f72c8021000 rw-p 00000000 00:00 0 
7f72c8021000-7f72cc000000 ---p 00000000 00:00 0 
7f72cc000000-7f72cc021000 rw-p 00000000 00:00 0 
7f72cc021000-7f72d0000000 ---p 00000000 00:00 0 
7f72d0000000-7f72d0021000 rw-p 00000000 00:00 0 
7f72d0021000-7f72d4000000 ---p 00000000 00:00 0 
7f72d4000000-7f72d4021000 rw-p 00000000 00:00 0 
7f72d4021000-7f72d8000000 ---p 00000000 00:00 0 
7f72d807f000-7f72d8080000 ---p 00000000 00:00 0 
7f72d8080000-7f72d8181000 rw-p 00000000 00:00 0 
7f72d8181000-7f72d81a1000 r--p 00000000 08:02 1449217                    /usr/lib/x86_64-linux-gnu/libdb-5.3.so
7f72d81a1000-7f72d82e3000 r-xp 00020000 08:02 1449217                    /usr/lib/x86_64-linux-gnu/libdb-5.3.so
7f72d82e3000-7f72d8328000 r--p 00162000 08:02 1449217                    /usr/lib/x86_64-linux-gnu/libdb-5.3.so
7f72d8328000-7f72d832f000 r--p 001a6000 08:02 1449217                    /usr/lib/x86_64-linux-gnu/libdb-5.3.so
7f72d832f000-7f72d8330000 rw-p 001ad000 08:02 1449217                    /usr/lib/x86_64-linux-gnu/libdb-5.3.so
7f72d8330000-7f72d8336000 r--p 00000000 08:02 1442494                    /usr/lib/x86_64-linux-gnu/libjack.so.0.0.28
7f72d8336000-7f72d8342000 r-xp 00006000 08:02 1442494                    /usr/lib/x86_64-linux-gnu/libjack.so.0.0.28
7f72d8342000-7f72d8347000 r--p 00012000 08:02 1442494                    /usr/lib/x86_64-linux-gnu/libjack.so.0.0.28
7f72d8347000-7f72d8348000 r--p 00016000 08:02 1442494                    /usr/lib/x86_64-linux-gnu/libjack.so.0.0.28
7f72d8348000-7f72d8349000 rw-p 00017000 08:02 1442494                    /usr/lib/x86_64-linux-gnu/libjack.so.0.0.28
7f72d8349000-7f72d8353000 rw-p 00000000 00:00 0 
7f72d835e000-7f72d8360000 r--p 00000000 08:02 2097964                    /usr/lib/x86_64-linux-gnu/alsa-lib/libasound_module_ctl_pulse.so
7f72d8360000-7f72d8363000 r-xp 00002000 08:02 2097964                    /usr/lib/x86_64-linux-gnu/alsa-lib/libasound_module_ctl_pulse.so
7f72d8363000-7f72d8364000 r--p 00005000 08:02 2097964                    /usr/lib/x86_64-linux-gnu/alsa-lib/libasound_module_ctl_pulse.so
7f72d8364000-7f72d8365000 r--p 00005000 08:02 2097964                    /usr/lib/x86_64-linux-gnu/alsa-lib/libasound_module_ctl_pulse.so
7f72d8365000-7f72d8366000 rw-p 00006000 08:02 2097964                    /usr/lib/x86_64-linux-gnu/alsa-lib/libasound_module_ctl_pulse.so
7f72d8366000-7f72d8367000 r--p 00000000 08:02 2097968                    /usr/lib/x86_64-linux-gnu/alsa-lib/libasound_module_pcm_upmix.so
7f72d8367000-7f72d8369000 r-xp 00001000 08:02 2097968                    /usr/lib/x86_64-linux-gnu/alsa-lib/libasound_module_pcm_upmix.so
7f72d8369000-7f72d836a000 r--p 00003000 08:02 2097968                    /usr/lib/x86_64-linux-gnu/alsa-lib/libasound_module_pcm_upmix.so
7f72d836a000-7f72d836b000 r--p 00003000 08:02 2097968                    /usr/lib/x86_64-linux-gnu/alsa-lib/libasound_module_pcm_upmix.so
7f72d836b000-7f72d836c000 rw-p 00004000 08:02 2097968                    /usr/lib/x86_64-linux-gnu/alsa-lib/libasound_module_pcm_upmix.so
7f72d836c000-7f72d836d000 r--p 00000000 08:02 2097966                    /usr/lib/x86_64-linux-gnu/alsa-lib/libasound_module_pcm_oss.so
7f72d836d000-7f72d836f000 r-xp 00001000 08:02 2097966                    /usr/lib/x86_64-linux-gnu/alsa-lib/libasound_module_pcm_oss.so
7f72d836f000-7f72d8370000 r--p 00003000 08:02 2097966                    /usr/lib/x86_64-linux-gnu/alsa-lib/libasound_module_pcm_oss.so
7f72d8370000-7f72d8371000 r--p 00003000 08:02 2097966                    /usr/lib/x86_64-linux-gnu/alsa-lib/libasound_module_pcm_oss.so
7f72d8371000-7f72d8372000 rw-p 00004000 08:02 2097966                    /usr/lib/x86_64-linux-gnu/alsa-lib/libasound_module_pcm_oss.so
7f72d8372000-7f72d8374000 r--p 00000000 08:02 2097965                    /usr/lib/x86_64-linux-gnu/alsa-lib/libasound_module_pcm_jack.so
7f72d8374000-7f72d8376000 r-xp 00002000 08:02 2097965                    /usr/lib/x86_64-linux-gnu/alsa-lib/libasound_module_pcm_jack.so
7f72d8376000-7f72d8377000 r--p 00004000 08:02 2097965                    /usr/lib/x86_64-linux-gnu/alsa-lib/libasound_module_pcm_jack.so
7f72d8377000-7f72d8378000 r--p 00004000 08:02 2097965                    /usr/lib/x86_64-linux-gnu/alsa-lib/libasound_module_pcm_jack.so
7f72d8378000-7f72d8379000 rw-p 00005000 08:02 2097965                    /usr/lib/x86_64-linux-gnu/alsa-lib/libasound_module_pcm_jack.so
7f72d8379000-7f72d837a000 ---p 00000000 00:00 0 
7f72d837a000-7f72d8b7a000 rw-p 00000000 00:00 0 
7f72d8b7a000-7f72d8b7e000 r--p 00000000 08:02 1449497                    /usr/lib/x86_64-linux-gnu/libgpg-error.so.0.28.0
7f72d8b7e000-7f72d8b91000 r-xp 00004000 08:02 1449497                    /usr/lib/x86_64-linux-gnu/libgpg-error.so.0.28.0
7f72d8b91000-7f72d8b9b000 r--p 00017000 08:02 1449497                    /usr/lib/x86_64-linux-gnu/libgpg-error.so.0.28.0
7f72d8b9b000-7f72d8b9c000 r--p 00020000 08:02 1449497                    /usr/lib/x86_64-linux-gnu/libgpg-error.so.0.28.0
7f72d8b9c000-7f72d8b9d000 rw-p 00021000 08:02 1449497                    /usr/lib/x86_64-linux-gnu/libgpg-error.so.0.28.0
7f72d8b9d000-7f72d8ba1000 r--p 00000000 08:02 1449109                    /usr/lib/x86_64-linux-gnu/libbsd.so.0.10.0
7f72d8ba1000-7f72d8bb0000 r-xp 00004000 08:02 1449109                    /usr/lib/x86_64-linux-gnu/libbsd.so.0.10.0
7f72d8bb0000-7f72d8bb3000 r--p 00013000 08:02 1449109                    /usr/lib/x86_64-linux-gnu/libbsd.so.0.10.0
7f72d8bb3000-7f72d8bb4000 ---p 00016000 08:02 1449109                    /usr/lib/x86_64-linux-gnu/libbsd.so.0.10.0
7f72d8bb4000-7f72d8bb5000 r--p 00016000 08:02 1449109                    /usr/lib/x86_64-linux-gnu/libbsd.so.0.10.0
7f72d8bb5000-7f72d8bb6000 rw-p 00017000 08:02 1449109                    /usr/lib/x86_64-linux-gnu/libbsd.so.0.10.0
7f72d8bb6000-7f72d8bb7000 rw-p 00000000 00:00 0 
7f72d8bb7000-7f72d8bbb000 r--p 00000000 08:02 1445806                    /usr/lib/x86_64-linux-gnu/libresolv-2.31.so
7f72d8bbb000-7f72d8bcb000 r-xp 00004000 08:02 1445806                    /usr/lib/x86_64-linux-gnu/libresolv-2.31.so
7f72d8bcb000-7f72d8bcf000 r--p 00014000 08:02 1445806                    /usr/lib/x86_64-linux-gnu/libresolv-2.31.so
7f72d8bcf000-7f72d8bd0000 r--p 00017000 08:02 1445806                    /usr/lib/x86_64-linux-gnu/libresolv-2.31.so
7f72d8bd0000-7f72d8bd1000 rw-p 00018000 08:02 1445806                    /usr/lib/x86_64-linux-gnu/libresolv-2.31.so
7f72d8bd1000-7f72d8bd3000 rw-p 00000000 00:00 0 
7f72d8bd3000-7f72d8be7000 r--p 00000000 08:02 1450341                    /usr/lib/x86_64-linux-gnu/libvorbisenc.so.2.0.11
7f72d8be7000-7f72d8bea000 r-xp 00014000 08:02 1450341                    /usr/lib/x86_64-linux-gnu/libvorbisenc.so.2.0.11
7f72d8bea000-7f72d8c61000 r--p 00017000 08:02 1450341                    /usr/lib/x86_64-linux-gnu/libvorbisenc.so.2.0.11
7f72d8c61000-7f72d8c7d000 r--p 0008d000 08:02 1450341                    /usr/lib/x86_64-linux-gnu/libvorbisenc.so.2.0.11
7f72d8c7d000-7f72d8c7e000 rw-p 000a9000 08:02 1450341                    /usr/lib/x86_64-linux-gnu/libvorbisenc.so.2.0.11
7f72d8c7e000-7f72d8c81000 r--p 00000000 08:02 1450339                    /usr/lib/x86_64-linux-gnu/libvorbis.so.0.4.8
7f72d8c81000-7f72d8c98000 r-xp 00003000 08:02 1450339                    /usr/lib/x86_64-linux-gnu/libvorbis.so.0.4.8
7f72d8c98000-7f72d8ca9000 r--p 0001a000 08:02 1450339                    /usr/lib/x86_64-linux-gnu/libvorbis.so.0.4.8
7f72d8ca9000-7f72d8caa000 ---p 0002b000 08:02 1450339                    /usr/lib/x86_64-linux-gnu/libvorbis.so.0.4.8
7f72d8caa000-7f72d8cab000 r--p 0002b000 08:02 1450339                    /usr/lib/x86_64-linux-gnu/libvorbis.so.0.4.8
7f72d8cab000-7f72d8cac000 rw-p 0002c000 08:02 1450339                    /usr/lib/x86_64-linux-gnu/libvorbis.so.0.4.8
7f72d8cac000-7f72d8cae000 r--p 00000000 08:02 1449917                    /usr/lib/x86_64-linux-gnu/libogg.so.0.8.4
7f72d8cae000-7f72d8cb3000 r-xp 00002000 08:02 1449917                    /usr/lib/x86_64-linux-gnu/libogg.so.0.8.4
7f72d8cb3000-7f72d8cb6000 r--p 00007000 08:02 1449917                    /usr/lib/x86_64-linux-gnu/libogg.so.0.8.4
7f72d8cb6000-7f72d8cb7000 ---p 0000a000 08:02 1449917                    /usr/lib/x86_64-linux-gnu/libogg.so.0.8.4
7f72d8cb7000-7f72d8cb8000 r--p 0000a000 08:02 1449917                    /usr/lib/x86_64-linux-gnu/libogg.so.0.8.4
7f72d8cb8000-7f72d8cb9000 rw-p 0000b000 08:02 1449917                    /usr/lib/x86_64-linux-gnu/libogg.so.0.8.4
7f72d8cb9000-7f72d8cc1000 r--p 00000000 08:02 1448904                    /usr/lib/x86_64-linux-gnu/libFLAC.so.8.3.0
7f72d8cc1000-7f72d8cea000 r-xp 00008000 08:02 1448904                    /usr/lib/x86_64-linux-gnu/libFLAC.so.8.3.0
7f72d8cea000-7f72d8cf4000 r--p 00031000 08:02 1448904                    /usr/lib/x86_64-linux-gnu/libFLAC.so.8.3.0
7f72d8cf4000-7f72d8cf5000 ---p 0003b000 08:02 1448904                    /usr/lib/x86_64-linux-gnu/libFLAC.so.8.3.0
7f72d8cf5000-7f72d8cf6000 r--p 0003b000 08:02 1448904                    /usr/lib/x86_64-linux-gnu/libFLAC.so.8.3.0
7f72d8cf6000-7f72d8cf7000 rw-p 0003c000 08:02 1448904                    /usr/lib/x86_64-linux-gnu/libFLAC.so.8.3.0
7f72d8cf7000-7f72d8cfb000 r--p 00000000 08:02 1445797                    /usr/lib/x86_64-linux-gnu/libnsl-2.31.so
7f72d8cfb000-7f72d8d0b000 r-xp 00004000 08:02 1445797                    /usr/lib/x86_64-linux-gnu/libnsl-2.31.so
7f72d8d0b000-7f72d8d10000 r--p 00014000 08:02 1445797                    /usr/lib/x86_64-linux-gnu/libnsl-2.31.so
7f72d8d10000-7f72d8d11000 r--p 00018000 08:02 1445797                    /usr/lib/x86_64-linux-gnu/libnsl-2.31.so
7f72d8d11000-7f72d8d12000 rw-p 00019000 08:02 1445797                    /usr/lib/x86_64-linux-gnu/libnsl-2.31.so
7f72d8d12000-7f72d8d14000 rw-p 00000000 00:00 0 
7f72d8d14000-7f72d8d20000 r--p 00000000 08:02 1447651                    /usr/lib/x86_64-linux-gnu/libgcrypt.so.20.2.5
7f72d8d20000-7f72d8dee000 r-xp 0000c000 08:02 1447651                    /usr/lib/x86_64-linux-gnu/libgcrypt.so.20.2.5
7f72d8dee000-7f72d8e2b000 r--p 000da000 08:02 1447651                    /usr/lib/x86_64-linux-gnu/libgcrypt.so.20.2.5
7f72d8e2b000-7f72d8e2d000 r--p 00116000 08:02 1447651                    /usr/lib/x86_64-linux-gnu/libgcrypt.so.20.2.5
7f72d8e2d000-7f72d8e32000 rw-p 00118000 08:02 1447651                    /usr/lib/x86_64-linux-gnu/libgcrypt.so.20.2.5
7f72d8e32000-7f72d8e34000 r--p 00000000 08:02 1449762                    /usr/lib/x86_64-linux-gnu/liblz4.so.1.9.2
7f72d8e34000-7f72d8e4e000 r-xp 00002000 08:02 1449762                    /usr/lib/x86_64-linux-gnu/liblz4.so.1.9.2
7f72d8e4e000-7f72d8e51000 r--p 0001c000 08:02 1449762                    /usr/lib/x86_64-linux-gnu/liblz4.so.1.9.2
7f72d8e51000-7f72d8e52000 r--p 0001e000 08:02 1449762                    /usr/lib/x86_64-linux-gnu/liblz4.so.1.9.2
7f72d8e52000-7f72d8e53000 rw-p 0001f000 08:02 1449762                    /usr/lib/x86_64-linux-gnu/liblz4.so.1.9.2
7f72d8e53000-7f72d8e56000 r--p 00000000 08:02 1443497                    /usr/lib/x86_64-linux-gnu/liblzma.so.5.2.4
7f72d8e56000-7f72d8e6e000 r-xp 00003000 08:02 1443497                    /usr/lib/x86_64-linux-gnu/liblzma.so.5.2.4
7f72d8e6e000-7f72d8e79000 r--p 0001b000 08:02 1443497                    /usr/lib/x86_64-linux-gnu/liblzma.so.5.2.4
7f72d8e79000-7f72d8e7a000 ---p 00026000 08:02 1443497                    /usr/lib/x86_64-linux-gnu/liblzma.so.5.2.4
7f72d8e7a000-7f72d8e7b000 r--p 00026000 08:02 1443497                    /usr/lib/x86_64-linux-gnu/liblzma.so.5.2.4
7f72d8e7b000-7f72d8e7c000 rw-p 00027000 08:02 1443497                    /usr/lib/x86_64-linux-gnu/liblzma.so.5.2.4
7f72d8e7c000-7f72d8e7f000 r--p 00000000 08:02 1449007                    /usr/lib/x86_64-linux-gnu/libapparmor.so.1.6.1
7f72d8e7f000-7f72d8e88000 r-xp 00003000 08:02 1449007                    /usr/lib/x86_64-linux-gnu/libapparmor.so.1.6.1
7f72d8e88000-7f72d8e8f000 r--p 0000c000 08:02 1449007                    /usr/lib/x86_64-linux-gnu/libapparmor.so.1.6.1
7f72d8e8f000-7f72d8e90000 r--p 00012000 08:02 1449007                    /usr/lib/x86_64-linux-gnu/libapparmor.so.1.6.1
7f72d8e90000-7f72d8e91000 rw-p 00013000 08:02 1449007                    /usr/lib/x86_64-linux-gnu/libapparmor.so.1.6.1
7f72d8e91000-7f72d8e96000 r-xp 00000000 08:02 1449028                    /usr/lib/x86_64-linux-gnu/libasyncns.so.0.3.1
7f72d8e96000-7f72d9095000 ---p 00005000 08:02 1449028                    /usr/lib/x86_64-linux-gnu/libasyncns.so.0.3.1
7f72d9095000-7f72d9096000 r--p 00004000 08:02 1449028                    /usr/lib/x86_64-linux-gnu/libasyncns.so.0.3.1
7f72d9096000-7f72d9097000 rw-p 00005000 08:02 1449028                    /usr/lib/x86_64-linux-gnu/libasyncns.so.0.3.1
7f72d9097000-7f72d909e000 r--p 00000000 08:02 1450170                    /usr/lib/x86_64-linux-gnu/libsndfile.so.1.0.28
7f72d909e000-7f72d90f1000 r-xp 00007000 08:02 1450170                    /usr/lib/x86_64-linux-gnu/libsndfile.so.1.0.28
7f72d90f1000-7f72d910e000 r--p 0005a000 08:02 1450170                    /usr/lib/x86_64-linux-gnu/libsndfile.so.1.0.28
7f72d910e000-7f72d910f000 ---p 00077000 08:02 1450170                    /usr/lib/x86_64-linux-gnu/libsndfile.so.1.0.28
7f72d910f000-7f72d9112000 r--p 00077000 08:02 1450170                    /usr/lib/x86_64-linux-gnu/libsndfile.so.1.0.28
7f72d9112000-7f72d9113000 rw-p 0007a000 08:02 1450170                    /usr/lib/x86_64-linux-gnu/libsndfile.so.1.0.28
7f72d9113000-7f72d9115000 rw-p 00000000 00:00 0 
7f72d9115000-7f72d9125000 r--p 00000000 08:02 1446018                    /usr/lib/x86_64-linux-gnu/libsystemd.so.0.28.0
7f72d9125000-7f72d919a000 r-xp 00010000 08:02 1446018                    /usr/lib/x86_64-linux-gnu/libsystemd.so.0.28.0
7f72d919a000-7f72d91bf000 r--p 00085000 08:02 1446018                    /usr/lib/x86_64-linux-gnu/libsystemd.so.0.28.0
7f72d91bf000-7f72d91c2000 r--p 000a9000 08:02 1446018                    /usr/lib/x86_64-linux-gnu/libsystemd.so.0.28.0
7f72d91c2000-7f72d91c3000 rw-p 000ac000 08:02 1446018                    /usr/lib/x86_64-linux-gnu/libsystemd.so.0.28.0
7f72d91c3000-7f72d91c4000 rw-p 00000000 00:00 0 
7f72d91c4000-7f72d91cf000 r--p 00000000 08:02 1450442                    /usr/lib/x86_64-linux-gnu/libxcb.so.1.1.0
7f72d91cf000-7f72d91e3000 r-xp 0000b000 08:02 1450442                    /usr/lib/x86_64-linux-gnu/libxcb.so.1.1.0
7f72d91e3000-7f72d91ec000 r--p 0001f000 08:02 1450442                    /usr/lib/x86_64-linux-gnu/libxcb.so.1.1.0
7f72d91ec000-7f72d91ed000 r--p 00027000 08:02 1450442                    /usr/lib/x86_64-linux-gnu/libxcb.so.1.1.0
7f72d91ed000-7f72d91ee000 rw-p 00028000 08:02 1450442                    /usr/lib/x86_64-linux-gnu/libxcb.so.1.1.0
7f72d91ee000-7f72d91f9000 r--p 00000000 08:02 1442000                    /usr/lib/x86_64-linux-gnu/libdbus-1.so.3.19.11
7f72d91f9000-7f72d9227000 r-xp 0000b000 08:02 1442000                    /usr/lib/x86_64-linux-gnu/libdbus-1.so.3.19.11
7f72d9227000-7f72d923c000 r--p 00039000 08:02 1442000                    /usr/lib/x86_64-linux-gnu/libdbus-1.so.3.19.11
7f72d923c000-7f72d923d000 ---p 0004e000 08:02 1442000                    /usr/lib/x86_64-linux-gnu/libdbus-1.so.3.19.11
7f72d923d000-7f72d923e000 r--p 0004e000 08:02 1442000                    /usr/lib/x86_64-linux-gnu/libdbus-1.so.3.19.11
7f72d923e000-7f72d923f000 rw-p 0004f000 08:02 1442000                    /usr/lib/x86_64-linux-gnu/libdbus-1.so.3.19.11
7f72d923f000-7f72d9250000 r--p 00000000 08:02 2097637                    /usr/lib/x86_64-linux-gnu/pulseaudio/libpulsecommon-13.99.so
7f72d9250000-7f72d9298000 r-xp 00011000 08:02 2097637                    /usr/lib/x86_64-linux-gnu/pulseaudio/libpulsecommon-13.99.so
7f72d9298000-7f72d92bd000 r--p 00059000 08:02 2097637                    /usr/lib/x86_64-linux-gnu/pulseaudio/libpulsecommon-13.99.so
7f72d92bd000-7f72d92be000 ---p 0007e000 08:02 2097637                    /usr/lib/x86_64-linux-gnu/pulseaudio/libpulsecommon-13.99.so
7f72d92be000-7f72d92c0000 r--p 0007e000 08:02 2097637                    /usr/lib/x86_64-linux-gnu/pulseaudio/libpulsecommon-13.99.so
7f72d92c0000-7f72d92c1000 rw-p 00080000 08:02 2097637                    /usr/lib/x86_64-linux-gnu/pulseaudio/libpulsecommon-13.99.so
7f72d92c1000-7f72d92cd000 r--p 00000000 08:02 1442666                    /usr/lib/x86_64-linux-gnu/libpulse.so.0.21.2
7f72d92cd000-7f72d92fd000 r-xp 0000c000 08:02 1442666                    /usr/lib/x86_64-linux-gnu/libpulse.so.0.21.2
7f72d92fd000-7f72d9313000 r--p 0003c000 08:02 1442666                    /usr/lib/x86_64-linux-gnu/libpulse.so.0.21.2
7f72d9313000-7f72d9315000 r--p 00051000 08:02 1442666                    /usr/lib/x86_64-linux-gnu/libpulse.so.0.21.2
7f72d9315000-7f72d9316000 rw-p 00053000 08:02 1442666                    /usr/lib/x86_64-linux-gnu/libpulse.so.0.21.2
7f72d9319000-7f72d931a000 r--p 00000000 08:02 2097976                    /usr/lib/x86_64-linux-gnu/alsa-lib/libasound_module_rate_speexrate.so
7f72d931a000-7f72d931d000 r-xp 00001000 08:02 2097976                    /usr/lib/x86_64-linux-gnu/alsa-lib/libasound_module_rate_speexrate.so
7f72d931d000-7f72d931e000 r--p 00004000 08:02 2097976                    /usr/lib/x86_64-linux-gnu/alsa-lib/libasound_module_rate_speexrate.so
7f72d931e000-7f72d931f000 r--p 00004000 08:02 2097976                    /usr/lib/x86_64-linux-gnu/alsa-lib/libasound_module_rate_speexrate.so
7f72d931f000-7f72d9320000 rw-p 00005000 08:02 2097976                    /usr/lib/x86_64-linux-gnu/alsa-lib/libasound_module_rate_speexrate.so
7f72d9320000-7f72d9321000 r--p 00000000 08:02 2097971                    /usr/lib/x86_64-linux-gnu/alsa-lib/libasound_module_rate_samplerate.so
7f72d9321000-7f72d9322000 r-xp 00001000 08:02 2097971                    /usr/lib/x86_64-linux-gnu/alsa-lib/libasound_module_rate_samplerate.so
7f72d9322000-7f72d9323000 r--p 00002000 08:02 2097971                    /usr/lib/x86_64-linux-gnu/alsa-lib/libasound_module_rate_samplerate.so
7f72d9323000-7f72d9324000 r--p 00002000 08:02 2097971                    /usr/lib/x86_64-linux-gnu/alsa-lib/libasound_module_rate_samplerate.so
7f72d9324000-7f72d9325000 rw-p 00003000 08:02 2097971                    /usr/lib/x86_64-linux-gnu/alsa-lib/libasound_module_rate_samplerate.so
7f72d9325000-7f72d9327000 r--p 00000000 08:02 2097967                    /usr/lib/x86_64-linux-gnu/alsa-lib/libasound_module_pcm_pulse.so
7f72d9327000-7f72d932a000 r-xp 00002000 08:02 2097967                    /usr/lib/x86_64-linux-gnu/alsa-lib/libasound_module_pcm_pulse.so
7f72d932a000-7f72d932b000 r--p 00005000 08:02 2097967                    /usr/lib/x86_64-linux-gnu/alsa-lib/libasound_module_pcm_pulse.so
7f72d932b000-7f72d932c000 ---p 00006000 08:02 2097967                    /usr/lib/x86_64-linux-gnu/alsa-lib/libasound_module_pcm_pulse.so
7f72d932c000-7f72d932d000 r--p 00006000 08:02 2097967                    /usr/lib/x86_64-linux-gnu/alsa-lib/libasound_module_pcm_pulse.so
7f72d932d000-7f72d932e000 rw-p 00007000 08:02 2097967                    /usr/lib/x86_64-linux-gnu/alsa-lib/libasound_module_pcm_pulse.so
7f72d932e000-7f72d9335000 r--s 00000000 08:02 2102563                    /usr/lib/x86_64-linux-gnu/gconv/gconv-modules.cache
7f72d9335000-7f72d9372000 rw-p 00000000 00:00 0 
7f72d9372000-7f72d9374000 r--p 00000000 08:02 2234013                    /usr/local/lib/libilbccodec.so.2
7f72d9374000-7f72d937e000 r-xp 00002000 08:02 2234013                    /usr/local/lib/libilbccodec.so.2
7f72d937e000-7f72d9380000 r--p 0000c000 08:02 2234013                    /usr/local/lib/libilbccodec.so.2
7f72d9380000-7f72d9381000 r--p 0000d000 08:02 2234013                    /usr/local/lib/libilbccodec.so.2
7f72d9381000-7f72d9383000 rw-p 0000e000 08:02 2234013                    /usr/local/lib/libilbccodec.so.2
7f72d9383000-7f72d9384000 r--p 00000000 08:02 2234009                    /usr/local/lib/libgsmcodec.so.2
7f72d9384000-7f72d938c000 r-xp 00001000 08:02 2234009                    /usr/local/lib/libgsmcodec.so.2
7f72d938c000-7f72d938d000 r--p 00009000 08:02 2234009                    /usr/local/lib/libgsmcodec.so.2
7f72d938d000-7f72d938e000 r--p 00009000 08:02 2234009                    /usr/local/lib/libgsmcodec.so.2
7f72d938e000-7f72d938f000 rw-p 0000a000 08:02 2234009                    /usr/local/lib/libgsmcodec.so.2
7f72d938f000-7f72d93b9000 r--p 00000000 08:02 1442673                    /usr/lib/x86_64-linux-gnu/libasound.so.2.0.0
7f72d93b9000-7f72d9448000 r-xp 0002a000 08:02 1442673                    /usr/lib/x86_64-linux-gnu/libasound.so.2.0.0
7f72d9448000-7f72d9482000 r--p 000b9000 08:02 1442673                    /usr/lib/x86_64-linux-gnu/libasound.so.2.0.0
7f72d9482000-7f72d9489000 r--p 000f2000 08:02 1442673                    /usr/lib/x86_64-linux-gnu/libasound.so.2.0.0
7f72d9489000-7f72d948a000 rw-p 000f9000 08:02 1442673                    /usr/lib/x86_64-linux-gnu/libasound.so.2.0.0
7f72d948a000-7f72d94a6000 r--p 00000000 08:02 1444741                    /usr/lib/x86_64-linux-gnu/libssl.so.1.1
7f72d94a6000-7f72d94f5000 r-xp 0001c000 08:02 1444741                    /usr/lib/x86_64-linux-gnu/libssl.so.1.1
7f72d94f5000-7f72d950f000 r--p 0006b000 08:02 1444741                    /usr/lib/x86_64-linux-gnu/libssl.so.1.1
7f72d950f000-7f72d9510000 ---p 00085000 08:02 1444741                    /usr/lib/x86_64-linux-gnu/libssl.so.1.1
7f72d9510000-7f72d9519000 r--p 00085000 08:02 1444741                    /usr/lib/x86_64-linux-gnu/libssl.so.1.1
7f72d9519000-7f72d951d000 rw-p 0008e000 08:02 1444741                    /usr/lib/x86_64-linux-gnu/libssl.so.1.1
7f72d951d000-7f72d9523000 r--p 00000000 08:02 2234019                    /usr/local/lib/libwebrtc.so.2
7f72d9523000-7f72d953c000 r-xp 00006000 08:02 2234019                    /usr/local/lib/libwebrtc.so.2
7f72d953c000-7f72d9544000 r--p 0001f000 08:02 2234019                    /usr/local/lib/libwebrtc.so.2
7f72d9544000-7f72d9545000 r--p 00026000 08:02 2234019                    /usr/local/lib/libwebrtc.so.2
7f72d9545000-7f72d9546000 rw-p 00027000 08:02 2234019                    /usr/local/lib/libwebrtc.so.2
7f72d9546000-7f72d954c000 r--p 00000000 08:02 2234011                    /usr/local/lib/libspeex.so.2
7f72d954c000-7f72d956a000 r-xp 00006000 08:02 2234011                    /usr/local/lib/libspeex.so.2
7f72d956a000-7f72d9572000 r--p 00024000 08:02 2234011                    /usr/local/lib/libspeex.so.2
7f72d9572000-7f72d9573000 ---p 0002c000 08:02 2234011                    /usr/local/lib/libspeex.so.2
7f72d9573000-7f72d9574000 r--p 0002c000 08:02 2234011                    /usr/local/lib/libspeex.so.2
7f72d9574000-7f72d9575000 rw-p 0002d000 08:02 2234011                    /usr/local/lib/libspeex.so.2
7f72d9575000-7f72d9576000 r--p 00000000 08:02 2234007                    /usr/local/lib/libresample.so.2
7f72d9576000-7f72d9577000 r-xp 00001000 08:02 2234007                    /usr/local/lib/libresample.so.2
7f72d9577000-7f72d9582000 r--p 00002000 08:02 2234007                    /usr/local/lib/libresample.so.2
7f72d9582000-7f72d9583000 r--p 0000c000 08:02 2234007                    /usr/local/lib/libresample.so.2
7f72d9583000-7f72d9584000 rw-p 0000d000 08:02 2234007                    /usr/local/lib/libresample.so.2
7f72d9584000-7f72d9589000 r--p 00000000 08:02 2234005                    /usr/local/lib/libsrtp.so.2
7f72d9589000-7f72d9594000 r-xp 00005000 08:02 2234005                    /usr/local/lib/libsrtp.so.2
7f72d9594000-7f72d9598000 r--p 00010000 08:02 2234005                    /usr/local/lib/libsrtp.so.2
7f72d9598000-7f72d9599000 r--p 00013000 08:02 2234005                    /usr/local/lib/libsrtp.so.2
7f72d9599000-7f72d959a000 rw-p 00014000 08:02 2234005                    /usr/local/lib/libsrtp.so.2
7f72d959a000-7f72d9612000 r--p 00000000 08:02 1442965                    /usr/lib/x86_64-linux-gnu/libcrypto.so.1.1
7f72d9612000-7f72d97ad000 r-xp 00078000 08:02 1442965                    /usr/lib/x86_64-linux-gnu/libcrypto.so.1.1
7f72d97ad000-7f72d983e000 r--p 00213000 08:02 1442965                    /usr/lib/x86_64-linux-gnu/libcrypto.so.1.1
7f72d983e000-7f72d986a000 r--p 002a3000 08:02 1442965                    /usr/lib/x86_64-linux-gnu/libcrypto.so.1.1
7f72d986a000-7f72d986c000 rw-p 002cf000 08:02 1442965                    /usr/lib/x86_64-linux-gnu/libcrypto.so.1.1
7f72d986c000-7f72d9870000 rw-p 00000000 00:00 0 
7f72d9870000-7f72d9878000 r--p 00000000 08:02 2234039                    /usr/local/lib/libpjnath.so.2
7f72d9878000-7f72d9896000 r-xp 00008000 08:02 2234039                    /usr/local/lib/libpjnath.so.2
7f72d9896000-7f72d98a2000 r--p 00026000 08:02 2234039                    /usr/local/lib/libpjnath.so.2
7f72d98a2000-7f72d98a3000 r--p 00031000 08:02 2234039                    /usr/local/lib/libpjnath.so.2
7f72d98a3000-7f72d98a5000 rw-p 00032000 08:02 2234039                    /usr/local/lib/libpjnath.so.2
7f72d98a5000-7f72d98b1000 r--p 00000000 08:02 2234043                    /usr/local/lib/libpj.so.2
7f72d98b1000-7f72d98cf000 r-xp 0000c000 08:02 2234043                    /usr/local/lib/libpj.so.2
7f72d98cf000-7f72d98da000 r--p 0002a000 08:02 2234043                    /usr/local/lib/libpj.so.2
7f72d98da000-7f72d98db000 ---p 00035000 08:02 2234043                    /usr/local/lib/libpj.so.2
7f72d98db000-7f72d98dc000 r--p 00035000 08:02 2234043                    /usr/local/lib/libpj.so.2
7f72d98dc000-7f72d98dd000 rw-p 00036000 08:02 2234043                    /usr/local/lib/libpj.so.2
7f72d98dd000-7f72d98df000 rw-p 00000000 00:00 0 
7f72d98df000-7f72d98ed000 r--p 00000000 08:02 2234035                    /usr/local/lib/libpjmedia.so.2
7f72d98ed000-7f72d9925000 r-xp 0000e000 08:02 2234035                    /usr/local/lib/libpjmedia.so.2
7f72d9925000-7f72d9942000 r--p 00046000 08:02 2234035                    /usr/local/lib/libpjmedia.so.2
7f72d9942000-7f72d9943000 ---p 00063000 08:02 2234035                    /usr/local/lib/libpjmedia.so.2
7f72d9943000-7f72d9944000 r--p 00063000 08:02 2234035                    /usr/local/lib/libpjmedia.so.2
7f72d9944000-7f72d9946000 rw-p 00064000 08:02 2234035                    /usr/local/lib/libpjmedia.so.2
7f72d9946000-7f72d9947000 rw-p 00000000 00:00 0 
7f72d9947000-7f72d9955000 r--p 00000000 08:02 2234023                    /usr/local/lib/libpjsua.so.2
7f72d9955000-7f72d998a000 r-xp 0000e000 08:02 2234023                    /usr/local/lib/libpjsua.so.2
7f72d998a000-7f72d9997000 r--p 00043000 08:02 2234023                    /usr/local/lib/libpjsua.so.2
7f72d9997000-7f72d9998000 r--p 0004f000 08:02 2234023                    /usr/local/lib/libpjsua.so.2
7f72d9998000-7f72d999a000 rw-p 00050000 08:02 2234023                    /usr/local/lib/libpjsua.so.2
7f72d999a000-7f72d9a7c000 rw-p 00000000 00:00 0 
7f72d9a7c000-7f72d9acb000 r--p 00000000 08:02 1444779                    /usr/lib/libpjsua2.so
7f72d9acb000-7f72d9b57000 r-xp 0004f000 08:02 1444779                    /usr/lib/libpjsua2.so
7f72d9b57000-7f72d9b8d000 r--p 000db000 08:02 1444779                    /usr/lib/libpjsua2.so
7f72d9b8d000-7f72d9b8e000 ---p 00111000 08:02 1444779                    /usr/lib/libpjsua2.so
7f72d9b8e000-7f72d9b8f000 r--p 00111000 08:02 1444779                    /usr/lib/libpjsua2.so
7f72d9b8f000-7f72d9b91000 rw-p 00112000 08:02 1444779                    /usr/lib/libpjsua2.so
7f72d9b91000-7f72d9cfa000 r-xp 00000000 08:02 1444772                    /usr/lib/libopenh264.so
7f72d9cfa000-7f72d9efa000 ---p 00169000 08:02 1444772                    /usr/lib/libopenh264.so
7f72d9efa000-7f72d9efd000 r--p 00169000 08:02 1444772                    /usr/lib/libopenh264.so
7f72d9efd000-7f72d9eff000 rw-p 0016c000 08:02 1444772                    /usr/lib/libopenh264.so
7f72d9eff000-7f72d9f03000 ---p 00000000 00:00 0 
7f72d9f03000-7f72dc000000 rw-p 00000000 00:00 0 
7f72dc000000-7f72dc021000 rw-p 00000000 00:00 0 
7f72dc021000-7f72e0000000 ---p 00000000 00:00 0 
7f72e0002000-7f72e0005000 r--p 00000000 08:02 2234031                    /usr/local/lib/libpjmedia-codec.so.2
7f72e0005000-7f72e000d000 r-xp 00003000 08:02 2234031                    /usr/local/lib/libpjmedia-codec.so.2
7f72e000d000-7f72e0010000 r--p 0000b000 08:02 2234031                    /usr/local/lib/libpjmedia-codec.so.2
7f72e0010000-7f72e0011000 r--p 0000d000 08:02 2234031                    /usr/local/lib/libpjmedia-codec.so.2
7f72e0011000-7f72e0012000 rw-p 0000e000 08:02 2234031                    /usr/local/lib/libpjmedia-codec.so.2
7f72e0012000-7f72e0018000 r--p 00000000 08:02 2234025                    /usr/local/lib/libpjsip-ua.so.2
7f72e0018000-7f72e002a000 r-xp 00006000 08:02 2234025                    /usr/local/lib/libpjsip-ua.so.2
7f72e002a000-7f72e0030000 r--p 00018000 08:02 2234025                    /usr/local/lib/libpjsip-ua.so.2
7f72e0030000-7f72e0031000 r--p 0001d000 08:02 2234025                    /usr/local/lib/libpjsip-ua.so.2
7f72e0031000-7f72e0032000 rw-p 0001e000 08:02 2234025                    /usr/local/lib/libpjsip-ua.so.2
7f72e0032000-7f72e0039000 r--p 00000000 08:02 2234041                    /usr/local/lib/libpjlib-util.so.2
7f72e0039000-7f72e0053000 r-xp 00007000 08:02 2234041                    /usr/local/lib/libpjlib-util.so.2
7f72e0053000-7f72e005b000 r--p 00021000 08:02 2234041                    /usr/local/lib/libpjlib-util.so.2
7f72e005b000-7f72e005c000 r--p 00028000 08:02 2234041                    /usr/local/lib/libpjlib-util.so.2
7f72e005c000-7f72e005d000 rw-p 00029000 08:02 2234041                    /usr/local/lib/libpjlib-util.so.2
7f72e005d000-7f72e006b000 r--p 00000000 08:02 2234029                    /usr/local/lib/libpjsip.so.2
7f72e006b000-7f72e009b000 r-xp 0000e000 08:02 2234029                    /usr/local/lib/libpjsip.so.2
7f72e009b000-7f72e00ac000 r--p 0003e000 08:02 2234029                    /usr/local/lib/libpjsip.so.2
7f72e00ac000-7f72e00ae000 r--p 0004e000 08:02 2234029                    /usr/local/lib/libpjsip.so.2
7f72e00ae000-7f72e00b0000 rw-p 00050000 08:02 2234029                    /usr/local/lib/libpjsip.so.2
7f72e00b0000-7f72e00b5000 rw-p 00000000 00:00 0 
7f72e00b5000-7f72e00bb000 r--p 00000000 08:02 2234027                    /usr/local/lib/libpjsip-simple.so.2
7f72e00bb000-7f72e00c6000 r-xp 00006000 08:02 2234027                    /usr/local/lib/libpjsip-simple.so.2
7f72e00c6000-7f72e00ca000 r--p 00011000 08:02 2234027                    /usr/local/lib/libpjsip-simple.so.2
7f72e00ca000-7f72e00cb000 ---p 00015000 08:02 2234027                    /usr/local/lib/libpjsip-simple.so.2
7f72e00cb000-7f72e00cc000 r--p 00015000 08:02 2234027                    /usr/local/lib/libpjsip-simple.so.2
7f72e00cc000-7f72e00cd000 rw-p 00016000 08:02 2234027                    /usr/local/lib/libpjsip-simple.so.2
7f72e00cd000-7f72e00ce000 ---p 00000000 00:00 0 
7f72e00ce000-7f72e01cf000 rw-p 00000000 00:00 0 
7f72e01cf000-7f72e01d3000 ---p 00000000 00:00 0 
7f72e01d3000-7f72e04c0000 rw-p 00000000 00:00 0 
7f72e04c0000-7f72e2160000 ---p 00000000 00:00 0 
7f72e2160000-7f72e2358000 rw-p 00000000 00:00 0 
7f72e2358000-7f72e3ff8000 ---p 00000000 00:00 0 
7f72e3ff8000-7f72e4000000 rw-p 00000000 00:00 0 
7f72e4000000-7f72e4021000 rw-p 00000000 00:00 0 
7f72e4021000-7f72e8000000 ---p 00000000 00:00 0 
7f72e8004000-7f72e8020000 r--p 00000000 08:02 2234021                    /usr/local/lib/libpjsua2.so.2
7f72e8020000-7f72e8074000 r-xp 0001c000 08:02 2234021                    /usr/local/lib/libpjsua2.so.2
7f72e8074000-7f72e8089000 r--p 00070000 08:02 2234021                    /usr/local/lib/libpjsua2.so.2
7f72e8089000-7f72e808b000 r--p 00084000 08:02 2234021                    /usr/local/lib/libpjsua2.so.2
7f72e808b000-7f72e808d000 rw-p 00086000 08:02 2234021                    /usr/local/lib/libpjsua2.so.2
7f72e808d000-7f72e808f000 r--p 00000000 08:02 1448951                    /usr/lib/x86_64-linux-gnu/libXdmcp.so.6.0.0
7f72e808f000-7f72e8091000 r-xp 00002000 08:02 1448951                    /usr/lib/x86_64-linux-gnu/libXdmcp.so.6.0.0
7f72e8091000-7f72e8093000 r--p 00004000 08:02 1448951                    /usr/lib/x86_64-linux-gnu/libXdmcp.so.6.0.0
7f72e8093000-7f72e8094000 r--p 00005000 08:02 1448951                    /usr/lib/x86_64-linux-gnu/libXdmcp.so.6.0.0
7f72e8094000-7f72e8095000 rw-p 00006000 08:02 1448951                    /usr/lib/x86_64-linux-gnu/libXdmcp.so.6.0.0
7f72e8095000-7f72e8096000 r--p 00000000 08:02 1448940                    /usr/lib/x86_64-linux-gnu/libXau.so.6.0.0
7f72e8096000-7f72e8098000 r-xp 00001000 08:02 1448940                    /usr/lib/x86_64-linux-gnu/libXau.so.6.0.0
7f72e8098000-7f72e8099000 r--p 00003000 08:02 1448940                    /usr/lib/x86_64-linux-gnu/libXau.so.6.0.0
7f72e8099000-7f72e809a000 r--p 00003000 08:02 1448940                    /usr/lib/x86_64-linux-gnu/libXau.so.6.0.0
7f72e809a000-7f72e809b000 rw-p 00004000 08:02 1448940                    /usr/lib/x86_64-linux-gnu/libXau.so.6.0.0
7f72e809b000-7f72e809e000 r--p 00000000 08:02 1450402                    /usr/lib/x86_64-linux-gnu/libwrap.so.0.7.6
7f72e809e000-7f72e80a3000 r-xp 00003000 08:02 1450402                    /usr/lib/x86_64-linux-gnu/libwrap.so.0.7.6
7f72e80a3000-7f72e80a5000 r--p 00008000 08:02 1450402                    /usr/lib/x86_64-linux-gnu/libwrap.so.0.7.6
7f72e80a5000-7f72e80a6000 r--p 00009000 08:02 1450402                    /usr/lib/x86_64-linux-gnu/libwrap.so.0.7.6
7f72e80a6000-7f72e80a7000 rw-p 0000a000 08:02 1450402                    /usr/lib/x86_64-linux-gnu/libwrap.so.0.7.6
7f72e80a7000-7f72e80a8000 r--p 00000000 08:02 2097970                    /usr/lib/x86_64-linux-gnu/alsa-lib/libasound_module_pcm_vdownmix.so
7f72e80a8000-7f72e80a9000 r-xp 00001000 08:02 2097970                    /usr/lib/x86_64-linux-gnu/alsa-lib/libasound_module_pcm_vdownmix.so
7f72e80a9000-7f72e80aa000 r--p 00002000 08:02 2097970                    /usr/lib/x86_64-linux-gnu/alsa-lib/libasound_module_pcm_vdownmix.so
7f72e80aa000-7f72e80ab000 r--p 00002000 08:02 2097970                    /usr/lib/x86_64-linux-gnu/alsa-lib/libasound_module_pcm_vdownmix.so
7f72e80ab000-7f72e80ac000 rw-p 00003000 08:02 2097970                    /usr/lib/x86_64-linux-gnu/alsa-lib/libasound_module_pcm_vdownmix.so
7f72e80ac000-7f72e80b0000 ---p 00000000 00:00 0 
7f72e80b0000-7f72e81ad000 rw-p 00000000 00:00 0 
7f72e81ad000-7f72e81b1000 ---p 00000000 00:00 0 
7f72e81b1000-7f72e82ae000 rw-p 00000000 00:00 0 
7f72e82ae000-7f72e881e000 r--p 00000000 08:02 1444832                    /usr/lib/locale/locale-archive
7f72e881e000-7f72e8a8e000 rwxp 00000000 00:00 0 
7f72e8a8e000-7f72e8dae000 ---p 00000000 00:00 0 
7f72e8dae000-7f72e901e000 rwxp 00000000 00:00 0 
7f72e901e000-7f72f02e6000 ---p 00000000 00:00 0 
7f72f02e6000-7f72f0556000 rwxp 00000000 00:00 0 
7f72f0556000-7f72f781e000 ---p 00000000 00:00 0 
7f72f781e000-7f7300000000 r--s 00000000 08:02 1447911                    /usr/lib/jvm/java-11-openjdk-amd64/lib/modules
7f7300000000-7f73002fa000 rw-p 00000000 00:00 0 
7f73002fa000-7f7304000000 ---p 00000000 00:00 0 
7f7304000000-7f7304002000 r--p 00000000 08:02 1442187                    /usr/lib/x86_64-linux-gnu/libuuid.so.1.3.0
7f7304002000-7f7304006000 r-xp 00002000 08:02 1442187                    /usr/lib/x86_64-linux-gnu/libuuid.so.1.3.0
7f7304006000-7f7304007000 r--p 00006000 08:02 1442187                    /usr/lib/x86_64-linux-gnu/libuuid.so.1.3.0
7f7304007000-7f7304008000 r--p 00006000 08:02 1442187                    /usr/lib/x86_64-linux-gnu/libuuid.so.1.3.0
7f7304008000-7f7304009000 rw-p 00007000 08:02 1442187                    /usr/lib/x86_64-linux-gnu/libuuid.so.1.3.0
7f7304009000-7f730400b000 r--p 00000000 08:02 2234037                    /usr/local/lib/libpjmedia-audiodev.so.2
7f730400b000-7f730400f000 r-xp 00002000 08:02 2234037                    /usr/local/lib/libpjmedia-audiodev.so.2
7f730400f000-7f7304010000 r--p 00006000 08:02 2234037                    /usr/local/lib/libpjmedia-audiodev.so.2
7f7304010000-7f7304011000 ---p 00007000 08:02 2234037                    /usr/local/lib/libpjmedia-audiodev.so.2
7f7304011000-7f7304012000 r--p 00007000 08:02 2234037                    /usr/local/lib/libpjmedia-audiodev.so.2
7f7304012000-7f7304013000 rw-p 00008000 08:02 2234037                    /usr/local/lib/libpjmedia-audiodev.so.2
7f7304013000-7f7304044000 rw-p 00000000 00:00 0 
7f7304044000-7f7304048000 r--p 00000000 08:02 1447901                    /usr/lib/jvm/java-11-openjdk-amd64/lib/libnet.so
7f7304048000-7f7304056000 r-xp 00004000 08:02 1447901                    /usr/lib/jvm/java-11-openjdk-amd64/lib/libnet.so
7f7304056000-7f730405a000 r--p 00012000 08:02 1447901                    /usr/lib/jvm/java-11-openjdk-amd64/lib/libnet.so
7f730405a000-7f730405b000 r--p 00015000 08:02 1447901                    /usr/lib/jvm/java-11-openjdk-amd64/lib/libnet.so
7f730405b000-7f730405c000 rw-p 00016000 08:02 1447901                    /usr/lib/jvm/java-11-openjdk-amd64/lib/libnet.so
7f730405c000-7f7304063000 r--p 00000000 08:02 1447902                    /usr/lib/jvm/java-11-openjdk-amd64/lib/libnio.so
7f7304063000-7f730406b000 r-xp 00007000 08:02 1447902                    /usr/lib/jvm/java-11-openjdk-amd64/lib/libnio.so
7f730406b000-7f730406e000 r--p 0000f000 08:02 1447902                    /usr/lib/jvm/java-11-openjdk-amd64/lib/libnio.so
7f730406e000-7f730406f000 r--p 00011000 08:02 1447902                    /usr/lib/jvm/java-11-openjdk-amd64/lib/libnio.so
7f730406f000-7f7304070000 rw-p 00012000 08:02 1447902                    /usr/lib/jvm/java-11-openjdk-amd64/lib/libnio.so
7f7304070000-7f7304074000 ---p 00000000 00:00 0 
7f7304074000-7f7304171000 rw-p 00000000 00:00 0 
7f7304171000-7f7304175000 ---p 00000000 00:00 0 
7f7304175000-7f7304272000 rw-p 00000000 00:00 0 
7f7304272000-7f7304276000 ---p 00000000 00:00 0 
7f7304276000-7f7304373000 rw-p 00000000 00:00 0 
7f7304373000-7f7304377000 ---p 00000000 00:00 0 
7f7304377000-7f7304474000 rw-p 00000000 00:00 0 
7f7304474000-7f7304475000 ---p 00000000 00:00 0 
7f7304475000-7f7304bba000 rw-p 00000000 00:00 0 
7f7304bba000-7f7304e7a000 ---p 00000000 00:00 0 
7f7304e7a000-7f7304ebc000 rw-p 00000000 00:00 0 
7f7304ebc000-7f7304ebd000 ---p 00000000 00:00 0 
7f7304ebd000-7f7304fbe000 rw-p 00000000 00:00 0 
7f7304fbe000-7f7304fbf000 ---p 00000000 00:00 0 
7f7304fbf000-7f73054c4000 rw-p 00000000 00:00 0 
7f73054c4000-7f73054c5000 ---p 00000000 00:00 0 
7f73054c5000-7f73055c6000 rw-p 00000000 00:00 0 
7f73055c6000-7f73055c7000 ---p 00000000 00:00 0 
7f73055c7000-7f7305748000 rw-p 00000000 00:00 0 
7f7305748000-7f7305adc000 ---p 00000000 00:00 0 
7f7305adc000-7f7305b1b000 rw-p 00000000 00:00 0 
7f7305b1b000-7f7305eaf000 ---p 00000000 00:00 0 
7f7305eaf000-7f7305eee000 rw-p 00000000 00:00 0 
7f7305eee000-7f7306282000 ---p 00000000 00:00 0 
7f7306282000-7f7306687000 rw-p 00000000 00:00 0 
7f7306687000-7f7306688000 ---p 00000000 00:00 0 
7f7306688000-7f730678e000 rw-p 00000000 00:00 0 
7f730678e000-7f7306874000 ---p 00000000 00:00 0 
7f7306874000-7f7306879000 rw-p 00000000 00:00 0 
7f7306879000-7f730695f000 ---p 00000000 00:00 0 
7f730695f000-7f7306962000 r--p 00000000 08:02 1445800                    /usr/lib/x86_64-linux-gnu/libnss_files-2.31.so
7f7306962000-7f7306969000 r-xp 00003000 08:02 1445800                    /usr/lib/x86_64-linux-gnu/libnss_files-2.31.so
7f7306969000-7f730696b000 r--p 0000a000 08:02 1445800                    /usr/lib/x86_64-linux-gnu/libnss_files-2.31.so
7f730696b000-7f730696c000 r--p 0000b000 08:02 1445800                    /usr/lib/x86_64-linux-gnu/libnss_files-2.31.so
7f730696c000-7f730696d000 rw-p 0000c000 08:02 1445800                    /usr/lib/x86_64-linux-gnu/libnss_files-2.31.so
7f730696d000-7f7306978000 rw-p 00000000 00:00 0 
7f7306978000-7f730697f000 ---p 00000000 00:00 0 
7f730697f000-7f7306981000 r--p 00000000 08:02 1447910                    /usr/lib/jvm/java-11-openjdk-amd64/lib/libzip.so
7f7306981000-7f7306986000 r-xp 00002000 08:02 1447910                    /usr/lib/jvm/java-11-openjdk-amd64/lib/libzip.so
7f7306986000-7f7306988000 r--p 00007000 08:02 1447910                    /usr/lib/jvm/java-11-openjdk-amd64/lib/libzip.so
7f7306988000-7f7306989000 r--p 00008000 08:02 1447910                    /usr/lib/jvm/java-11-openjdk-amd64/lib/libzip.so
7f7306989000-7f730698a000 rw-p 00009000 08:02 1447910                    /usr/lib/jvm/java-11-openjdk-amd64/lib/libzip.so
7f730698a000-7f7306992000 rw-s 00000000 08:02 9446020                    /tmp/hsperfdata_user/42509
7f7306992000-7f73069a0000 r--p 00000000 08:02 1447890                    /usr/lib/jvm/java-11-openjdk-amd64/lib/libjava.so
7f73069a0000-7f73069b6000 r-xp 0000e000 08:02 1447890                    /usr/lib/jvm/java-11-openjdk-amd64/lib/libjava.so
7f73069b6000-7f73069bd000 r--p 00024000 08:02 1447890                    /usr/lib/jvm/java-11-openjdk-amd64/lib/libjava.so
7f73069bd000-7f73069be000 r--p 0002a000 08:02 1447890                    /usr/lib/jvm/java-11-openjdk-amd64/lib/libjava.so
7f73069be000-7f73069bf000 rw-p 0002b000 08:02 1447890                    /usr/lib/jvm/java-11-openjdk-amd64/lib/libjava.so
7f73069bf000-7f73069c0000 rw-p 00000000 00:00 0 
7f73069c0000-7f73069c2000 r--p 00000000 08:02 1445807                    /usr/lib/x86_64-linux-gnu/librt-2.31.so
7f73069c2000-7f73069c6000 r-xp 00002000 08:02 1445807                    /usr/lib/x86_64-linux-gnu/librt-2.31.so
7f73069c6000-7f73069c8000 r--p 00006000 08:02 1445807                    /usr/lib/x86_64-linux-gnu/librt-2.31.so
7f73069c8000-7f73069c9000 r--p 00007000 08:02 1445807                    /usr/lib/x86_64-linux-gnu/librt-2.31.so
7f73069c9000-7f73069ca000 rw-p 00008000 08:02 1445807                    /usr/lib/x86_64-linux-gnu/librt-2.31.so
7f73069ca000-7f73069ce000 ---p 00000000 00:00 0 
7f73069ce000-7f7306acb000 rw-p 00000000 00:00 0 
7f7306acb000-7f7306ace000 r--p 00000000 08:02 1449406                    /usr/lib/x86_64-linux-gnu/libgcc_s.so.1
7f7306ace000-7f7306ae0000 r-xp 00003000 08:02 1449406                    /usr/lib/x86_64-linux-gnu/libgcc_s.so.1
7f7306ae0000-7f7306ae4000 r--p 00015000 08:02 1449406                    /usr/lib/x86_64-linux-gnu/libgcc_s.so.1
7f7306ae4000-7f7306ae5000 r--p 00018000 08:02 1449406                    /usr/lib/x86_64-linux-gnu/libgcc_s.so.1
7f7306ae5000-7f7306ae6000 rw-p 00019000 08:02 1449406                    /usr/lib/x86_64-linux-gnu/libgcc_s.so.1
7f7306ae6000-7f7306af3000 r--p 00000000 08:02 1445794                    /usr/lib/x86_64-linux-gnu/libm-2.31.so
7f7306af3000-7f7306b9a000 r-xp 0000d000 08:02 1445794                    /usr/lib/x86_64-linux-gnu/libm-2.31.so
7f7306b9a000-7f7306c33000 r--p 000b4000 08:02 1445794                    /usr/lib/x86_64-linux-gnu/libm-2.31.so
7f7306c33000-7f7306c34000 r--p 0014c000 08:02 1445794                    /usr/lib/x86_64-linux-gnu/libm-2.31.so
7f7306c34000-7f7306c35000 rw-p 0014d000 08:02 1445794                    /usr/lib/x86_64-linux-gnu/libm-2.31.so
7f7306c35000-7f7306ccb000 r--p 00000000 08:02 1450209                    /usr/lib/x86_64-linux-gnu/libstdc++.so.6.0.28
7f7306ccb000-7f7306dbc000 r-xp 00096000 08:02 1450209                    /usr/lib/x86_64-linux-gnu/libstdc++.so.6.0.28
7f7306dbc000-7f7306e05000 r--p 00187000 08:02 1450209                    /usr/lib/x86_64-linux-gnu/libstdc++.so.6.0.28
7f7306e05000-7f7306e06000 ---p 001d0000 08:02 1450209                    /usr/lib/x86_64-linux-gnu/libstdc++.so.6.0.28
7f7306e06000-7f7306e11000 r--p 001d0000 08:02 1450209                    /usr/lib/x86_64-linux-gnu/libstdc++.so.6.0.28
7f7306e11000-7f7306e14000 rw-p 001db000 08:02 1450209                    /usr/lib/x86_64-linux-gnu/libstdc++.so.6.0.28
7f7306e14000-7f7306e17000 rw-p 00000000 00:00 0 
7f7306e17000-7f7307099000 r--p 00000000 08:02 1447914                    /usr/lib/jvm/java-11-openjdk-amd64/lib/server/libjvm.so
7f7307099000-7f7307d1f000 r-xp 00282000 08:02 1447914                    /usr/lib/jvm/java-11-openjdk-amd64/lib/server/libjvm.so
7f7307d1f000-7f7307f7b000 r--p 00f08000 08:02 1447914                    /usr/lib/jvm/java-11-openjdk-amd64/lib/server/libjvm.so
7f7307f7b000-7f730803f000 r--p 01163000 08:02 1447914                    /usr/lib/jvm/java-11-openjdk-amd64/lib/server/libjvm.so
7f730803f000-7f730807a000 rw-p 01227000 08:02 1447914                    /usr/lib/jvm/java-11-openjdk-amd64/lib/server/libjvm.so
7f730807a000-7f73080d3000 rw-p 00000000 00:00 0 
7f73080d3000-7f73080d9000 r--p 00000000 08:02 1445805                    /usr/lib/x86_64-linux-gnu/libpthread-2.31.so
7f73080d9000-7f73080ea000 r-xp 00006000 08:02 1445805                    /usr/lib/x86_64-linux-gnu/libpthread-2.31.so
7f73080ea000-7f73080f0000 r--p 00017000 08:02 1445805                    /usr/lib/x86_64-linux-gnu/libpthread-2.31.so
7f73080f0000-7f73080f1000 r--p 0001c000 08:02 1445805                    /usr/lib/x86_64-linux-gnu/libpthread-2.31.so
7f73080f1000-7f73080f2000 rw-p 0001d000 08:02 1445805                    /usr/lib/x86_64-linux-gnu/libpthread-2.31.so
7f73080f2000-7f73080f6000 rw-p 00000000 00:00 0 
7f73080f6000-7f73080f7000 r--p 00000000 08:02 1445793                    /usr/lib/x86_64-linux-gnu/libdl-2.31.so
7f73080f7000-7f73080f9000 r-xp 00001000 08:02 1445793                    /usr/lib/x86_64-linux-gnu/libdl-2.31.so
7f73080f9000-7f73080fa000 r--p 00003000 08:02 1445793                    /usr/lib/x86_64-linux-gnu/libdl-2.31.so
7f73080fa000-7f73080fb000 r--p 00003000 08:02 1445793                    /usr/lib/x86_64-linux-gnu/libdl-2.31.so
7f73080fb000-7f73080fc000 rw-p 00004000 08:02 1445793                    /usr/lib/x86_64-linux-gnu/libdl-2.31.so
7f73080fc000-7f73080fe000 r--p 00000000 08:02 1445493                    /usr/lib/x86_64-linux-gnu/libz.so.1.2.11
7f73080fe000-7f730810f000 r-xp 00002000 08:02 1445493                    /usr/lib/x86_64-linux-gnu/libz.so.1.2.11
7f730810f000-7f7308115000 r--p 00013000 08:02 1445493                    /usr/lib/x86_64-linux-gnu/libz.so.1.2.11
7f7308115000-7f7308116000 ---p 00019000 08:02 1445493                    /usr/lib/x86_64-linux-gnu/libz.so.1.2.11
7f7308116000-7f7308117000 r--p 00019000 08:02 1445493                    /usr/lib/x86_64-linux-gnu/libz.so.1.2.11
7f7308117000-7f7308118000 rw-p 0001a000 08:02 1445493                    /usr/lib/x86_64-linux-gnu/libz.so.1.2.11
7f7308118000-7f730813a000 r--p 00000000 08:02 1445792                    /usr/lib/x86_64-linux-gnu/libc-2.31.so
7f730813a000-7f73082b2000 r-xp 00022000 08:02 1445792                    /usr/lib/x86_64-linux-gnu/libc-2.31.so
7f73082b2000-7f7308300000 r--p 0019a000 08:02 1445792                    /usr/lib/x86_64-linux-gnu/libc-2.31.so
7f7308300000-7f7308304000 r--p 001e7000 08:02 1445792                    /usr/lib/x86_64-linux-gnu/libc-2.31.so
7f7308304000-7f7308306000 rw-p 001eb000 08:02 1445792                    /usr/lib/x86_64-linux-gnu/libc-2.31.so
7f7308306000-7f730830a000 rw-p 00000000 00:00 0 
7f730830a000-7f730830c000 r--s 0000c000 08:02 2235382                    /usr/share/java/java-atk-wrapper.jar
7f730830c000-7f730830d000 ---p 00000000 00:00 0 
7f730830d000-7f730830e000 r--p 00000000 00:00 0 
7f730830e000-7f7308310000 r--p 00000000 08:02 1447893                    /usr/lib/jvm/java-11-openjdk-amd64/lib/libjimage.so
7f7308310000-7f7308313000 r-xp 00002000 08:02 1447893                    /usr/lib/jvm/java-11-openjdk-amd64/lib/libjimage.so
7f7308313000-7f7308314000 r--p 00005000 08:02 1447893                    /usr/lib/jvm/java-11-openjdk-amd64/lib/libjimage.so
7f7308314000-7f7308315000 ---p 00006000 08:02 1447893                    /usr/lib/jvm/java-11-openjdk-amd64/lib/libjimage.so
7f7308315000-7f7308316000 r--p 00006000 08:02 1447893                    /usr/lib/jvm/java-11-openjdk-amd64/lib/libjimage.so
7f7308316000-7f7308317000 rw-p 00007000 08:02 1447893                    /usr/lib/jvm/java-11-openjdk-amd64/lib/libjimage.so
7f7308317000-7f730831c000 r--p 00000000 08:02 1447909                    /usr/lib/jvm/java-11-openjdk-amd64/lib/libverify.so
7f730831c000-7f7308323000 r-xp 00005000 08:02 1447909                    /usr/lib/jvm/java-11-openjdk-amd64/lib/libverify.so
7f7308323000-7f7308325000 r--p 0000c000 08:02 1447909                    /usr/lib/jvm/java-11-openjdk-amd64/lib/libverify.so
7f7308325000-7f7308326000 ---p 0000e000 08:02 1447909                    /usr/lib/jvm/java-11-openjdk-amd64/lib/libverify.so
7f7308326000-7f7308328000 r--p 0000e000 08:02 1447909                    /usr/lib/jvm/java-11-openjdk-amd64/lib/libverify.so
7f7308328000-7f7308329000 rw-p 00010000 08:02 1447909                    /usr/lib/jvm/java-11-openjdk-amd64/lib/libverify.so
7f7308329000-7f730832c000 r--p 00000000 08:02 1447875                    /usr/lib/jvm/java-11-openjdk-amd64/lib/jli/libjli.so
7f730832c000-7f7308336000 r-xp 00003000 08:02 1447875                    /usr/lib/jvm/java-11-openjdk-amd64/lib/jli/libjli.so
7f7308336000-7f7308339000 r--p 0000d000 08:02 1447875                    /usr/lib/jvm/java-11-openjdk-amd64/lib/jli/libjli.so
7f7308339000-7f730833a000 ---p 00010000 08:02 1447875                    /usr/lib/jvm/java-11-openjdk-amd64/lib/jli/libjli.so
7f730833a000-7f730833b000 r--p 00010000 08:02 1447875                    /usr/lib/jvm/java-11-openjdk-amd64/lib/jli/libjli.so
7f730833b000-7f730833c000 rw-p 00011000 08:02 1447875                    /usr/lib/jvm/java-11-openjdk-amd64/lib/jli/libjli.so
7f730833c000-7f730833e000 rw-p 00000000 00:00 0 
7f730833e000-7f730833f000 r--p 00000000 08:02 1445788                    /usr/lib/x86_64-linux-gnu/ld-2.31.so
7f730833f000-7f7308362000 r-xp 00001000 08:02 1445788                    /usr/lib/x86_64-linux-gnu/ld-2.31.so
7f7308362000-7f730836a000 r--p 00024000 08:02 1445788                    /usr/lib/x86_64-linux-gnu/ld-2.31.so
7f730836b000-7f730836c000 r--p 0002c000 08:02 1445788                    /usr/lib/x86_64-linux-gnu/ld-2.31.so
7f730836c000-7f730836d000 rw-p 0002d000 08:02 1445788                    /usr/lib/x86_64-linux-gnu/ld-2.31.so
7f730836d000-7f730836e000 rw-p 00000000 00:00 0 
7ffe333ca000-7ffe333eb000 rw-p 00000000 00:00 0                          [stack]
7ffe333f5000-7ffe333f9000 r--p 00000000 00:00 0                          [vvar]
7ffe333f9000-7ffe333fb000 r-xp 00000000 00:00 0                          [vdso]
ffffffffff600000-ffffffffff601000 --xp 00000000 00:00 0                  [vsyscall]


VM Arguments:
java_command: com.zilogic.mypjsip.MyApp
java_class_path (initial): /home/user/NetBeansProjects/mypjsip/target/classes:/home/user/.m2/repository/pjsip/pjsip/1.0/pjsip-1.0.jar
Launcher Type: SUN_STANDARD

[Global flags]
     intx CICompilerCount                          = 3                                         {product} {ergonomic}
     uint ConcGCThreads                            = 1                                         {product} {ergonomic}
     uint G1ConcRefinementThreads                  = 4                                         {product} {ergonomic}
   size_t G1HeapRegionSize                         = 1048576                                   {product} {ergonomic}
    uintx GCDrainStackTargetSize                   = 64                                        {product} {ergonomic}
   size_t InitialHeapSize                          = 130023424                                 {product} {ergonomic}
   size_t MarkStackSize                            = 4194304                                   {product} {ergonomic}
   size_t MaxHeapSize                              = 2053111808                                {product} {ergonomic}
   size_t MaxNewSize                               = 1231028224                                {product} {ergonomic}
   size_t MinHeapDeltaBytes                        = 1048576                                   {product} {ergonomic}
    uintx NonNMethodCodeHeapSize                   = 5830732                                {pd product} {ergonomic}
    uintx NonProfiledCodeHeapSize                  = 122913754                              {pd product} {ergonomic}
    uintx ProfiledCodeHeapSize                     = 122913754                              {pd product} {ergonomic}
    uintx ReservedCodeCacheSize                    = 251658240                              {pd product} {ergonomic}
     bool SegmentedCodeCache                       = true                                      {product} {ergonomic}
     bool UseCompressedClassPointers               = true                                 {lp64_product} {ergonomic}
     bool UseCompressedOops                        = true                                 {lp64_product} {ergonomic}
     bool UseG1GC                                  = true                                      {product} {ergonomic}

Logging:
Log output configuration:
 #0: stdout all=warning uptime,level,tags
 #1: stderr all=off uptime,level,tags

Environment Variables:
JAVA_HOME=/usr/lib/jvm/java-11-openjdk-amd64
PATH=/home/user/.local/bin:/usr/local/sbin:/usr/local/bin:/usr/sbin:/usr/bin:/sbin:/bin:/usr/games:/usr/local/games:/snap/bin
USERNAME=user
SHELL=/bin/bash
DISPLAY=:0
LANG=en_IN

Signal Handlers:
SIGSEGV: [libjvm.so+0xe95100], sa_mask[0]=11111111011111111101111111111110, sa_flags=SA_RESTART|SA_SIGINFO
SIGBUS: [libjvm.so+0xe95100], sa_mask[0]=11111111011111111101111111111110, sa_flags=SA_RESTART|SA_SIGINFO
SIGFPE: [libjvm.so+0xe95100], sa_mask[0]=11111111011111111101111111111110, sa_flags=SA_RESTART|SA_SIGINFO
SIGPIPE: [libjvm.so+0xbdca50], sa_mask[0]=11111111011111111101111111111110, sa_flags=SA_RESTART|SA_SIGINFO
SIGXFSZ: [libjvm.so+0xbdca50], sa_mask[0]=11111111011111111101111111111110, sa_flags=SA_RESTART|SA_SIGINFO
SIGILL: [libjvm.so+0xe95100], sa_mask[0]=11111111011111111101111111111110, sa_flags=SA_RESTART|SA_SIGINFO
SIGUSR2: [libjvm.so+0xbdc8f0], sa_mask[0]=00100000000000000000000000000000, sa_flags=SA_RESTART|SA_SIGINFO
SIGHUP: [libjvm.so+0xbdcd90], sa_mask[0]=11111111011111111101111111111110, sa_flags=SA_RESTART|SA_SIGINFO
SIGINT: SIG_IGN, sa_mask[0]=00000000000000000000000000000000, sa_flags=none
SIGTERM: [libjvm.so+0xbdcd90], sa_mask[0]=11111111011111111101111111111110, sa_flags=SA_RESTART|SA_SIGINFO
SIGQUIT: [libjvm.so+0xbdcd90], sa_mask[0]=11111111011111111101111111111110, sa_flags=SA_RESTART|SA_SIGINFO


---------------  S Y S T E M  ---------------

OS:DISTRIB_ID=Ubuntu
DISTRIB_RELEASE=20.04
DISTRIB_CODENAME=focal
DISTRIB_DESCRIPTION="Ubuntu 20.04.4 LTS"
uname:Linux 5.13.0-52-generic #59~20.04.1-Ubuntu SMP Thu Jun 16 21:21:28 UTC 2022 x86_64
OS uptime: 0 days 5:35 hours
libc:glibc 2.31 NPTL 2.31 
rlimit (soft/hard): STACK 8192k/infinity , CORE 0k/infinity , NPROC 31037/31037 , NOFILE 1048576/1048576 , AS infinity/infinity , CPU infinity/infinity , DATA infinity/infinity , FSIZE infinity/infinity , MEMLOCK 65536k/65536k
load average:0.29 0.58 0.56

/proc/meminfo:
MemTotal:        8017184 kB
MemFree:          189168 kB
MemAvailable:    1998408 kB
Buffers:          210812 kB
Cached:          2223072 kB
SwapCached:        45592 kB
Active:          1763536 kB
Inactive:        5376232 kB
Active(anon):     430152 kB
Inactive(anon):  4806548 kB
Active(file):    1333384 kB
Inactive(file):   569684 kB
Unevictable:      166152 kB
Mlocked:              32 kB
SwapTotal:       3999740 kB
SwapFree:        3347828 kB
Dirty:               412 kB
Writeback:             0 kB
AnonPages:       4836740 kB
Mapped:           694036 kB
Shmem:            534028 kB
KReclaimable:     210408 kB
Slab:             370832 kB
SReclaimable:     210408 kB
SUnreclaim:       160424 kB
KernelStack:       22576 kB
PageTables:        56104 kB
NFS_Unstable:          0 kB
Bounce:                0 kB
WritebackTmp:          0 kB
CommitLimit:     8008332 kB
Committed_AS:   14626032 kB
VmallocTotal:   34359738367 kB
VmallocUsed:       48036 kB
VmallocChunk:          0 kB
Percpu:             4208 kB
HardwareCorrupted:     0 kB
AnonHugePages:         0 kB
ShmemHugePages:        0 kB
ShmemPmdMapped:        0 kB
FileHugePages:         0 kB
FilePmdMapped:         0 kB
HugePages_Total:       0
HugePages_Free:        0
HugePages_Rsvd:        0
HugePages_Surp:        0
Hugepagesize:       2048 kB
Hugetlb:               0 kB
DirectMap4k:      424352 kB
DirectMap2M:     7839744 kB
DirectMap1G:           0 kB

/sys/kernel/mm/transparent_hugepage/enabled:
always [madvise] never
/sys/kernel/mm/transparent_hugepage/defrag (defrag/compaction efforts parameter):
always defer defer+madvise [madvise] never

Process Memory:
Virtual Size: 5815592K (peak: 13435636K)
Resident Set Size: 58712K (peak: 58712K) (anon: 22336K, file: 36376K, shmem: 0K)
Swapped out: 0K
C-Heap outstanding allocations: 3948K

/proc/sys/kernel/threads-max (system-wide limit on the number of threads):
62075
/proc/sys/vm/max_map_count (maximum number of memory map areas a process may have):
65530
/proc/sys/kernel/pid_max (system-wide limit on number of process identifiers):
4194304

container (cgroup) information:
container_type: cgroupv1
cpu_cpuset_cpus: 0-3
cpu_memory_nodes: 0
active_processor_count: 4
cpu_quota: -1
cpu_period: 100000
cpu_shares: -1
memory_limit_in_bytes: -1
memory_and_swap_limit_in_bytes: -1
memory_soft_limit_in_bytes: -1
memory_usage_in_bytes: 6544052224
memory_max_usage_in_bytes: 6579404800

Steal ticks since vm start: 0
Steal ticks percentage since vm start:  0.000

CPU:total 4 (initial active 4) (4 cores per cpu, 1 threads per core) family 6 model 158 stepping 9 microcode 0xf0, cmov, cx8, fxsr, mmx, sse, sse2, sse3, ssse3, sse4.1, sse4.2, popcnt, avx, avx2, aes, clmul, erms, rtm, 3dnowpref, lzcnt, tsc, tscinvbit, bmi1, bmi2, adx, fma
CPU Model and flags from /proc/cpuinfo:
model name	: Intel(R) Core(TM) i5-7500 CPU @ 3.40GHz
flags		: fpu vme de pse tsc msr pae mce cx8 apic sep mtrr pge mca cmov pat pse36 clflush dts acpi mmx fxsr sse sse2 ss ht tm pbe syscall nx pdpe1gb rdtscp lm constant_tsc art arch_perfmon pebs bts rep_good nopl xtopology nonstop_tsc cpuid aperfmperf pni pclmulqdq dtes64 monitor ds_cpl vmx smx est tm2 ssse3 sdbg fma cx16 xtpr pdcm pcid sse4_1 sse4_2 x2apic movbe popcnt tsc_deadline_timer aes xsave avx f16c rdrand lahf_lm abm 3dnowprefetch cpuid_fault epb invpcid_single pti ssbd ibrs ibpb stibp tpr_shadow vnmi flexpriority ept vpid ept_ad fsgsbase tsc_adjust bmi1 hle avx2 smep bmi2 erms invpcid rtm mpx rdseed adx smap clflushopt intel_pt xsaveopt xsavec xgetbv1 xsaves dtherm ida arat pln pts hwp hwp_notify hwp_act_window hwp_epp md_clear flush_l1d arch_capabilities
Online cpus:
0-3
Offline cpus:

BIOS frequency limitation:
<Not Available>
Frequency switch latency (ns):
0
Available cpu frequencies:
<Not Available>
Current governor:
powersave
Core performance/turbo boost:
<Not Available>

Memory: 4k page, physical 8017184k(189168k free), swap 3999740k(3347828k free)

vm_info: OpenJDK 64-Bit Server VM (11.0.15+10-Ubuntu-0ubuntu0.20.04.1) for linux-amd64 JRE (11.0.15+10-Ubuntu-0ubuntu0.20.04.1), built on Apr 23 2022 13:02:10 by "unknown" with gcc 9.4.0

END.
